CLIENT_HANDSHAKE_TRAFFIC_SECRET 8bd91b2b80ee20c10c6bb7a2bbdfce76eab508a66085fb9df2ed1f864a93e325 c446f6e9414e57160c12fb5d94e4e7cbb7391188b5bec574532b2712d22f0a96
SERVER_HANDSHAKE_TRAFFIC_SECRET 8bd91b2b80ee20c10c6bb7a2bbdfce76eab508a66085fb9df2ed1f864a93e325 284e0138398d7ba5daab4603a66612042d03629e02080de911b341bea996fe54
CLIENT_TRAFFIC_SECRET_0 8bd91b2b80ee20c10c6bb7a2bbdfce76eab508a66085fb9df2ed1f864a93e325 e7a46798756058060b70cb02413825491ed7f93256556d582c8d8c9718d589f4
SERVER_TRAFFIC_SECRET_0 8bd91b2b80ee20c10c6bb7a2bbdfce76eab508a66085fb9df2ed1f864a93e325 a7794fe7f3e7a1619b867e498b90fbe4a8b63b89da9cdb3599edbad472614e2b
EXPORTER_SECRET 8bd91b2b80ee20c10c6bb7a2bbdfce76eab508a66085fb9df2ed1f864a93e325 1de0c33da7c3b0b2f5cc7faa00b9855ec5687b3f73051d30581bad500a7d9751
CLIENT_HANDSHAKE_TRAFFIC_SECRET 32fe59689f88f2363e271d38b7c2188835a71637538a60bc53e8697ff6a36ae2 5d55af9638e3a96c1651ea3ec0e0108d2c5d0345329cba723a1751b31242db5f
SERVER_HANDSHAKE_TRAFFIC_SECRET 32fe59689f88f2363e271d38b7c2188835a71637538a60bc53e8697ff6a36ae2 9681e97032d3d631c2a6111f4c6c03245458f03de09eb6430c900f9e4d39af7c
CLIENT_TRAFFIC_SECRET_0 32fe59689f88f2363e271d38b7c2188835a71637538a60bc53e8697ff6a36ae2 f802eb1d1cae5e3dd0b99876ac91c7b914de0ccefed146f82de2b7a537ba4dbd
SERVER_TRAFFIC_SECRET_0 32fe59689f88f2363e271d38b7c2188835a71637538a60bc53e8697ff6a36ae2 1d10298f5679eb52a7cd3644fe1e32565fa2da98e6e3b121990ca10674210cb9
EXPORTER_SECRET 32fe59689f88f2363e271d38b7c2188835a71637538a60bc53e8697ff6a36ae2 d829053bdf2e7a200332517f866779fbdf81ffc1c992845665dd818428ea1643
CLIENT_HANDSHAKE_TRAFFIC_SECRET e3d03d6743e1d963a1170c45b16d98343b4e1f845cc31439d63b0c8bc2b721b9 9fdc1e88996fde55867083a56211653ac1e0183b5317697ed6e5568264f9b234
SERVER_HANDSHAKE_TRAFFIC_SECRET e3d03d6743e1d963a1170c45b16d98343b4e1f845cc31439d63b0c8bc2b721b9 70c30e8231a237b72a0bfff3e63bf4b7f90ec1ad2c497b1753a7bd72d545421a
CLIENT_TRAFFIC_SECRET_0 e3d03d6743e1d963a1170c45b16d98343b4e1f845cc31439d63b0c8bc2b721b9 112223be2920755e69daca31e91baea3dc1aa2c525d7dd5c61e4a5e5ebb81882
SERVER_TRAFFIC_SECRET_0 e3d03d6743e1d963a1170c45b16d98343b4e1f845cc31439d63b0c8bc2b721b9 18bd6a02261f05828e10e3697f0463d11aae970e97e36dbc3eeeb5dd8968f879
EXPORTER_SECRET e3d03d6743e1d963a1170c45b16d98343b4e1f845cc31439d63b0c8bc2b721b9 2af3200ee1e29ea99688b0ce625903cae1ca602743068044ee6391bf6ee27474
CLIENT_HANDSHAKE_TRAFFIC_SECRET ec6e22c1c222b9a1483fac69c344e45712db7e7d00945e25d4b4cd1539808ed9 ef49ed04ca7da0edc50a688dcbe2215e6a01bce23b388b3ddc540f23ae011817
SERVER_HANDSHAKE_TRAFFIC_SECRET ec6e22c1c222b9a1483fac69c344e45712db7e7d00945e25d4b4cd1539808ed9 09b415904dd18f09c5892bd06b12346d6010da613032b1b8dbc41ee0602aac80
CLIENT_HANDSHAKE_TRAFFIC_SECRET 37950816ffd9f7d327bc5c60e42e302607a7bcf7b4a630d86e5c480b59acc19b 5d1a24e15c3aeeb92d19ca34e39177bf78e5b164e0419a64d6e303684ef19d82
SERVER_HANDSHAKE_TRAFFIC_SECRET 37950816ffd9f7d327bc5c60e42e302607a7bcf7b4a630d86e5c480b59acc19b 5f3966625fd6a62c919ad36f590ee0962258a117ed4c7fbe0e44c4aef0bc550f
CLIENT_TRAFFIC_SECRET_0 ec6e22c1c222b9a1483fac69c344e45712db7e7d00945e25d4b4cd1539808ed9 abae1a3f426af67b9e16c7c57592f37d05cefa89f22fd17c4d9fd06f924f6ce0
SERVER_TRAFFIC_SECRET_0 ec6e22c1c222b9a1483fac69c344e45712db7e7d00945e25d4b4cd1539808ed9 dc391c1696863da940626d09084942db5d020398ef60f69175fede13e9f35451
EXPORTER_SECRET ec6e22c1c222b9a1483fac69c344e45712db7e7d00945e25d4b4cd1539808ed9 1beba94e1b515eb051c6608b6b3469a8c4abb71f40289726a49d43326d89e143
CLIENT_TRAFFIC_SECRET_0 37950816ffd9f7d327bc5c60e42e302607a7bcf7b4a630d86e5c480b59acc19b ec8fbb7a60fa75087a02e0fb82fde4e73d873c377fd93a448e7f15c60fc94b07
SERVER_TRAFFIC_SECRET_0 37950816ffd9f7d327bc5c60e42e302607a7bcf7b4a630d86e5c480b59acc19b 85aa8605e12daee1b0718dd9c610a1b7a140f1ad2c2ac38c502f29cbbb22f52e
EXPORTER_SECRET 37950816ffd9f7d327bc5c60e42e302607a7bcf7b4a630d86e5c480b59acc19b fb7cdd08b20d670e6b6fd999e1ce4b1616be348e5d468a95dbde1f6f46952707
CLIENT_HANDSHAKE_TRAFFIC_SECRET ca2fa75429cae2f4e9b371b0f30024f0ac496084e29677591a2f83525b7a78fe 52bf2bcc220391e5b6bdaad1746ec95bf39f9b7bd647b572ff4f374467501221
SERVER_HANDSHAKE_TRAFFIC_SECRET ca2fa75429cae2f4e9b371b0f30024f0ac496084e29677591a2f83525b7a78fe 01d2bfccb9213835eb8977afa7c67fb675324e5e54e5f2486329685c52dfbaab
CLIENT_HANDSHAKE_TRAFFIC_SECRET e2b02e51649d1301740ae23916a9a9497681131aadbebc6ae0943382e2acfefb deeba78218337cdada60c6f358ad4cfd6d8690409ad276f161e6aec638fb23a2
SERVER_HANDSHAKE_TRAFFIC_SECRET e2b02e51649d1301740ae23916a9a9497681131aadbebc6ae0943382e2acfefb f225fc3e800b22edf820fc77cd8e599bac68208e8d3877a3b78202b9a546019a
CLIENT_TRAFFIC_SECRET_0 ca2fa75429cae2f4e9b371b0f30024f0ac496084e29677591a2f83525b7a78fe ae6f661e7bf8e9438d4527a0b71db07304bba4b47b17054137512bad7b7ee3ae
SERVER_TRAFFIC_SECRET_0 ca2fa75429cae2f4e9b371b0f30024f0ac496084e29677591a2f83525b7a78fe ac3cb78509eb707584b0b3c8c129291d40175c4830c057bf842899ba99732a60
EXPORTER_SECRET ca2fa75429cae2f4e9b371b0f30024f0ac496084e29677591a2f83525b7a78fe a013380e6544a397a33b1f0b31d20417e3f069947382134a04f13ea51af19c50
CLIENT_HANDSHAKE_TRAFFIC_SECRET be60c8aa4f49d224bbefc0cce64f8ceacb6705de9d8e82a414d7fd70e166485e 2b4f9bed1acb53e8af445fd452079ecab10523f6658c6b5ec89ebbbeb79e5e1e
SERVER_HANDSHAKE_TRAFFIC_SECRET be60c8aa4f49d224bbefc0cce64f8ceacb6705de9d8e82a414d7fd70e166485e 6cded831258305f8e1dc4ba5f987b07dba6d060f356cf0be3432bf767cc6cfb9
CLIENT_TRAFFIC_SECRET_0 e2b02e51649d1301740ae23916a9a9497681131aadbebc6ae0943382e2acfefb cef88b0d25b34eb712672df1ceb19b48858a6f43d95a0607ffc5ad2df014fd10
SERVER_TRAFFIC_SECRET_0 e2b02e51649d1301740ae23916a9a9497681131aadbebc6ae0943382e2acfefb 04853629561e0799bd2e5222b5dcfd6a642c97f0b5dffd09268e6902fc14a168
EXPORTER_SECRET e2b02e51649d1301740ae23916a9a9497681131aadbebc6ae0943382e2acfefb b855d9714f525e1eb87b18d8a25e2b138a0fbef31a55dd63782a198cddbc2c4c
CLIENT_HANDSHAKE_TRAFFIC_SECRET eab5af2ac643351c38ca8eee91a8e3c23ac7c881123ab19e3c1dc7c053028183 8ff4417bb952a58765d1152d1c3fce69d9d618f22f04794913c5de57f41586e9
SERVER_HANDSHAKE_TRAFFIC_SECRET eab5af2ac643351c38ca8eee91a8e3c23ac7c881123ab19e3c1dc7c053028183 4af080cd1a598ebdcaeec69564d796a50b410dc23e8ca7f1102de120e1b435d7
CLIENT_TRAFFIC_SECRET_0 be60c8aa4f49d224bbefc0cce64f8ceacb6705de9d8e82a414d7fd70e166485e cf109931107cac18f1bacd5826c6321d63900b7be3e334234fce621a54bf3804
SERVER_TRAFFIC_SECRET_0 be60c8aa4f49d224bbefc0cce64f8ceacb6705de9d8e82a414d7fd70e166485e b06d4bb024d013a7b396dc1971185067364ad6e760c63508dddb2012811fd34e
EXPORTER_SECRET be60c8aa4f49d224bbefc0cce64f8ceacb6705de9d8e82a414d7fd70e166485e 4aa0b98e93fd19aef13549d599ba4def9c849cfdf1b3bbfa840c0851f3822b90
CLIENT_TRAFFIC_SECRET_0 eab5af2ac643351c38ca8eee91a8e3c23ac7c881123ab19e3c1dc7c053028183 98745c20b3df42677e1789d51d2f9545e6345ddcab25a51498393b8baaeb1f97
SERVER_TRAFFIC_SECRET_0 eab5af2ac643351c38ca8eee91a8e3c23ac7c881123ab19e3c1dc7c053028183 dbee04cbf68e09d9cda8532337cb344bf3d4aac4c8e5644ac1cdf4b9a9fd1000
EXPORTER_SECRET eab5af2ac643351c38ca8eee91a8e3c23ac7c881123ab19e3c1dc7c053028183 80afce5f38a3d68386b9a29f651ea93fb55f9d5073ec15e59bf2e248ee6c1a81
CLIENT_HANDSHAKE_TRAFFIC_SECRET fed20abe432bd853f1e2c9eab8f58d69660b9d61579d70817aa6d67e545484dd 34fa68e38b17a1ce9105f83abe2d722aa964642442e1006437c594b4e2a0743c
SERVER_HANDSHAKE_TRAFFIC_SECRET fed20abe432bd853f1e2c9eab8f58d69660b9d61579d70817aa6d67e545484dd 65cdb9c42e75c40b7b862743d3733aebda0462fbbd4bca857023c4addc6555bb
CLIENT_HANDSHAKE_TRAFFIC_SECRET cc50be52dcb6e01aad0a9925ea53a0b25da110c03c4cc50046a83d54d9939c86 08eb5d9d5c9bbac64aa9be624e73ac4bc1291fa5323adb65425345d34c27a769
SERVER_HANDSHAKE_TRAFFIC_SECRET cc50be52dcb6e01aad0a9925ea53a0b25da110c03c4cc50046a83d54d9939c86 c87b79042684af77dfdd7fbf2a19e27406645c4852f89d98cd4ef1b2ab7fe60b
CLIENT_TRAFFIC_SECRET_0 fed20abe432bd853f1e2c9eab8f58d69660b9d61579d70817aa6d67e545484dd aeb8d90341eed025560a065dd0f0adfd542634043c7faba712db07e23d16f924
SERVER_TRAFFIC_SECRET_0 fed20abe432bd853f1e2c9eab8f58d69660b9d61579d70817aa6d67e545484dd 5b52abc921c958816368a63fbd3b3560a9877e9921f9c24382aa107641ef019d
EXPORTER_SECRET fed20abe432bd853f1e2c9eab8f58d69660b9d61579d70817aa6d67e545484dd 8ef8114851f8d83732b231a56c03116a1c8bc46c3dcc2248f7cbb50272ad1360
CLIENT_TRAFFIC_SECRET_0 cc50be52dcb6e01aad0a9925ea53a0b25da110c03c4cc50046a83d54d9939c86 c2924424b7d999e22eb4f3a5cf4c0ce40245168577c7974f5bf0178643c2a14e
SERVER_TRAFFIC_SECRET_0 cc50be52dcb6e01aad0a9925ea53a0b25da110c03c4cc50046a83d54d9939c86 38349860fe7e0b27e6a339cd4be01d8de50d1fea96eaa379b618797a051c6264
EXPORTER_SECRET cc50be52dcb6e01aad0a9925ea53a0b25da110c03c4cc50046a83d54d9939c86 f8c0e9f4bc19cdd58f862d8db03a7e7ed55783f46c5bb4d7ae2137cb4fc8644f
