CLIENT_HANDSHAKE_TRAFFIC_SECRET e778a6520ffe1928b00b0fe941685b10e155a9372e7ca02a413ebe94a96dc05d 0e1f85cff6ecb17aeda6f9cabb6b5ccdc2af444dbd956dfc46c78a9eeab677ea
SERVER_HANDSHAKE_TRAFFIC_SECRET e778a6520ffe1928b00b0fe941685b10e155a9372e7ca02a413ebe94a96dc05d 96b75ab107face8ca60cdae57896cbc8525fcf71052596e2c35c02b19973e85d
CLIENT_TRAFFIC_SECRET_0 e778a6520ffe1928b00b0fe941685b10e155a9372e7ca02a413ebe94a96dc05d d70ecf951ebe81aaed181fd57c917d98c534b7be32b42f0abab47bb96b76289b
SERVER_TRAFFIC_SECRET_0 e778a6520ffe1928b00b0fe941685b10e155a9372e7ca02a413ebe94a96dc05d c209ae890910a20bd2478a0850cd448fe376b9d5898010e4eb047062d5c69009
EXPORTER_SECRET e778a6520ffe1928b00b0fe941685b10e155a9372e7ca02a413ebe94a96dc05d a934b48ee0c88d190df38c9e18bd5b8345171fdb4a90513ea10b7215c5a5c39c
CLIENT_HANDSHAKE_TRAFFIC_SECRET c14a3eb306abccbcc29c61ebf1107a07bb7bd63b1416a2960285314b50e3afe1 cf07550f012824c4c817eb607e0acf7f021f98483e0e6de4f6d1a8eec9a12494
SERVER_HANDSHAKE_TRAFFIC_SECRET c14a3eb306abccbcc29c61ebf1107a07bb7bd63b1416a2960285314b50e3afe1 080d1c876b52b72e6db849f744970c305023fb880723127a3d9e1f83e96b4df8
CLIENT_TRAFFIC_SECRET_0 c14a3eb306abccbcc29c61ebf1107a07bb7bd63b1416a2960285314b50e3afe1 bc535c24d16b5203981d4bceeb10622c83be15b8abd09be287c746410eaec473
SERVER_TRAFFIC_SECRET_0 c14a3eb306abccbcc29c61ebf1107a07bb7bd63b1416a2960285314b50e3afe1 0cc8197118186b91ce060041bd2dda8afa654f2324f1c8884b3de6ed03d50765
EXPORTER_SECRET c14a3eb306abccbcc29c61ebf1107a07bb7bd63b1416a2960285314b50e3afe1 25394dc84e29161d3892024ed46ac6c1f7f39a2c942541df2030c4214b5c80d6
CLIENT_HANDSHAKE_TRAFFIC_SECRET cac355d542e3edad24fe4ccd92aad32f699708fe31e1a0f9f7ac6e4a289cb7aa 6a142916da176e5720274acd3e7f194985cb037692c8637fc73b4dbf5ebcf7b8
SERVER_HANDSHAKE_TRAFFIC_SECRET cac355d542e3edad24fe4ccd92aad32f699708fe31e1a0f9f7ac6e4a289cb7aa 9afb6d79ecd64d121fc45a913f449d26347ef790172e00475a8dc1ef6ed8b88b
CLIENT_TRAFFIC_SECRET_0 cac355d542e3edad24fe4ccd92aad32f699708fe31e1a0f9f7ac6e4a289cb7aa 75222160cd69f4b61efa15b5a46e8a9700c6681920d448c76cb432aa5172c23c
SERVER_TRAFFIC_SECRET_0 cac355d542e3edad24fe4ccd92aad32f699708fe31e1a0f9f7ac6e4a289cb7aa b5a1566c18cd7550a26a2f21ec83cf50df6a2ef419c370e0d7fb19932d548095
EXPORTER_SECRET cac355d542e3edad24fe4ccd92aad32f699708fe31e1a0f9f7ac6e4a289cb7aa e3b953505b7dbaa30888570686a9805f888126ccf4e100a3faff210073ee2f20
CLIENT_HANDSHAKE_TRAFFIC_SECRET 866e8b1108b2a126d2ced0ae8ee2cc99051767911585caaf413a35826cfe2ccc 8cfcd05b1bddb7ac1b3690df5e4f512b715f3ae79f9a1daa1b4fe2ace2f9eb61
SERVER_HANDSHAKE_TRAFFIC_SECRET 866e8b1108b2a126d2ced0ae8ee2cc99051767911585caaf413a35826cfe2ccc aa8feed6b82b8be4ba5fc62d86193afe88ff99073a894ccfefd1e3a5b6431550
CLIENT_TRAFFIC_SECRET_0 866e8b1108b2a126d2ced0ae8ee2cc99051767911585caaf413a35826cfe2ccc 88cb85b4f80deebb6aa72505e58cc2d8d0c94cc8f3fbb630e9bc07a582a0b059
SERVER_TRAFFIC_SECRET_0 866e8b1108b2a126d2ced0ae8ee2cc99051767911585caaf413a35826cfe2ccc 4ff9f144c1be1be294601ef12f57a3ec3c0cb6ec17fd5e4ccfe35321f4fde21a
EXPORTER_SECRET 866e8b1108b2a126d2ced0ae8ee2cc99051767911585caaf413a35826cfe2ccc 7b6b5d44e942923f67c9e1d64b156628a4e49b1fc688827d794272819c41d808
CLIENT_HANDSHAKE_TRAFFIC_SECRET 69d8078da62b41a613a3d3c9468439cf0b30a5aa96f7f5a9943bc1c2bf6b4faa 56a6ae4a121ece89661f864d7923fa675a076425b44ee90bf0833803f74d4aca
SERVER_HANDSHAKE_TRAFFIC_SECRET 69d8078da62b41a613a3d3c9468439cf0b30a5aa96f7f5a9943bc1c2bf6b4faa 4312fabaac5d6290fe450f25b9033a3aaec1e392ef5646372bd3dfd2ac16b987
CLIENT_TRAFFIC_SECRET_0 69d8078da62b41a613a3d3c9468439cf0b30a5aa96f7f5a9943bc1c2bf6b4faa 3dd28359e3576750a8a7f4451074aa30fc9f7ed439a027167c06e93bda1b87e5
SERVER_TRAFFIC_SECRET_0 69d8078da62b41a613a3d3c9468439cf0b30a5aa96f7f5a9943bc1c2bf6b4faa f94dcf303b6f4c9076ab7b51c4cf944c5ef68fdf62480f9c6672f2d60fde8d13
EXPORTER_SECRET 69d8078da62b41a613a3d3c9468439cf0b30a5aa96f7f5a9943bc1c2bf6b4faa 74423e0e260ecf94ea10956e6902060cf64b7c8e504170ac171fed6d491603c1
