CLIENT_HANDSHAKE_TRAFFIC_SECRET 663426b2cf387107fd5d3521b2895c65578d3a2fbcff5af90028179fb2f78719 7b4c4a918571f1b6c65b0bb46f9d4d20ff6e771bf23e8545eb8fa86b235f7bde
SERVER_HANDSHAKE_TRAFFIC_SECRET 663426b2cf387107fd5d3521b2895c65578d3a2fbcff5af90028179fb2f78719 3d97b59fd168391d95665f199313bceffe0a9c560aac990404f66e8270e6842e
CLIENT_TRAFFIC_SECRET_0 663426b2cf387107fd5d3521b2895c65578d3a2fbcff5af90028179fb2f78719 c523dfbc9b4bdb6044c27086c13c0fe030acb7a45f571aaecfdfcf4f97cad4f8
SERVER_TRAFFIC_SECRET_0 663426b2cf387107fd5d3521b2895c65578d3a2fbcff5af90028179fb2f78719 6ec838fd763776aa985c537e81b2bb88ec31dcde671db25e35c59b94f24a4bb5
EXPORTER_SECRET 663426b2cf387107fd5d3521b2895c65578d3a2fbcff5af90028179fb2f78719 7612e2759f94b1df2c5cb07ae1146f34a1724df0340f5f98dd618ab4d0d2e206
CLIENT_HANDSHAKE_TRAFFIC_SECRET a2ab6c5fc2a16b327bdc143c4c175132781ddfa7d2db2305edfb89618a3fb77b 5c5d274baec88b22d90b92ed762333e2d7885d1371548b718a6894ee99d9dafb
SERVER_HANDSHAKE_TRAFFIC_SECRET a2ab6c5fc2a16b327bdc143c4c175132781ddfa7d2db2305edfb89618a3fb77b 8b9c370465f7d51ed611d5803d2c59c9c452c0ad4024d51ccc525734aebca364
CLIENT_HANDSHAKE_TRAFFIC_SECRET f97b80ef5e6fd05ed3ff1d7ed3746e1eecf0e2536aeb11b359f1f94e5f787614 f08377f49d9870c8c342895d931e6167567f4262885210c1438b1f8e8394075d
SERVER_HANDSHAKE_TRAFFIC_SECRET f97b80ef5e6fd05ed3ff1d7ed3746e1eecf0e2536aeb11b359f1f94e5f787614 48941494d33be4039eb50a6fc774587ab06a7aff114aacacbb48fa74ac34d80a
CLIENT_HANDSHAKE_TRAFFIC_SECRET 081236c4b2217acad70a8b7c47cdbb1e696a9f67649f0b25ae21d6028b243f79 b16b07fddf986ea632bb1285b4c8a991ab3837cd58ac83bcf5aa548492513fed
SERVER_HANDSHAKE_TRAFFIC_SECRET 081236c4b2217acad70a8b7c47cdbb1e696a9f67649f0b25ae21d6028b243f79 1edfc19b6ac15a4ba8c82865eaa4e1f86ba54de88ae0eddb3827bdee9f4003bc
CLIENT_HANDSHAKE_TRAFFIC_SECRET 27a19af92f99ba4aa7c7fc6c5d9cf8cdae82500666068e6782dfe9bba20b4774 1b23c300dd2104f74cd7ffc51c43023ebfc2b6348d4befb1751630222032ca75
SERVER_HANDSHAKE_TRAFFIC_SECRET 27a19af92f99ba4aa7c7fc6c5d9cf8cdae82500666068e6782dfe9bba20b4774 793104a07c71ab619f37a68182b50bcdc79768e21c472c9c642daa3807678acd
CLIENT_HANDSHAKE_TRAFFIC_SECRET 184dbb987d866c282c5bf9028690afc29a91499af2efafc0a2f673c0855da221 ef654b3058690ceec0bb4b13db57c8b51d622f99f214d9c5d747670a85bbf4e4
SERVER_HANDSHAKE_TRAFFIC_SECRET 184dbb987d866c282c5bf9028690afc29a91499af2efafc0a2f673c0855da221 c5a2b15b03a3b3c2b465d762ca863d6a146466dc26d8a33df1dab31cf73335a8
CLIENT_HANDSHAKE_TRAFFIC_SECRET 6b46db2051258b916569e46c43650d2252fcd066e4f971aac808df675a8d3901 c177b79a3490b8d7a3759b917779ac0b45024774b7ad4dd7f06a668bfe42bbe4
SERVER_HANDSHAKE_TRAFFIC_SECRET 6b46db2051258b916569e46c43650d2252fcd066e4f971aac808df675a8d3901 983bc645671817c52c63e7726688faf34e47fb52a7cc9bd39e72afb7d2dbaf80
CLIENT_HANDSHAKE_TRAFFIC_SECRET 86666542ce16062e555b7289ef28219a2ddc43ea71748951f31cf4e618204d60 4f913bc5644f8c0ec306949ee412b0191bed9acdd971239040ce09121cc54b8c
SERVER_HANDSHAKE_TRAFFIC_SECRET 86666542ce16062e555b7289ef28219a2ddc43ea71748951f31cf4e618204d60 6719ef7253d210c3907ec148d8e390efd8d6823a2af7baddeb4accd343bd4e6e
CLIENT_HANDSHAKE_TRAFFIC_SECRET 022f337a7f9ecae7bf1d46eec358729bd57177c06b50bfdb3837a18edf81c2a7 ecb3000d6a1392b3f630218789eda6c281616abfba1cb3e40891eb46589be65c
SERVER_HANDSHAKE_TRAFFIC_SECRET 022f337a7f9ecae7bf1d46eec358729bd57177c06b50bfdb3837a18edf81c2a7 ccb7023b9f32f275757daa5d52717b08cf36f1bde0b7cb9b3a103470f2244854
CLIENT_TRAFFIC_SECRET_0 a2ab6c5fc2a16b327bdc143c4c175132781ddfa7d2db2305edfb89618a3fb77b 2de18c55b651cf5eac6da659ccffacd56b0913a041a49506705a4cceb3caeef7
SERVER_TRAFFIC_SECRET_0 a2ab6c5fc2a16b327bdc143c4c175132781ddfa7d2db2305edfb89618a3fb77b 45bc3785bbadbc9ddb5c869a4b6048967ed5744a077514d9b834144f07efc142
EXPORTER_SECRET a2ab6c5fc2a16b327bdc143c4c175132781ddfa7d2db2305edfb89618a3fb77b 03b38ea262f69a690ddfeba97307fec1f484badd01dcb78a3b638f55ab1cff31
CLIENT_HANDSHAKE_TRAFFIC_SECRET c0d96f4b3b0a3b1dcdbda910f7c51aa47def0a6eb32e7fd448fb9a7ec8206784 cb2846fd05d84aa4c36f9e3bbc556074d22aeb835d4e2d12e3a25384ccea18a3
SERVER_HANDSHAKE_TRAFFIC_SECRET c0d96f4b3b0a3b1dcdbda910f7c51aa47def0a6eb32e7fd448fb9a7ec8206784 3866f0b117a4af077a7aada112141c92b0f3ed28c34720ea6f55117cb9e1ebc9
CLIENT_TRAFFIC_SECRET_0 f97b80ef5e6fd05ed3ff1d7ed3746e1eecf0e2536aeb11b359f1f94e5f787614 34e2c60056c02dfa12a5ab64b306f7bdaad7ba57d895d1aa3d30d334be9b73d1
SERVER_TRAFFIC_SECRET_0 f97b80ef5e6fd05ed3ff1d7ed3746e1eecf0e2536aeb11b359f1f94e5f787614 b26725fc2a0238ed004c4425b82439d9223b5a56bef71719d1a9f10ad01b39fd
CLIENT_HANDSHAKE_TRAFFIC_SECRET 16914c39ba57266f4ce3c017ee5d35072ecc49090f7cd6ab62aa1dad5e161b5e 15b7d243c5d492126ce60253be214525b36251089c30f3c0d5a68db850867f2d
EXPORTER_SECRET f97b80ef5e6fd05ed3ff1d7ed3746e1eecf0e2536aeb11b359f1f94e5f787614 159c489025101f558537974704526c63f31171027002d2380a4fdc1d79f71460
SERVER_HANDSHAKE_TRAFFIC_SECRET 16914c39ba57266f4ce3c017ee5d35072ecc49090f7cd6ab62aa1dad5e161b5e f4c9f9a0d261d62d72996dea29e1dee7aff78eeb3b542142a662b66753613804
CLIENT_TRAFFIC_SECRET_0 081236c4b2217acad70a8b7c47cdbb1e696a9f67649f0b25ae21d6028b243f79 b8b08154d5291cd0f2f771eabb80e193e3e823db0eb7e9f5c9dd6e5453295d89
SERVER_TRAFFIC_SECRET_0 081236c4b2217acad70a8b7c47cdbb1e696a9f67649f0b25ae21d6028b243f79 3bc84203a2ae3395f6b579563344b16a77a64861f4295393f1eeaeea08081824
EXPORTER_SECRET 081236c4b2217acad70a8b7c47cdbb1e696a9f67649f0b25ae21d6028b243f79 85044d083625e6829761c717fd4aed78c0459ca4d0e210c1d10cd415c5448919
CLIENT_TRAFFIC_SECRET_0 27a19af92f99ba4aa7c7fc6c5d9cf8cdae82500666068e6782dfe9bba20b4774 a2aa4a39473b482760b7c2ee2bf878eb0c106612d30d83708a8a4f4da8814b77
SERVER_TRAFFIC_SECRET_0 27a19af92f99ba4aa7c7fc6c5d9cf8cdae82500666068e6782dfe9bba20b4774 7304e7ae5571263738ca97996b8be53c10cf8224467077983494589226018601
EXPORTER_SECRET 27a19af92f99ba4aa7c7fc6c5d9cf8cdae82500666068e6782dfe9bba20b4774 3feea89904d743b6bce29c3467dfa5c42abd46458541929cb2f4656d6f2423a6
CLIENT_TRAFFIC_SECRET_0 184dbb987d866c282c5bf9028690afc29a91499af2efafc0a2f673c0855da221 7b4d470540f97eb0c7186e9ea1ba3bc7492ecf3f88a8bf9caf3b48109a0615b2
SERVER_TRAFFIC_SECRET_0 184dbb987d866c282c5bf9028690afc29a91499af2efafc0a2f673c0855da221 427211471fd498142ab6dd0cc0869d75b8b6ca9adc55b2bb6de888ea381f353a
EXPORTER_SECRET 184dbb987d866c282c5bf9028690afc29a91499af2efafc0a2f673c0855da221 9fe490e63da982a53a5da6cd9397f8c7de4362363e4417505d2c3be4ec2e385c
CLIENT_TRAFFIC_SECRET_0 6b46db2051258b916569e46c43650d2252fcd066e4f971aac808df675a8d3901 40425ff80f74cde367f73479508413b650ea59eeae212743046d04e19e4586c3
SERVER_TRAFFIC_SECRET_0 6b46db2051258b916569e46c43650d2252fcd066e4f971aac808df675a8d3901 6933d8ee758d3959404366827babe0092519b2a74a907a9e298332a47e9d4382
EXPORTER_SECRET 6b46db2051258b916569e46c43650d2252fcd066e4f971aac808df675a8d3901 323651daeeec5375b21468819288e0572a35308d43a0a326ecf5b32944a5fbb1
CLIENT_TRAFFIC_SECRET_0 86666542ce16062e555b7289ef28219a2ddc43ea71748951f31cf4e618204d60 e376edaba4bd2bcba16eeafe22e70b8fc1ffcb01fa093ab692b252dfc24cdddb
SERVER_TRAFFIC_SECRET_0 86666542ce16062e555b7289ef28219a2ddc43ea71748951f31cf4e618204d60 2a6548890ef8b864a224829a9884854cb383e1cafaec34d443aac9941ae9968d
CLIENT_TRAFFIC_SECRET_0 022f337a7f9ecae7bf1d46eec358729bd57177c06b50bfdb3837a18edf81c2a7 ff421ba06bb7c27e5cbd765ec6c2e7ce0e7d11618b1f3b40401c70c3d4810dc7
EXPORTER_SECRET 86666542ce16062e555b7289ef28219a2ddc43ea71748951f31cf4e618204d60 c894543e32c2c4a8ff133b1e7397268f8d5d78f0998ae1df12127bae04fe5236
SERVER_TRAFFIC_SECRET_0 022f337a7f9ecae7bf1d46eec358729bd57177c06b50bfdb3837a18edf81c2a7 ae3c60913fae88b288fba1ccf8108800cf3d23091d3cbc52b77543bf171d85a0
EXPORTER_SECRET 022f337a7f9ecae7bf1d46eec358729bd57177c06b50bfdb3837a18edf81c2a7 d91e01a7e5dcca685f9a2b50f4d729eaa9af1493e58f176e33a2253b91334f07
CLIENT_TRAFFIC_SECRET_0 16914c39ba57266f4ce3c017ee5d35072ecc49090f7cd6ab62aa1dad5e161b5e 7a570d1e09d42cddceae502ce554c3adbdb1c096e9ee2579a140602c69d24faf
SERVER_TRAFFIC_SECRET_0 16914c39ba57266f4ce3c017ee5d35072ecc49090f7cd6ab62aa1dad5e161b5e f77fba83940f3a96c04e92519eeeb2d2414c24b9c73f447cc4d9ba543f626985
EXPORTER_SECRET 16914c39ba57266f4ce3c017ee5d35072ecc49090f7cd6ab62aa1dad5e161b5e e67756201383ce6a3a3850bf45a1e24d489cf3c6b68e264b32c3a71dda7cb5b1
CLIENT_TRAFFIC_SECRET_0 c0d96f4b3b0a3b1dcdbda910f7c51aa47def0a6eb32e7fd448fb9a7ec8206784 7f4d00565a39b10b64228a98cbdd81fe28eddcd441b60d50e684db9b965c210b
SERVER_TRAFFIC_SECRET_0 c0d96f4b3b0a3b1dcdbda910f7c51aa47def0a6eb32e7fd448fb9a7ec8206784 e51787f8acb518af750b6d3545d8f73cfa6404bb8d6813c5f39d0f466ffeebcf
EXPORTER_SECRET c0d96f4b3b0a3b1dcdbda910f7c51aa47def0a6eb32e7fd448fb9a7ec8206784 4f631ef4c044649f96a968e533a34a429548dd73af495e29b0507d63ec55f167
