CLIENT_HANDSHAKE_TRAFFIC_SECRET 9cddb10d83c3ad11b65d1c82a99ed360d20eebf784c95c79eec45b8ff12569ca d445b102b37d3b0d8016aaff8567f2f8d5943bf166daada5792c49cee0715b1f
SERVER_HANDSHAKE_TRAFFIC_SECRET 9cddb10d83c3ad11b65d1c82a99ed360d20eebf784c95c79eec45b8ff12569ca ca01e7b39a01a0a9626271e042f1afcc072ba76fbb3a0dabb7ec4b4e5ed31ac9
CLIENT_TRAFFIC_SECRET_0 9cddb10d83c3ad11b65d1c82a99ed360d20eebf784c95c79eec45b8ff12569ca 955c46b9bd4326bbf58813310e6b1c21caa35ce5d3a22f20659aaf549b6a9171
SERVER_TRAFFIC_SECRET_0 9cddb10d83c3ad11b65d1c82a99ed360d20eebf784c95c79eec45b8ff12569ca 2b1c01cadb6059fa3cdb5d0d89b18087c9f7d325638e64a1863c353cc6c0bbf6
EXPORTER_SECRET 9cddb10d83c3ad11b65d1c82a99ed360d20eebf784c95c79eec45b8ff12569ca daa4b28c735e4a09bf12b65245e03b65a2223ea984b96009fe807102d03e1fe0
CLIENT_HANDSHAKE_TRAFFIC_SECRET de0839b06dc384cde03daefe7fb201fd50e2f59cdd0eb63b397cf8495518cf6f 8cba155bd05280551f9e1eda1a277e69c8d215fe3b4db73fd483d809d2388bb4
SERVER_HANDSHAKE_TRAFFIC_SECRET de0839b06dc384cde03daefe7fb201fd50e2f59cdd0eb63b397cf8495518cf6f 3180eaa7e598cfcfc764e1f25cc848ea4f550a014388eae7ec179879f3d224e3
CLIENT_HANDSHAKE_TRAFFIC_SECRET 078ea70ea5b77c81f7fb80c90e5215f166be21f32621890759bf95688ad7412d c5654418dcc8bce338c0c1dbb1b57650fe50725fac944eba9d2f3bce0e90047b
SERVER_HANDSHAKE_TRAFFIC_SECRET 078ea70ea5b77c81f7fb80c90e5215f166be21f32621890759bf95688ad7412d 0b05e60786bf150127879111941b042f3c1439d78f95cedaabaf6b5b119b1ac8
CLIENT_HANDSHAKE_TRAFFIC_SECRET f76e09b6237e677f7e2db77f77cf76cec7ef8aa264c93499a54366efd643c66a 88482a535e73e3fff70a36a46710ac3cc3cef9f02c30ee874107aa10eca0927c
SERVER_HANDSHAKE_TRAFFIC_SECRET f76e09b6237e677f7e2db77f77cf76cec7ef8aa264c93499a54366efd643c66a 5334992e01e14eaddf37e05643544ead1db7354af0ff0a040c7ce291fc498810
CLIENT_HANDSHAKE_TRAFFIC_SECRET 6eb3ca721dbd0cd01dbbb46b8f0deb36ab5a5ea6ac420c22319d84399a42de6b b9edecd49287925a6b79d0f876fac94ec1f7d63323ed1aceb5cede1cc8bd4b6b
SERVER_HANDSHAKE_TRAFFIC_SECRET 6eb3ca721dbd0cd01dbbb46b8f0deb36ab5a5ea6ac420c22319d84399a42de6b 8109c360d9b4a814bcea6f9f6fee010079fe8809c356a5ea56926bc5a4b17075
CLIENT_HANDSHAKE_TRAFFIC_SECRET 25d303624261b5816fe3e909063f95c9d2765368fd2c4f190776b623f54180c3 48798b81108abec8c8b8c3d9c1128289250dbd02fc18ff500899b996f84fa66a
SERVER_HANDSHAKE_TRAFFIC_SECRET 25d303624261b5816fe3e909063f95c9d2765368fd2c4f190776b623f54180c3 ab9386132dd0613053757e41e0be473a1cdde70c2044aed5b8a1aeb63be68baf
CLIENT_HANDSHAKE_TRAFFIC_SECRET 5dc344c4e455dfb06a9ad2f66678a3f2fc07fd40720b8910624781cc8acdf71a 7e95156affd68703249681d93b9a4551ae997363f5af8e86f3649d7e2b692e86
SERVER_HANDSHAKE_TRAFFIC_SECRET 5dc344c4e455dfb06a9ad2f66678a3f2fc07fd40720b8910624781cc8acdf71a 737418c2a254c71dec6ca88f6051599a0985d74954fd85bfae26df7c1221975b
CLIENT_HANDSHAKE_TRAFFIC_SECRET 1c27581635b1e14cc85f01d24593a198ec2ab62ca2990b6c2d69560d5d8af64b 68731d61992565e5429e246e83829b224832db71b7072cab5dde738c79823e5d
SERVER_HANDSHAKE_TRAFFIC_SECRET 1c27581635b1e14cc85f01d24593a198ec2ab62ca2990b6c2d69560d5d8af64b 84ea8857a54e1affdc0dfc3a86fd3a70caabba8e69511d7b911fd28e6e4f0dd0
CLIENT_HANDSHAKE_TRAFFIC_SECRET 4c52f2d407ff6e7f1b6a3a6a81d906d18722fc3dd143f5478fa82add8362beff 5e609e1663f0048cc94bf0cffb1650f5ee47b6c3dc0c2930cae87d83a167fc36
SERVER_HANDSHAKE_TRAFFIC_SECRET 4c52f2d407ff6e7f1b6a3a6a81d906d18722fc3dd143f5478fa82add8362beff 030ba00411e1852752ac005754594a247a8dfd58aaf4e9e04b44593a257d8df2
CLIENT_TRAFFIC_SECRET_0 de0839b06dc384cde03daefe7fb201fd50e2f59cdd0eb63b397cf8495518cf6f 9340a2585c8321962b1b7360e4945e18c852213918b4b27687d4081bd3fe7079
SERVER_TRAFFIC_SECRET_0 de0839b06dc384cde03daefe7fb201fd50e2f59cdd0eb63b397cf8495518cf6f 85dd7cfebe4b8173caca8367497dd6b7b6ced80a51df966af3e88be426d11f3c
EXPORTER_SECRET de0839b06dc384cde03daefe7fb201fd50e2f59cdd0eb63b397cf8495518cf6f e922bdfe6d20ccee2bf349c24e76d57a6812efc197aff9dbb3ba1e535b8a2e28
CLIENT_TRAFFIC_SECRET_0 078ea70ea5b77c81f7fb80c90e5215f166be21f32621890759bf95688ad7412d 43bd13bc8e4e12f6cbe5da7e46e9afca06266d23c60e22d5fbe4ea6c2ad04de1
SERVER_TRAFFIC_SECRET_0 078ea70ea5b77c81f7fb80c90e5215f166be21f32621890759bf95688ad7412d 64154a3a11c82373c7c2616f7f33b1935b579b8f75d79a6df3e72f32f0543a13
EXPORTER_SECRET 078ea70ea5b77c81f7fb80c90e5215f166be21f32621890759bf95688ad7412d de88fffdfb28f8e39c209d0c9459ab3a966d5866690400c27f9abf0164c86245
CLIENT_TRAFFIC_SECRET_0 f76e09b6237e677f7e2db77f77cf76cec7ef8aa264c93499a54366efd643c66a 3019cbbbe495ff31311235d7453e68ca2ab3c8b2a05e79d1cb52fe2634ca97fd
SERVER_TRAFFIC_SECRET_0 f76e09b6237e677f7e2db77f77cf76cec7ef8aa264c93499a54366efd643c66a 4d2e1acb09bb05f3fa540d6b9083b7b8c34ab59b819d0d7fbd2931f3266b8f43
CLIENT_TRAFFIC_SECRET_0 6eb3ca721dbd0cd01dbbb46b8f0deb36ab5a5ea6ac420c22319d84399a42de6b 5b0e0a03814d6826d45e796dd88ffe73588d658a669665b229f876f6ce877229
EXPORTER_SECRET f76e09b6237e677f7e2db77f77cf76cec7ef8aa264c93499a54366efd643c66a fca0185a9973f8e123bedc50251995ab0771b90081947229566214426c0aae88
SERVER_TRAFFIC_SECRET_0 6eb3ca721dbd0cd01dbbb46b8f0deb36ab5a5ea6ac420c22319d84399a42de6b bf1172841aeca061079defabfeed64c3bb91c73cefb5abca1dde03c6c37de116
EXPORTER_SECRET 6eb3ca721dbd0cd01dbbb46b8f0deb36ab5a5ea6ac420c22319d84399a42de6b 13927ac47bce127aba1a05ce760b92a916b1e63c87bd14d89c224f2451f64a6b
CLIENT_TRAFFIC_SECRET_0 25d303624261b5816fe3e909063f95c9d2765368fd2c4f190776b623f54180c3 a7e2c7c6b6fea53d9f76659d161165e827fd2576eb51f07ba6a48f96548e0ae9
SERVER_TRAFFIC_SECRET_0 25d303624261b5816fe3e909063f95c9d2765368fd2c4f190776b623f54180c3 3870383c7119feecc2d98fd9d1e9cf47c055cca6b5c92d3677f103ebca5c0c9e
EXPORTER_SECRET 25d303624261b5816fe3e909063f95c9d2765368fd2c4f190776b623f54180c3 269afdad5b9f2e240d35b88c00d97c4bc9be5a81cda59d83cdcab0cbeb550af8
CLIENT_TRAFFIC_SECRET_0 5dc344c4e455dfb06a9ad2f66678a3f2fc07fd40720b8910624781cc8acdf71a d4d4a5cacc3d6cf6369006f8a1654821fa8769e6f7ca2fa107bbead4aa08a96f
SERVER_TRAFFIC_SECRET_0 5dc344c4e455dfb06a9ad2f66678a3f2fc07fd40720b8910624781cc8acdf71a a923d9a46d2837b5b347f93b0f3052371ed91d1d33a38ef6c11ef5f398a65bca
EXPORTER_SECRET 5dc344c4e455dfb06a9ad2f66678a3f2fc07fd40720b8910624781cc8acdf71a 4917760c68cebd1677b3e918a3a1c1262384f2ab6f0deffdc1b2639c2bf49d51
CLIENT_TRAFFIC_SECRET_0 4c52f2d407ff6e7f1b6a3a6a81d906d18722fc3dd143f5478fa82add8362beff 32e20af97c0a3639818d1a76a7579f618cac3e10be72a484e8c8b5478739cd13
SERVER_TRAFFIC_SECRET_0 4c52f2d407ff6e7f1b6a3a6a81d906d18722fc3dd143f5478fa82add8362beff 30576f5756fee3cca91f2abb554e281dd0c6d4e6dbb8ad7aadbdd5d2c111d087
EXPORTER_SECRET 4c52f2d407ff6e7f1b6a3a6a81d906d18722fc3dd143f5478fa82add8362beff 49005c1e965d95623b591454474c456888d4aca2cf567288c51a3d883ddb792b
CLIENT_TRAFFIC_SECRET_0 1c27581635b1e14cc85f01d24593a198ec2ab62ca2990b6c2d69560d5d8af64b a2a5b091b8a66343ec5f2919e6a966c2e13ab830aad0fc98f4a205df8527f42b
SERVER_TRAFFIC_SECRET_0 1c27581635b1e14cc85f01d24593a198ec2ab62ca2990b6c2d69560d5d8af64b dba83006bd0bd937174a29e7f78abcd0115a6bb04d11e32bac53d2d6c2f3a97e
EXPORTER_SECRET 1c27581635b1e14cc85f01d24593a198ec2ab62ca2990b6c2d69560d5d8af64b 66b06918e97ea50ad381d076ef56a3caa972f7702126789ac6560c8a768162c6
