CLIENT_HANDSHAKE_TRAFFIC_SECRET 75f5272a6d991e9dd200f0bd6f02d45354478e67b0a4d4bb41eff3304af15257 c6b6410477467045bff404a0e03103acf9f4c67b7f74d21cbb321ef59385474c
SERVER_HANDSHAKE_TRAFFIC_SECRET 75f5272a6d991e9dd200f0bd6f02d45354478e67b0a4d4bb41eff3304af15257 de28d28cc025b3d759e5e8a2c7f45d531feadbe4382738415cc48ba2595ce45c
CLIENT_TRAFFIC_SECRET_0 75f5272a6d991e9dd200f0bd6f02d45354478e67b0a4d4bb41eff3304af15257 62c143fa03136f89e47d2b934f08069e796cbff511a26fa44f439c968fc230bd
SERVER_TRAFFIC_SECRET_0 75f5272a6d991e9dd200f0bd6f02d45354478e67b0a4d4bb41eff3304af15257 310b1ef4a99d7783691dbae0e2e3e34b1c5ae308c16b8ff0e3fbf726ea89751b
EXPORTER_SECRET 75f5272a6d991e9dd200f0bd6f02d45354478e67b0a4d4bb41eff3304af15257 003a8a5208bc59796008681b4dd5d4f44db967ad6e7ce1ed16aba6fb515a4b75
CLIENT_HANDSHAKE_TRAFFIC_SECRET d97c3c09d6a4239cbdcc2ba3ffaa319df5c4cadf73d170d1ef0e70e1e435bf92 4186d7bbb4bf048060689f5c17325633479de4a9a22bc145194ef65deff85e6d
SERVER_HANDSHAKE_TRAFFIC_SECRET d97c3c09d6a4239cbdcc2ba3ffaa319df5c4cadf73d170d1ef0e70e1e435bf92 5ff906e94f9ada774e240c297791fb264d858034a2078735b0d900d5a3a06a82
CLIENT_HANDSHAKE_TRAFFIC_SECRET 48179dcf765201e3d2c50db2debd5b4349d336aeb2059605c67bc51a25b75d8a cf24289216573b3f1e2a90808a7d4782fac174f5b64b83927656b12993d20970
SERVER_HANDSHAKE_TRAFFIC_SECRET 48179dcf765201e3d2c50db2debd5b4349d336aeb2059605c67bc51a25b75d8a aafc132147bbce128d134ff250e9c05c1c5a814e1d9e59e65eefa14c53d4e013
CLIENT_HANDSHAKE_TRAFFIC_SECRET 1c5da5b47ed1554eddaebcba9e231b710342fdf62446b7989d6dbc72130edc56 bbe3ec09ddd5a8cd87510ef989c123061607f9a9a4451d85c578b3fe1af59c3a
SERVER_HANDSHAKE_TRAFFIC_SECRET 1c5da5b47ed1554eddaebcba9e231b710342fdf62446b7989d6dbc72130edc56 f890cc399f05d9e931aadca54ac71635b24de5f6f43bebb411cf6ab8e090cf3e
CLIENT_TRAFFIC_SECRET_0 d97c3c09d6a4239cbdcc2ba3ffaa319df5c4cadf73d170d1ef0e70e1e435bf92 99e47d9b3372211eacb072c0ab98324957423ee819585f9e29fe523a75ca5ae0
SERVER_TRAFFIC_SECRET_0 d97c3c09d6a4239cbdcc2ba3ffaa319df5c4cadf73d170d1ef0e70e1e435bf92 466444b50b3da85a6017740aea53cabe318ba35ecaaa662c5d18c2a0820770f5
EXPORTER_SECRET d97c3c09d6a4239cbdcc2ba3ffaa319df5c4cadf73d170d1ef0e70e1e435bf92 b66eb66152b715eccbfd3745ee41229213d8ad2d10706790943e0ff2abf63536
CLIENT_TRAFFIC_SECRET_0 48179dcf765201e3d2c50db2debd5b4349d336aeb2059605c67bc51a25b75d8a 5b852ce985624b663cff2baea40298aff000f69dc532f4327515e1e07d541617
SERVER_TRAFFIC_SECRET_0 48179dcf765201e3d2c50db2debd5b4349d336aeb2059605c67bc51a25b75d8a 7e8c860623cd8a0f4831240c9c0f73894dfdc208b498702731ce168dfdf70c7c
EXPORTER_SECRET 48179dcf765201e3d2c50db2debd5b4349d336aeb2059605c67bc51a25b75d8a f7158a53dbb55a659274146c47a2d0856b1c940a348433dbc56961f25139125f
CLIENT_HANDSHAKE_TRAFFIC_SECRET 63af852d92c2cd2b0c28828dccb098f9f212a278bae7950045ff8667cb5bf0b9 679d9ecfcad3295fb98dea5b805c9941db26250863ae4386ee5cfd0711bc8926
CLIENT_TRAFFIC_SECRET_0 1c5da5b47ed1554eddaebcba9e231b710342fdf62446b7989d6dbc72130edc56 a384d114d68f6381e1ecb7f0c5c3eacf24f9bb9f0c0017d37a5f27c1d1f46797
SERVER_HANDSHAKE_TRAFFIC_SECRET 63af852d92c2cd2b0c28828dccb098f9f212a278bae7950045ff8667cb5bf0b9 61a96e4b6fa9d2e71963dd6595c8659491a7e4ae33fdfc629796abac92e7cb80
SERVER_TRAFFIC_SECRET_0 1c5da5b47ed1554eddaebcba9e231b710342fdf62446b7989d6dbc72130edc56 71ae8ce5c6184ea51e3558894e2390afd0c6e0aeeaf96ee4f21cd697f47e0bda
EXPORTER_SECRET 1c5da5b47ed1554eddaebcba9e231b710342fdf62446b7989d6dbc72130edc56 d1a4d62d4ce0960d65eb6e831908f82189c2a01a9f41083267e8909a88ae2f29
CLIENT_TRAFFIC_SECRET_0 63af852d92c2cd2b0c28828dccb098f9f212a278bae7950045ff8667cb5bf0b9 f3e98443d1dfffab6a0e31688e945a5add646f4973f13eb2a1ee1ebcf92cb68c
SERVER_TRAFFIC_SECRET_0 63af852d92c2cd2b0c28828dccb098f9f212a278bae7950045ff8667cb5bf0b9 8aacd33851f280b81afb1b70e4f539a628d625e4f38ea90de985b16f7b325d1f
EXPORTER_SECRET 63af852d92c2cd2b0c28828dccb098f9f212a278bae7950045ff8667cb5bf0b9 a48804830c052361f602bdcf612814987937370c31c270ea35225db563810cd3
CLIENT_HANDSHAKE_TRAFFIC_SECRET 4366ebad9a9876e08752d2bc06f50bc0c9587807f500eb8c862dd53aceb3d2ab 39219c8d7917ffa7824c23aed41d6f99f4f2367738983534a7ef38cd1bb66fef
SERVER_HANDSHAKE_TRAFFIC_SECRET 4366ebad9a9876e08752d2bc06f50bc0c9587807f500eb8c862dd53aceb3d2ab 4f9fc69da450406c4e74798f78c200f8be749959dbbee171b723aba7ab6df173
CLIENT_TRAFFIC_SECRET_0 4366ebad9a9876e08752d2bc06f50bc0c9587807f500eb8c862dd53aceb3d2ab 324686530a7a2d903a5ba34613016863e2921adcaa2d3cdbfc6f0cf666e15884
SERVER_TRAFFIC_SECRET_0 4366ebad9a9876e08752d2bc06f50bc0c9587807f500eb8c862dd53aceb3d2ab 92a5662880c158804fb709fbf983af46fbf30cfba3a14900619832c45e74d350
EXPORTER_SECRET 4366ebad9a9876e08752d2bc06f50bc0c9587807f500eb8c862dd53aceb3d2ab f038ee1f49949dc5f48a7e1459fab5e4888513a168275f8608bfea07beba4f91
CLIENT_HANDSHAKE_TRAFFIC_SECRET 68336283e2ba8e2b65b9b6b37b65dc2377d8ef3681d0908a64e2f24929017c03 f5c696fc888f797ba4fc7a15ba254b3ea0ea2072da365a5f1493d5777bbf6986
SERVER_HANDSHAKE_TRAFFIC_SECRET 68336283e2ba8e2b65b9b6b37b65dc2377d8ef3681d0908a64e2f24929017c03 24ea3a2abb635a1b4b10ca2f767d642018515dcef674b598dd4277e5a7b0a398
CLIENT_TRAFFIC_SECRET_0 68336283e2ba8e2b65b9b6b37b65dc2377d8ef3681d0908a64e2f24929017c03 1194d15ae96b8ca8f8f78ed6f9973f8bd112658d0613fdb29f3e269f6efb6804
SERVER_TRAFFIC_SECRET_0 68336283e2ba8e2b65b9b6b37b65dc2377d8ef3681d0908a64e2f24929017c03 a58ca4bcfa3d71e1ef6212ae948f22e45dea9b4107fc005c6595acdc482f1068
EXPORTER_SECRET 68336283e2ba8e2b65b9b6b37b65dc2377d8ef3681d0908a64e2f24929017c03 99fe1c8b173c8149f61c27a2dc76cd124ff1e4b81111272575decd199453b84d
