CLIENT_HANDSHAKE_TRAFFIC_SECRET db744efecd524e4b6d813bce0843cf825fdcffb209dd52871571019b48f8d845 6a06b0b6c4efb3bfe6a477a4590620c370a2fbaada73aee8ca3daad9b6d53ec1
SERVER_HANDSHAKE_TRAFFIC_SECRET db744efecd524e4b6d813bce0843cf825fdcffb209dd52871571019b48f8d845 a89329942096791738f137c51156d58acbbff31ebae32a155b9f194300beed6c
CLIENT_TRAFFIC_SECRET_0 db744efecd524e4b6d813bce0843cf825fdcffb209dd52871571019b48f8d845 17fe8800006713d8dff2617f441857ca8aca0b7a65c3f36efa0c5f6886206567
SERVER_TRAFFIC_SECRET_0 db744efecd524e4b6d813bce0843cf825fdcffb209dd52871571019b48f8d845 4a27930f8865bee364aef33baefa6b877eac68b17af4e34be30eeb08d1541d8e
EXPORTER_SECRET db744efecd524e4b6d813bce0843cf825fdcffb209dd52871571019b48f8d845 a615c110178edb445a6073a855a0a9069dfd5f68f6932ee60a799921ad56f3d6
CLIENT_HANDSHAKE_TRAFFIC_SECRET 80ba076247464e4d4a5b139f9c5e4220dff237a4454f3a551aea60cd60e06e1a 4c101843d488c475aac48f238cd6c18894ababdd8718bcd1d18fcd53c74a3aa2
SERVER_HANDSHAKE_TRAFFIC_SECRET 80ba076247464e4d4a5b139f9c5e4220dff237a4454f3a551aea60cd60e06e1a 0dbf2dbd1ae742d22e4ae9e632e2e0089a0e1bad9bbb9dda737c222e9daad244
CLIENT_TRAFFIC_SECRET_0 80ba076247464e4d4a5b139f9c5e4220dff237a4454f3a551aea60cd60e06e1a ecc8b63e51f601e0aa8fdfa108ef17388bf55ce80db9a8e9f6087649326cc7e6
SERVER_TRAFFIC_SECRET_0 80ba076247464e4d4a5b139f9c5e4220dff237a4454f3a551aea60cd60e06e1a c906965a87dab7aa6b920e73f7fd420c957b3c37b588508f25a13a2cd44fee1f
EXPORTER_SECRET 80ba076247464e4d4a5b139f9c5e4220dff237a4454f3a551aea60cd60e06e1a c885884651bb873c7a546710fd65c5be85397481c70e987b84e7006d11a8aab3
CLIENT_HANDSHAKE_TRAFFIC_SECRET 13da0705c7bd75e2c95ff70f4ae4669d6ffca83fbae1cf4ccd0c38ba839551ba 4796873e128319e20a2db2f03364f7a2b8ca49a64bfbc2a8ba0544992187d188
CLIENT_HANDSHAKE_TRAFFIC_SECRET b698e8a3a16a37021cebccc846fba748a549bea6c535894aa30afe4678c79356 fc32844111c005da8bcf1787bb4bd8e9d5a5cca6028c7f4e2be20c3b88239ee7
SERVER_HANDSHAKE_TRAFFIC_SECRET 13da0705c7bd75e2c95ff70f4ae4669d6ffca83fbae1cf4ccd0c38ba839551ba a6733160beb50d9dd16c32e44b1a2440300ef2f9e9e4eea57d9578ad0cc1518f
SERVER_HANDSHAKE_TRAFFIC_SECRET b698e8a3a16a37021cebccc846fba748a549bea6c535894aa30afe4678c79356 8cb90d67d78ed3771ac58846886a42fddbb19017923896bf3ccfb2d78a67d4e5
CLIENT_TRAFFIC_SECRET_0 13da0705c7bd75e2c95ff70f4ae4669d6ffca83fbae1cf4ccd0c38ba839551ba 1b280bcde2d159c4718c26f1a30e1f70a879b687c578ea48a0289e73804e0aa9
CLIENT_TRAFFIC_SECRET_0 b698e8a3a16a37021cebccc846fba748a549bea6c535894aa30afe4678c79356 15d07b0f74df0938445867b0b93cc92ff324e36be76ba06764f9b66120f38ae9
SERVER_TRAFFIC_SECRET_0 13da0705c7bd75e2c95ff70f4ae4669d6ffca83fbae1cf4ccd0c38ba839551ba 7f21389f63e01f29fde5bbcda0af3f8d8ab150676c8908a784a5e6140ebe241f
SERVER_TRAFFIC_SECRET_0 b698e8a3a16a37021cebccc846fba748a549bea6c535894aa30afe4678c79356 a1fba72347508d4dc3b16a1c648068b79d13cb13001beabfdd7b9e456f145676
EXPORTER_SECRET 13da0705c7bd75e2c95ff70f4ae4669d6ffca83fbae1cf4ccd0c38ba839551ba 949dacc5329f48b2435f526a0c7de0a5078c496cc6fbc5811cefc5ac123c4086
EXPORTER_SECRET b698e8a3a16a37021cebccc846fba748a549bea6c535894aa30afe4678c79356 fa17cbfc9883752d29edf5a51936a4f3915fbc2e96e33312adf8db55a0b33a4e
CLIENT_HANDSHAKE_TRAFFIC_SECRET b6a056943e7517c21ada6dd2b0795c918e413bccd8a3d44e999c0f8a4e47b268 fa24f6c644757cd55badbdabc68640e156ab6fb8d9eb33433651bbd7b807d160
SERVER_HANDSHAKE_TRAFFIC_SECRET b6a056943e7517c21ada6dd2b0795c918e413bccd8a3d44e999c0f8a4e47b268 298c3cc95616acba553ad560b18b624ae295a5eef3931385d7288ce4f1fad81f
CLIENT_HANDSHAKE_TRAFFIC_SECRET 0d04f7f1737ac9c5772f56bf71d643476fce1b7bc23e0583b980082be1f97186 2025dae8a81aed73c753e45d5d6d46bebdf0829a52f6e199f12d415794f9823b
SERVER_HANDSHAKE_TRAFFIC_SECRET 0d04f7f1737ac9c5772f56bf71d643476fce1b7bc23e0583b980082be1f97186 671c0360206901462a4f6e84c6dbd85de63905be654972f52642f694e24debb0
CLIENT_TRAFFIC_SECRET_0 0d04f7f1737ac9c5772f56bf71d643476fce1b7bc23e0583b980082be1f97186 d11672f244a9e2f29d0e4f448133e342ee1f458a07402304c528a62c718b02e2
SERVER_TRAFFIC_SECRET_0 0d04f7f1737ac9c5772f56bf71d643476fce1b7bc23e0583b980082be1f97186 10c7cb1bc27ac252bb0ef6a04eae11a9439118ed2bfe4f8fb4020673bc36ac3a
EXPORTER_SECRET 0d04f7f1737ac9c5772f56bf71d643476fce1b7bc23e0583b980082be1f97186 3522ff2dd57adbdca982660416cf293ca95f8516f186026a4feea3eb64505bad
CLIENT_TRAFFIC_SECRET_0 b6a056943e7517c21ada6dd2b0795c918e413bccd8a3d44e999c0f8a4e47b268 8f6260de9a9dc6a48dd2c6c585d2112000b18df431981bd36a64d24bcf63a156
SERVER_TRAFFIC_SECRET_0 b6a056943e7517c21ada6dd2b0795c918e413bccd8a3d44e999c0f8a4e47b268 e73de345931dce9a722d5568236f33a2ebaec80b66aa273ec91d642afa615174
EXPORTER_SECRET b6a056943e7517c21ada6dd2b0795c918e413bccd8a3d44e999c0f8a4e47b268 91af255f4f436a4fcdf0f173abfe2e93d8f80c2fbe3d0086556838c7d7640a4f
CLIENT_HANDSHAKE_TRAFFIC_SECRET b0f4d1c9527d7f3562fc7a6fb98f684ecd2133d10e15ed70a20465a69fe0c896 42cd216609e39167022691302c7f47903787d8ff88b86026dcd1a8da8fb954bc
SERVER_HANDSHAKE_TRAFFIC_SECRET b0f4d1c9527d7f3562fc7a6fb98f684ecd2133d10e15ed70a20465a69fe0c896 0c09326ec766bdb6545cd20da5112fb35e3e7329d4f70dfa9e6e24827f5d1fe4
CLIENT_HANDSHAKE_TRAFFIC_SECRET 9bd091596809bc98e1cd79b791df61816514bc4dd529735ce0726c8cd809730e 141ce551dfa40356cdcd0f97707c44a34c31d403d657f4965eff2d2cb2681eb4
SERVER_HANDSHAKE_TRAFFIC_SECRET 9bd091596809bc98e1cd79b791df61816514bc4dd529735ce0726c8cd809730e 3b51d287e4d0781f10d210eb73b727847d319c2d9c4a1b5d75cb8ccadcec3a5a
CLIENT_TRAFFIC_SECRET_0 b0f4d1c9527d7f3562fc7a6fb98f684ecd2133d10e15ed70a20465a69fe0c896 8518a9cf7f1c8f1e80d924c1299b703747630d231803e077940309eebd0a0bdf
SERVER_TRAFFIC_SECRET_0 b0f4d1c9527d7f3562fc7a6fb98f684ecd2133d10e15ed70a20465a69fe0c896 96e815572fdcfa4897d6d6f6809f3182877bfe40c9555c5ae5c840743371778a
EXPORTER_SECRET b0f4d1c9527d7f3562fc7a6fb98f684ecd2133d10e15ed70a20465a69fe0c896 bf59aca1e9ae587e0eb6b2e1f272987e648d3671163f94dde9484cde84b42914
CLIENT_TRAFFIC_SECRET_0 9bd091596809bc98e1cd79b791df61816514bc4dd529735ce0726c8cd809730e 55731b4a35eccfebae61da926359a006c2f3a428cc7841f621d54da655902393
SERVER_TRAFFIC_SECRET_0 9bd091596809bc98e1cd79b791df61816514bc4dd529735ce0726c8cd809730e 3997ed5ee4dfbaf5f159e2e9afc360be097040c77760ab78d26f592f8fc4f945
EXPORTER_SECRET 9bd091596809bc98e1cd79b791df61816514bc4dd529735ce0726c8cd809730e 12cead5b56c3f4078ac6d8c18df765fbe924fd09a10765416b5b635905a37f99
CLIENT_HANDSHAKE_TRAFFIC_SECRET b74caa4b950ba00a16602cf9a3b8bfe282ae9fd8a667d95afa414c9005488db1 d15d4073236226732d2476dabd9fe51d4541553a743bd730607c54225ae7da1c
SERVER_HANDSHAKE_TRAFFIC_SECRET b74caa4b950ba00a16602cf9a3b8bfe282ae9fd8a667d95afa414c9005488db1 c25772fcd412438bb56d2887b43f45dc20ca4de6888baa04cf6862c4572136c4
CLIENT_TRAFFIC_SECRET_0 b74caa4b950ba00a16602cf9a3b8bfe282ae9fd8a667d95afa414c9005488db1 ed1b4a6497acb15a87f102c735925baa10f3d16d28cea7a2fd27a91cf8727766
SERVER_TRAFFIC_SECRET_0 b74caa4b950ba00a16602cf9a3b8bfe282ae9fd8a667d95afa414c9005488db1 01a11b6fb5df7dca28d2e5fa3fa0aa296cf5a0426c3ee8ad865e5ecf7f83b1a6
EXPORTER_SECRET b74caa4b950ba00a16602cf9a3b8bfe282ae9fd8a667d95afa414c9005488db1 97807575a27178a884bfe08f94e3ae60a943056dbc6e5fae711fd663eeb2b505
CLIENT_HANDSHAKE_TRAFFIC_SECRET c229cd0a02c745f64d9e056e15c7248a0b6b7fad133701e20e66a8b1c9c1fb60 db2952fb7c9639800976f8fc56c7277f5543e18bef2e9ee513026145a9ce5086
SERVER_HANDSHAKE_TRAFFIC_SECRET c229cd0a02c745f64d9e056e15c7248a0b6b7fad133701e20e66a8b1c9c1fb60 2975f7dfd458dc20df9bb2e6c94c882ba4c96d60d0a11b0a92bd3385d0e36f1c
CLIENT_HANDSHAKE_TRAFFIC_SECRET 3ef307e4ad22a407579e7beac57a65ba81d0a9fa6373c06ad5f5d17fa62f56da 2dd06ba0806cb5ef88eb81bbb09609813f9a565857b3cd3b93250715277a2ddd
SERVER_HANDSHAKE_TRAFFIC_SECRET 3ef307e4ad22a407579e7beac57a65ba81d0a9fa6373c06ad5f5d17fa62f56da 5fe2937bdbe7627cbabb70bdf28ee6b6daa53e79df4d60d0ef52a66702cbd8ca
CLIENT_TRAFFIC_SECRET_0 c229cd0a02c745f64d9e056e15c7248a0b6b7fad133701e20e66a8b1c9c1fb60 15c9b761ebde85724599c7cc40c82afa2d4efa253395061e7ab157983c164204
SERVER_TRAFFIC_SECRET_0 c229cd0a02c745f64d9e056e15c7248a0b6b7fad133701e20e66a8b1c9c1fb60 c414bfb91e6c096e7b388ea68dec318a30defe1a6f848e7ca1c258baeca36b8b
EXPORTER_SECRET c229cd0a02c745f64d9e056e15c7248a0b6b7fad133701e20e66a8b1c9c1fb60 d72af8a536b60f17244f720cb6a41bfdfa4f5ad4b8f3c3f0ad8299b996fce7bb
CLIENT_TRAFFIC_SECRET_0 3ef307e4ad22a407579e7beac57a65ba81d0a9fa6373c06ad5f5d17fa62f56da 2f890186f735c636c574ee10a0cd1a50b0f347ba2601b8699228908fe5bd1df3
SERVER_TRAFFIC_SECRET_0 3ef307e4ad22a407579e7beac57a65ba81d0a9fa6373c06ad5f5d17fa62f56da 49ca57c78cbc889fbce5c765941ef16b437edb8e0f2f0f99d0730605425e0207
EXPORTER_SECRET 3ef307e4ad22a407579e7beac57a65ba81d0a9fa6373c06ad5f5d17fa62f56da 83b651131c0f9933067e6fd7302453024a363866c0ac2c8b0eacb9318fb5af33
CLIENT_HANDSHAKE_TRAFFIC_SECRET a104c622cbd5b0c7a728a3187a421d5ef44cab3b02ed013d37666cee34de4f57 6ff3e82e99c5a98493acf190cbba8a6c23cb7a7640a404e2c06d481064901974
SERVER_HANDSHAKE_TRAFFIC_SECRET a104c622cbd5b0c7a728a3187a421d5ef44cab3b02ed013d37666cee34de4f57 350a6505fb2d7cac4c5c85d97b3aefdec07436a302fd55b7238469922e358664
CLIENT_TRAFFIC_SECRET_0 a104c622cbd5b0c7a728a3187a421d5ef44cab3b02ed013d37666cee34de4f57 c45c0fbe95ff22938d4e15f5a4e4b7edadab2772440f598a5f997c9a25364249
SERVER_TRAFFIC_SECRET_0 a104c622cbd5b0c7a728a3187a421d5ef44cab3b02ed013d37666cee34de4f57 e4fd6e8418cc8e0dd974cd9ebaac4ffdc4057d4b63f85a0e816b2e4869e5022d
EXPORTER_SECRET a104c622cbd5b0c7a728a3187a421d5ef44cab3b02ed013d37666cee34de4f57 a62aa656981bc2758479d016f851ac72ebaa3b0dbde52c35e663ebd14c1de418
CLIENT_HANDSHAKE_TRAFFIC_SECRET 529f28536f0585990b72bd1a09741d2438d981a5f12d814cce41da8288ef7054 a52e37bad9ea751da33d5d9ee0beccda0a235ae42cdb3c6077ef514db076a4fa
SERVER_HANDSHAKE_TRAFFIC_SECRET 529f28536f0585990b72bd1a09741d2438d981a5f12d814cce41da8288ef7054 358e35c15662839c85388d69c6a3d19c97a3f3593a86ea4fb3daae7c27606513
CLIENT_TRAFFIC_SECRET_0 529f28536f0585990b72bd1a09741d2438d981a5f12d814cce41da8288ef7054 e928efbe1768c916bdbe69cc2b91a844fa35825f22009e5201def13ab69435fc
SERVER_TRAFFIC_SECRET_0 529f28536f0585990b72bd1a09741d2438d981a5f12d814cce41da8288ef7054 e499027ea1b95c270df73ab7954542fcadccb32c335748299b27ee33d4e6c499
EXPORTER_SECRET 529f28536f0585990b72bd1a09741d2438d981a5f12d814cce41da8288ef7054 810e7d7e58248766939e7067987a3e46d094beade706940f7f453acfeb948bc6
CLIENT_HANDSHAKE_TRAFFIC_SECRET 7efadabb2d7d7621c4dc0aa291eb5c61bb35a3020f42889743acf497a14788a9 b13da213435d20ba41f8391b1e8e6ba3e4b70232987bac568b1b37e1b2601308
SERVER_HANDSHAKE_TRAFFIC_SECRET 7efadabb2d7d7621c4dc0aa291eb5c61bb35a3020f42889743acf497a14788a9 7ed6c0d936aa69c66c5cd30dd3a1578f09355519cb2fb524df7d0cde5c7b16f6
CLIENT_TRAFFIC_SECRET_0 7efadabb2d7d7621c4dc0aa291eb5c61bb35a3020f42889743acf497a14788a9 dbf5e497698b6424da6fa2bdb20cb2ba5fbecae95a17238e678723ee827ccaa9
SERVER_TRAFFIC_SECRET_0 7efadabb2d7d7621c4dc0aa291eb5c61bb35a3020f42889743acf497a14788a9 7f77435dbe8ddf4f4a0bdb97a9a405da97ec85e35c023d96a2454d4a302f21d2
EXPORTER_SECRET 7efadabb2d7d7621c4dc0aa291eb5c61bb35a3020f42889743acf497a14788a9 276bdf57dc4d4bee34b4d0cdec8eef9501cdd68f834e8adceec79b14b952757e
CLIENT_HANDSHAKE_TRAFFIC_SECRET 0566b924189346a5b5f58207c501fc6693c1abf6bea1db23edba8f5720efc1f4 89bd22298164b7e2692579db18d7a37bbcb23b1988e7cdd05f47e9e056c3cd37
SERVER_HANDSHAKE_TRAFFIC_SECRET 0566b924189346a5b5f58207c501fc6693c1abf6bea1db23edba8f5720efc1f4 d7727c6e8f6fed36ed1fafb176bdecde8bea581c6e7a56eea367c710e5f1e1c7
CLIENT_TRAFFIC_SECRET_0 0566b924189346a5b5f58207c501fc6693c1abf6bea1db23edba8f5720efc1f4 2ba75237befba0d424f7a037b01f5629a0e711e7e75c4526a1d2ceae39c58471
SERVER_TRAFFIC_SECRET_0 0566b924189346a5b5f58207c501fc6693c1abf6bea1db23edba8f5720efc1f4 8152d8332d86cfc026856f84a88598f62a30ce59e6bc64a8914318ee0e79bf84
EXPORTER_SECRET 0566b924189346a5b5f58207c501fc6693c1abf6bea1db23edba8f5720efc1f4 53575b97ade3de955b437656fa9502ed76aafcd1c5a8df22030ef508b3913339
CLIENT_HANDSHAKE_TRAFFIC_SECRET 2ab3ca5e10b7d2ec71fc574d841e1dd5a67f4f32f120f5ecc59f6534397fcb0b 75367c1742701b735790a501185244c3e4bf37ed9f66a0e9cb6900f10ddd411b
SERVER_HANDSHAKE_TRAFFIC_SECRET 2ab3ca5e10b7d2ec71fc574d841e1dd5a67f4f32f120f5ecc59f6534397fcb0b ebfbc16e9125f8f620df8af3bd0a169a5dbf2ae095a4337ad9f0f947c56be3c9
CLIENT_TRAFFIC_SECRET_0 2ab3ca5e10b7d2ec71fc574d841e1dd5a67f4f32f120f5ecc59f6534397fcb0b 768c13d80dca979a662adccbb3d1643012ad7f5cc86b56dbc14a471022976432
SERVER_TRAFFIC_SECRET_0 2ab3ca5e10b7d2ec71fc574d841e1dd5a67f4f32f120f5ecc59f6534397fcb0b 9a0019b9c8385e93ebd9dc5383b31307f7f7ca2fd4a7ff881d770ae523e40bbb
EXPORTER_SECRET 2ab3ca5e10b7d2ec71fc574d841e1dd5a67f4f32f120f5ecc59f6534397fcb0b 99e9829f37894222226dc88c79b81032ba16c11fc2a20c323e29ec30503c1c10
