CLIENT_HANDSHAKE_TRAFFIC_SECRET 3e07699b78287d1b8dccd9c3a8b6923110820ba998a887f3bcabf3f0ca8f8713 2835b08d0b7dbffed58f7f38f8270c4c3291aa3d162488edc81f32b65dd1995b
SERVER_HANDSHAKE_TRAFFIC_SECRET 3e07699b78287d1b8dccd9c3a8b6923110820ba998a887f3bcabf3f0ca8f8713 ea3d113af3d97f6ae9c206a44de84853fe1f023e48386507695ca3be2ed3dfa4
CLIENT_TRAFFIC_SECRET_0 3e07699b78287d1b8dccd9c3a8b6923110820ba998a887f3bcabf3f0ca8f8713 f3c906a3d866eee5914ad7c49e1514dec4b3dad966c0fad1773731a3a5d01a6a
SERVER_TRAFFIC_SECRET_0 3e07699b78287d1b8dccd9c3a8b6923110820ba998a887f3bcabf3f0ca8f8713 c120fb704fad37f098926ef3049a15ac2c4ae613354d4d819ff2df7873714f3a
EXPORTER_SECRET 3e07699b78287d1b8dccd9c3a8b6923110820ba998a887f3bcabf3f0ca8f8713 9c27d5b71b0b0954394843c86801db045d5835c397cdbd24febee1af0ae38470
CLIENT_HANDSHAKE_TRAFFIC_SECRET 9b9e0137817ad83ee6aca1f266982cab41e556b30b3d5af657e5c666243a0089 cf18a4f6fe4b9e352aafdbd109617fe7fd59796ce0457071f3f2ec147a95a61c
SERVER_HANDSHAKE_TRAFFIC_SECRET 9b9e0137817ad83ee6aca1f266982cab41e556b30b3d5af657e5c666243a0089 17882d8336b03805fc1bf05eeb56e63d8e5e29b2fd2f645484ff544477eed6d5
CLIENT_HANDSHAKE_TRAFFIC_SECRET 110bbc6cb767fca34b6b12d85972946bc037d053d8a7131cd7b49a97945fcdb9 130a20e1b3b91a5c314816671608cdc4a451e952ed6e899c08155f52fe0e17fd
SERVER_HANDSHAKE_TRAFFIC_SECRET 110bbc6cb767fca34b6b12d85972946bc037d053d8a7131cd7b49a97945fcdb9 856bc889ffd4f4e5268ac2545b598eb3c1734940316e8c187c7d65d3e60cbe7f
CLIENT_HANDSHAKE_TRAFFIC_SECRET 500dc075b3250fc778b6a149b864f6deadf2fdf8178d56e51814b313260373fd ceb82f59eb0ccb1e1ea7b61f42f1795d541e49cd4d395448ab77a3019735b9ab
SERVER_HANDSHAKE_TRAFFIC_SECRET 500dc075b3250fc778b6a149b864f6deadf2fdf8178d56e51814b313260373fd 5b58ba4d26d65a93906db9f69c5ea75962cbbbd0d9757d19e767d29b7a06e6d5
CLIENT_HANDSHAKE_TRAFFIC_SECRET 3ecf24ffd18bcbc2a073621e0f846b8edd8a057b0145ea3a10db29af3b179ac6 a0087cd835843ee1d3185e76887c0334384f779cdd21334db24abbfb7ad2486e
SERVER_HANDSHAKE_TRAFFIC_SECRET 3ecf24ffd18bcbc2a073621e0f846b8edd8a057b0145ea3a10db29af3b179ac6 a0ae9f30c197f2ab0db6b0762d132d9966de45c60ec10e812f3a9695edf6a831
CLIENT_HANDSHAKE_TRAFFIC_SECRET 1c78e336585741ddab63e56e6046421623c504f506b482f45fa815b098f65b8f 147e4740e3d2bc5fee6f895a97c9bb0098958717c01476b4b2f422f68359e445
SERVER_HANDSHAKE_TRAFFIC_SECRET 1c78e336585741ddab63e56e6046421623c504f506b482f45fa815b098f65b8f d95c306569a700cff6f1da994c70577381705f02beb8f250704fe9c65790c00a
CLIENT_HANDSHAKE_TRAFFIC_SECRET 8b9755413f7a7e2143919a47d9d5492613bb792ad05be267207c6265370b3448 65423b53d11aa1db73bccd22e3278b60b47f868751b92d61f2eca06860dcea19
CLIENT_HANDSHAKE_TRAFFIC_SECRET bbb629db36ce0e2a05ad95fdfd9b6571b81f15c19974094151a4876cb62a7545 2a05b94d621e7fb16269844ca27304de0ba10dcd7a119ef8628057c9c1ca7e12
SERVER_HANDSHAKE_TRAFFIC_SECRET 8b9755413f7a7e2143919a47d9d5492613bb792ad05be267207c6265370b3448 3b6d297ab82b93d31ac975b05b1906b2b37a923a52d7c65fb4327021bb2d8aa8
SERVER_HANDSHAKE_TRAFFIC_SECRET bbb629db36ce0e2a05ad95fdfd9b6571b81f15c19974094151a4876cb62a7545 2583411296ad5ecae5e2a6032fb58676330e9130ee047516cea28a1fdb4f465a
CLIENT_HANDSHAKE_TRAFFIC_SECRET 7b695ea402b47766d53ef6b1079dfb168b7db70736ccd26efeb2bb71665da0d3 fd398a4d1e21ddbf769779542e439e20776479cfca75fc1235d5975e7c76fb15
SERVER_HANDSHAKE_TRAFFIC_SECRET 7b695ea402b47766d53ef6b1079dfb168b7db70736ccd26efeb2bb71665da0d3 6bfbc029044943cbafb4c486e0d72c6eecc1f594ca45ac780158e771d14bd517
CLIENT_HANDSHAKE_TRAFFIC_SECRET 7b214064a81cac2bf72a94a762e5f2c7fbb1e95099dac43e0bb3d2a8729fca79 20cc26edb145fea7b9fd488982c964aaf03bb1716046b2785b5edf0429e322d3
SERVER_HANDSHAKE_TRAFFIC_SECRET 7b214064a81cac2bf72a94a762e5f2c7fbb1e95099dac43e0bb3d2a8729fca79 e0adba1dcd0777e4e54ee8fd9f983a654250ce5d6a326ebe6382b31035abdd0b
CLIENT_HANDSHAKE_TRAFFIC_SECRET 91de71fb7ae74234ec88a670c5fac9aa929c2a781ab6a4cd6832ebfdd3977b63 67ae605be4a42d4282271433e1427d3a9b123167d5a213140df3bbbf3df8d925
SERVER_HANDSHAKE_TRAFFIC_SECRET 91de71fb7ae74234ec88a670c5fac9aa929c2a781ab6a4cd6832ebfdd3977b63 d379f51eef2703a323f92436ac34a7091f158908d3293318bd15cf8dc1008fdc
CLIENT_TRAFFIC_SECRET_0 9b9e0137817ad83ee6aca1f266982cab41e556b30b3d5af657e5c666243a0089 ddf523606c1b5d4fb51a9a22cece0a20a8db4d7a8b43cb72d34b888481c6617c
SERVER_TRAFFIC_SECRET_0 9b9e0137817ad83ee6aca1f266982cab41e556b30b3d5af657e5c666243a0089 fe08cb69b18074b86b59a5179f4525ebbc0cf32ad9e74712925d3769975946f8
EXPORTER_SECRET 9b9e0137817ad83ee6aca1f266982cab41e556b30b3d5af657e5c666243a0089 8087cb7eb3d1b8d55fe6012626849187451f944ac79693efa511b37990554fc5
CLIENT_HANDSHAKE_TRAFFIC_SECRET d6affbe63ee1f4872d8309b8b6ba230b741edb6bb37cd9c5eebe121ff790a1ae 6072b4152b9dea34c564b159d3be08a9c3bcd49cb7b71c0a10bb508ec41e3297
CLIENT_HANDSHAKE_TRAFFIC_SECRET dbe7bf2ce7c1e19f5e28f2dfc6720bafcc7d4e6905adcd76fa83574ee0e0cbab 230a492efc7bbdf211aa0859229f8730f8e9848a0988dbbbc7a2aaced43fa812
SERVER_HANDSHAKE_TRAFFIC_SECRET d6affbe63ee1f4872d8309b8b6ba230b741edb6bb37cd9c5eebe121ff790a1ae 0723ea12f44fc277e53869b380d236305047ec5422bf4bcd938debca419ac706
SERVER_HANDSHAKE_TRAFFIC_SECRET dbe7bf2ce7c1e19f5e28f2dfc6720bafcc7d4e6905adcd76fa83574ee0e0cbab 4f43586e6835895602f4726ce0cd9c8b24f335b505ad2206eed587dd6ff918d6
CLIENT_TRAFFIC_SECRET_0 110bbc6cb767fca34b6b12d85972946bc037d053d8a7131cd7b49a97945fcdb9 794254ba47c0520f57ccd68422b5834b59c08bca3fa39fcf0f81840b6718a962
SERVER_TRAFFIC_SECRET_0 110bbc6cb767fca34b6b12d85972946bc037d053d8a7131cd7b49a97945fcdb9 0034f0c73ea9af3bde963e51f0a197461467eb619cb2c7f68952f4d20f15691f
EXPORTER_SECRET 110bbc6cb767fca34b6b12d85972946bc037d053d8a7131cd7b49a97945fcdb9 20d3af8eb40c2ed58143298b9477329705021ed11937c7580bdd43755dd6bf94
CLIENT_TRAFFIC_SECRET_0 500dc075b3250fc778b6a149b864f6deadf2fdf8178d56e51814b313260373fd d64e37a6c68ae0b4a0b66e66a0ad844e2dbd1ce4585e75094690d32b234a3302
SERVER_TRAFFIC_SECRET_0 500dc075b3250fc778b6a149b864f6deadf2fdf8178d56e51814b313260373fd 653e198688ccfb5020ffe31d926f72557c96f1941c46afeed1f8321afb5c9bbb
EXPORTER_SECRET 500dc075b3250fc778b6a149b864f6deadf2fdf8178d56e51814b313260373fd bf22e13dfae2a9360090380c23482bd9eb08918b510c45bca78a1ff288613645
CLIENT_HANDSHAKE_TRAFFIC_SECRET 531e4adc6264ff0219d52d04ff9dda2f86589c380ad0a6fddae05c5298d31c56 8d465a51a65e07fa59d31f194364ab51eb0fe1dae4f2bd65794aef9fefe2a035
SERVER_HANDSHAKE_TRAFFIC_SECRET 531e4adc6264ff0219d52d04ff9dda2f86589c380ad0a6fddae05c5298d31c56 f7b80842f405aecf6ceb0748ee4e863ec4ef2ea7c783b6374f0e948b8f6996d4
CLIENT_TRAFFIC_SECRET_0 1c78e336585741ddab63e56e6046421623c504f506b482f45fa815b098f65b8f 14e3c4ba050533ed07757bf5d828c3f577db3c80a8d36fab848ceb417fec2638
SERVER_TRAFFIC_SECRET_0 1c78e336585741ddab63e56e6046421623c504f506b482f45fa815b098f65b8f 124ed294d0cf1e1caec55acbcf8dc3f1970e3502c9b560480ce5a18df98943fd
EXPORTER_SECRET 1c78e336585741ddab63e56e6046421623c504f506b482f45fa815b098f65b8f e7ebd5c425d3fc0d8bf05482b0615e356731cfab4c9619276bdfdf93ce402b41
CLIENT_TRAFFIC_SECRET_0 3ecf24ffd18bcbc2a073621e0f846b8edd8a057b0145ea3a10db29af3b179ac6 52c62ce08da54cb88432510cb19fbeba0b006d262fe3ff01b5286eaa2884e7a3
SERVER_TRAFFIC_SECRET_0 3ecf24ffd18bcbc2a073621e0f846b8edd8a057b0145ea3a10db29af3b179ac6 78f785686cb6369bcfa910074fe9e0d875a7b9da0bc16f6b57b8bbd3f86a4262
EXPORTER_SECRET 3ecf24ffd18bcbc2a073621e0f846b8edd8a057b0145ea3a10db29af3b179ac6 f2d38f13a32af0a7270d99a5d565f161098d6a479284b1fb0c5ea761f99dc4dc
CLIENT_TRAFFIC_SECRET_0 bbb629db36ce0e2a05ad95fdfd9b6571b81f15c19974094151a4876cb62a7545 0608e2894402b909505c9d79e5088428020e06ceb0728af07102d8907a4c8b26
SERVER_TRAFFIC_SECRET_0 bbb629db36ce0e2a05ad95fdfd9b6571b81f15c19974094151a4876cb62a7545 8f6708aa537121f5daaa88d0247886c6b8db70b6542b0293b71099ca9133051d
EXPORTER_SECRET bbb629db36ce0e2a05ad95fdfd9b6571b81f15c19974094151a4876cb62a7545 8a50af7dded80ee74022149c605328bdf649d023db97ab3d1b56b1d44adcbc4b
CLIENT_TRAFFIC_SECRET_0 8b9755413f7a7e2143919a47d9d5492613bb792ad05be267207c6265370b3448 ec9a7522c030d05eab905a051f1f8e754a9e626c83c5b5d5d348da0c8aaebc8f
SERVER_TRAFFIC_SECRET_0 8b9755413f7a7e2143919a47d9d5492613bb792ad05be267207c6265370b3448 3d128b528df8871ff7989471551773875f9be8d60216c7d15043f20a8816ad08
EXPORTER_SECRET 8b9755413f7a7e2143919a47d9d5492613bb792ad05be267207c6265370b3448 d923a330d660e7c804921091b04bd6aa7ed645a9798f13bcb37753612d6cc680
CLIENT_TRAFFIC_SECRET_0 7b695ea402b47766d53ef6b1079dfb168b7db70736ccd26efeb2bb71665da0d3 e59267b7a9a32f1b3423dfc7e524c90dc65d4ba3a404a1a87d2dc199a89d4cb5
SERVER_TRAFFIC_SECRET_0 7b695ea402b47766d53ef6b1079dfb168b7db70736ccd26efeb2bb71665da0d3 6fabcb181efe75f8fb0a69a9c95daa2296e24ec0aa75e063a733b2d1720f81f8
EXPORTER_SECRET 7b695ea402b47766d53ef6b1079dfb168b7db70736ccd26efeb2bb71665da0d3 4d8595b78021a4b5f13e8e04f1cbd938932fee89f1f430b5efcf0529f43adb8d
CLIENT_TRAFFIC_SECRET_0 7b214064a81cac2bf72a94a762e5f2c7fbb1e95099dac43e0bb3d2a8729fca79 6cb21c456faa9b6e5101c12b38287c27988d8071af8f042505b6b23e6232e9c3
SERVER_TRAFFIC_SECRET_0 7b214064a81cac2bf72a94a762e5f2c7fbb1e95099dac43e0bb3d2a8729fca79 1db10f3035e31813ebecea245823ab7f866a79972d9a64eed6e0bb4467ed05aa
EXPORTER_SECRET 7b214064a81cac2bf72a94a762e5f2c7fbb1e95099dac43e0bb3d2a8729fca79 c47afdd7f0f8c74169a0862e1a71306b19e8f715393ce115664f20ff8c3d90ea
CLIENT_TRAFFIC_SECRET_0 91de71fb7ae74234ec88a670c5fac9aa929c2a781ab6a4cd6832ebfdd3977b63 43504760aa4b3f2f70e8d1f05a67ed6d2978e564cb156bc0e315b05e46456641
SERVER_TRAFFIC_SECRET_0 91de71fb7ae74234ec88a670c5fac9aa929c2a781ab6a4cd6832ebfdd3977b63 499bb2f93c7dd30a3f4cf9eb9a3537bb437556762abeb8efdd76a630d8b20d81
EXPORTER_SECRET 91de71fb7ae74234ec88a670c5fac9aa929c2a781ab6a4cd6832ebfdd3977b63 1da5bd7b847a42e8b2b75fcff4eee03b58cccc10b1a8e38f9f081e535f3db386
CLIENT_TRAFFIC_SECRET_0 dbe7bf2ce7c1e19f5e28f2dfc6720bafcc7d4e6905adcd76fa83574ee0e0cbab 964b660a4cc5a4f5796623fec38b8bdf8fbabc5bbc1e0ba027ff6cd1abba157c
SERVER_TRAFFIC_SECRET_0 dbe7bf2ce7c1e19f5e28f2dfc6720bafcc7d4e6905adcd76fa83574ee0e0cbab 2ad0afb691eb7e9df012ac96d4fb6e433186a131056722bdd355049aa1cb1863
EXPORTER_SECRET dbe7bf2ce7c1e19f5e28f2dfc6720bafcc7d4e6905adcd76fa83574ee0e0cbab 226e59430b89710b1d7260d6cd0cdc9f3f6b6ad3235246d7ffc9586639f59662
CLIENT_TRAFFIC_SECRET_0 d6affbe63ee1f4872d8309b8b6ba230b741edb6bb37cd9c5eebe121ff790a1ae 2f071caf33bc5ed78ed9b81b87ae19d680eec97a27bcbcd6a25e29557c5ad753
SERVER_TRAFFIC_SECRET_0 d6affbe63ee1f4872d8309b8b6ba230b741edb6bb37cd9c5eebe121ff790a1ae 0105f433ca1ed047f3fe6fb73daf8cd4801f8a8548361280c0f51c2de3e1c045
EXPORTER_SECRET d6affbe63ee1f4872d8309b8b6ba230b741edb6bb37cd9c5eebe121ff790a1ae b0b474b431f79342baf3493d8eb0228f69a2a297961196473ddf8ce8240f4d62
CLIENT_TRAFFIC_SECRET_0 531e4adc6264ff0219d52d04ff9dda2f86589c380ad0a6fddae05c5298d31c56 cb9ddce57700c2e26199e913905ef98aa5c9bd054c576578604c13878afdac3d
SERVER_TRAFFIC_SECRET_0 531e4adc6264ff0219d52d04ff9dda2f86589c380ad0a6fddae05c5298d31c56 86c4cb4b71a7a24ba64da08ec6f9579152be601b546102e5574a5f1d22b8046e
EXPORTER_SECRET 531e4adc6264ff0219d52d04ff9dda2f86589c380ad0a6fddae05c5298d31c56 37a8817f617cf596729f25c57b8526348e7e995de4c164c9edcfb00c251825e8
CLIENT_HANDSHAKE_TRAFFIC_SECRET f5dc0f6cf0c8cf4182e615b9b8600bd719608db348d3680a0c4febba273a0bbf 8a982eed3035b32128c52db29a4ff847fade140fd140da92899afc4de3d571ec
SERVER_HANDSHAKE_TRAFFIC_SECRET f5dc0f6cf0c8cf4182e615b9b8600bd719608db348d3680a0c4febba273a0bbf 0f2defc80d86ad6a373d5829d799142ec5942e6e1745f6df1cf305cba1670732
CLIENT_TRAFFIC_SECRET_0 f5dc0f6cf0c8cf4182e615b9b8600bd719608db348d3680a0c4febba273a0bbf c735ca29d03a6306555c05a335ed4468b97597e4f213966a5a455fe338bdb9b9
SERVER_TRAFFIC_SECRET_0 f5dc0f6cf0c8cf4182e615b9b8600bd719608db348d3680a0c4febba273a0bbf 641bf90c36cfb910410ee660cbcb3ccb3ba8aa121067101a437b8b899f761023
EXPORTER_SECRET f5dc0f6cf0c8cf4182e615b9b8600bd719608db348d3680a0c4febba273a0bbf b7415fff3b76d5c01198286d54c942310ea10121a9323a7b3535dadddf1ef00d
