CLIENT_HANDSHAKE_TRAFFIC_SECRET 9138ee79c016f71f599ef60d2d6b9639f754c962793aa03f613d558291f4aa24 5f72469bcd514e2c468ab5ffc5fc5d4937796a6eb80249025347937758f74fe2
SERVER_HANDSHAKE_TRAFFIC_SECRET 9138ee79c016f71f599ef60d2d6b9639f754c962793aa03f613d558291f4aa24 901168ffce5c480a06c1a05dd09d1111a8f286de9bd67165f4f5fd9ec13d4c12
CLIENT_TRAFFIC_SECRET_0 9138ee79c016f71f599ef60d2d6b9639f754c962793aa03f613d558291f4aa24 619508f362ea70cdf5b52969bd586eaab557ec3787d406f654d20a57531474d7
SERVER_TRAFFIC_SECRET_0 9138ee79c016f71f599ef60d2d6b9639f754c962793aa03f613d558291f4aa24 561078bb549a4eb183c73df74b811c1b4516960c5470bb7a58a9455af260d7f1
EXPORTER_SECRET 9138ee79c016f71f599ef60d2d6b9639f754c962793aa03f613d558291f4aa24 5e2e7fde1182526c427607657a1b38738f3d32ee2f9ce843df682ff05402ec60
CLIENT_HANDSHAKE_TRAFFIC_SECRET 6e0de31ac53d15b536dde8ecae9ad6e654a24398eee1a068750cfbc2949b8426 4c18d1d9b29b1a8eaba23ae74d0c76384f0f6025dc950a4acb1cbf038ea1dae4
SERVER_HANDSHAKE_TRAFFIC_SECRET 6e0de31ac53d15b536dde8ecae9ad6e654a24398eee1a068750cfbc2949b8426 0a2b3e607bb3d81c41c3fa35307caf9a109413a0af0fa3fcaf399f328cae0c50
CLIENT_HANDSHAKE_TRAFFIC_SECRET 7a0bc33e8165dcbf24599cbe59c523fa4b95932b46be89317bc40824003021be e49f754c51bc37222e23a42c3edbe223c28a6b12ce1be80912f96f1e7afe466c
SERVER_HANDSHAKE_TRAFFIC_SECRET 7a0bc33e8165dcbf24599cbe59c523fa4b95932b46be89317bc40824003021be 2fca40e6c85d8b5c7de57cde9b83c47015a5dc14c084151db86021b2eb07fb79
CLIENT_HANDSHAKE_TRAFFIC_SECRET d2e9d31da850fb7077401dd9959c01a54fd293b2a0a0de5f8d4ed2ec6d7b24b8 20eae17926a834654b682811bf751967e2e4557c2c08cede93232f81a7c30c4b
SERVER_HANDSHAKE_TRAFFIC_SECRET d2e9d31da850fb7077401dd9959c01a54fd293b2a0a0de5f8d4ed2ec6d7b24b8 5ee54d37f3f59824b66c4e7fd4de18e7d410de6fcba504047b8019b5e581dd3f
CLIENT_HANDSHAKE_TRAFFIC_SECRET cf59ed8dfe803761854611fd4e73b5d4d47cc3443dc9b7bdc61bb0a5c8626410 873845a52d1b55637e1f8a1439868719b7b9d48e77bc0a86d017b5a9f879b954
SERVER_HANDSHAKE_TRAFFIC_SECRET cf59ed8dfe803761854611fd4e73b5d4d47cc3443dc9b7bdc61bb0a5c8626410 4aacdb791a93fd9a01045db4dff05975c7b78a6c8ebe473a5711f5bedf90e6b3
CLIENT_HANDSHAKE_TRAFFIC_SECRET 7fa87fc156de87e8707ffe88b356d778656ca2821e56987cc0039da304f90a9b 3c1cb98e291816f9319b4865b6e8699876b9e86d525b9245a777ef25ac6cd690
SERVER_HANDSHAKE_TRAFFIC_SECRET 7fa87fc156de87e8707ffe88b356d778656ca2821e56987cc0039da304f90a9b 7aa33871318be690d02e94be65ba97e7d8d0de72a0a13e2006c3f26447d02490
CLIENT_HANDSHAKE_TRAFFIC_SECRET 7bb9938cb165f49bcff5ad9259879ac8d1171969a5fab508b3b3092fbf805b30 3fdb4aba012b557481890f47a22471afd9590ee0ef09698087cd6782b8d838c5
SERVER_HANDSHAKE_TRAFFIC_SECRET 7bb9938cb165f49bcff5ad9259879ac8d1171969a5fab508b3b3092fbf805b30 2ec302da301f2f643566eaa895336eafd380173d35b473fc0fec198f477a86c1
CLIENT_HANDSHAKE_TRAFFIC_SECRET 19ae36e5fca7d3ecc5ca5140c842fbd9c2489789f5378c54b706ad29ad79c2fe 4074da2d40036c0b47f564b66bc4ea9a959d2878603adab7aecddefcec7a7e19
SERVER_HANDSHAKE_TRAFFIC_SECRET 19ae36e5fca7d3ecc5ca5140c842fbd9c2489789f5378c54b706ad29ad79c2fe 510bf6efeefd7b3b17d5db7f65d7a7107cb6c99736c2c820cbd496425c3905e4
CLIENT_HANDSHAKE_TRAFFIC_SECRET 964b864f3e6832fa1a8416e08aace5275b245d12261ab808f0e2698307d1ee43 030c3df7f0926865e32e364a4b7f04ba161d256fa33801d2086407f7948f8315
SERVER_HANDSHAKE_TRAFFIC_SECRET 964b864f3e6832fa1a8416e08aace5275b245d12261ab808f0e2698307d1ee43 b156cb8e2d80736a64e05941de070c20462ef0ec6290e14aa1f65db96d6c45d2
CLIENT_HANDSHAKE_TRAFFIC_SECRET 559610bc343017066b5fc9b2882d66b6c2c38b32d99c101cb0da60e21d13f3b7 2436c5f397338cefe08874f97b699bf9f285eb0420d0cc8fce94d7c2885d7c6c
SERVER_HANDSHAKE_TRAFFIC_SECRET 559610bc343017066b5fc9b2882d66b6c2c38b32d99c101cb0da60e21d13f3b7 51fee6be4f1135a649b8f1ed0f1235ea9f9f7d16b49cbf1cb2bd8b2a0200b540
CLIENT_HANDSHAKE_TRAFFIC_SECRET bcaa1eb3b8d2869fe29678de177bfca69af3decc3047bdc22c47618a65f213f0 9a8e57d17f8c1a9f105fac30aba8548e2985a025c0336be53bdc327b6a6eec45
SERVER_HANDSHAKE_TRAFFIC_SECRET bcaa1eb3b8d2869fe29678de177bfca69af3decc3047bdc22c47618a65f213f0 74413d5e0244f466d2dbcfd6b1466a5afb779b51c52168f05d843af167f099b4
CLIENT_HANDSHAKE_TRAFFIC_SECRET 7feb2ebda53922ef953b31ed2c76118b6e30e3c888d30b756f95603f2ecfff07 4190f5adf4c29c2ae73201a43d0d94a4557c3859b7ec12a689cbd635a8842b61
SERVER_HANDSHAKE_TRAFFIC_SECRET 7feb2ebda53922ef953b31ed2c76118b6e30e3c888d30b756f95603f2ecfff07 a2bcfb0c2e62de64064a843bfd8ef9681504cacc345a3551be52d8c5e9761dc3
CLIENT_TRAFFIC_SECRET_0 6e0de31ac53d15b536dde8ecae9ad6e654a24398eee1a068750cfbc2949b8426 e5ef3cddce130ae0adca7994cd25dcf5103a5bde2b30e89597b37b5ecea1993e
SERVER_TRAFFIC_SECRET_0 6e0de31ac53d15b536dde8ecae9ad6e654a24398eee1a068750cfbc2949b8426 a2707f01845b6788fef3dc2d260e4ebfa9f27c6195d3f8699016c5a63bdbaa96
EXPORTER_SECRET 6e0de31ac53d15b536dde8ecae9ad6e654a24398eee1a068750cfbc2949b8426 0816e05ccdbbc26e7cf2afc3992fcd59371c742d3ef2c35238727c5d3660e69f
CLIENT_TRAFFIC_SECRET_0 7a0bc33e8165dcbf24599cbe59c523fa4b95932b46be89317bc40824003021be 766f2fcf145209c2e31e4c35bccc1587b1f02365f732fe719f3a7014a1205e7e
SERVER_TRAFFIC_SECRET_0 7a0bc33e8165dcbf24599cbe59c523fa4b95932b46be89317bc40824003021be 2be314008291afafd194edee7ae89d59069bfba810d10a815705d45c19dbf258
EXPORTER_SECRET 7a0bc33e8165dcbf24599cbe59c523fa4b95932b46be89317bc40824003021be 9ef7933fbd4faabd0affbe7876fe7f1f4ee0e2ad58f4d8ee05412fef6cdcdd6f
CLIENT_HANDSHAKE_TRAFFIC_SECRET 6372c98b31f671b9aa638888a36d094b79a3aaee9de808d936d65ddd088ab279 c02d04f55dd6b071aa64b270000da9fa5f888c0d19079bed6babf485c6949210
CLIENT_HANDSHAKE_TRAFFIC_SECRET f98d1c2a93bfbe9da57400964d36eb89cdfb046192e2609a243f2a757bc0a3f8 7bfe1f5e20bb9f8026c20a16b488f407c0364d5dea8420ffb9a055293f077fcd
SERVER_HANDSHAKE_TRAFFIC_SECRET 6372c98b31f671b9aa638888a36d094b79a3aaee9de808d936d65ddd088ab279 69a0f0f1b7e59b581e7cb1d4ab43bddfc778967ae4ce41d020304d7d962d0959
SERVER_HANDSHAKE_TRAFFIC_SECRET f98d1c2a93bfbe9da57400964d36eb89cdfb046192e2609a243f2a757bc0a3f8 86447920be296b647c1929c746a36e51dbe2124cae6bb6f20d16b3854f4e5cb5
CLIENT_TRAFFIC_SECRET_0 d2e9d31da850fb7077401dd9959c01a54fd293b2a0a0de5f8d4ed2ec6d7b24b8 09a77d6796d0362b4f30d413632c826b0a677f06f1843fa29f6a74e6fac81090
SERVER_TRAFFIC_SECRET_0 d2e9d31da850fb7077401dd9959c01a54fd293b2a0a0de5f8d4ed2ec6d7b24b8 403e6530b12f3c290c3fba62bef1aa4315ccf681eff9b75223b3abdf4eefc0b5
EXPORTER_SECRET d2e9d31da850fb7077401dd9959c01a54fd293b2a0a0de5f8d4ed2ec6d7b24b8 f2e42d7416cff100d208f67b1eded18c101c91e72ac8030a56cc1dfca91a3bd8
CLIENT_TRAFFIC_SECRET_0 cf59ed8dfe803761854611fd4e73b5d4d47cc3443dc9b7bdc61bb0a5c8626410 1a511ca3a4089c2dd8db76e013dcafdcf14ac1ea7df70a4f2ff3d38afadf6cc8
SERVER_TRAFFIC_SECRET_0 cf59ed8dfe803761854611fd4e73b5d4d47cc3443dc9b7bdc61bb0a5c8626410 28de75e9763883a40c12b0289973e5782a3d6087a2dcaa7aba691798586b19c9
EXPORTER_SECRET cf59ed8dfe803761854611fd4e73b5d4d47cc3443dc9b7bdc61bb0a5c8626410 66b4756aab4b20afe128c1c4a35b9064c8c3725eb12b53f53e3c7f6ecd8822c1
CLIENT_TRAFFIC_SECRET_0 7fa87fc156de87e8707ffe88b356d778656ca2821e56987cc0039da304f90a9b c14687974acaa46662e93d79af94e7bc3643a0a940f133ff17eb653149334954
SERVER_TRAFFIC_SECRET_0 7fa87fc156de87e8707ffe88b356d778656ca2821e56987cc0039da304f90a9b 2a3e80dfe967790b57fff119d9881a3de49ae1632de3a60572d502ac7158653d
EXPORTER_SECRET 7fa87fc156de87e8707ffe88b356d778656ca2821e56987cc0039da304f90a9b 940318054c9b9d01a9bffbafdac262fb01eec791858bcf388c3e1b818dfff177
CLIENT_TRAFFIC_SECRET_0 7bb9938cb165f49bcff5ad9259879ac8d1171969a5fab508b3b3092fbf805b30 4ea067d2a13f1dfe9b20ec57459fc70327942d069b71a14f9f20bdb11412973e
SERVER_TRAFFIC_SECRET_0 7bb9938cb165f49bcff5ad9259879ac8d1171969a5fab508b3b3092fbf805b30 de37b21c5f43f611513e8b7b5a7127250b2d9a89a2231e590e01754c07b8776d
EXPORTER_SECRET 7bb9938cb165f49bcff5ad9259879ac8d1171969a5fab508b3b3092fbf805b30 163fb922d63b44aa59c93d639e06444a2922675eb9a5c236ab37b1e8494ddbcb
CLIENT_TRAFFIC_SECRET_0 964b864f3e6832fa1a8416e08aace5275b245d12261ab808f0e2698307d1ee43 dd6c14ef47297d7d9de20aa6249e2734b0994166a5832eff0ac732912cedb921
SERVER_TRAFFIC_SECRET_0 964b864f3e6832fa1a8416e08aace5275b245d12261ab808f0e2698307d1ee43 ab1b246a815d13b2b85487bff610c8cb0c09276f1146125665d4ba153e8ae589
EXPORTER_SECRET 964b864f3e6832fa1a8416e08aace5275b245d12261ab808f0e2698307d1ee43 a44e5d28c9ceb92714c777c4ddb173802f5d5f7fa69e200788f10a6c89110d28
CLIENT_TRAFFIC_SECRET_0 19ae36e5fca7d3ecc5ca5140c842fbd9c2489789f5378c54b706ad29ad79c2fe 260d9811ff80e1443fe684aa25d62d7a368fd3628e2092fdf700c999631bb3b7
SERVER_TRAFFIC_SECRET_0 19ae36e5fca7d3ecc5ca5140c842fbd9c2489789f5378c54b706ad29ad79c2fe f551d522c445acd4ed5ca403ba614081d5f8838b333c7c712d68eeeacb3738a6
EXPORTER_SECRET 19ae36e5fca7d3ecc5ca5140c842fbd9c2489789f5378c54b706ad29ad79c2fe 4cfb8656f7fe6a7b7f0bdad3d297efe516cbb77d65928b18579d7de4143ff8a8
CLIENT_TRAFFIC_SECRET_0 559610bc343017066b5fc9b2882d66b6c2c38b32d99c101cb0da60e21d13f3b7 5e32e4a8742b25c5591a2e2a07f20b08fe4ee4a99adb54a214a57312bdecae2d
SERVER_TRAFFIC_SECRET_0 559610bc343017066b5fc9b2882d66b6c2c38b32d99c101cb0da60e21d13f3b7 ce8439cdf31d79a1775e080f294935025751bb4a59b78ee547fd97c50b8a9752
CLIENT_TRAFFIC_SECRET_0 bcaa1eb3b8d2869fe29678de177bfca69af3decc3047bdc22c47618a65f213f0 87a3fdca9cdcc08625eba061551281d319bdd1a29edfd86d4dd2c81890b6d441
EXPORTER_SECRET 559610bc343017066b5fc9b2882d66b6c2c38b32d99c101cb0da60e21d13f3b7 5a7d5cf48dc9b2f9c18fbbacb4f983f85384ecebda5acbc41a34114353ceb30a
SERVER_TRAFFIC_SECRET_0 bcaa1eb3b8d2869fe29678de177bfca69af3decc3047bdc22c47618a65f213f0 2140a4f49e1377d96cda6f27c7ac314d3b31ce16ee2b86b21e9ff70a3eac59a8
EXPORTER_SECRET bcaa1eb3b8d2869fe29678de177bfca69af3decc3047bdc22c47618a65f213f0 06627727d89a2bed8195ece95499c5b0af9b1b9ef3948292f4dbebcfb497fdb9
CLIENT_TRAFFIC_SECRET_0 7feb2ebda53922ef953b31ed2c76118b6e30e3c888d30b756f95603f2ecfff07 8d5fe5f053782b5edd2680a52917530cf6b8b2881ba9576063ec9bee5e36afb2
SERVER_TRAFFIC_SECRET_0 7feb2ebda53922ef953b31ed2c76118b6e30e3c888d30b756f95603f2ecfff07 d2dc44b6d947ee94ef8b2af90f859cadce36d1cc448153cad8f0074b35368104
EXPORTER_SECRET 7feb2ebda53922ef953b31ed2c76118b6e30e3c888d30b756f95603f2ecfff07 9db41345c1078e549944496812422080e02c007c0925d634d2e08c4f11c00010
CLIENT_TRAFFIC_SECRET_0 6372c98b31f671b9aa638888a36d094b79a3aaee9de808d936d65ddd088ab279 d1bc7cb1f5f66772bc013c1c89ca72152dfcc0ee534e308a4c80223a939c3e4d
SERVER_TRAFFIC_SECRET_0 6372c98b31f671b9aa638888a36d094b79a3aaee9de808d936d65ddd088ab279 0a26f1fea1552b6da11d74f22dec3a454a15319e6d4d07fa6c7a5d582e1105e7
EXPORTER_SECRET 6372c98b31f671b9aa638888a36d094b79a3aaee9de808d936d65ddd088ab279 b7b098d93a6f96c9a45c1f46d7cbf5a31bf925fb672ccb28427ce399a005f3ba
CLIENT_TRAFFIC_SECRET_0 f98d1c2a93bfbe9da57400964d36eb89cdfb046192e2609a243f2a757bc0a3f8 7ebdb1153940c7db3cb01fd78fb9172b3a57093733caaf006d1b816f351865b7
SERVER_TRAFFIC_SECRET_0 f98d1c2a93bfbe9da57400964d36eb89cdfb046192e2609a243f2a757bc0a3f8 31b1c78f56e190355fc2921858c979d705462361e867521d43b75f0d247eedf6
EXPORTER_SECRET f98d1c2a93bfbe9da57400964d36eb89cdfb046192e2609a243f2a757bc0a3f8 01a496eb4519bd4f2213d9594af8b5b9bbe6e29ce85c0d12fd1bb6c8ff7eef37
CLIENT_HANDSHAKE_TRAFFIC_SECRET fead68ad84d199189755c9bb0e608e7f31980e2a1f6dc7819e09070fbda6c5ae e8f30257da916eef273063767592af08bb5917b4d5fd178bc7382c7e1246cf5f
SERVER_HANDSHAKE_TRAFFIC_SECRET fead68ad84d199189755c9bb0e608e7f31980e2a1f6dc7819e09070fbda6c5ae 27c931df57d1e9d8acb82827115cabc49f2b7218fc95d13e2a0a37fc63b3e003
CLIENT_TRAFFIC_SECRET_0 fead68ad84d199189755c9bb0e608e7f31980e2a1f6dc7819e09070fbda6c5ae cf42421fd50c765fb83e764c39ba349e90bb8d857bb4106e7f7b6a3b1ad5ec98
SERVER_TRAFFIC_SECRET_0 fead68ad84d199189755c9bb0e608e7f31980e2a1f6dc7819e09070fbda6c5ae 60379c8b15c9c1c85662cf794b7806f58037abf06e6aa98784ecb8d40c68fca1
EXPORTER_SECRET fead68ad84d199189755c9bb0e608e7f31980e2a1f6dc7819e09070fbda6c5ae 568623545907d6a4dfafa126bee36758db856690e19bc5686f9eecf79aeb65bf
