CLIENT_HANDSHAKE_TRAFFIC_SECRET b4913e308ee07193d965a5125e2d2613dd2502e2e615316abcd1fe45424f1ee0 6ae86a14298ef79bad3e12089aec1480c25f8c3256388346d376012823df25ef
SERVER_HANDSHAKE_TRAFFIC_SECRET b4913e308ee07193d965a5125e2d2613dd2502e2e615316abcd1fe45424f1ee0 c73ee927be35d8154c2b5345d1b0787ff4209d4fc7214b832ea0c222fdded606
CLIENT_TRAFFIC_SECRET_0 b4913e308ee07193d965a5125e2d2613dd2502e2e615316abcd1fe45424f1ee0 1f07d026a3bf884835e9380531d0900632f9ef22749c21fedc440f439506abcb
SERVER_TRAFFIC_SECRET_0 b4913e308ee07193d965a5125e2d2613dd2502e2e615316abcd1fe45424f1ee0 b4a93026133e5b8c3f95ae0c954b1d27a6bc21ec46bb15082a6b79076078ce4c
EXPORTER_SECRET b4913e308ee07193d965a5125e2d2613dd2502e2e615316abcd1fe45424f1ee0 dc1b9eb9a786c128a2198dcd500366dce0a5c560490070e06071e5a84a7dbf6e
CLIENT_HANDSHAKE_TRAFFIC_SECRET 5e691e870d17e75763d947075686502fefe28822aa64cdcae48b024970c3236f 41a79853246ca79a5a639836fbc681150e59c29d4b0a888d9af7722ddc8ca5f7
SERVER_HANDSHAKE_TRAFFIC_SECRET 5e691e870d17e75763d947075686502fefe28822aa64cdcae48b024970c3236f 99a25e96b8ca40a11f0f2d3a2e681f14ef2fc4bf331d07caa94a7f7d8c945864
CLIENT_HANDSHAKE_TRAFFIC_SECRET 5cbddac195c4e8dc62e0f46596f74172d52b751c2fadb210fd10c9f57387bbfc 47069ad3d9eb8283aae2ff69d00a423ccb9b65ef3a509d9857c74f6ef4f7bb2b
SERVER_HANDSHAKE_TRAFFIC_SECRET 5cbddac195c4e8dc62e0f46596f74172d52b751c2fadb210fd10c9f57387bbfc 8a1a4d6f19078d3f1e526d0017db06bb8ffee631ce1f25b722e9b40c07efb106
CLIENT_HANDSHAKE_TRAFFIC_SECRET d9cbc4a79ba57ae37aaafd9484f9e8338dd1e24da20295bf20eafb8394c7f918 eadf6ca634029c6ba3da1d27ef0064e42bebc92015ecda272e73ccf9f004e9b3
SERVER_HANDSHAKE_TRAFFIC_SECRET d9cbc4a79ba57ae37aaafd9484f9e8338dd1e24da20295bf20eafb8394c7f918 82fcd086327bbc3647c8ad25a2c1d9ab6921816802a91db8a42495f2d1570891
CLIENT_HANDSHAKE_TRAFFIC_SECRET 1eadc2a1aa0d6f8760bcf451757457b7c9d61ffdb17487591edaafdc8180910e f297bc83964c9859095b5ea0bbf847ab28816aa6cb6c95d447700b12dea2445e
SERVER_HANDSHAKE_TRAFFIC_SECRET 1eadc2a1aa0d6f8760bcf451757457b7c9d61ffdb17487591edaafdc8180910e 83a446b6fa58d61f36ca825d4520af9dfcc982188cea6f50e0c6a2fec9c8fc9b
CLIENT_HANDSHAKE_TRAFFIC_SECRET a1f6c4f81c41d616184243df6d3ef16c5275b72fa856e91632154fea3c6b2215 e86bfd77deedaa5679a5ac75e840a17207e04ff0d3ad6f9ffbc1cdd97d51f127
SERVER_HANDSHAKE_TRAFFIC_SECRET a1f6c4f81c41d616184243df6d3ef16c5275b72fa856e91632154fea3c6b2215 531f17cea4d33d425f6b4e9a97743d1c848f596373ce0fff32d44165d05702f9
CLIENT_HANDSHAKE_TRAFFIC_SECRET bc9f02402016ba3f07ac4ecb762b39e91de71313447d66402f78a103ba756193 fc90a45bdc43f433b52c174f63395b0af50ed386b7e8911358649a0a8552cd14
SERVER_HANDSHAKE_TRAFFIC_SECRET bc9f02402016ba3f07ac4ecb762b39e91de71313447d66402f78a103ba756193 323a8194ac03a1d35996f94241885fe29be6bb156d8db532d8ec6964e8720666
CLIENT_TRAFFIC_SECRET_0 5e691e870d17e75763d947075686502fefe28822aa64cdcae48b024970c3236f 0f9a47fda6e333ea3940f5e2ae5be5bd5d638645631001e6f524ee8bf4b37c50
SERVER_TRAFFIC_SECRET_0 5e691e870d17e75763d947075686502fefe28822aa64cdcae48b024970c3236f 394b618b6c7eb0e12538dd901f8a3f41160187d44d72fff4738de72837edbc84
EXPORTER_SECRET 5e691e870d17e75763d947075686502fefe28822aa64cdcae48b024970c3236f 5e8c786012ed2b55869201163aaaeda9217e2800f18cecc3dfe72be4d1807a04
CLIENT_HANDSHAKE_TRAFFIC_SECRET cd691882ebd51dc808344d6d61085719412d28fc955129f42bcc7efc4d99346e 8204f00687129ca615b5ed290158b1c391de8902c2e00f96d34480fea663a8c7
SERVER_HANDSHAKE_TRAFFIC_SECRET cd691882ebd51dc808344d6d61085719412d28fc955129f42bcc7efc4d99346e 0d248d546a31230788d6c46333f3c094b3c975a042721742a3f854bbff11de94
CLIENT_TRAFFIC_SECRET_0 5cbddac195c4e8dc62e0f46596f74172d52b751c2fadb210fd10c9f57387bbfc 731e502788b133476c14e48f1d1180387bd10c805f67cfc04a0505677d8e601c
SERVER_TRAFFIC_SECRET_0 5cbddac195c4e8dc62e0f46596f74172d52b751c2fadb210fd10c9f57387bbfc dba2dcc850bb3b1664361be97e22365657b1ac4929f7fd15acebb6e366298cbe
EXPORTER_SECRET 5cbddac195c4e8dc62e0f46596f74172d52b751c2fadb210fd10c9f57387bbfc 9b847f046db472c47f4f7955429568dd2d34091fa361ae230dd6348def6f73cb
CLIENT_TRAFFIC_SECRET_0 d9cbc4a79ba57ae37aaafd9484f9e8338dd1e24da20295bf20eafb8394c7f918 573942f47202727c30e767b88a6a7ba8d3ab763269a66175d4a2883e7f534700
SERVER_TRAFFIC_SECRET_0 d9cbc4a79ba57ae37aaafd9484f9e8338dd1e24da20295bf20eafb8394c7f918 66fea3fbe58ee805cb55515e63c341d95867241cbfb39442f666ccddda1d8c65
EXPORTER_SECRET d9cbc4a79ba57ae37aaafd9484f9e8338dd1e24da20295bf20eafb8394c7f918 081d14b4d31a79d90faf3f3f6d0430324611af42dd11c799b2bd1f327202e1fc
CLIENT_TRAFFIC_SECRET_0 1eadc2a1aa0d6f8760bcf451757457b7c9d61ffdb17487591edaafdc8180910e 1e640d21dded2da304cc076ccd2a013f22aa357fbeafc77f0cda6b3d7fde8e85
SERVER_TRAFFIC_SECRET_0 1eadc2a1aa0d6f8760bcf451757457b7c9d61ffdb17487591edaafdc8180910e 18c26effb7f1d0acd2270b55a7bbbad4a5bf3c8e6afbfce26fe74fdb40129b27
EXPORTER_SECRET 1eadc2a1aa0d6f8760bcf451757457b7c9d61ffdb17487591edaafdc8180910e 0f84f2f25739ce706a9602268684eb5b9c4aaacdcf50361b84f329b0c15ff421
CLIENT_TRAFFIC_SECRET_0 a1f6c4f81c41d616184243df6d3ef16c5275b72fa856e91632154fea3c6b2215 2b828da07a9c172ddf04dc8aef1d519e44b2b3c2a26cddc73a2fb58ac5774c03
SERVER_TRAFFIC_SECRET_0 a1f6c4f81c41d616184243df6d3ef16c5275b72fa856e91632154fea3c6b2215 0fa95c844ea5ac5ccfb66cc5b896cbc1491cab46222906f733e2c166213102dc
EXPORTER_SECRET a1f6c4f81c41d616184243df6d3ef16c5275b72fa856e91632154fea3c6b2215 be75448a25300734e4efc045fdd2540ef6bb6b8e11bea08bcf6ee355a5c4e985
CLIENT_TRAFFIC_SECRET_0 bc9f02402016ba3f07ac4ecb762b39e91de71313447d66402f78a103ba756193 0ebbb155a06fc70730740da91497669e6b08d7809724e50e8bab22f9a40eaa8d
SERVER_TRAFFIC_SECRET_0 bc9f02402016ba3f07ac4ecb762b39e91de71313447d66402f78a103ba756193 7f3377f4ca6dba9d4061464a351b9ea0e47031afde29d54deee8a5902732bc9c
EXPORTER_SECRET bc9f02402016ba3f07ac4ecb762b39e91de71313447d66402f78a103ba756193 482bbfd3b326091e1b5d2017a9b1ad5812251369a85fc4a22bc3f1c6b54b013a
CLIENT_TRAFFIC_SECRET_0 cd691882ebd51dc808344d6d61085719412d28fc955129f42bcc7efc4d99346e 2cc13fcf4840b1cbe19fe3fd7ed45e1c46d6d972929397a20212f13aa406940c
SERVER_TRAFFIC_SECRET_0 cd691882ebd51dc808344d6d61085719412d28fc955129f42bcc7efc4d99346e 72b8bb148c67770e8fb55f3640edbc1d2eb650caf56b00b8a532b48a29c60b9a
EXPORTER_SECRET cd691882ebd51dc808344d6d61085719412d28fc955129f42bcc7efc4d99346e 49a31106b7571df33ffcc49b69559686168212df29b3c206c5dfdf457766ecca
CLIENT_HANDSHAKE_TRAFFIC_SECRET 9214ffbf1a6d466d89a3c946b90fc8c0f1253d0f1afa693fca705113763202ae 0e469f264189e3f91328aee47152884b7e2bb32602b39e8d2bfedeea947eb50e
SERVER_HANDSHAKE_TRAFFIC_SECRET 9214ffbf1a6d466d89a3c946b90fc8c0f1253d0f1afa693fca705113763202ae c176201e01a61eba1ff65f35f240b2fc70625713b8e035e5106d848bf33f8e47
CLIENT_TRAFFIC_SECRET_0 9214ffbf1a6d466d89a3c946b90fc8c0f1253d0f1afa693fca705113763202ae 322aa00c96429fd42d69e0e5bd1335935bdb4988282401865b94904c970d4bd0
SERVER_TRAFFIC_SECRET_0 9214ffbf1a6d466d89a3c946b90fc8c0f1253d0f1afa693fca705113763202ae 238cdb4f42ac3e9c85d7914a94e425fc3e2e22d479d4e9c5d9a4fdca3d7188c3
EXPORTER_SECRET 9214ffbf1a6d466d89a3c946b90fc8c0f1253d0f1afa693fca705113763202ae 91d9f4039e5b4fd5112bb675a4be9720f94b80c16a929d624e9334b2d12014e1
