CLIENT_HANDSHAKE_TRAFFIC_SECRET 60dc28c6dd903cfcec5c0c9ca02b59b95a144ff41d4f00d63dd7ecf3668d067c 134f650ad5dc1425e52bf509027219e04afa14bd1601165e0d87400cd238db30
SERVER_HANDSHAKE_TRAFFIC_SECRET 60dc28c6dd903cfcec5c0c9ca02b59b95a144ff41d4f00d63dd7ecf3668d067c 062fff45ad4627fae1a3a829e0ca0a1df4288d4bcfef544824c09207ba7a29d6
CLIENT_TRAFFIC_SECRET_0 60dc28c6dd903cfcec5c0c9ca02b59b95a144ff41d4f00d63dd7ecf3668d067c 59687b01274b67f74438fbee6d8586bc3a0ecf1f5debaa21900232678a3c002d
SERVER_TRAFFIC_SECRET_0 60dc28c6dd903cfcec5c0c9ca02b59b95a144ff41d4f00d63dd7ecf3668d067c cb4d1779f364a500395ea6ec7cbdcaa0259e2db27775b5e24c26c33b86bf731b
EXPORTER_SECRET 60dc28c6dd903cfcec5c0c9ca02b59b95a144ff41d4f00d63dd7ecf3668d067c 9e5bbfd7d5164720b720ec55824829f3540ec4dd6ce3aa67af7fedcddae20c1c
CLIENT_HANDSHAKE_TRAFFIC_SECRET 7e50ee2e02cf94b0e87ad8ce419cdb7b986b80018f4964618cd1569f656c6538 445871a4c010f116d3ad40fd901618bccb4f5c24bf407a4b39585b0bf901a695
SERVER_HANDSHAKE_TRAFFIC_SECRET 7e50ee2e02cf94b0e87ad8ce419cdb7b986b80018f4964618cd1569f656c6538 311a24a4084aa37db24f3306df6894f220254096e86d929ebe164547031ec289
CLIENT_HANDSHAKE_TRAFFIC_SECRET cdc2a8dc14895720bd4cbf3b5b02f8b7619bb96d97e420bfe4644689c4d029b0 d444be0ea165ef5d7c695538bdcb013ad7b349022666db8daa7908dfbd703806
SERVER_HANDSHAKE_TRAFFIC_SECRET cdc2a8dc14895720bd4cbf3b5b02f8b7619bb96d97e420bfe4644689c4d029b0 a5f49e78c0f12c4ea21da654c3d756ca4d7cea972465347db32758b308f4f7cc
CLIENT_HANDSHAKE_TRAFFIC_SECRET 15550c5dc8cb6f00e19086a7f6ebc910137e3d21cff8a66b5be62986241b7a8e ef8d0049320ac44b48948a3c3c1c6daf980a27a23d929dce0de6d06e7faf4b9f
SERVER_HANDSHAKE_TRAFFIC_SECRET 15550c5dc8cb6f00e19086a7f6ebc910137e3d21cff8a66b5be62986241b7a8e 4bf8616ff1c1815fd1b025fb6e21636a1e99300f8a3bced4ccfdb360fea1915b
CLIENT_HANDSHAKE_TRAFFIC_SECRET 8a3d5f0907e081286579ddf8d5c4d7183e63cfbdf3edb76e93406a181252d047 02c14fca19b77d9e00767e32cbbd370c6c23f0c3be6b2dbf595e65785f4c1bd9
SERVER_HANDSHAKE_TRAFFIC_SECRET 8a3d5f0907e081286579ddf8d5c4d7183e63cfbdf3edb76e93406a181252d047 6245f2a98063dfb4e2700e03f58e3fa7b14cb83dcd9ef280cc65e7dc5f148388
CLIENT_HANDSHAKE_TRAFFIC_SECRET e2dc8f0a80d1e1ad2a172cd28b7a47ad4c7773caf7120feecb3facc31e5dd1e8 d81e65362e72edd0dbcf4b62b646ba0209e4d1b43000d202923e60fb04bd3c82
SERVER_HANDSHAKE_TRAFFIC_SECRET e2dc8f0a80d1e1ad2a172cd28b7a47ad4c7773caf7120feecb3facc31e5dd1e8 d6bcad66942a52a0f88de47ff3de06fe55bb77d4713254ba0e9337ea3449d6a3
CLIENT_HANDSHAKE_TRAFFIC_SECRET 81998550f4ef8b444c4c0ee86b2e1d8f00e9696bdf8f01d5e784a62534b4751e 8214e59252e9fe69bab8aab9301773ecf93d6cb763635afac5b3ff22c5b7fa74
SERVER_HANDSHAKE_TRAFFIC_SECRET 81998550f4ef8b444c4c0ee86b2e1d8f00e9696bdf8f01d5e784a62534b4751e d17925211504f9184dea23729104b54fd9e4582846f82fe27e34ced7ddc62556
CLIENT_HANDSHAKE_TRAFFIC_SECRET 7b7569c5855c1cc8a054fe8ce7e14ba445cf466d7f981cb1c232a30c5ec99e37 f314e601fc839f492780ef4d59cc802df638ade1b5ec4936653a7bcfb7e51047
SERVER_HANDSHAKE_TRAFFIC_SECRET 7b7569c5855c1cc8a054fe8ce7e14ba445cf466d7f981cb1c232a30c5ec99e37 fe13c0be0dbfaac2085ee71f0763c7147ca38b8ec027b37dba1fbfd051d67c70
CLIENT_HANDSHAKE_TRAFFIC_SECRET f25dda8f7e1f2dfd474525c998bb577281f5014731f35cd83bcf42e06dc9e32e e462f4fecd65c93e253100053943bd9080dec3fcba212cc074936e540b335773
SERVER_HANDSHAKE_TRAFFIC_SECRET f25dda8f7e1f2dfd474525c998bb577281f5014731f35cd83bcf42e06dc9e32e b5fed1ceee8e127df6d90fee2257b50a7dbd0e0a5eefb2c84f96259c79065ac0
CLIENT_HANDSHAKE_TRAFFIC_SECRET 74c83cedcee7dfc6001c738c62a4b2cd82935975cc92db408afdcf90d16a9f21 046443f31d0b65c2b165ffdc497c2963c7ef6871597554dbb247240d21124150
SERVER_HANDSHAKE_TRAFFIC_SECRET 74c83cedcee7dfc6001c738c62a4b2cd82935975cc92db408afdcf90d16a9f21 81ee09abe3ecbfaa393797d59cbacaf4ddf562b07aab0769b032402ec5846bc5
CLIENT_TRAFFIC_SECRET_0 7e50ee2e02cf94b0e87ad8ce419cdb7b986b80018f4964618cd1569f656c6538 478dc4b6ff612db906c116e2c40e924ad7a4bdffbef3dead729bd638db72bf6e
SERVER_TRAFFIC_SECRET_0 7e50ee2e02cf94b0e87ad8ce419cdb7b986b80018f4964618cd1569f656c6538 c9729b9cd9b444fbb411d7756e9f5be41512b5212717f36e89aaed064f9d8348
EXPORTER_SECRET 7e50ee2e02cf94b0e87ad8ce419cdb7b986b80018f4964618cd1569f656c6538 097f9e06764698dc1431d94c8838d4ef76faa95ae0010057ef3b441b360250b2
CLIENT_HANDSHAKE_TRAFFIC_SECRET 0afc211bdfcfa180ffcca61d7ea8b2ab0f6a54dfffc3a0f630866e0c695a54b2 5df5ea99e55873c8b8fc3cb07c92a63a4adce074a287651d57a1f605d584dc26
SERVER_HANDSHAKE_TRAFFIC_SECRET 0afc211bdfcfa180ffcca61d7ea8b2ab0f6a54dfffc3a0f630866e0c695a54b2 1e2e49b2eb64c91ac13fb29adfeefe929cf693d3f8d6f55a5fe29034c704bdb4
CLIENT_TRAFFIC_SECRET_0 cdc2a8dc14895720bd4cbf3b5b02f8b7619bb96d97e420bfe4644689c4d029b0 33723b635fb11b2491930b7ea4a7458d03458697caa8940414dfd3d9e83cde93
SERVER_TRAFFIC_SECRET_0 cdc2a8dc14895720bd4cbf3b5b02f8b7619bb96d97e420bfe4644689c4d029b0 2e82264adaf26d9d61b11abc5707fe891b5c0a4c00c0a85cbf52b9b4433a0f9b
EXPORTER_SECRET cdc2a8dc14895720bd4cbf3b5b02f8b7619bb96d97e420bfe4644689c4d029b0 2f2b9bf1da0e942bc90b15e830726be8020e588ebbf857770fbfcb6ddb6b8e20
CLIENT_TRAFFIC_SECRET_0 15550c5dc8cb6f00e19086a7f6ebc910137e3d21cff8a66b5be62986241b7a8e 25cd778dc5d2ed413f2f01d0978c220fc465f17bc7c7795de5d5d5ee6205c7eb
SERVER_TRAFFIC_SECRET_0 15550c5dc8cb6f00e19086a7f6ebc910137e3d21cff8a66b5be62986241b7a8e c80abde3f798c0b8664d8ecfe1f3fd54271f1188c15a2e3fbf71ae700d7aca5e
EXPORTER_SECRET 15550c5dc8cb6f00e19086a7f6ebc910137e3d21cff8a66b5be62986241b7a8e 71717cf0cd388e55ea83c067ab3b4712cd3bf861c60693793edb8b7290109fcb
CLIENT_TRAFFIC_SECRET_0 8a3d5f0907e081286579ddf8d5c4d7183e63cfbdf3edb76e93406a181252d047 6f233af7e797e09cab40a522d162040b85abbfe8732a7cd6e3083604764012c5
SERVER_TRAFFIC_SECRET_0 8a3d5f0907e081286579ddf8d5c4d7183e63cfbdf3edb76e93406a181252d047 e53bdab16ac3757cf8ebdc84a2e377f35ccf00d36f63ca541d61b697f01b65bf
EXPORTER_SECRET 8a3d5f0907e081286579ddf8d5c4d7183e63cfbdf3edb76e93406a181252d047 732164f820bbfa724bbd591b4292439dac789e9d7cc762b126de25b07be5b957
CLIENT_TRAFFIC_SECRET_0 e2dc8f0a80d1e1ad2a172cd28b7a47ad4c7773caf7120feecb3facc31e5dd1e8 e2c1412fc6597d27e83ee2f461269a65a5fcf4e94a4ec5ae6e344350b7fb3ad1
SERVER_TRAFFIC_SECRET_0 e2dc8f0a80d1e1ad2a172cd28b7a47ad4c7773caf7120feecb3facc31e5dd1e8 c995ba5770f99566eafd189c983104d4a7887b3830e3b50781a8a24f7f509208
EXPORTER_SECRET e2dc8f0a80d1e1ad2a172cd28b7a47ad4c7773caf7120feecb3facc31e5dd1e8 531e8c1a3e54efb678ce7cf14e36ef01e466a17fa932053894d14f2f332c3b3b
CLIENT_HANDSHAKE_TRAFFIC_SECRET aca1a43a9428d80968c8fc6fa48944cec69e62153ddf94124142eb22096f5d42 c8e2e1e32360067c013d1a15de4d1de4a81bd244ea189b29e12d544a1c1f6831
SERVER_HANDSHAKE_TRAFFIC_SECRET aca1a43a9428d80968c8fc6fa48944cec69e62153ddf94124142eb22096f5d42 3606b8cdefea58fe74c4a71fefe278dc435334f21c73446a2ae1b11416394cec
CLIENT_HANDSHAKE_TRAFFIC_SECRET 01e0b4bca50340c7f73e42b0d299ec8a13b31e40b61d493d40a4f79dfdce7ec4 a6b690cb7c2ca8b86d53f2558a19ed35011df3707ce178ac25fb5081ffd5cb0c
SERVER_HANDSHAKE_TRAFFIC_SECRET 01e0b4bca50340c7f73e42b0d299ec8a13b31e40b61d493d40a4f79dfdce7ec4 9733ccd11a8c6c7acf5eee67febcfe17eb914409a8db94723e472b610850b2c0
CLIENT_TRAFFIC_SECRET_0 81998550f4ef8b444c4c0ee86b2e1d8f00e9696bdf8f01d5e784a62534b4751e f00d450c90f24071a7fcd39e1ffbc36f655521c2fbb44d986f34c7b5366c00b9
SERVER_TRAFFIC_SECRET_0 81998550f4ef8b444c4c0ee86b2e1d8f00e9696bdf8f01d5e784a62534b4751e 7f3133a7db242f9d7085c2b0a2db3782206e4a2343a93c4815be9be03da7b6f2
EXPORTER_SECRET 81998550f4ef8b444c4c0ee86b2e1d8f00e9696bdf8f01d5e784a62534b4751e 51642878b4c334d207189b199e4aa3fa203767d1e69099bb58668d957f11e784
CLIENT_TRAFFIC_SECRET_0 7b7569c5855c1cc8a054fe8ce7e14ba445cf466d7f981cb1c232a30c5ec99e37 24fdf82e422e7397ea6d7d42d9e1fe9bbdcd6a82e049e63843c8231434e4d8d2
SERVER_TRAFFIC_SECRET_0 7b7569c5855c1cc8a054fe8ce7e14ba445cf466d7f981cb1c232a30c5ec99e37 eda0696d517afaf01f45494ca53eeb90ef77ecc17852c9c2c5a921e62b485097
EXPORTER_SECRET 7b7569c5855c1cc8a054fe8ce7e14ba445cf466d7f981cb1c232a30c5ec99e37 327d6532aae0ce54782c337d5d955faef19cda78ab2fd42734341955c4acc678
CLIENT_TRAFFIC_SECRET_0 f25dda8f7e1f2dfd474525c998bb577281f5014731f35cd83bcf42e06dc9e32e 008f9a8bfb8d5de0bf34fc0bf01ce9c35d4c3b5f1a001d2f52bef2d2441b877f
SERVER_TRAFFIC_SECRET_0 f25dda8f7e1f2dfd474525c998bb577281f5014731f35cd83bcf42e06dc9e32e 583168863b088c0ff47272d80abd0622cf154dc51803ed426679237744e92f59
EXPORTER_SECRET f25dda8f7e1f2dfd474525c998bb577281f5014731f35cd83bcf42e06dc9e32e 1ac5360a9f4cfdfdb6032960905ae590272974098eb708fa479f1045262d4546
CLIENT_TRAFFIC_SECRET_0 74c83cedcee7dfc6001c738c62a4b2cd82935975cc92db408afdcf90d16a9f21 e6ab11b20c1c2006a1d7bdd947c52aea89d9d6a4ec6fb8e420b2fef39b04a147
SERVER_TRAFFIC_SECRET_0 74c83cedcee7dfc6001c738c62a4b2cd82935975cc92db408afdcf90d16a9f21 676763d7f054a51abf546b640a2d33367d65d219b28078c9ca5b8468d8e6e4ee
EXPORTER_SECRET 74c83cedcee7dfc6001c738c62a4b2cd82935975cc92db408afdcf90d16a9f21 fc097b66ea5287203bbc3b10e5cb8d4403afaea3df00752b5e7431acc874cc7e
CLIENT_TRAFFIC_SECRET_0 0afc211bdfcfa180ffcca61d7ea8b2ab0f6a54dfffc3a0f630866e0c695a54b2 78c9c7ba1d2d4b6cb49bd94aad68cbc8ec0958530cd3b198ef5d1b938ae09b54
SERVER_TRAFFIC_SECRET_0 0afc211bdfcfa180ffcca61d7ea8b2ab0f6a54dfffc3a0f630866e0c695a54b2 8fa5f5754452cc5c070eebd094d7d1468202aaca6928b737b5aa6edf94b38395
EXPORTER_SECRET 0afc211bdfcfa180ffcca61d7ea8b2ab0f6a54dfffc3a0f630866e0c695a54b2 d712180cca16ed3ebd7a704823721bfc67d7b88c1d2c765b4586c40c8310bb8e
CLIENT_TRAFFIC_SECRET_0 aca1a43a9428d80968c8fc6fa48944cec69e62153ddf94124142eb22096f5d42 60a6764e51aa276730988ec87c690800b448688a5f8f28eb93c24a38e2e8286e
SERVER_TRAFFIC_SECRET_0 aca1a43a9428d80968c8fc6fa48944cec69e62153ddf94124142eb22096f5d42 7bb39fdd44052c9232c3f126a03a8c2cd08b84b0894885a3b079b9bd27569dae
EXPORTER_SECRET aca1a43a9428d80968c8fc6fa48944cec69e62153ddf94124142eb22096f5d42 e1a9210e926dce6e977a39ee2b908fcaa2a5a0b268803bce3d8864b832f8fa76
CLIENT_TRAFFIC_SECRET_0 01e0b4bca50340c7f73e42b0d299ec8a13b31e40b61d493d40a4f79dfdce7ec4 a8932a7bfbfdc949c326b2260c838d6448ff8d4276023ad6baa4239d7f3b2d36
SERVER_TRAFFIC_SECRET_0 01e0b4bca50340c7f73e42b0d299ec8a13b31e40b61d493d40a4f79dfdce7ec4 af33407b878f2389521b26c302f954b6e4d4b35b9f875272a294adc8104902da
EXPORTER_SECRET 01e0b4bca50340c7f73e42b0d299ec8a13b31e40b61d493d40a4f79dfdce7ec4 7403d71241fcc59fb6c3b2d88e0b1c0bbb49bd5d80e16795500a0f83e3dc3fb6
