CLIENT_HANDSHAKE_TRAFFIC_SECRET 5e40cb894ff7b6a669a6ce043eee26db6db1bd8fab00326ddca69d6bd8745efb ccf93d8461a447501a3c563bdbd33986bddef6e536e2169a566cad0e1338d501
SERVER_HANDSHAKE_TRAFFIC_SECRET 5e40cb894ff7b6a669a6ce043eee26db6db1bd8fab00326ddca69d6bd8745efb 7a62d32badaf560b918a7b151469d0294c1864bd632e90be9053cc1abeddeb21
CLIENT_TRAFFIC_SECRET_0 5e40cb894ff7b6a669a6ce043eee26db6db1bd8fab00326ddca69d6bd8745efb c21cb5b9d7b59caa6969b66e57788127c4e25e3cfbbee52e0d29bcf587b6f99a
SERVER_TRAFFIC_SECRET_0 5e40cb894ff7b6a669a6ce043eee26db6db1bd8fab00326ddca69d6bd8745efb 323c34274f93b0825dcb4e981aa21017b2bac368f0a8df0a3a3c6c67f9b9de8c
EXPORTER_SECRET 5e40cb894ff7b6a669a6ce043eee26db6db1bd8fab00326ddca69d6bd8745efb 383bcf3853da55731b15ce41b342e23f876380a0a994d2f94f769b962f17f2a1
CLIENT_HANDSHAKE_TRAFFIC_SECRET 3fc7e3cbe249a7b2da19c1e7a18ddc4c4845466477bc67212e74ffadb7723ebc a76432faf452dd76c3297d31ee8ca12f8f01c76faa0c0480170d7c0b99c30186
SERVER_HANDSHAKE_TRAFFIC_SECRET 3fc7e3cbe249a7b2da19c1e7a18ddc4c4845466477bc67212e74ffadb7723ebc cdfcfe59979b8b9ddde463f246b0f48174c379b9819f16ad1bd9edf2342c59d1
CLIENT_HANDSHAKE_TRAFFIC_SECRET 86a2d58dbe94fa113e3d4042d9486edaf37662b247d198ef0e1f2e838b9ea0da 19bdf7cae28499fdbba2a9a98c80412a43be6d2169d2cea1c4c0ca703d8eef56
SERVER_HANDSHAKE_TRAFFIC_SECRET 86a2d58dbe94fa113e3d4042d9486edaf37662b247d198ef0e1f2e838b9ea0da 0baaeb04ec1e3c8f3c1add93153497eed4aa6b26d889edea63c63f445cf63095
CLIENT_TRAFFIC_SECRET_0 3fc7e3cbe249a7b2da19c1e7a18ddc4c4845466477bc67212e74ffadb7723ebc f38113e15d1e480add7ffd6f0ebb69724da6171f8a92452f32a29777073f27e9
SERVER_TRAFFIC_SECRET_0 3fc7e3cbe249a7b2da19c1e7a18ddc4c4845466477bc67212e74ffadb7723ebc 7e5472e3559b038cc7eb4140f1712ca275800642fec82f2753f342c941de4808
EXPORTER_SECRET 3fc7e3cbe249a7b2da19c1e7a18ddc4c4845466477bc67212e74ffadb7723ebc eb48cd9a0700fef7ce12f889e03e86e6fec77471f089c413484603e9119a9a59
CLIENT_TRAFFIC_SECRET_0 86a2d58dbe94fa113e3d4042d9486edaf37662b247d198ef0e1f2e838b9ea0da 09165100b60487647fbbd12e5f57a08190674a4067be4552f8c311228e2238f8
SERVER_TRAFFIC_SECRET_0 86a2d58dbe94fa113e3d4042d9486edaf37662b247d198ef0e1f2e838b9ea0da b773a1c5f9b9669850908facc9ae1832df07a8e267f66761bce2981bf0b9a812
EXPORTER_SECRET 86a2d58dbe94fa113e3d4042d9486edaf37662b247d198ef0e1f2e838b9ea0da f174a2de2fbb7f2b573274980e0428bc576464b450fbb21c5449d4d33d8d059a
CLIENT_HANDSHAKE_TRAFFIC_SECRET ef538e3bd3613035caf6681d2f63edfaac1f6fea63e4eb404212b0fb2ab75872 2f9ae9ce90c56c34aa6e9860f7e136b5df4e37339da69ddde7489c137646d817
SERVER_HANDSHAKE_TRAFFIC_SECRET ef538e3bd3613035caf6681d2f63edfaac1f6fea63e4eb404212b0fb2ab75872 c2b717ec4108b21e2aca6ef8e23f370b6503a17c692532c8bae8b3214b33a0b3
CLIENT_TRAFFIC_SECRET_0 ef538e3bd3613035caf6681d2f63edfaac1f6fea63e4eb404212b0fb2ab75872 c5950f8fa0ce72df8d0c9ab539532afdb63364024842f6d5c385bf1f255b56b0
SERVER_TRAFFIC_SECRET_0 ef538e3bd3613035caf6681d2f63edfaac1f6fea63e4eb404212b0fb2ab75872 639f5c475e7c6580389f179bc656c2282ea76430c43c6e22bf98fe802cec3511
EXPORTER_SECRET ef538e3bd3613035caf6681d2f63edfaac1f6fea63e4eb404212b0fb2ab75872 b3fa13e44193f3a1fe6bcc0504d1a0f2bb86acde7405e8429ef54886cfadd7e2
CLIENT_HANDSHAKE_TRAFFIC_SECRET 3ee494598a59f21720153200ef116005338239b9a253a96e023f8591cf3aa7d1 665d0fc534c2d6567cc39252a46c6ff34e0bdfb5d543e2c7ff7eca5f9c421d64
SERVER_HANDSHAKE_TRAFFIC_SECRET 3ee494598a59f21720153200ef116005338239b9a253a96e023f8591cf3aa7d1 adf251183fe5c2bf7be884f738c77b65ef3cb30411fd836363063cff786af14f
CLIENT_TRAFFIC_SECRET_0 3ee494598a59f21720153200ef116005338239b9a253a96e023f8591cf3aa7d1 dc7800cd2be455b40d751d016334a5a9f2f2c4a0d037a36bc573c7561664109d
SERVER_TRAFFIC_SECRET_0 3ee494598a59f21720153200ef116005338239b9a253a96e023f8591cf3aa7d1 5323827bf95c92b3f832c18799cebaaa1b341a64bf0a4cbe27362f105b946023
EXPORTER_SECRET 3ee494598a59f21720153200ef116005338239b9a253a96e023f8591cf3aa7d1 33acde55497a29973baba0a807eaf167bb12040c0bc43fa188ddfc8888be4cc4
CLIENT_HANDSHAKE_TRAFFIC_SECRET 804aa3b0fc9b089bea7245492d60bf686cd8d4299e988edb06dfad128b460d58 7537a065931adfe260c1fc418075506d1a18fb15dec4fe86337b368455ef901d
SERVER_HANDSHAKE_TRAFFIC_SECRET 804aa3b0fc9b089bea7245492d60bf686cd8d4299e988edb06dfad128b460d58 70d847c1c4a40880e2e4b4a116794842c9d3873fd782853aa22c8555eaed3f87
CLIENT_TRAFFIC_SECRET_0 804aa3b0fc9b089bea7245492d60bf686cd8d4299e988edb06dfad128b460d58 e570d29d698dacca95e48c86cfbd5da6969f19154194d44f728c9937218740c8
SERVER_TRAFFIC_SECRET_0 804aa3b0fc9b089bea7245492d60bf686cd8d4299e988edb06dfad128b460d58 b55dbddd1bdba4650f5275f145ec430e977326a8fca5d7c1e3278c43e2ad80d0
EXPORTER_SECRET 804aa3b0fc9b089bea7245492d60bf686cd8d4299e988edb06dfad128b460d58 34fccd84bc80e571492242a66d2da139a97b7fcf31dfd5fce0ffcba3d39f6317
