CLIENT_HANDSHAKE_TRAFFIC_SECRET e562cff8f13c1b06f16c56293254b61c150c8f5bd40089a31eea274757a6f36e 001d5075fe11de9d283a5c98d81729941eec8dbe2eb5116e37a2632312ee7b5e
SERVER_HANDSHAKE_TRAFFIC_SECRET e562cff8f13c1b06f16c56293254b61c150c8f5bd40089a31eea274757a6f36e e285620f0c275253d6272ac8e1950d3662722dbc4a5e307e946b4b58d3f9a997
CLIENT_TRAFFIC_SECRET_0 e562cff8f13c1b06f16c56293254b61c150c8f5bd40089a31eea274757a6f36e d1ddf6bb8e9e02aa9327a114ee0a9c8b4d3f7f4e2442972db9fb1da6e4fc453d
SERVER_TRAFFIC_SECRET_0 e562cff8f13c1b06f16c56293254b61c150c8f5bd40089a31eea274757a6f36e ae4720bf9cc5a30294b1815568934bf7e861d08bb2be3e31ce22cff5f264dff8
EXPORTER_SECRET e562cff8f13c1b06f16c56293254b61c150c8f5bd40089a31eea274757a6f36e 043eb844d14062ac233e3ad850d966c66b0fbc3fc5788e3b42bb36963fdc8b11
CLIENT_HANDSHAKE_TRAFFIC_SECRET 91a115767f1a7e2961994f7cb24eda253e83655f8570480dd8ac5b370ae6e50a 5db86f9bf62d5231e343076afda7475b25f89dc9959f7cc194648f8a4ef78f7f
SERVER_HANDSHAKE_TRAFFIC_SECRET 91a115767f1a7e2961994f7cb24eda253e83655f8570480dd8ac5b370ae6e50a ce6a602a5b4f21d1bfc20b225121dd60a57c097a2972fab88d2a27ddb63645e6
CLIENT_TRAFFIC_SECRET_0 91a115767f1a7e2961994f7cb24eda253e83655f8570480dd8ac5b370ae6e50a 6ea4e71d093bd70d7b0d98119a8c59b931f555a06ff5b8c6326d25dd66c779a1
SERVER_TRAFFIC_SECRET_0 91a115767f1a7e2961994f7cb24eda253e83655f8570480dd8ac5b370ae6e50a 9a6abcbbff7ac527c584306af9c3d12f6c39305d510e283b706934b4c32e1e51
EXPORTER_SECRET 91a115767f1a7e2961994f7cb24eda253e83655f8570480dd8ac5b370ae6e50a 4c2c629a4c54992762f27eb7941760347a49b9f2308a37b09a1986d73141fe84
CLIENT_HANDSHAKE_TRAFFIC_SECRET 5c8869644507ac4dfd52b2751e56f2fd96bf2ad02ef943b409939ec0b05b49cf 6ab135db0bb83c40fd1ea961a71ac9a02363f7741efb22f4fe3bea20cdf8aa35
SERVER_HANDSHAKE_TRAFFIC_SECRET 5c8869644507ac4dfd52b2751e56f2fd96bf2ad02ef943b409939ec0b05b49cf 9bbcc4340984e7ab28d5ffc29ea759940940eca10019f099efcf0e32d53cb1dc
CLIENT_HANDSHAKE_TRAFFIC_SECRET 33c5c519edc7d3be97c54376cfcf65f11d3d63b390a14c4437cdf5871bbd7e71 7364a5b81bd919d37d5307f2bb1dff65f687a075973f45b466ec147382e87ad4
SERVER_HANDSHAKE_TRAFFIC_SECRET 33c5c519edc7d3be97c54376cfcf65f11d3d63b390a14c4437cdf5871bbd7e71 c41d2cfd48767c7af1987306027bb5ad4fc3d5af9fac5122415156acf249d1d3
CLIENT_HANDSHAKE_TRAFFIC_SECRET 1c0c7aa8fde6e94001033592c4395e3b6f5968b42c4077e2fb2ec2548ffe8b5d 805586a6003ee9023352b228e8e88279b591a9051844ac54f65a773a8c55ca26
SERVER_HANDSHAKE_TRAFFIC_SECRET 1c0c7aa8fde6e94001033592c4395e3b6f5968b42c4077e2fb2ec2548ffe8b5d efe3f9d30e2e694916488964581e95026bce6ce5d8119c0bed76520ffa4299dd
CLIENT_TRAFFIC_SECRET_0 5c8869644507ac4dfd52b2751e56f2fd96bf2ad02ef943b409939ec0b05b49cf 4651828eff31d365c7d981414ee8f5bae1ece062418b267458af9fc137091a6d
SERVER_TRAFFIC_SECRET_0 5c8869644507ac4dfd52b2751e56f2fd96bf2ad02ef943b409939ec0b05b49cf d6995072e402c95fb060e2b58ea5a2d0e32d5d20d9972997ee1547116b4effc2
EXPORTER_SECRET 5c8869644507ac4dfd52b2751e56f2fd96bf2ad02ef943b409939ec0b05b49cf 7f60800f081fce1d7e51fadfeb39ce11a0baf0d678e133dac02f83ab3f5b66fa
CLIENT_TRAFFIC_SECRET_0 33c5c519edc7d3be97c54376cfcf65f11d3d63b390a14c4437cdf5871bbd7e71 dc2027e6fdbc7c5a111c78b35dd0801b84bd86d01881dfeb57f7478ce7906169
SERVER_TRAFFIC_SECRET_0 33c5c519edc7d3be97c54376cfcf65f11d3d63b390a14c4437cdf5871bbd7e71 dfc1a38543ec7252d87f84d21d7e1665927cdc0cc7d36eb69e77b283e1ff91f2
EXPORTER_SECRET 33c5c519edc7d3be97c54376cfcf65f11d3d63b390a14c4437cdf5871bbd7e71 6c4a9ad336c5e6e63a040223af60f862a5189c29396760ab1df98d0eac501cad
CLIENT_TRAFFIC_SECRET_0 1c0c7aa8fde6e94001033592c4395e3b6f5968b42c4077e2fb2ec2548ffe8b5d 2e4398423fd3f90293abc447fdc773ce64d56886f86d836f16220852ff2b8cd8
SERVER_TRAFFIC_SECRET_0 1c0c7aa8fde6e94001033592c4395e3b6f5968b42c4077e2fb2ec2548ffe8b5d 311aa682612db334f93291b1af04fcd0878ecee58e50d9918f6ac86d7f15dee9
EXPORTER_SECRET 1c0c7aa8fde6e94001033592c4395e3b6f5968b42c4077e2fb2ec2548ffe8b5d e3f83223f67e7e084fdc3ab7e88f60f4af8f7255e7fde596c9510d4ac03b292a
CLIENT_HANDSHAKE_TRAFFIC_SECRET f4aec41b73517f8175c4a8337620a006d81a898b70271201035cf634f2dd6f3e 55f60d598f88ecdafe601951dbf1177413a088d8d9f7f7b5bfc1b3cc8fc80f61
SERVER_HANDSHAKE_TRAFFIC_SECRET f4aec41b73517f8175c4a8337620a006d81a898b70271201035cf634f2dd6f3e 6ff36817e42e997dfbaa1f71525955410445d9c577a9c1c7f92bece25c8e1618
CLIENT_HANDSHAKE_TRAFFIC_SECRET aec2a91323651d038361bfafd8c717c3c7c54f9c04b542e0e910d2cdfbc0a179 7b1af435429f882921ade2b38284a65a62dfe34436fc5535cf72fd8dc0172e44
SERVER_HANDSHAKE_TRAFFIC_SECRET aec2a91323651d038361bfafd8c717c3c7c54f9c04b542e0e910d2cdfbc0a179 40bda75bbd47e1829a55494d4ce9b12550ee395bba2a9fbcb5241f175a22834c
CLIENT_HANDSHAKE_TRAFFIC_SECRET e82b33b903057be50e272d66e563426f8783a999ce5e2e53841b84d77e9e84a2 69cb5be25f6975cb444b970ab818153b3acfc5043a13fdc129e8134e14ec7c14
SERVER_HANDSHAKE_TRAFFIC_SECRET e82b33b903057be50e272d66e563426f8783a999ce5e2e53841b84d77e9e84a2 d8c38e59c4472d81a8f68157496c4ad6ee53a43a3a55164ec5feddb05fa019b8
CLIENT_TRAFFIC_SECRET_0 f4aec41b73517f8175c4a8337620a006d81a898b70271201035cf634f2dd6f3e 1a9155307ee9d0df634622da28e4cb354ba72340cd0fcdd74bbff9eae5361de5
SERVER_TRAFFIC_SECRET_0 f4aec41b73517f8175c4a8337620a006d81a898b70271201035cf634f2dd6f3e 58f33ab9053317d3040f0ddb0890eae5a9edde32ae9a7ca58977968436b5c9c9
EXPORTER_SECRET f4aec41b73517f8175c4a8337620a006d81a898b70271201035cf634f2dd6f3e 1063b6ec854323c4b204c690b5f832d41164d2a79f13de3066339e5adc93608a
CLIENT_TRAFFIC_SECRET_0 aec2a91323651d038361bfafd8c717c3c7c54f9c04b542e0e910d2cdfbc0a179 07587f6251e47b4e145b1eab15ba66c7be641f6eed848750ae7e806c342af5e5
SERVER_TRAFFIC_SECRET_0 aec2a91323651d038361bfafd8c717c3c7c54f9c04b542e0e910d2cdfbc0a179 5643973f56380ca20b4436859d7990bb78c4e733de2c5bf9602ab07844fb3863
EXPORTER_SECRET aec2a91323651d038361bfafd8c717c3c7c54f9c04b542e0e910d2cdfbc0a179 06b4c49bb49ad1cc42611e3b19546e11d057298bce002a7842176bd688bbe696
CLIENT_TRAFFIC_SECRET_0 e82b33b903057be50e272d66e563426f8783a999ce5e2e53841b84d77e9e84a2 c40bda07244a13338fc693a34ef7c114fd2cc122c15a1b1003264e9e1158f396
SERVER_TRAFFIC_SECRET_0 e82b33b903057be50e272d66e563426f8783a999ce5e2e53841b84d77e9e84a2 58ed6a81a789e26db2fe02fa5bf9d639c5ed00b0c0c48dbc61a03d4f1c54fbfa
EXPORTER_SECRET e82b33b903057be50e272d66e563426f8783a999ce5e2e53841b84d77e9e84a2 8985e79186490983522d1996562ddb4fa46000110b310b4204ed379aa15e27a5
CLIENT_HANDSHAKE_TRAFFIC_SECRET fd04474d7f45e7563d238075d9c3eb9f731eaa3dc82ad3a3872b279056bd16bc 4863d63969b82b6e27b87e2db0de42c3d969d5af5f42adeeffc87f0dba61b182
SERVER_HANDSHAKE_TRAFFIC_SECRET fd04474d7f45e7563d238075d9c3eb9f731eaa3dc82ad3a3872b279056bd16bc 0d040bd11a0a6168a724dd08d7f51fef7c0e223b00118cb3decd7023ae57de71
CLIENT_TRAFFIC_SECRET_0 fd04474d7f45e7563d238075d9c3eb9f731eaa3dc82ad3a3872b279056bd16bc 77decbc52e4b9611a8627daf223a7f0f26ce027c6ae5a5174588197114883c0f
SERVER_TRAFFIC_SECRET_0 fd04474d7f45e7563d238075d9c3eb9f731eaa3dc82ad3a3872b279056bd16bc e29aee80a16fe352cf9a71d32d3bb065ef20b84d774ae3dd4d9eb5188f7785a3
EXPORTER_SECRET fd04474d7f45e7563d238075d9c3eb9f731eaa3dc82ad3a3872b279056bd16bc 786233a3fcebe04de51bcae481273fd7792419c9cf6f76df1b4297b9960ef62a
CLIENT_HANDSHAKE_TRAFFIC_SECRET 7ed90829a6b7c4b11f486a34259ee1a1af5a278fb0cab12d99ddb2e5e78ee3eb 520d1ce14484fcc32e2d2e1d7335fcee8e2024e9cf35950cd5615d6c5083511e
SERVER_HANDSHAKE_TRAFFIC_SECRET 7ed90829a6b7c4b11f486a34259ee1a1af5a278fb0cab12d99ddb2e5e78ee3eb 87cf412f7d7e752d04ad748dc5d48da27b01d16422c4f111d1738e7ee00c7c50
CLIENT_TRAFFIC_SECRET_0 7ed90829a6b7c4b11f486a34259ee1a1af5a278fb0cab12d99ddb2e5e78ee3eb 87962a2ddcd7b62f2ea7d0db557da766427f2fffe21d6faa1aa40296899d2453
SERVER_TRAFFIC_SECRET_0 7ed90829a6b7c4b11f486a34259ee1a1af5a278fb0cab12d99ddb2e5e78ee3eb f99ac63c76406eb16e724261c4b7abf4d7ba7b930772c48879235236e1e52125
EXPORTER_SECRET 7ed90829a6b7c4b11f486a34259ee1a1af5a278fb0cab12d99ddb2e5e78ee3eb 6d186ee62034006661d2c6fc61720003cfc2dd9b7ddc3ec975e183a675f56ba0
CLIENT_HANDSHAKE_TRAFFIC_SECRET d94b715ba61e9fd5261f6f811829cfe942cf394323b4edc17af7e2ff80179575 3396bdc20f39bd5b54ab2da79f4e638507c6699682e772f1e9bc6d7c26940b8f
SERVER_HANDSHAKE_TRAFFIC_SECRET d94b715ba61e9fd5261f6f811829cfe942cf394323b4edc17af7e2ff80179575 2d6d8b4efc63535149448d15932fb40d080f7829a9f169f7dac186d67ad16224
CLIENT_TRAFFIC_SECRET_0 d94b715ba61e9fd5261f6f811829cfe942cf394323b4edc17af7e2ff80179575 b3a128440a048e9b2f497d36cecb0a2d756f3f1966a5cef9fa53505a21efe654
SERVER_TRAFFIC_SECRET_0 d94b715ba61e9fd5261f6f811829cfe942cf394323b4edc17af7e2ff80179575 7de1e759acab62d0ae1004d6384f3362d166d02ff5f1046febd4a74daec0cca1
EXPORTER_SECRET d94b715ba61e9fd5261f6f811829cfe942cf394323b4edc17af7e2ff80179575 c2a66653f00406a6127224d229a2337a3c7fd8193957c4aa7fd9dbfe1c07db74
CLIENT_HANDSHAKE_TRAFFIC_SECRET 342e8cd3a76961f0b44c5d47cb20f317298680fbd5849894513dd4c74ce20487 616d664d39c50d3c94c6b5ab93e94e6fb2bc32c12c2206515e05063b33da4626
SERVER_HANDSHAKE_TRAFFIC_SECRET 342e8cd3a76961f0b44c5d47cb20f317298680fbd5849894513dd4c74ce20487 3e96ed72015112f3f6f49b4cba5908d45630f8611695abe806ac6f4e71172210
CLIENT_TRAFFIC_SECRET_0 342e8cd3a76961f0b44c5d47cb20f317298680fbd5849894513dd4c74ce20487 85b0748a6611e5aa5941754074e5e6150b65ff248ae5e125421ecbf0729827c1
SERVER_TRAFFIC_SECRET_0 342e8cd3a76961f0b44c5d47cb20f317298680fbd5849894513dd4c74ce20487 45a16e64e6b5d76691d55db5291573adfb3a6144c608b893d7015e3da143e70f
EXPORTER_SECRET 342e8cd3a76961f0b44c5d47cb20f317298680fbd5849894513dd4c74ce20487 7f898a88d312466cfb703ec769dd5869760dcf955be152985fb01d9d21856ca4
