CLIENT_HANDSHAKE_TRAFFIC_SECRET a8f8b3a553c6e58c3d214e599f0480c5252dc76d8bf8668d08cfe3d7a4160300 6df9d33d19806027b26ad68fed8d4172835ff0f57fcc188a344d339c1d868cae
SERVER_HANDSHAKE_TRAFFIC_SECRET a8f8b3a553c6e58c3d214e599f0480c5252dc76d8bf8668d08cfe3d7a4160300 9505b25c20b69e95e1dcb9458ca5075d9ce5e765729167f39094988e9ffc0cdd
CLIENT_TRAFFIC_SECRET_0 a8f8b3a553c6e58c3d214e599f0480c5252dc76d8bf8668d08cfe3d7a4160300 b0291725d4a881756f3ec3c11f9eba68af0186edbdb3384e0b5f0a00f8a878bc
SERVER_TRAFFIC_SECRET_0 a8f8b3a553c6e58c3d214e599f0480c5252dc76d8bf8668d08cfe3d7a4160300 29973125eb8ef1f915db853c2ec1a0f69da98267ba694f28f2ff0739f6a3c9d1
EXPORTER_SECRET a8f8b3a553c6e58c3d214e599f0480c5252dc76d8bf8668d08cfe3d7a4160300 17429fc3ddcf22566850145e5e123b310ffaf7729200b5990dc71c7551f916ce
CLIENT_HANDSHAKE_TRAFFIC_SECRET 9eff3ee0d207ba267c7f593ece8a0d566dd22411fd27cfe6d04ba83e84ffc8ca eecccc1027e9a49f0f614942ef0fe2fb1bc8bc3ed9e132772a56e0a554ab21d7
SERVER_HANDSHAKE_TRAFFIC_SECRET 9eff3ee0d207ba267c7f593ece8a0d566dd22411fd27cfe6d04ba83e84ffc8ca e7fc6dc40623edf5ea30ffede428af478d1bd44cf8e7eb85372d651a86eaabe7
CLIENT_TRAFFIC_SECRET_0 9eff3ee0d207ba267c7f593ece8a0d566dd22411fd27cfe6d04ba83e84ffc8ca 57f1b4fa8c577a7263fe0e4c03c3ae0f33cba3c348aa46f4a4d9e75ba2b21d78
SERVER_TRAFFIC_SECRET_0 9eff3ee0d207ba267c7f593ece8a0d566dd22411fd27cfe6d04ba83e84ffc8ca 902d18a9806965d7451a582685437986020283bfa81fa1b752faeaffc7f77d26
EXPORTER_SECRET 9eff3ee0d207ba267c7f593ece8a0d566dd22411fd27cfe6d04ba83e84ffc8ca fd014fd7b6dcb9b41655ff125ac078a50e1a8b058a057acea65229704402d9ba
CLIENT_HANDSHAKE_TRAFFIC_SECRET a45d5c3ff8428c38c929b382b2cdd433cf1466651160ff53844ed7497caa1b3f f2e89dd182ab935013c8353c05c9fd1243f9166c1c894c543613d785ce29441f
SERVER_HANDSHAKE_TRAFFIC_SECRET a45d5c3ff8428c38c929b382b2cdd433cf1466651160ff53844ed7497caa1b3f edd26aa5d0f258c3e43aacf579b4a313842b5db69038d583f063cd24d3934ff5
CLIENT_TRAFFIC_SECRET_0 a45d5c3ff8428c38c929b382b2cdd433cf1466651160ff53844ed7497caa1b3f 4723b589242b6b24ff5c41b791212787209990ba128d194fc98f9dd877d63ff4
SERVER_TRAFFIC_SECRET_0 a45d5c3ff8428c38c929b382b2cdd433cf1466651160ff53844ed7497caa1b3f 7f9f3c784b782141d2890bbc2742741af9ea88acd6563dfbff3eb2351163a1ff
EXPORTER_SECRET a45d5c3ff8428c38c929b382b2cdd433cf1466651160ff53844ed7497caa1b3f 666211fe0d4f66197f56115c0fdbb6bcb324526f094e2e463a694ea5da5ba7e6
CLIENT_HANDSHAKE_TRAFFIC_SECRET e9de2116bbfff75245e44ee41276a2ebad9b1761724a0c81953b8d7084e02c25 aa88b5cd39fc0deea57c332711d66316f03e1385ef1ee6e9e03b95fac539a333
SERVER_HANDSHAKE_TRAFFIC_SECRET e9de2116bbfff75245e44ee41276a2ebad9b1761724a0c81953b8d7084e02c25 0425db871424fd930ca8d8fee9ba6782c698db299d5181cabc8de4278ea84618
CLIENT_TRAFFIC_SECRET_0 e9de2116bbfff75245e44ee41276a2ebad9b1761724a0c81953b8d7084e02c25 2ee786a5b296c2648711f0879ae751bf4fb9c7a9157ded66bb196fdf9d2ada8e
SERVER_TRAFFIC_SECRET_0 e9de2116bbfff75245e44ee41276a2ebad9b1761724a0c81953b8d7084e02c25 b7aea7c63939a3d0df6d1368d65880d2d6d1996a4df1f8ff988aae4b7bc9ec99
CLIENT_HANDSHAKE_TRAFFIC_SECRET 7760ff6d006c6b8e3a0950627f86515f9c42316f2e651bb92aa9ef08acb3c19f f3508422cae4cb37ffacc610c4fc455d8256cbc4d1f12471e74d7fac5bd17180
EXPORTER_SECRET e9de2116bbfff75245e44ee41276a2ebad9b1761724a0c81953b8d7084e02c25 21104e700ff44e4c3b3a71870acca33b329a405f93868faa9e65bd97daf95f06
SERVER_HANDSHAKE_TRAFFIC_SECRET 7760ff6d006c6b8e3a0950627f86515f9c42316f2e651bb92aa9ef08acb3c19f 174591205413d47d73b0edc94caa109f55b17bd8b878b6e8db7813001092204f
CLIENT_TRAFFIC_SECRET_0 7760ff6d006c6b8e3a0950627f86515f9c42316f2e651bb92aa9ef08acb3c19f 4b5cc44ab459c0f249bbbb16b6392aac43197ae90a691719fd9973dc0ad7d778
SERVER_TRAFFIC_SECRET_0 7760ff6d006c6b8e3a0950627f86515f9c42316f2e651bb92aa9ef08acb3c19f 18c31eee68620c752805997952b344868f09a61f3978f1863a8dafacc830d4c8
EXPORTER_SECRET 7760ff6d006c6b8e3a0950627f86515f9c42316f2e651bb92aa9ef08acb3c19f 0bd6578d4d57a19c3cf964822c0bb8866e0c9fcd7392a88ecf7997589485720b
CLIENT_HANDSHAKE_TRAFFIC_SECRET 21b88114884f0bb8cb75c0c01e5d7290376f1ef64bcde6e4db892976350f9121 2e23f50353b4f062c95913e034a5f74f8f0ec5ebe49680ea8382a11c1436d23b
SERVER_HANDSHAKE_TRAFFIC_SECRET 21b88114884f0bb8cb75c0c01e5d7290376f1ef64bcde6e4db892976350f9121 ba9f463e9f11bf0c0b23e59d9c93f86fa1c643f418fa0e61bf07f933f52c9dab
CLIENT_HANDSHAKE_TRAFFIC_SECRET d02eeb6a8c0d7519e0b8791ba63a18d4a630aad3f5c2ec63d07cb8a424950f76 aacd58ee74f07ab185e110522297bde6d9a86c471fd096e6e7592760f80b647c
SERVER_HANDSHAKE_TRAFFIC_SECRET d02eeb6a8c0d7519e0b8791ba63a18d4a630aad3f5c2ec63d07cb8a424950f76 5ab978cb26ec339bc787a69a5648ba0930b43a3ad76a596706e6507f36500243
CLIENT_HANDSHAKE_TRAFFIC_SECRET d4829c7ab7afcd6ef5c1205dcd8c37c73306e36eaf24557bf07bdd788392be1c 8e70bae10cd58b613cdf17bea5472f6c2bd907442093332ea6937d01b25555c9
SERVER_HANDSHAKE_TRAFFIC_SECRET d4829c7ab7afcd6ef5c1205dcd8c37c73306e36eaf24557bf07bdd788392be1c 8c0fb38612f4d48288719cdeb2eef57839cc304ca7e3ea0a519bf3c1ae55ff33
CLIENT_TRAFFIC_SECRET_0 21b88114884f0bb8cb75c0c01e5d7290376f1ef64bcde6e4db892976350f9121 114aa75edb2493958377c0c9bcbdfaf7c96e33a7180a1a0bcce227c490d7f3be
SERVER_TRAFFIC_SECRET_0 21b88114884f0bb8cb75c0c01e5d7290376f1ef64bcde6e4db892976350f9121 e6b6f9f3b9f228475e0f98190155971fd1038e905f2ca989c5863c746af816fb
EXPORTER_SECRET 21b88114884f0bb8cb75c0c01e5d7290376f1ef64bcde6e4db892976350f9121 7b55f82974c1d16482a97d99e2f7d34fc8a822bb12613a9fc5188f5fcd350555
CLIENT_TRAFFIC_SECRET_0 d02eeb6a8c0d7519e0b8791ba63a18d4a630aad3f5c2ec63d07cb8a424950f76 7c6174d9d8d0f413a98b7c74b80805101b3673d3ca2b04107eb64979fa3eac3d
SERVER_TRAFFIC_SECRET_0 d02eeb6a8c0d7519e0b8791ba63a18d4a630aad3f5c2ec63d07cb8a424950f76 82864700e1e22a68915e1404e8a574c868d74f738616dcdea76e0592185c82df
EXPORTER_SECRET d02eeb6a8c0d7519e0b8791ba63a18d4a630aad3f5c2ec63d07cb8a424950f76 505d68c34925ec9b293998b39217a1c03730cf62af0940720b872df83754788b
CLIENT_TRAFFIC_SECRET_0 d4829c7ab7afcd6ef5c1205dcd8c37c73306e36eaf24557bf07bdd788392be1c 8156433cff18e7bf2be85bbf9db8c5aacb7e7f632d7948b7e1de3979a4dc0074
SERVER_TRAFFIC_SECRET_0 d4829c7ab7afcd6ef5c1205dcd8c37c73306e36eaf24557bf07bdd788392be1c f7be3573975b1b9206e5b286f219d9e84b2d5c4ac83f12bd559c762c1f275b9c
EXPORTER_SECRET d4829c7ab7afcd6ef5c1205dcd8c37c73306e36eaf24557bf07bdd788392be1c 24799b49b585c83b00b6ba23f1b361718bcf7dc5405263d1f7bcaff1a3c07f6b
CLIENT_HANDSHAKE_TRAFFIC_SECRET f83d9216236e1531ab58f8d87cef6301188688d29c7bf828fd05c1ae9973653f 201a3d66c8611372f1283054b6188e22257b486178c9ea0cc07665d53a4f80d1
SERVER_HANDSHAKE_TRAFFIC_SECRET f83d9216236e1531ab58f8d87cef6301188688d29c7bf828fd05c1ae9973653f cb68e06c85064a98bebdd1d285db9487332da08701ad0551b5c9a70b1e020938
CLIENT_TRAFFIC_SECRET_0 f83d9216236e1531ab58f8d87cef6301188688d29c7bf828fd05c1ae9973653f e7b8f4fe395371d10fceea06a89620d5e7c331c2469012947e45b45db8a8b10d
SERVER_TRAFFIC_SECRET_0 f83d9216236e1531ab58f8d87cef6301188688d29c7bf828fd05c1ae9973653f de2972eda4237eb556f8848aabe75a582418981a2b53a75b199bc84040118f2c
EXPORTER_SECRET f83d9216236e1531ab58f8d87cef6301188688d29c7bf828fd05c1ae9973653f ed54d509694515427dd179d4c3a21edbce9b661671a5668177e632eca41c4888
CLIENT_HANDSHAKE_TRAFFIC_SECRET 7197f840c323c4f895637f2273545db4c13ae938be18a2f5209df773aa00e4ef 72cc539ded9c200d945e8821b4bdc901982c0c96e76ba1eba1c78fa8fa1cfc3e
SERVER_HANDSHAKE_TRAFFIC_SECRET 7197f840c323c4f895637f2273545db4c13ae938be18a2f5209df773aa00e4ef 3bf24f557ba845d49464ca09f0823aae3b4f73d24a61f26ddb62534332e6a260
CLIENT_HANDSHAKE_TRAFFIC_SECRET 40b6a3468ebe769ace931741d2eb87fa511c85cc92c293f6a1ec42fe2b2bd0ff b0ad18dc600c487a30bca87c50f1b53e880788bf82029ea226500277881bf856
SERVER_HANDSHAKE_TRAFFIC_SECRET 40b6a3468ebe769ace931741d2eb87fa511c85cc92c293f6a1ec42fe2b2bd0ff e3cd7e8bb30ba25b32d57e35dbef77209f6665b497f2308fd96e9fa276b66714
CLIENT_TRAFFIC_SECRET_0 7197f840c323c4f895637f2273545db4c13ae938be18a2f5209df773aa00e4ef 6642e641e580edbd2524a9f902dfc5caf57c56f0e08ae7a0819f61858f06feb8
SERVER_TRAFFIC_SECRET_0 7197f840c323c4f895637f2273545db4c13ae938be18a2f5209df773aa00e4ef 17d34243b20b8237f9d255bbbc95fad30ff67ada6d95bd2ed88537aff50338fa
EXPORTER_SECRET 7197f840c323c4f895637f2273545db4c13ae938be18a2f5209df773aa00e4ef 58f7537eeefebe14c778bcee1c57e5c30ded755f50322937a74a4577269b3d38
CLIENT_TRAFFIC_SECRET_0 40b6a3468ebe769ace931741d2eb87fa511c85cc92c293f6a1ec42fe2b2bd0ff da9c51b81cff7280b41d3d1448e5a77ea4e3443026a6e56cbb61cbf1ead3c9a0
SERVER_TRAFFIC_SECRET_0 40b6a3468ebe769ace931741d2eb87fa511c85cc92c293f6a1ec42fe2b2bd0ff c004aee218dc3537fdbd028277e0218c3f5f9b6424af51ee7f8b8a7e2dfe0ec8
EXPORTER_SECRET 40b6a3468ebe769ace931741d2eb87fa511c85cc92c293f6a1ec42fe2b2bd0ff b65c36ba75b4980bd837f4c0b35c815456f517c14ec70e2c3ad856b76d007279
CLIENT_HANDSHAKE_TRAFFIC_SECRET 12fa0b7cf2faceb3332de50b1a8c41cd77aea18a9cae2746edbd734274f54964 174e93c34d907d58e37a571a05b9a3414aa5614036a376b7e5e45299dc849f8c
SERVER_HANDSHAKE_TRAFFIC_SECRET 12fa0b7cf2faceb3332de50b1a8c41cd77aea18a9cae2746edbd734274f54964 d0baa52e8992c3a808dbb45530d54c8f86a9a5a36643fc57ca85076bd98c235e
CLIENT_HANDSHAKE_TRAFFIC_SECRET f5e619f4af920798fcb59f17e69924bb5a95938edb7c68405f2cb3f325f0c72a a6496366c5fc338bff255933ba44cd1f40f775cd2ecca05d35d2a3bf89a97675
SERVER_HANDSHAKE_TRAFFIC_SECRET f5e619f4af920798fcb59f17e69924bb5a95938edb7c68405f2cb3f325f0c72a ceff1df84d813e412d552d801f7fe014f57d3d76d706b2c2b69e2f0c41b7f90d
CLIENT_TRAFFIC_SECRET_0 12fa0b7cf2faceb3332de50b1a8c41cd77aea18a9cae2746edbd734274f54964 452efec3759f8431f08d3c5b9701a964b80dd5509f182b33849261ffe93fbc37
CLIENT_TRAFFIC_SECRET_0 f5e619f4af920798fcb59f17e69924bb5a95938edb7c68405f2cb3f325f0c72a 360c08d8761e179c98b856eca8cc9f8e84d75c1088cd7ece729df8f5718cd45b
SERVER_TRAFFIC_SECRET_0 f5e619f4af920798fcb59f17e69924bb5a95938edb7c68405f2cb3f325f0c72a f9e98298d85bc0936b85c06aa187b678b701a36ba7f697d46ef8b98ba42ac69c
EXPORTER_SECRET f5e619f4af920798fcb59f17e69924bb5a95938edb7c68405f2cb3f325f0c72a 9008f41149f0bc46b67448218a474da370368986a8bb2e443bc6dcb6c3022d49
SERVER_TRAFFIC_SECRET_0 12fa0b7cf2faceb3332de50b1a8c41cd77aea18a9cae2746edbd734274f54964 ec88d96519d4fb31a54c8e57e968d0d82a054fb50f545e92847f8eaca13d0dee
EXPORTER_SECRET 12fa0b7cf2faceb3332de50b1a8c41cd77aea18a9cae2746edbd734274f54964 e2636e102c3b896c463e69f59227f50e730f172bd23fcadab8b1fe2638457df2
CLIENT_HANDSHAKE_TRAFFIC_SECRET b5ee8a33d146c0dd8e6425678b536fc5e31761e8c55a4815ab8e530c5dbbbcba 8287a4b9ac22742715e1da07885352b6834094ca45e8985d4a7d68ecca2f7252
SERVER_HANDSHAKE_TRAFFIC_SECRET b5ee8a33d146c0dd8e6425678b536fc5e31761e8c55a4815ab8e530c5dbbbcba e95cfedd85bf4cdb27b3eecbfd6a3cfbc15e19eb590a6bf675a325027d80025a
CLIENT_TRAFFIC_SECRET_0 b5ee8a33d146c0dd8e6425678b536fc5e31761e8c55a4815ab8e530c5dbbbcba a26f24db0c151a4c819fa5b7139c6bff4f1dea0332c6f3c44e0abf44b56d10cd
SERVER_TRAFFIC_SECRET_0 b5ee8a33d146c0dd8e6425678b536fc5e31761e8c55a4815ab8e530c5dbbbcba 659a0cb2087eccadc315b88ea1cd66ab22787c97bd046d1e40ced6f177f7653f
EXPORTER_SECRET b5ee8a33d146c0dd8e6425678b536fc5e31761e8c55a4815ab8e530c5dbbbcba 94efb6a34b4c9c399fec626c0c131f2788e2603eb21b327be87074526edabdc0
CLIENT_HANDSHAKE_TRAFFIC_SECRET 893a98dc4fd8dba43f969c2ccea14a8bc400b87dedfbd1545b6f44b56cd97833 8436cf6972a0f00227d1c93b561941a9c45be923d42760ac4dadd9edd4b21dc9
SERVER_HANDSHAKE_TRAFFIC_SECRET 893a98dc4fd8dba43f969c2ccea14a8bc400b87dedfbd1545b6f44b56cd97833 e9db925dc9245227115d2f527f8e648734ad00e8dfd3f378a0faf3eec8e31d7d
CLIENT_TRAFFIC_SECRET_0 893a98dc4fd8dba43f969c2ccea14a8bc400b87dedfbd1545b6f44b56cd97833 e7288da6fa339b83543f2bd976353bb467c2d38bbb80ae6938730e0767abf7d9
SERVER_TRAFFIC_SECRET_0 893a98dc4fd8dba43f969c2ccea14a8bc400b87dedfbd1545b6f44b56cd97833 5d03cb87db16d908fd8f24523a41d2bd582720395cee37e81dce9e06bfd2f2ad
EXPORTER_SECRET 893a98dc4fd8dba43f969c2ccea14a8bc400b87dedfbd1545b6f44b56cd97833 748161cde352e4197b2b683a0813c21eff654dafd2fa62e94a2bd497dc9c2cf8
