CLIENT_HANDSHAKE_TRAFFIC_SECRET eca5d33a4afbb14c08a05695788fa4c3c4fb940f1abe8136888007ec70eed277 00709eddd67324eec730d01376da301d8fa92162057fe312096bb113cf709998
SERVER_HANDSHAKE_TRAFFIC_SECRET eca5d33a4afbb14c08a05695788fa4c3c4fb940f1abe8136888007ec70eed277 722b6f2e309e9d6f207598f351ae45a90ce5592e70f10f87f03a9379525394a8
CLIENT_TRAFFIC_SECRET_0 eca5d33a4afbb14c08a05695788fa4c3c4fb940f1abe8136888007ec70eed277 987eca230c3453bd590b56f0adab4b10ef128deef32c0e84650d3614f8372abf
SERVER_TRAFFIC_SECRET_0 eca5d33a4afbb14c08a05695788fa4c3c4fb940f1abe8136888007ec70eed277 0b9684594cb75c3a1a82631abacc525cca4846340191c5c6415e9bcf1565e45a
EXPORTER_SECRET eca5d33a4afbb14c08a05695788fa4c3c4fb940f1abe8136888007ec70eed277 b9d29e694fbc19164540100ffccbd610d29159580cc1940be2f56e7d9a6ae1f4
CLIENT_HANDSHAKE_TRAFFIC_SECRET 9532794d4af046a1310df4392e0692c23711064d01e8dfe5b9903e82b714be30 2c58ca1725f232002b174baa103cc32e60e55f5b70f028c867915a0c5d10980f
SERVER_HANDSHAKE_TRAFFIC_SECRET 9532794d4af046a1310df4392e0692c23711064d01e8dfe5b9903e82b714be30 1f4ebaf1abe3881c409c2800ca9cde5dd253b04a02b81576a7774d958a8c44e0
CLIENT_HANDSHAKE_TRAFFIC_SECRET e98291e2c004a14b7dd1e4e4cd099db28135cc4e3b2c23695d41eeccb04d9728 5a715694a4d22d4c0d05cbfae9a9e9ee9a889db06307da909c3dfe094cb07876
SERVER_HANDSHAKE_TRAFFIC_SECRET e98291e2c004a14b7dd1e4e4cd099db28135cc4e3b2c23695d41eeccb04d9728 f0175cfaf532aa7e1afea069fc675597d4632d4f237693e6c4bef1b896807827
CLIENT_HANDSHAKE_TRAFFIC_SECRET 181242101c5d32ed35facbead80bab2500b26843a9c710bf27862976773f2c72 93e29356649e7cd0a3e43b59739f22f280202435709f39a693381256cb2658c9
SERVER_HANDSHAKE_TRAFFIC_SECRET 181242101c5d32ed35facbead80bab2500b26843a9c710bf27862976773f2c72 02309b00b912c9f0190e0975aaf2c673088d95176ead9004edeafbca689955ef
CLIENT_HANDSHAKE_TRAFFIC_SECRET bc0adfa44b2d059c0f680fbbd0203f1f3d9ed9551573de5b2d56b79bbb4108d6 4b52a2fceef058c8d8b3e341a9f150068c84fc741c13154325367e16cadb05d6
CLIENT_HANDSHAKE_TRAFFIC_SECRET d2488a6c69925da6e8351842d757730dc9a1f2964ffa4ae6d4950aa331d1ef95 3f054c1127cc923656442c9a2ae2402efdb6acff641dd9a8a8318beb92384490
SERVER_HANDSHAKE_TRAFFIC_SECRET bc0adfa44b2d059c0f680fbbd0203f1f3d9ed9551573de5b2d56b79bbb4108d6 a3db130a96f0c8aa5e53507283b106abcba6a37e41e37dd44055cb13980371ea
SERVER_HANDSHAKE_TRAFFIC_SECRET d2488a6c69925da6e8351842d757730dc9a1f2964ffa4ae6d4950aa331d1ef95 902b7e8b33a28bc2099cfc9a3beb4c9df2a18caa419ee5f4caf2ba1fbfe6de3c
CLIENT_HANDSHAKE_TRAFFIC_SECRET 873d0977615c835018f0de691a0bdba82e6a6497e732291f9763760acd8559ee ce9cf014b480ad9c47be3fe39eb5f059da6d95e2aa142f8480de0e9fbc9de851
SERVER_HANDSHAKE_TRAFFIC_SECRET 873d0977615c835018f0de691a0bdba82e6a6497e732291f9763760acd8559ee ae0a931518401a5a111bdccd5322b35c2de0da9731c1a8e6c1a9d5e8bd8397f3
CLIENT_HANDSHAKE_TRAFFIC_SECRET c85bb4e8d054fee24f9975708b819fc8c2e311193503c797e266f02401ab9945 766498a5b5aa75513704e20c9409cf689c241e6db5ac8a4bcb4da0bb6251587a
SERVER_HANDSHAKE_TRAFFIC_SECRET c85bb4e8d054fee24f9975708b819fc8c2e311193503c797e266f02401ab9945 893b40949289da805ec677cbc7bcbcf4e0bf01c6b261544715776217486dd2a7
CLIENT_HANDSHAKE_TRAFFIC_SECRET 3438d2b65644399faf729d4d7f5496eb8e6b9f9b3b2647a7b74050895e991ff1 2423b5152c401fe500c3b1f7cc8cec6c5cef761067e128ea44d5d84639b63f8c
SERVER_HANDSHAKE_TRAFFIC_SECRET 3438d2b65644399faf729d4d7f5496eb8e6b9f9b3b2647a7b74050895e991ff1 38566afdf7ce40ea853e02fa5bc84c9cd9439994fafe49e0434cd45055bc1531
CLIENT_TRAFFIC_SECRET_0 9532794d4af046a1310df4392e0692c23711064d01e8dfe5b9903e82b714be30 7df68d05660c55c0092f647592fda2def674d1d7c4b385cffbdab55ef9c71deb
SERVER_TRAFFIC_SECRET_0 9532794d4af046a1310df4392e0692c23711064d01e8dfe5b9903e82b714be30 0d549f81db94d22427cd0f7c57c609e24f1aae3fcf200ca2622db67b25a6d7ca
EXPORTER_SECRET 9532794d4af046a1310df4392e0692c23711064d01e8dfe5b9903e82b714be30 f816a161c3ad3b5526f91501b2474f66ee26653dcfeda3d0962835d34a275af1
CLIENT_TRAFFIC_SECRET_0 e98291e2c004a14b7dd1e4e4cd099db28135cc4e3b2c23695d41eeccb04d9728 8618c12a0e4ab3f7de5f974fe46c7db9de5c38ee8a26e3273a50d63006489143
SERVER_TRAFFIC_SECRET_0 e98291e2c004a14b7dd1e4e4cd099db28135cc4e3b2c23695d41eeccb04d9728 65c64ebb178986bf9c658b81376b357bb63a5312ed529b53637b38b0b2b289a5
EXPORTER_SECRET e98291e2c004a14b7dd1e4e4cd099db28135cc4e3b2c23695d41eeccb04d9728 26ac57c4a6b0264f7c5a69b465492465bc3c4e941555aa5300ef4538b601f276
CLIENT_HANDSHAKE_TRAFFIC_SECRET 313dc322d15eca30ae0a50e2d1720392b2fa13b0337487d4c74ba5be1aab9504 bedd4502acebca21d69a46f07c3eb24e578e7f58928aa6d0393563054693fa61
SERVER_HANDSHAKE_TRAFFIC_SECRET 313dc322d15eca30ae0a50e2d1720392b2fa13b0337487d4c74ba5be1aab9504 4027761b857ae881c960b8bcb77a06ab3cc5474af438effc93c69c4e6b8c99e5
CLIENT_TRAFFIC_SECRET_0 181242101c5d32ed35facbead80bab2500b26843a9c710bf27862976773f2c72 64947e10858b76d9b5da5ea14be00a3c3b06926f809e338cdb559c8eb0efe5ef
SERVER_TRAFFIC_SECRET_0 181242101c5d32ed35facbead80bab2500b26843a9c710bf27862976773f2c72 60aab5840acd3624601f785ee600ec91af2e72b49b65641700638245b30bfb4c
EXPORTER_SECRET 181242101c5d32ed35facbead80bab2500b26843a9c710bf27862976773f2c72 dd9e9205fc39357d9fcad4d39333fad7c98fa521aa8392f5bb77376ae23c0c6c
CLIENT_HANDSHAKE_TRAFFIC_SECRET 676fe42a35186226a4f0ff3b6a0d2eeb72cbab184a3b6cd9e6cd752f057ada9f b0991238b710b4a5657b66664072d2ca35ca123d7da41cb450cad512b23b16c9
SERVER_HANDSHAKE_TRAFFIC_SECRET 676fe42a35186226a4f0ff3b6a0d2eeb72cbab184a3b6cd9e6cd752f057ada9f 7318cea8c2b0929767f92764039f9123418a4b58b9633de810d994b1a7f9ae08
CLIENT_TRAFFIC_SECRET_0 bc0adfa44b2d059c0f680fbbd0203f1f3d9ed9551573de5b2d56b79bbb4108d6 cfc8c58b5a06db673084882d4ab5ae557e258cd293c27de60c7096d7ac28317c
SERVER_TRAFFIC_SECRET_0 bc0adfa44b2d059c0f680fbbd0203f1f3d9ed9551573de5b2d56b79bbb4108d6 8c3ecca388bcc6a4be3b31d8e70564f45f0a32bfc7d9f7866daa0099cdfa0f98
CLIENT_TRAFFIC_SECRET_0 d2488a6c69925da6e8351842d757730dc9a1f2964ffa4ae6d4950aa331d1ef95 3e5da8f79612d981f210943a24a1ff3ec2dd8d7723252fcb6d72d8422e82fea3
EXPORTER_SECRET bc0adfa44b2d059c0f680fbbd0203f1f3d9ed9551573de5b2d56b79bbb4108d6 36fd6c1f69a8d319339ad996bc1186d755c1217a82e87b471098b9915223bc88
CLIENT_HANDSHAKE_TRAFFIC_SECRET 9a199ebce02077104a50c6b7d50ad2a0ebb1fef05b7ac835dacdd4a6c0bd433d f1743c1aba063b67c2183c732cb7c271c466552378ffc0d7834b0ac6272c60ee
SERVER_TRAFFIC_SECRET_0 d2488a6c69925da6e8351842d757730dc9a1f2964ffa4ae6d4950aa331d1ef95 645886fa7340243a9e7c37c8131e70679d35e3ab6ad20e3aff8a70098497ec8a
SERVER_HANDSHAKE_TRAFFIC_SECRET 9a199ebce02077104a50c6b7d50ad2a0ebb1fef05b7ac835dacdd4a6c0bd433d 417abe69e252c47639772c56eb2f581b16dff4106cb5c167d744664da50763ab
EXPORTER_SECRET d2488a6c69925da6e8351842d757730dc9a1f2964ffa4ae6d4950aa331d1ef95 31ff733c9f73fa07ffe0ad341583017c5f56eff77e9c352b3215ea83fed6f2a6
CLIENT_HANDSHAKE_TRAFFIC_SECRET a25247e38a12b848be8ea0e867751cf3fca24d91d32d13658d195075d56b3550 1f7306f6c697fcae51905a49bcb35f21973e48a730b831acd3206c81797b439f
SERVER_HANDSHAKE_TRAFFIC_SECRET a25247e38a12b848be8ea0e867751cf3fca24d91d32d13658d195075d56b3550 833a3a757c68fcbcdb9b4f7285e8680ecf972cd912e8c1b5c0d2703409c73626
CLIENT_TRAFFIC_SECRET_0 873d0977615c835018f0de691a0bdba82e6a6497e732291f9763760acd8559ee 91d8333ce2186f19ce92450bc823d2cd3699446439ff970f1a0f8f947e0d3bd9
SERVER_TRAFFIC_SECRET_0 873d0977615c835018f0de691a0bdba82e6a6497e732291f9763760acd8559ee 179f65a361e27a1d70c5eb03f5bf114bf28b37419fcedbdf4bfb7a3f04e7b26b
EXPORTER_SECRET 873d0977615c835018f0de691a0bdba82e6a6497e732291f9763760acd8559ee 622377e778c1019b577464d1cbdce94b4715a1da91b943bae56093ed4b06d1c7
CLIENT_TRAFFIC_SECRET_0 c85bb4e8d054fee24f9975708b819fc8c2e311193503c797e266f02401ab9945 32ace9bcbe4e96fc099a441b9d380de39209268526c26e6a53f35aeab3b6dc45
SERVER_TRAFFIC_SECRET_0 c85bb4e8d054fee24f9975708b819fc8c2e311193503c797e266f02401ab9945 0d5f968a9b274bfde6b85fed48d264def6b65a8ea8112b3d2b9842d13d6dbd41
EXPORTER_SECRET c85bb4e8d054fee24f9975708b819fc8c2e311193503c797e266f02401ab9945 338939f057f8bf56830d0dfb9c4b7c30a7f2c1eb1b4b5dabc1efa80ba019f65b
CLIENT_TRAFFIC_SECRET_0 3438d2b65644399faf729d4d7f5496eb8e6b9f9b3b2647a7b74050895e991ff1 a2e9c89746c1c5eef8d07b6444fd926bac9a3dd8969df182a6ed1c6917a22ebc
SERVER_TRAFFIC_SECRET_0 3438d2b65644399faf729d4d7f5496eb8e6b9f9b3b2647a7b74050895e991ff1 4f804563debe342a4c9ca13c30919b3759a3fd9cb305a05757cd151621fd2e3c
EXPORTER_SECRET 3438d2b65644399faf729d4d7f5496eb8e6b9f9b3b2647a7b74050895e991ff1 f42489d37e6116589a66f873cc1da247c18973f61141ac7865ddd57df48aa6b7
CLIENT_HANDSHAKE_TRAFFIC_SECRET 5a7868c1e7b00fd3b0a16eb51276e8e7bc7b73f611721c7451298f61b2cddc11 c264308ccf56521538900344e498493002f10b3a328c0578273b732d43cda397
SERVER_HANDSHAKE_TRAFFIC_SECRET 5a7868c1e7b00fd3b0a16eb51276e8e7bc7b73f611721c7451298f61b2cddc11 c6f42a1d2cb2a3eb42a332ea3b0b8b097f0896f7e82a870d5342aecadb431ac2
CLIENT_TRAFFIC_SECRET_0 313dc322d15eca30ae0a50e2d1720392b2fa13b0337487d4c74ba5be1aab9504 107633761a5c9577542a2247c37efd1a3efaa9d870330197184336b646aaf98e
SERVER_TRAFFIC_SECRET_0 313dc322d15eca30ae0a50e2d1720392b2fa13b0337487d4c74ba5be1aab9504 840e860c3f2d071639c0d45f5141a1f5d3c78983f8cb50069cc042d8f66cbffb
EXPORTER_SECRET 313dc322d15eca30ae0a50e2d1720392b2fa13b0337487d4c74ba5be1aab9504 63df334003233b823faba9673f8efd09c556ef733704df52e7deb6f1b6ac0bf8
CLIENT_TRAFFIC_SECRET_0 9a199ebce02077104a50c6b7d50ad2a0ebb1fef05b7ac835dacdd4a6c0bd433d ac161b5e11eaaa6f4b8737241371c729d782efc591f213a63d000e1533507923
SERVER_TRAFFIC_SECRET_0 9a199ebce02077104a50c6b7d50ad2a0ebb1fef05b7ac835dacdd4a6c0bd433d 36ff80c03be941b7e5fbdfb07e143c18d3d190e757465d00a112d673a258fcc3
EXPORTER_SECRET 9a199ebce02077104a50c6b7d50ad2a0ebb1fef05b7ac835dacdd4a6c0bd433d 2e090c1c74fac930481663bd5381c3414bfffd0aafc3ef75f52e63db541da5d3
CLIENT_TRAFFIC_SECRET_0 676fe42a35186226a4f0ff3b6a0d2eeb72cbab184a3b6cd9e6cd752f057ada9f 39fe71ccaecb53fce7590052591a7b2d2f51f2fdc1b685f847dca3fa99db9cbb
SERVER_TRAFFIC_SECRET_0 676fe42a35186226a4f0ff3b6a0d2eeb72cbab184a3b6cd9e6cd752f057ada9f 72298444600051e61bcde9ffbf491453ef562b168117dcf7736e909f874d2e46
EXPORTER_SECRET 676fe42a35186226a4f0ff3b6a0d2eeb72cbab184a3b6cd9e6cd752f057ada9f 6cf2f2bd5c78091ebe5a362143a6750aa0c1f7e20028c3d41621dee5ea4643a1
CLIENT_TRAFFIC_SECRET_0 a25247e38a12b848be8ea0e867751cf3fca24d91d32d13658d195075d56b3550 d5b45c1e79a0ee58261bab28c76c12b0b5cddc91ffe0774fac08cfd4e95c2403
SERVER_TRAFFIC_SECRET_0 a25247e38a12b848be8ea0e867751cf3fca24d91d32d13658d195075d56b3550 88b3c52d4855c736cfa3de05ce13ecd1448ccd97d5ce3e9d027fec6cd577f3aa
EXPORTER_SECRET a25247e38a12b848be8ea0e867751cf3fca24d91d32d13658d195075d56b3550 7f5262c1c0f1fc09534e3f6e7d63d78835ddf9c8d99fdf57fdce88f8197afb40
CLIENT_TRAFFIC_SECRET_0 5a7868c1e7b00fd3b0a16eb51276e8e7bc7b73f611721c7451298f61b2cddc11 afbe8e65b10651d27a9365fa9f13a0a41e0062da5dd048aee094f8ccf37ad2ee
SERVER_TRAFFIC_SECRET_0 5a7868c1e7b00fd3b0a16eb51276e8e7bc7b73f611721c7451298f61b2cddc11 c4c3c088b29a623313af58ea36b21448bda067f26cffd1b09210b75cfbb0aae5
EXPORTER_SECRET 5a7868c1e7b00fd3b0a16eb51276e8e7bc7b73f611721c7451298f61b2cddc11 65793391c7c0beec1bf992951d949d7498286d41b1900736d94b4315072894ee
CLIENT_HANDSHAKE_TRAFFIC_SECRET 425444ebd02669b9e904cf237ce3dbb27734cc0c80916759b213df521fa8698e 5d1a04a13506d603498851114a35eb0052ea4165688ce54fda5540e88aea361b
SERVER_HANDSHAKE_TRAFFIC_SECRET 425444ebd02669b9e904cf237ce3dbb27734cc0c80916759b213df521fa8698e e20b2c6e4f3e69e5e1e408352a5a1e8977101072f6a48d7ef66fdce36d594ef7
CLIENT_TRAFFIC_SECRET_0 425444ebd02669b9e904cf237ce3dbb27734cc0c80916759b213df521fa8698e 44308444637a1ec9d2be39ed93dfe33046c064ac84319ca9ddd98f5dddd3a6d8
SERVER_TRAFFIC_SECRET_0 425444ebd02669b9e904cf237ce3dbb27734cc0c80916759b213df521fa8698e 1c51353ff733d03f6b3e61864b198de68e59232e2b38e529d1f8b58efe6d464d
EXPORTER_SECRET 425444ebd02669b9e904cf237ce3dbb27734cc0c80916759b213df521fa8698e 2e5888364ab9bed166e70ce71a722d2fd919daab0a725e75f5c5d45f3cb115bf
