CLIENT_HANDSHAKE_TRAFFIC_SECRET d4ac0f69c53c19f1b17d66ad02825d08469dfb3c4cb4436c8edde7ca64475c19 53799aed3190773e3f8967aa0c94ea7a1a63fa3693ae16d4a5c5c80e2e68764b
SERVER_HANDSHAKE_TRAFFIC_SECRET d4ac0f69c53c19f1b17d66ad02825d08469dfb3c4cb4436c8edde7ca64475c19 e789bbd5ef119e43041e81cb94b659a3d9d50a26ce01c13c446e7282381e47d2
CLIENT_TRAFFIC_SECRET_0 d4ac0f69c53c19f1b17d66ad02825d08469dfb3c4cb4436c8edde7ca64475c19 346f27722d4045e2a78be3eaced003a90feeff17391a425f528ba25e354aac98
SERVER_TRAFFIC_SECRET_0 d4ac0f69c53c19f1b17d66ad02825d08469dfb3c4cb4436c8edde7ca64475c19 a6af2f841242a06701df1a039961b583b8daffe7eadffb6b83a6ada7f0ac552b
EXPORTER_SECRET d4ac0f69c53c19f1b17d66ad02825d08469dfb3c4cb4436c8edde7ca64475c19 86e6411577d51eeb9af933981998c64b524ec8bf87a5c4561aa959cf2081332f
CLIENT_HANDSHAKE_TRAFFIC_SECRET d9eb235725fb8ded509b0ecf5bd66e3507de251245b3de718fdd67437c9f5cfd 2028785f88e8e8992dab1e0483e79a78e993e3054ff009d95cd8a25bc1e13331
SERVER_HANDSHAKE_TRAFFIC_SECRET d9eb235725fb8ded509b0ecf5bd66e3507de251245b3de718fdd67437c9f5cfd 83f5c0b460425e03c7579697e833d0cea7e259af96f13b3e7222cf23b7d63004
CLIENT_HANDSHAKE_TRAFFIC_SECRET bddb5f199db99d60220d0973d8556a4da43931db2954b1d4ba7eb810bc0bfc47 2eb99ee55ed33139c74249b3faf42d054c7d351e9e817e512a4443b125454b85
SERVER_HANDSHAKE_TRAFFIC_SECRET bddb5f199db99d60220d0973d8556a4da43931db2954b1d4ba7eb810bc0bfc47 74c940bc577cc1fd52337aa77f146abd6474777e42bd017b18710b842c003276
CLIENT_HANDSHAKE_TRAFFIC_SECRET a526aba7f4968e54f7b48ee5dec69625b148be9a8eb10105e883b086f3597d20 61655228d8e50821c7b2aac852dff4035c5bd6723aee29af35bf606a8466ed0d
SERVER_HANDSHAKE_TRAFFIC_SECRET a526aba7f4968e54f7b48ee5dec69625b148be9a8eb10105e883b086f3597d20 647c07a18c0d225ec337ccaf796397ab1fcf794f1484b40f35a820274e57cdef
CLIENT_HANDSHAKE_TRAFFIC_SECRET 7d8c35d22790dfc955622e1373ecd81c050e2a3b41e6ba906a94e180573b26ff d06961791e07ebc9d3b231f165425e5e94e7a9dcb522b8ef057faea5e6e4f384
SERVER_HANDSHAKE_TRAFFIC_SECRET 7d8c35d22790dfc955622e1373ecd81c050e2a3b41e6ba906a94e180573b26ff 276428c703fd976c8b7b303bbc38553385065385a9e7e1dc5029bd4fd17ed21a
CLIENT_HANDSHAKE_TRAFFIC_SECRET 7361cf281d04bb5f5a34b7d173e00661a26fbadf7e9f10d74953051353a216bb e932b813187b052c1f2e2bf4f5ce80be439855cb69013f3008246a1c18954d8a
SERVER_HANDSHAKE_TRAFFIC_SECRET 7361cf281d04bb5f5a34b7d173e00661a26fbadf7e9f10d74953051353a216bb 52ff6f6084477115425ca1719fa043ac244078f8752826c1c54d59c2892b8c99
CLIENT_TRAFFIC_SECRET_0 d9eb235725fb8ded509b0ecf5bd66e3507de251245b3de718fdd67437c9f5cfd 02532d71a33f7e7a63c9d8f32a3c9915b2825a91aa50c1eadc43eee9fc534786
SERVER_TRAFFIC_SECRET_0 d9eb235725fb8ded509b0ecf5bd66e3507de251245b3de718fdd67437c9f5cfd 646d649875aa063bfb21952fcbd97a8345e8b8161b51fa3b3a72fc70cd7ea8f0
EXPORTER_SECRET d9eb235725fb8ded509b0ecf5bd66e3507de251245b3de718fdd67437c9f5cfd 7b001ef77fce9384212bcd52c8c916754df5da15e1d93d46d73d2c302e748895
CLIENT_TRAFFIC_SECRET_0 a526aba7f4968e54f7b48ee5dec69625b148be9a8eb10105e883b086f3597d20 b81b5e433d74a064a4d40b90ca065e2e9c7958cce0d5b129969c8d600fb325bc
SERVER_TRAFFIC_SECRET_0 a526aba7f4968e54f7b48ee5dec69625b148be9a8eb10105e883b086f3597d20 46c063c0373e28172b61b0d0dbe58449ce5e192791efe76bb6b07527a654ae03
EXPORTER_SECRET a526aba7f4968e54f7b48ee5dec69625b148be9a8eb10105e883b086f3597d20 cd0040d2a637d08193778cd285c68f7f7861b83f8be2529b437059901049d984
CLIENT_TRAFFIC_SECRET_0 7d8c35d22790dfc955622e1373ecd81c050e2a3b41e6ba906a94e180573b26ff 2863fb8be08ea2cc6dc6954a1d80e3bc5bfdee0295cd04288bca536c6101fbef
SERVER_TRAFFIC_SECRET_0 7d8c35d22790dfc955622e1373ecd81c050e2a3b41e6ba906a94e180573b26ff 606fd3970ae271b9ce10c92acf760b6adee297efa03f2fcf1e9dd348195ec9da
EXPORTER_SECRET 7d8c35d22790dfc955622e1373ecd81c050e2a3b41e6ba906a94e180573b26ff 62765d45d9f4284b3425905009f4fa37fdeeb0f30babc3cc3f7aa9788a9dddf7
CLIENT_TRAFFIC_SECRET_0 7361cf281d04bb5f5a34b7d173e00661a26fbadf7e9f10d74953051353a216bb 17b7d171d5384d66dadf5c37a5c334a4818f375cf0b3898a2e7a1c80ffd7ef1c
SERVER_TRAFFIC_SECRET_0 7361cf281d04bb5f5a34b7d173e00661a26fbadf7e9f10d74953051353a216bb 09e1d80d18317904e8e5e9a3af9391c8e1bde7daa7dbf9e922290dee7b02c638
EXPORTER_SECRET 7361cf281d04bb5f5a34b7d173e00661a26fbadf7e9f10d74953051353a216bb ed2acf6c7f7a721a361c1f96bb52f33c6579339dc5b2863e08abcbf5d2867dbf
CLIENT_TRAFFIC_SECRET_0 bddb5f199db99d60220d0973d8556a4da43931db2954b1d4ba7eb810bc0bfc47 4c9d5a7bf392be4df2a33a1d052fb1544072bb6a72ee8b882a663ca0549780b7
SERVER_TRAFFIC_SECRET_0 bddb5f199db99d60220d0973d8556a4da43931db2954b1d4ba7eb810bc0bfc47 cb581d2285994dd4674b8c5d761f55c70f30bda7864bab229a8ba7e59f1c8d62
EXPORTER_SECRET bddb5f199db99d60220d0973d8556a4da43931db2954b1d4ba7eb810bc0bfc47 56ae3ad1d0bf5036769135975a6b09d6b7933c03496c6eaf004efd3f17b8a864
CLIENT_HANDSHAKE_TRAFFIC_SECRET ab89fc7663dcdfb480f81f2377a543fe2d910f58284e5ba9977617d688462a37 cf98272ff749738d638122ea8ed9673216176249f7e2b3486ade9075d4bed08d
SERVER_HANDSHAKE_TRAFFIC_SECRET ab89fc7663dcdfb480f81f2377a543fe2d910f58284e5ba9977617d688462a37 7521081825e95e7dfcd04c8783e7c836e19ae334d4f456a353a857a8aec40b48
CLIENT_TRAFFIC_SECRET_0 ab89fc7663dcdfb480f81f2377a543fe2d910f58284e5ba9977617d688462a37 ca30030ba8c88aa7b352590f749b304b3cba309e89a8344d2a36016e5aed0591
SERVER_TRAFFIC_SECRET_0 ab89fc7663dcdfb480f81f2377a543fe2d910f58284e5ba9977617d688462a37 fcdd51f79809c6d0ca769e35c639ca60496b4f19e806db67202d6148bac33e9f
EXPORTER_SECRET ab89fc7663dcdfb480f81f2377a543fe2d910f58284e5ba9977617d688462a37 9c59ca67d631e74083fa3f43b0935d6859072b6c42ce61c5e8cc1c19afe0a2e2
