CLIENT_HANDSHAKE_TRAFFIC_SECRET 7ea6a0b09b762ce6b4867dbc770daa80e618f5ea33b0ce18dc30e3433259b6a3 a0d5e81839cd86f28ffc79f08b1bb23131efffd08d90f505bdc4313b7cc04b77
SERVER_HANDSHAKE_TRAFFIC_SECRET 7ea6a0b09b762ce6b4867dbc770daa80e618f5ea33b0ce18dc30e3433259b6a3 0ea0497a1fcf7c011f97b7ddd5f4a82587d53c25daf22b35bd1f35aed35d93e7
CLIENT_TRAFFIC_SECRET_0 7ea6a0b09b762ce6b4867dbc770daa80e618f5ea33b0ce18dc30e3433259b6a3 01da83235649056ba368e5a93098a6e9ad289083aba55d4656aca5ddec83ff3b
SERVER_TRAFFIC_SECRET_0 7ea6a0b09b762ce6b4867dbc770daa80e618f5ea33b0ce18dc30e3433259b6a3 c987a78607c63901f38eecdf70ae2c0015c8276860df115b0a5e90998f715ffd
EXPORTER_SECRET 7ea6a0b09b762ce6b4867dbc770daa80e618f5ea33b0ce18dc30e3433259b6a3 9fb6c64a4e05f1935351e6d17ba83c8919ea711f7e7e2c232348e9eb6d83be29
CLIENT_HANDSHAKE_TRAFFIC_SECRET 891a232de4ecbcde75d26d4a443c46273c0779c5aeebf8a91d5bf4b04a74a610 d4b0fcb9356fd0d392ad7b0c1d1fa51f864e3ee585eeecbed63aa469173546c2
SERVER_HANDSHAKE_TRAFFIC_SECRET 891a232de4ecbcde75d26d4a443c46273c0779c5aeebf8a91d5bf4b04a74a610 4b417b6312ca6717c44d9921589b69d54f7f00421dce36a22e7954b5293e77a6
CLIENT_HANDSHAKE_TRAFFIC_SECRET ab324841af527ed4c53eb3b0c23a9c1c9f0acf9d69dab5fd9a92f9222629753c 7b86c17ea43402fc68e04294a4824bc4be916dd2cb64eddf75aa7fca7e042856
SERVER_HANDSHAKE_TRAFFIC_SECRET ab324841af527ed4c53eb3b0c23a9c1c9f0acf9d69dab5fd9a92f9222629753c 8a897c939123e9968fa429c94cb8b054936e8372453648b9306c8d394fa76abd
CLIENT_HANDSHAKE_TRAFFIC_SECRET 7b74770031951977a936b8bcfd28987169003434c69693beb88792cab812779f a33531069663ab6f439d76d76b50fdda1a051a120bb5342cac23252c6d5e81bd
SERVER_HANDSHAKE_TRAFFIC_SECRET 7b74770031951977a936b8bcfd28987169003434c69693beb88792cab812779f 0c7414c7385818d1d6de935dd51bae55885fe5078c624ef8fe447b3b23835fa3
CLIENT_HANDSHAKE_TRAFFIC_SECRET 3eeae5f5b1c1c7c3ee7426a65a0e35ee6ffbbd19c4f63cd75241878c4135ad4d ea83c8945685cc4698e529306059a64871a025ea6c528e3c0e3118496f0ef940
SERVER_HANDSHAKE_TRAFFIC_SECRET 3eeae5f5b1c1c7c3ee7426a65a0e35ee6ffbbd19c4f63cd75241878c4135ad4d 6a49b273debc0970c81b47f4ed709ff760de02d17b50938c3c1bf4b46d65c7f9
CLIENT_HANDSHAKE_TRAFFIC_SECRET 32acf1f286c8cf5b2a075c1b43bca906d4a8e9dbb238a911012861906befbb47 d6b64c40ec31472f4540b3fca313c7d5554906c5ea69cbae1708488daf9e925e
SERVER_HANDSHAKE_TRAFFIC_SECRET 32acf1f286c8cf5b2a075c1b43bca906d4a8e9dbb238a911012861906befbb47 38f64f426d7d654ddcf4b992a11c37f40b127363bf290d8e6ae63884a4e68f65
CLIENT_HANDSHAKE_TRAFFIC_SECRET d319214c239595c1a36ee662fed631663a8c0a64524c0894ad29ca18d83221d8 868b9dfd82ff42267f858a082e42f2de49e904e1bf82b4cf7a85e257bda77cc4
SERVER_HANDSHAKE_TRAFFIC_SECRET d319214c239595c1a36ee662fed631663a8c0a64524c0894ad29ca18d83221d8 b23008fa1e7405007e41c19cfeba551a50d1a427a71ff19f0de87ed5db27390c
CLIENT_HANDSHAKE_TRAFFIC_SECRET c070ee94f49b5c7983b0364f7a81ae188823ed161958045ead3b3c8bd026d963 753e1abbf975fadbb7e388d320503a4778f406c82df664a98f45318b88318879
SERVER_HANDSHAKE_TRAFFIC_SECRET c070ee94f49b5c7983b0364f7a81ae188823ed161958045ead3b3c8bd026d963 bef09ac8282a66c7a017a2a6602b1c352e87d7ed96dbeccf1757ff1d827274e2
CLIENT_HANDSHAKE_TRAFFIC_SECRET 59a81fdcd0b98b0bcb1ff83dead9ab385e4060a1f135a5b570e580486f79d15b 675819c234f5efcc793ddda20a4f2d58e568cd87c074c388cff0cb3baf694da3
SERVER_HANDSHAKE_TRAFFIC_SECRET 59a81fdcd0b98b0bcb1ff83dead9ab385e4060a1f135a5b570e580486f79d15b 3b34fa5840a4eedd8b4a713c5f31022b6c9e9d67f420306823b91a75ef30ceff
CLIENT_TRAFFIC_SECRET_0 891a232de4ecbcde75d26d4a443c46273c0779c5aeebf8a91d5bf4b04a74a610 c87afd70863f9c093a5611858d2c6469c1645f31bac13f2d59261c482d604b86
SERVER_TRAFFIC_SECRET_0 891a232de4ecbcde75d26d4a443c46273c0779c5aeebf8a91d5bf4b04a74a610 3c8a5c094199f3a6dc9befdc99c3b441322aa3d23b368da58ca8c6fbe8b8387b
EXPORTER_SECRET 891a232de4ecbcde75d26d4a443c46273c0779c5aeebf8a91d5bf4b04a74a610 6bad2d2e437556c2c4304aa466c52cc51511399fcfb435a337c09ddfe8c7bff0
CLIENT_HANDSHAKE_TRAFFIC_SECRET ef8a8b73fe137be0a620c5190d904046efee16d10edfa2fbe0ef50bffef71763 261e9ee700bb5ef71840f7d3234d6ca18f79b4d770907a4ee54e016fb4db80cf
SERVER_HANDSHAKE_TRAFFIC_SECRET ef8a8b73fe137be0a620c5190d904046efee16d10edfa2fbe0ef50bffef71763 3438db8a9be7f4f388b5c7eeb1eb69bdaf9b3b969bbe22b0cc69767ebe0b6d8b
CLIENT_HANDSHAKE_TRAFFIC_SECRET 5ce54eb86d4b6e7d2d9193bf9f1b63e79e5a7407addce121b01c3efb5e33105b b463303a55c97146c6c259823450824628b7b4dbb440e2e3de860987cba72835
SERVER_HANDSHAKE_TRAFFIC_SECRET 5ce54eb86d4b6e7d2d9193bf9f1b63e79e5a7407addce121b01c3efb5e33105b 500917d42484e0dd4079d4b981c40128b464eb95da3e8addcffe167ac00a5d61
CLIENT_HANDSHAKE_TRAFFIC_SECRET 3f5c200d9b46a6c7c9be126c181f4ce015b66fe64ef97adcf67b65d627a1efbb d2af2ae08833a2716fa7b296c78fe7c0ba38658221df76fe7eb48ffbe210b1fd
SERVER_HANDSHAKE_TRAFFIC_SECRET 3f5c200d9b46a6c7c9be126c181f4ce015b66fe64ef97adcf67b65d627a1efbb faa77a86a3bdcea3b8f38e9582885de713e05d760869c4f0579342e3d7338ad2
CLIENT_TRAFFIC_SECRET_0 ab324841af527ed4c53eb3b0c23a9c1c9f0acf9d69dab5fd9a92f9222629753c 481c9bb23d539075970610ebb11c1373b67b8efaed9705479b4f6fe8b142ec80
SERVER_TRAFFIC_SECRET_0 ab324841af527ed4c53eb3b0c23a9c1c9f0acf9d69dab5fd9a92f9222629753c b17fce32c5e8c3daee707a4c8fa6b1dec7090919d2d35b69a97fd9b5c7bd6659
EXPORTER_SECRET ab324841af527ed4c53eb3b0c23a9c1c9f0acf9d69dab5fd9a92f9222629753c c587b20521e396a9418745cfb12ad7996b0be0a40ff47159838f7f2f098005a3
CLIENT_TRAFFIC_SECRET_0 7b74770031951977a936b8bcfd28987169003434c69693beb88792cab812779f 489f0fd0f3c1528c9ffa31af674b996c496420d9eccbe8a999889a7090c1f339
SERVER_TRAFFIC_SECRET_0 7b74770031951977a936b8bcfd28987169003434c69693beb88792cab812779f b4bd630379902b5ec6fec4e273019eaf054946192c652992acf8c9eaaac14406
EXPORTER_SECRET 7b74770031951977a936b8bcfd28987169003434c69693beb88792cab812779f d06ab23f4440cd1fbaba584e789278657d40f9f3fa34cfa9206f97462f4b4aec
CLIENT_TRAFFIC_SECRET_0 3eeae5f5b1c1c7c3ee7426a65a0e35ee6ffbbd19c4f63cd75241878c4135ad4d e06952addb1e31f7fea9450b943afefcaa585e4561f1c5b1bd0d070fd6777723
SERVER_TRAFFIC_SECRET_0 3eeae5f5b1c1c7c3ee7426a65a0e35ee6ffbbd19c4f63cd75241878c4135ad4d ceafc8ec5767b554ffb1abf33ea780b1053bc89fda693447fa53768ba3b46e0d
EXPORTER_SECRET 3eeae5f5b1c1c7c3ee7426a65a0e35ee6ffbbd19c4f63cd75241878c4135ad4d 88d7ba42a93cf9cbe2d4b7c08cfd4a7b1533755b28f1be73e9da7fd8108b74cf
CLIENT_HANDSHAKE_TRAFFIC_SECRET 3801a54ed24d4f2546e7d23db5f50e2b3beaf2d1ec46ec48aa1a215270410480 df8932ada4e74dc894dc98c997f07f3379e30bcf923aaa0586d988a5e48e89cd
SERVER_HANDSHAKE_TRAFFIC_SECRET 3801a54ed24d4f2546e7d23db5f50e2b3beaf2d1ec46ec48aa1a215270410480 9953b4d9b8ff8bdd63d8fa80da16657b63bd017b275c3e7a75fea15480c41360
CLIENT_TRAFFIC_SECRET_0 32acf1f286c8cf5b2a075c1b43bca906d4a8e9dbb238a911012861906befbb47 d2df67ef698ddd19dd9c8a1d41c9daf8d9cee34824782c493c0a2b4f74a0e638
SERVER_TRAFFIC_SECRET_0 32acf1f286c8cf5b2a075c1b43bca906d4a8e9dbb238a911012861906befbb47 5ccd35964d278270c6b502c2448ac0a656cea642c54e420696047387844eca0c
EXPORTER_SECRET 32acf1f286c8cf5b2a075c1b43bca906d4a8e9dbb238a911012861906befbb47 3403738f4021cb8a94ba6de9383ed95635101429edc5906d5d2b914a5665dc78
CLIENT_TRAFFIC_SECRET_0 c070ee94f49b5c7983b0364f7a81ae188823ed161958045ead3b3c8bd026d963 1e5d7cff109914bbe99b56c791cb2954a2621cdb490ffac71e3c1ddbf599bdf3
SERVER_TRAFFIC_SECRET_0 c070ee94f49b5c7983b0364f7a81ae188823ed161958045ead3b3c8bd026d963 47f235f018a50e785f947026bbb3dd7545b9954337d0e4a3c2f3584160575137
EXPORTER_SECRET c070ee94f49b5c7983b0364f7a81ae188823ed161958045ead3b3c8bd026d963 b0a46f9e82cbc3e2429c175e6d0a3a4ba99a93b9cac68e8fb889db442ab1efeb
CLIENT_TRAFFIC_SECRET_0 59a81fdcd0b98b0bcb1ff83dead9ab385e4060a1f135a5b570e580486f79d15b 983edfb97b55644395487507dca16954a4ce7914bcb31c6bd174ea8b3c8339ea
SERVER_TRAFFIC_SECRET_0 59a81fdcd0b98b0bcb1ff83dead9ab385e4060a1f135a5b570e580486f79d15b ede8dfda1f3615a6badea37e64bc8fcf4076aa4b7749f6b2d64df3c1aefa494e
CLIENT_TRAFFIC_SECRET_0 d319214c239595c1a36ee662fed631663a8c0a64524c0894ad29ca18d83221d8 2f6fd2c2aa12e3ca79fb504a48bcb604c39d965bc8bb3714ea2d98f3b469352a
EXPORTER_SECRET 59a81fdcd0b98b0bcb1ff83dead9ab385e4060a1f135a5b570e580486f79d15b 798c9ca12765d63d7ee850af14c38574b25cb35bfac8dad851044049b13ca087
SERVER_TRAFFIC_SECRET_0 d319214c239595c1a36ee662fed631663a8c0a64524c0894ad29ca18d83221d8 987657829e6fad4d8108331880c50db2c7277a41794a0d4fb586b1a36ecee311
EXPORTER_SECRET d319214c239595c1a36ee662fed631663a8c0a64524c0894ad29ca18d83221d8 c96b7792985e6d2aa812ff56909e909803d408d6c65dd0948d7a7866cbf77331
CLIENT_HANDSHAKE_TRAFFIC_SECRET 916964cdfa1598059ad2dd78ee7cf290d8eec63c395f76840fc526b9480b7ebe 8a5552c85a561e5ba6ac0fdf4e78a819fb0e90976a4b16d48eb0fe1b79458697
SERVER_HANDSHAKE_TRAFFIC_SECRET 916964cdfa1598059ad2dd78ee7cf290d8eec63c395f76840fc526b9480b7ebe 9ed34a96b793e19d52646d056660daa1749e74e09511c387870683fb84f0336c
CLIENT_HANDSHAKE_TRAFFIC_SECRET 1f07d0c1792b110df0aa837b77c940bf3eb7d05fd6d19e93487a1f32a11cb508 8417ec8765acb82950ec6b5ac44f32e404cb0707b24384291a000484e4933d95
SERVER_HANDSHAKE_TRAFFIC_SECRET 1f07d0c1792b110df0aa837b77c940bf3eb7d05fd6d19e93487a1f32a11cb508 c799e05a6528e237f55c9d01f5dc48d3ae810c134db173811898ba4602da8f65
CLIENT_TRAFFIC_SECRET_0 3f5c200d9b46a6c7c9be126c181f4ce015b66fe64ef97adcf67b65d627a1efbb 37d98f9772a40b8d0714e6549b7b76acd7511ec6da152bf43755cf8506a21f8f
SERVER_TRAFFIC_SECRET_0 3f5c200d9b46a6c7c9be126c181f4ce015b66fe64ef97adcf67b65d627a1efbb d051a5303655022df038bd43a1715d59bc750100b36d284eeb78a76ae8e53ce3
EXPORTER_SECRET 3f5c200d9b46a6c7c9be126c181f4ce015b66fe64ef97adcf67b65d627a1efbb 1ef850ec4da0940830031a7831f8a32d2095a51cf5de5717364761bc5d30432e
CLIENT_TRAFFIC_SECRET_0 5ce54eb86d4b6e7d2d9193bf9f1b63e79e5a7407addce121b01c3efb5e33105b b15b049982e7b7d8e22cd46d69326535564a8c9f4a5bff952611c6413cb7ac87
SERVER_TRAFFIC_SECRET_0 5ce54eb86d4b6e7d2d9193bf9f1b63e79e5a7407addce121b01c3efb5e33105b 319ed9070aea4d091ce25b4bf2aa0e25fdca35863c31a1341cb0ed870aea4f9c
EXPORTER_SECRET 5ce54eb86d4b6e7d2d9193bf9f1b63e79e5a7407addce121b01c3efb5e33105b 7245c19fbbec294fa8aa4c4bc06a95c5bb46e99aa6e8558217a15c26a44012c7
CLIENT_TRAFFIC_SECRET_0 ef8a8b73fe137be0a620c5190d904046efee16d10edfa2fbe0ef50bffef71763 179b3deba8a18d50d3b595585a9cd1a056fb3cf35a3a3360e8871bf9654607de
SERVER_TRAFFIC_SECRET_0 ef8a8b73fe137be0a620c5190d904046efee16d10edfa2fbe0ef50bffef71763 68c9d3c363117674a9e444c34aea267ca5bccb2d541131f8885cf1c91de79045
EXPORTER_SECRET ef8a8b73fe137be0a620c5190d904046efee16d10edfa2fbe0ef50bffef71763 c1442e0dfeb02ae676c253f070adfa97b7c21a210d7b191b9e599afe00f9148f
CLIENT_TRAFFIC_SECRET_0 3801a54ed24d4f2546e7d23db5f50e2b3beaf2d1ec46ec48aa1a215270410480 bcd2e3a5b666272d36e432d0a929dee9c13408d23f679de2a5dcac003cc053c8
SERVER_TRAFFIC_SECRET_0 3801a54ed24d4f2546e7d23db5f50e2b3beaf2d1ec46ec48aa1a215270410480 39a4ad77beb176eb2c4deef4b2211f948828ed98ab718ffa77776eba3afb923f
EXPORTER_SECRET 3801a54ed24d4f2546e7d23db5f50e2b3beaf2d1ec46ec48aa1a215270410480 fcd775c7200c27e32f31611abd131348f382d70dabc005e1eab3bc7962e894ca
CLIENT_TRAFFIC_SECRET_0 916964cdfa1598059ad2dd78ee7cf290d8eec63c395f76840fc526b9480b7ebe 5fe26bd45d3c9175db1dd5b9f5629517f8071925caef3a8a90f6f9ffcb7823b6
SERVER_TRAFFIC_SECRET_0 916964cdfa1598059ad2dd78ee7cf290d8eec63c395f76840fc526b9480b7ebe 3018db615e6f6423b648287bda83686db78bfee4652f077826f2f972fea7c080
EXPORTER_SECRET 916964cdfa1598059ad2dd78ee7cf290d8eec63c395f76840fc526b9480b7ebe 6a844437be8fe621dddc4b1bc3f1730342024309cb9ee26db9a71199ce21cfd0
CLIENT_TRAFFIC_SECRET_0 1f07d0c1792b110df0aa837b77c940bf3eb7d05fd6d19e93487a1f32a11cb508 a0869f4888eb6558f2040b7def5bae972b213739b151fe51ce11b9bc968baedf
SERVER_TRAFFIC_SECRET_0 1f07d0c1792b110df0aa837b77c940bf3eb7d05fd6d19e93487a1f32a11cb508 388f433345b6b9afc136f70773f4f27d1d523c7d52a12391fa83478814354a63
EXPORTER_SECRET 1f07d0c1792b110df0aa837b77c940bf3eb7d05fd6d19e93487a1f32a11cb508 1f19761aaa5a864518adddc6e1934de43ffe4a5880eccbb20ae0d644b2900ee7
