CLIENT_HANDSHAKE_TRAFFIC_SECRET 04595f8ef0773a84ea6f47ef37c663aeb8bb54ee4e8acc6fca62ad16716fee96 5fa96aff0594c891cb6c04ef6e4449ada91884954d5cf2036d1577607f75e51f
SERVER_HANDSHAKE_TRAFFIC_SECRET 04595f8ef0773a84ea6f47ef37c663aeb8bb54ee4e8acc6fca62ad16716fee96 3a00f9febf3fcf51bc48a0af8622f9012fa36cb0a85a6f8da2339d273cb8c9b0
CLIENT_TRAFFIC_SECRET_0 04595f8ef0773a84ea6f47ef37c663aeb8bb54ee4e8acc6fca62ad16716fee96 a9c70c9410e2fd03c9ee73e666f87a263a3a6c1d288d0d7d4a12ad74f9ac0226
SERVER_TRAFFIC_SECRET_0 04595f8ef0773a84ea6f47ef37c663aeb8bb54ee4e8acc6fca62ad16716fee96 fb734e3c5402957c02640d3ce9054cb587ef675b9a68ee3222759ac3a89fe425
EXPORTER_SECRET 04595f8ef0773a84ea6f47ef37c663aeb8bb54ee4e8acc6fca62ad16716fee96 4829317f99c1cb21c7c2cd5b653bfda00faa11efab090718b3f21eda186d81f9
CLIENT_HANDSHAKE_TRAFFIC_SECRET 3beb3e836728ad65107c0cd073522ccab29bee57e9b6c690518ef0586430993b 194096a4ac0ad96d54d9c93335ef56ea409b1972c7185d67adce6bd51d99cbad
SERVER_HANDSHAKE_TRAFFIC_SECRET 3beb3e836728ad65107c0cd073522ccab29bee57e9b6c690518ef0586430993b 137ccacf01c16e0d9c52660feacfffbd16d01770b646447c133e94a7dd7e2e57
CLIENT_TRAFFIC_SECRET_0 3beb3e836728ad65107c0cd073522ccab29bee57e9b6c690518ef0586430993b 307291f1f7f1f9d00cc8bac1962aa4ce2ac4e29326ac344d83b209eb7cba3811
SERVER_TRAFFIC_SECRET_0 3beb3e836728ad65107c0cd073522ccab29bee57e9b6c690518ef0586430993b 80cccd1b4addea57ef42242004b50f5b168c3f424ea17dad106b6074a1e82529
EXPORTER_SECRET 3beb3e836728ad65107c0cd073522ccab29bee57e9b6c690518ef0586430993b 17ac7886504456b34f30df41876d762556f78bc3d4909a6712dc284b68209c2c
CLIENT_HANDSHAKE_TRAFFIC_SECRET 597f43d7bbf34ffd00c90d5a5f489c8dc005ba1fa088ae528afc2d3a0fa505af 56a489e3f229119e567e09972f78837255effa6b4bbf5e35bc04459d7fa4a328
SERVER_HANDSHAKE_TRAFFIC_SECRET 597f43d7bbf34ffd00c90d5a5f489c8dc005ba1fa088ae528afc2d3a0fa505af 1476c00f75dc8c790eb10b29fd83944558fe95d5ee88bad1eb91b3634fc19205
CLIENT_HANDSHAKE_TRAFFIC_SECRET 9f550f8ee6a3d07e5ac81d168623c1e3f071b9f0cfcfed907fcf245fb21976d9 4922a4d04054615ffd5fe7af508c2e1185c62248b8d184e3869351db60244404
SERVER_HANDSHAKE_TRAFFIC_SECRET 9f550f8ee6a3d07e5ac81d168623c1e3f071b9f0cfcfed907fcf245fb21976d9 c19f49ed76d4fd4108dc2ebe70256f323777be63a34314f8c4f4fb2189024c5d
CLIENT_HANDSHAKE_TRAFFIC_SECRET aa4a017e5384e1dfebff7b46de465f99144d1b3166bd85f2c460fff768bbb317 aa818ae44534c6ee1901ffb64818226a0cd77b3b98fbe9522488e6a1ce938b80
SERVER_HANDSHAKE_TRAFFIC_SECRET aa4a017e5384e1dfebff7b46de465f99144d1b3166bd85f2c460fff768bbb317 ac2a621db20fe1536dc6612539176eb9d39fadd472fe6b9a5851383e3362dfa7
CLIENT_TRAFFIC_SECRET_0 597f43d7bbf34ffd00c90d5a5f489c8dc005ba1fa088ae528afc2d3a0fa505af b3fe5099779ba70899d3697692c18c631e7d40d299502f399f55bac6f8803319
SERVER_TRAFFIC_SECRET_0 597f43d7bbf34ffd00c90d5a5f489c8dc005ba1fa088ae528afc2d3a0fa505af f6de23b8a8c540e138e503e7961b74f64d96c4384f1b34657327a079fb250d17
EXPORTER_SECRET 597f43d7bbf34ffd00c90d5a5f489c8dc005ba1fa088ae528afc2d3a0fa505af cd59d15e9a1a81e06e21a6a1f3ef4c9a202c333ec32b6733c1d5d870aa6be24d
CLIENT_HANDSHAKE_TRAFFIC_SECRET 956fabc62b3bd80efd1ea65df2dfd84ebb67bf75c4ac47afd9a1318041a353dd 82d6258b459e246df600cc73a6a74a75191aa970b203fb738643153318c06a2c
SERVER_HANDSHAKE_TRAFFIC_SECRET 956fabc62b3bd80efd1ea65df2dfd84ebb67bf75c4ac47afd9a1318041a353dd 50d6afcc8927455bd8ebc1f99081d4fe997e2fdfa7721587619922c4bd070449
CLIENT_TRAFFIC_SECRET_0 aa4a017e5384e1dfebff7b46de465f99144d1b3166bd85f2c460fff768bbb317 deebe1e455a044000ca5bf318b1e7ca0c4372e5b2ec942fe17bbe3ed518b8516
SERVER_TRAFFIC_SECRET_0 aa4a017e5384e1dfebff7b46de465f99144d1b3166bd85f2c460fff768bbb317 2dae1b5cf532e1b7bb871c20906470e63dbde07a3b6fb154ee5e6d99cbc22c74
EXPORTER_SECRET aa4a017e5384e1dfebff7b46de465f99144d1b3166bd85f2c460fff768bbb317 9a9ef8c0b912e7bfb19d1d176351113f73d670b457d9b08e4fbdca6f075dcc36
CLIENT_TRAFFIC_SECRET_0 9f550f8ee6a3d07e5ac81d168623c1e3f071b9f0cfcfed907fcf245fb21976d9 ab3aab578b5a040eec263c1b2de54f5ff70f98b338d860f628bfceb7673e8240
CLIENT_TRAFFIC_SECRET_0 956fabc62b3bd80efd1ea65df2dfd84ebb67bf75c4ac47afd9a1318041a353dd 1a115c5319f6a41213858382e81e82f789c0f6b553c14157b8478a775f75cf4a
SERVER_TRAFFIC_SECRET_0 9f550f8ee6a3d07e5ac81d168623c1e3f071b9f0cfcfed907fcf245fb21976d9 5f9361b22a32ad81577f7a0f66d19f04fddafb509c2cfeb2dfbc6f44be32de56
SERVER_TRAFFIC_SECRET_0 956fabc62b3bd80efd1ea65df2dfd84ebb67bf75c4ac47afd9a1318041a353dd 77504c93d4e6a84309a704612839155adc815164f79951b815c292bbc7676e33
EXPORTER_SECRET 9f550f8ee6a3d07e5ac81d168623c1e3f071b9f0cfcfed907fcf245fb21976d9 88b553262cc67239a3f2c75e6c1f052b2a8becf3bcc818145c07bdab9334b2ab
EXPORTER_SECRET 956fabc62b3bd80efd1ea65df2dfd84ebb67bf75c4ac47afd9a1318041a353dd 8bcb84af5373294e3483e966f4596d245c6c59c637803f910288a3708644a843
CLIENT_HANDSHAKE_TRAFFIC_SECRET 8b9689c178a6f691b1f890889be4bda73349b572c28b8c58b8e18dd739fe5650 e7c78ca9d3077174df186294edbec0dea6694bcdf04bb1160408b2acb8902fac
SERVER_HANDSHAKE_TRAFFIC_SECRET 8b9689c178a6f691b1f890889be4bda73349b572c28b8c58b8e18dd739fe5650 22cf885ec3b714085ad8d97c26353eeb3e71aa99df86fd1c688a94b4f50f0e75
CLIENT_TRAFFIC_SECRET_0 8b9689c178a6f691b1f890889be4bda73349b572c28b8c58b8e18dd739fe5650 26d862b3eab90fcdce285d7dbf5c2eb87c65cf0f53c7e5dab3f4e8125f8c22a3
SERVER_TRAFFIC_SECRET_0 8b9689c178a6f691b1f890889be4bda73349b572c28b8c58b8e18dd739fe5650 5e88fead618fd0bf2c2e35fc51d6dd22d64cdef8f09b0f4682a71e7d3199795b
EXPORTER_SECRET 8b9689c178a6f691b1f890889be4bda73349b572c28b8c58b8e18dd739fe5650 0314860aae26ebe48821addd1d4ca2ff2bb3bfe206df04961e4ca67eb4a5f76d
CLIENT_HANDSHAKE_TRAFFIC_SECRET c3365082baca5de73ee8277cd42071d41cb707cb6f22cd0997d622402fbfba37 1d20c1928eeed0c0103b8f1051cf10acce8094fada978e45f7816cfe37315449
SERVER_HANDSHAKE_TRAFFIC_SECRET c3365082baca5de73ee8277cd42071d41cb707cb6f22cd0997d622402fbfba37 aaf8c170e3fc0e67aadd3ec56f7908c97a96836f94edc27b10a16f61f25818d3
CLIENT_HANDSHAKE_TRAFFIC_SECRET c9a801288230e172c7dcf2023e6129165bf4544cf016cc47db3eb0bbb341d1e4 8c730258dd9f21111716024ad1614065ddf2c4d34d3acee83c80c8961dde6fb8
SERVER_HANDSHAKE_TRAFFIC_SECRET c9a801288230e172c7dcf2023e6129165bf4544cf016cc47db3eb0bbb341d1e4 46ebd0a75bed51a9b4a640088dfad811b1cb4fc1401859155f5674f410af9d9b
CLIENT_TRAFFIC_SECRET_0 c3365082baca5de73ee8277cd42071d41cb707cb6f22cd0997d622402fbfba37 a7901dbac080d7f22ed215ea2c2bb095ddfff0f3a2a88f9670edbec98d4d6bf4
SERVER_TRAFFIC_SECRET_0 c3365082baca5de73ee8277cd42071d41cb707cb6f22cd0997d622402fbfba37 9ccf76611f7abb5d64f15e22846a7e55aff05716d5801cf8f820f69d372b59a9
EXPORTER_SECRET c3365082baca5de73ee8277cd42071d41cb707cb6f22cd0997d622402fbfba37 7c8146c04f39214846792b54408f44f2e44c655328b081e30efb26a68f2af2c7
CLIENT_HANDSHAKE_TRAFFIC_SECRET 006918b3f6795dc8753c32db0600d0a7411b6c3e092726436df1d2fe95b7021f 955b0caa884122a3fdaa4cebcb5d5002e559238c609af87cd7ea7a520c82a361
CLIENT_TRAFFIC_SECRET_0 c9a801288230e172c7dcf2023e6129165bf4544cf016cc47db3eb0bbb341d1e4 1f91205108dc8f0327e730f7119d25f54dffa72d2164446aab92721e458c9a12
SERVER_HANDSHAKE_TRAFFIC_SECRET 006918b3f6795dc8753c32db0600d0a7411b6c3e092726436df1d2fe95b7021f 39c7d013d5ef96aaa1290709239e0eb01af454f1dcffaa0b792564cca3951177
SERVER_TRAFFIC_SECRET_0 c9a801288230e172c7dcf2023e6129165bf4544cf016cc47db3eb0bbb341d1e4 89d5528d175786425f1eb2f6a3c3c0a11401b931f68138a357e61e69a1d96226
EXPORTER_SECRET c9a801288230e172c7dcf2023e6129165bf4544cf016cc47db3eb0bbb341d1e4 a5e228896fa962ace66048f16897dfd2586edf6c7c7e1b87f16df8aa7ce018bb
CLIENT_TRAFFIC_SECRET_0 006918b3f6795dc8753c32db0600d0a7411b6c3e092726436df1d2fe95b7021f f8e3a613a1cff70279e4eb2b92b28d592febd22927de6b97ed59660e83c053c9
SERVER_TRAFFIC_SECRET_0 006918b3f6795dc8753c32db0600d0a7411b6c3e092726436df1d2fe95b7021f 96359f0fdcf52ed5a900950307094a5bf6bdbbf934dc1021abe3f5e4af119912
EXPORTER_SECRET 006918b3f6795dc8753c32db0600d0a7411b6c3e092726436df1d2fe95b7021f ded7412db7c045f3b6dd1389e98ca104c36d2eb3a67306179e0ee6240c2bfd74
CLIENT_HANDSHAKE_TRAFFIC_SECRET 93ef57fdba4f32f8a15120d01af29ad8e69cb7c67bff93214f9e5c2f05ccddaa 7e27296ae7a3ce53f3ae1e1cf574d46bbbede72946252a4c9b0994a0b05296ab
SERVER_HANDSHAKE_TRAFFIC_SECRET 93ef57fdba4f32f8a15120d01af29ad8e69cb7c67bff93214f9e5c2f05ccddaa 4083c5d5db07f9b9e3354cc9beb352b354f7b4db93e39969897670d14354f963
CLIENT_TRAFFIC_SECRET_0 93ef57fdba4f32f8a15120d01af29ad8e69cb7c67bff93214f9e5c2f05ccddaa 67e73468c7a7c32d096baf23798c3132d15fee06ea0890a657c0ff1689fa3086
SERVER_TRAFFIC_SECRET_0 93ef57fdba4f32f8a15120d01af29ad8e69cb7c67bff93214f9e5c2f05ccddaa 7f9fc73c7e5c3b507b8ddbbaf75537757ecd48a494d4612d03a079233da4c913
EXPORTER_SECRET 93ef57fdba4f32f8a15120d01af29ad8e69cb7c67bff93214f9e5c2f05ccddaa 83e99c09495e358877ce004b924532a2c3435d86d53cea50514434d72758cc13
