CLIENT_HANDSHAKE_TRAFFIC_SECRET d82b7602aa608d33cddec8cb847973c6702691c98c36e0030e7560a2b9775ff9 e4152d634aaaf36e4de20bc8f318d6d9b21cda38e243db38bbe3f9c5e95f2310
SERVER_HANDSHAKE_TRAFFIC_SECRET d82b7602aa608d33cddec8cb847973c6702691c98c36e0030e7560a2b9775ff9 5c82d1d966bd52892dd63a2b21b28e63c23a590de0bda720f5ebc34eb6e2e559
CLIENT_TRAFFIC_SECRET_0 d82b7602aa608d33cddec8cb847973c6702691c98c36e0030e7560a2b9775ff9 67480cf493ed3119c596d84b51c531b66108cb8d95d2bf83588f54213d50a880
SERVER_TRAFFIC_SECRET_0 d82b7602aa608d33cddec8cb847973c6702691c98c36e0030e7560a2b9775ff9 2f3660a17b60234750adabaa3fdba910f2a6c472bda0e06fb2e099d0f0ab5994
EXPORTER_SECRET d82b7602aa608d33cddec8cb847973c6702691c98c36e0030e7560a2b9775ff9 286c999c55b4b22068e8694480aa5d58cc872c5337b9c3ea594f714638daf2bd
CLIENT_HANDSHAKE_TRAFFIC_SECRET 89159f5a1e60b7a0b2f99f0684dbaf10aa6b7fd862cdb2806d8508421ae0f5fa 73ee79e3b1982ca9c40bebe03e992172336f319824175212f2033e7bae328241
SERVER_HANDSHAKE_TRAFFIC_SECRET 89159f5a1e60b7a0b2f99f0684dbaf10aa6b7fd862cdb2806d8508421ae0f5fa 727b470d0b86d520e9be85d2f9388536b5e8d281183b1abd07edf48d5611930e
CLIENT_HANDSHAKE_TRAFFIC_SECRET f102e6a1fa3f63922508603a5fde9c131d1a676e9aca33ef9bc7cf1520b942af c0f8dc12853f59f5d6526177603a9dcdd64461c12125de1e2ebc91e790599cb7
SERVER_HANDSHAKE_TRAFFIC_SECRET f102e6a1fa3f63922508603a5fde9c131d1a676e9aca33ef9bc7cf1520b942af 720877421eb2c4d265bdc90218670ed9ddc62b97dd03db1aaed3d24f128d0a74
CLIENT_HANDSHAKE_TRAFFIC_SECRET 053522cbf1bb6171509e1bf50a6184048e290c6c7e7c0d6a1d0eb8fc07511f5d 16973e0767470b7095df0b16c4ba7f759f12dd7d0ac1a78e3cab41c516aa8902
SERVER_HANDSHAKE_TRAFFIC_SECRET 053522cbf1bb6171509e1bf50a6184048e290c6c7e7c0d6a1d0eb8fc07511f5d 107efb50d02b3f15e1ca5cdd4987aab52be82444249c38062997808d2efc4913
CLIENT_HANDSHAKE_TRAFFIC_SECRET a7aa5cdb38f0c04992ebfe693f99613a617c59f929dd1b2cfad01e43b9e71a8d 56a51727c0771df91fc363c0b8ba972a1f24cc329d7dcc3f9840f16bc336c478
SERVER_HANDSHAKE_TRAFFIC_SECRET a7aa5cdb38f0c04992ebfe693f99613a617c59f929dd1b2cfad01e43b9e71a8d ff4e3962ae5a215a60e4c30bc2a5e720108c85cf7462c70fa72b0e868bd124bb
CLIENT_HANDSHAKE_TRAFFIC_SECRET 884d3ab850e0f5c5c1341385afda8e2d10530b8274223f008f8eedfe08b8747c 0cefd40f488511ce2baa7d0195c6375d518795e764447c1393a5ef6cea012f41
SERVER_HANDSHAKE_TRAFFIC_SECRET 884d3ab850e0f5c5c1341385afda8e2d10530b8274223f008f8eedfe08b8747c 20460c81867974bb8545d36c66792961d6125cf5840945805e85cb007276a602
CLIENT_HANDSHAKE_TRAFFIC_SECRET 370b73323c0637ccfd87db46d5ea9501ab7fb1623e0276d0a3efa41e4343d847 9084f18c11ffc7bac52f30d47295939caf92303a763f5d6d8451c3d769d71f45
SERVER_HANDSHAKE_TRAFFIC_SECRET 370b73323c0637ccfd87db46d5ea9501ab7fb1623e0276d0a3efa41e4343d847 b93762c712588aee35ce25823d347125bcacd6b3089e82d683ad45cca397c8d3
CLIENT_HANDSHAKE_TRAFFIC_SECRET 994794ee39c68c714b041debfea6bb9d73ff4950969b6ec03413dad679c108b4 3150defb0133e60ba2ecbe0f7e9af613a81db4ef217fddd8f7c461564e3d6d97
SERVER_HANDSHAKE_TRAFFIC_SECRET 994794ee39c68c714b041debfea6bb9d73ff4950969b6ec03413dad679c108b4 1255ab0dc0a8b0ee774bf48e37337a31e5d5bc7b3c8b28c7e9bcdf031eef4c29
CLIENT_HANDSHAKE_TRAFFIC_SECRET 63373422ff9f67970f3cb50601db17dd2dbf9366aab0f345a54145a4dce65b9e fbace0a78eaad7e98e2f18bb50ce2870fe7e96c269fad7afc00557515786bb04
CLIENT_HANDSHAKE_TRAFFIC_SECRET edcbfef94bc80b721dae98732e8200edfe9f4d79380998373186d7849f264e90 48df9e34cfb2efb2758d0f1494c0f229a2923ee3b12355ae31474cac10c5df26
SERVER_HANDSHAKE_TRAFFIC_SECRET 63373422ff9f67970f3cb50601db17dd2dbf9366aab0f345a54145a4dce65b9e 5ca15df53f0b5933fe30dc34793d26a435234538eaa036a98fe033d6d7767b0e
SERVER_HANDSHAKE_TRAFFIC_SECRET edcbfef94bc80b721dae98732e8200edfe9f4d79380998373186d7849f264e90 4c5f1791417822128132883857df4289d19af779851fa7ebf93a101a1bd5339d
CLIENT_HANDSHAKE_TRAFFIC_SECRET e649c1d13074bee33fbc7cdec42a187996094493d2498f66da27ee244e30e8ee 4486ce92262ba6189421943f0f86686e43481f91e85ac0dbfe53d4b214abe4be
SERVER_HANDSHAKE_TRAFFIC_SECRET e649c1d13074bee33fbc7cdec42a187996094493d2498f66da27ee244e30e8ee 85521c8e6d3e69a257bfcce1a75ff908bb34544434eaa8cd03f4dc86b557051d
CLIENT_TRAFFIC_SECRET_0 89159f5a1e60b7a0b2f99f0684dbaf10aa6b7fd862cdb2806d8508421ae0f5fa cd03750697546c37f357d8e4a635ec0127514aeb3c5383ca246ff707cb4219c0
SERVER_TRAFFIC_SECRET_0 89159f5a1e60b7a0b2f99f0684dbaf10aa6b7fd862cdb2806d8508421ae0f5fa 8f852da244633bb91df678bf4559b6437a931de65e4dbc21dd89eaea0036c5c6
EXPORTER_SECRET 89159f5a1e60b7a0b2f99f0684dbaf10aa6b7fd862cdb2806d8508421ae0f5fa c1bed6ed58e900a5fc506db2d456a5f3481109cc557e06400b6bff88ffd890bb
CLIENT_TRAFFIC_SECRET_0 f102e6a1fa3f63922508603a5fde9c131d1a676e9aca33ef9bc7cf1520b942af c2385219aa4681e8eaa583c91b0055177233af5e4f664e839da4707a30123474
SERVER_TRAFFIC_SECRET_0 f102e6a1fa3f63922508603a5fde9c131d1a676e9aca33ef9bc7cf1520b942af 0f5c693e9248147e43c768d6be0303d653751cde6de2a72e61df2d2101cea6e5
EXPORTER_SECRET f102e6a1fa3f63922508603a5fde9c131d1a676e9aca33ef9bc7cf1520b942af 1812ebfe3666e538d5a0a6da35326ac661369b0724ce5ac128014d30e6c8bda4
CLIENT_TRAFFIC_SECRET_0 053522cbf1bb6171509e1bf50a6184048e290c6c7e7c0d6a1d0eb8fc07511f5d 1a3bb0c51b665b9a84e6b33d6c2a82bfc537868eef98c36f9c68a3f5e5ad342a
SERVER_TRAFFIC_SECRET_0 053522cbf1bb6171509e1bf50a6184048e290c6c7e7c0d6a1d0eb8fc07511f5d b8126118c6500dcf2547c5d503859daa742fe8b3cdee96547209af069db68335
EXPORTER_SECRET 053522cbf1bb6171509e1bf50a6184048e290c6c7e7c0d6a1d0eb8fc07511f5d 5cdcd67a8cb0eed774f3300c59000b721ee4cee24ce1dbe80e687f7ce0aa2b74
CLIENT_TRAFFIC_SECRET_0 884d3ab850e0f5c5c1341385afda8e2d10530b8274223f008f8eedfe08b8747c 615763ae6d5a4c05d782c7dcd471a52e81776dddc36a646106883e03e615e7c6
SERVER_TRAFFIC_SECRET_0 884d3ab850e0f5c5c1341385afda8e2d10530b8274223f008f8eedfe08b8747c 5a1f799083f07d9ee5effcec0822e7b6508b411a4d05b02fbe88f935b0530e0c
EXPORTER_SECRET 884d3ab850e0f5c5c1341385afda8e2d10530b8274223f008f8eedfe08b8747c 4b5ed0e22086b20efd7212554d27e8a23994625595f87086fa7ef1b27c3e48a6
CLIENT_TRAFFIC_SECRET_0 a7aa5cdb38f0c04992ebfe693f99613a617c59f929dd1b2cfad01e43b9e71a8d 2a498c3b838d4981ea21c1a16caf024f7679466827e212382e00d97c5e9a8d76
SERVER_TRAFFIC_SECRET_0 a7aa5cdb38f0c04992ebfe693f99613a617c59f929dd1b2cfad01e43b9e71a8d 0621e3f7bc10b166d0d24a76aecc6e89c64518e9982ba7016487077fb1aa585d
EXPORTER_SECRET a7aa5cdb38f0c04992ebfe693f99613a617c59f929dd1b2cfad01e43b9e71a8d e03742ef695b45d8ddf7affb8bf7a28c622df38eaf5f04bc690c9d9cdb3d8d63
CLIENT_TRAFFIC_SECRET_0 370b73323c0637ccfd87db46d5ea9501ab7fb1623e0276d0a3efa41e4343d847 1047d3dc307c6cfa28e360815fbc6e37a77fc401a99a0e2f97842ddd75512d34
SERVER_TRAFFIC_SECRET_0 370b73323c0637ccfd87db46d5ea9501ab7fb1623e0276d0a3efa41e4343d847 3e33b6c69b4e2dcc4affc01d6fb6cd88d5356baa6b2c7b643673e264407a9252
EXPORTER_SECRET 370b73323c0637ccfd87db46d5ea9501ab7fb1623e0276d0a3efa41e4343d847 abdfb81802515139cf9184a49fe8f3c7fd1c8d3a3a6f7e965f6817b6a0bf5665
CLIENT_TRAFFIC_SECRET_0 63373422ff9f67970f3cb50601db17dd2dbf9366aab0f345a54145a4dce65b9e 78cc8fe9c400f50ef2e30b5096b3b5ef142332e112c2e700faddb8644232599f
SERVER_TRAFFIC_SECRET_0 63373422ff9f67970f3cb50601db17dd2dbf9366aab0f345a54145a4dce65b9e d43e9c7bd71e85234d6c46c96f88114812140fd84d516603c1202c13a6a21ccb
EXPORTER_SECRET 63373422ff9f67970f3cb50601db17dd2dbf9366aab0f345a54145a4dce65b9e 35fc955016d9a28926241223154147bf1195a01d47113cd4bd24382bb8492033
CLIENT_TRAFFIC_SECRET_0 edcbfef94bc80b721dae98732e8200edfe9f4d79380998373186d7849f264e90 3a1258c8b9d69c614b405ed81ceb6301eadecd0105eea80760aa21674c951886
SERVER_TRAFFIC_SECRET_0 edcbfef94bc80b721dae98732e8200edfe9f4d79380998373186d7849f264e90 09520c9709e34ec4864f0885f2aedbce9d0f7c872788ebe4b8d6d3df0ac6afff
EXPORTER_SECRET edcbfef94bc80b721dae98732e8200edfe9f4d79380998373186d7849f264e90 967c5887cb08f8b9dc160280cca9345fdd6f9d0487fbfb5385bfcddb5362e18d
CLIENT_TRAFFIC_SECRET_0 994794ee39c68c714b041debfea6bb9d73ff4950969b6ec03413dad679c108b4 c3d95ff339134f3d1c14bbfb66590e204f23aa223b991576d17510a2bda05195
SERVER_TRAFFIC_SECRET_0 994794ee39c68c714b041debfea6bb9d73ff4950969b6ec03413dad679c108b4 00b16babf01724c11f25674604874d50988459b74257516e3ba3f41fd48f5ffb
CLIENT_TRAFFIC_SECRET_0 e649c1d13074bee33fbc7cdec42a187996094493d2498f66da27ee244e30e8ee f55a21f2676be64d1844ed36c757f50305eeb9bfdf75fb35b5add80c7102bab6
EXPORTER_SECRET 994794ee39c68c714b041debfea6bb9d73ff4950969b6ec03413dad679c108b4 f546ea6021b861befa6632d06fb16955d4f3ae813460f70ebafd34cb4ce5f3c6
SERVER_TRAFFIC_SECRET_0 e649c1d13074bee33fbc7cdec42a187996094493d2498f66da27ee244e30e8ee 2f6f1d009c34da9e64f183fc7293d49f2a0fc580649c47f38c219c756a2274ca
EXPORTER_SECRET e649c1d13074bee33fbc7cdec42a187996094493d2498f66da27ee244e30e8ee 0ef5b8364e7a2edfc9565486af8dc5b6baa8082a4fc4a6e5558769c19a50e09f
