CLIENT_HANDSHAKE_TRAFFIC_SECRET 633beb46cfbae148f04ca4d34c1d18b5d2e8823dd30faba04c7d27530db8978e c259202baf0c51f2ff1e6a6f9697adb46203e1d3767ba59c7c81578577a62730
SERVER_HANDSHAKE_TRAFFIC_SECRET 633beb46cfbae148f04ca4d34c1d18b5d2e8823dd30faba04c7d27530db8978e 5675de3c394889b07ea5f6272a06e210d60cade55eefe268648b733d670e36b8
CLIENT_TRAFFIC_SECRET_0 633beb46cfbae148f04ca4d34c1d18b5d2e8823dd30faba04c7d27530db8978e 7be75978a4a80ba71dd240912363c609873d1d8ad59d859755d7d4ecaa0d8d27
SERVER_TRAFFIC_SECRET_0 633beb46cfbae148f04ca4d34c1d18b5d2e8823dd30faba04c7d27530db8978e cb7cf052425b2537238d9b1beb549a260229b450ddb57c0ccfa4f93dc4f2063f
EXPORTER_SECRET 633beb46cfbae148f04ca4d34c1d18b5d2e8823dd30faba04c7d27530db8978e 49035549a222c7029876b36562622cac94c3b02511b6f3f6450f591d44925f07
CLIENT_HANDSHAKE_TRAFFIC_SECRET 8d27782c609f4b078983e98ddfbaf96fc93cdc5725194ca9f3c67a1eafb8c7a4 44c7a0e8c7ef1eb414f5f89be4ea87ca3af40b186e91fe3117eb12dc383dbb93
SERVER_HANDSHAKE_TRAFFIC_SECRET 8d27782c609f4b078983e98ddfbaf96fc93cdc5725194ca9f3c67a1eafb8c7a4 1f86f921c163f091f37453faf4aa937e8f166cb14b48edc79b4e59fedf1c9102
CLIENT_HANDSHAKE_TRAFFIC_SECRET 50f927713c356fc2659efa618b6501eb5d2d5935a3a535a554e3b8d29630eac9 b5720460a79493f60344790b09a4085938b54946108c64e520605344b8f80e30
SERVER_HANDSHAKE_TRAFFIC_SECRET 50f927713c356fc2659efa618b6501eb5d2d5935a3a535a554e3b8d29630eac9 6937df2b288063e0bcda3f533f34c3bb42ab8e9b936cb67a90ecf252c4937dc7
CLIENT_HANDSHAKE_TRAFFIC_SECRET 535ce8ae32c03d72f2ab4b84cdffa0249dcc408e90bb730383aa018f621dd3fa 8a6e54db6e96d92601e2f4c2bd5ac81bf5517b297ce39be7488f4d8ca8ba6e80
SERVER_HANDSHAKE_TRAFFIC_SECRET 535ce8ae32c03d72f2ab4b84cdffa0249dcc408e90bb730383aa018f621dd3fa aff3a7cd260e949075c8f59acb7fa79494974ccbdd7521ec23ca418ec809473d
CLIENT_HANDSHAKE_TRAFFIC_SECRET 48da83248ec3b8180f884de65fcaa01029f302a8d9664e2c84c0e0f4ac3e489a c161171121bb323ec40c720db098c47ded1d0f71e73147455ada9799805a803a
SERVER_HANDSHAKE_TRAFFIC_SECRET 48da83248ec3b8180f884de65fcaa01029f302a8d9664e2c84c0e0f4ac3e489a 27ad622ac466b723c9b095d1510b40fe05de3a5bf995845596e9926615cbfc41
CLIENT_HANDSHAKE_TRAFFIC_SECRET f6c88fbb7e0539d6834364ee5f34f9e980e500023c0daee2e00762bb487b155a c124974eedb80fca38fde6a42ce1f2bcdb284e73ffacb1b09d7738d6f50672b5
SERVER_HANDSHAKE_TRAFFIC_SECRET f6c88fbb7e0539d6834364ee5f34f9e980e500023c0daee2e00762bb487b155a 6af76c3442f1279e2e24a2dc88c47c2a94029a8877bdce49aa34ee8af1c05317
CLIENT_TRAFFIC_SECRET_0 8d27782c609f4b078983e98ddfbaf96fc93cdc5725194ca9f3c67a1eafb8c7a4 4ce8df926903bbe89c4bfa9059b83f59a6315cbac0809dc5bc0ab2583d1d6c2f
SERVER_TRAFFIC_SECRET_0 8d27782c609f4b078983e98ddfbaf96fc93cdc5725194ca9f3c67a1eafb8c7a4 d2360e46ad1c692855c832ee0bd24fea4666ab0a3aadba51a3efdf350595dd5d
EXPORTER_SECRET 8d27782c609f4b078983e98ddfbaf96fc93cdc5725194ca9f3c67a1eafb8c7a4 c2fa26c0a2276698bce7517f627e54c0be4d7dab6a611760a8cda42fc48b0bfa
CLIENT_TRAFFIC_SECRET_0 50f927713c356fc2659efa618b6501eb5d2d5935a3a535a554e3b8d29630eac9 254ccb30fa3c274d1f70f1e4b1bd26d4f45154ea546409c6b661ff51d071acd6
SERVER_TRAFFIC_SECRET_0 50f927713c356fc2659efa618b6501eb5d2d5935a3a535a554e3b8d29630eac9 e8fb7dc7240222f2bb71ca1f711f8a361d86a5b72ee157f8fb0230d604813461
EXPORTER_SECRET 50f927713c356fc2659efa618b6501eb5d2d5935a3a535a554e3b8d29630eac9 9f0b5db141401cd4d26198dc019dd59b07f74a5ce35c22722d1502a530a2e2a4
CLIENT_TRAFFIC_SECRET_0 535ce8ae32c03d72f2ab4b84cdffa0249dcc408e90bb730383aa018f621dd3fa a26bcf2e362300144850eb47bb00c1f7fb10d4ad4f6ce2f3ae011f180bc88242
SERVER_TRAFFIC_SECRET_0 535ce8ae32c03d72f2ab4b84cdffa0249dcc408e90bb730383aa018f621dd3fa 25474009326f1bbf97c4ef8373869f042c66dafa9b11fa4a7d64b00cdc8079d2
EXPORTER_SECRET 535ce8ae32c03d72f2ab4b84cdffa0249dcc408e90bb730383aa018f621dd3fa 8b7524e7fbdec35162904fa4308581af335fc8f6ab2ad50ef42e0bf23c7dc5e7
CLIENT_TRAFFIC_SECRET_0 48da83248ec3b8180f884de65fcaa01029f302a8d9664e2c84c0e0f4ac3e489a 18f7fbf9e60ef27e0eac9a543f2f40e5e4b8589b8c269937b6699a19be81e448
SERVER_TRAFFIC_SECRET_0 48da83248ec3b8180f884de65fcaa01029f302a8d9664e2c84c0e0f4ac3e489a f3763d5325466c4a4ffe8523769a36c1e44e6e9ec529d415759e2e8540e5ca9d
EXPORTER_SECRET 48da83248ec3b8180f884de65fcaa01029f302a8d9664e2c84c0e0f4ac3e489a f6024ba72edb6e8065e85d278458153d5bd632e99158bb55d4d153215c9be7f7
CLIENT_TRAFFIC_SECRET_0 f6c88fbb7e0539d6834364ee5f34f9e980e500023c0daee2e00762bb487b155a 2d2bb36b64622bbade7bcda1830b79e5051aea70fe1181b4bc7168d547fea7bd
SERVER_TRAFFIC_SECRET_0 f6c88fbb7e0539d6834364ee5f34f9e980e500023c0daee2e00762bb487b155a a9dfc3ad846bc64904b1842ad2ff61a767b40d71c89025f6071ea2380cbcd1af
EXPORTER_SECRET f6c88fbb7e0539d6834364ee5f34f9e980e500023c0daee2e00762bb487b155a f6e3a754844dd49409c6628e1d5c3c4ee7b8db9ce7f3fcc102ba41e6094cf380
