CLIENT_HANDSHAKE_TRAFFIC_SECRET a3bd616f13faffc1466969b25f9235db734ec5fe78597e607ce058b7851181fc 28a969ddabb18de47bcd9973696222365c3aaeec7e9b1375e22522d8e2df40aa
SERVER_HANDSHAKE_TRAFFIC_SECRET a3bd616f13faffc1466969b25f9235db734ec5fe78597e607ce058b7851181fc ca9c46330ed55be65da0f6fd08b975500e0eed45f8f3254cdce20770f371cc95
CLIENT_TRAFFIC_SECRET_0 a3bd616f13faffc1466969b25f9235db734ec5fe78597e607ce058b7851181fc 7a43ba033f4e8dd405d6de9d6bbde6ae3a4221a5331984a684a61f0afbbc7feb
SERVER_TRAFFIC_SECRET_0 a3bd616f13faffc1466969b25f9235db734ec5fe78597e607ce058b7851181fc a815cd6454665fa32a345a4bccba580642654750d82adbaff532cfb8533514ee
EXPORTER_SECRET a3bd616f13faffc1466969b25f9235db734ec5fe78597e607ce058b7851181fc 835e95c2039105d523fde8674a1a127a112fcfd2a17425ccaa77d74484a68f8f
CLIENT_HANDSHAKE_TRAFFIC_SECRET 474b01acf6fd41cdf61b409a008a33a7892f53987b2cda462c0b5cb6200e3eb1 59df447c83a2ad2809485feff63e2b2fa75f3d7736906b87f638de7df9f3c32b
SERVER_HANDSHAKE_TRAFFIC_SECRET 474b01acf6fd41cdf61b409a008a33a7892f53987b2cda462c0b5cb6200e3eb1 3f38e81dbbc5c5bbce2ff0fc9e6f6e8f222be1134e100324f8d86ad1bbb315ca
CLIENT_HANDSHAKE_TRAFFIC_SECRET 298b73c9241dfc600bbd89bd5a43e99ca1d7eddfa5057e1df93c3ab3f7dc1c87 4831ed35cb2dcfadfffb5eddc4f579cc9c5bd6e9ed891a0cc5e149b873f29ee5
SERVER_HANDSHAKE_TRAFFIC_SECRET 298b73c9241dfc600bbd89bd5a43e99ca1d7eddfa5057e1df93c3ab3f7dc1c87 d5dd130075d904cbfca01761a7a542c93d0dd10fd9fe57859506606103a415c5
CLIENT_TRAFFIC_SECRET_0 474b01acf6fd41cdf61b409a008a33a7892f53987b2cda462c0b5cb6200e3eb1 4071a1df09862e462f25e6fdaa16cb0de0bf368525042a86df58bf0a6bdf9845
SERVER_TRAFFIC_SECRET_0 474b01acf6fd41cdf61b409a008a33a7892f53987b2cda462c0b5cb6200e3eb1 f4fbb018acc66e441701f2db3bb13479efca770fdda0916b8d9c2baa2cf352fb
EXPORTER_SECRET 474b01acf6fd41cdf61b409a008a33a7892f53987b2cda462c0b5cb6200e3eb1 309ca5cd26017346e7d222f3d8ad5668878c59b1418da8191a3a34988ad80bee
CLIENT_TRAFFIC_SECRET_0 298b73c9241dfc600bbd89bd5a43e99ca1d7eddfa5057e1df93c3ab3f7dc1c87 89210e271675990a9057d71fddc139a9e69abbdef3155b90e3356323d1e7be42
SERVER_TRAFFIC_SECRET_0 298b73c9241dfc600bbd89bd5a43e99ca1d7eddfa5057e1df93c3ab3f7dc1c87 4a100fea0c731a044e4def541056272c6ecb7782a6a5c4ccd93adca962ae7387
EXPORTER_SECRET 298b73c9241dfc600bbd89bd5a43e99ca1d7eddfa5057e1df93c3ab3f7dc1c87 e5ed20a8354df52482c94f5040ef10dcb6527de849f15bc764dbf91cd8e0d6b6
CLIENT_HANDSHAKE_TRAFFIC_SECRET 2cc64cc496d475c87f72e996bd7a9c396ff08e99523861989d790c77cacdaade 8a30b6ab0c599517f0fc6c69469ed839e7348ccdc33310d91c64ba659e5190d3
SERVER_HANDSHAKE_TRAFFIC_SECRET 2cc64cc496d475c87f72e996bd7a9c396ff08e99523861989d790c77cacdaade fb8364d9d981e157628d014514df6f1d0caf254e517d550fee1e7ac0607928ed
CLIENT_HANDSHAKE_TRAFFIC_SECRET af7823ff4956c47f4a0bbfb2074455f98f0baf73768d992c5ffc8d6410be1cee 00878d54d1b163787bfc3274966ee76459e5687552bc3e51864a31d983e1f6a4
CLIENT_HANDSHAKE_TRAFFIC_SECRET bfebba8ec2a1f34669e4488225a88b6cef53b2de8fd2048e02180286426e616b 0a012a4eb66f5f57aa6ac302dc10fc6531f956f60cba54e7196a47023c4bcca1
SERVER_HANDSHAKE_TRAFFIC_SECRET af7823ff4956c47f4a0bbfb2074455f98f0baf73768d992c5ffc8d6410be1cee 494a627a6b8e6ab0b74827d4010dbb8445e8b127af438ba1927c98525292e301
SERVER_HANDSHAKE_TRAFFIC_SECRET bfebba8ec2a1f34669e4488225a88b6cef53b2de8fd2048e02180286426e616b fd1c51a7e0a3c644990a41033689f8e06592215dca85b109dcae67e0319e4302
CLIENT_TRAFFIC_SECRET_0 2cc64cc496d475c87f72e996bd7a9c396ff08e99523861989d790c77cacdaade ec22898975f0127fa9292de30559284a86d2e192312ef36804dff5b3858bd05b
SERVER_TRAFFIC_SECRET_0 2cc64cc496d475c87f72e996bd7a9c396ff08e99523861989d790c77cacdaade 426408eb372d37f003e5a7b961259d24c997980f44d0e95815dd556761ba3613
EXPORTER_SECRET 2cc64cc496d475c87f72e996bd7a9c396ff08e99523861989d790c77cacdaade c02758f11276ec424240ce8dd880ecec6594b2acaa53ba19da9800cdafd1b0ed
CLIENT_HANDSHAKE_TRAFFIC_SECRET 61c57374d2714a0ac919f6ee24522307bed6a539952df9c1c139a53cf25904f6 460610be4b099ce4c431f6250614641b172183cd60fcd9b60f872fc650ea48a8
SERVER_HANDSHAKE_TRAFFIC_SECRET 61c57374d2714a0ac919f6ee24522307bed6a539952df9c1c139a53cf25904f6 5673de870c7e1f46be0d365027666116a10591175d74cf63dba49bdbbd8e27bb
CLIENT_TRAFFIC_SECRET_0 bfebba8ec2a1f34669e4488225a88b6cef53b2de8fd2048e02180286426e616b d0d0eeb63dd62d7bd61e4a191556824dfb240a8fd16cb121fd366d53e67e2db7
CLIENT_TRAFFIC_SECRET_0 af7823ff4956c47f4a0bbfb2074455f98f0baf73768d992c5ffc8d6410be1cee f4f5ebb98d377c63da3877280d6f856eb0cea6643a29d738395401f591b75e08
SERVER_TRAFFIC_SECRET_0 bfebba8ec2a1f34669e4488225a88b6cef53b2de8fd2048e02180286426e616b cd35a5ec6c54995c1d6520b05c50668f9f9f2869f994f512430872db64deec81
SERVER_TRAFFIC_SECRET_0 af7823ff4956c47f4a0bbfb2074455f98f0baf73768d992c5ffc8d6410be1cee b3c0540e4ddd6bcc90cf6a8d836d843ea60c6f4c5934f607a7ea5bbd70e615b1
EXPORTER_SECRET bfebba8ec2a1f34669e4488225a88b6cef53b2de8fd2048e02180286426e616b f237dd4313b8e21769a4ee9e402cf4161aca5963e348b19c31addea98e91bd40
EXPORTER_SECRET af7823ff4956c47f4a0bbfb2074455f98f0baf73768d992c5ffc8d6410be1cee ab668606af8b7b92675e6dfca1c84a84469c56b8ae2b55990ba7f5b4c0ba2fcc
CLIENT_TRAFFIC_SECRET_0 61c57374d2714a0ac919f6ee24522307bed6a539952df9c1c139a53cf25904f6 c27c0b866a233faea681bd87f04f31d4c67d8cfca88d3168408ba0d05395f9df
SERVER_TRAFFIC_SECRET_0 61c57374d2714a0ac919f6ee24522307bed6a539952df9c1c139a53cf25904f6 7d8ea01f6f9d4cdc1aea30dcf906affb1a479954fcb8d45777997903489fdd8c
EXPORTER_SECRET 61c57374d2714a0ac919f6ee24522307bed6a539952df9c1c139a53cf25904f6 ee61e5e96f47134d7aef1f07b7ef22bb571c05f007d7166a1be01f4310ddfba6
CLIENT_HANDSHAKE_TRAFFIC_SECRET e3ed4f3b6ca10ea4d4bb2c04596ad33f3b83d6d91ef4c4b5d6f292f27c694cb9 6760cbba8ed48b16cf0c53e76fcabd4eeda30cdd0b53481c078aa226b528db56
SERVER_HANDSHAKE_TRAFFIC_SECRET e3ed4f3b6ca10ea4d4bb2c04596ad33f3b83d6d91ef4c4b5d6f292f27c694cb9 e0e0f1d296bf9ab4096f3df0ee29a8bf4f77479a1ad7ba32e56f328081c64f55
CLIENT_HANDSHAKE_TRAFFIC_SECRET 585dc09c013b53ddaef4044e88b798da19cf622571f365fc60ce2803cf7bb430 84f7907332a179b15294b9dd9b55628664dee153a02df816f6b9f5d255dc23cb
SERVER_HANDSHAKE_TRAFFIC_SECRET 585dc09c013b53ddaef4044e88b798da19cf622571f365fc60ce2803cf7bb430 65b8ba44f8aa07d052208a06fd6a9a9a1efb135356b9b0189ec260a1ff2a2531
CLIENT_TRAFFIC_SECRET_0 e3ed4f3b6ca10ea4d4bb2c04596ad33f3b83d6d91ef4c4b5d6f292f27c694cb9 5f288321e90d69a4c9cfadea95dc787b784042ad58b0713d28128071ecb8c15c
SERVER_TRAFFIC_SECRET_0 e3ed4f3b6ca10ea4d4bb2c04596ad33f3b83d6d91ef4c4b5d6f292f27c694cb9 85c349cf67976e5283f3bea5648bbdd36ee029ea60b879491681f88a7df4d98a
EXPORTER_SECRET e3ed4f3b6ca10ea4d4bb2c04596ad33f3b83d6d91ef4c4b5d6f292f27c694cb9 02502a2d32a9257c345cc1de771226fe30793be044281a1b2471cf32c7e16965
CLIENT_TRAFFIC_SECRET_0 585dc09c013b53ddaef4044e88b798da19cf622571f365fc60ce2803cf7bb430 97ceb23915a67edf66654f96e804a27fcb7cc0da781c7c43dc6765fce9cfd357
SERVER_TRAFFIC_SECRET_0 585dc09c013b53ddaef4044e88b798da19cf622571f365fc60ce2803cf7bb430 df31b9fcd02604c29e67615998138a6c9d5e3c5b0c3ab39c46ba82a28eec99d7
EXPORTER_SECRET 585dc09c013b53ddaef4044e88b798da19cf622571f365fc60ce2803cf7bb430 2a3adbbf25ab54eba57e84d1e33cb251b1ffb1008ce982867a2219646798abc0
CLIENT_HANDSHAKE_TRAFFIC_SECRET f7b1adae3246a332681b488a35396c81971cab2c4c606287b9647df4a855e3c9 763b0d1c55c346479b690496c6cd211b1a67ec8cc3cb04895a394a97bf166b6f
SERVER_HANDSHAKE_TRAFFIC_SECRET f7b1adae3246a332681b488a35396c81971cab2c4c606287b9647df4a855e3c9 c7bc80e18ffdd60c04aeeed82c4874bd51fee920a8b1af1115f82c106991dc48
CLIENT_TRAFFIC_SECRET_0 f7b1adae3246a332681b488a35396c81971cab2c4c606287b9647df4a855e3c9 e7d24f05f155dcf736eb6cc055d51b35bcd2be03e4b5f73f1c9b01c58321c83b
SERVER_TRAFFIC_SECRET_0 f7b1adae3246a332681b488a35396c81971cab2c4c606287b9647df4a855e3c9 9a00b405f86b62b6f27cc7f76930975b394a7b9e9bc19b5543c16aa8706eb0c6
EXPORTER_SECRET f7b1adae3246a332681b488a35396c81971cab2c4c606287b9647df4a855e3c9 e9c1a5160459cf3958533ab813e5850cb60f1a487dc645a89d43536a05921470
CLIENT_HANDSHAKE_TRAFFIC_SECRET 694932aecb7caed942cb0ab89c69d3e822a399de63c166d3875cb661b854aa43 8021b7e77ca8d9423e0d7576dcdec2bb13b4133ba5aa507bf8ddf894cb8c9f38
CLIENT_HANDSHAKE_TRAFFIC_SECRET 3d4cf632ea68838b53614aa2da621262be1d145e371d184bbe22392068977619 ee33b302f3e53e711c46bd506b320a5bcb8ba3b656f9701cb52d1eb6e12ae689
SERVER_HANDSHAKE_TRAFFIC_SECRET 694932aecb7caed942cb0ab89c69d3e822a399de63c166d3875cb661b854aa43 e3e93158d65f2c160199170bd3093ae54df2833176e0596584f9447be8951f49
SERVER_HANDSHAKE_TRAFFIC_SECRET 3d4cf632ea68838b53614aa2da621262be1d145e371d184bbe22392068977619 dd3f41cd2e23e1dfe5af659aa546e3701f170f2b37601040a103db35b82840e0
CLIENT_TRAFFIC_SECRET_0 694932aecb7caed942cb0ab89c69d3e822a399de63c166d3875cb661b854aa43 1e96f0bef58a841f714a789d5d8929db624f23b2b46ba07d54c53761f9802459
SERVER_TRAFFIC_SECRET_0 694932aecb7caed942cb0ab89c69d3e822a399de63c166d3875cb661b854aa43 f3b465f671561b5d42b413c25911a37909a09b95e4b889a22714bbb012fc39c1
EXPORTER_SECRET 694932aecb7caed942cb0ab89c69d3e822a399de63c166d3875cb661b854aa43 90984b32a86e433c42996004468f5e66a648cb22659bbe4049f6789da734bd45
CLIENT_TRAFFIC_SECRET_0 3d4cf632ea68838b53614aa2da621262be1d145e371d184bbe22392068977619 3fe878d757c9133112fbdbfc53d8dd5efcf946bf928c7822b503ac15861363b9
SERVER_TRAFFIC_SECRET_0 3d4cf632ea68838b53614aa2da621262be1d145e371d184bbe22392068977619 bda0e30844a1033a8be55008a2667f479e2c97dbd75ac92d0e327a0fd404d93f
EXPORTER_SECRET 3d4cf632ea68838b53614aa2da621262be1d145e371d184bbe22392068977619 6639c4de4b66067fe13fa989c14f624ea0586acfb40b549d7eb1e9aa89640f33
CLIENT_HANDSHAKE_TRAFFIC_SECRET 62558709954cb71b0fcd53cff66dcb1f499425fa7ea12399fafdea3a29d9ef90 19142687b2bd4e998add384427440f52392670660a4d5356ca4f8dc212ffb8c2
SERVER_HANDSHAKE_TRAFFIC_SECRET 62558709954cb71b0fcd53cff66dcb1f499425fa7ea12399fafdea3a29d9ef90 73449165e8d69f89113439cde31e164ca0b30926d8bcfc68e4e8d5d9e965d37e
CLIENT_HANDSHAKE_TRAFFIC_SECRET 06b6ec49029f8c886a946b14003e37864fc9ba488241fce56e9e1c238c1ea2a8 668fe9999d23ee85edb6fa1806ee95e3bf07dd1085fed4af2b253e2f4f8ce458
SERVER_HANDSHAKE_TRAFFIC_SECRET 06b6ec49029f8c886a946b14003e37864fc9ba488241fce56e9e1c238c1ea2a8 1e2b545f592510ce3acebcfb311604ad8f992e4f28c5e21ccecf61ce8d11996c
CLIENT_TRAFFIC_SECRET_0 62558709954cb71b0fcd53cff66dcb1f499425fa7ea12399fafdea3a29d9ef90 0fa79c476309f633aa96d8cff20e5d5b22f4a592488cd3de37947a55ab76af9a
SERVER_TRAFFIC_SECRET_0 62558709954cb71b0fcd53cff66dcb1f499425fa7ea12399fafdea3a29d9ef90 625d6f8984615d72d72d2b6e8b65cab8ba539eb6915b1a356e5af7c649bb12dc
EXPORTER_SECRET 62558709954cb71b0fcd53cff66dcb1f499425fa7ea12399fafdea3a29d9ef90 5e9217151c10c2db0f8b552308253e80cccc041f7ac25b62082d056024b0dfb5
CLIENT_TRAFFIC_SECRET_0 06b6ec49029f8c886a946b14003e37864fc9ba488241fce56e9e1c238c1ea2a8 e65c4f821459ff8a923b442a9fc5ad1c63492396191bb772e6cb23c29419e9be
SERVER_TRAFFIC_SECRET_0 06b6ec49029f8c886a946b14003e37864fc9ba488241fce56e9e1c238c1ea2a8 9198030bae84deecdf4b60098045008068f5ef96dad9f740d892ef22344f961d
EXPORTER_SECRET 06b6ec49029f8c886a946b14003e37864fc9ba488241fce56e9e1c238c1ea2a8 0c5a3170e9a1b50de9791f7caa6472377b2a506c1b429918247787a1785e3979
CLIENT_HANDSHAKE_TRAFFIC_SECRET d29d42b76e7358ec0b16103896c02781ed4e5f203ec687b02c3a79d371b2d11e 8a6f539bf93d7d2672edd865d105cb16ab2bb41b5e94997590e5ef2a5adf97cf
SERVER_HANDSHAKE_TRAFFIC_SECRET d29d42b76e7358ec0b16103896c02781ed4e5f203ec687b02c3a79d371b2d11e d49acaa7c22b0cac13b6663721da7d14e7ea84e630a8ce2b2cd6ff30b5a5eb2d
CLIENT_TRAFFIC_SECRET_0 d29d42b76e7358ec0b16103896c02781ed4e5f203ec687b02c3a79d371b2d11e aa5121791840bc0d93fb64dfa3ed048a875e23b9ea664847868c6de2a1cdb800
SERVER_TRAFFIC_SECRET_0 d29d42b76e7358ec0b16103896c02781ed4e5f203ec687b02c3a79d371b2d11e 876ee9d8324e1cff436a7e2fe2a48c3680fa42f45cda154ede255c7f0ab233e0
EXPORTER_SECRET d29d42b76e7358ec0b16103896c02781ed4e5f203ec687b02c3a79d371b2d11e ce2917143c20ef372ffe4ea2a99c4c7ef92e7b7a388d41db54260b62ec27d153
CLIENT_HANDSHAKE_TRAFFIC_SECRET d3a85784ad6d4f0e3f13ac84adc14fa04c7d50519f591e9c8009248a331c2e8f 4d1984777d60119821feb65cfff98436bfa63d817009868eb2080a50e2f39299
SERVER_HANDSHAKE_TRAFFIC_SECRET d3a85784ad6d4f0e3f13ac84adc14fa04c7d50519f591e9c8009248a331c2e8f 4c34fd68de3c22c4caf42356e3ca16af47d045f2759546f7d263f5bae62d51b0
CLIENT_TRAFFIC_SECRET_0 d3a85784ad6d4f0e3f13ac84adc14fa04c7d50519f591e9c8009248a331c2e8f a704897f0cfc35f733fc19c45ab0168ae2a2ac44db053beded7b82ff114dc43d
SERVER_TRAFFIC_SECRET_0 d3a85784ad6d4f0e3f13ac84adc14fa04c7d50519f591e9c8009248a331c2e8f 2cb9cadf8c8e8a5c93d03f69aa2c43d91ca175bd4ce855446772a423fa3a42dc
EXPORTER_SECRET d3a85784ad6d4f0e3f13ac84adc14fa04c7d50519f591e9c8009248a331c2e8f 1b783365a63fdee89fdde4336543d1798677d609fcbd5308cc3c402142111f5a
