CLIENT_HANDSHAKE_TRAFFIC_SECRET 5fab8f12ac735ba8b74036ff39ab83021a84de1a6672f4e31cbf737fcabfbd43 1b90887c51c1ad83e55c5192ad860f06fc66e7f4037ca0a8d40c8714706c1296
SERVER_HANDSHAKE_TRAFFIC_SECRET 5fab8f12ac735ba8b74036ff39ab83021a84de1a6672f4e31cbf737fcabfbd43 096124f9409278d50f1d56894991b21dad285e446ca7eddf40b3f97a0afa9050
CLIENT_TRAFFIC_SECRET_0 5fab8f12ac735ba8b74036ff39ab83021a84de1a6672f4e31cbf737fcabfbd43 43c8b7310908ea24d54b4df8c9a215513da9188174d42c767d97c2874eb28c8f
SERVER_TRAFFIC_SECRET_0 5fab8f12ac735ba8b74036ff39ab83021a84de1a6672f4e31cbf737fcabfbd43 d7b916f103072a5031a1f3a5afe03ebdf30eeacbf48d7551b9f734c3da636227
EXPORTER_SECRET 5fab8f12ac735ba8b74036ff39ab83021a84de1a6672f4e31cbf737fcabfbd43 8a56d3b1b200c4ad62412bad923dd1458cb960d995567c3dedf097ded2d2c1bd
CLIENT_HANDSHAKE_TRAFFIC_SECRET 05801a21205a0c15764c984c834f5f821c5b920c43e8cebb8ff3fca1f2567ea3 1141208ac306a5bb2c91ededcc5c015fcb5366614a2c2e141909a9c4d4dc7251
SERVER_HANDSHAKE_TRAFFIC_SECRET 05801a21205a0c15764c984c834f5f821c5b920c43e8cebb8ff3fca1f2567ea3 b559402b3b8d1b6a6ce4fa4c6252c19e38171f4672861a0b11a7f62d65f4b257
CLIENT_TRAFFIC_SECRET_0 05801a21205a0c15764c984c834f5f821c5b920c43e8cebb8ff3fca1f2567ea3 8674c9666f0229f106e126475ceeb2cb9a9e9ed821e0fbab32196f60884656c5
SERVER_TRAFFIC_SECRET_0 05801a21205a0c15764c984c834f5f821c5b920c43e8cebb8ff3fca1f2567ea3 904fad6898d3e24fb4479f2c5ee5cb25618daa7f9369287a01ef819bf969356c
EXPORTER_SECRET 05801a21205a0c15764c984c834f5f821c5b920c43e8cebb8ff3fca1f2567ea3 c0613aefcfc2762995c9826beb08cdccc74d45cb218ec22a710ac5d18f5ee296
CLIENT_HANDSHAKE_TRAFFIC_SECRET f86613a3e196827af6a193818d45d87098b166aeeb70ece75ae8d6b5677aa41c 92b672292c8ea2f23a0fe9f0a36aa6836aa412e5a1bb2885376045c3fe963bd8
SERVER_HANDSHAKE_TRAFFIC_SECRET f86613a3e196827af6a193818d45d87098b166aeeb70ece75ae8d6b5677aa41c 13f27e9b68297e7c7e7adf0348c3262b8e54906984991066e97df37e90294332
CLIENT_HANDSHAKE_TRAFFIC_SECRET 6075fb0d5f144f5634ab1ae816a82943b8e4c0fbcfee67a42330974fb3220a44 343ae43536a428ae33f551b425a8c7f7d836b038ec5d4b833f1483605d732df2
SERVER_HANDSHAKE_TRAFFIC_SECRET 6075fb0d5f144f5634ab1ae816a82943b8e4c0fbcfee67a42330974fb3220a44 144ecbc7e7c5bdeaa2c3a4750e690fdd061415f03e291ad585d080701be72009
CLIENT_HANDSHAKE_TRAFFIC_SECRET 016464710f2c1c6250ca9879a260bdd38c655b4981a4e28567752b11f31eb6a1 1633c9823f5982269c22af3fb3acfafe007a61213f6293886636b712f4211605
SERVER_HANDSHAKE_TRAFFIC_SECRET 016464710f2c1c6250ca9879a260bdd38c655b4981a4e28567752b11f31eb6a1 e3e0c579fca83472fa7b5ff90f15b28e5a5ad29d0d1ad1e32bca39f73ec287ae
CLIENT_HANDSHAKE_TRAFFIC_SECRET e03eeabcb3131325c93917c0678a150a064cd1f27a44c56447a20657cac757ea 3a60b5a8b926df46daec418368b9988a75458f589f81d83f192eb86ecaf82c1a
SERVER_HANDSHAKE_TRAFFIC_SECRET e03eeabcb3131325c93917c0678a150a064cd1f27a44c56447a20657cac757ea 798bcbdc853062deb113d344adf4c2a69e6d3bcd02bb9ce6517ad277181ce473
CLIENT_TRAFFIC_SECRET_0 f86613a3e196827af6a193818d45d87098b166aeeb70ece75ae8d6b5677aa41c bfccfc9d6399a2661eb246b6b2c6fc69525fc64b4bee487831ceddbc16144e83
SERVER_TRAFFIC_SECRET_0 f86613a3e196827af6a193818d45d87098b166aeeb70ece75ae8d6b5677aa41c 8bf061b5201d939bf83d877c311492f668b056aca9a46c462d32cf8394ebd4cc
EXPORTER_SECRET f86613a3e196827af6a193818d45d87098b166aeeb70ece75ae8d6b5677aa41c f323943794b38fb22d8087f9c71bec611dfd97be34a1f320c20618e37e664505
CLIENT_TRAFFIC_SECRET_0 6075fb0d5f144f5634ab1ae816a82943b8e4c0fbcfee67a42330974fb3220a44 534ef2de0f8a26dbaf23be210d61e705914296b8dbda8dccb9043d9334d2acf4
SERVER_TRAFFIC_SECRET_0 6075fb0d5f144f5634ab1ae816a82943b8e4c0fbcfee67a42330974fb3220a44 9829a9eb0a324f498e6e3c4d2740584ea371167fad7323a7e6a23e7facf9f4d9
EXPORTER_SECRET 6075fb0d5f144f5634ab1ae816a82943b8e4c0fbcfee67a42330974fb3220a44 1adaad19d653b4bc60e3834cda40d9906b67dfe7c0bbe0e2807d6cc7be846f0e
CLIENT_TRAFFIC_SECRET_0 016464710f2c1c6250ca9879a260bdd38c655b4981a4e28567752b11f31eb6a1 6a7ef262fc0621e159b0a578890bf527c45efcbdfe0c05cb94dc2a686684c3de
SERVER_TRAFFIC_SECRET_0 016464710f2c1c6250ca9879a260bdd38c655b4981a4e28567752b11f31eb6a1 947e5d43521e1db05d72bae79315569e411567cca6585f5046d80130efbdd779
EXPORTER_SECRET 016464710f2c1c6250ca9879a260bdd38c655b4981a4e28567752b11f31eb6a1 5fba712cd81b9de3403a121d11c410dc5f858ac44bde7e27ef306fff25343531
CLIENT_TRAFFIC_SECRET_0 e03eeabcb3131325c93917c0678a150a064cd1f27a44c56447a20657cac757ea 1df5d40e4dbd8cd9eb4ca1db0d4103d36143d61ba2ebcc040f3ca7fc7be79c7f
SERVER_TRAFFIC_SECRET_0 e03eeabcb3131325c93917c0678a150a064cd1f27a44c56447a20657cac757ea c187cac4a802a087d5339199b7d8509aa55c6a739fe6729702d9789cf1df4b3c
EXPORTER_SECRET e03eeabcb3131325c93917c0678a150a064cd1f27a44c56447a20657cac757ea 7968cb0980d8ca1245aed727260ca818ab2bc7bb2fa6ea3696633fb0de88b41a
CLIENT_HANDSHAKE_TRAFFIC_SECRET aaf6493a52974421f62e4c75040c7a10505758816a582b37705d20562f944720 a5d8f83d5460d9aa0f69c49619e68cb9a5a2ad77a99529e08737d71998936e20
SERVER_HANDSHAKE_TRAFFIC_SECRET aaf6493a52974421f62e4c75040c7a10505758816a582b37705d20562f944720 99e6131929702e1fab338fffb29a76fd6be4e95a6cc6d2b0884f31d62afaa4e4
CLIENT_TRAFFIC_SECRET_0 aaf6493a52974421f62e4c75040c7a10505758816a582b37705d20562f944720 d69cc233f6342dcf32f5e951522a5ee63fd12c1f57d077093e82d58ee4916f73
SERVER_TRAFFIC_SECRET_0 aaf6493a52974421f62e4c75040c7a10505758816a582b37705d20562f944720 c0b1a09a36355d67e1d9c480c509da06f0fc04b26d5fb8e5e4d5fe421c28dfae
EXPORTER_SECRET aaf6493a52974421f62e4c75040c7a10505758816a582b37705d20562f944720 3ad12c83374ba9c53e1279138979fba721796fc42cf19ba1e1e16bffb0ac73ca
CLIENT_HANDSHAKE_TRAFFIC_SECRET eb79cabdc5688587b3fbb3808c69db3ddf8e2bcf959786837895a5b4966902b8 b9bddd33f6ed232d028dc5c12fb06ad067a42da20144561e35ae4ca310993a1c
SERVER_HANDSHAKE_TRAFFIC_SECRET eb79cabdc5688587b3fbb3808c69db3ddf8e2bcf959786837895a5b4966902b8 a7fc1774b0a090ddd64a41a75fc44dc297be3d52d9e64cbbc14edd0b03313000
CLIENT_HANDSHAKE_TRAFFIC_SECRET 702545f6ee8fe3b1eadac7488458ecccc93e01b8ca0c6211d4034efd9099d10c 27170c220d35af2529bd299c541ce8c7f3ca2973451d2ee9a8a8df9976ebabbb
SERVER_HANDSHAKE_TRAFFIC_SECRET 702545f6ee8fe3b1eadac7488458ecccc93e01b8ca0c6211d4034efd9099d10c a418fcfdfb437408eee5b496d9db38d656d6274c6b90ce7b938a3f501b28eed9
CLIENT_TRAFFIC_SECRET_0 eb79cabdc5688587b3fbb3808c69db3ddf8e2bcf959786837895a5b4966902b8 66a7c1975a59ee73fd60a02db241696dd834eb7dfe037f61ad8c81125bc98258
SERVER_TRAFFIC_SECRET_0 eb79cabdc5688587b3fbb3808c69db3ddf8e2bcf959786837895a5b4966902b8 d08de2850c21c637aa2a5b36c11852af05d11ad2ce4e2cb6307460f68e57919a
EXPORTER_SECRET eb79cabdc5688587b3fbb3808c69db3ddf8e2bcf959786837895a5b4966902b8 e6546c0c408f84a0476ab3f92800a86173bd616f6d1018140dac1003401047b6
CLIENT_HANDSHAKE_TRAFFIC_SECRET cd1dca447194e1f4a912d220d0bec355bd2a7ee01f86208ca606b6b6616ba124 ce9138f1af6661afc78e12475ee14994935cb6afcd277b1468904ab2e32fbe68
SERVER_HANDSHAKE_TRAFFIC_SECRET cd1dca447194e1f4a912d220d0bec355bd2a7ee01f86208ca606b6b6616ba124 e8db60bce38aed608842cc7594f4e38203191d4f432687bb24f1b9b501dbeeb1
CLIENT_TRAFFIC_SECRET_0 702545f6ee8fe3b1eadac7488458ecccc93e01b8ca0c6211d4034efd9099d10c ac8b1e775628d2bc9e8f5c642a37f6ff9375fa5ddc76c8e9d9de053c174c5a0e
SERVER_TRAFFIC_SECRET_0 702545f6ee8fe3b1eadac7488458ecccc93e01b8ca0c6211d4034efd9099d10c 5627b589eba440d3a6d57872c0551bec5809bb6af8ebcae26f8fadc503bfffc2
EXPORTER_SECRET 702545f6ee8fe3b1eadac7488458ecccc93e01b8ca0c6211d4034efd9099d10c b1cc5d04735a3640cf6aa9955d7585e0cdcd04fceead65bd6816310d1b5b2c6f
CLIENT_TRAFFIC_SECRET_0 cd1dca447194e1f4a912d220d0bec355bd2a7ee01f86208ca606b6b6616ba124 6c2febeacea186cab9a10c484a119adf4b27b0cb249e4f73b49ae6ffcbc058bd
CLIENT_HANDSHAKE_TRAFFIC_SECRET 352c23f05b2a0618bdbc16d7d852b68cde13925dc2d0e06bc6efc1558169a92e f331579bb54e8c9035af26566ece4c7e1fb9e62f61d60adebad610fc2f88e32a
SERVER_TRAFFIC_SECRET_0 cd1dca447194e1f4a912d220d0bec355bd2a7ee01f86208ca606b6b6616ba124 67d631fe5b7148662e96f899a1f9336cba2d8874ec4f0b054c9827f1f5dc0c05
SERVER_HANDSHAKE_TRAFFIC_SECRET 352c23f05b2a0618bdbc16d7d852b68cde13925dc2d0e06bc6efc1558169a92e 2338abdc776c21564629f4bfe76b929e15a87f32f68c60965828671284b60088
EXPORTER_SECRET cd1dca447194e1f4a912d220d0bec355bd2a7ee01f86208ca606b6b6616ba124 e771921fac22a92b54ee1365885110f68627d5f9140652cb44274fa010a847d7
CLIENT_HANDSHAKE_TRAFFIC_SECRET 80ea4e2b953cdc4e11efaa7cbf60a5468cdf43032b695adcab4b40bbd873be91 b54fd5206a39c058d1723c00f84a749bcd08f96765eb888ffbdd65b567ad4c5a
SERVER_HANDSHAKE_TRAFFIC_SECRET 80ea4e2b953cdc4e11efaa7cbf60a5468cdf43032b695adcab4b40bbd873be91 5554b9a046423ae5298e51595e7ba234a368e2ff45ee62253556ab97e81ed843
CLIENT_TRAFFIC_SECRET_0 352c23f05b2a0618bdbc16d7d852b68cde13925dc2d0e06bc6efc1558169a92e d0b04e7c802ec4cf9b4551c7c040c3d2f1fde5751a02d1ad1f6d33ff4e7f4a2d
SERVER_TRAFFIC_SECRET_0 352c23f05b2a0618bdbc16d7d852b68cde13925dc2d0e06bc6efc1558169a92e 48f47a63d1aa164b6deec1b6fe24ccfe6e049291f915ccdd82c2e9d9337f91cb
EXPORTER_SECRET 352c23f05b2a0618bdbc16d7d852b68cde13925dc2d0e06bc6efc1558169a92e 00cb73fac2467a83dfb2fcabf062a276795fdfeaa40d72f0b4cc1a1620eb8ca9
CLIENT_TRAFFIC_SECRET_0 80ea4e2b953cdc4e11efaa7cbf60a5468cdf43032b695adcab4b40bbd873be91 7b565af722f51b351532a8a59dfcd6ab4bdd17b8b5caa5a3fa898cc91bcb9eae
SERVER_TRAFFIC_SECRET_0 80ea4e2b953cdc4e11efaa7cbf60a5468cdf43032b695adcab4b40bbd873be91 130cf31bcfa5778c2a46939b0578f1a58162fa64748727f97fb229859efa45e4
EXPORTER_SECRET 80ea4e2b953cdc4e11efaa7cbf60a5468cdf43032b695adcab4b40bbd873be91 044195fe6cc7f98e5c8e5d96a189b4936d7c5f4e8b6df61b7e7b7198f37df29a
CLIENT_HANDSHAKE_TRAFFIC_SECRET 5acf9fa12e8e4be3b7fb1e30e6c55666d2db05069a9e444bcc0edb88d00ef4a6 a0e6dc15e8a751eacc1ed7211d74173f6e9e5125d0d2f682d72b2fe764192c8c
SERVER_HANDSHAKE_TRAFFIC_SECRET 5acf9fa12e8e4be3b7fb1e30e6c55666d2db05069a9e444bcc0edb88d00ef4a6 11791ff3b0eabc1316dfd5e1a1d20c3ed045d5023fce0c87f2cfa9a56d903d20
CLIENT_TRAFFIC_SECRET_0 5acf9fa12e8e4be3b7fb1e30e6c55666d2db05069a9e444bcc0edb88d00ef4a6 7b4ad7337eb676c183efc74f2c2e402b6f74fd899e9dc6bca993e2fe8136d89b
SERVER_TRAFFIC_SECRET_0 5acf9fa12e8e4be3b7fb1e30e6c55666d2db05069a9e444bcc0edb88d00ef4a6 b681ced3f7256264183b424ca2d3c611edbf6a8a2c87c4b9afeff31be87f5c5c
EXPORTER_SECRET 5acf9fa12e8e4be3b7fb1e30e6c55666d2db05069a9e444bcc0edb88d00ef4a6 ee00ff431ad7840f321b431ac692fd792a14a0d0065473ba5c8ff2d87e221fcb
CLIENT_HANDSHAKE_TRAFFIC_SECRET a49ed25b0ef94b1e7504b6bdcb641f076f5da00c09e2adbfd3309ccee36c2c22 d947dc0656d60198d680c788c16e0c6e79388da3e5d203ee29277b8df73bcd76
SERVER_HANDSHAKE_TRAFFIC_SECRET a49ed25b0ef94b1e7504b6bdcb641f076f5da00c09e2adbfd3309ccee36c2c22 efbc78129bf22f77afe9bc127c750459076c1d01c726ff69d25997cbbbc28f56
CLIENT_TRAFFIC_SECRET_0 a49ed25b0ef94b1e7504b6bdcb641f076f5da00c09e2adbfd3309ccee36c2c22 150b9b13aa48d3cc96f9e80b8177c082338d1f2e0d548753aa11f898307522a6
SERVER_TRAFFIC_SECRET_0 a49ed25b0ef94b1e7504b6bdcb641f076f5da00c09e2adbfd3309ccee36c2c22 d84acab23540e01d01f465f3fe1ab491a8ccc18b1d6ac3a895f3903b3e2db138
EXPORTER_SECRET a49ed25b0ef94b1e7504b6bdcb641f076f5da00c09e2adbfd3309ccee36c2c22 a36a8754d6c3a4d24363172f1e4a1614d879ab3fa04f9a6af7c8958bedbf1a36
