CLIENT_HANDSHAKE_TRAFFIC_SECRET 323fadfb5ae09b69abb605fc7bddc18633321e52fec196e73e41a14e2c1c824a 658bdf19591624e88d30a62088f7839e5442372a50883250e3ecb33e55167158
SERVER_HANDSHAKE_TRAFFIC_SECRET 323fadfb5ae09b69abb605fc7bddc18633321e52fec196e73e41a14e2c1c824a 260d3bdbc64832597e1cb00e8fd5e3b9292a8ce5de2413bb16d365c33e3de94f
CLIENT_TRAFFIC_SECRET_0 323fadfb5ae09b69abb605fc7bddc18633321e52fec196e73e41a14e2c1c824a 01e4caf152ddc826e3bbccd7f63acd3898c9e07ae90dcb51767ed2b676c1f1be
SERVER_TRAFFIC_SECRET_0 323fadfb5ae09b69abb605fc7bddc18633321e52fec196e73e41a14e2c1c824a 9e1079d113bbf9a504403782672a0b37ad22694c98eeb57be8bfa7c4c1a667ea
EXPORTER_SECRET 323fadfb5ae09b69abb605fc7bddc18633321e52fec196e73e41a14e2c1c824a efce07ff38d12f4fc2356c02987c02c18c0593676b3f73707f101f5c688ab40e
CLIENT_HANDSHAKE_TRAFFIC_SECRET 6c59f327c96986714c35a1fc514102dfa59f582b848f1101901384bd972da30d cf1fa9c5d1caec48477a4a269ffdd4a8e0c99183bbb2486c31146edf880cbdf5
SERVER_HANDSHAKE_TRAFFIC_SECRET 6c59f327c96986714c35a1fc514102dfa59f582b848f1101901384bd972da30d 6a24eb6c3298ac5ccd8a600699080b3359c1e5a978e3af42e6ad2584e107750e
CLIENT_HANDSHAKE_TRAFFIC_SECRET cfec20a36457d7a99465cfe9a13893a85a2ff24468e3bd001034ab35a9324b97 17fa0e695759bfc69b3e4073172f193af7cad84fd0516de4381f9b6585035d3a
SERVER_HANDSHAKE_TRAFFIC_SECRET cfec20a36457d7a99465cfe9a13893a85a2ff24468e3bd001034ab35a9324b97 54f1efb5f344be171e93e60c722ca69b953e4b8640c72dce2b534fac17c5bf2d
CLIENT_HANDSHAKE_TRAFFIC_SECRET 840079d0bc7113de2615943dd98046f8b11d0b217bfeb305af48bede933b1459 17a49982a97228be9f470be52a878d51a144ca03bce38ad6d7023f0beb780186
SERVER_HANDSHAKE_TRAFFIC_SECRET 840079d0bc7113de2615943dd98046f8b11d0b217bfeb305af48bede933b1459 997a33fa8c0ce17a956bbd1e04440bc5950c06b5f181d5f3c4669a820d27ecf5
CLIENT_HANDSHAKE_TRAFFIC_SECRET eb51498c7d7b41cf62c5478216db9f39c2ac8db1ad06f293a1463eea61892fba 73d6141c59b5f4925320859d4c78dbe581900188030482abc2cc7d2d26febbd6
SERVER_HANDSHAKE_TRAFFIC_SECRET eb51498c7d7b41cf62c5478216db9f39c2ac8db1ad06f293a1463eea61892fba 3736f1bfb9672ede4ee3ef7fc692d84c5d57eddbaf316412537f64f83d45393e
CLIENT_HANDSHAKE_TRAFFIC_SECRET 44b9973ed0cdfce761aeb93f38bdcc6cb37c9415a2e71189b7f6b572d7061b24 c51cd7b23e9c3cb35c278896359927b354ecd6ce3bbd2ba351b19038c930f44b
SERVER_HANDSHAKE_TRAFFIC_SECRET 44b9973ed0cdfce761aeb93f38bdcc6cb37c9415a2e71189b7f6b572d7061b24 cc5893f1b3f15e779aac15f1eb98f1670ac54d9aaf1011fdf297a40ca550676e
CLIENT_HANDSHAKE_TRAFFIC_SECRET b3b3ffd9817115b9a5edf1b8a0dfe6eb3873e4f94445eee7c985e8cdf1a747c6 ed7c5cac5248020653037dd22aebf31cee3480db9b19ea28c0e34f3d205f28b5
SERVER_HANDSHAKE_TRAFFIC_SECRET b3b3ffd9817115b9a5edf1b8a0dfe6eb3873e4f94445eee7c985e8cdf1a747c6 84e75d58ff4dbdce99a865f1681fe497bb3b80e9cfed52ef83819678175f993e
CLIENT_HANDSHAKE_TRAFFIC_SECRET 6c47668d8534a4101190ad6224ba45b52dcf9555d178a76b2a8eebc0bb1cf575 9cdd25fecd3727fabc7b9225144c803b31039586af1e8a323843f37ab221498a
SERVER_HANDSHAKE_TRAFFIC_SECRET 6c47668d8534a4101190ad6224ba45b52dcf9555d178a76b2a8eebc0bb1cf575 e1c1c07f7fd3c1413ff0d7de6ba931d04f9da63f5a3e835c68d988311e99cd06
CLIENT_HANDSHAKE_TRAFFIC_SECRET a446e7a71f71e026434263e3fb1540c593cdd2d3d66ce7da94dfbcf4ab7a125f e03dd0b999619aa3d0bcde140f51aecb6a6a5458f7bc2108d8e5e2163daa666b
SERVER_HANDSHAKE_TRAFFIC_SECRET a446e7a71f71e026434263e3fb1540c593cdd2d3d66ce7da94dfbcf4ab7a125f fa4700855720fba0d625dc1fe44ebc89990aa70f1cdc9f7c6cd5dc84f7f08cea
CLIENT_HANDSHAKE_TRAFFIC_SECRET 02550f6dd9a08400ceb5b69df235fd3e800252b5c5ec77094241715ff93be99f 6a19fd4b400d9a8ccf3d6907eb3eab7f65c35a266dfb46dc7dfea2a56ffaf5f9
CLIENT_HANDSHAKE_TRAFFIC_SECRET 6bbbef85a454013fc1a5ecea405688056d9744aeb6926670fb10d0993f15e829 b0af39f280cf720af8750ba6f05a23d7825f2b395f15bb7ea2aff5052f5167e2
SERVER_HANDSHAKE_TRAFFIC_SECRET 02550f6dd9a08400ceb5b69df235fd3e800252b5c5ec77094241715ff93be99f 720ca73107715b72b5c21dc6483a89e2fef551d56a25d0f3ee40d5ffe38b6bb6
SERVER_HANDSHAKE_TRAFFIC_SECRET 6bbbef85a454013fc1a5ecea405688056d9744aeb6926670fb10d0993f15e829 168d1d76df02a521ec1bd288ac8088158b7996956b3c3f30796af98d06f5f3a2
CLIENT_HANDSHAKE_TRAFFIC_SECRET 0a2177a44938e484b73992c8a8df260f9163c6e8fad8061fb152fe3bed16598b 820523cec9cfd0359f6f0ea97e0576496b578387e3d0fb820028253d955f7b43
SERVER_HANDSHAKE_TRAFFIC_SECRET 0a2177a44938e484b73992c8a8df260f9163c6e8fad8061fb152fe3bed16598b 22304f52d9195d682980115ac89fea7313ef17ea0fae3e1a3e0b330e1d6c7281
CLIENT_TRAFFIC_SECRET_0 6c59f327c96986714c35a1fc514102dfa59f582b848f1101901384bd972da30d 53e96a377c0e09dc0f20a52fbe23f7686958caf12ab4b9381f7ef511c92cb4a6
SERVER_TRAFFIC_SECRET_0 6c59f327c96986714c35a1fc514102dfa59f582b848f1101901384bd972da30d 616b79b93fb4c94702be1f8e184852e67a23febc67d20fa348ac62d12e4f4b10
EXPORTER_SECRET 6c59f327c96986714c35a1fc514102dfa59f582b848f1101901384bd972da30d a4d9aadb421585a05ea76efda5b8e867bb01f3aa72477cad178e2224beb6034a
CLIENT_TRAFFIC_SECRET_0 cfec20a36457d7a99465cfe9a13893a85a2ff24468e3bd001034ab35a9324b97 1eae4d842d19c8e1a6dbf6c5d94ca0b063ffe2a6a985f0d8ce373209a613c29f
SERVER_TRAFFIC_SECRET_0 cfec20a36457d7a99465cfe9a13893a85a2ff24468e3bd001034ab35a9324b97 1e2ab04aeaf829be6a37507eb0748cfe937f7d5eacd869b284cd9cd27c0bab67
EXPORTER_SECRET cfec20a36457d7a99465cfe9a13893a85a2ff24468e3bd001034ab35a9324b97 562961089c11dc984526ad7511fc53400c15aeb05b73d9b288b958a0013c1271
CLIENT_HANDSHAKE_TRAFFIC_SECRET 5d208c2b0458c6c5d5ec45d62416975f0b647527d0a885cc071dfba1349fdaee c9458fd1bdd653697746209ad29271d8fd344b7807766f0bdfb3707ca8497b11
SERVER_HANDSHAKE_TRAFFIC_SECRET 5d208c2b0458c6c5d5ec45d62416975f0b647527d0a885cc071dfba1349fdaee 30e473e2388c48fecdf0c70a497508e5c1bbbca6bda09ec25006c199a1770310
CLIENT_TRAFFIC_SECRET_0 840079d0bc7113de2615943dd98046f8b11d0b217bfeb305af48bede933b1459 c32baa514308e7258cc1c03a8a974ca93f9a4533510ca7bec537472041bbf7c4
SERVER_TRAFFIC_SECRET_0 840079d0bc7113de2615943dd98046f8b11d0b217bfeb305af48bede933b1459 cc476e960fec6dc333c0518b5d864c2ffd147c75bb1663636352b99d65ad918b
EXPORTER_SECRET 840079d0bc7113de2615943dd98046f8b11d0b217bfeb305af48bede933b1459 2ce94f1716748d428693688a1ef522dd92fec5ae2dcbd497424a4fff085df4a2
CLIENT_TRAFFIC_SECRET_0 eb51498c7d7b41cf62c5478216db9f39c2ac8db1ad06f293a1463eea61892fba d4ef2129498e3277cc45b9c722de5e9c452d411822678d692aa5ad4134ca038a
SERVER_TRAFFIC_SECRET_0 eb51498c7d7b41cf62c5478216db9f39c2ac8db1ad06f293a1463eea61892fba 038ddf939f38eb07b152af45d903a3b1969cac227faa06b0e5549594ed76fd7b
EXPORTER_SECRET eb51498c7d7b41cf62c5478216db9f39c2ac8db1ad06f293a1463eea61892fba b02ff46c42f499e0d3e2564c9f54ea6ae0239821d7978a47b0adf8af350d871d
CLIENT_TRAFFIC_SECRET_0 44b9973ed0cdfce761aeb93f38bdcc6cb37c9415a2e71189b7f6b572d7061b24 c2fdaf24d46d9a3d141cfda2537a70849faafe94d17031aef31256dbe4d9135b
SERVER_TRAFFIC_SECRET_0 44b9973ed0cdfce761aeb93f38bdcc6cb37c9415a2e71189b7f6b572d7061b24 b6e63f8eaea118566d1b35de0f4c987f6c4df874a4ab35a79c4592193026957f
EXPORTER_SECRET 44b9973ed0cdfce761aeb93f38bdcc6cb37c9415a2e71189b7f6b572d7061b24 0d356f0ca4e109d0bf25b286a9b22f3c983f0d9190eeb2de7b85ff393e950379
CLIENT_TRAFFIC_SECRET_0 b3b3ffd9817115b9a5edf1b8a0dfe6eb3873e4f94445eee7c985e8cdf1a747c6 568bd5181bcd91faa116d7835109c016946cc5c842f2440b8dbb82a5d20a8d1a
SERVER_TRAFFIC_SECRET_0 b3b3ffd9817115b9a5edf1b8a0dfe6eb3873e4f94445eee7c985e8cdf1a747c6 a922f0e2a8474eab775c23745f04d75d16e3ece386b92e95edd04a540eb89088
EXPORTER_SECRET b3b3ffd9817115b9a5edf1b8a0dfe6eb3873e4f94445eee7c985e8cdf1a747c6 b959ef2688ee563e74f93e91c334e86bb0089e6ebf040598651bd4e368c01de2
CLIENT_TRAFFIC_SECRET_0 6c47668d8534a4101190ad6224ba45b52dcf9555d178a76b2a8eebc0bb1cf575 e2900b9be5a950ec824d212026a83d6ddd6a27bb57b7b4cfc8840d063570b158
SERVER_TRAFFIC_SECRET_0 6c47668d8534a4101190ad6224ba45b52dcf9555d178a76b2a8eebc0bb1cf575 9a0fd6a3067553c7c5aa3a1ffed118e71859f3ae6557055fffd04b2a12b436de
EXPORTER_SECRET 6c47668d8534a4101190ad6224ba45b52dcf9555d178a76b2a8eebc0bb1cf575 fc5bcaeabbcbacae161b76e3d9a6a94f42f211e352ea7e0ae810e87f5f6c2aa5
CLIENT_TRAFFIC_SECRET_0 a446e7a71f71e026434263e3fb1540c593cdd2d3d66ce7da94dfbcf4ab7a125f 0a8eda65037c6aa0cf5a992c3d37ce6d95230a67815093366d736e4321c74c2d
SERVER_TRAFFIC_SECRET_0 a446e7a71f71e026434263e3fb1540c593cdd2d3d66ce7da94dfbcf4ab7a125f b5ca03700ebc300f8323de03fab7fee8c4f91c6db7491ae36a309e278685a151
EXPORTER_SECRET a446e7a71f71e026434263e3fb1540c593cdd2d3d66ce7da94dfbcf4ab7a125f c8b867b12c2a67447c17002e0d29e01a12e134c68c16c7f4a956cc6d15fac580
CLIENT_TRAFFIC_SECRET_0 6bbbef85a454013fc1a5ecea405688056d9744aeb6926670fb10d0993f15e829 372bdc02283cf641d09d03d3fc01ac71273e91d1ced6daaefeedb6442b49c6b9
SERVER_TRAFFIC_SECRET_0 6bbbef85a454013fc1a5ecea405688056d9744aeb6926670fb10d0993f15e829 b329c8e6800cb71a151c3c4e414673518ba703ef8511d70f0576b54d6084bf9b
EXPORTER_SECRET 6bbbef85a454013fc1a5ecea405688056d9744aeb6926670fb10d0993f15e829 c51f4fc64c68cbd784e35eff1f80bdf74ecef21783fee76bcb47ced90ac5cf97
CLIENT_TRAFFIC_SECRET_0 02550f6dd9a08400ceb5b69df235fd3e800252b5c5ec77094241715ff93be99f 63e4f41000bb4efb256580ab1c0da2f2fbd5c20e98b9cda3ce7e0295b36914db
SERVER_TRAFFIC_SECRET_0 02550f6dd9a08400ceb5b69df235fd3e800252b5c5ec77094241715ff93be99f 789b17cf34f786c130ae14e3d9143bf14ed48836066a667bd16c44df4f573c57
EXPORTER_SECRET 02550f6dd9a08400ceb5b69df235fd3e800252b5c5ec77094241715ff93be99f 1205518199c4764d68fcd8adda31b4557e062e48110f9581ca23ae9587be2f68
CLIENT_TRAFFIC_SECRET_0 0a2177a44938e484b73992c8a8df260f9163c6e8fad8061fb152fe3bed16598b bb1a09cdc5af3bbe31ff804fc58ef11529b8f5e01a74a1a8922d098ffea3a89b
SERVER_TRAFFIC_SECRET_0 0a2177a44938e484b73992c8a8df260f9163c6e8fad8061fb152fe3bed16598b 6bb68b7bde7b3ac1ce1ee91662dfcc7099a97fcf68f73af5092ddf9376b6dc4b
EXPORTER_SECRET 0a2177a44938e484b73992c8a8df260f9163c6e8fad8061fb152fe3bed16598b edb61c5fead9fbf4f6b77efd946f92e037503c49351204f8e09557d2d3fab8c7
CLIENT_TRAFFIC_SECRET_0 5d208c2b0458c6c5d5ec45d62416975f0b647527d0a885cc071dfba1349fdaee 839bcba81fd78ef3dffa94c9578f17712cc1f30b26ed1b2e3a5f9f12b13a3f46
SERVER_TRAFFIC_SECRET_0 5d208c2b0458c6c5d5ec45d62416975f0b647527d0a885cc071dfba1349fdaee 92ead8e2f9b8678b9de88dd63c8526088fafa657f80b1d165ca43923b43017fc
EXPORTER_SECRET 5d208c2b0458c6c5d5ec45d62416975f0b647527d0a885cc071dfba1349fdaee 412a43fd2ed1bf2b1d2283a9146a4bb53853407cc3d23c2365a03b9f66130cdb
