CLIENT_HANDSHAKE_TRAFFIC_SECRET 24e0ba9020078b48a2dc465e30c829f4c231fec564e29479fe3d1d3f225b99d5 8ad5bee45e84a5bb8f017e5e60cfa36cfa81bae4d91cc2d4dd4a6019d1e9001a
SERVER_HANDSHAKE_TRAFFIC_SECRET 24e0ba9020078b48a2dc465e30c829f4c231fec564e29479fe3d1d3f225b99d5 7cc1363f574f41082528f6fd3e2eebf2c4fed4a7b2ea957aff8da40bf342be03
CLIENT_TRAFFIC_SECRET_0 24e0ba9020078b48a2dc465e30c829f4c231fec564e29479fe3d1d3f225b99d5 3499540dfff3c27a1ed2ad88dff77b592dc09da88166f54335f583a04cd064a9
SERVER_TRAFFIC_SECRET_0 24e0ba9020078b48a2dc465e30c829f4c231fec564e29479fe3d1d3f225b99d5 08eea89075c7783e1275d1ebae5ee6a98d881bc1a6eb3edab878ff1364f0c043
EXPORTER_SECRET 24e0ba9020078b48a2dc465e30c829f4c231fec564e29479fe3d1d3f225b99d5 a1aa20553a290c9ae3a1ba095d4839690b07be297b61cba1f7ee0545719e6e91
CLIENT_HANDSHAKE_TRAFFIC_SECRET 2edee1e545dc4aa97281b1daf4b293aea4be05db8d0417ac5c744aa913b2f3dc 9063b3992a6b510bad919dbfa2ad64db8711b2e59edc096bb9b467d63fa99629
SERVER_HANDSHAKE_TRAFFIC_SECRET 2edee1e545dc4aa97281b1daf4b293aea4be05db8d0417ac5c744aa913b2f3dc 81c0402ac7e920d2cebb7ced1f685a56f007e0673980f920a51b1b034da34905
CLIENT_HANDSHAKE_TRAFFIC_SECRET f1bdbfc163475bc4de3bab5de4e80b5838a7fc5b197248bc64a8e18c44923b68 2fbad32ee554d9dc30de1f4cee92ab631583a41ad17819a8d2645a295c4c3c51
CLIENT_HANDSHAKE_TRAFFIC_SECRET 3376cccfe1ff3fd94404c23ba52fa7fd08276d24e74624bb5dd9c5c29e35c73b 8a8211ca7dd36ed67aa4193f9b63f75fc1b0e2d3b2e09edaf639db8c2c829332
SERVER_HANDSHAKE_TRAFFIC_SECRET f1bdbfc163475bc4de3bab5de4e80b5838a7fc5b197248bc64a8e18c44923b68 bddc94729f28cd6d38c755f21a55bb483119a908e0719f5015939ddbc0aa6861
SERVER_HANDSHAKE_TRAFFIC_SECRET 3376cccfe1ff3fd94404c23ba52fa7fd08276d24e74624bb5dd9c5c29e35c73b b43a2111600e1a7b23f19417f29c2d265546e9af78db8728d00c9d0c4695c1a5
CLIENT_TRAFFIC_SECRET_0 2edee1e545dc4aa97281b1daf4b293aea4be05db8d0417ac5c744aa913b2f3dc dbda27bc0ae64369f1d1f5b1d1f5a09db803c7e9ec65d76fa8e0fed64502d140
SERVER_TRAFFIC_SECRET_0 2edee1e545dc4aa97281b1daf4b293aea4be05db8d0417ac5c744aa913b2f3dc 1a61b36f825fd398b4ff63909adcc76c9e3be5548012d5cc5b68bb69627bcb93
EXPORTER_SECRET 2edee1e545dc4aa97281b1daf4b293aea4be05db8d0417ac5c744aa913b2f3dc 43f82a980abc4a32d94a264014f482c315397998221d40aff14d38e14466ea81
CLIENT_TRAFFIC_SECRET_0 f1bdbfc163475bc4de3bab5de4e80b5838a7fc5b197248bc64a8e18c44923b68 a5a1e292cad3a431d74c3736a350f5de7b606cfa4c0acad7165a50c916bcb844
SERVER_TRAFFIC_SECRET_0 f1bdbfc163475bc4de3bab5de4e80b5838a7fc5b197248bc64a8e18c44923b68 b16527e6329b947046faf4c0aa2ce3202277ce3a25091bcde37894607314ff56
EXPORTER_SECRET f1bdbfc163475bc4de3bab5de4e80b5838a7fc5b197248bc64a8e18c44923b68 fd0eab29f1a6b85599b7b56d954f376e7e38f933d0b11960e2f326695716327a
CLIENT_TRAFFIC_SECRET_0 3376cccfe1ff3fd94404c23ba52fa7fd08276d24e74624bb5dd9c5c29e35c73b 1e2b7dddb044eb1885ba8f324d7b2ae202a58e313e6371fc7ac2e6744eb688b0
SERVER_TRAFFIC_SECRET_0 3376cccfe1ff3fd94404c23ba52fa7fd08276d24e74624bb5dd9c5c29e35c73b 67c97caa65ac802b46ae3d1b81f4cb02d0284bb9abbb1af886136f2a5a558f3d
EXPORTER_SECRET 3376cccfe1ff3fd94404c23ba52fa7fd08276d24e74624bb5dd9c5c29e35c73b 52d4999c10e5e31c716820bd1d9c8880d210747e98f9aabf7f4da20e67a06c94
