CLIENT_HANDSHAKE_TRAFFIC_SECRET 442c872bcffc095d982fb3b6332b01d24b2a7101636cf75cf1308f0e83c88986 d4b6ee5e662d7b6201e502ca68993584dad2680153d422b0e701fe8a13cf4c92
SERVER_HANDSHAKE_TRAFFIC_SECRET 442c872bcffc095d982fb3b6332b01d24b2a7101636cf75cf1308f0e83c88986 6d8d45b0d6c494ffe0d15bc40f6c230de00dbb0b941a76e7a19026026379242e
CLIENT_TRAFFIC_SECRET_0 442c872bcffc095d982fb3b6332b01d24b2a7101636cf75cf1308f0e83c88986 4a1941046f4d5c9b592fde7f73010e00ef4215960141c4b2403f362d758091a2
SERVER_TRAFFIC_SECRET_0 442c872bcffc095d982fb3b6332b01d24b2a7101636cf75cf1308f0e83c88986 ac264f58f8061d919f6a13bcb9894562d5d09c891763e37127d5d39837e06a5d
EXPORTER_SECRET 442c872bcffc095d982fb3b6332b01d24b2a7101636cf75cf1308f0e83c88986 b99d3f20ccac17f40eb551a5e8cc31158e58c61e58406abf5939e86c4764cc67
CLIENT_HANDSHAKE_TRAFFIC_SECRET 59ac05c914f14bfeb0b011dc1a20fb36bd249a9e0268a8575fd9a07d73e36d6e 3b0411228d41d7f549764a1bf21c2e779f8181d8413e290dc626cd7357243156
SERVER_HANDSHAKE_TRAFFIC_SECRET 59ac05c914f14bfeb0b011dc1a20fb36bd249a9e0268a8575fd9a07d73e36d6e d72ecc17f29cecb235ae3b2332cc20fd917e1f8eb00bb7edbef9508548022513
CLIENT_HANDSHAKE_TRAFFIC_SECRET b266acbb1964344a6aa05d77b545b82fdc0e57a5c674e3a3ac8e41e8da5b68c1 c78b5805548fe1932df47256338922b36e3c2a0c9b885f9a138d999d8e91f73d
SERVER_HANDSHAKE_TRAFFIC_SECRET b266acbb1964344a6aa05d77b545b82fdc0e57a5c674e3a3ac8e41e8da5b68c1 674f4793226977209b83828d03d95e37d9edb51597651f7d66a33dcd0d33694f
CLIENT_HANDSHAKE_TRAFFIC_SECRET 466cf48d53ed5942c2f756debc7df558d572b7b5e1f91e54a6fb5f3e4b27889f b730ecb1599f8c91d72ca73756b88989645fd29a2552a228c8baad74d2a87c27
SERVER_HANDSHAKE_TRAFFIC_SECRET 466cf48d53ed5942c2f756debc7df558d572b7b5e1f91e54a6fb5f3e4b27889f de1127d2008a4e546d14bc0b3d401d89ff5097bc2659f38c24bd6cd5d6fd9e82
CLIENT_HANDSHAKE_TRAFFIC_SECRET 4d0fe87d29133e03cd5654f91e9ad12ad9d750f54bbbae7f8e42a37a815bab5c b2eb04faeb04aa8bc2b4dfd6b84c51a3edee41d7072136ac7c29a42c84f6de01
SERVER_HANDSHAKE_TRAFFIC_SECRET 4d0fe87d29133e03cd5654f91e9ad12ad9d750f54bbbae7f8e42a37a815bab5c 247ba6c558e11bc5ae77537fbdb1b936082e7a3af4749a1adf505522593116a6
CLIENT_HANDSHAKE_TRAFFIC_SECRET 1716fede56e16d0b44071a53bc2048823267b0337e129a3db3eb38fea2c04f64 94fbbb38b5fd9c440afd75eab0aee6d2dbab2712e50f2b565962b862403695b7
SERVER_HANDSHAKE_TRAFFIC_SECRET 1716fede56e16d0b44071a53bc2048823267b0337e129a3db3eb38fea2c04f64 a8e45be6589e9b00fd4a0a2018950c9d284547361ec5fb9b6dd81a1c50836b28
CLIENT_HANDSHAKE_TRAFFIC_SECRET 3ce63acb530bd7c25d282e3c21cf2dc3c7edbb680769b0b562c35132e84f5bcc b6c1382bd2d5580c36e25b0e994ccbd6c4720a1e02d1dad1335785bb77489004
SERVER_HANDSHAKE_TRAFFIC_SECRET 3ce63acb530bd7c25d282e3c21cf2dc3c7edbb680769b0b562c35132e84f5bcc 7f901f2580cedc11caa8a9c6e5ea61e1ed15e55315d719a6c60080e78d9b385c
CLIENT_HANDSHAKE_TRAFFIC_SECRET 7f3c5f3dc6abf69a40ba257aa9ffa06a2a551cdfdee5ad169603be3680a06a40 f1c98dd63fd2664179f1c1a82e66e6b6df5b97cd0644f5368cb3655c73f40378
SERVER_HANDSHAKE_TRAFFIC_SECRET 7f3c5f3dc6abf69a40ba257aa9ffa06a2a551cdfdee5ad169603be3680a06a40 e8373effd466f63e2c089204281d8766f8c6598ef2e67d4d4dffbe8c4bce7ad2
CLIENT_HANDSHAKE_TRAFFIC_SECRET 54eae16f9d80c193140c8b8c0b23112660cbd9c2ec5f640b98874ad6e6af069b cc7a69cccbf63d67474f4297a20b30db34c33a338bf086874f7d7fa581539270
SERVER_HANDSHAKE_TRAFFIC_SECRET 54eae16f9d80c193140c8b8c0b23112660cbd9c2ec5f640b98874ad6e6af069b 1220172c3b761a3e8d3b1dcc02b66c6121e4b8b9cfc8d0cd955eb4fcbc7fb926
CLIENT_TRAFFIC_SECRET_0 59ac05c914f14bfeb0b011dc1a20fb36bd249a9e0268a8575fd9a07d73e36d6e 5ab36ff84d4b945618ff457d91f00dc7f22ab5a38e4270d4e1da6f9b70f0dd36
SERVER_TRAFFIC_SECRET_0 59ac05c914f14bfeb0b011dc1a20fb36bd249a9e0268a8575fd9a07d73e36d6e 7aa55a2d3b41b1cdab7b04983905e25d039cd66205e3cec94ac2276ec0958952
EXPORTER_SECRET 59ac05c914f14bfeb0b011dc1a20fb36bd249a9e0268a8575fd9a07d73e36d6e 32cd46ee5e1e503d1575ccf4de6df5e002dd87c7675160967dee5e8a408a48ba
CLIENT_HANDSHAKE_TRAFFIC_SECRET 0a4008354f47bd60e2da832e3150aa3014ef782fa69619df0dc6a8c92d841036 79c46f997c822010f53647f52289c55a347976494aa8648ce5417d5642c18bb2
SERVER_HANDSHAKE_TRAFFIC_SECRET 0a4008354f47bd60e2da832e3150aa3014ef782fa69619df0dc6a8c92d841036 6fa17d30ecd0da01b00da5d3a7cbfef98abe918340c3e462b1240e33a69d143e
CLIENT_TRAFFIC_SECRET_0 b266acbb1964344a6aa05d77b545b82fdc0e57a5c674e3a3ac8e41e8da5b68c1 4aca9f572fd8c2ad88be6657fbf499a8da7f7bb8326492340b83ef4cb86fe163
SERVER_TRAFFIC_SECRET_0 b266acbb1964344a6aa05d77b545b82fdc0e57a5c674e3a3ac8e41e8da5b68c1 8fa8c7d98e0d119af94de33f5d09b42b580ce494e8d28f787aba044b73ea794b
EXPORTER_SECRET b266acbb1964344a6aa05d77b545b82fdc0e57a5c674e3a3ac8e41e8da5b68c1 b8ecdfc52f2893c69383b2efec9631604360c50bac397bbdef35da7e2f9e2dd3
CLIENT_TRAFFIC_SECRET_0 466cf48d53ed5942c2f756debc7df558d572b7b5e1f91e54a6fb5f3e4b27889f 4e1387c23aedf2ea1fa8979c89b713869d4fc3a2516ac0730555d70e77f1b064
SERVER_TRAFFIC_SECRET_0 466cf48d53ed5942c2f756debc7df558d572b7b5e1f91e54a6fb5f3e4b27889f 2034fd3653a71c0adfb7022f430476be71fb716b13a7bdd653c45657c79d8339
EXPORTER_SECRET 466cf48d53ed5942c2f756debc7df558d572b7b5e1f91e54a6fb5f3e4b27889f 2bb8c45ca62f15229e97217fb4678a8d28317eb22a45a28a9c62458929988830
CLIENT_HANDSHAKE_TRAFFIC_SECRET e43fe9da27266d9bf0e04c101de6d1b3734a2520d5713e1bd2f162e0c3e7e1e5 e9455251ac90d053493cd02f56cca305f04c738a613a257a64936122e3b6045c
SERVER_HANDSHAKE_TRAFFIC_SECRET e43fe9da27266d9bf0e04c101de6d1b3734a2520d5713e1bd2f162e0c3e7e1e5 0ae96da5cb05fe860edc3544dcf5a8e4263aa079c650a184871a08c1babbe077
CLIENT_TRAFFIC_SECRET_0 4d0fe87d29133e03cd5654f91e9ad12ad9d750f54bbbae7f8e42a37a815bab5c ed8112f263707fb4d647ef6896557d62c1861869c085292c547b55c421737090
SERVER_TRAFFIC_SECRET_0 4d0fe87d29133e03cd5654f91e9ad12ad9d750f54bbbae7f8e42a37a815bab5c 3962083cf53594b602c95c0cf1cbb4397f8715ff5e5856b1ff3ab9a177d44849
EXPORTER_SECRET 4d0fe87d29133e03cd5654f91e9ad12ad9d750f54bbbae7f8e42a37a815bab5c 6c873d42093ebc581746687b6e5f8a7fa0901dbac53f028460bb38c9a282a10d
CLIENT_TRAFFIC_SECRET_0 1716fede56e16d0b44071a53bc2048823267b0337e129a3db3eb38fea2c04f64 7b2b7cd5e4cee0faa4be58184891e28330d08d8b10221f755c5ea0784c0e0bac
SERVER_TRAFFIC_SECRET_0 1716fede56e16d0b44071a53bc2048823267b0337e129a3db3eb38fea2c04f64 4ca2651bb628342371a528f028007761308a392175fa4fe1140cadfb0930f437
EXPORTER_SECRET 1716fede56e16d0b44071a53bc2048823267b0337e129a3db3eb38fea2c04f64 e7c0620cd4e9f0210c9382d66b98d09435b0693e211623d86266e4523357abfc
CLIENT_HANDSHAKE_TRAFFIC_SECRET a862a46124e4e6b052004eda5d71a3ba0ec7432559b3138564696fb3552702f2 5926a823d52291cf596c79c909800f9a8252f3474ce37f5e1818cc93c468791c
SERVER_HANDSHAKE_TRAFFIC_SECRET a862a46124e4e6b052004eda5d71a3ba0ec7432559b3138564696fb3552702f2 d6ba21ff65c9f8175355c6cc29b56fe26f0307ce20233b78e1fefb6a0c986001
CLIENT_TRAFFIC_SECRET_0 3ce63acb530bd7c25d282e3c21cf2dc3c7edbb680769b0b562c35132e84f5bcc d52dc9c15e72ca794e205505f5c7f264807dbcc919fa09274dfbfae8b1109774
SERVER_TRAFFIC_SECRET_0 3ce63acb530bd7c25d282e3c21cf2dc3c7edbb680769b0b562c35132e84f5bcc 144a65c6e7e5fc3879d06610ef5f2ba9fded5f0f2b53188f5541e4cd9f45617d
EXPORTER_SECRET 3ce63acb530bd7c25d282e3c21cf2dc3c7edbb680769b0b562c35132e84f5bcc 6f10166abe151501d51affe54a3b3ccb72e5b5cab3f560c8b355399440d93e11
CLIENT_TRAFFIC_SECRET_0 7f3c5f3dc6abf69a40ba257aa9ffa06a2a551cdfdee5ad169603be3680a06a40 71c251667ec04a69f4b2b6a3f1fb18382061a5af32c61f8fcf210ae04d420a9f
SERVER_TRAFFIC_SECRET_0 7f3c5f3dc6abf69a40ba257aa9ffa06a2a551cdfdee5ad169603be3680a06a40 1ee7447fd4d70c95fc87a434ac22ce50ec841b12789f2d848b401ab8f9f83eff
EXPORTER_SECRET 7f3c5f3dc6abf69a40ba257aa9ffa06a2a551cdfdee5ad169603be3680a06a40 14e22f196cd7f17a593275f16d3a5e41cd87066160f293f02bb403482e813eb0
CLIENT_TRAFFIC_SECRET_0 54eae16f9d80c193140c8b8c0b23112660cbd9c2ec5f640b98874ad6e6af069b 6e9217a3cc2daca1b87af81feadba7698e236071a7ab04c6295399913f3b85c5
SERVER_TRAFFIC_SECRET_0 54eae16f9d80c193140c8b8c0b23112660cbd9c2ec5f640b98874ad6e6af069b 111e712d2ed4d0a4506af02ff0f1a9a7c2da0299a2c903cd615b34b678db28f4
EXPORTER_SECRET 54eae16f9d80c193140c8b8c0b23112660cbd9c2ec5f640b98874ad6e6af069b 9b3e0614e5283439aedb62aa2f3f00bbf7024956ed4c830115daab8ae5d847b7
CLIENT_HANDSHAKE_TRAFFIC_SECRET 730c2b660fb56b13f1f60de6aaa731eeeebcf3653955fe8b67893994107f93f9 10b84c9f3552a864cf9407a55e162254e99ed416a71944d0c89284093df61a33
SERVER_HANDSHAKE_TRAFFIC_SECRET 730c2b660fb56b13f1f60de6aaa731eeeebcf3653955fe8b67893994107f93f9 5b0b67cfbf4169e36b36851515dd200a3c00694f4d3dccd370b120d32cb1a10d
CLIENT_TRAFFIC_SECRET_0 0a4008354f47bd60e2da832e3150aa3014ef782fa69619df0dc6a8c92d841036 f4f132b7b1f246b6a78ca672680ba49caf6057fd4afd4c680b30add6bad99411
SERVER_TRAFFIC_SECRET_0 0a4008354f47bd60e2da832e3150aa3014ef782fa69619df0dc6a8c92d841036 9b671978eb40fa67edad403439c2a8cfac438f9c9a68146b16a0e43bce8518b3
EXPORTER_SECRET 0a4008354f47bd60e2da832e3150aa3014ef782fa69619df0dc6a8c92d841036 94be388ecc8fb9c810cbeb1ebf761e5ee8fb1d0df072d162ea600bcad95fbb94
CLIENT_TRAFFIC_SECRET_0 e43fe9da27266d9bf0e04c101de6d1b3734a2520d5713e1bd2f162e0c3e7e1e5 b3731c7c353e5c2d396cecdb0d16cc1a5278962b476ed1ea367b1573744d4ca3
SERVER_TRAFFIC_SECRET_0 e43fe9da27266d9bf0e04c101de6d1b3734a2520d5713e1bd2f162e0c3e7e1e5 11f998d04e3258a8ff5fb882a34ba14ae7d3b20b20962c81c2a0b90cd4121a65
EXPORTER_SECRET e43fe9da27266d9bf0e04c101de6d1b3734a2520d5713e1bd2f162e0c3e7e1e5 222b36b55a7a0f9c541a207e2e2bddc7fcd6607f0fcfc73edd358192f3d6745b
CLIENT_TRAFFIC_SECRET_0 a862a46124e4e6b052004eda5d71a3ba0ec7432559b3138564696fb3552702f2 6a7f1cf7010ccacac4ac698b8ae4dd2584fba21b6ae44d9cf02e32fb983391bf
SERVER_TRAFFIC_SECRET_0 a862a46124e4e6b052004eda5d71a3ba0ec7432559b3138564696fb3552702f2 b26c1df788b6e8aa06de6a73738242a70d11cb7d39a3b9b99f97d799c3545f8b
EXPORTER_SECRET a862a46124e4e6b052004eda5d71a3ba0ec7432559b3138564696fb3552702f2 886aaae99a8a1493409c73faa485ec0fdf3c85805bfc01d644866fc583b33aa6
CLIENT_TRAFFIC_SECRET_0 730c2b660fb56b13f1f60de6aaa731eeeebcf3653955fe8b67893994107f93f9 c5bb2375c9f7f735ad25bdfaba458f7ed9a8eb041aff2aebf1c8a3c8121e1315
SERVER_TRAFFIC_SECRET_0 730c2b660fb56b13f1f60de6aaa731eeeebcf3653955fe8b67893994107f93f9 6297622980c7aaf5cf76b05b820fd833cfed447cce46304c4b14f2275a1bce0d
EXPORTER_SECRET 730c2b660fb56b13f1f60de6aaa731eeeebcf3653955fe8b67893994107f93f9 57d4c4ab76c7ea1f9726d5683c01765c5baa4ebfb57f9ab980f4e19ea8c7ee6b
