CLIENT_HANDSHAKE_TRAFFIC_SECRET 1ccba9187a3298ee8c99f09d153d63c2f7ba87e51c835927148f793b1279d655 4fad3cb536d6bd23b904769d75bf95d22b2f53e7c8d29ef60a85ec7bd87488fb
SERVER_HANDSHAKE_TRAFFIC_SECRET 1ccba9187a3298ee8c99f09d153d63c2f7ba87e51c835927148f793b1279d655 09d72ab30d6ebf5f8051b9f6a4aabe456cec64227947f31126e7bf3b53849037
CLIENT_TRAFFIC_SECRET_0 1ccba9187a3298ee8c99f09d153d63c2f7ba87e51c835927148f793b1279d655 9eb38303ad350745e70419d18d3a882383f7e8c86c205cfab6ae74bc1b049649
SERVER_TRAFFIC_SECRET_0 1ccba9187a3298ee8c99f09d153d63c2f7ba87e51c835927148f793b1279d655 efd2a2e08038ed3740a7b2e3cd35e54b7a4f37a13d66b486826e7dad9f80345c
EXPORTER_SECRET 1ccba9187a3298ee8c99f09d153d63c2f7ba87e51c835927148f793b1279d655 85e8d71d5eb36bafeb9a93ad861ace5a0a168c2bad5d09a3957932c5f05a8baa
CLIENT_HANDSHAKE_TRAFFIC_SECRET 27b07b6040e6998ebcdddb813ff858809d109f1c9238e3eb982e4ea5a437c1ed 4a81f1f02157d118b5c63df042e660f57fa275bd1dd58d072b9364d15a491f61
SERVER_HANDSHAKE_TRAFFIC_SECRET 27b07b6040e6998ebcdddb813ff858809d109f1c9238e3eb982e4ea5a437c1ed 677f787d4d5fe4401ebd339f2b6ab7dd5a8af955a3b710f743214c93ef612a2b
CLIENT_HANDSHAKE_TRAFFIC_SECRET 5a65a9645ced46239abb85948c98045db600e434258422d9b563e528cea79299 2e62f70b7bb86fa83a657184ea7a956435ab9f2bdea9fa596b1fc31887cdd5ad
SERVER_HANDSHAKE_TRAFFIC_SECRET 5a65a9645ced46239abb85948c98045db600e434258422d9b563e528cea79299 66dbeccc3f45cc75a0cf495eea9ca52bf0ca92eaac33f0885f9e03c5c979dba2
CLIENT_HANDSHAKE_TRAFFIC_SECRET 8f890e96c7f92cdefa5e8348ceca7948d3c40d376b07574575fdf96c7b3e8b83 cfbc02626cc48d56a9d8fae40bd9fdcf1d3485614e487c514c3d2eaf60f0eda1
SERVER_HANDSHAKE_TRAFFIC_SECRET 8f890e96c7f92cdefa5e8348ceca7948d3c40d376b07574575fdf96c7b3e8b83 a4eac8f796e571fa566e1a9029f8644bda0174b2909198fc554be89764312517
CLIENT_HANDSHAKE_TRAFFIC_SECRET bde6e0857227f6e790d85f1b6eec978448d3c1355cf808e02c4256f337b8d8ac 53513c13f3c0d3bf1e8e149dccd17972fcf6e65a65eada999b17e490c21ce271
SERVER_HANDSHAKE_TRAFFIC_SECRET bde6e0857227f6e790d85f1b6eec978448d3c1355cf808e02c4256f337b8d8ac 8977858212ec733741ae9315499c2de3254246ecb3eff12aee9208b342d2201b
CLIENT_HANDSHAKE_TRAFFIC_SECRET 6634e81a4fbcb54e70563f7590c9d394ed0e26608e69033da0e965db3392ace3 5d77d053a37d8dca0711aee8b6a0650c656af6cbed7e8863d283f8914f391c72
SERVER_HANDSHAKE_TRAFFIC_SECRET 6634e81a4fbcb54e70563f7590c9d394ed0e26608e69033da0e965db3392ace3 0067fabd3eaecd659d25959b5b548d00b3db0209036a8f9284273373bdb99414
CLIENT_HANDSHAKE_TRAFFIC_SECRET 4b17b48a0de6a42b347a760da833f6fae2c1e9b7ae52ddece7056347d84dcf10 b97cbc157daab20861a64dc9864cf29ff615af561d4c278782d533c2db51a70f
SERVER_HANDSHAKE_TRAFFIC_SECRET 4b17b48a0de6a42b347a760da833f6fae2c1e9b7ae52ddece7056347d84dcf10 7554300d1b2562ad681909f471537ec5cbbd05db745a301ad4c793f2e9736521
CLIENT_HANDSHAKE_TRAFFIC_SECRET 86de93bf3340d65ad587d2d67c8de8c0fd5049b55c3536435f6455538b18c365 afb6a05ed9641ecb23b75e6c29ab85050bf461c53664d22031492b499d90ab6b
SERVER_HANDSHAKE_TRAFFIC_SECRET 86de93bf3340d65ad587d2d67c8de8c0fd5049b55c3536435f6455538b18c365 9f39ce2543e5078cb6ecb8e0c489106a5cd5a82cfb351a6fe631d0802bf0160c
CLIENT_HANDSHAKE_TRAFFIC_SECRET 785b13c49686058468fa4303b5f55c9903ff4312e1df6e08b0145c84830e92f6 231f4fa549771d950c8361b34f0f8143e58813e8ad52058f96c46c3d4a00496c
SERVER_HANDSHAKE_TRAFFIC_SECRET 785b13c49686058468fa4303b5f55c9903ff4312e1df6e08b0145c84830e92f6 abc5164fabe899d419197f06f8e68fbff942bd80c3af10f7214debe793c1d924
CLIENT_TRAFFIC_SECRET_0 27b07b6040e6998ebcdddb813ff858809d109f1c9238e3eb982e4ea5a437c1ed b7ed54ea7edba9625fccd2202bfdabfdc7a42f62f873baf8d8cf5d828a861540
SERVER_TRAFFIC_SECRET_0 27b07b6040e6998ebcdddb813ff858809d109f1c9238e3eb982e4ea5a437c1ed d85f4005693fbd8ccc3dbf3283d1f2458ee8a65a34e6bb93318bdf92d945e56d
EXPORTER_SECRET 27b07b6040e6998ebcdddb813ff858809d109f1c9238e3eb982e4ea5a437c1ed 25b8ca2bb30bd14d2f079a9a1d8b77d9fb1f308200084fe3862079322a3962c1
CLIENT_HANDSHAKE_TRAFFIC_SECRET 58ca01168985ae8ba993511b515731308d5320a81fe153297905373ba0028e45 2e7f9f7507019ec166a87780c0ab5f501f0d8c6bd1af13cba841cf44a21443fc
SERVER_HANDSHAKE_TRAFFIC_SECRET 58ca01168985ae8ba993511b515731308d5320a81fe153297905373ba0028e45 6e71f2e5a1dffd21f0cade9264c4f30a306028f36657850a02bcc49c13599cb1
CLIENT_TRAFFIC_SECRET_0 5a65a9645ced46239abb85948c98045db600e434258422d9b563e528cea79299 236b45f48c12da4023fcaef0e2c5261ab1645e028a675ad3db45220b60c40841
SERVER_TRAFFIC_SECRET_0 5a65a9645ced46239abb85948c98045db600e434258422d9b563e528cea79299 df621decfd85ccd184262a7e775a91a6153d21943d399a0d20d8f38882a49de3
EXPORTER_SECRET 5a65a9645ced46239abb85948c98045db600e434258422d9b563e528cea79299 92589018f88dec648970c3163a108d27e6c2024c9abb679674c1d176f525bcd9
CLIENT_TRAFFIC_SECRET_0 8f890e96c7f92cdefa5e8348ceca7948d3c40d376b07574575fdf96c7b3e8b83 6f50f45d3d7085371c666af2e33c5ebc4e20fd5dfb4cc6eda3cc426220246ffd
SERVER_TRAFFIC_SECRET_0 8f890e96c7f92cdefa5e8348ceca7948d3c40d376b07574575fdf96c7b3e8b83 24d29bbcf7c47cb24ddcf6300693af7d7acd3aaabc003f4429e820363671f9a6
EXPORTER_SECRET 8f890e96c7f92cdefa5e8348ceca7948d3c40d376b07574575fdf96c7b3e8b83 b93c395bee7d97f378a273386aead810195ea46a6f95678740b1f6d88c60f0a0
CLIENT_TRAFFIC_SECRET_0 bde6e0857227f6e790d85f1b6eec978448d3c1355cf808e02c4256f337b8d8ac 447e1bd724eb38ac39a24927fd0b36940a3da60719fbc0c1383496e24d377073
SERVER_TRAFFIC_SECRET_0 bde6e0857227f6e790d85f1b6eec978448d3c1355cf808e02c4256f337b8d8ac e1ab7ac2758e0da0103c2ada076e85d84001e2eecaf13231bf28626db72bc87b
EXPORTER_SECRET bde6e0857227f6e790d85f1b6eec978448d3c1355cf808e02c4256f337b8d8ac 0b2fabd19bb72d20f5d2f30482e0d5438c8c8558a11793e61c8369bf64cf33b2
CLIENT_TRAFFIC_SECRET_0 6634e81a4fbcb54e70563f7590c9d394ed0e26608e69033da0e965db3392ace3 4f0e630705c37dd7a113fcd9c957f16d38003a7bf95d0214688afd240ea60005
SERVER_TRAFFIC_SECRET_0 6634e81a4fbcb54e70563f7590c9d394ed0e26608e69033da0e965db3392ace3 a0663551047a95ccd15ab9ab269503aecfaa6af385e2dba3b9daf84138e6d117
EXPORTER_SECRET 6634e81a4fbcb54e70563f7590c9d394ed0e26608e69033da0e965db3392ace3 654a9b9486026fb5ebdd96f174a55043469d7b45405f30712968543088e9d9b4
CLIENT_TRAFFIC_SECRET_0 4b17b48a0de6a42b347a760da833f6fae2c1e9b7ae52ddece7056347d84dcf10 d749d87e7a5aa7d9d7abd53823355701b4ecb44e4e7749bf819b5c5c40b0eaa9
SERVER_TRAFFIC_SECRET_0 4b17b48a0de6a42b347a760da833f6fae2c1e9b7ae52ddece7056347d84dcf10 3f43307b1a17af1b56de350144de80c00ce78d43321fb314365df693ee7a9a5c
EXPORTER_SECRET 4b17b48a0de6a42b347a760da833f6fae2c1e9b7ae52ddece7056347d84dcf10 b2645a45d9283ff198921042815a45c5282037e02f1c9d1550cba7f12eb89a01
CLIENT_TRAFFIC_SECRET_0 86de93bf3340d65ad587d2d67c8de8c0fd5049b55c3536435f6455538b18c365 e97f3a7b621ee631541c6aab32fad163a8e68e1fea3ee4fb9bd6cb491b983261
SERVER_TRAFFIC_SECRET_0 86de93bf3340d65ad587d2d67c8de8c0fd5049b55c3536435f6455538b18c365 9c7e6f174708bc92b7f8757c1721983f1e2e67c5d1c3b732824581b057c15b8a
EXPORTER_SECRET 86de93bf3340d65ad587d2d67c8de8c0fd5049b55c3536435f6455538b18c365 4b62d64cfc8c1aecfd51b5997eb85a2244b9bb67a4d78d07a52e439ff0a3c13b
CLIENT_TRAFFIC_SECRET_0 785b13c49686058468fa4303b5f55c9903ff4312e1df6e08b0145c84830e92f6 6bc6d21e46abdb6b1bb911511722eeef42d41d3d6128063072e3d0a08d17f46a
SERVER_TRAFFIC_SECRET_0 785b13c49686058468fa4303b5f55c9903ff4312e1df6e08b0145c84830e92f6 a9d7ea5c8d4b5004b8254e8281a32726d77c3fa39b04bc81bcea5edc1bac6b56
EXPORTER_SECRET 785b13c49686058468fa4303b5f55c9903ff4312e1df6e08b0145c84830e92f6 26dd2a5493200524306d04a73f8f1ae299fa8253b06af114de7d5fbda41cc45a
CLIENT_TRAFFIC_SECRET_0 58ca01168985ae8ba993511b515731308d5320a81fe153297905373ba0028e45 4113d11398d64ce47923600e79353121f2c1f62103029fa211dac20b60499573
SERVER_TRAFFIC_SECRET_0 58ca01168985ae8ba993511b515731308d5320a81fe153297905373ba0028e45 99d2955de26b8fdee73ae1b51d87655c5f4b853411322220b97b76adf63a0460
EXPORTER_SECRET 58ca01168985ae8ba993511b515731308d5320a81fe153297905373ba0028e45 8623a91d73e9bbe271a5ea713f01d7cccaec213a7e8b9c25256fb5941ea545c7
CLIENT_HANDSHAKE_TRAFFIC_SECRET 8d68979877db55829c74cb351a18dce6b2f222b8c9a7ba150fdb66be60a0d7b3 3f714f7d2890aff8a5074c863261e2428f076d311864b3edc2bef56c3016605c
SERVER_HANDSHAKE_TRAFFIC_SECRET 8d68979877db55829c74cb351a18dce6b2f222b8c9a7ba150fdb66be60a0d7b3 00810ee13004d1c62145da03fb00f1c93d96d6977e34aaa4b23f00b078631155
CLIENT_TRAFFIC_SECRET_0 8d68979877db55829c74cb351a18dce6b2f222b8c9a7ba150fdb66be60a0d7b3 afecda9f2eb99e4e4e4c3db593fbad433c4a9b26f55c717a2e87d6e9dfaf8677
SERVER_TRAFFIC_SECRET_0 8d68979877db55829c74cb351a18dce6b2f222b8c9a7ba150fdb66be60a0d7b3 d9003192598e6ceae8861ba57bef98388ec8a8152a8cd9e427818f5b93b00b58
EXPORTER_SECRET 8d68979877db55829c74cb351a18dce6b2f222b8c9a7ba150fdb66be60a0d7b3 616ca37339ff2138bf28c73b96e865a32be35892f878c6e194221afed4a000dd
