CLIENT_HANDSHAKE_TRAFFIC_SECRET 82e843ac6dd5655f6fa9b1d46d338e3a607f45ccce286e74ab54b8b6ccdd37ce 9581f791d27089186d9e0d4dad57c54c6f03ed30bae0d87ecc0670f56424c393
SERVER_HANDSHAKE_TRAFFIC_SECRET 82e843ac6dd5655f6fa9b1d46d338e3a607f45ccce286e74ab54b8b6ccdd37ce 1d26f7100a1cb79ced12318546f4f03e56fdacff518173270723e3711d47b20c
CLIENT_TRAFFIC_SECRET_0 82e843ac6dd5655f6fa9b1d46d338e3a607f45ccce286e74ab54b8b6ccdd37ce 62637d952f5e1e8e34898984c17012102bf2d786df217da42df334178783fbf9
SERVER_TRAFFIC_SECRET_0 82e843ac6dd5655f6fa9b1d46d338e3a607f45ccce286e74ab54b8b6ccdd37ce dc89941bd9979485e3bfd9aefe1e6d67bad6e6a0137d1c909ab4948fc9a36d0e
EXPORTER_SECRET 82e843ac6dd5655f6fa9b1d46d338e3a607f45ccce286e74ab54b8b6ccdd37ce adad3f7a4d377c53cfd228d12f6d02381636cb618b41face95d3d229031da95a
CLIENT_HANDSHAKE_TRAFFIC_SECRET 00b8c46babcbcadc4ab8736683920b4141c468a00d1a734701fb0b089cd349e8 93d39ae0b9bc0144474def42e13d196d408093ba2c5470db3ab7a72dfe4f410b
SERVER_HANDSHAKE_TRAFFIC_SECRET 00b8c46babcbcadc4ab8736683920b4141c468a00d1a734701fb0b089cd349e8 beafb811fb6174affa7bcc3ad8ff04347aa73239c461d4be1144ebb384a35107
CLIENT_HANDSHAKE_TRAFFIC_SECRET b8a426393a7f5235078d8c279c0605c5bab9955cca0053ed73f4b062dae41770 a9b630ed97dd55006d8e63b838e3a851256e201f96c92c83049aca82aadb950d
SERVER_HANDSHAKE_TRAFFIC_SECRET b8a426393a7f5235078d8c279c0605c5bab9955cca0053ed73f4b062dae41770 5bff76d7bb4546c67a0e506bd387b1cbbe58fdafa588f59bd831f3ac0efb3e5d
CLIENT_HANDSHAKE_TRAFFIC_SECRET 13e9396d886dc4f18d797743bf9b1a7c332c6a3695e8715e7f9ed6a080817103 ba5625e3665ddf1bf358abc7cfda2f96d355eb15307d52faa0be9f90d23360e7
SERVER_HANDSHAKE_TRAFFIC_SECRET 13e9396d886dc4f18d797743bf9b1a7c332c6a3695e8715e7f9ed6a080817103 bc02d7f257aacaf9b5a006cb225d68cf64889a6a17d1f65e1589b3854375f5cd
CLIENT_HANDSHAKE_TRAFFIC_SECRET 8153011ec42682a42d0dba2b80c94af9602a41e9f8689f530ba9b7536dff673b 8f1af9a4d8781b24c48eac13d5ab560087a1b90fb866d9ccb76e9f74e845fe65
SERVER_HANDSHAKE_TRAFFIC_SECRET 8153011ec42682a42d0dba2b80c94af9602a41e9f8689f530ba9b7536dff673b 9276a05d4d5e0556909ac987e01c011ad73cc279c68ecc16e1332d1db17f7bac
CLIENT_HANDSHAKE_TRAFFIC_SECRET 9c61a932ad8b7b1da1540ba67803ee8f9a1272e038bc3c8429de49fc87e5b582 9d6053264d6220b9e4a10aa1788aa55486413bb0a0a37dce6b8adacabcf00e07
CLIENT_HANDSHAKE_TRAFFIC_SECRET 5aff96ff6cdd61865d62e55e2c259aea34e582874e68183b3f287919a15b21ba eb513e9416e5d99b83027610082c87b2c193d1ab8fc1406ea85e01b2b5add4dc
SERVER_HANDSHAKE_TRAFFIC_SECRET 9c61a932ad8b7b1da1540ba67803ee8f9a1272e038bc3c8429de49fc87e5b582 d05f4649392f5c89d5780ad480bfedc930d6be9d7a82a4505f55ecc358987598
SERVER_HANDSHAKE_TRAFFIC_SECRET 5aff96ff6cdd61865d62e55e2c259aea34e582874e68183b3f287919a15b21ba 13c3109923ce4c60ddce87d21cb9223bdeca4589e8f6baf28edb0a3fa6a08b54
CLIENT_HANDSHAKE_TRAFFIC_SECRET dad8b053682d9cf56ef459da8416193a4f664fbe50180d6a0ee601b46605013f f3dbee76af5f6460ad49614ab532161cade6012083469970f21fa1d93c5ea80d
SERVER_HANDSHAKE_TRAFFIC_SECRET dad8b053682d9cf56ef459da8416193a4f664fbe50180d6a0ee601b46605013f a0fcdfc691dc0c0393dbd63bae3f9dcf576c30b933ca873c7a63da400596f273
CLIENT_HANDSHAKE_TRAFFIC_SECRET 5bc848155999fe71b5d2e60f3ccf6b59ff9435295331f5fb27fd68fe1812fa42 8ad76b5ad4351a4275374205e5b967cac38c1b4ee3fe53ef351faacd68cb645e
SERVER_HANDSHAKE_TRAFFIC_SECRET 5bc848155999fe71b5d2e60f3ccf6b59ff9435295331f5fb27fd68fe1812fa42 6bc0a2da4581bca788ebcbc4dee50c5b033fd5c0f8f4daf2a01ce59d8cedd007
CLIENT_HANDSHAKE_TRAFFIC_SECRET e6660eacfc15f9947730c0125b367e97041255dd06cb33a45d1bafb75932bb61 960db2d600d91bb13af05c513e77384758f3edce0a8d2af7d126d573cd94ac17
SERVER_HANDSHAKE_TRAFFIC_SECRET e6660eacfc15f9947730c0125b367e97041255dd06cb33a45d1bafb75932bb61 c4fe2d822b05ac985ca932aed75b331eb77a1f609549ef256d5ad32a2f148980
CLIENT_TRAFFIC_SECRET_0 00b8c46babcbcadc4ab8736683920b4141c468a00d1a734701fb0b089cd349e8 fb44b6c1cc3519cf47715f265898cf6c503b6cd128a4b96efc2b291e6f9aa341
SERVER_TRAFFIC_SECRET_0 00b8c46babcbcadc4ab8736683920b4141c468a00d1a734701fb0b089cd349e8 a64f829196327a06b078e1b61166f0527f669172a7c430a2c40f66a126babbab
EXPORTER_SECRET 00b8c46babcbcadc4ab8736683920b4141c468a00d1a734701fb0b089cd349e8 286a4fd6a00459fc2202015f32301fbe59cc56d76ef4e0572df88788509b2ce6
CLIENT_TRAFFIC_SECRET_0 b8a426393a7f5235078d8c279c0605c5bab9955cca0053ed73f4b062dae41770 bb3c50b258a1e61b376d7d153179a3329f4d0011e3abb9dcec997e7e8e8cdef8
SERVER_TRAFFIC_SECRET_0 b8a426393a7f5235078d8c279c0605c5bab9955cca0053ed73f4b062dae41770 41a3bb6c1c8a33b75d71e6d407c37c712273044b46efba739f36b5029546abbf
EXPORTER_SECRET b8a426393a7f5235078d8c279c0605c5bab9955cca0053ed73f4b062dae41770 a1bcc05e968af698f5eba21255b7560b5edb49839ade829a231bcdf36c10d180
CLIENT_TRAFFIC_SECRET_0 13e9396d886dc4f18d797743bf9b1a7c332c6a3695e8715e7f9ed6a080817103 3e02e938807c0a726d29885115d103a7b7f32fec9cb0e428d44e970b24a512d1
SERVER_TRAFFIC_SECRET_0 13e9396d886dc4f18d797743bf9b1a7c332c6a3695e8715e7f9ed6a080817103 5663fe5a85a8bd7ee6ae28e5780e7db3be1efffcf485bc4d941e583c054b3bd8
EXPORTER_SECRET 13e9396d886dc4f18d797743bf9b1a7c332c6a3695e8715e7f9ed6a080817103 57a6f49ab7343f1cbbd6c2b8cc304e48fc8ec56fd1289ddd2c970c3296cb9331
CLIENT_TRAFFIC_SECRET_0 8153011ec42682a42d0dba2b80c94af9602a41e9f8689f530ba9b7536dff673b 81f0651627aef70c6c4b6dcba9b22510dec47ccc2fea015a7b6206f2264beeb4
SERVER_TRAFFIC_SECRET_0 8153011ec42682a42d0dba2b80c94af9602a41e9f8689f530ba9b7536dff673b fb3627c12ae53561a1e2b3f8cb5c9f7d6a09d6de30cbb97ed2e792a684592ba5
EXPORTER_SECRET 8153011ec42682a42d0dba2b80c94af9602a41e9f8689f530ba9b7536dff673b 8516724b7605390c10186afe847ed0df18fcab9e6e42916090533b9a4ede648e
CLIENT_HANDSHAKE_TRAFFIC_SECRET 70833dca304afcb047872174f5c4f15b129c6903ee3474befeef45604fc2087c 5545fb03f21e54832aa430572be1b25287cb73167995f8c09cc231a9b8b55be4
SERVER_HANDSHAKE_TRAFFIC_SECRET 70833dca304afcb047872174f5c4f15b129c6903ee3474befeef45604fc2087c 9b8c5d9ab46522b9102e1c311efde9b0534f20e39b75a4b0636510970621a19e
CLIENT_HANDSHAKE_TRAFFIC_SECRET e0075971f3a71c4014857992928f7320a333c4d8d32da775c786d3dd29e8319a 7a60758973a46170b6cd3a846e10bd2795e1fdbaf38e8bfed3d92f22d1a0d0ed
SERVER_HANDSHAKE_TRAFFIC_SECRET e0075971f3a71c4014857992928f7320a333c4d8d32da775c786d3dd29e8319a 9b3394d36ca56a999a8e69e50c357f2d3642b9e58097b332a5eb5cc5034add7c
CLIENT_HANDSHAKE_TRAFFIC_SECRET f6836c2e8b3eeeb348694b945280ffe6c6d18cffa0d891b102e95caa08552f07 93a188a8fc573f9183bbe14f524797c6f17c04bfaa9aac9da52e8006e3a82e72
SERVER_HANDSHAKE_TRAFFIC_SECRET f6836c2e8b3eeeb348694b945280ffe6c6d18cffa0d891b102e95caa08552f07 0713fbd1d800d8b87e96fd175f4f3668be13f29a674ef5ad14c77eb8fb279176
CLIENT_TRAFFIC_SECRET_0 5aff96ff6cdd61865d62e55e2c259aea34e582874e68183b3f287919a15b21ba e45c4a50147cbfea5dee9a74e2a306b8e30aa0ba95bd08df468713253b32736f
SERVER_TRAFFIC_SECRET_0 5aff96ff6cdd61865d62e55e2c259aea34e582874e68183b3f287919a15b21ba 659103ca5ce91c30678066fb854aa7d410bd671df5ef5753715a82119ce6878f
EXPORTER_SECRET 5aff96ff6cdd61865d62e55e2c259aea34e582874e68183b3f287919a15b21ba 4022a5a9c67a84a186b3603c6feea3722e3ffc337f167052154fa46f14980b15
CLIENT_TRAFFIC_SECRET_0 9c61a932ad8b7b1da1540ba67803ee8f9a1272e038bc3c8429de49fc87e5b582 289216f028a09791fbd08547554955ab1550e219c087ea146ce3c3ed6c2b647a
SERVER_TRAFFIC_SECRET_0 9c61a932ad8b7b1da1540ba67803ee8f9a1272e038bc3c8429de49fc87e5b582 d3ba52b252039a79173956cded54c66619c9bfab78d06219baf5f5fa864f46a7
EXPORTER_SECRET 9c61a932ad8b7b1da1540ba67803ee8f9a1272e038bc3c8429de49fc87e5b582 36dacd34380bfe75ef89daa5e26e613183cc7c976e2140880f0d584f7c314b6b
CLIENT_HANDSHAKE_TRAFFIC_SECRET 13fd3b072dedb3fb92b43c3a51611648796c953fb3e6b7dddbfed54e3494b127 155946e2833d084d1a10f7f82ef910dd6975636a3313bbcfb240b61adadf288f
SERVER_HANDSHAKE_TRAFFIC_SECRET 13fd3b072dedb3fb92b43c3a51611648796c953fb3e6b7dddbfed54e3494b127 9a6b75b1f3207f498e51a30459952817923ce7a4e0d6e4150a7302d4197ddfe1
CLIENT_TRAFFIC_SECRET_0 dad8b053682d9cf56ef459da8416193a4f664fbe50180d6a0ee601b46605013f 24970a36175f236dd345011414414862e7f82cebc3b628d928ee77d885de0f58
SERVER_TRAFFIC_SECRET_0 dad8b053682d9cf56ef459da8416193a4f664fbe50180d6a0ee601b46605013f 45c93421a645e82e076b82c85fcf93febc0ad3a3f6f4a3001d6b1d67170df372
EXPORTER_SECRET dad8b053682d9cf56ef459da8416193a4f664fbe50180d6a0ee601b46605013f 3b330492495d992b6c8fbbb4c1cb4b93b3fad1f86665bb3af4d6f8eeeaba5c70
CLIENT_TRAFFIC_SECRET_0 5bc848155999fe71b5d2e60f3ccf6b59ff9435295331f5fb27fd68fe1812fa42 0598de9f444efb32eecb6519ad7dce75bdde85ffa122ac597e32e278d5e6662f
SERVER_TRAFFIC_SECRET_0 5bc848155999fe71b5d2e60f3ccf6b59ff9435295331f5fb27fd68fe1812fa42 bc454cffe4bcbcdf1464cb65a8831b3b926ff0438323ca4413574233535d1644
EXPORTER_SECRET 5bc848155999fe71b5d2e60f3ccf6b59ff9435295331f5fb27fd68fe1812fa42 6084b031453900760bc0ed5c620fa4ea5d3c2e6fabc1f35c1293ec80a5c567e1
CLIENT_TRAFFIC_SECRET_0 e6660eacfc15f9947730c0125b367e97041255dd06cb33a45d1bafb75932bb61 99c5855e80623b9cfc4667ee05721f5cb891d38c6da51d30107a070f80081fd2
SERVER_TRAFFIC_SECRET_0 e6660eacfc15f9947730c0125b367e97041255dd06cb33a45d1bafb75932bb61 56fbbd82eb51174c46a989e9e1507a9a563bbf46aba8f8283d0c229c331a8aa2
EXPORTER_SECRET e6660eacfc15f9947730c0125b367e97041255dd06cb33a45d1bafb75932bb61 f62f9e79270f79d9e46100c8d7bc7344f56485c73cad2f0ccced89588238de3b
CLIENT_TRAFFIC_SECRET_0 e0075971f3a71c4014857992928f7320a333c4d8d32da775c786d3dd29e8319a 69741b13c6983102718872e09a10201d75c052f4ba6759c16902c12390c5ec33
CLIENT_TRAFFIC_SECRET_0 f6836c2e8b3eeeb348694b945280ffe6c6d18cffa0d891b102e95caa08552f07 b030036d7bd051a3d4cd92e5964bfdbe454d9aa016a972836ec17d317a42f4b2
SERVER_TRAFFIC_SECRET_0 e0075971f3a71c4014857992928f7320a333c4d8d32da775c786d3dd29e8319a 8e13da24a18f2da29bc618ec0cddae74a5c046e884eff48dccc0cf2db1d676f6
SERVER_TRAFFIC_SECRET_0 f6836c2e8b3eeeb348694b945280ffe6c6d18cffa0d891b102e95caa08552f07 52c14cc172aa34ec531c3532d1c33695bc02d9e293daeda05d13e46e4fd94723
EXPORTER_SECRET e0075971f3a71c4014857992928f7320a333c4d8d32da775c786d3dd29e8319a 66bec2955d116b8398d79c7eed7207ffbef85e9fd6e4c3d6c687db540aa858d8
EXPORTER_SECRET f6836c2e8b3eeeb348694b945280ffe6c6d18cffa0d891b102e95caa08552f07 8539fe8715b0b60c63588aabeafd1d1bd5a22731bae2ec055cea112652fee219
CLIENT_TRAFFIC_SECRET_0 70833dca304afcb047872174f5c4f15b129c6903ee3474befeef45604fc2087c 76d136ee347af662fcde9ba3f2f26eb7ac1658184838cc09a48137b48e7b995d
SERVER_TRAFFIC_SECRET_0 70833dca304afcb047872174f5c4f15b129c6903ee3474befeef45604fc2087c 6a5b0851ddf99b20000cca5b1cc79c186fcb6bab7f8f4ada49691aa79664c3b0
EXPORTER_SECRET 70833dca304afcb047872174f5c4f15b129c6903ee3474befeef45604fc2087c b78394a6b22ced724abcc78ead3d7ad4176c10000509a94e7d19decc6363de78
CLIENT_HANDSHAKE_TRAFFIC_SECRET 0c727db174388831118392f5fc623015be6224d81de85e05df77dda823b41433 ac6e8852c40d56d1234000ff1cc104a8afb7b56c5054a1f797f1f745312bb6e2
SERVER_HANDSHAKE_TRAFFIC_SECRET 0c727db174388831118392f5fc623015be6224d81de85e05df77dda823b41433 a111cc1ec8933b5044a1099408a95cecc95b6bee5a64fde7e22e59476c4eef07
CLIENT_TRAFFIC_SECRET_0 13fd3b072dedb3fb92b43c3a51611648796c953fb3e6b7dddbfed54e3494b127 97e9b60f4bc4211faaa0088cf2f0a413444e9f01dc18ed845f30b9b2d5792348
SERVER_TRAFFIC_SECRET_0 13fd3b072dedb3fb92b43c3a51611648796c953fb3e6b7dddbfed54e3494b127 8073bc44dee1c173bff654175d81ef412807fba9e5957ecd3e6e137a31ea9186
EXPORTER_SECRET 13fd3b072dedb3fb92b43c3a51611648796c953fb3e6b7dddbfed54e3494b127 41a3444fd7bf905718ddd3f3c6dd60e4a6224ea08f53fb7210842ca3920b22bc
CLIENT_TRAFFIC_SECRET_0 0c727db174388831118392f5fc623015be6224d81de85e05df77dda823b41433 597f156e46f2b2bb9d6f022fcf209b0c2859dcf166086c341cf68f819c639509
SERVER_TRAFFIC_SECRET_0 0c727db174388831118392f5fc623015be6224d81de85e05df77dda823b41433 8d26c97e22c14e3f8db3ca8cd089620e711fc96e3fc58530011fe04b08addc9a
EXPORTER_SECRET 0c727db174388831118392f5fc623015be6224d81de85e05df77dda823b41433 fff0fb28afe6c5bace43a8afc52d863f96bdc05e0a377d246a6bd42158469f45
