CLIENT_HANDSHAKE_TRAFFIC_SECRET fc713886784de5bca1409126c209b8d259b80e352f5fa88e2010ea4342229a23 eb76011e9042b35fbb772f080fb5751b94325d45e28258f07e2b678531e2fb2f
SERVER_HANDSHAKE_TRAFFIC_SECRET fc713886784de5bca1409126c209b8d259b80e352f5fa88e2010ea4342229a23 aff844fde243165dcdf6132eb80ab77a3c80284b75a12ed56de33d6aca2681c4
CLIENT_TRAFFIC_SECRET_0 fc713886784de5bca1409126c209b8d259b80e352f5fa88e2010ea4342229a23 496b87ba60f81b267e80abe9c057f3e6c3610df0edcff09998f11323787dc821
SERVER_TRAFFIC_SECRET_0 fc713886784de5bca1409126c209b8d259b80e352f5fa88e2010ea4342229a23 c11fa9c179b0367161c95451079b57d5ae8d41720b4d58dbd92ee65af880ee9f
EXPORTER_SECRET fc713886784de5bca1409126c209b8d259b80e352f5fa88e2010ea4342229a23 37dfb47d6d73e4b4def08d8a8105b61d591775cf83550bbf55506396d48d2155
CLIENT_HANDSHAKE_TRAFFIC_SECRET 2f869b839b64a0a75909dab01d52b0a6e69a7b91a44ecad8c7cb5654ad6cd5eb 49ca59f8089319f35dbc413f7c3b04553ac4752c6dd173085f4c4b33c2ebcfd5
SERVER_HANDSHAKE_TRAFFIC_SECRET 2f869b839b64a0a75909dab01d52b0a6e69a7b91a44ecad8c7cb5654ad6cd5eb a1d6d8e5399089878bb99360f72c68073b5e979e0e4a25df019b791fcf608b0f
CLIENT_HANDSHAKE_TRAFFIC_SECRET c3b83034140243ac877b35c5aff23aa73e30a5c218385df72a0c5d17ea299f9c b7df5940f9ab3ee61ce23887ca668a90f2e52e6697c264d3704eaf80ecff8892
SERVER_HANDSHAKE_TRAFFIC_SECRET c3b83034140243ac877b35c5aff23aa73e30a5c218385df72a0c5d17ea299f9c f120d2c2d809c4e3a042554a34127afb278d92f3acc8476e5cb6ac3437ea0a47
CLIENT_TRAFFIC_SECRET_0 2f869b839b64a0a75909dab01d52b0a6e69a7b91a44ecad8c7cb5654ad6cd5eb d4e1e9f03d92d09c297ec3a582254103aefa4590187d189f769bad2855cc76d9
SERVER_TRAFFIC_SECRET_0 2f869b839b64a0a75909dab01d52b0a6e69a7b91a44ecad8c7cb5654ad6cd5eb 24d7bf958f1ee90bf3e7d0ccf68c65f3eeda9d57bba0e35c63d32ffea5811e4d
EXPORTER_SECRET 2f869b839b64a0a75909dab01d52b0a6e69a7b91a44ecad8c7cb5654ad6cd5eb bc93698d4cfc8509713f64f40f995a3bd10097219492b6ac8201b9f243a1e240
CLIENT_TRAFFIC_SECRET_0 c3b83034140243ac877b35c5aff23aa73e30a5c218385df72a0c5d17ea299f9c b6aea97c378d7beacf7930af66105529bc56e1c57e0775b50ccdcb2eb5bcd3a2
SERVER_TRAFFIC_SECRET_0 c3b83034140243ac877b35c5aff23aa73e30a5c218385df72a0c5d17ea299f9c 0da97bb80dca05ce338ac846db71574bc2ced350950c8c35dbd3b7fffd3ade9c
EXPORTER_SECRET c3b83034140243ac877b35c5aff23aa73e30a5c218385df72a0c5d17ea299f9c 883f5c9486c06209f56ea93a19066f16394b36c25d56d57a708c116d9b02479c
CLIENT_HANDSHAKE_TRAFFIC_SECRET 93ce2e0a87efd073089f7a5b694ed90383fdc814c6837aae86e8fe05770e7f02 46736fe4009b88bf2536f810aaeb8352e8cf73420d8acf376c4ee168382d1741
SERVER_HANDSHAKE_TRAFFIC_SECRET 93ce2e0a87efd073089f7a5b694ed90383fdc814c6837aae86e8fe05770e7f02 d0f5c8cbd6933f4d3720420e07f603cb8c1c0dec1c853bd0d3ed9d93fb8e360d
CLIENT_TRAFFIC_SECRET_0 93ce2e0a87efd073089f7a5b694ed90383fdc814c6837aae86e8fe05770e7f02 3a4d6615dea37efc9805491c67587910399a20e5f1709ec2409f6932fb5cf1b7
SERVER_TRAFFIC_SECRET_0 93ce2e0a87efd073089f7a5b694ed90383fdc814c6837aae86e8fe05770e7f02 70a026faee3a6c4cad04a68f156ccab6864cd548bf540ac840b2e45a9143be5b
EXPORTER_SECRET 93ce2e0a87efd073089f7a5b694ed90383fdc814c6837aae86e8fe05770e7f02 3265e137d9f9e864c3b5c60b841932dc8da6536061cb81500def79eae528af09
CLIENT_HANDSHAKE_TRAFFIC_SECRET 2116a0ddba202c212877991ca0f4e5b141ef32032b562a00a4485e5ceeae49c5 dd9f067890013eb590d4403addd340d98f39be5c378b14a5a6c16bd869c3e852
SERVER_HANDSHAKE_TRAFFIC_SECRET 2116a0ddba202c212877991ca0f4e5b141ef32032b562a00a4485e5ceeae49c5 6b9912d2bd98350ca27ff2dc809db029982e7a936fd684b3b43729cebccbe03c
CLIENT_HANDSHAKE_TRAFFIC_SECRET 6b153cccfb966880159adca08d75f7bb74e426ede09b77c7508dc58040634c25 b2eb49009a8b1f36ed16083092b6eaa55018092f88b12612a7d46aa41f17e205
SERVER_HANDSHAKE_TRAFFIC_SECRET 6b153cccfb966880159adca08d75f7bb74e426ede09b77c7508dc58040634c25 5a43c1f77c14ce1e9b593085a09dcf4b8c55f69bc3523358f84c2692a9cbca7a
CLIENT_TRAFFIC_SECRET_0 2116a0ddba202c212877991ca0f4e5b141ef32032b562a00a4485e5ceeae49c5 f85d6c99295bc5de7c322e4efcff88bb426e61f493d0d1b5fa2f192c4381f303
SERVER_TRAFFIC_SECRET_0 2116a0ddba202c212877991ca0f4e5b141ef32032b562a00a4485e5ceeae49c5 c1fe9b24ce934268ea0f3a7aa0b4dbbc8c4416d51b4d5ee767269a4d153dde9f
CLIENT_HANDSHAKE_TRAFFIC_SECRET 9eb3bbe53e31c749c33cc42f4c7a2c43b59b4155483c6569ef8486af3fd6c3ab 1f7fd8921e402e239853377985821a08c0637f0ee218faa55f76c83ad0db3009
EXPORTER_SECRET 2116a0ddba202c212877991ca0f4e5b141ef32032b562a00a4485e5ceeae49c5 4beeb7b4101a9c246661cf32bce4a30c71e37887357896b204858019d135cf8a
SERVER_HANDSHAKE_TRAFFIC_SECRET 9eb3bbe53e31c749c33cc42f4c7a2c43b59b4155483c6569ef8486af3fd6c3ab 125d14bf4eb94b4f27e5cfca3c03601b9a8f757d7fdb75d4c0579949517c6182
CLIENT_TRAFFIC_SECRET_0 6b153cccfb966880159adca08d75f7bb74e426ede09b77c7508dc58040634c25 3a739ce54196ca285efa9072626d0c6a29a9467abbc476d44150de979cefd883
SERVER_TRAFFIC_SECRET_0 6b153cccfb966880159adca08d75f7bb74e426ede09b77c7508dc58040634c25 22881a5eb01245466b22e399bbcd24b9cf19c2855660f5dadcfb04180b7353cd
EXPORTER_SECRET 6b153cccfb966880159adca08d75f7bb74e426ede09b77c7508dc58040634c25 ba1873a01e0cf4be867e217774772939d5dc7d576d78258925242adb33c0ed68
CLIENT_HANDSHAKE_TRAFFIC_SECRET 24fc4161cb5fec4a3a9ca5161f185c365d28a7475853066b8192fa966074bd73 41265b49e14dd6238656b835502228d15d255956f6fbf737a1056f5d8481597b
SERVER_HANDSHAKE_TRAFFIC_SECRET 24fc4161cb5fec4a3a9ca5161f185c365d28a7475853066b8192fa966074bd73 1ef266bc8250fa7fd9fca1253779b43262e404514917c014d2d306dba2820ebc
CLIENT_TRAFFIC_SECRET_0 9eb3bbe53e31c749c33cc42f4c7a2c43b59b4155483c6569ef8486af3fd6c3ab 5521ee980b6bb685028c9790700aa3b6811e1de0ddafb03a1b86f4c886b20d8a
SERVER_TRAFFIC_SECRET_0 9eb3bbe53e31c749c33cc42f4c7a2c43b59b4155483c6569ef8486af3fd6c3ab 24f666574c927ab779f29a7e7e447af18cced9eb9ae1aad3a03b6fc8a3d99b44
EXPORTER_SECRET 9eb3bbe53e31c749c33cc42f4c7a2c43b59b4155483c6569ef8486af3fd6c3ab d61b63a993fab04d749b39045f4b621fb8c3c3a4662904123561a1841de8aa0a
CLIENT_HANDSHAKE_TRAFFIC_SECRET ea86d3b17e8d317aab636e36633286219ecd8542671d9507a57a05cc9cc0d1cf aebdea223fb0b2a0c3887628860d24570c2f521e497b505955c73f5090742c23
SERVER_HANDSHAKE_TRAFFIC_SECRET ea86d3b17e8d317aab636e36633286219ecd8542671d9507a57a05cc9cc0d1cf dd6ca1fec00fcfc0abffde109de8f6022ef9d76ea7d03a6b853781592374f4d0
CLIENT_TRAFFIC_SECRET_0 24fc4161cb5fec4a3a9ca5161f185c365d28a7475853066b8192fa966074bd73 0a654eb43cceb0b5850992baa3288d56d100ca923178bf78dbf44fabe68d284e
SERVER_TRAFFIC_SECRET_0 24fc4161cb5fec4a3a9ca5161f185c365d28a7475853066b8192fa966074bd73 a3e4a723d49f11069c9f99ddf34c915f23245554cc5eaf7f0eaaf166912c54ab
EXPORTER_SECRET 24fc4161cb5fec4a3a9ca5161f185c365d28a7475853066b8192fa966074bd73 828b9fd3ab70b55d4327fe5a67df6ff5bf4c676e5d8a33a5788348694e31cf0a
CLIENT_HANDSHAKE_TRAFFIC_SECRET 87d767df40bdc25a3f2c46678646b84f7fe6002e0296a8ed621fdd59f358cc80 84389e649d6cc011a03904f686e1ecf40bc2d8a1a51b91adb11c0f40ad854e27
SERVER_HANDSHAKE_TRAFFIC_SECRET 87d767df40bdc25a3f2c46678646b84f7fe6002e0296a8ed621fdd59f358cc80 022be75948947a5b4976f5b6766069254616fed7df12220c855139ffbb967538
CLIENT_TRAFFIC_SECRET_0 ea86d3b17e8d317aab636e36633286219ecd8542671d9507a57a05cc9cc0d1cf 7b5cca5303b0a3486c605d09d3582d6afa586c8aba6327ce5e0eb84c801f3c1b
SERVER_TRAFFIC_SECRET_0 ea86d3b17e8d317aab636e36633286219ecd8542671d9507a57a05cc9cc0d1cf ba2e5880294326b6d5659da27debf20e3715fade82dac29882865335c0b09e3c
EXPORTER_SECRET ea86d3b17e8d317aab636e36633286219ecd8542671d9507a57a05cc9cc0d1cf 564a69b9b0fa71c39bcbc16afaa7adf14c1ae7593cee46bb5b2d93b0cbf1e046
CLIENT_TRAFFIC_SECRET_0 87d767df40bdc25a3f2c46678646b84f7fe6002e0296a8ed621fdd59f358cc80 57274c04c5b226724823e596bb16547f548d2beecdf40027ad42e9d17e8970aa
SERVER_TRAFFIC_SECRET_0 87d767df40bdc25a3f2c46678646b84f7fe6002e0296a8ed621fdd59f358cc80 6bf2b8a7c53da4247985cc4d0d1deb706ae655d097f2ad50f049fac49d37f414
EXPORTER_SECRET 87d767df40bdc25a3f2c46678646b84f7fe6002e0296a8ed621fdd59f358cc80 6c92d095f1d4063b9df40d20c83efc8d5adc66b5c174345d7c3a45928cd5ea57
CLIENT_HANDSHAKE_TRAFFIC_SECRET d8bfc65e2c49e2d4958467f7a435206360b3c9e3a74a8e2f88098d5909ea0cca 24c64bf9f488f38d32de705238fa86f28517ff3f930cfe2445ce5284287e8f16
SERVER_HANDSHAKE_TRAFFIC_SECRET d8bfc65e2c49e2d4958467f7a435206360b3c9e3a74a8e2f88098d5909ea0cca 0947e131b8c086cb4e4eb875d47bf699c07a19704fbacfee130af517a8797421
CLIENT_TRAFFIC_SECRET_0 d8bfc65e2c49e2d4958467f7a435206360b3c9e3a74a8e2f88098d5909ea0cca 115f327a002a078948536a694a2f698c5be51f7764a05865d377a2ab1c1641ab
SERVER_TRAFFIC_SECRET_0 d8bfc65e2c49e2d4958467f7a435206360b3c9e3a74a8e2f88098d5909ea0cca 0c5d535084d761cb1f6fdf0e1bbcdfcb6794953dae3d305725f85a609a77b978
EXPORTER_SECRET d8bfc65e2c49e2d4958467f7a435206360b3c9e3a74a8e2f88098d5909ea0cca 6da47a5d546b619016ed1e8ab78b85b9d9d9e8933151e7269050c4721a605be3
CLIENT_HANDSHAKE_TRAFFIC_SECRET a710d0f24f1e37874b556b13ea92f0626688ae5bf4bd80c06b8dc548200b4ddc 2d1df037ba289a13913caf03ae98c2f71b094580f08fdc351d8790a56b440699
SERVER_HANDSHAKE_TRAFFIC_SECRET a710d0f24f1e37874b556b13ea92f0626688ae5bf4bd80c06b8dc548200b4ddc dee57067ef4f6f009261ab2c0bc402f8ab53573cc3ef725c8d5bf995bfc908a3
CLIENT_TRAFFIC_SECRET_0 a710d0f24f1e37874b556b13ea92f0626688ae5bf4bd80c06b8dc548200b4ddc 32a795ba0cfe595b5af302b7af3682d0efe083110d527671203059219dfeefc9
SERVER_TRAFFIC_SECRET_0 a710d0f24f1e37874b556b13ea92f0626688ae5bf4bd80c06b8dc548200b4ddc cc8cb8ca88ff70899b8f03ae421ec85239d798358dea7ce9ce3a9a4897718cbf
EXPORTER_SECRET a710d0f24f1e37874b556b13ea92f0626688ae5bf4bd80c06b8dc548200b4ddc 282404ca12231e805c44abe85c409288a982bfc496bc6ca53880e2e0eae2c5cd
