CLIENT_HANDSHAKE_TRAFFIC_SECRET 2c6991fad0fb4ba3f85c151fc6ffc16ba488fd1540c56c03b99d8ffb0de5b8e9 19c4396e48e300caaa5da8b6dc4f70207aa1f0e9102cfe7af7599302c54145e1
SERVER_HANDSHAKE_TRAFFIC_SECRET 2c6991fad0fb4ba3f85c151fc6ffc16ba488fd1540c56c03b99d8ffb0de5b8e9 2add2fd56b04edfca39357d557456a9c01ac3fe021981f39a57fcf5acc59f1b0
CLIENT_TRAFFIC_SECRET_0 2c6991fad0fb4ba3f85c151fc6ffc16ba488fd1540c56c03b99d8ffb0de5b8e9 daa856026e790426bd6ba2e8a7881cfc748d4541caf21351cebbf79d2e913884
SERVER_TRAFFIC_SECRET_0 2c6991fad0fb4ba3f85c151fc6ffc16ba488fd1540c56c03b99d8ffb0de5b8e9 4893aca6be2c5f30a63dab80b0c070a7cf0a65e242948205bd8b54c20356841b
EXPORTER_SECRET 2c6991fad0fb4ba3f85c151fc6ffc16ba488fd1540c56c03b99d8ffb0de5b8e9 9abf5fa741dd5dad65c791f5a9795df12de82f12e16abbbba27e16173a393f80
CLIENT_HANDSHAKE_TRAFFIC_SECRET ecd598d0b8bdf4e1a49f15a1ef9be1e6d38d7b4efc827c2ead495cf9768e6873 99c78f11cdd40a93cb63a0b3a91662edf56a83ad45cb8d53b8ef72e7ce809883
SERVER_HANDSHAKE_TRAFFIC_SECRET ecd598d0b8bdf4e1a49f15a1ef9be1e6d38d7b4efc827c2ead495cf9768e6873 54d074e28c09bee3b8dc61374fcef48dae4669470b205cff508a9321a2a54e38
CLIENT_HANDSHAKE_TRAFFIC_SECRET c954b191507d4280e846c705288142b97edd53f01b935d2fb465de7c8162f472 72a195a4f8d963e270321bf7ccede9e9565a0577aebf3f8f89a7d70276118705
SERVER_HANDSHAKE_TRAFFIC_SECRET c954b191507d4280e846c705288142b97edd53f01b935d2fb465de7c8162f472 474bd2b6b11c1ea6d359cd394497218eb81c7704a975a142f5dc47da8021244d
CLIENT_HANDSHAKE_TRAFFIC_SECRET a9f51b0ae84e74c56b7adf35b681fde7dd911d054ed0dbca05cd3acb194a8068 4c225e737ee77bac14b58dbea5be9364f3872f55c001f01b01207e4d79606ed3
SERVER_HANDSHAKE_TRAFFIC_SECRET a9f51b0ae84e74c56b7adf35b681fde7dd911d054ed0dbca05cd3acb194a8068 b1157c0c9fe1e8aeeecce8fa1ad9e43af74eb7f09a916b694bcc2006a5c55942
CLIENT_HANDSHAKE_TRAFFIC_SECRET 20bac682657548c517de24306b7fc425cc2198809c064dc62356ddbc6ab05bda 848899fd5eda46bfe34a43e859bb62958aab08f0b282362cfddcb6961f7e7e79
SERVER_HANDSHAKE_TRAFFIC_SECRET 20bac682657548c517de24306b7fc425cc2198809c064dc62356ddbc6ab05bda 766ffee29a9470a1f4dd61e91dc11fe93f37868457409ba3b15bf5e6a7bc0eb7
CLIENT_TRAFFIC_SECRET_0 c954b191507d4280e846c705288142b97edd53f01b935d2fb465de7c8162f472 5be38f8458a95f9e75d30aeb8efd30d3397a66798958d8533b1517a2117efe45
SERVER_TRAFFIC_SECRET_0 c954b191507d4280e846c705288142b97edd53f01b935d2fb465de7c8162f472 894bde501807924592309ecd60f1aa898dea2f6b57d00256f29c040ac3691c68
EXPORTER_SECRET c954b191507d4280e846c705288142b97edd53f01b935d2fb465de7c8162f472 bf6e9f74684436522e9522be94d06be27924ca991ca91b88faa6f7553ea75409
CLIENT_TRAFFIC_SECRET_0 ecd598d0b8bdf4e1a49f15a1ef9be1e6d38d7b4efc827c2ead495cf9768e6873 104c2780f088e029cc30810b2350c4a6cee3719e52df8b86a562da9cce533dc1
SERVER_TRAFFIC_SECRET_0 ecd598d0b8bdf4e1a49f15a1ef9be1e6d38d7b4efc827c2ead495cf9768e6873 a2121396c18ada8b1a34885a4aeb07a594a573b450762ba5509f46ef67c0fea5
EXPORTER_SECRET ecd598d0b8bdf4e1a49f15a1ef9be1e6d38d7b4efc827c2ead495cf9768e6873 b1f86e16eadd6564e4fa909d85f7214b7525a1284e775f32d2d1f265abaca117
CLIENT_TRAFFIC_SECRET_0 a9f51b0ae84e74c56b7adf35b681fde7dd911d054ed0dbca05cd3acb194a8068 aa0ebcf6b87a5d0d3249a432a99c10c95a9e2cd0f9aa32e27c4d63e73eca7ce4
SERVER_TRAFFIC_SECRET_0 a9f51b0ae84e74c56b7adf35b681fde7dd911d054ed0dbca05cd3acb194a8068 d3ac003bc1d40fa25f6737e2bfaad015cf4d6982c814898e4bcbf9fd627f8fb9
EXPORTER_SECRET a9f51b0ae84e74c56b7adf35b681fde7dd911d054ed0dbca05cd3acb194a8068 23bdb88e5da14ca3ee39b276cca121d38bac96e7ec9f510e6a546d6c5632ade5
CLIENT_TRAFFIC_SECRET_0 20bac682657548c517de24306b7fc425cc2198809c064dc62356ddbc6ab05bda dbf22bb5eeca84392961d31d408dcf77c2960f103b72284ac4d883709a77ba39
SERVER_TRAFFIC_SECRET_0 20bac682657548c517de24306b7fc425cc2198809c064dc62356ddbc6ab05bda e4cd9b59ff19fdd492aa27e5a24002b37619c1e92fb1486566fd9d86da057d75
EXPORTER_SECRET 20bac682657548c517de24306b7fc425cc2198809c064dc62356ddbc6ab05bda 903421d9db7363f2b3cf0a50f61c4e836e10cff217298af6cbeda745418552d9
CLIENT_HANDSHAKE_TRAFFIC_SECRET dfa62224341b0cceabed25183f875256be9a640cd7b2ed94a973e310baaa2163 e11b2203b94b4957e3a849faced20d2c00d48279ed086e58476e04512347c063
SERVER_HANDSHAKE_TRAFFIC_SECRET dfa62224341b0cceabed25183f875256be9a640cd7b2ed94a973e310baaa2163 f60b148cee51ec2e2e72a274d718c0c479ca731ef8629f4db7d2d64e03c90257
CLIENT_TRAFFIC_SECRET_0 dfa62224341b0cceabed25183f875256be9a640cd7b2ed94a973e310baaa2163 92e294cdf65462864603091d1eb583af5a3265d7c759a64a422ff36d294f5cfd
SERVER_TRAFFIC_SECRET_0 dfa62224341b0cceabed25183f875256be9a640cd7b2ed94a973e310baaa2163 298522b487cef8443830e0c9e2c2b8b7c014416b73bce7ddb0af59ef611cc8a5
EXPORTER_SECRET dfa62224341b0cceabed25183f875256be9a640cd7b2ed94a973e310baaa2163 621636883e68a4b342ca1f21d37ca957fc0769e44ea930da7487240e6a12c994
