CLIENT_HANDSHAKE_TRAFFIC_SECRET 38a20e7ca6dfab79292585df6ae428e4a6dac6cd9ec3c4375388e67d6591e514 2b840da11346c905be92b97d5d3ee3773ddd4aefc93ffa9b67e4c61707656c6b
SERVER_HANDSHAKE_TRAFFIC_SECRET 38a20e7ca6dfab79292585df6ae428e4a6dac6cd9ec3c4375388e67d6591e514 03060d2f969db74f114e96b982b3363e457380e02271b57de3be38175994c4d9
CLIENT_TRAFFIC_SECRET_0 38a20e7ca6dfab79292585df6ae428e4a6dac6cd9ec3c4375388e67d6591e514 b4972b57f083ff4d24e7b620e4723c9b288e32d5c586b447704609e0c0c0fce1
SERVER_TRAFFIC_SECRET_0 38a20e7ca6dfab79292585df6ae428e4a6dac6cd9ec3c4375388e67d6591e514 e0415df439db456c04095f77d81984ed728a8329b44a790c356459be4c3f674f
EXPORTER_SECRET 38a20e7ca6dfab79292585df6ae428e4a6dac6cd9ec3c4375388e67d6591e514 282923b7173d5aadac533aeee9b310da96dfcea70027f5da8bde5cd20131c09c
CLIENT_HANDSHAKE_TRAFFIC_SECRET 36a44986366bdadf0c0e16d3a3e1b9de590ca1196f2c0f0c7bc9b705adb1650f 6d4279c21d0bb3684df1ef315743311a1fb946d5b190e7c2fe7acb1352c84a2e
SERVER_HANDSHAKE_TRAFFIC_SECRET 36a44986366bdadf0c0e16d3a3e1b9de590ca1196f2c0f0c7bc9b705adb1650f f40818a95238a36ea352b31846bab089f587a41f6981a7c9033710e595c3b984
CLIENT_HANDSHAKE_TRAFFIC_SECRET d55bf0beec7efd84dca5eac49305016cf6f188f4053579b85328c3faafa7a01d 9a9ffd3eea7454f16ef63559cdc341c6ddfd7d9dc40227d7f3510d1b37543dd6
SERVER_HANDSHAKE_TRAFFIC_SECRET d55bf0beec7efd84dca5eac49305016cf6f188f4053579b85328c3faafa7a01d a35894a6804e03db5fb60e6e0e6833e50690e14a9c4960756dc8641c7ad50176
CLIENT_HANDSHAKE_TRAFFIC_SECRET 9c6a783fd0cc0c580af95462c0ce666616f084b147f92541f7715681f7897894 1dfbfd7757945ea3a847867f976088cb7c7a191b5e0fa4a8c77661a831d85692
SERVER_HANDSHAKE_TRAFFIC_SECRET 9c6a783fd0cc0c580af95462c0ce666616f084b147f92541f7715681f7897894 ead08a066a7b356dfffe53f650cc887d9e8cd4708275480bccb3f07d9254300f
CLIENT_HANDSHAKE_TRAFFIC_SECRET 1657518c78bbb4b9f2fd3a61e0f4d8558e0255f670c2877e0e3a6b040f80e476 c2b20418b5879f1a1930a04d592aaa65305e1397ddd6cc506cf5751e70de1099
SERVER_HANDSHAKE_TRAFFIC_SECRET 1657518c78bbb4b9f2fd3a61e0f4d8558e0255f670c2877e0e3a6b040f80e476 1c8b3a50f542a13985a9563a2686414ae69121e093be7bab490f837e334afe5b
CLIENT_HANDSHAKE_TRAFFIC_SECRET e9f127c5cfac4ad1379e77d4c615cbd031972cd8a583a0aa9d236d1cb1a39a01 3292da81c36a2051cb1a5578dbb178f6da89c8cf11c73e316c167e6b89326413
SERVER_HANDSHAKE_TRAFFIC_SECRET e9f127c5cfac4ad1379e77d4c615cbd031972cd8a583a0aa9d236d1cb1a39a01 c9920af2ce6bbeb93f8458e15ebc277d4733f994068c4e9e9a812f2c67a7a85a
CLIENT_HANDSHAKE_TRAFFIC_SECRET 697b1312d73877337e34837502b7fec3b2210abf86f27c037ed96f2511be4db2 99c4e24f48511ebd773a3bb695fa74162716fa38c52705fc8db3ee3d74f5d991
SERVER_HANDSHAKE_TRAFFIC_SECRET 697b1312d73877337e34837502b7fec3b2210abf86f27c037ed96f2511be4db2 cd420cec83d266bebe51558e6f766e15a1dc6c4aef87f3fac2c95b6390d03c36
CLIENT_HANDSHAKE_TRAFFIC_SECRET b341ba8525246ecc4c8b1b9bdbae1248210796debaed1b7ec2b255b57dc34d78 6ac57d74d1d63a2306283d5cf91e54f3f69a8bdca327fa0453ce3c9c8448ac4c
SERVER_HANDSHAKE_TRAFFIC_SECRET b341ba8525246ecc4c8b1b9bdbae1248210796debaed1b7ec2b255b57dc34d78 9990d7785fa60b31ca13c0678721e6f2c9a9eab45f30ccbf11dd59329279cde1
CLIENT_TRAFFIC_SECRET_0 36a44986366bdadf0c0e16d3a3e1b9de590ca1196f2c0f0c7bc9b705adb1650f ceb3c3829ba7f30fae6db79f86b3f37b948c0d3f5111b4640315a98ddac4a4c2
SERVER_TRAFFIC_SECRET_0 36a44986366bdadf0c0e16d3a3e1b9de590ca1196f2c0f0c7bc9b705adb1650f db6921bcc19f067d2fa9b28837b51560ceb81bbeb10b9bb90248170a4b549ded
EXPORTER_SECRET 36a44986366bdadf0c0e16d3a3e1b9de590ca1196f2c0f0c7bc9b705adb1650f 320e1b38715d609790688141bb8360d663e6cffe747110c74fa0c90cdd36541d
CLIENT_TRAFFIC_SECRET_0 d55bf0beec7efd84dca5eac49305016cf6f188f4053579b85328c3faafa7a01d 257ca177bca8046ae96aff990dbbb8f25775bfeccdf1817a292150dc182a867d
SERVER_TRAFFIC_SECRET_0 d55bf0beec7efd84dca5eac49305016cf6f188f4053579b85328c3faafa7a01d 284c61e9effcfa7854e7346cf37ace786e02c9ab93c0d153911e692a001392cd
EXPORTER_SECRET d55bf0beec7efd84dca5eac49305016cf6f188f4053579b85328c3faafa7a01d 18074a8702dcda93db9bb29369d1967b47dbb733cf1ed958cacced9ab38963ce
CLIENT_TRAFFIC_SECRET_0 9c6a783fd0cc0c580af95462c0ce666616f084b147f92541f7715681f7897894 46decf7821f410997b02902dbac776e19369e19c158e2fd98087531279282884
SERVER_TRAFFIC_SECRET_0 9c6a783fd0cc0c580af95462c0ce666616f084b147f92541f7715681f7897894 4f31ef58281b12b0d5934e3f185ba288123bd83a919b981060d44137470c8299
EXPORTER_SECRET 9c6a783fd0cc0c580af95462c0ce666616f084b147f92541f7715681f7897894 9e805b5eeffd84c1a3f36c7f49a96b03d54a41349442e70bdeb9e9f62eff18ba
CLIENT_TRAFFIC_SECRET_0 1657518c78bbb4b9f2fd3a61e0f4d8558e0255f670c2877e0e3a6b040f80e476 d29ccedc0ee232f8f04c20f2f79c814d5e2447036e4ca6dfeb50ba8ac8044f73
SERVER_TRAFFIC_SECRET_0 1657518c78bbb4b9f2fd3a61e0f4d8558e0255f670c2877e0e3a6b040f80e476 f505188ce98796610c90ce22d4290f21c4ee77b2345ff1a628d44b46fb0f16aa
EXPORTER_SECRET 1657518c78bbb4b9f2fd3a61e0f4d8558e0255f670c2877e0e3a6b040f80e476 4154566270ec38fbba997c901c5fb56732a618a9548f95328cace56e76f971fd
CLIENT_TRAFFIC_SECRET_0 e9f127c5cfac4ad1379e77d4c615cbd031972cd8a583a0aa9d236d1cb1a39a01 9aed254292bd5c2ac7ce6051fb92b7515c305d173c2291e61aba53c0516b79a7
SERVER_TRAFFIC_SECRET_0 e9f127c5cfac4ad1379e77d4c615cbd031972cd8a583a0aa9d236d1cb1a39a01 b8ada636fde77e359203cedbddbbbf04f10b50c8033dfed1642b7b6101bd535c
EXPORTER_SECRET e9f127c5cfac4ad1379e77d4c615cbd031972cd8a583a0aa9d236d1cb1a39a01 a8c52c7bc3f67bb3eebe2649f574f33e0944d597a6830bb16cb1555cd2461e2f
CLIENT_TRAFFIC_SECRET_0 697b1312d73877337e34837502b7fec3b2210abf86f27c037ed96f2511be4db2 38c235eab8d7f55b602306b08e380180a62e38b11663262294098a170cc15753
SERVER_TRAFFIC_SECRET_0 697b1312d73877337e34837502b7fec3b2210abf86f27c037ed96f2511be4db2 af7ce5a5dd99c9000af6169e187c2da869ace661aa1f4b7b8a26a93020113519
EXPORTER_SECRET 697b1312d73877337e34837502b7fec3b2210abf86f27c037ed96f2511be4db2 6fc793401d06637a4487d8c0037f591c1658b16165de0f1ad80cfeaad9a62773
CLIENT_TRAFFIC_SECRET_0 b341ba8525246ecc4c8b1b9bdbae1248210796debaed1b7ec2b255b57dc34d78 995fc44eaecca0a27b3fabe6f88ee8f9554edcd78dc2cfe47a90baac06d9dae2
SERVER_TRAFFIC_SECRET_0 b341ba8525246ecc4c8b1b9bdbae1248210796debaed1b7ec2b255b57dc34d78 f61d6cc8c12cbf49340a13f4d9a74e80ae10df50ced18c2addaaaf64efa98b06
EXPORTER_SECRET b341ba8525246ecc4c8b1b9bdbae1248210796debaed1b7ec2b255b57dc34d78 8d159ab8de8f3c8972905d328d128af2b911d4234351450d38425d188e6ee5ea
