CLIENT_HANDSHAKE_TRAFFIC_SECRET 0f73bcb89bb4975eab5b1a8e2232e19e28e3c934dec7a4bf69f6466aaf44a7de 6d73ccd69ef8c8089cb86788a4aca79438be6635b6ced0f333b9af9230f642f2
SERVER_HANDSHAKE_TRAFFIC_SECRET 0f73bcb89bb4975eab5b1a8e2232e19e28e3c934dec7a4bf69f6466aaf44a7de d9a4a624d6955e85b4c0a58556431d8dce2a6e54126310e68e01f5c4c6670943
CLIENT_TRAFFIC_SECRET_0 0f73bcb89bb4975eab5b1a8e2232e19e28e3c934dec7a4bf69f6466aaf44a7de dd847507d6fef1bacc9babd78b5faefa0996b9e0235b1b03069287f32b4c5d67
SERVER_TRAFFIC_SECRET_0 0f73bcb89bb4975eab5b1a8e2232e19e28e3c934dec7a4bf69f6466aaf44a7de c3fe1793cd2abf3fb8d6d757846df99c25c796b5c1572f3d6e75517186ec0f6b
EXPORTER_SECRET 0f73bcb89bb4975eab5b1a8e2232e19e28e3c934dec7a4bf69f6466aaf44a7de 2962bcb0fe13a309d4a55e2d417c5ee7d49f9bd20a223271182a4ebf093b9cc7
CLIENT_HANDSHAKE_TRAFFIC_SECRET 4436471facd7f9ef78f96a6c0259bcf2ed55b9a190f9b0efe1572cccd3df5a9d 95c3cc65a590ab20e41b8eb3419d47d011c0cf071e6b8f41dc9af00b298b5d79
SERVER_HANDSHAKE_TRAFFIC_SECRET 4436471facd7f9ef78f96a6c0259bcf2ed55b9a190f9b0efe1572cccd3df5a9d 61a2fd67d495e07ba3e5953a30b0c55cbdc57fdbbdf48f9c2fe22bca6303d656
CLIENT_TRAFFIC_SECRET_0 4436471facd7f9ef78f96a6c0259bcf2ed55b9a190f9b0efe1572cccd3df5a9d 934ee5b27c4558fe72e6926248cbf7e4db38235103a17dd8a169057b66a7b8e0
SERVER_TRAFFIC_SECRET_0 4436471facd7f9ef78f96a6c0259bcf2ed55b9a190f9b0efe1572cccd3df5a9d 67e9aa896a7b7429deed3273176f53e17d6a1126e30022f7786c4af7b68fe982
EXPORTER_SECRET 4436471facd7f9ef78f96a6c0259bcf2ed55b9a190f9b0efe1572cccd3df5a9d 42c98938079f12eb6842c629d640ca56800aa2e7001bb486a60d72fdf0c66731
CLIENT_HANDSHAKE_TRAFFIC_SECRET 997aab6930097edb1ec4684c90e4a4cf4b5aa8a896bc9360d9826280d14b8372 8c1d751a2420d1c37a638519fa0856bc256d4bd5ee353be51f130c6295ca0647
SERVER_HANDSHAKE_TRAFFIC_SECRET 997aab6930097edb1ec4684c90e4a4cf4b5aa8a896bc9360d9826280d14b8372 7f8370d3af0359e2001110b010372610ae7f4f2cde67b88e46429ddec8840d00
CLIENT_TRAFFIC_SECRET_0 997aab6930097edb1ec4684c90e4a4cf4b5aa8a896bc9360d9826280d14b8372 f383569b2b0e50c24174cf2e2ddbfdfd219e47906d2c260fbc9823028ddb68d3
SERVER_TRAFFIC_SECRET_0 997aab6930097edb1ec4684c90e4a4cf4b5aa8a896bc9360d9826280d14b8372 152e5dc1a37037148bc75c454eb569be559df13b8e576c91c844a45099a5dca0
EXPORTER_SECRET 997aab6930097edb1ec4684c90e4a4cf4b5aa8a896bc9360d9826280d14b8372 1568039a3cf0c6d4cf2d4790cf1b37c48782fe0831e4384d57b34e1eba3a1f63
CLIENT_HANDSHAKE_TRAFFIC_SECRET 359ccb990f119ecdea52fb565d055ec722dac2ced2051cdac22aafde28d3d55c 22a22138aa706405edec0f8bc7aecbf5f0c1a8d67d54ab26a698e0abe957681f
SERVER_HANDSHAKE_TRAFFIC_SECRET 359ccb990f119ecdea52fb565d055ec722dac2ced2051cdac22aafde28d3d55c a6cea552c03ca57821aa231b3299fc68c4f9c1f4b2172300dfbb311eb1d57bf5
CLIENT_HANDSHAKE_TRAFFIC_SECRET b26414ed5f64aa8c5030328e34f8e0103e6e09b6df8a1f6d5e5931163af3e6c8 ad0fa4ee9ba6d7bc7501bb113afeed71689bbd690d2773221bb4b0f25a348cde
SERVER_HANDSHAKE_TRAFFIC_SECRET b26414ed5f64aa8c5030328e34f8e0103e6e09b6df8a1f6d5e5931163af3e6c8 485b4e4afea067d0cad31bfd7b50e102d75521c07e6dfbc3ad5bc9aafc3fc52d
CLIENT_TRAFFIC_SECRET_0 359ccb990f119ecdea52fb565d055ec722dac2ced2051cdac22aafde28d3d55c fd4bb51ea9070c5e10c987d4fc7bbb91fb22fac1516e747a5e1c77a33aff3bc4
SERVER_TRAFFIC_SECRET_0 359ccb990f119ecdea52fb565d055ec722dac2ced2051cdac22aafde28d3d55c 7f2b10360d7d7d21325f61dd9cc3f42665cce8bf13d7da7fdfd2cece1e9f07f1
EXPORTER_SECRET 359ccb990f119ecdea52fb565d055ec722dac2ced2051cdac22aafde28d3d55c 899f271fbda52d9c88d9ad9b8c74e7f95323bed75148bde6c375e157ee350624
CLIENT_HANDSHAKE_TRAFFIC_SECRET 699dabaf17a5215164cb513d59fd7310bf8a9535b936e170829ca479463637c7 85701bc0c062bc3ed8e455b09379053288eccd9e05900cac294b22b57534d378
SERVER_HANDSHAKE_TRAFFIC_SECRET 699dabaf17a5215164cb513d59fd7310bf8a9535b936e170829ca479463637c7 3414f153e9d45e94a7b48dc09a58bced6fb09ef55006ccd783957afd421e4e22
CLIENT_HANDSHAKE_TRAFFIC_SECRET 8b9525e540f63bb0224930ea16a5b501b101032dcd7f219e3d4cf746dde8ee8d a41fea792cb071b284e7bc84f5f17de9140c7f0ce10105c7abd8926f46fdcc42
SERVER_HANDSHAKE_TRAFFIC_SECRET 8b9525e540f63bb0224930ea16a5b501b101032dcd7f219e3d4cf746dde8ee8d 3f3b3044c7629379b7f8cd4e067bfb99966e00807cdabb1381c7d69638c6bc87
CLIENT_HANDSHAKE_TRAFFIC_SECRET 4f8cbe2e24fff0c1b64307df3bf6e16085329efff5b2261c4d6c76d1b0c5c547 803080ef3931719160a35f818bb9cad9378b1f40920f027fa9dd244b20385db5
SERVER_HANDSHAKE_TRAFFIC_SECRET 4f8cbe2e24fff0c1b64307df3bf6e16085329efff5b2261c4d6c76d1b0c5c547 7b02e647b4c702488894c66c6085c9ece4f71be7cd057fbdc7cb9036e183ab1a
CLIENT_TRAFFIC_SECRET_0 b26414ed5f64aa8c5030328e34f8e0103e6e09b6df8a1f6d5e5931163af3e6c8 2277f072f21d060a85cbd89e2104a9c3ad91187041f977d208a57b804a91ba44
SERVER_TRAFFIC_SECRET_0 b26414ed5f64aa8c5030328e34f8e0103e6e09b6df8a1f6d5e5931163af3e6c8 650c9f342c44d3c35d7969b01c6739acc3c413fbd9fd0a8b0d3c62d895d05ca4
EXPORTER_SECRET b26414ed5f64aa8c5030328e34f8e0103e6e09b6df8a1f6d5e5931163af3e6c8 cbc1ad2e68d27f0155c5804b4efe521502d36c080bdec31df5c9855f02e02e0a
CLIENT_TRAFFIC_SECRET_0 8b9525e540f63bb0224930ea16a5b501b101032dcd7f219e3d4cf746dde8ee8d c7909d546b089447e95cca3076a47e08fbaaa7f1fdb7086206a01784b89c65c2
SERVER_TRAFFIC_SECRET_0 8b9525e540f63bb0224930ea16a5b501b101032dcd7f219e3d4cf746dde8ee8d ba635513844714c8f0bd6f162cc0f4dd5ef2cb38ceb40890ae3582e7ea2a560b
EXPORTER_SECRET 8b9525e540f63bb0224930ea16a5b501b101032dcd7f219e3d4cf746dde8ee8d 14a303d35de92c6f675a6daf546e64c99bbb3c0a739145901a75d42b647c4258
CLIENT_TRAFFIC_SECRET_0 699dabaf17a5215164cb513d59fd7310bf8a9535b936e170829ca479463637c7 9ce58281cbf5ae1ce770b2050997a39e8dacd1b793a34d2eafb8d002ff663cdf
SERVER_TRAFFIC_SECRET_0 699dabaf17a5215164cb513d59fd7310bf8a9535b936e170829ca479463637c7 2c26734cbdfad9f99fbfbd7cf5adfbdbdf8dbb6679af96926cad82b1852e8940
EXPORTER_SECRET 699dabaf17a5215164cb513d59fd7310bf8a9535b936e170829ca479463637c7 b761785c2c3e4c2ddad7fc061fa795ae678efb3f2868be284571c363b383fcb4
CLIENT_TRAFFIC_SECRET_0 4f8cbe2e24fff0c1b64307df3bf6e16085329efff5b2261c4d6c76d1b0c5c547 b65bdfc4beb630bfc7c7b32407626605af56ebe8cefbe2de2b1709312927c2bf
SERVER_TRAFFIC_SECRET_0 4f8cbe2e24fff0c1b64307df3bf6e16085329efff5b2261c4d6c76d1b0c5c547 29edc56ed3e355fb80de91061395352bd822f07a69b5609f4dad86075afe1945
EXPORTER_SECRET 4f8cbe2e24fff0c1b64307df3bf6e16085329efff5b2261c4d6c76d1b0c5c547 34f6ee148e61fc1472d5085ab09035b702fbfd9e472fce17f86b82df841b4c52
CLIENT_HANDSHAKE_TRAFFIC_SECRET 9d17a98f6ce1abd066c0dae4c1c532f7dcae2c45dbcb23e7cd5b645679c61849 02c9ccef4525b512cb06b8d854259688c534039f58e816ddc7cb3f4b07e88d4e
SERVER_HANDSHAKE_TRAFFIC_SECRET 9d17a98f6ce1abd066c0dae4c1c532f7dcae2c45dbcb23e7cd5b645679c61849 53123e34485522112d242600e767ccc465cc7893629fee38267b03fbca6ca202
CLIENT_TRAFFIC_SECRET_0 9d17a98f6ce1abd066c0dae4c1c532f7dcae2c45dbcb23e7cd5b645679c61849 75047b1af857a67ad6c9d2838fad110c526fff0929d09dd874f85a6f9b619b74
SERVER_TRAFFIC_SECRET_0 9d17a98f6ce1abd066c0dae4c1c532f7dcae2c45dbcb23e7cd5b645679c61849 67d87772ea57e726a17096201a534025c8c76b8d5f05d9ff5d92a8dc5eeed389
EXPORTER_SECRET 9d17a98f6ce1abd066c0dae4c1c532f7dcae2c45dbcb23e7cd5b645679c61849 869937d9efae1b496fe8dfdb0098a1425a50b8f000f3ff2a2eaec930c9396ade
CLIENT_HANDSHAKE_TRAFFIC_SECRET 58f142f6c3a2034ed165dfa49a185a9e3903f0220fc7a6ea518cc9264780f9de 351c3bba7a0bb2d5ba4efb712ff69491f6b0c499fce4de688b40cd5bb6cda198
SERVER_HANDSHAKE_TRAFFIC_SECRET 58f142f6c3a2034ed165dfa49a185a9e3903f0220fc7a6ea518cc9264780f9de 883662da8122bf91daecec82485ab82b4a92e152bcad96a4b5216aab060e0f2a
CLIENT_TRAFFIC_SECRET_0 58f142f6c3a2034ed165dfa49a185a9e3903f0220fc7a6ea518cc9264780f9de 33b025f7dfb970f277ee705c29cb8ffc80d2f3d28587fb3aec51508b7cc2f444
SERVER_TRAFFIC_SECRET_0 58f142f6c3a2034ed165dfa49a185a9e3903f0220fc7a6ea518cc9264780f9de efa20bdfbc314e7461bdbff7ba5083eccf6f428d764210d6ac594f55907b1461
EXPORTER_SECRET 58f142f6c3a2034ed165dfa49a185a9e3903f0220fc7a6ea518cc9264780f9de 7a30b4f41c0767cab0cd6519c5dc6d7b2a0cdca837368a2e572f5fb5d232b73d
