CLIENT_HANDSHAKE_TRAFFIC_SECRET 2b5c7f820698c6ce77094ab962b24a37c548f207f656eaa42d486ea3ce4f3cb4 a1647c9c8792c92ea015f6027032e69e3d4f1d26751b56f40c96102376a99cb6
SERVER_HANDSHAKE_TRAFFIC_SECRET 2b5c7f820698c6ce77094ab962b24a37c548f207f656eaa42d486ea3ce4f3cb4 f049d009e7b817e336abb06c1a10d2328405d675f50a832e889a226278a52865
CLIENT_TRAFFIC_SECRET_0 2b5c7f820698c6ce77094ab962b24a37c548f207f656eaa42d486ea3ce4f3cb4 f10c11215b110be630b28c2a327ad6e023778d12380b32ebf295a32c253a668d
SERVER_TRAFFIC_SECRET_0 2b5c7f820698c6ce77094ab962b24a37c548f207f656eaa42d486ea3ce4f3cb4 1245b14c8154775105db7d0008bc5a94de36a4414b2c1f8331f2b9a969922880
EXPORTER_SECRET 2b5c7f820698c6ce77094ab962b24a37c548f207f656eaa42d486ea3ce4f3cb4 78b728059b0f621821323fc8b6117d429fa611d1c6c6bd59c48abb301e8af7e0
CLIENT_HANDSHAKE_TRAFFIC_SECRET 58dc2ef401d221f6ddb2f22498b9c2eab73676eceb30c612ff7395c3161bfacf a1d25561d6e9e99d3dd29514b0a3faaffcd16ad3f7ca60492fe8398f676f5dfb
SERVER_HANDSHAKE_TRAFFIC_SECRET 58dc2ef401d221f6ddb2f22498b9c2eab73676eceb30c612ff7395c3161bfacf 37fb21a97775b60346268bcb9aedce6ced32576b32c68a9099ef64006f32fd02
CLIENT_HANDSHAKE_TRAFFIC_SECRET 71120c1269efb2e832d387c7cfa2e8ac84fd1e86c9fd3173a68f940455d355af 15d95b6f168b604c01bfec47dd4b599d7c82327342a2148b07f9f7e2ca1301e4
SERVER_HANDSHAKE_TRAFFIC_SECRET 71120c1269efb2e832d387c7cfa2e8ac84fd1e86c9fd3173a68f940455d355af c630634a41a3ddaddaf568f970028c3a85eae0aacd31e186d05db9970a7015e0
CLIENT_HANDSHAKE_TRAFFIC_SECRET bd702bab06e059977126cf098a888c372996cb67d9974dd4a43ef437446ba6dd 7a5a4b5e418b95d209b9396bae6df111749fe54b92bd03b818bb860fb5d8b6b2
SERVER_HANDSHAKE_TRAFFIC_SECRET bd702bab06e059977126cf098a888c372996cb67d9974dd4a43ef437446ba6dd 9383d3a670e07dd04b9e6a26b442a5b86b88032e919b9a675cbdc3899d97c00d
CLIENT_TRAFFIC_SECRET_0 58dc2ef401d221f6ddb2f22498b9c2eab73676eceb30c612ff7395c3161bfacf d3da0e6d4923c9889c9984f844443b6901a0032adf6ccc45082be08af9af27da
SERVER_TRAFFIC_SECRET_0 58dc2ef401d221f6ddb2f22498b9c2eab73676eceb30c612ff7395c3161bfacf 6ba357ff810db8bb9995ab9cd6cfa813c9d9e52384f9e81cabfad3feaa424e0f
EXPORTER_SECRET 58dc2ef401d221f6ddb2f22498b9c2eab73676eceb30c612ff7395c3161bfacf ac89f42faa9a6239367ee8727d72ad510dcc5de01ff7d61ef3c2ee6829328862
CLIENT_HANDSHAKE_TRAFFIC_SECRET 690b22c665b8e1d15ed2508a41250dbd5dbcf13be6a57ce10af066966c1feac6 5911a5d867bb79fffa6759e47f276edb0d032dfb67fa2b9d67cf22048a6615e1
SERVER_HANDSHAKE_TRAFFIC_SECRET 690b22c665b8e1d15ed2508a41250dbd5dbcf13be6a57ce10af066966c1feac6 88fbeb2947f9399a378a00a5c0d868260abba0bd32e5f1d6b66ba28b65f86eac
CLIENT_TRAFFIC_SECRET_0 71120c1269efb2e832d387c7cfa2e8ac84fd1e86c9fd3173a68f940455d355af 16455deb6b9a748c2f1d0e5d31193192e5f6a46c9fdcd322d79397e6733b82fe
SERVER_TRAFFIC_SECRET_0 71120c1269efb2e832d387c7cfa2e8ac84fd1e86c9fd3173a68f940455d355af 6669554272955dff8cbe89725e68b4b59abc673fd1128833fb72cbdae22b60ba
EXPORTER_SECRET 71120c1269efb2e832d387c7cfa2e8ac84fd1e86c9fd3173a68f940455d355af 3bf1f89365d8a9f599d4ceb4095a2987f2ff65eb9e468963d560054db992a5e4
CLIENT_TRAFFIC_SECRET_0 bd702bab06e059977126cf098a888c372996cb67d9974dd4a43ef437446ba6dd 4f4f88e97f28a87ed8f7ec6a9496ba14437c000d13edd2583d5e3416709e9384
SERVER_TRAFFIC_SECRET_0 bd702bab06e059977126cf098a888c372996cb67d9974dd4a43ef437446ba6dd 50ff784aa51e205639ce60fc9bcb45c557e3dcec8fa0e09d5c240c53d52e51ec
EXPORTER_SECRET bd702bab06e059977126cf098a888c372996cb67d9974dd4a43ef437446ba6dd 55c08078ebcc26cefb41df120248fa1fb7202a914bc4d8535f26f2b6cc6e3ba7
CLIENT_TRAFFIC_SECRET_0 690b22c665b8e1d15ed2508a41250dbd5dbcf13be6a57ce10af066966c1feac6 53409579dd8584a176ac89ad3e29612fb9516ba36535545dab45e497e3d93da6
SERVER_TRAFFIC_SECRET_0 690b22c665b8e1d15ed2508a41250dbd5dbcf13be6a57ce10af066966c1feac6 774308fe0c78a1166b2a18acf7f07ad4f404ab17347652be061423b30fcf919d
EXPORTER_SECRET 690b22c665b8e1d15ed2508a41250dbd5dbcf13be6a57ce10af066966c1feac6 bcba9e9d58e44d8e8ada4b0a1de03b78b6cc6ceb45dc5f649a7bc685cf946cc1
