CLIENT_HANDSHAKE_TRAFFIC_SECRET ee02670e935e1d1c0719e7beaf70027618f9fed20b0023db6e11d9e4d2a38443 5b544fd711a6df7af02d538bd785f9703b4cf66f83b3cb284c20e4be021df3cf
SERVER_HANDSHAKE_TRAFFIC_SECRET ee02670e935e1d1c0719e7beaf70027618f9fed20b0023db6e11d9e4d2a38443 66ec640f1258dc9e9b77c0bad059f106930a18a7f471bfc7543bdb881c1e1078
CLIENT_TRAFFIC_SECRET_0 ee02670e935e1d1c0719e7beaf70027618f9fed20b0023db6e11d9e4d2a38443 ef2be4765f45773059ec1c61d6b800c13b60e1ac05cc0b29fc920b65fcfee625
SERVER_TRAFFIC_SECRET_0 ee02670e935e1d1c0719e7beaf70027618f9fed20b0023db6e11d9e4d2a38443 5f9f396072cf913ad17b4b129a4bca202db10af2660257caabef1bf4faeb558a
EXPORTER_SECRET ee02670e935e1d1c0719e7beaf70027618f9fed20b0023db6e11d9e4d2a38443 6a06c9df517de82b688405073dd68dc921256ffd63f70a7296f4ea7ac4c02079
CLIENT_HANDSHAKE_TRAFFIC_SECRET b04b34796dbae9742dccc0ac30b5d20a77f0bb14839e5b6cfe85418123769710 248c6753fe13cfa6bd87b34a44ed2ee259f3047ad08b16bdda6295cdf178ab21
SERVER_HANDSHAKE_TRAFFIC_SECRET b04b34796dbae9742dccc0ac30b5d20a77f0bb14839e5b6cfe85418123769710 936099dad8fb0e40dc5d75de672a77f97c3151aca8aa06f59f662ef62e046439
CLIENT_HANDSHAKE_TRAFFIC_SECRET bb15499fb5c0af286c288958287e9b49693ee0541711e885dd49bbd15b50429b d2357a6555f261eca467fc67b66ea87ad99f2d7ecbf594d24ff40b624d988ad3
SERVER_HANDSHAKE_TRAFFIC_SECRET bb15499fb5c0af286c288958287e9b49693ee0541711e885dd49bbd15b50429b abc8fca19882e0e507df18fc695d120672666ca153100238b494848785875aa3
CLIENT_TRAFFIC_SECRET_0 b04b34796dbae9742dccc0ac30b5d20a77f0bb14839e5b6cfe85418123769710 88558e7b146069b5da40bdf8d035a73c83ed92387ad819a33b1cb8c1e663a2c7
SERVER_TRAFFIC_SECRET_0 b04b34796dbae9742dccc0ac30b5d20a77f0bb14839e5b6cfe85418123769710 36f4f41d9995d2fd842e534447fd7124c3f1cbe16b85a84ccfe85bfb07d656f5
EXPORTER_SECRET b04b34796dbae9742dccc0ac30b5d20a77f0bb14839e5b6cfe85418123769710 866c85de920e736016c135578dbb30e243177550c380cf8594f7db26ec3c5790
CLIENT_TRAFFIC_SECRET_0 bb15499fb5c0af286c288958287e9b49693ee0541711e885dd49bbd15b50429b 38693805fb0a0c6b6a5117b458f8353786a9a535d012df424cf1b8756d7584fc
SERVER_TRAFFIC_SECRET_0 bb15499fb5c0af286c288958287e9b49693ee0541711e885dd49bbd15b50429b bbf22f7920bdb1c92d737a043228f60f2dec637fee0383f9896f68ea2077b711
EXPORTER_SECRET bb15499fb5c0af286c288958287e9b49693ee0541711e885dd49bbd15b50429b 3eb2d32354249447f0d199a2df6a615753a2435fe8fd3b48a168465f67bd637a
CLIENT_HANDSHAKE_TRAFFIC_SECRET 79d1d8f638346455694ca0cd50521cd43b57231ef97d39015397ddebe2039de8 87392e7f1d1a1e0bb3506adc074d15f3901d455b5769e96182340ad4dab18482
SERVER_HANDSHAKE_TRAFFIC_SECRET 79d1d8f638346455694ca0cd50521cd43b57231ef97d39015397ddebe2039de8 43e778f19bb40ce0a779c905f405cd3814959b82fa1e009c61825744ba86b08a
CLIENT_HANDSHAKE_TRAFFIC_SECRET b96484da6e216323b613da38a047257c7d4cb88e621b0e036970227763bc272e 27bfa10aa313aa8002c41f3385cf8a69ac8550a18ec128498f58f59ae2bf2d81
SERVER_HANDSHAKE_TRAFFIC_SECRET b96484da6e216323b613da38a047257c7d4cb88e621b0e036970227763bc272e 089df4db82aebb85bedf442f2dd4360f28dd9fe62e67bce447684be580fd5c80
CLIENT_TRAFFIC_SECRET_0 79d1d8f638346455694ca0cd50521cd43b57231ef97d39015397ddebe2039de8 48cebf6de01c0a57f5fbd13b179d89473b202564f1f7dd662d51de8ee71847d2
SERVER_TRAFFIC_SECRET_0 79d1d8f638346455694ca0cd50521cd43b57231ef97d39015397ddebe2039de8 35bcc94cc9eead21be6ee1f62deee0bee5e27042607933a9b167a7d5dd09d95b
EXPORTER_SECRET 79d1d8f638346455694ca0cd50521cd43b57231ef97d39015397ddebe2039de8 f812ba1ba8450ff3f1a031f5bf0af26219e00c77e007a3205e72c92e811c91e3
CLIENT_TRAFFIC_SECRET_0 b96484da6e216323b613da38a047257c7d4cb88e621b0e036970227763bc272e edc85c0c0267ae0064f1769584c6d7d93f34811853ea14d41dc21d1131cb680d
SERVER_TRAFFIC_SECRET_0 b96484da6e216323b613da38a047257c7d4cb88e621b0e036970227763bc272e 4a981ec5c520ea3461fbf584abfcd861c37aa5e795de6d1fb57f962e5e4b925a
EXPORTER_SECRET b96484da6e216323b613da38a047257c7d4cb88e621b0e036970227763bc272e a3d03d171fcae1aeac7ea4b0a051b7edc928c9591e5a12b1c50746ffb1e6fbe5
CLIENT_HANDSHAKE_TRAFFIC_SECRET 5eb0c1f2f03341ffa77eeac503885efc83df11a13a6470b25448e974a31f56a1 d95e31dc7dc9abc83adc58ca9aec61d066d23d5ff85b7184fe6c01127fea5cf0
SERVER_HANDSHAKE_TRAFFIC_SECRET 5eb0c1f2f03341ffa77eeac503885efc83df11a13a6470b25448e974a31f56a1 bb19a356d85f0bc16835817d403d42a32f5bd44670d15f429563be39aabc7d34
CLIENT_TRAFFIC_SECRET_0 5eb0c1f2f03341ffa77eeac503885efc83df11a13a6470b25448e974a31f56a1 f611a92abaaa473623e4a71d11b9d0ff6db6d26fccb418ce1bb31fbd1642babe
SERVER_TRAFFIC_SECRET_0 5eb0c1f2f03341ffa77eeac503885efc83df11a13a6470b25448e974a31f56a1 2e6c04ab581423217faf2612a77e0b3d42e9a22d71c92a2c2e0c1817fb9bba3d
EXPORTER_SECRET 5eb0c1f2f03341ffa77eeac503885efc83df11a13a6470b25448e974a31f56a1 695ba6b2a760f98796af6ef3254dc65eaec1aa37a6e76f39739eafee7742e871
