CLIENT_HANDSHAKE_TRAFFIC_SECRET 1125ca41a50f73236ab5e49a2307236056d85c24ec692b524b4bf2d184f92f47 2cbebafaec00eb0de4c647af0fc898701d30ae7eacd1baca6349e7311427636a
SERVER_HANDSHAKE_TRAFFIC_SECRET 1125ca41a50f73236ab5e49a2307236056d85c24ec692b524b4bf2d184f92f47 9658bbc73658e47d3445f01d19ebc44448669fa032426dff3c0046526ad7889d
CLIENT_TRAFFIC_SECRET_0 1125ca41a50f73236ab5e49a2307236056d85c24ec692b524b4bf2d184f92f47 062e61d4183fd8bf333874a58548443be54141775eee30e523d250f3caae9d4f
SERVER_TRAFFIC_SECRET_0 1125ca41a50f73236ab5e49a2307236056d85c24ec692b524b4bf2d184f92f47 fd542b215d95eb4b6fdfdc2eec2abefed879be4ab107cc112622dd17e0078f10
EXPORTER_SECRET 1125ca41a50f73236ab5e49a2307236056d85c24ec692b524b4bf2d184f92f47 f013b9cd9ca516473b2d6315abd70cc2a6b4fce50c267f523f06cdd5dc941827
CLIENT_HANDSHAKE_TRAFFIC_SECRET 228b4f38a67d269886108b67d04431e646a9c39d2654ed0a2728ea34d8fda8a0 045de230f0e45d6cbe4184db27daa3681feb7b588a9242976515784f7e843ac3
SERVER_HANDSHAKE_TRAFFIC_SECRET 228b4f38a67d269886108b67d04431e646a9c39d2654ed0a2728ea34d8fda8a0 a7f5f2c63b304e3e488d6d41049f59c6eccc1108d9441318e617086fce49c075
CLIENT_TRAFFIC_SECRET_0 228b4f38a67d269886108b67d04431e646a9c39d2654ed0a2728ea34d8fda8a0 397e89a1183ccba95e67453d3823ba6184599565901aab4e9c4baf49ee7f821a
SERVER_TRAFFIC_SECRET_0 228b4f38a67d269886108b67d04431e646a9c39d2654ed0a2728ea34d8fda8a0 461405a33c852ee83662dcc9be1d6dc62cc79d5ec2c7af8d2c00ad7cb8b44fe5
EXPORTER_SECRET 228b4f38a67d269886108b67d04431e646a9c39d2654ed0a2728ea34d8fda8a0 89bdfdd4e584f7f673d911264ca34cbef220ef69e1bca0966f60504bb84b6e7c
CLIENT_HANDSHAKE_TRAFFIC_SECRET 6ca07595d248df04c63400423fa66cbd0735358c1ff593f4da5a0e43f75b72e6 7195350af66e20d342653ef1b158e2a3b57cd39b8ff2a84f84c1bd0b04ed1226
SERVER_HANDSHAKE_TRAFFIC_SECRET 6ca07595d248df04c63400423fa66cbd0735358c1ff593f4da5a0e43f75b72e6 b86322e73b091372dc7d8d7c7fab1bbe41495818cc249f083cd733d20b3cae5a
CLIENT_HANDSHAKE_TRAFFIC_SECRET b0177a6b56f694354a04afb962e0ddef3ebd5b7c733b9b8ecb4bb1b765e0f284 a40b2ddf00d6d27467b90966c8a4f02b2cc09af01bab2fc37df06ddc7f7d3a14
SERVER_HANDSHAKE_TRAFFIC_SECRET b0177a6b56f694354a04afb962e0ddef3ebd5b7c733b9b8ecb4bb1b765e0f284 086355d6f7621ac7a0652f155b46a5f50f53112d0a70208edadb73bfb6a5d895
CLIENT_TRAFFIC_SECRET_0 6ca07595d248df04c63400423fa66cbd0735358c1ff593f4da5a0e43f75b72e6 1f30a44bd3cc72aefcfdd2b351af6cead189f810f0b8bab519bf277f5f346a9a
SERVER_TRAFFIC_SECRET_0 6ca07595d248df04c63400423fa66cbd0735358c1ff593f4da5a0e43f75b72e6 792133b080313e37de544a0a20a34799268329add37be67ceb8a7ceb09bec489
EXPORTER_SECRET 6ca07595d248df04c63400423fa66cbd0735358c1ff593f4da5a0e43f75b72e6 40162cc7b92859a14fd31fdcddea1140e0a99a73e7ec2b1d472fc3a79ceb9f9c
CLIENT_TRAFFIC_SECRET_0 b0177a6b56f694354a04afb962e0ddef3ebd5b7c733b9b8ecb4bb1b765e0f284 9f095577337a414bc8a29c9909e64dc869fb810b1a45ec9f2ed92f63ed4af944
SERVER_TRAFFIC_SECRET_0 b0177a6b56f694354a04afb962e0ddef3ebd5b7c733b9b8ecb4bb1b765e0f284 933a7d4c2773c00d79ece5f51391e928a5939a98c529a31feb3c5361ccb9880f
EXPORTER_SECRET b0177a6b56f694354a04afb962e0ddef3ebd5b7c733b9b8ecb4bb1b765e0f284 ef9cecd8d2ea4c4e0714884a9c4b2f2343e918700e4cc5299e90873c912e58d6
