CLIENT_HANDSHAKE_TRAFFIC_SECRET 0b0eeadfdcf3371f8d8df52d752403e6d0a1e41441c94e8d026e1da8859acff4 7bf82d9d7f5abfef11b3ddde1bf01a8ebf93b988325226ed7c3945e23e25e71d
SERVER_HANDSHAKE_TRAFFIC_SECRET 0b0eeadfdcf3371f8d8df52d752403e6d0a1e41441c94e8d026e1da8859acff4 abab675e411e46dd6a4279a3de77b081559b017dae114114b06ff225e6ecf9ba
CLIENT_TRAFFIC_SECRET_0 0b0eeadfdcf3371f8d8df52d752403e6d0a1e41441c94e8d026e1da8859acff4 b522860e2800e2881bd6c24dced11b6866dfb1be26337d51ae1cabe6fcd994fd
SERVER_TRAFFIC_SECRET_0 0b0eeadfdcf3371f8d8df52d752403e6d0a1e41441c94e8d026e1da8859acff4 30b0d459f668d6c91bf3a8c155c4d2f6a1c8112ed1580f8fb35246586f50fb5d
EXPORTER_SECRET 0b0eeadfdcf3371f8d8df52d752403e6d0a1e41441c94e8d026e1da8859acff4 4ae2ad4348d8f2407d24ae3f1580b2a662f45f846d4cb53ad17b818281fe0b1a
CLIENT_HANDSHAKE_TRAFFIC_SECRET e79eeacc2a67fae07948c982d5f1734f74f584709377d9be9b2b71f2c6fe7960 409cfc6ed9bb7afec5d8ccd960990c4da6ccba8854db4cc0d69320811c9c9634
SERVER_HANDSHAKE_TRAFFIC_SECRET e79eeacc2a67fae07948c982d5f1734f74f584709377d9be9b2b71f2c6fe7960 f4ae24fa2678704660196d6e8a3e757774b0b2007199119e8cd27d51f082538c
CLIENT_HANDSHAKE_TRAFFIC_SECRET 347caf66e570bea5de5357ea598f8e5e71e6c327aee1f6f9229daca20178f5b8 5f6405237d34791679fb6ba5ad5ec45fa603e777e30eb8842274bd983bed7702
SERVER_HANDSHAKE_TRAFFIC_SECRET 347caf66e570bea5de5357ea598f8e5e71e6c327aee1f6f9229daca20178f5b8 b9ba8e64a4b7ff6895bfb825d8c9222a496bfe483d02525ebcc6a25701ce4912
CLIENT_HANDSHAKE_TRAFFIC_SECRET 7ab943b33634918225609bb0358fbccf66c9d04f86c38621a07e97e9557558de 693fd0e00311de2c810c5d273fe87213e3cfaadb8e9b282c0ba732abd49bc875
SERVER_HANDSHAKE_TRAFFIC_SECRET 7ab943b33634918225609bb0358fbccf66c9d04f86c38621a07e97e9557558de a05ddba7c53a2b3933fd220e8461d6a3c21d727c2cf85385db87aa0f824e9d6f
CLIENT_HANDSHAKE_TRAFFIC_SECRET c886ad01b1295df398507112d9738e53a633e2a92f48d818aa3f8057a2c88a3d ebfe60d45796a549fb1ec6ef249de504e85b851cab5b62ec322a98d813608e02
SERVER_HANDSHAKE_TRAFFIC_SECRET c886ad01b1295df398507112d9738e53a633e2a92f48d818aa3f8057a2c88a3d 13d09765a5e7fba4fa8c205c8e6f30bfc7ff77cca24cd0762000452aca539946
CLIENT_HANDSHAKE_TRAFFIC_SECRET e3e6352d7546f7aaef2274d28591b121db919e1f0c2cd80ad15523fc64fcf994 78db4c158e35af8b15ffa938f3a9a007602ae5eb44899cf51627fddddbe81fba
SERVER_HANDSHAKE_TRAFFIC_SECRET e3e6352d7546f7aaef2274d28591b121db919e1f0c2cd80ad15523fc64fcf994 5469408fcf8e89ddc18aa027cb9771f0b602e44f6fcc23f8258333a94e170e74
CLIENT_TRAFFIC_SECRET_0 e79eeacc2a67fae07948c982d5f1734f74f584709377d9be9b2b71f2c6fe7960 b198accb735bb43e6cbf4d97311c68ea430865a17ab3b6587e061e33c0750b13
SERVER_TRAFFIC_SECRET_0 e79eeacc2a67fae07948c982d5f1734f74f584709377d9be9b2b71f2c6fe7960 d5ae8394f10483a07720d01825795d8a93ba98a9a558aa54eff3ca307bfea772
EXPORTER_SECRET e79eeacc2a67fae07948c982d5f1734f74f584709377d9be9b2b71f2c6fe7960 08537dc3c8ca950bc281a425ac602e9c9c641dc5d14814ea45c6d6867351c8a6
CLIENT_HANDSHAKE_TRAFFIC_SECRET 5268dfa302e430eba13f557a2e3496f12e098076262d2b56e1d0e28cf23d2b82 3ccedce372ddcd0c20f6c345b0328a4e613eaa1751ba84741ae44eaf1908ae70
SERVER_HANDSHAKE_TRAFFIC_SECRET 5268dfa302e430eba13f557a2e3496f12e098076262d2b56e1d0e28cf23d2b82 106d1de7341178dbe408b063db9d44165ade53eb36f907bc2bbaaca8ae481303
CLIENT_TRAFFIC_SECRET_0 347caf66e570bea5de5357ea598f8e5e71e6c327aee1f6f9229daca20178f5b8 91d673f8b0c2ff3103f33828ec02104794ca897ce5dc9a6b45256bc0d469dc1c
SERVER_TRAFFIC_SECRET_0 347caf66e570bea5de5357ea598f8e5e71e6c327aee1f6f9229daca20178f5b8 85d99c2f978857ee10824fc175bd3a7e65faaa8d3652c33ba1ac43d17a3e87eb
EXPORTER_SECRET 347caf66e570bea5de5357ea598f8e5e71e6c327aee1f6f9229daca20178f5b8 e6fc48131c0e3c03de4625ae10a52a796114b8fca4036391740835061eaf43cd
CLIENT_TRAFFIC_SECRET_0 7ab943b33634918225609bb0358fbccf66c9d04f86c38621a07e97e9557558de 926aa8f01312728ac8fe3ea44ceb1afdd6f409dfdedb275ab452d287411f76fc
SERVER_TRAFFIC_SECRET_0 7ab943b33634918225609bb0358fbccf66c9d04f86c38621a07e97e9557558de a04ddef2f726228c72247c6bd30cdcb94080ac8b790ebebb6ccc287dc35d782b
EXPORTER_SECRET 7ab943b33634918225609bb0358fbccf66c9d04f86c38621a07e97e9557558de 2c2e88954ae3ecf7a5b8659dba120b16734da2ba9f2684a0576e35c74d3f5c36
CLIENT_TRAFFIC_SECRET_0 c886ad01b1295df398507112d9738e53a633e2a92f48d818aa3f8057a2c88a3d 79cf3105a25260bf5408a57c1edbac313cd45f48618a3e8835b3b462b95c3d3d
SERVER_TRAFFIC_SECRET_0 c886ad01b1295df398507112d9738e53a633e2a92f48d818aa3f8057a2c88a3d 38886070170d0421c3e403eb296cab0cce5a04f67cf4506fb344a2b4a81f2879
EXPORTER_SECRET c886ad01b1295df398507112d9738e53a633e2a92f48d818aa3f8057a2c88a3d 8a6b40536c7a8673f886db99d0dbf62f87aeea34420a8fa5a18234f81c6ad20d
CLIENT_TRAFFIC_SECRET_0 e3e6352d7546f7aaef2274d28591b121db919e1f0c2cd80ad15523fc64fcf994 159bfe93b7d62a460f2ee7791438b0dee3cf1d41f86836c1085b74faa5e9792b
SERVER_TRAFFIC_SECRET_0 e3e6352d7546f7aaef2274d28591b121db919e1f0c2cd80ad15523fc64fcf994 9160b81f485544ba2735bf7f2101cc93f766272fed8a033c453e393dd7c51b23
EXPORTER_SECRET e3e6352d7546f7aaef2274d28591b121db919e1f0c2cd80ad15523fc64fcf994 e9bc8acb86a83dcb9ce781d779b04a9eae66a75ecedd6fe5b8476ececec131d6
CLIENT_TRAFFIC_SECRET_0 5268dfa302e430eba13f557a2e3496f12e098076262d2b56e1d0e28cf23d2b82 fadce33b24107ffdecd8c9e8cf566198555a45303fb5ead6be111ab373caf769
SERVER_TRAFFIC_SECRET_0 5268dfa302e430eba13f557a2e3496f12e098076262d2b56e1d0e28cf23d2b82 cbc607fdc9dcb5b55ea375189e2a4cc5c51e5431206a5821fbfd65b745c58da0
EXPORTER_SECRET 5268dfa302e430eba13f557a2e3496f12e098076262d2b56e1d0e28cf23d2b82 475bf5e25f87cb33bc5e3e4a0a276bcbe85f444fc14ac65b5390806742bbdf4a
