CLIENT_HANDSHAKE_TRAFFIC_SECRET 29a25fcc1d08ec018850a54af492598c858e0d798bc11db384bcc2ac043870d0 69cdb5dfcbe2e180270fdae92876ae9a76dca05fd0e7d24d82d5a9d2f8c0df28
SERVER_HANDSHAKE_TRAFFIC_SECRET 29a25fcc1d08ec018850a54af492598c858e0d798bc11db384bcc2ac043870d0 2a3038729e8b5c017bc4bedcfa8f2f723a5363d3088e010eff49deee45a83dca
CLIENT_TRAFFIC_SECRET_0 29a25fcc1d08ec018850a54af492598c858e0d798bc11db384bcc2ac043870d0 3a973cde24fceb6a42907a8d28ff6588e5a4ddb74f131568129925ad9c5f4759
SERVER_TRAFFIC_SECRET_0 29a25fcc1d08ec018850a54af492598c858e0d798bc11db384bcc2ac043870d0 274245823a6f7f82f3ca6d891a18a8b1b4250e2d083f333154b0e34a1b0ce5a4
EXPORTER_SECRET 29a25fcc1d08ec018850a54af492598c858e0d798bc11db384bcc2ac043870d0 6acf7aac0a0d8b08b924f29f3786a2654948af66cbc79a972a4cfc94330f6394
CLIENT_HANDSHAKE_TRAFFIC_SECRET 1b1a25ae43cb91e315fa1d4dc80badedb4e54398f70ac21db19174796fa3ec71 df7e5cb3099dce63e6007bcda489c8b660f1cae11e00f0ca5a91be2fd04ae463
SERVER_HANDSHAKE_TRAFFIC_SECRET 1b1a25ae43cb91e315fa1d4dc80badedb4e54398f70ac21db19174796fa3ec71 ce5037e43a8b200797571bd5afe39aabbb44ccf0e1fa662ba1bc4c509d5a1f13
CLIENT_TRAFFIC_SECRET_0 1b1a25ae43cb91e315fa1d4dc80badedb4e54398f70ac21db19174796fa3ec71 2de70f6c2abdf794d6848e34d083218126147701b837fe82f7620cb748b723d2
SERVER_TRAFFIC_SECRET_0 1b1a25ae43cb91e315fa1d4dc80badedb4e54398f70ac21db19174796fa3ec71 4fbdef820e5a21b4f95594e7c16c3069649c559780bf8e274b39db82ef3fa688
EXPORTER_SECRET 1b1a25ae43cb91e315fa1d4dc80badedb4e54398f70ac21db19174796fa3ec71 8e4097d71c1646a8abd48a9d973c0bba27d8cb5758ded49b6484d9e137faa650
CLIENT_HANDSHAKE_TRAFFIC_SECRET a07b02cb7572e76150771bf65586e1b2e7ec8d5f64e52a21fbd89e91cc9138c5 bd8c05ff419b1a1e7e28de41fd9a16cb376ae20b8474d27bb8b641d53b21b6d8
SERVER_HANDSHAKE_TRAFFIC_SECRET a07b02cb7572e76150771bf65586e1b2e7ec8d5f64e52a21fbd89e91cc9138c5 2bb3c79bde8425609b8ce3db5aa870484636be7d79b4cd79c3ca9c7d2911722f
CLIENT_TRAFFIC_SECRET_0 a07b02cb7572e76150771bf65586e1b2e7ec8d5f64e52a21fbd89e91cc9138c5 9f62cb51efa9fcb41aa760e54419df3444ef500420770e0cec685e67fee5bcc0
SERVER_TRAFFIC_SECRET_0 a07b02cb7572e76150771bf65586e1b2e7ec8d5f64e52a21fbd89e91cc9138c5 45255cf102b1a947466c3c228bac4f7e85bde7186e8a937cbc3c02cf6ffd8a1d
EXPORTER_SECRET a07b02cb7572e76150771bf65586e1b2e7ec8d5f64e52a21fbd89e91cc9138c5 c1cd464b3621ff178a414c90583d171e93c17f530e2c6d8220d57433d9696e75
CLIENT_HANDSHAKE_TRAFFIC_SECRET 92ec8c8e10c21f3dba3be18d754d5f6730254e82115b189934f3b5a80f65017f 471153ff9e76c1e8dc4635206ca6e0736f4461f769035c7d151232d8034c3790
SERVER_HANDSHAKE_TRAFFIC_SECRET 92ec8c8e10c21f3dba3be18d754d5f6730254e82115b189934f3b5a80f65017f c918ab00aabae1b2f9f10d4411ff4c834c91445541951b3ee2cc385d6a5f9a0e
CLIENT_HANDSHAKE_TRAFFIC_SECRET ad9694b33e422ae56f5b5fe2bda824a40b79498b96f7c54eb1738691a6deedb6 f241b7e8d219318b9b082a96f7eeb17fc2aa3c64aa3ff2cc3c8b976943720311
SERVER_HANDSHAKE_TRAFFIC_SECRET ad9694b33e422ae56f5b5fe2bda824a40b79498b96f7c54eb1738691a6deedb6 073c7b17400ba7532cfec5f84635e23e6a8797074509e0392d5d1772324be157
CLIENT_HANDSHAKE_TRAFFIC_SECRET 854b6daf78a52a1356607c5f6d50c66e5e4756368bfea212e0b9aa88ecae5832 ddba1622287be38a35d49c094c13b8cd07ca23173f1700c86d38bd8a15a5dd4c
CLIENT_HANDSHAKE_TRAFFIC_SECRET 95cf52be8648665e3a3dd3c7a5b2fd2b4abfab16f108d5c60840e887d034dd3e f3096b4efac1c20a42cfd53f31073778ef202ec521128b542368d37e53620eee
SERVER_HANDSHAKE_TRAFFIC_SECRET 854b6daf78a52a1356607c5f6d50c66e5e4756368bfea212e0b9aa88ecae5832 4f76a898b55db30b718c0ba365258ef1d4facf44517b0b5041c1f0492e253f5c
SERVER_HANDSHAKE_TRAFFIC_SECRET 95cf52be8648665e3a3dd3c7a5b2fd2b4abfab16f108d5c60840e887d034dd3e c6298152d84d2efa7e1b41dda33b5d4a644cc7f92cf8f1597a7e7bdbc0bd18ed
CLIENT_TRAFFIC_SECRET_0 92ec8c8e10c21f3dba3be18d754d5f6730254e82115b189934f3b5a80f65017f ad8c8a46ee96376a68fd78665e37510fe13263938726a9155e9b530ab1e0d7ff
SERVER_TRAFFIC_SECRET_0 92ec8c8e10c21f3dba3be18d754d5f6730254e82115b189934f3b5a80f65017f ee35f5085ea225e79eacc1580a63641424cef112e5a1f56422158270ccdf1187
EXPORTER_SECRET 92ec8c8e10c21f3dba3be18d754d5f6730254e82115b189934f3b5a80f65017f ed88073d620784daf94eff79fe4841221521a7f549f33b06dcf76211023ad0e7
CLIENT_TRAFFIC_SECRET_0 ad9694b33e422ae56f5b5fe2bda824a40b79498b96f7c54eb1738691a6deedb6 dd11161a386cf4a62637f7c25f220f5f0b500d8219edc0287cda803cf5cbfb6c
SERVER_TRAFFIC_SECRET_0 ad9694b33e422ae56f5b5fe2bda824a40b79498b96f7c54eb1738691a6deedb6 a2ff46e25a6c26dade3d579371775694b1acded03e49a4023c2fff75f93e3487
EXPORTER_SECRET ad9694b33e422ae56f5b5fe2bda824a40b79498b96f7c54eb1738691a6deedb6 e45973435db5eafd17d7d405fdef68ea23ddaeedf12a16575f12bf43dd2e6b39
CLIENT_TRAFFIC_SECRET_0 95cf52be8648665e3a3dd3c7a5b2fd2b4abfab16f108d5c60840e887d034dd3e 4f93a240a2b8cfc7f44fc4350af9d4539796b62bf0656e1b74aea10b662f252c
SERVER_TRAFFIC_SECRET_0 95cf52be8648665e3a3dd3c7a5b2fd2b4abfab16f108d5c60840e887d034dd3e 98393416a26de75132c7ff7f946d3ee8a816475727252548bf622b0cd2d4bf13
EXPORTER_SECRET 95cf52be8648665e3a3dd3c7a5b2fd2b4abfab16f108d5c60840e887d034dd3e 8b0d197db57e96d78af846287ce4acb4fdfcc9bd8660aa3d73a92d47ce10d50b
CLIENT_TRAFFIC_SECRET_0 854b6daf78a52a1356607c5f6d50c66e5e4756368bfea212e0b9aa88ecae5832 e449a2889a68927a2f3ce2d76e8f21239ffbdce2522e6c750b7e83a75d05dbb5
SERVER_TRAFFIC_SECRET_0 854b6daf78a52a1356607c5f6d50c66e5e4756368bfea212e0b9aa88ecae5832 57913aa24cea0cd68993aa50b9226edd58704d088281ff3270cce598a9f8c5d6
EXPORTER_SECRET 854b6daf78a52a1356607c5f6d50c66e5e4756368bfea212e0b9aa88ecae5832 57dab1ae7d1785f6c0fb5e5fa2c63839d20c0c1a9289277a16171d55d96115fc
CLIENT_HANDSHAKE_TRAFFIC_SECRET 974ab9f6015a270fb36bffa99c09e73ab6e281f37cebeea76c721aed9726f54b d7f652e3ca1c97c126584df8cd6a0e9431f5be1e22d1cdf4d3f4a89f7300b1be
SERVER_HANDSHAKE_TRAFFIC_SECRET 974ab9f6015a270fb36bffa99c09e73ab6e281f37cebeea76c721aed9726f54b ee8e1ea5497dd3c3449eb6fe9a1dba865a8b7125ce45c3006c9593e519c0568c
CLIENT_HANDSHAKE_TRAFFIC_SECRET 102a5a0e93ccadc8ab829471a1f2903a8062024c67cb2a9ebc5c8ee1ec1d580c ae52cdc0950396ea21b7361bdd9b470a160d415b6f0d93f46cca619df3b6f62b
SERVER_HANDSHAKE_TRAFFIC_SECRET 102a5a0e93ccadc8ab829471a1f2903a8062024c67cb2a9ebc5c8ee1ec1d580c 77470dce68a2d3f603e5308736d1ba46e287c87dd2ff7719c16ddf44886e4d8c
CLIENT_TRAFFIC_SECRET_0 974ab9f6015a270fb36bffa99c09e73ab6e281f37cebeea76c721aed9726f54b c7f1fcc7491213e6bd150e73bb03816cc0cb9a9ce4772e1f82c69561c83500bb
SERVER_TRAFFIC_SECRET_0 974ab9f6015a270fb36bffa99c09e73ab6e281f37cebeea76c721aed9726f54b fe3ed891a2b4f51ab483da70a0eeaa768197a3ff8830ff97ab50287189d125d0
EXPORTER_SECRET 974ab9f6015a270fb36bffa99c09e73ab6e281f37cebeea76c721aed9726f54b 5d737c4f9dee435afc3585e130952134546856b5f7b279f4d6cc88803735e203
CLIENT_HANDSHAKE_TRAFFIC_SECRET 757723d6250a1b41bc53672e33f33965a2151c0b66fe04caac2496fab0370b44 1ba42960e7b78f0ee5dff74496d36c308dad1433e5d9eda84592c93643e68f71
SERVER_HANDSHAKE_TRAFFIC_SECRET 757723d6250a1b41bc53672e33f33965a2151c0b66fe04caac2496fab0370b44 f9bacdd70323d661c6e219ac12daf61b925f16a7861a93501168ab105cc39b8f
CLIENT_TRAFFIC_SECRET_0 102a5a0e93ccadc8ab829471a1f2903a8062024c67cb2a9ebc5c8ee1ec1d580c b7b5c8a9d90a6a3e973568d3ec4b72d483e491981d4a846d9a1d8474fc0b5228
SERVER_TRAFFIC_SECRET_0 102a5a0e93ccadc8ab829471a1f2903a8062024c67cb2a9ebc5c8ee1ec1d580c e6063673dba73b814510cbb826d3ff6d7abe7bccdab88e3d488d87cf44de00e9
EXPORTER_SECRET 102a5a0e93ccadc8ab829471a1f2903a8062024c67cb2a9ebc5c8ee1ec1d580c 9b2d14510966f5361c21150625db01007b129e22e96e66640b989f54917e8e5a
CLIENT_HANDSHAKE_TRAFFIC_SECRET 167d39eb86e40a04e4cf1fc42ac53dbe422666f3275a7eae4e3f9b62cbf17986 1e7189542107df723f8a6ff94596d24ee8a9eddc7e6731c0dd6a1d77c60c691f
SERVER_HANDSHAKE_TRAFFIC_SECRET 167d39eb86e40a04e4cf1fc42ac53dbe422666f3275a7eae4e3f9b62cbf17986 958072d6cf112eb49ef29a5ddf2190084a5bfa06c7f07e26378c1a3ecca08bc0
CLIENT_TRAFFIC_SECRET_0 757723d6250a1b41bc53672e33f33965a2151c0b66fe04caac2496fab0370b44 5574bbc81f9289f548a937da829d2de1b5791f2baef97b589fa4037c71afec42
SERVER_TRAFFIC_SECRET_0 757723d6250a1b41bc53672e33f33965a2151c0b66fe04caac2496fab0370b44 568ebe206fe8d0231f31d0af5d256aef8c0ce2d0ce2ae906cacb7c83f0d45452
EXPORTER_SECRET 757723d6250a1b41bc53672e33f33965a2151c0b66fe04caac2496fab0370b44 44db45c0caefe9d40c6b3f5e45eafa606ee4e02bdda117be8893d03af953a02d
CLIENT_TRAFFIC_SECRET_0 167d39eb86e40a04e4cf1fc42ac53dbe422666f3275a7eae4e3f9b62cbf17986 30a30d101414d585e9f77e6b4714e35b975a2b0c2634a044e8c09f98760a31ca
SERVER_TRAFFIC_SECRET_0 167d39eb86e40a04e4cf1fc42ac53dbe422666f3275a7eae4e3f9b62cbf17986 79d75b04de0de37d7303e88e655ccea4499c66dde3582dd179ec8ab258b1724f
EXPORTER_SECRET 167d39eb86e40a04e4cf1fc42ac53dbe422666f3275a7eae4e3f9b62cbf17986 f7eea78a7f08bd72c2c2949aa74632a19f88ab246f24567fde5ff6aedc24f703
CLIENT_HANDSHAKE_TRAFFIC_SECRET f610e331e08bd8809eafb22863c259f242247c7ebea0eb4b9cac9c4a818e5d9d 66ce9c7163d801ee28482c2ec18e4a293da0089b5dbd9245b6d2d9e214eb1c44
SERVER_HANDSHAKE_TRAFFIC_SECRET f610e331e08bd8809eafb22863c259f242247c7ebea0eb4b9cac9c4a818e5d9d 1515bbf041daae1b2b3159fc96e2e63f0352bd709d4246eefeed99efc1653c61
CLIENT_TRAFFIC_SECRET_0 f610e331e08bd8809eafb22863c259f242247c7ebea0eb4b9cac9c4a818e5d9d 0a2eacb973e77e8fb615cb921f07a0afcdecfa34b43af9e36dea1bef2a0595d1
SERVER_TRAFFIC_SECRET_0 f610e331e08bd8809eafb22863c259f242247c7ebea0eb4b9cac9c4a818e5d9d a776403bb95b2c0df2fc3063ec82fe646a501f779505e4038371067d0299e13b
EXPORTER_SECRET f610e331e08bd8809eafb22863c259f242247c7ebea0eb4b9cac9c4a818e5d9d 7d325003c475a3725b5d3dc3b369e3409aecd627d74c85e111bec98a133e27ce
CLIENT_HANDSHAKE_TRAFFIC_SECRET e8aaf59a62ff40bcf2f22b2c121e85fd51587d0514f005e781ad5e98cd26d69d 999ed76efd28088ef3c145d851a933227655fa330b5174359ac42e563bce2a81
SERVER_HANDSHAKE_TRAFFIC_SECRET e8aaf59a62ff40bcf2f22b2c121e85fd51587d0514f005e781ad5e98cd26d69d 2a165c90b18dfa9a6a41590709cb5671bfe88a84153acd6f0244f46a801286be
CLIENT_TRAFFIC_SECRET_0 e8aaf59a62ff40bcf2f22b2c121e85fd51587d0514f005e781ad5e98cd26d69d 0c0444a8f0dd4eeb77f448ef9130df78a6e84ff387da319115eeb53e5f0f681c
SERVER_TRAFFIC_SECRET_0 e8aaf59a62ff40bcf2f22b2c121e85fd51587d0514f005e781ad5e98cd26d69d 857acf78e3042b9a30fc978ddf165342769019b35d925529d9f6eaac468961af
EXPORTER_SECRET e8aaf59a62ff40bcf2f22b2c121e85fd51587d0514f005e781ad5e98cd26d69d cc1b653f82b3df0fe05dda0ea47216e7c0fe9d898d98088da5ab096f622f7e07
CLIENT_HANDSHAKE_TRAFFIC_SECRET eb9a2be92316922dcb49b568dd3239769ea0d10ecc26e2ed217e8422d9e7b961 bd8b586565b4765ceab80951ba4e56f61dd64ac9eb738c8b7aabd412e3225235
CLIENT_HANDSHAKE_TRAFFIC_SECRET f9b8d626d71e8ce4336fa03d392dc38ec2ee7de98312c027c902f1b42dc52922 667528ddaf3b150501beacdd739cc7707fc1089ce7c4562ade94e851243b8617
SERVER_HANDSHAKE_TRAFFIC_SECRET eb9a2be92316922dcb49b568dd3239769ea0d10ecc26e2ed217e8422d9e7b961 6dd9ec4c1c2ac6ee42d0ea5bbf52743eff78a60a09c4eb753e13925d6a302866
SERVER_HANDSHAKE_TRAFFIC_SECRET f9b8d626d71e8ce4336fa03d392dc38ec2ee7de98312c027c902f1b42dc52922 4a931a58ef6fe792cde7ebe85504ff89b0d5d130e34ae5f85468dda83dece479
CLIENT_TRAFFIC_SECRET_0 eb9a2be92316922dcb49b568dd3239769ea0d10ecc26e2ed217e8422d9e7b961 781a987b8d3f90d9dc5b1166dc2ca25979941255776e1762d83e594706928e1e
SERVER_TRAFFIC_SECRET_0 eb9a2be92316922dcb49b568dd3239769ea0d10ecc26e2ed217e8422d9e7b961 66462e1387426cc18f76c07efe763d0be5225c50426d9a144e1d0edb2aed61da
EXPORTER_SECRET eb9a2be92316922dcb49b568dd3239769ea0d10ecc26e2ed217e8422d9e7b961 d1abbcbbe6bdf3302e3ff3792d35b85fece41a20d1b8ad2f195b6dee0447dd3d
CLIENT_TRAFFIC_SECRET_0 f9b8d626d71e8ce4336fa03d392dc38ec2ee7de98312c027c902f1b42dc52922 e2a4387ab7db489b17a27fef005e4c0ee6080e924470b3d0683aafa56bf6a8d3
SERVER_TRAFFIC_SECRET_0 f9b8d626d71e8ce4336fa03d392dc38ec2ee7de98312c027c902f1b42dc52922 7daf8f083582d3519cc4619099eaa6bb762325d7e6aa608b5bb517e0855272d1
EXPORTER_SECRET f9b8d626d71e8ce4336fa03d392dc38ec2ee7de98312c027c902f1b42dc52922 035ef399f76513d8a5f29866a97ed9e0ca66041bc28f2a96c28897528cf8c625
CLIENT_HANDSHAKE_TRAFFIC_SECRET 81b125a64ce16de69892c5668b0e8e68838e7d2e118c3f6bbe1e192e7120b69d 3912fd2401b7bf1c38a1b620e82f3ae46bbf3ecce1bc17aa2bde9e9fa6d95ffd
SERVER_HANDSHAKE_TRAFFIC_SECRET 81b125a64ce16de69892c5668b0e8e68838e7d2e118c3f6bbe1e192e7120b69d 66e05fa71e110de4e0fe8d9856a5b2a056d93023d1c232523fa0f6d2e3ae0e4d
CLIENT_TRAFFIC_SECRET_0 81b125a64ce16de69892c5668b0e8e68838e7d2e118c3f6bbe1e192e7120b69d f3fafc782a18a2dc83a7590dcf6b34b1f955b38a3d2d389c0880672c2b6f32a6
SERVER_TRAFFIC_SECRET_0 81b125a64ce16de69892c5668b0e8e68838e7d2e118c3f6bbe1e192e7120b69d 36a5345fc052ed47e8cd76da23d8f3e4334dea7cdc2c5aa776d237ced3e5f4da
EXPORTER_SECRET 81b125a64ce16de69892c5668b0e8e68838e7d2e118c3f6bbe1e192e7120b69d ff01e0b8313fe3764bda55ffd0cfed1686b7d0fdfb2a18f59d21a4a22a30aff7
