CLIENT_HANDSHAKE_TRAFFIC_SECRET 9a3e4ae0795b26624244f4eef09d6a950fc29dd8129e1e6d8558f5678cac1498 f3ed87833f7c57c5cb1036e2a73641823aeb85facfd47136743ba35f99965434
SERVER_HANDSHAKE_TRAFFIC_SECRET 9a3e4ae0795b26624244f4eef09d6a950fc29dd8129e1e6d8558f5678cac1498 62840b69c7fcb922042588e6ec9eca5b96aab861e94dfee43b1e75d6f82e0dd0
CLIENT_TRAFFIC_SECRET_0 9a3e4ae0795b26624244f4eef09d6a950fc29dd8129e1e6d8558f5678cac1498 570bd32986b9d391dd249dc18293d213e07e9f7dc0e702d01ae5681041192a1f
SERVER_TRAFFIC_SECRET_0 9a3e4ae0795b26624244f4eef09d6a950fc29dd8129e1e6d8558f5678cac1498 e847faaa22c33985d4882ca5a5831b0d74b3c575f9d3914e20acf2b0bbefcb70
EXPORTER_SECRET 9a3e4ae0795b26624244f4eef09d6a950fc29dd8129e1e6d8558f5678cac1498 dea7bd1187bf71096923bbc9b7903b7036c3dcdc53d5710ee298b6b53b6ae6f1
CLIENT_HANDSHAKE_TRAFFIC_SECRET 0187ee17e96722e7ea7e98e5dea4a23de39b37f2e37b71955bec5024c8889d3d 38257a334936547ca4d61621d76f71670aad5a9549a5cc9fc9cc462ec07e1959
SERVER_HANDSHAKE_TRAFFIC_SECRET 0187ee17e96722e7ea7e98e5dea4a23de39b37f2e37b71955bec5024c8889d3d bf6a3f188ddf958d17fa9d0602e384c04aadd14355ce8920b71979ce1549867b
CLIENT_HANDSHAKE_TRAFFIC_SECRET b67c90d16ae39049656f61f881bdae132d1638fe6bc3d1f68e047bfb99c9bd3e 8b63a430bda6e298ddf4f053e2c27319bb278748a9fe36ff0fea239ab8573ad7
SERVER_HANDSHAKE_TRAFFIC_SECRET b67c90d16ae39049656f61f881bdae132d1638fe6bc3d1f68e047bfb99c9bd3e dd03b9293215ef251ead236d576a9414ce8ad9529caf000a2e42d32d862777c4
CLIENT_HANDSHAKE_TRAFFIC_SECRET fae9b75d3c2900d05fa9458ab00f7ecbd414e8cc562c89536b60e1f886556204 7757f2b85ac8ab02530d80fe18b6ede1f988cd57e7f7157f39c33c03a5971d48
SERVER_HANDSHAKE_TRAFFIC_SECRET fae9b75d3c2900d05fa9458ab00f7ecbd414e8cc562c89536b60e1f886556204 8dbf0eb9752478e579151019af50ce5a53e2fe66219e7d82951a78c55048b69e
CLIENT_HANDSHAKE_TRAFFIC_SECRET ac9a489a3663274cbf03b45a45e08602df171d03a4ba29f9ccc14c440fff1e07 14d5d4e5a9e5c47731307b4b00ac600a51d9d7d0a1a066d7b6fe5b62a7ee76be
SERVER_HANDSHAKE_TRAFFIC_SECRET ac9a489a3663274cbf03b45a45e08602df171d03a4ba29f9ccc14c440fff1e07 53126c7d937ed59f7d189a9769aeb8e326d2d4a227b4c6354bc8f46d0ecbcaae
CLIENT_HANDSHAKE_TRAFFIC_SECRET f84cf5f4bae559a8c4565cb7d0acc2f024005509bc30fc1fbb68e2b561e9c740 63a30dd55930aa4c256527cb49d8fa108b7dfff99dc333dfbcd993861a3371e1
SERVER_HANDSHAKE_TRAFFIC_SECRET f84cf5f4bae559a8c4565cb7d0acc2f024005509bc30fc1fbb68e2b561e9c740 cccfaf8d13a9e07a3732ddea920870ff7f157a8db409f8dcda297bdd47aa875d
CLIENT_HANDSHAKE_TRAFFIC_SECRET 8e20d7c3d05e301ea433f8d84cd4d302ca99ec6f136deb0648de39a86a94929e 84817ebb2ffd6e5b597cca607256a86bbdbd5df20c8d47e649d2a4eb3f498f4e
SERVER_HANDSHAKE_TRAFFIC_SECRET 8e20d7c3d05e301ea433f8d84cd4d302ca99ec6f136deb0648de39a86a94929e 0036a733dd48fc075245ba3bfd2d2bd98dad5de63ff87061cc2a41e47b4796f9
CLIENT_HANDSHAKE_TRAFFIC_SECRET 2d7a96ba097f971640a6a4b55dc66ea78845df32b78de9f2a2a15c09f57fd674 601936e474ee4ab33d273bfa413785b336473c1921f50e803c0928689cf1992c
SERVER_HANDSHAKE_TRAFFIC_SECRET 2d7a96ba097f971640a6a4b55dc66ea78845df32b78de9f2a2a15c09f57fd674 9a4733839536cb71edb18603d4b6f536e0043f86c2401e18f84b079f2f82c9ba
CLIENT_HANDSHAKE_TRAFFIC_SECRET 10817933ae6f23caf46b238b5f6b46dc21c75cd23a5f440347211a1251d78b53 f4f0f331232329fab25fa39a0b6f0130daefd60dc5a7feaaaa922c823c5f9501
SERVER_HANDSHAKE_TRAFFIC_SECRET 10817933ae6f23caf46b238b5f6b46dc21c75cd23a5f440347211a1251d78b53 e2817f270816bb39c90b3e0d5d74e168968585c6a818eec5ca734c501c9f8661
CLIENT_TRAFFIC_SECRET_0 0187ee17e96722e7ea7e98e5dea4a23de39b37f2e37b71955bec5024c8889d3d ef985d502bf1d769ba1b4138c7f75a4faca1c82b3c8c0328aecd3ceab12efcad
SERVER_TRAFFIC_SECRET_0 0187ee17e96722e7ea7e98e5dea4a23de39b37f2e37b71955bec5024c8889d3d c46e6b8183dc33a571e98c7bfa4b80080e9ec5e2857501486b3f9c23101357a5
EXPORTER_SECRET 0187ee17e96722e7ea7e98e5dea4a23de39b37f2e37b71955bec5024c8889d3d f45c69e00b27614c36fd2d6463ac5bda7dfbea67b9e07e988ac4dfae6c58f9a3
CLIENT_HANDSHAKE_TRAFFIC_SECRET be0aebd557eb176297e8cae19b6a4259d90ba4aabe0ca649973ea6ca82e38e17 b58a7cc006ba31fe3c3c3f2b904b7ab39867c2294324f3cfe71b55e71b4646f2
SERVER_HANDSHAKE_TRAFFIC_SECRET be0aebd557eb176297e8cae19b6a4259d90ba4aabe0ca649973ea6ca82e38e17 adc783acffa2d720d92339e251cadcb16329740cd24ca525d6a03895f718d15d
CLIENT_TRAFFIC_SECRET_0 b67c90d16ae39049656f61f881bdae132d1638fe6bc3d1f68e047bfb99c9bd3e 1e52a3304337ff7b6db6c7134c1a9a777b330625d9677b92b07d0ab5ab74c73e
SERVER_TRAFFIC_SECRET_0 b67c90d16ae39049656f61f881bdae132d1638fe6bc3d1f68e047bfb99c9bd3e d1d096dc3c8ddd95af2501e7407cd1b120333f9a72ff3a9341ef4da3eb065f24
EXPORTER_SECRET b67c90d16ae39049656f61f881bdae132d1638fe6bc3d1f68e047bfb99c9bd3e 6542fc73e84e832a15fb306a3f6f4e500be9d5404258cfab794ee385f793e987
CLIENT_HANDSHAKE_TRAFFIC_SECRET 77081fbd4701dca3df9c5d093beaf4837b7ff39297e9b990628be709d7926f24 ed3bfa839edc38d372275ac9b4f64178ed196c6a7f9f0b8926c22522dac96bb1
SERVER_HANDSHAKE_TRAFFIC_SECRET 77081fbd4701dca3df9c5d093beaf4837b7ff39297e9b990628be709d7926f24 49edd99956a56c29d3a5a620bed6b2e18c01b909bb83483049050a7687958e2e
CLIENT_HANDSHAKE_TRAFFIC_SECRET 106d9fa4903334fc54fb4ca5345b614a5c79c8d598ab928a5dd1748b546b7b6f 7cbffd3465ed7e6ceccba988a38aab927e0b8598ec3a3db4d0759f189537687d
CLIENT_TRAFFIC_SECRET_0 fae9b75d3c2900d05fa9458ab00f7ecbd414e8cc562c89536b60e1f886556204 24930177a6e367c2d4c8c556ebaea0f24b8fda40c8e2c1f579395797304e187a
SERVER_HANDSHAKE_TRAFFIC_SECRET 106d9fa4903334fc54fb4ca5345b614a5c79c8d598ab928a5dd1748b546b7b6f 0a87491c07504042ee568e4f4b733a730dc15fb6a3ff503f2dad27b3facf6e35
SERVER_TRAFFIC_SECRET_0 fae9b75d3c2900d05fa9458ab00f7ecbd414e8cc562c89536b60e1f886556204 128fed46cd39cfa2990614b30a419353791ee3d8170d2fddc41bfc71bf72924b
EXPORTER_SECRET fae9b75d3c2900d05fa9458ab00f7ecbd414e8cc562c89536b60e1f886556204 7293aa949370011abcb6d4d76ed3e42a828b2cbe75a4062d89f125b0192537fb
CLIENT_TRAFFIC_SECRET_0 f84cf5f4bae559a8c4565cb7d0acc2f024005509bc30fc1fbb68e2b561e9c740 7896c802e76e3b39a4447327a57c448396c90d45f6f7a0e8a359a912a1d74ceb
SERVER_TRAFFIC_SECRET_0 f84cf5f4bae559a8c4565cb7d0acc2f024005509bc30fc1fbb68e2b561e9c740 6d9d105cca7dd0fe025d01cb22cf5bdee6e5fcf24bb79c02908173b2ef9a781a
EXPORTER_SECRET f84cf5f4bae559a8c4565cb7d0acc2f024005509bc30fc1fbb68e2b561e9c740 9d76b7b3e88712e09b9aca69d80c0d322a340db15841713863444543757ffaef
CLIENT_TRAFFIC_SECRET_0 ac9a489a3663274cbf03b45a45e08602df171d03a4ba29f9ccc14c440fff1e07 f55d053b8460af4252b0bc3f0032b1027d05e8463aa9fb7f5f4fa22f230e0997
SERVER_TRAFFIC_SECRET_0 ac9a489a3663274cbf03b45a45e08602df171d03a4ba29f9ccc14c440fff1e07 3b36495b32926f7987c60cbbc438703a60ea079a1a949c0973f86c06fa0b53c8
EXPORTER_SECRET ac9a489a3663274cbf03b45a45e08602df171d03a4ba29f9ccc14c440fff1e07 22ebad964fc88e04e8ce91aeed7767b1d4aab088247e7966ca5408504b5ac440
CLIENT_TRAFFIC_SECRET_0 8e20d7c3d05e301ea433f8d84cd4d302ca99ec6f136deb0648de39a86a94929e e19bf470cfe0295a2bdbf2062529e92e19dccbbfd245dfd65c40b71c1a645c53
SERVER_TRAFFIC_SECRET_0 8e20d7c3d05e301ea433f8d84cd4d302ca99ec6f136deb0648de39a86a94929e 4705099215116348ccea6c0de2b47cbf9cf1aa5c80326445563cad7a60cd2720
EXPORTER_SECRET 8e20d7c3d05e301ea433f8d84cd4d302ca99ec6f136deb0648de39a86a94929e f288b1076cfa118ec7c80718340877912a486421079a5ae12a84318da0ea08d8
CLIENT_TRAFFIC_SECRET_0 2d7a96ba097f971640a6a4b55dc66ea78845df32b78de9f2a2a15c09f57fd674 8b27c24a6721a30b24dace0a2530825120857b42f961d48c17227dfba7edeb11
SERVER_TRAFFIC_SECRET_0 2d7a96ba097f971640a6a4b55dc66ea78845df32b78de9f2a2a15c09f57fd674 170587e982877b814168c34422110a3ca1db5121bd5491dd53d203b077948e7f
EXPORTER_SECRET 2d7a96ba097f971640a6a4b55dc66ea78845df32b78de9f2a2a15c09f57fd674 ecdf716e3fd36427423a4a21df9a908754f47b1f8a3b026e67444c0171017b7d
CLIENT_HANDSHAKE_TRAFFIC_SECRET 7991c9fa695674e2505e3e61f7f1ff8b3e2871b481a3518cbf4545edb9bcdcf3 ab15f04d71f36dfff55e1dac9dcf3c3f5f63225ed5b8a742658f6b22882bbc9e
SERVER_HANDSHAKE_TRAFFIC_SECRET 7991c9fa695674e2505e3e61f7f1ff8b3e2871b481a3518cbf4545edb9bcdcf3 4d7f46c584b54fd7f888f9ef9881b9d24980aa12a4e6e7330a42e8a209741025
CLIENT_TRAFFIC_SECRET_0 10817933ae6f23caf46b238b5f6b46dc21c75cd23a5f440347211a1251d78b53 8d087b6c65a02e9e166b76291c63b7cffb533984b639599d9f19df7425c5ea59
SERVER_TRAFFIC_SECRET_0 10817933ae6f23caf46b238b5f6b46dc21c75cd23a5f440347211a1251d78b53 f28d486e5d8589a3aa040c489470cd0e02e70116d8456e0f95956fa269a13081
EXPORTER_SECRET 10817933ae6f23caf46b238b5f6b46dc21c75cd23a5f440347211a1251d78b53 33f22ffee7d6db7ed60e69d8582eb839db17c31a12332c753f6531158943cdd8
CLIENT_TRAFFIC_SECRET_0 77081fbd4701dca3df9c5d093beaf4837b7ff39297e9b990628be709d7926f24 a12a7b9b3659561d6b5066705e6fc9820574ae22dc36edf58c49b33b3cb2627a
CLIENT_TRAFFIC_SECRET_0 be0aebd557eb176297e8cae19b6a4259d90ba4aabe0ca649973ea6ca82e38e17 fab61be5512595b207325d69e745e915a506216869a724a18901c082eb9d52f1
SERVER_TRAFFIC_SECRET_0 77081fbd4701dca3df9c5d093beaf4837b7ff39297e9b990628be709d7926f24 e3c49519f42834f792918f5c7ad032c5a7012e5c2d9c7d73a1e60cbcf317fe03
SERVER_TRAFFIC_SECRET_0 be0aebd557eb176297e8cae19b6a4259d90ba4aabe0ca649973ea6ca82e38e17 e856fcc1d336c5c27a6881cac77796d9ab2733ca1099f963e61d00697f552209
EXPORTER_SECRET 77081fbd4701dca3df9c5d093beaf4837b7ff39297e9b990628be709d7926f24 f3211fd72e5e415ac39bfed4d8d940a24bb781571731d74bddc6c3796e1fc3db
EXPORTER_SECRET be0aebd557eb176297e8cae19b6a4259d90ba4aabe0ca649973ea6ca82e38e17 5105d99c56d232b3e4c21abe2b0ce027bc85b5b53e217c5f073c6be06aafd338
CLIENT_TRAFFIC_SECRET_0 106d9fa4903334fc54fb4ca5345b614a5c79c8d598ab928a5dd1748b546b7b6f fe83122e12000e838e573352df16db98ff5c25e67379d2861adbd4084bb013e0
SERVER_TRAFFIC_SECRET_0 106d9fa4903334fc54fb4ca5345b614a5c79c8d598ab928a5dd1748b546b7b6f f2e2bac86fe9ec1937ff0ca21e647f38f86b2a8e7e898bdf7c12daff98d9a9d9
EXPORTER_SECRET 106d9fa4903334fc54fb4ca5345b614a5c79c8d598ab928a5dd1748b546b7b6f 6016b6873dc309360292c348b6d43e9e469f2ea4cfffe52cb6766e662126cc47
CLIENT_TRAFFIC_SECRET_0 7991c9fa695674e2505e3e61f7f1ff8b3e2871b481a3518cbf4545edb9bcdcf3 fded13bead357959a64120d94cda2dbcbc4f85760f00af06e93a49fb78cdfcee
SERVER_TRAFFIC_SECRET_0 7991c9fa695674e2505e3e61f7f1ff8b3e2871b481a3518cbf4545edb9bcdcf3 ae6dca96213f1b3b388b266f1ac7a7405a191afd3e5ca3a6bcefd9c0d5645bd1
EXPORTER_SECRET 7991c9fa695674e2505e3e61f7f1ff8b3e2871b481a3518cbf4545edb9bcdcf3 271ae9f381d9b361e881ff0b98596436f609db8e666e266a5e562ff7dcdb187a
CLIENT_HANDSHAKE_TRAFFIC_SECRET b00fe7b6555715647f2d72f3c12fb0b4b5da6f1280325a16f94eb272e9baff8b ddaaf330a655797ab5a6acd8bd25187c1a00928cca98f123e0880ecba3e36dd0
SERVER_HANDSHAKE_TRAFFIC_SECRET b00fe7b6555715647f2d72f3c12fb0b4b5da6f1280325a16f94eb272e9baff8b 798605aaed8fcd0c679a70d83bc75babf86502f38115d1c8e62157beb57ef879
CLIENT_TRAFFIC_SECRET_0 b00fe7b6555715647f2d72f3c12fb0b4b5da6f1280325a16f94eb272e9baff8b f3f17982988a5e2c790b73cfd76b401d78a1f3a71d7b387831ef489507400447
SERVER_TRAFFIC_SECRET_0 b00fe7b6555715647f2d72f3c12fb0b4b5da6f1280325a16f94eb272e9baff8b 78b9d71d657f51b5bc1a7701741f63d2c9f35ad0b4fbaa4fba20642cfa057f4f
EXPORTER_SECRET b00fe7b6555715647f2d72f3c12fb0b4b5da6f1280325a16f94eb272e9baff8b 471b29b6ffff75adf795e7fa3db0a194023be3317b413360e7a61698b4da3e79
