CLIENT_HANDSHAKE_TRAFFIC_SECRET b90822f3dec154721113e4457d239ec1e0edbae6c4a75381323642e996246918 74e33cf347776238a7993bbb077cb5a34cf6b109ef541f188e3172c2e7bcd341
SERVER_HANDSHAKE_TRAFFIC_SECRET b90822f3dec154721113e4457d239ec1e0edbae6c4a75381323642e996246918 42a333caed5682495e2d108847395bb5dd11e725d950120ae576eeaa1c2371bd
CLIENT_TRAFFIC_SECRET_0 b90822f3dec154721113e4457d239ec1e0edbae6c4a75381323642e996246918 019645209a683fd80fe0b93a8ecfa403d6c359346b295d2ba60d580a79f99ff7
SERVER_TRAFFIC_SECRET_0 b90822f3dec154721113e4457d239ec1e0edbae6c4a75381323642e996246918 c2f150aa0b2a570f7ba94e9a5f60a7af160dd899ac36db62c4826b36ad024910
EXPORTER_SECRET b90822f3dec154721113e4457d239ec1e0edbae6c4a75381323642e996246918 ae249eaf226dfdb2daa5fb22c46b970c6ffe6cf32792e7e9a4acc0ff143c9943
CLIENT_HANDSHAKE_TRAFFIC_SECRET a9d7cca6000ad9b1da23ac6fc4a9a516191f90d6ae54a21ff78095b495afa527 8aaacc49da5dc32a68efe36e6229e5affcea43cb2fc8e674852386ffff9e503e
SERVER_HANDSHAKE_TRAFFIC_SECRET a9d7cca6000ad9b1da23ac6fc4a9a516191f90d6ae54a21ff78095b495afa527 f4eb2371e794f2e849721b668316dd6ffce548809ecf1d2b528d07ac4c3f9beb
CLIENT_HANDSHAKE_TRAFFIC_SECRET ca2f6abca1e25f13d6e148ac866ed269e66b0a898ab906a9ffa3ce95fddfdf54 c2f27cc09200b51a371790cfd88e72e9e3e1fcb6011c62be87a3c6fabc645e2a
SERVER_HANDSHAKE_TRAFFIC_SECRET ca2f6abca1e25f13d6e148ac866ed269e66b0a898ab906a9ffa3ce95fddfdf54 2d926f56b20b579fdfac706bf3071d20c8982feae6862433e8f0a2ee6e0f7d03
CLIENT_TRAFFIC_SECRET_0 a9d7cca6000ad9b1da23ac6fc4a9a516191f90d6ae54a21ff78095b495afa527 ab041cbc063d613b297a930304586dffd804a31858d6a1dd95b4530a568182ea
SERVER_TRAFFIC_SECRET_0 a9d7cca6000ad9b1da23ac6fc4a9a516191f90d6ae54a21ff78095b495afa527 a2e4eb2ada8a43931f6af2b1f38ed8e5259ed1049d1c88985bfc63f624bc4e07
EXPORTER_SECRET a9d7cca6000ad9b1da23ac6fc4a9a516191f90d6ae54a21ff78095b495afa527 0fd9e4c3da2ccd128129aa088d0203f6f0d9ac2a40bd54e5954ad3d49ea531db
CLIENT_HANDSHAKE_TRAFFIC_SECRET 83f3e0a7cf4686d0f989b5e5f4e4667178034c5485f8d728ddd39b6780b78207 0a4294602dba310e7539f199ae2141f98d415f49e1fa4f268088e8c12b1050c3
SERVER_HANDSHAKE_TRAFFIC_SECRET 83f3e0a7cf4686d0f989b5e5f4e4667178034c5485f8d728ddd39b6780b78207 88402f5c6f7219a42a4ab53af769770e16288b0d7211e1ae732057c0ac7bed0e
CLIENT_TRAFFIC_SECRET_0 ca2f6abca1e25f13d6e148ac866ed269e66b0a898ab906a9ffa3ce95fddfdf54 54803a523312fa0a314b831d3ffcb8fa426bc0741e20ed7ed58d63a4671eafe2
SERVER_TRAFFIC_SECRET_0 ca2f6abca1e25f13d6e148ac866ed269e66b0a898ab906a9ffa3ce95fddfdf54 6bca82dcbf7ca9c8d701f0929981617d93a548aaa3c24c68894d6d0f0440e77f
EXPORTER_SECRET ca2f6abca1e25f13d6e148ac866ed269e66b0a898ab906a9ffa3ce95fddfdf54 047781a844635702f960431c85cac5f925c4ae8d2c0d1e03f0e6635063fd8b45
CLIENT_TRAFFIC_SECRET_0 83f3e0a7cf4686d0f989b5e5f4e4667178034c5485f8d728ddd39b6780b78207 5bb434b65ed1521cc8d73563d8c9656cf96729b73cc871bd730399c9b5b74489
SERVER_TRAFFIC_SECRET_0 83f3e0a7cf4686d0f989b5e5f4e4667178034c5485f8d728ddd39b6780b78207 921ddcb2d20dc0ae51f2c2b596ee1fccf1d1f151bcd9ace9b93882caeb050ce7
EXPORTER_SECRET 83f3e0a7cf4686d0f989b5e5f4e4667178034c5485f8d728ddd39b6780b78207 17c2243eef81a6ad16c9502bab9c5924461f977c22cb150a4baea99fb5c80c16
CLIENT_HANDSHAKE_TRAFFIC_SECRET aad79d09a3f5de401edcbfdaccbe1b51693912e780f30c74b2252ce090b48caf 3513b1210759c70e44493fd227053d1cf18d754f6eccc22c7b540ab6fb5246c3
SERVER_HANDSHAKE_TRAFFIC_SECRET aad79d09a3f5de401edcbfdaccbe1b51693912e780f30c74b2252ce090b48caf 5fdde940fbb6908bd77146f567b485057967128bb28fb78bc264a74b52321169
CLIENT_TRAFFIC_SECRET_0 aad79d09a3f5de401edcbfdaccbe1b51693912e780f30c74b2252ce090b48caf facdc0c089ffc46fa52287249661807332b41d9e1ca0be54ba324644b4a7ef9e
SERVER_TRAFFIC_SECRET_0 aad79d09a3f5de401edcbfdaccbe1b51693912e780f30c74b2252ce090b48caf 003158f00c97677717d014de5bfb84b168120e923eba19a9a2e793f08563682b
EXPORTER_SECRET aad79d09a3f5de401edcbfdaccbe1b51693912e780f30c74b2252ce090b48caf bf10b849a71a12d93a01f22c42f80d580159e54d8fc0c77ad3fd8d0f70fce43d
CLIENT_HANDSHAKE_TRAFFIC_SECRET 409b85a15995542cc4cbd1a12d5c72f17de0308c88ed8e9d515e0db4353e251b 79fd68fa664042fb84c18dbbd43aff9b9ebaa23bd3b0a8da1ae00e5e622f541f
SERVER_HANDSHAKE_TRAFFIC_SECRET 409b85a15995542cc4cbd1a12d5c72f17de0308c88ed8e9d515e0db4353e251b 06a7e8375286b8d8f362ed25112c4f148b3c1f3368a3d9129337a94cffa299b4
CLIENT_HANDSHAKE_TRAFFIC_SECRET 6cb9deb4e50391ed032583c2837248c5e6519c7e67588d412f859ef93d88b464 7291e1b8e1a17ff06ec468a0cedad141541336f36d1e43daf9c1e0f921c590d2
SERVER_HANDSHAKE_TRAFFIC_SECRET 6cb9deb4e50391ed032583c2837248c5e6519c7e67588d412f859ef93d88b464 3b225622b1ebcaba228b59ca5d1300cfa848deac3f4adacc8db0a8a86cadea31
CLIENT_HANDSHAKE_TRAFFIC_SECRET 345bd4598ee2672ba21063750045c48ae2884ed66163abea60ed5c2b13fb9c83 a70c41506fa7a6ebc51cdc26a4577bc184f1abf3fc1f4c54ddee09b444f87d46
SERVER_HANDSHAKE_TRAFFIC_SECRET 345bd4598ee2672ba21063750045c48ae2884ed66163abea60ed5c2b13fb9c83 763192236b10fa819625352927683b8b30378c375fcd4b3dfcf3917dd3fe5753
CLIENT_TRAFFIC_SECRET_0 409b85a15995542cc4cbd1a12d5c72f17de0308c88ed8e9d515e0db4353e251b 233a7b064cdfab3b3dd8cd0314cf30407dc200e56aee2eefb833b9115e87bfc4
SERVER_TRAFFIC_SECRET_0 409b85a15995542cc4cbd1a12d5c72f17de0308c88ed8e9d515e0db4353e251b b02ddf74c42abe8353c455c5c3edf680fb8290ff9b223ba468816d39d3b40256
EXPORTER_SECRET 409b85a15995542cc4cbd1a12d5c72f17de0308c88ed8e9d515e0db4353e251b de93d26638a55aeb7eab1550a31178aa4b08a1d46a161d7ea1a655d8ddae077b
CLIENT_TRAFFIC_SECRET_0 345bd4598ee2672ba21063750045c48ae2884ed66163abea60ed5c2b13fb9c83 fae2b4b3bad28093ef33d8fe3898a19fa68acc6a9353ad43c8e54649f9ded976
SERVER_TRAFFIC_SECRET_0 345bd4598ee2672ba21063750045c48ae2884ed66163abea60ed5c2b13fb9c83 ed3f43d6769f57a12042f7dee7ce87ccfe045ead8299e4f346cf2174b828429f
CLIENT_TRAFFIC_SECRET_0 6cb9deb4e50391ed032583c2837248c5e6519c7e67588d412f859ef93d88b464 31d78f8e09a33392f7f5a8708959b37745c1e898b24f2b44912d3963d9627696
EXPORTER_SECRET 345bd4598ee2672ba21063750045c48ae2884ed66163abea60ed5c2b13fb9c83 77904368d80388604397b7e331c1ca66fb7ea13c6680c99afa7f082af5582f6e
SERVER_TRAFFIC_SECRET_0 6cb9deb4e50391ed032583c2837248c5e6519c7e67588d412f859ef93d88b464 5680c5d222be09744721637426de215b41804f4aa49c6b43a7759c390b3cb75f
EXPORTER_SECRET 6cb9deb4e50391ed032583c2837248c5e6519c7e67588d412f859ef93d88b464 080165b9f9d44dd4d3e93dbeeb6d466e03801e0c26a013ce23a897bd941339e5
CLIENT_HANDSHAKE_TRAFFIC_SECRET 09c14962e0cca8d1e5b115acb064dca5df27bd8453d9149f6c92e3ddb80b897c 0c9e5ce0b2ecd691faef69fd4a44e85227847cc05a40a2930c0a3fa037d36211
SERVER_HANDSHAKE_TRAFFIC_SECRET 09c14962e0cca8d1e5b115acb064dca5df27bd8453d9149f6c92e3ddb80b897c 0bc3d46f96dd64641909f06eee3eaabfb4b2f938edc0c5cdf2da9d1e954b15d5
CLIENT_TRAFFIC_SECRET_0 09c14962e0cca8d1e5b115acb064dca5df27bd8453d9149f6c92e3ddb80b897c d5e4e47b864191795f23552fcaf242ded2f51e0b61d706cfef961d7710559b15
SERVER_TRAFFIC_SECRET_0 09c14962e0cca8d1e5b115acb064dca5df27bd8453d9149f6c92e3ddb80b897c a3b7ffc7ae6fd02ceca008ec71e1804cd2da91f1af1896c1e671dec729cb4d3b
EXPORTER_SECRET 09c14962e0cca8d1e5b115acb064dca5df27bd8453d9149f6c92e3ddb80b897c b4c96092901046b4399fb83bcda3baf695e8cd26a408a3d25fece6c92284ce13
CLIENT_HANDSHAKE_TRAFFIC_SECRET 8e9afffd76c8d54e6d7bcf61074079139f9cee26720d602e3b8f7a2883f73fc3 e5b9097c4fe81dcc3478bead16e03ffada831c0b4f8ee2d32783459169e8ab56
SERVER_HANDSHAKE_TRAFFIC_SECRET 8e9afffd76c8d54e6d7bcf61074079139f9cee26720d602e3b8f7a2883f73fc3 0eff45e7c5e86079ba5bc3e860b72319d7f88092967d47a96cf06b1dc8f0faac
CLIENT_TRAFFIC_SECRET_0 8e9afffd76c8d54e6d7bcf61074079139f9cee26720d602e3b8f7a2883f73fc3 925a78695ba704a2d09fbb140bf5a872b938812c4167ecae1b31dadc715add66
SERVER_TRAFFIC_SECRET_0 8e9afffd76c8d54e6d7bcf61074079139f9cee26720d602e3b8f7a2883f73fc3 4de8bf0fd26ba8f00ddd5885a0ac919698e8c619cbda8bba2d0227508371d222
EXPORTER_SECRET 8e9afffd76c8d54e6d7bcf61074079139f9cee26720d602e3b8f7a2883f73fc3 c4fe8571bbe655e4d0ae1e66ac002d3711a1f3abe20edbb1887b75141d2c5e4a
