CLIENT_HANDSHAKE_TRAFFIC_SECRET ed3fbe4a5620ae59a4a86451f2abe0ed27b5054ce0815a839cf03684b2709b4b 14d8583c72bab87bb16a34b5df1c7db84bb43f06658c1c2946f051cfa439205f
SERVER_HANDSHAKE_TRAFFIC_SECRET ed3fbe4a5620ae59a4a86451f2abe0ed27b5054ce0815a839cf03684b2709b4b 465e7bba4be938dd29bc6c3d209e6d973bb2b1a97693f7ad065d6399d8e10e67
CLIENT_TRAFFIC_SECRET_0 ed3fbe4a5620ae59a4a86451f2abe0ed27b5054ce0815a839cf03684b2709b4b ca1ab732c1ce7f7132f5b2dfc6d873b62ceab6a1ec32f0b09aa15e532aa02a87
SERVER_TRAFFIC_SECRET_0 ed3fbe4a5620ae59a4a86451f2abe0ed27b5054ce0815a839cf03684b2709b4b dc83ba4f475bb815d1f2b292a26152f6b99e2c158cf31f8a11c054e89d7c0a5c
EXPORTER_SECRET ed3fbe4a5620ae59a4a86451f2abe0ed27b5054ce0815a839cf03684b2709b4b c31ed408e6d57597c1b21149fb0134a186fe4164850bbabd1a0404ecabe16e98
CLIENT_HANDSHAKE_TRAFFIC_SECRET b05b05e637139e70a7e8b90ebce3b377b91ccc70f306781c38b1cbd395215c29 5617fe408b7015c51ec07cbca513e3191c846aa6c0b9c07a8d27fb56d45c34fc
SERVER_HANDSHAKE_TRAFFIC_SECRET b05b05e637139e70a7e8b90ebce3b377b91ccc70f306781c38b1cbd395215c29 3c64cf4f62e8c92cd5b848890aa3b19d74df4b83c486ed06765b4de4ce944f80
CLIENT_HANDSHAKE_TRAFFIC_SECRET 108158a1d8abf805261cccb77cd14016234f6c5358d80de55d1c14d494f1af18 b849773cb47865ed22db1a09e7b96a577ed6ccd996849f9ba7b6db3d1ddc4716
SERVER_HANDSHAKE_TRAFFIC_SECRET 108158a1d8abf805261cccb77cd14016234f6c5358d80de55d1c14d494f1af18 421dc872a513d59f2fca67919707a73b20d731446ee72c2859b657f0a289f182
CLIENT_HANDSHAKE_TRAFFIC_SECRET 484ddb3bd03609d85032cef94145d175b18e26c2ad7a7f06c7b0e7296876ec1f 833d387533bcc0ef1c950bd5fa6d77680236a1b8fd825fb411dd4e8692ef66c7
SERVER_HANDSHAKE_TRAFFIC_SECRET 484ddb3bd03609d85032cef94145d175b18e26c2ad7a7f06c7b0e7296876ec1f aeeeee7d605a88ab1475e1f5adaa90ca87ed071e49e580366fdd1042d0b85b62
CLIENT_HANDSHAKE_TRAFFIC_SECRET 5b0f5dadc9d2881a4f793702a078e5812ee6f112c817229ded92db933839ff7d bdf27caf26259b1f41c9d230b10bdef262f4f6c35c87d5ecc38b915cd07ddae8
SERVER_HANDSHAKE_TRAFFIC_SECRET 5b0f5dadc9d2881a4f793702a078e5812ee6f112c817229ded92db933839ff7d e3150057737eb3c83a01cda0d461c783c40e988c3b482bf64d2ebfec93835793
CLIENT_HANDSHAKE_TRAFFIC_SECRET d8b8d849901e7889df8c34a3846449a568256d7a4771963cb1e27f229cccbec7 6da0b14194ec3eb4013875ad190beeb30517b4de42c8516efded675cad776911
SERVER_HANDSHAKE_TRAFFIC_SECRET d8b8d849901e7889df8c34a3846449a568256d7a4771963cb1e27f229cccbec7 303e67a6b74bd1d3c8810598700a42c742311d6507c3c84fd33eb5e3d4f9c728
CLIENT_HANDSHAKE_TRAFFIC_SECRET c086e3d9df8b020fa02f6f77d921fcba4fc7fba7243523e5cd3006f12f2ac447 bb29a9a7e750ffdec05a15ffad6b20107256de651606f66a5aac69557eb5c72b
SERVER_HANDSHAKE_TRAFFIC_SECRET c086e3d9df8b020fa02f6f77d921fcba4fc7fba7243523e5cd3006f12f2ac447 9ae20390dab32f0c2366cd32e6ae6d347c058b104fba0091f21706580a66936f
CLIENT_HANDSHAKE_TRAFFIC_SECRET 587980c71da1b150d62bb6a5c368b4f758550d7eaf2f4335efc0409b508ae9db 87aea5126493673bb8866db3c689fcb5b3d36678f23a28e5ec11ed5364a8153c
SERVER_HANDSHAKE_TRAFFIC_SECRET 587980c71da1b150d62bb6a5c368b4f758550d7eaf2f4335efc0409b508ae9db c3cc507f776b8047cccac87a54f67918d6c31a02f0088754288f928a3c1559ad
CLIENT_HANDSHAKE_TRAFFIC_SECRET 0c7b851c1a6d5ef92a36914883db0b074d9f3888976ac728d74ac9d44ce90c05 2efefb7b0f719a310c2700598d76bc81fbc7ecea14432a2c2be64eb6303ace92
CLIENT_HANDSHAKE_TRAFFIC_SECRET 30a88b6f3a92a4e2b7cfd0b4e8d2be7690aed2b957624c0f43fe063194b8963d d2920ff022af204d1498db808ae2038e8c1dd14a218a9b236c51f60da71b11ba
SERVER_HANDSHAKE_TRAFFIC_SECRET 0c7b851c1a6d5ef92a36914883db0b074d9f3888976ac728d74ac9d44ce90c05 d6c8326371e44ff0535d5da17170b70e1da8e9f2a05e1bd99c4d71441512074c
SERVER_HANDSHAKE_TRAFFIC_SECRET 30a88b6f3a92a4e2b7cfd0b4e8d2be7690aed2b957624c0f43fe063194b8963d 1d49bcff9d027815d7a14ceed22f66476a0ba45b27114e349e4e831547d2678a
CLIENT_HANDSHAKE_TRAFFIC_SECRET f04a4b09cb47ba74a238a476c4fc5a00d442c5f45bf378aa49d9e58999bfe639 4fe721fe715db58c52364f69781cd1d4ff0dea332c9fdb19869e6da6d8c9481c
SERVER_HANDSHAKE_TRAFFIC_SECRET f04a4b09cb47ba74a238a476c4fc5a00d442c5f45bf378aa49d9e58999bfe639 012a71336a3fedf6b14c0fcbec8bf1b1df6fc8999c2e6eb5b20c0e29bcd62957
CLIENT_TRAFFIC_SECRET_0 b05b05e637139e70a7e8b90ebce3b377b91ccc70f306781c38b1cbd395215c29 df82ef735051ac6bb3da1620735635e35f1f1d31e0c08afdcf08a292a5aad387
SERVER_TRAFFIC_SECRET_0 b05b05e637139e70a7e8b90ebce3b377b91ccc70f306781c38b1cbd395215c29 e36d231ca02061dcac30f339fb7040f44e3ec03c6f1ecb61bf69ffbe8576ee86
EXPORTER_SECRET b05b05e637139e70a7e8b90ebce3b377b91ccc70f306781c38b1cbd395215c29 e5e4e7e73111d73955e9a58cdc660063fbb89ac07a3875a9c1e9dadff7f0110c
CLIENT_TRAFFIC_SECRET_0 108158a1d8abf805261cccb77cd14016234f6c5358d80de55d1c14d494f1af18 0d4174200633e3095f49648fa21df8498f796156336d2a2b60a9fbf4a772d696
SERVER_TRAFFIC_SECRET_0 108158a1d8abf805261cccb77cd14016234f6c5358d80de55d1c14d494f1af18 c6238965ba0d72d8324c327c43f2c348ff18d0503f3ffe31690ef8bd0f06bebb
EXPORTER_SECRET 108158a1d8abf805261cccb77cd14016234f6c5358d80de55d1c14d494f1af18 f894f69d191e77369e668057e20602c7f9731f014a601894f52677a7f03d840b
CLIENT_HANDSHAKE_TRAFFIC_SECRET 8f5175665df992b7166ed099dfe444316ac76cf657e189b8a5fcc83dcfd71eff f3240cd901c4368a487b16d01a339c974687e009a5c3e52bbcb6fddc425cdbf1
SERVER_HANDSHAKE_TRAFFIC_SECRET 8f5175665df992b7166ed099dfe444316ac76cf657e189b8a5fcc83dcfd71eff 435287c5a8e207995d3cb1076d961da7fa197b144131881c65c094d6cc4b4d3f
CLIENT_HANDSHAKE_TRAFFIC_SECRET 0c7958b02d7df968abd8429e630d57158ed785e245e33fc5190479a317bbfbfb 7f0f57430694e215a0def5f40fc3ba29222ebc1cde2df27c80ca5466e789d227
SERVER_HANDSHAKE_TRAFFIC_SECRET 0c7958b02d7df968abd8429e630d57158ed785e245e33fc5190479a317bbfbfb f1217661b3b2544f154b423a60c8a8e4fbb62b4a0e24d9bb1b64bf6e7bbe7296
CLIENT_TRAFFIC_SECRET_0 5b0f5dadc9d2881a4f793702a078e5812ee6f112c817229ded92db933839ff7d 08434a327638ea9fdf0bce6e070c147e5f1a773b420890154248bed96df05048
CLIENT_TRAFFIC_SECRET_0 484ddb3bd03609d85032cef94145d175b18e26c2ad7a7f06c7b0e7296876ec1f 1d3ec53e987aecaae00571cbe7afeb458ebda3cd85d2df93aed52d02fc70622c
SERVER_TRAFFIC_SECRET_0 5b0f5dadc9d2881a4f793702a078e5812ee6f112c817229ded92db933839ff7d 6e62ad65b7d953fc67371f21fd7fd771abce1afc0ac1f183d345ddc51d93d436
SERVER_TRAFFIC_SECRET_0 484ddb3bd03609d85032cef94145d175b18e26c2ad7a7f06c7b0e7296876ec1f bbe3b3de0a4ef11d1a2cb0f6671a51051c9542f67ec191e0da2424b6a4dbd539
EXPORTER_SECRET 5b0f5dadc9d2881a4f793702a078e5812ee6f112c817229ded92db933839ff7d d5a8fc347f9b0d289faca2927e1fb1aa8c77dbb0bee90bb8026fa568ec7a8054
EXPORTER_SECRET 484ddb3bd03609d85032cef94145d175b18e26c2ad7a7f06c7b0e7296876ec1f a362b1ec5147f6308d7f4bac4c5b0c1dcc3533757be58b8cc027f9316cdd1849
CLIENT_TRAFFIC_SECRET_0 d8b8d849901e7889df8c34a3846449a568256d7a4771963cb1e27f229cccbec7 ad8410c01dbdc6a13cc5399f7abe4f0bb53196c046d7e5ccba3a6456a157f580
SERVER_TRAFFIC_SECRET_0 d8b8d849901e7889df8c34a3846449a568256d7a4771963cb1e27f229cccbec7 f89fcdd0b77139b736df0084e1f6e7fbad99c5cff6f0c70397b1e582830795e5
EXPORTER_SECRET d8b8d849901e7889df8c34a3846449a568256d7a4771963cb1e27f229cccbec7 ced7df185d9a50c61fd628040b8022a3047187ba5ae65fa88d04e998a41fe84b
CLIENT_TRAFFIC_SECRET_0 c086e3d9df8b020fa02f6f77d921fcba4fc7fba7243523e5cd3006f12f2ac447 f2a6a56a9af4cdfe35b941c1191700609ba2a5126406df8211c0f370c5d4c920
SERVER_TRAFFIC_SECRET_0 c086e3d9df8b020fa02f6f77d921fcba4fc7fba7243523e5cd3006f12f2ac447 5dd0913c3ea6beab939d708a495cee1dcbccc8ab6e9ab229316a5c6cd7a38a4d
EXPORTER_SECRET c086e3d9df8b020fa02f6f77d921fcba4fc7fba7243523e5cd3006f12f2ac447 5036f12078de14ae7792d7456abe6f40f36f59a95f7f1828d690c7767a48eb8e
CLIENT_TRAFFIC_SECRET_0 587980c71da1b150d62bb6a5c368b4f758550d7eaf2f4335efc0409b508ae9db 2ecb452068de3d59242f2509422449c5fe9db7ce1b129ae23705211f5e8324c2
SERVER_TRAFFIC_SECRET_0 587980c71da1b150d62bb6a5c368b4f758550d7eaf2f4335efc0409b508ae9db 60ecc6b4d4b623efb45b579172bb0957fec2a059a0fce76090e526869f36a4a2
EXPORTER_SECRET 587980c71da1b150d62bb6a5c368b4f758550d7eaf2f4335efc0409b508ae9db 3a09321a63b07d8c654cfaecc204870a7a92cd2c5b133cf94a2987adfdd517da
CLIENT_TRAFFIC_SECRET_0 30a88b6f3a92a4e2b7cfd0b4e8d2be7690aed2b957624c0f43fe063194b8963d 1bd17e7e9bbb362b983faee1d36370ae3562a67dd48c1d8d9aa05caa9c1a56fc
SERVER_TRAFFIC_SECRET_0 30a88b6f3a92a4e2b7cfd0b4e8d2be7690aed2b957624c0f43fe063194b8963d 068ebd1cf82fa04123f8029dc3380a188f41e61e84f34d3c27003231a674eeee
EXPORTER_SECRET 30a88b6f3a92a4e2b7cfd0b4e8d2be7690aed2b957624c0f43fe063194b8963d e0a23ee3f5a34138cf6eeb9410faf8121cba426846cc7bc05534904665e728e2
CLIENT_TRAFFIC_SECRET_0 0c7b851c1a6d5ef92a36914883db0b074d9f3888976ac728d74ac9d44ce90c05 2e9c594612a62dc6df663fb09e711ce82c7486589fee68871ddfafebfca1e251
SERVER_TRAFFIC_SECRET_0 0c7b851c1a6d5ef92a36914883db0b074d9f3888976ac728d74ac9d44ce90c05 cb7816252f434f9a374687bcd736594ef0299df7216846806d09df99a23f9c3c
EXPORTER_SECRET 0c7b851c1a6d5ef92a36914883db0b074d9f3888976ac728d74ac9d44ce90c05 d73e27bd78d4cec24cc561d0d3081e26b088cca5d2db89d39af744a77a7bd5f3
CLIENT_TRAFFIC_SECRET_0 f04a4b09cb47ba74a238a476c4fc5a00d442c5f45bf378aa49d9e58999bfe639 742bd1bda712888da4833fd0d0499e53b0074e21ed396ae5adf8bd00eec8a0bc
SERVER_TRAFFIC_SECRET_0 f04a4b09cb47ba74a238a476c4fc5a00d442c5f45bf378aa49d9e58999bfe639 418cd64111c3cdaf2bf1af11c9e463dc017802c57c6daa0fa6b7a248d81be287
EXPORTER_SECRET f04a4b09cb47ba74a238a476c4fc5a00d442c5f45bf378aa49d9e58999bfe639 19079696adf43e4e635f79ecb5389f63406878cca9cdee124b37775540d08305
CLIENT_TRAFFIC_SECRET_0 8f5175665df992b7166ed099dfe444316ac76cf657e189b8a5fcc83dcfd71eff 6c98875d8e3f40dca4b0e170f10e3d18f7fd218cc1dae79ee26f57188d008008
SERVER_TRAFFIC_SECRET_0 8f5175665df992b7166ed099dfe444316ac76cf657e189b8a5fcc83dcfd71eff 8ced1920159237c56e511ca89a7c6664b15c0ed9dc989471aecc97146d0d5514
EXPORTER_SECRET 8f5175665df992b7166ed099dfe444316ac76cf657e189b8a5fcc83dcfd71eff c98337676cb28eb1d9c45962517c8c229306ba1070eb84ec7de0d0b3fdeb4735
CLIENT_TRAFFIC_SECRET_0 0c7958b02d7df968abd8429e630d57158ed785e245e33fc5190479a317bbfbfb 8a90863c4e4c2f4c0f62309cc63b64fce698420ecd26ce7f14e057a2710be34f
SERVER_TRAFFIC_SECRET_0 0c7958b02d7df968abd8429e630d57158ed785e245e33fc5190479a317bbfbfb 0c51c26e288ce05de16bc0b0502527e1f0be6a701ed62c63a2a0143e0e10eefe
EXPORTER_SECRET 0c7958b02d7df968abd8429e630d57158ed785e245e33fc5190479a317bbfbfb b4e10d7e69b1a892d0276f04d49770c0bc2a2c1d208768c0145b60e33cf461c7
CLIENT_HANDSHAKE_TRAFFIC_SECRET a8c670e365e1c87b2b0fdaad1e4b9d178d5427cd7ffadc1c0a02956f25c6013e 96fe47c567bb47eaa314af8de388df96309af0c016a01e3cf550e7ed665b0155
SERVER_HANDSHAKE_TRAFFIC_SECRET a8c670e365e1c87b2b0fdaad1e4b9d178d5427cd7ffadc1c0a02956f25c6013e fdbaa7c27a16406a02e52ee586ba2dd4dc92d139904499e4ced750797b8e12d0
CLIENT_TRAFFIC_SECRET_0 a8c670e365e1c87b2b0fdaad1e4b9d178d5427cd7ffadc1c0a02956f25c6013e 4d12bbbc89de10389e4b7638802752981efddf305f9a48c4d0c732dd61aa2553
SERVER_TRAFFIC_SECRET_0 a8c670e365e1c87b2b0fdaad1e4b9d178d5427cd7ffadc1c0a02956f25c6013e f992b0c677f5ead167e0732ea7d7da7073e2965243aecedea1c31498cea4a638
EXPORTER_SECRET a8c670e365e1c87b2b0fdaad1e4b9d178d5427cd7ffadc1c0a02956f25c6013e 14fae7b8ed29a89080fb8b92d0de3fd97443aaf90f27d3086422042ba425c60d
