CLIENT_HANDSHAKE_TRAFFIC_SECRET 1e7dd7a24417ac9ca302c9c6e93512f6da00df4a4e3a5503eaa1f2c8fd43aa5a cb398776df2e9ce0bb2c6c1e0f9d24c3687f9955139c956cf9f3154f415205dd
SERVER_HANDSHAKE_TRAFFIC_SECRET 1e7dd7a24417ac9ca302c9c6e93512f6da00df4a4e3a5503eaa1f2c8fd43aa5a 6c3a337cfb78fa2e357f99328024a7635dd4db12bf8cbaa3c094056ddbb93f3e
CLIENT_TRAFFIC_SECRET_0 1e7dd7a24417ac9ca302c9c6e93512f6da00df4a4e3a5503eaa1f2c8fd43aa5a 5a2c338ed2e66fbd035d577b78f7a7d4a4194e830f79fa74500756a1174f5043
SERVER_TRAFFIC_SECRET_0 1e7dd7a24417ac9ca302c9c6e93512f6da00df4a4e3a5503eaa1f2c8fd43aa5a e6f7f21d16ee21d1dd7deb5786f89c8cd247ece62eb79809d1f5bc6c3f6d287e
EXPORTER_SECRET 1e7dd7a24417ac9ca302c9c6e93512f6da00df4a4e3a5503eaa1f2c8fd43aa5a 82de8635d9fc1b5cb6a504d74a00fad3dc753e3a8547a366919bdc7dd1b22542
CLIENT_HANDSHAKE_TRAFFIC_SECRET 588d91d48bb912459ee1c447623e2433e2433b8b8d3f3751c94bbfb949e78403 2d2f6e905a695f68df7faf0d26d0f8b5d3a16c1631100dedcaa79a830889d02c
SERVER_HANDSHAKE_TRAFFIC_SECRET 588d91d48bb912459ee1c447623e2433e2433b8b8d3f3751c94bbfb949e78403 f8be1f81153e7ac3a1d6b9f4f17efb1e571c60b17128337d9271af3b361863d1
CLIENT_TRAFFIC_SECRET_0 588d91d48bb912459ee1c447623e2433e2433b8b8d3f3751c94bbfb949e78403 aa64c5cefc7c662e87f4748995849999af27e2f2efb773b2bea1bf9d5b05bc09
SERVER_TRAFFIC_SECRET_0 588d91d48bb912459ee1c447623e2433e2433b8b8d3f3751c94bbfb949e78403 da999a6b2d627eb7d032d3e1539ef417a9cff1247250e4cd38a6a73f7dca853a
EXPORTER_SECRET 588d91d48bb912459ee1c447623e2433e2433b8b8d3f3751c94bbfb949e78403 33a7e959b38bdaa2938fdb9d85779e858c648818cce122dffe7672d97b1f0a92
CLIENT_HANDSHAKE_TRAFFIC_SECRET 259e54693ffac8c1f808678e7880d042c3355496c54472b2ca51a797fcaaa68a 97ce607bb27078926186f3c5ff120485be24c59564679c9f84971b36eb6631cb
SERVER_HANDSHAKE_TRAFFIC_SECRET 259e54693ffac8c1f808678e7880d042c3355496c54472b2ca51a797fcaaa68a fdc7c255880d6bcbddfe668f43b5661819a6c83e10f31e694d5cfcde5ea147b5
CLIENT_HANDSHAKE_TRAFFIC_SECRET 2705fba86df5ea2a361ad3f8358a2e1592dc5706173d57546766f8df68c71965 d79cdd6a2666c7ffcf31fed4d7f959914bd13de2cea22d13475583ab70d311fe
SERVER_HANDSHAKE_TRAFFIC_SECRET 2705fba86df5ea2a361ad3f8358a2e1592dc5706173d57546766f8df68c71965 27f46cc076a7a7c7ef13f20c763cc6b5471ff5a3205e93f9e3503ea3684c04eb
CLIENT_TRAFFIC_SECRET_0 259e54693ffac8c1f808678e7880d042c3355496c54472b2ca51a797fcaaa68a c55e5c9d20bd61ae2d88f18f679acbbbb190677eccb733e60da664a84d3b11e3
SERVER_TRAFFIC_SECRET_0 259e54693ffac8c1f808678e7880d042c3355496c54472b2ca51a797fcaaa68a 20a847c8df36f9a4a799f424b3499b33d3ce65dce144d4d5d0611fbec4c287b0
EXPORTER_SECRET 259e54693ffac8c1f808678e7880d042c3355496c54472b2ca51a797fcaaa68a 1bf6b66cf38d1a604b6cc487495a031de23f23af4700cb3ff7bedb709bf779d5
CLIENT_TRAFFIC_SECRET_0 2705fba86df5ea2a361ad3f8358a2e1592dc5706173d57546766f8df68c71965 392b17b8fa0bd728fdbbcf8667742e12d1fa612775294f376fcb7992ee8b3fe9
SERVER_TRAFFIC_SECRET_0 2705fba86df5ea2a361ad3f8358a2e1592dc5706173d57546766f8df68c71965 9fe78eef11ed9b87f7647d8762c56cb5a40523d675ce3a1266040e4bea98b7fe
EXPORTER_SECRET 2705fba86df5ea2a361ad3f8358a2e1592dc5706173d57546766f8df68c71965 d80490a1f85a17b70e04435f23ee8a49eafd54f03a55bc744689f16aa41c99e5
CLIENT_HANDSHAKE_TRAFFIC_SECRET da148e72679dcb0afa4f8e2a6f1c33ce3d91bdcd5796dc68f5a552871fd246b0 18e39a2e58f020334c9711937f466c8901647bf125bda395215a3355839f77c3
SERVER_HANDSHAKE_TRAFFIC_SECRET da148e72679dcb0afa4f8e2a6f1c33ce3d91bdcd5796dc68f5a552871fd246b0 e8173c4219478c49540d801d5244e8bd813346ca67680210fcfb31dd845be9b9
CLIENT_TRAFFIC_SECRET_0 da148e72679dcb0afa4f8e2a6f1c33ce3d91bdcd5796dc68f5a552871fd246b0 662cc7a5da352f15108850667941c2cf17b50b67bc2bc3f0843cc33700d79863
SERVER_TRAFFIC_SECRET_0 da148e72679dcb0afa4f8e2a6f1c33ce3d91bdcd5796dc68f5a552871fd246b0 6c4f9b0bdb6f04b5c9093aa124b1bb798b76c96eb003d0c2d356b7769e726fd8
EXPORTER_SECRET da148e72679dcb0afa4f8e2a6f1c33ce3d91bdcd5796dc68f5a552871fd246b0 6765361eff24740c3f896fc916c5806ffbcf04eb48874dd8b8e3724bccecfae1
