CLIENT_HANDSHAKE_TRAFFIC_SECRET c3d2ed540293ae362c37a41a006a0d15676501b3532e8d55dc48489be61c66fc 17b1bf8cd2b5e785055dd416333083d123ff810f3ac4262f50f388c10792f04a
SERVER_HANDSHAKE_TRAFFIC_SECRET c3d2ed540293ae362c37a41a006a0d15676501b3532e8d55dc48489be61c66fc 91ff7cdd145164df81d04c78022772a89980a73b13d6a6c3f4d19cc0f57dbbec
CLIENT_TRAFFIC_SECRET_0 c3d2ed540293ae362c37a41a006a0d15676501b3532e8d55dc48489be61c66fc c2039e9188e7901b939461b5ebdbd3a0e5ee85cfc7160fd3851d71dd4b949b1a
SERVER_TRAFFIC_SECRET_0 c3d2ed540293ae362c37a41a006a0d15676501b3532e8d55dc48489be61c66fc d0be779d201e65657c972abf2bc951fb04445b54db5602bcd65a20054a3a43ab
EXPORTER_SECRET c3d2ed540293ae362c37a41a006a0d15676501b3532e8d55dc48489be61c66fc 9bb22acfff233022570ced50bc09a005a413ec7a8769fb1144fb95270393f2df
CLIENT_HANDSHAKE_TRAFFIC_SECRET 26d9d8a42020ea9beb677d2bad944a1ad6fcaf35ce1284e17febaa9fb2143894 997891db639340a04250a97a2e726a519b68cdaaa2c045d13e8c7393d6baa641
SERVER_HANDSHAKE_TRAFFIC_SECRET 26d9d8a42020ea9beb677d2bad944a1ad6fcaf35ce1284e17febaa9fb2143894 ea25f557feb735dd7cc946323a9c827e0bb00c7458a45569371a977edb92e433
CLIENT_TRAFFIC_SECRET_0 26d9d8a42020ea9beb677d2bad944a1ad6fcaf35ce1284e17febaa9fb2143894 617cc4baa86e81bc9e43afed0d7846346c9e0fc606956050acc16bb10b985850
SERVER_TRAFFIC_SECRET_0 26d9d8a42020ea9beb677d2bad944a1ad6fcaf35ce1284e17febaa9fb2143894 7eb573fbba39675b67c2a6a7acb5088c18299817c2bf4fee75e5698e35eaa0ba
EXPORTER_SECRET 26d9d8a42020ea9beb677d2bad944a1ad6fcaf35ce1284e17febaa9fb2143894 832b186defe2d54888f2bc33be03a238f3677a4bf410d1d1266539e5586d90f3
CLIENT_HANDSHAKE_TRAFFIC_SECRET e394149ae6d32bc31ae28750945714e5947bbe1ef5857be8f588ed8c272e6938 9f8ca44a4720b31122a0d792baab36175bd9cac15d99244fd06a77be76c434c2
SERVER_HANDSHAKE_TRAFFIC_SECRET e394149ae6d32bc31ae28750945714e5947bbe1ef5857be8f588ed8c272e6938 7688ca1ae8321312930e5154b3595ea71bf87bff9f4c0c37b43c180889ae6da9
CLIENT_TRAFFIC_SECRET_0 e394149ae6d32bc31ae28750945714e5947bbe1ef5857be8f588ed8c272e6938 150eb949bf7ae8af6b723d2d82375b716d7c7343b9807f4a7934536aed309dc4
SERVER_TRAFFIC_SECRET_0 e394149ae6d32bc31ae28750945714e5947bbe1ef5857be8f588ed8c272e6938 e1d3ec0c41e025e68836f06b7cee08c57f85b87675801b87537a80f07e56d8f1
EXPORTER_SECRET e394149ae6d32bc31ae28750945714e5947bbe1ef5857be8f588ed8c272e6938 0ae8843f3f07a98d876510e05121677cdd8e429c8ddd58ff693bb3a30baf304a
CLIENT_HANDSHAKE_TRAFFIC_SECRET 7aac2cf3b57fd54cae050c3117b13ed211e438a60e0b75a18c312af661efc255 92716d558c82fd7bc9d5ae82be39b90bdad9df5a49701a81ae5969d0b1745985
SERVER_HANDSHAKE_TRAFFIC_SECRET 7aac2cf3b57fd54cae050c3117b13ed211e438a60e0b75a18c312af661efc255 63c0730a2c15c40002cfaaa5773a51f0b38fb3ee8e06b1135264bfd0886038fd
CLIENT_HANDSHAKE_TRAFFIC_SECRET 532b4f7af51b52d3acc43dde77523b53d2898b4771a91c9095cc3d5454457ccc b0b59084cf840389e7b5d7778a032d01cee71b81321772d661cb0ef84a9bfb52
SERVER_HANDSHAKE_TRAFFIC_SECRET 532b4f7af51b52d3acc43dde77523b53d2898b4771a91c9095cc3d5454457ccc b315c134c1019d95c60409dd25d18e228e812cf7881d9cf42355fc99a84331f5
CLIENT_HANDSHAKE_TRAFFIC_SECRET 91a60ac6a7836e8c09beb46122d19c45f51e9305c5cb7438ecf2fd09e8c1f680 00006718de8a7bbbe7bbd5f4acdd8c0fefb05977b3468b212e53efe0dd2941c9
SERVER_HANDSHAKE_TRAFFIC_SECRET 91a60ac6a7836e8c09beb46122d19c45f51e9305c5cb7438ecf2fd09e8c1f680 1b1ddc597a08950dfa9ca1cb7a1f3986e469e82ab4f9cb6e1ac01009575a8a40
CLIENT_HANDSHAKE_TRAFFIC_SECRET eef507f66f36e7b884e73a355b4d95d429118e8f1b542a825106aea2bc2436a7 ab94c7d688b138dc80834cbfb24fa75e90844fde4d8e0f8025a9cc1e31771877
CLIENT_TRAFFIC_SECRET_0 7aac2cf3b57fd54cae050c3117b13ed211e438a60e0b75a18c312af661efc255 1b152f1ab5be7d038e83a97ba9927a8c095944f6643631ccfb4fae679aa84244
CLIENT_TRAFFIC_SECRET_0 532b4f7af51b52d3acc43dde77523b53d2898b4771a91c9095cc3d5454457ccc 16431a784f428d94175dddc20ba3df6e3772a8e3f6e501458372b8ec50ee5187
SERVER_HANDSHAKE_TRAFFIC_SECRET eef507f66f36e7b884e73a355b4d95d429118e8f1b542a825106aea2bc2436a7 20e08b2453fe46515f1e6c12d25b62ed4b383d1e576a0b7d69a6182afecc01c2
SERVER_TRAFFIC_SECRET_0 7aac2cf3b57fd54cae050c3117b13ed211e438a60e0b75a18c312af661efc255 f9da87cffd79ec513a35f0d3fa18714e5427caa0046c7bb8596ff46170140ce4
SERVER_TRAFFIC_SECRET_0 532b4f7af51b52d3acc43dde77523b53d2898b4771a91c9095cc3d5454457ccc ddbbbfc1841ac2f9fb8483e017ba55540df879eccc0655af351b0a99525775b9
EXPORTER_SECRET 7aac2cf3b57fd54cae050c3117b13ed211e438a60e0b75a18c312af661efc255 6b0c4b4f27300d0cbdb5358e762eda5244ae4ccae3f9a1f342fe9eac4342cd29
EXPORTER_SECRET 532b4f7af51b52d3acc43dde77523b53d2898b4771a91c9095cc3d5454457ccc 25eb7a3321b3566c748947ebee619ab660e254d7ec05f1e1d48c4440066e5dcb
CLIENT_TRAFFIC_SECRET_0 eef507f66f36e7b884e73a355b4d95d429118e8f1b542a825106aea2bc2436a7 c9eda5a617a5c4a7a451f0a28f374cadbd4bec81c833987c13ffb2638046953a
SERVER_TRAFFIC_SECRET_0 eef507f66f36e7b884e73a355b4d95d429118e8f1b542a825106aea2bc2436a7 4a25029680c25e0c151800104dac52a8285c53b8f72de4ede868fb3fd024524d
EXPORTER_SECRET eef507f66f36e7b884e73a355b4d95d429118e8f1b542a825106aea2bc2436a7 614927e0fa964c53d62e7a07e9d039d246076847a982928b801122e5447c1eb2
CLIENT_TRAFFIC_SECRET_0 91a60ac6a7836e8c09beb46122d19c45f51e9305c5cb7438ecf2fd09e8c1f680 b94be4eb7f7d705e21107b4710f799e422e40d441cb230690dd36e16d876cec0
SERVER_TRAFFIC_SECRET_0 91a60ac6a7836e8c09beb46122d19c45f51e9305c5cb7438ecf2fd09e8c1f680 a0d509c225b865a4180ee0dd1146974f5affb4e8226069c639db3f3c76ca8c68
EXPORTER_SECRET 91a60ac6a7836e8c09beb46122d19c45f51e9305c5cb7438ecf2fd09e8c1f680 cf304e5ff4b6eac667750479fffa8702f1ea243f3f0554726f7335818b50e3f6
CLIENT_HANDSHAKE_TRAFFIC_SECRET a80f6223c22c667f16c75ca50760db9a824b985aa2464845e83cb39cb755ad47 80e28ccbbd17e639bad705a1499007f80cead241b26d131623b1b652ec0a6727
SERVER_HANDSHAKE_TRAFFIC_SECRET a80f6223c22c667f16c75ca50760db9a824b985aa2464845e83cb39cb755ad47 d0737e2e3618ec76db17eccb6265bc74ac8f4b690024bb5da3e54b832d5e3ae6
CLIENT_HANDSHAKE_TRAFFIC_SECRET 55c478c00fd3dd6d3c1256befde753d97b62427fadf1c909291db737c9252fe9 9b951081976cf2d8ad55d60f97718634fb50ad32d02377c2a9d5dfcd8f6e3e3f
SERVER_HANDSHAKE_TRAFFIC_SECRET 55c478c00fd3dd6d3c1256befde753d97b62427fadf1c909291db737c9252fe9 07f616dd38e35c0d1630e6f517492f48ed0a03959e5595791ee0fde223c09259
CLIENT_TRAFFIC_SECRET_0 a80f6223c22c667f16c75ca50760db9a824b985aa2464845e83cb39cb755ad47 eb41b1046a6245d36c1276e80ec7b34f7c5a262792fe1405bcb654ae424723c1
SERVER_TRAFFIC_SECRET_0 a80f6223c22c667f16c75ca50760db9a824b985aa2464845e83cb39cb755ad47 15870010f03ee98e336e0d7da186f548f6f56d59ccdae0e073f755f8971d0639
EXPORTER_SECRET a80f6223c22c667f16c75ca50760db9a824b985aa2464845e83cb39cb755ad47 7a8da0c9b180e1b0c1902517b8b36f06cad2a6d3bf24dbdaf6ef4b11320e4dc4
CLIENT_TRAFFIC_SECRET_0 55c478c00fd3dd6d3c1256befde753d97b62427fadf1c909291db737c9252fe9 e8957e0d3d345dc441b02653828632e15d2202f961eeac2a5b0e2dada6ef5357
CLIENT_HANDSHAKE_TRAFFIC_SECRET c9bf08340d3d6d5dbf5f3f2accd873d604f1f0d33b0ae133fb93502703cd6186 81ca89c788d3c69ae9345e7de58def7e8664d26929a05998d2d5fa6e5b5fd3df
SERVER_TRAFFIC_SECRET_0 55c478c00fd3dd6d3c1256befde753d97b62427fadf1c909291db737c9252fe9 376186283bfe023b415b841099aa22f936d79338174c2f5c6fd4feb44b92eb0a
SERVER_HANDSHAKE_TRAFFIC_SECRET c9bf08340d3d6d5dbf5f3f2accd873d604f1f0d33b0ae133fb93502703cd6186 886b3f05b460da299a6a15579a3eaee037179835439d293082aedde8b9abdfec
EXPORTER_SECRET 55c478c00fd3dd6d3c1256befde753d97b62427fadf1c909291db737c9252fe9 2b2379fe2173a28c944a3528a4b049dd840e6874139e0972e1f3e6b6f40ac27e
CLIENT_TRAFFIC_SECRET_0 c9bf08340d3d6d5dbf5f3f2accd873d604f1f0d33b0ae133fb93502703cd6186 d1d059f10d4566ed0522c9411fbc192f189ce55b739382a4f2c90c8513d1a93b
SERVER_TRAFFIC_SECRET_0 c9bf08340d3d6d5dbf5f3f2accd873d604f1f0d33b0ae133fb93502703cd6186 53a31964dcf4603c651d86aadc4d7505d11546fa7df3c5a7706dbd4c9c654c08
EXPORTER_SECRET c9bf08340d3d6d5dbf5f3f2accd873d604f1f0d33b0ae133fb93502703cd6186 00921afcdcdf04af9b756f7b6d5e79fa7b0ce3035e8dc8172ac00cbd3a2c4825
CLIENT_HANDSHAKE_TRAFFIC_SECRET 1241ead04e84e504f454ecb77e05b973e1c3ccb1873bd5056fe668fd4b34810a 0f71d924cc1c16ab6465d516e039172e0ea307a4f4b678f0647629f7fdde6c9a
SERVER_HANDSHAKE_TRAFFIC_SECRET 1241ead04e84e504f454ecb77e05b973e1c3ccb1873bd5056fe668fd4b34810a eb062c776552c8a4595588a0dd3130c64cd6e4c7596071da43950516b5d7755c
CLIENT_HANDSHAKE_TRAFFIC_SECRET 362acd9a62f31930a4e937dbd63bb49fe71864ef4d4188b8d46806bc3b2e16b6 20c4b2af834869f7f5ffbb225654f998588fa9a5212db58fd638008d51b21c4b
SERVER_HANDSHAKE_TRAFFIC_SECRET 362acd9a62f31930a4e937dbd63bb49fe71864ef4d4188b8d46806bc3b2e16b6 ce74e681879001fc0b4084dc662f4ac7bfea1eefcc9e7c656170ef896045bc83
CLIENT_TRAFFIC_SECRET_0 1241ead04e84e504f454ecb77e05b973e1c3ccb1873bd5056fe668fd4b34810a 79ea4b26719e3cd7619e9c6181c6cd032c2cb3120e6345a1811c9f46d6bc7f40
CLIENT_TRAFFIC_SECRET_0 362acd9a62f31930a4e937dbd63bb49fe71864ef4d4188b8d46806bc3b2e16b6 9b536d1d504ebe839e2bac81666906800084fd9e0968412bcaf41e7b6f1d7aef
SERVER_TRAFFIC_SECRET_0 1241ead04e84e504f454ecb77e05b973e1c3ccb1873bd5056fe668fd4b34810a 148a06b7f56e16403baf0dd124e9842a4869c607a33103423e224a9533f45fcc
SERVER_TRAFFIC_SECRET_0 362acd9a62f31930a4e937dbd63bb49fe71864ef4d4188b8d46806bc3b2e16b6 8c3e4a960c9061169f6adb845ea98c54e2edc74eb7baf30e90fb4ce9efe7d850
EXPORTER_SECRET 1241ead04e84e504f454ecb77e05b973e1c3ccb1873bd5056fe668fd4b34810a bfd00f3e3e9b54744bdcc15803f8517b47b59383787a12e0bb013dec597df6bc
EXPORTER_SECRET 362acd9a62f31930a4e937dbd63bb49fe71864ef4d4188b8d46806bc3b2e16b6 4e5ab61a22eb1d466494f93523ab125c0c5e4ee5bc1f03d0c5a702f450eb6894
CLIENT_HANDSHAKE_TRAFFIC_SECRET b39798d0c658107af18100fb76e50c2e33061af0d6f2df1e8610e885c0fd921c 06b1e812194336bbc54898a2b5debbb7db6a45cc535a0584ddcba8928d27410c
SERVER_HANDSHAKE_TRAFFIC_SECRET b39798d0c658107af18100fb76e50c2e33061af0d6f2df1e8610e885c0fd921c 1e7eac4aff9fe8d852b22c6a1a26fbc05f1b51fa6209c7654f1a23211734b727
CLIENT_TRAFFIC_SECRET_0 b39798d0c658107af18100fb76e50c2e33061af0d6f2df1e8610e885c0fd921c cd50b0cac9a7a79ec307f1d6fa248c4f03a51a5b319f04101ac34b5073222178
SERVER_TRAFFIC_SECRET_0 b39798d0c658107af18100fb76e50c2e33061af0d6f2df1e8610e885c0fd921c 0f26150679d96869a2009be63bb341cda6a5f8e9d1239c3f5ad4e722c77cf9ee
EXPORTER_SECRET b39798d0c658107af18100fb76e50c2e33061af0d6f2df1e8610e885c0fd921c e617066868fd1f158a82c01ebab3f770ce989db57497818da7a7209f4a6361ae
CLIENT_HANDSHAKE_TRAFFIC_SECRET 7aadbb11d2f268b21762226e2ccfcf560615b8aae7a5aeafe4489672978358c4 d291e9fa0e0029c227a2c21d5d7fb3ec9149303bbed744dea1ff51e16b95d8e5
SERVER_HANDSHAKE_TRAFFIC_SECRET 7aadbb11d2f268b21762226e2ccfcf560615b8aae7a5aeafe4489672978358c4 fce7b7b959ec50a9ab496db5d9ef64aa1f86723d66ebd2866ff090c3eef79a85
CLIENT_HANDSHAKE_TRAFFIC_SECRET e79586f4a6258fbd66c165ffb2d444ec51f44c71e0cb6c8550dd8df7ad448656 a62d25f51062cdca61687880899b9db5cbfb29441d7667ec1e2c086d79b2d68b
SERVER_HANDSHAKE_TRAFFIC_SECRET e79586f4a6258fbd66c165ffb2d444ec51f44c71e0cb6c8550dd8df7ad448656 14aec89b12b906d83bcc1987503c6753b2458d2046d23cbb0dd291192ece0a89
CLIENT_TRAFFIC_SECRET_0 e79586f4a6258fbd66c165ffb2d444ec51f44c71e0cb6c8550dd8df7ad448656 45f8a2effed93c19c4316584d3c22171764aa534f93ed222aaa0646312035965
SERVER_TRAFFIC_SECRET_0 e79586f4a6258fbd66c165ffb2d444ec51f44c71e0cb6c8550dd8df7ad448656 379963a27aa3a5c02adfb710089c2f1554e962473cadb0f5d39323e1fca228f1
EXPORTER_SECRET e79586f4a6258fbd66c165ffb2d444ec51f44c71e0cb6c8550dd8df7ad448656 d881d144866a993af4f4151274543f493c6cf656f34087409a8faa1e874e6430
CLIENT_TRAFFIC_SECRET_0 7aadbb11d2f268b21762226e2ccfcf560615b8aae7a5aeafe4489672978358c4 892c43dfbd4692e91465905c44007db7c8577e79e24c6e7c4647766b460d9b92
SERVER_TRAFFIC_SECRET_0 7aadbb11d2f268b21762226e2ccfcf560615b8aae7a5aeafe4489672978358c4 031eb8bfa3e918c3549881102a5e1a21b799848179f29a7c317f407cf705e901
EXPORTER_SECRET 7aadbb11d2f268b21762226e2ccfcf560615b8aae7a5aeafe4489672978358c4 066b0bedb7cdebb55a7257e464fa92fa874191b590e21255ba34c5cc66ce2cf5
