CLIENT_HANDSHAKE_TRAFFIC_SECRET c165fe272675507e4914faba2b25c1bd30c16fce02235066bdc9cdc144984422 5ccccb7b560394dc5b6c58ed026eba8b2f2b5089c8efbe2fea0b06be7b102164
SERVER_HANDSHAKE_TRAFFIC_SECRET c165fe272675507e4914faba2b25c1bd30c16fce02235066bdc9cdc144984422 9177dd7b6904cd493757fee2cbc3913785fb989b86bf7814887c3bc45ce0117b
CLIENT_TRAFFIC_SECRET_0 c165fe272675507e4914faba2b25c1bd30c16fce02235066bdc9cdc144984422 4dbd46180dc100757eaee8cd2e83fa29c9e5427ccec31e193a9e1d9cd74a497a
SERVER_TRAFFIC_SECRET_0 c165fe272675507e4914faba2b25c1bd30c16fce02235066bdc9cdc144984422 36f3a664ac67bd473226f3b5829a6e30bf36020a031ccaaf0f625a370266bdf4
EXPORTER_SECRET c165fe272675507e4914faba2b25c1bd30c16fce02235066bdc9cdc144984422 ed92122aacf6001387ba95e91d155842caf8a33b5b28fadd4255d30d34ac7e8a
CLIENT_HANDSHAKE_TRAFFIC_SECRET afef549e6ef17840602cb60d8021b4758efa67d27b4e7b7c4c83fa6bf4de2b4e f9e797644c55a41d8dc1d48b370438fac5be78b486918e6991faa9cb8dabed33
SERVER_HANDSHAKE_TRAFFIC_SECRET afef549e6ef17840602cb60d8021b4758efa67d27b4e7b7c4c83fa6bf4de2b4e 68ebeedbac617ffb7e3f9dac56b5fe5ee70cb85d4c9c2b62d70c7206b5632296
CLIENT_HANDSHAKE_TRAFFIC_SECRET 075bf794f2d817e9283edf17925e31c85fada31a8caf8e9d18c65d851dff5295 3f9aeb7c118b7fff1ff2280374c4a4824c8edeeead2dd97d73e620e27733b6c4
SERVER_HANDSHAKE_TRAFFIC_SECRET 075bf794f2d817e9283edf17925e31c85fada31a8caf8e9d18c65d851dff5295 a577e9071bb12937aaf230d924884e310dfa207d84f5d7c347f4a6df21e7ddbd
CLIENT_HANDSHAKE_TRAFFIC_SECRET 8be004abcd211f8609a163b2a7dfb46dcb053215c607ab6069d3b703aa4f3573 74f65f36ced5f35ffc2268af077d722d68dcb36e1c01114a17b4f164fa98321e
SERVER_HANDSHAKE_TRAFFIC_SECRET 8be004abcd211f8609a163b2a7dfb46dcb053215c607ab6069d3b703aa4f3573 7d271128463c341037e961b248f8d2098f3e9f9384541585f149e3478dc3f098
CLIENT_HANDSHAKE_TRAFFIC_SECRET 58a5fd376278ae1d7e0330dd069bb3be7b78d13eeb27df8de56bbc21d3d96f2e 30328394447c5ca6de0b451f8d39df0858445be57e28ab919dbc48ae5a6171eb
SERVER_HANDSHAKE_TRAFFIC_SECRET 58a5fd376278ae1d7e0330dd069bb3be7b78d13eeb27df8de56bbc21d3d96f2e 5ba41fe98bda34918caf4d532b2eae47dafc1a5d6e4e7ce6bbf3b8c9e514cc32
CLIENT_HANDSHAKE_TRAFFIC_SECRET 829e589f428cc4f0004c1a5acdb39518f791de1d49ae27c56ea1d8969b3344d1 9b0b390152025ab52cd4422e2c1a1e4b456d946ab954db22d3cbe4ac2c85b617
SERVER_HANDSHAKE_TRAFFIC_SECRET 829e589f428cc4f0004c1a5acdb39518f791de1d49ae27c56ea1d8969b3344d1 6b8749936faaf8517663d5287cda484c15ce47c32c9fd4a00f4c162465fe1ebe
CLIENT_HANDSHAKE_TRAFFIC_SECRET bf8dcb4edcedb2743363df50a5fde95b42c346098b3735e7deae0c1a313dba0e 20a04bf105f0c6e8191c9983a2401910db22404c6e6e33b428072e3bc2030c02
SERVER_HANDSHAKE_TRAFFIC_SECRET bf8dcb4edcedb2743363df50a5fde95b42c346098b3735e7deae0c1a313dba0e 2a96e1d7af86449e2dc3f64a4feeca29d804c50a6ddf058c780cf95772796302
CLIENT_HANDSHAKE_TRAFFIC_SECRET 9db8e75ed1221921d378eb181ad536d6836124cd32b9808cca3ff706c30681ff 1fd31c0fd1ab27f1b4eb327cbafe4b11bede720c6afb0d58b458394a04891f9b
SERVER_HANDSHAKE_TRAFFIC_SECRET 9db8e75ed1221921d378eb181ad536d6836124cd32b9808cca3ff706c30681ff b274fe79eea2065c49d301cb5cbf719e437a9afb91d4bce643c39fdbe1767685
CLIENT_TRAFFIC_SECRET_0 afef549e6ef17840602cb60d8021b4758efa67d27b4e7b7c4c83fa6bf4de2b4e 1f49936264a081f1b51497467d56e794d24466c264ffe6fdbc71c9c761e6078d
SERVER_TRAFFIC_SECRET_0 afef549e6ef17840602cb60d8021b4758efa67d27b4e7b7c4c83fa6bf4de2b4e e60e95e12470548a65069397de548cefa18e730173630f4598c2f86db397e392
EXPORTER_SECRET afef549e6ef17840602cb60d8021b4758efa67d27b4e7b7c4c83fa6bf4de2b4e 715b801e444f94ab968a62bf8b8b9370c5c937bfff35a1cafc1cbf9d37c151ce
CLIENT_TRAFFIC_SECRET_0 075bf794f2d817e9283edf17925e31c85fada31a8caf8e9d18c65d851dff5295 a9a645dd73689ce0e4668293195b0efe3424ca06fdfad75a522fe3b378ffb644
SERVER_TRAFFIC_SECRET_0 075bf794f2d817e9283edf17925e31c85fada31a8caf8e9d18c65d851dff5295 27c7deaa857dcdb1f44bd8b70cbe1c9ad0234cab8ad4620bcf439a8fb55651c0
CLIENT_TRAFFIC_SECRET_0 8be004abcd211f8609a163b2a7dfb46dcb053215c607ab6069d3b703aa4f3573 41c09a02ebde2fbea582fba8779e46e81708511f9aded5b8d8aebcd6d8c8317e
EXPORTER_SECRET 075bf794f2d817e9283edf17925e31c85fada31a8caf8e9d18c65d851dff5295 b1ec9e3d09591c1833343234ea5a494faace1b936e749b38df0f601daea5a695
SERVER_TRAFFIC_SECRET_0 8be004abcd211f8609a163b2a7dfb46dcb053215c607ab6069d3b703aa4f3573 24eca55536d5c809e8d108a2d58f0c708c446b9d79d65d795c067b44bf85b5cc
EXPORTER_SECRET 8be004abcd211f8609a163b2a7dfb46dcb053215c607ab6069d3b703aa4f3573 e2fe3b05ec6061277e2793f2dfd3070e1beb687562842cb83e48f9d4514e0af4
CLIENT_TRAFFIC_SECRET_0 58a5fd376278ae1d7e0330dd069bb3be7b78d13eeb27df8de56bbc21d3d96f2e 1303b8a0d1d2888c7b8cc854e2f7093b8e51d672745ee505e4340e36744039c9
SERVER_TRAFFIC_SECRET_0 58a5fd376278ae1d7e0330dd069bb3be7b78d13eeb27df8de56bbc21d3d96f2e 8fbecbdbb8c4226f34991f6835504403d56512ab73d6780d82bf911ce7e9f922
EXPORTER_SECRET 58a5fd376278ae1d7e0330dd069bb3be7b78d13eeb27df8de56bbc21d3d96f2e 2591fff7f9225818af3462a89c73ff8e38995b57c4938ab19a579250fbdae46a
CLIENT_TRAFFIC_SECRET_0 829e589f428cc4f0004c1a5acdb39518f791de1d49ae27c56ea1d8969b3344d1 e794c6510ce58a7e7220c5cc1f57c4c7437d852ab544f16bbb7df5eac4ad526c
SERVER_TRAFFIC_SECRET_0 829e589f428cc4f0004c1a5acdb39518f791de1d49ae27c56ea1d8969b3344d1 cbd502a5cffcfaa6132210bca9d2e74ffac9a13cfa36e1a5fa58cd7d8d9af5e9
EXPORTER_SECRET 829e589f428cc4f0004c1a5acdb39518f791de1d49ae27c56ea1d8969b3344d1 4ef06198678eb5bbeb4c0137d4d0be9070b6a6833ac925a33bc4c7ef0d4c18cc
CLIENT_TRAFFIC_SECRET_0 bf8dcb4edcedb2743363df50a5fde95b42c346098b3735e7deae0c1a313dba0e e9e92b4301d5d879bb89281a7a07f125d1fddd31cd0bb27786a2009b468d0fb4
SERVER_TRAFFIC_SECRET_0 bf8dcb4edcedb2743363df50a5fde95b42c346098b3735e7deae0c1a313dba0e c7c8ddb20472058e932cdb4a13785f5c37cd8559af91ef0be3361dc0de7c5db7
EXPORTER_SECRET bf8dcb4edcedb2743363df50a5fde95b42c346098b3735e7deae0c1a313dba0e 3cc7079692dc3980bc5b8185b206a44fa09080e6ddcd0778905d443584bde139
CLIENT_TRAFFIC_SECRET_0 9db8e75ed1221921d378eb181ad536d6836124cd32b9808cca3ff706c30681ff 856847507c002560c95ba7f1fffbf1a57815088bb69571dbef02514203b510d9
SERVER_TRAFFIC_SECRET_0 9db8e75ed1221921d378eb181ad536d6836124cd32b9808cca3ff706c30681ff 70fd4aa9d5842583c086324a1fbe66ecb1302dc1b93efc5496e7c5763f8503fb
EXPORTER_SECRET 9db8e75ed1221921d378eb181ad536d6836124cd32b9808cca3ff706c30681ff 5b83a5f931e5a78dabffa280659b81bb1989c26f09067356bd937e6728c42452
