CLIENT_HANDSHAKE_TRAFFIC_SECRET 8fbe2bd8f3608929d5a58a99fe970dabf961e3bce6a228e1389478f06752a344 0a8cba0e9e8755cc515fa267ba4e51b7bc553ae5f38edab3a0c9835687d77d02
SERVER_HANDSHAKE_TRAFFIC_SECRET 8fbe2bd8f3608929d5a58a99fe970dabf961e3bce6a228e1389478f06752a344 a7508c6bb7100c1da9357c23aa2d56822d3c48a658e679f513df95ce1e9e563c
CLIENT_TRAFFIC_SECRET_0 8fbe2bd8f3608929d5a58a99fe970dabf961e3bce6a228e1389478f06752a344 50cc3b85f040a13364207d9ea96b65fe8de0389b79e848654543f2fbf32861d4
SERVER_TRAFFIC_SECRET_0 8fbe2bd8f3608929d5a58a99fe970dabf961e3bce6a228e1389478f06752a344 075bb2912f7afdb211595fc0a3962d3db714f3153b7360656e74361cf35e9d49
EXPORTER_SECRET 8fbe2bd8f3608929d5a58a99fe970dabf961e3bce6a228e1389478f06752a344 09c0850d52086dfa7f6e3e84309e19cf9a93ab3f635af37a869a5f84a5278b02
CLIENT_HANDSHAKE_TRAFFIC_SECRET 451206234db089c4c9567ff5e8531917c1ac9f07a0c6b122c946347e331786f3 ba9030ad5e9401ca2b6e9b9d6d8e908b546418c755a999399b829fceb4b2cb8c
SERVER_HANDSHAKE_TRAFFIC_SECRET 451206234db089c4c9567ff5e8531917c1ac9f07a0c6b122c946347e331786f3 e1dc130acde2f9e6ff7eff68117da3a7b72ca490d645c827fab7e7b61305bd75
CLIENT_HANDSHAKE_TRAFFIC_SECRET 62263f5eeab6a944663f918ed933daa22706d0459f3f442e22eb14b2b5627c2b 9965931ca6829c6320f43fd6b0f44184ea568bb5996b2880b6bfac1571132aef
SERVER_HANDSHAKE_TRAFFIC_SECRET 62263f5eeab6a944663f918ed933daa22706d0459f3f442e22eb14b2b5627c2b 59e822b756d3779373e4e65ca4511179a042b058608a0694a0cf5eb460104aee
CLIENT_HANDSHAKE_TRAFFIC_SECRET 80405447a07b7b0a6173d3af19d6984f18364e8917c2eb9928a926a7cbc2c776 f43fc0d1ade7be122ab885a4d961641691311a545438d0e40e4d985781067de7
SERVER_HANDSHAKE_TRAFFIC_SECRET 80405447a07b7b0a6173d3af19d6984f18364e8917c2eb9928a926a7cbc2c776 f26169fd727bf34c0597dfc2d193f9c30864178b40dfe69fbabfeb3e50e559f8
CLIENT_HANDSHAKE_TRAFFIC_SECRET 91eb340ae63ac03d1efc4da316e853c1487afe1ff8a26677f8e15c57a1735600 68aeca0bbab50cf0c4efe06dd60c05b953822265969536f631b0ac987e67aec2
SERVER_HANDSHAKE_TRAFFIC_SECRET 91eb340ae63ac03d1efc4da316e853c1487afe1ff8a26677f8e15c57a1735600 b9ec27daf41bc5f8ffbe4b49bd4099954999d51fa81ee13a3c0ae242279cf62c
CLIENT_HANDSHAKE_TRAFFIC_SECRET 3fae12e4071639b9ad404462927ec344e95a1f7c7298f98d45dd7c5074213de5 6aca192f09ceb9d8306996d522ec270f4fa5ae6947cbb5441a9217a8492e871c
SERVER_HANDSHAKE_TRAFFIC_SECRET 3fae12e4071639b9ad404462927ec344e95a1f7c7298f98d45dd7c5074213de5 a5b1ec53c85116b3b99947a7aaa6da7dd1ff4e3c6c4022bf6136d4cdcb25b1f5
CLIENT_HANDSHAKE_TRAFFIC_SECRET 61ef5d440ef1eca720e6b5a1f2a328759c9053607ce11c1cbe82827e5ca5a750 37b2190d842407864bfec147f45cef677045ce174b86c38a4c7057206feda1e0
SERVER_HANDSHAKE_TRAFFIC_SECRET 61ef5d440ef1eca720e6b5a1f2a328759c9053607ce11c1cbe82827e5ca5a750 2945d951b8283e1a25ea8d48dda9c6d288717922d494cd969f84bc78032f11c0
CLIENT_HANDSHAKE_TRAFFIC_SECRET 24a13dc6fea5a8c90ab8a351e270d87c54f9d2acbf99eeb18b1beeddee5ea835 6884da994bafa144b0e29fe3fabfd64e44fb704e20ec2a601ea2f64b4c0cc1b8
SERVER_HANDSHAKE_TRAFFIC_SECRET 24a13dc6fea5a8c90ab8a351e270d87c54f9d2acbf99eeb18b1beeddee5ea835 8d0e31793dbafce5a907130e6b16023fa883d75f0b5588b77f457c6911c576f9
CLIENT_TRAFFIC_SECRET_0 451206234db089c4c9567ff5e8531917c1ac9f07a0c6b122c946347e331786f3 7c219a5c42a4aff9c6a8baff44c9a9b6b47ecb2be1b7cbfe1a83bcee748d2a09
SERVER_TRAFFIC_SECRET_0 451206234db089c4c9567ff5e8531917c1ac9f07a0c6b122c946347e331786f3 5dd0388568fe79ebd7f032dc7af14828de3d5035625555e72e9da8b4ba5f8b34
EXPORTER_SECRET 451206234db089c4c9567ff5e8531917c1ac9f07a0c6b122c946347e331786f3 ad5b0aabd4d61168b224dbc58b172a39915df2d80427909bd40630e859e96985
CLIENT_HANDSHAKE_TRAFFIC_SECRET dfccb837cd9b13f41c860bb1ea5eaeec7444341e398a6e7798bcbc46cec4dd27 d520bf45c7f7c9e422033ae2f2ae5795503ec94ce1a933744af8f246450efc57
SERVER_HANDSHAKE_TRAFFIC_SECRET dfccb837cd9b13f41c860bb1ea5eaeec7444341e398a6e7798bcbc46cec4dd27 dfb43bd2801f6ed430ecd86b27d8974851512e054664ced3de71f883eb2d1ba6
CLIENT_HANDSHAKE_TRAFFIC_SECRET 0aee7b94b806b2a35245087764e01c162e078de6a499d1a50fff806cd24007b9 6d74bc29621eae0eddf15b17ff291666d9d66755625c128d7987006f2c5bf01e
SERVER_HANDSHAKE_TRAFFIC_SECRET 0aee7b94b806b2a35245087764e01c162e078de6a499d1a50fff806cd24007b9 1d26f31ab4b845cde8b628f3cd110318ef684d431104270a7754e9f57a2ddbf1
CLIENT_TRAFFIC_SECRET_0 62263f5eeab6a944663f918ed933daa22706d0459f3f442e22eb14b2b5627c2b 32552fcb4e87744eb8c755f526a96089abc8de820f24e5dba1f366a1022048c6
SERVER_TRAFFIC_SECRET_0 62263f5eeab6a944663f918ed933daa22706d0459f3f442e22eb14b2b5627c2b 80412d507a24611127560ff4b33fcd973ca57e62f0389013ac9d494b7659e8a5
EXPORTER_SECRET 62263f5eeab6a944663f918ed933daa22706d0459f3f442e22eb14b2b5627c2b 627608343f8883d93fde8d1a60fc419e59393a1abe02e2aa45d4a47fc509d308
CLIENT_HANDSHAKE_TRAFFIC_SECRET 5814babceff8d72e834a1b91f2f0dd19bcec75f9bf0cd8f81b78a94b01de745a d5c826bfed24492d14e131263d876b4f3ddb1207a74526033db593d6bc98a1d2
SERVER_HANDSHAKE_TRAFFIC_SECRET 5814babceff8d72e834a1b91f2f0dd19bcec75f9bf0cd8f81b78a94b01de745a 78808727e5ea9a43861017d5dc377bc7071fc05cf719bb2d6d20a75d8af39f57
CLIENT_TRAFFIC_SECRET_0 80405447a07b7b0a6173d3af19d6984f18364e8917c2eb9928a926a7cbc2c776 9276210bb3fb4745c90e9576f1387443c7216a7e5b05c86abb69b30ddf5c7c91
SERVER_TRAFFIC_SECRET_0 80405447a07b7b0a6173d3af19d6984f18364e8917c2eb9928a926a7cbc2c776 32fd2b244484e792765904082f6cf1e45d8b8172d54446ec363326c05214db2b
EXPORTER_SECRET 80405447a07b7b0a6173d3af19d6984f18364e8917c2eb9928a926a7cbc2c776 ab99f7f534886aaa0476af9631f6abdfc80b604a6e17aebe31bc0722ced062d6
CLIENT_TRAFFIC_SECRET_0 91eb340ae63ac03d1efc4da316e853c1487afe1ff8a26677f8e15c57a1735600 2b366666d2a9226ed4d1ddfa6dd284322eb4211eb1329e4f31b6f69b36d0da1e
SERVER_TRAFFIC_SECRET_0 91eb340ae63ac03d1efc4da316e853c1487afe1ff8a26677f8e15c57a1735600 605c34e510c68ac79cebb32fbb78bc2ce2c49cf4d4bfd2cf42577ba40957bcec
EXPORTER_SECRET 91eb340ae63ac03d1efc4da316e853c1487afe1ff8a26677f8e15c57a1735600 f2945f0e5ff7ff37c1ed03a01251c9b5ebb8cd532729fc27e2f84dcd9e74daa3
CLIENT_TRAFFIC_SECRET_0 3fae12e4071639b9ad404462927ec344e95a1f7c7298f98d45dd7c5074213de5 e6cc4dade970160f09ef6eb96422dbc40c28047d2c154f0a9378e937fe547c48
SERVER_TRAFFIC_SECRET_0 3fae12e4071639b9ad404462927ec344e95a1f7c7298f98d45dd7c5074213de5 c67120c207c587ee59f29b18903ccab656ac0af937e07f757bba3968de6b5f05
EXPORTER_SECRET 3fae12e4071639b9ad404462927ec344e95a1f7c7298f98d45dd7c5074213de5 a5e6884ea5ab84649a6348121a8712cca0a82762811214293f40d12588c53ed4
CLIENT_TRAFFIC_SECRET_0 61ef5d440ef1eca720e6b5a1f2a328759c9053607ce11c1cbe82827e5ca5a750 d6b022416ae24976c21dbfc7401abd23cf4c7b2c5560aa31325ff5ae0e252d93
SERVER_TRAFFIC_SECRET_0 61ef5d440ef1eca720e6b5a1f2a328759c9053607ce11c1cbe82827e5ca5a750 380254ec04cf378f923d84b3be9e10f91308ffcc43977d541eb080f32cd42fbd
EXPORTER_SECRET 61ef5d440ef1eca720e6b5a1f2a328759c9053607ce11c1cbe82827e5ca5a750 6f100ba486179090c84ce8d3055533ff22340d4b8f03a96e6c074517f2962caa
CLIENT_TRAFFIC_SECRET_0 24a13dc6fea5a8c90ab8a351e270d87c54f9d2acbf99eeb18b1beeddee5ea835 904ef383862f56e767566c481cd3e3496daf96a7ee518c7314779566de425ab4
SERVER_TRAFFIC_SECRET_0 24a13dc6fea5a8c90ab8a351e270d87c54f9d2acbf99eeb18b1beeddee5ea835 6a39940b84029062900a6e8804b693bfd0c62d2a55925fb18c59fdf449c0b7ae
EXPORTER_SECRET 24a13dc6fea5a8c90ab8a351e270d87c54f9d2acbf99eeb18b1beeddee5ea835 8c16b4720756d09e09252ddf07223f96ecb6085e90d595e9fbe1b3c5a60559a3
CLIENT_TRAFFIC_SECRET_0 dfccb837cd9b13f41c860bb1ea5eaeec7444341e398a6e7798bcbc46cec4dd27 d0d6974dd55d427abcf6a4524b17e38b89c771dfc1ed9ac08079bb36844d8bc2
SERVER_TRAFFIC_SECRET_0 dfccb837cd9b13f41c860bb1ea5eaeec7444341e398a6e7798bcbc46cec4dd27 75904eab5ac6433015b7aa4c941c394aad22d5f43a05524a7976329413700c3d
EXPORTER_SECRET dfccb837cd9b13f41c860bb1ea5eaeec7444341e398a6e7798bcbc46cec4dd27 62a1bf418ac330e16bfbe666f64ed451a9b877eef0c0314b0e6a463b0bb197b2
CLIENT_TRAFFIC_SECRET_0 0aee7b94b806b2a35245087764e01c162e078de6a499d1a50fff806cd24007b9 7213e3f562c6040e383e76b68fda158b2e14aa8e724d641b046b71e1ab8661bb
SERVER_TRAFFIC_SECRET_0 0aee7b94b806b2a35245087764e01c162e078de6a499d1a50fff806cd24007b9 795cd77c18a9f0e5cea5994c7e5333b78ce38857632acac162986bd4212d2bb7
EXPORTER_SECRET 0aee7b94b806b2a35245087764e01c162e078de6a499d1a50fff806cd24007b9 61f3f1fdb072c6989baa529292de26ebe50256c3c5fb3df4688a0358210e3289
CLIENT_TRAFFIC_SECRET_0 5814babceff8d72e834a1b91f2f0dd19bcec75f9bf0cd8f81b78a94b01de745a 1d540f2fa66621ce0b1a0e421c3a62502ffa8da714da8b3838cac5cb99a80567
SERVER_TRAFFIC_SECRET_0 5814babceff8d72e834a1b91f2f0dd19bcec75f9bf0cd8f81b78a94b01de745a 6c8cf91935a0341aa386337b50f98f423d4a1cb35195f5906e49a3c11973d3d4
EXPORTER_SECRET 5814babceff8d72e834a1b91f2f0dd19bcec75f9bf0cd8f81b78a94b01de745a 1e44c45b9762967cb3406fdc99cd3cf9eba3a51e280fa0c05635d977f81f05de
