CLIENT_HANDSHAKE_TRAFFIC_SECRET 34a316541c8cf9f41c6a8f514f8a0f366088c895ad126d709a900a8127952432 c855dab3202e1d7950d60c639876e85489252ee9d851b878bf12dc62225f1186
SERVER_HANDSHAKE_TRAFFIC_SECRET 34a316541c8cf9f41c6a8f514f8a0f366088c895ad126d709a900a8127952432 411f05e154347297354b52cffce9650d06a5aed41582ff26b71ebfde3cba75ed
CLIENT_TRAFFIC_SECRET_0 34a316541c8cf9f41c6a8f514f8a0f366088c895ad126d709a900a8127952432 9adc5fdd7327d4e921e433f6cb31e93f238e68be7f72f7052b3c768079df2946
SERVER_TRAFFIC_SECRET_0 34a316541c8cf9f41c6a8f514f8a0f366088c895ad126d709a900a8127952432 910cbbe65e9848b5af4683889e8fb326b33d14b1c9e307104ca5b42167dc6539
EXPORTER_SECRET 34a316541c8cf9f41c6a8f514f8a0f366088c895ad126d709a900a8127952432 9223dbb78c88056c73fbf0c475aa1489a0178780caeb1adfe01af8feb4054e37
CLIENT_HANDSHAKE_TRAFFIC_SECRET 9ce9568a2a966d5305a8337e15527a4c0a9d53f41aa220fda4fa6e2ff000fbeb d4753a8b079f4625346cd3f5a806e32ed79d59ba7eb3fafe8599905c6d5c4ffb
SERVER_HANDSHAKE_TRAFFIC_SECRET 9ce9568a2a966d5305a8337e15527a4c0a9d53f41aa220fda4fa6e2ff000fbeb b445726cebb1857034c47414b5b3195fa0ac402a22ed597e9bbf7bc8be4004c1
CLIENT_TRAFFIC_SECRET_0 9ce9568a2a966d5305a8337e15527a4c0a9d53f41aa220fda4fa6e2ff000fbeb 60abf8f929c89035d6864823cab6dfa5f78ffe3c73d74ef8e2068c9e2078ccbd
SERVER_TRAFFIC_SECRET_0 9ce9568a2a966d5305a8337e15527a4c0a9d53f41aa220fda4fa6e2ff000fbeb d863cadf1b03306be64d212e7de534799a457ffda57f2883c4be32bb97ba7251
EXPORTER_SECRET 9ce9568a2a966d5305a8337e15527a4c0a9d53f41aa220fda4fa6e2ff000fbeb 9e7aa9d5c681e8258b180a277dc3ebc3c1f373b0f17bfa803ebf75c31228ef02
CLIENT_HANDSHAKE_TRAFFIC_SECRET f3fa871f4e2aa5c47c5089f4c688c73c9dc5f9421ac0c090bf92da5293b5d7f1 a426c190eb4fa4d7cba5b3c7ceb7cb0877ae5596bc5224dfc6aee12d88b246ba
SERVER_HANDSHAKE_TRAFFIC_SECRET f3fa871f4e2aa5c47c5089f4c688c73c9dc5f9421ac0c090bf92da5293b5d7f1 f2e66fb6a42e1afe247ca2b1b4452c3991fe837a00d091c3eaa018d115acc601
CLIENT_HANDSHAKE_TRAFFIC_SECRET 87a6847dfd311fa540e2a5ae96dd4c021758f9f03797b2147e71f70902a806b7 26ec4f7cafc14a917782e9f999e7656eaf5e8e21112af1c06f8204e5161e2b9c
SERVER_HANDSHAKE_TRAFFIC_SECRET 87a6847dfd311fa540e2a5ae96dd4c021758f9f03797b2147e71f70902a806b7 f5e7b56aa98015aa402f3e0feaaf06191ea15f38dfb90860ba8c267e9ae7ea6d
CLIENT_TRAFFIC_SECRET_0 f3fa871f4e2aa5c47c5089f4c688c73c9dc5f9421ac0c090bf92da5293b5d7f1 522457a21dbaa9835765b1a67039c6ae7b2b6a6fd2d24b060644eaf5f019ac83
SERVER_TRAFFIC_SECRET_0 f3fa871f4e2aa5c47c5089f4c688c73c9dc5f9421ac0c090bf92da5293b5d7f1 11ad6bede16b869ce837c6540959194895a9c800792b93e4efd979a8ba443931
EXPORTER_SECRET f3fa871f4e2aa5c47c5089f4c688c73c9dc5f9421ac0c090bf92da5293b5d7f1 4b415d76dd2e9c31c0619b18dacdfcf3d48b2a799329f80b4469ee2baa8e513c
CLIENT_TRAFFIC_SECRET_0 87a6847dfd311fa540e2a5ae96dd4c021758f9f03797b2147e71f70902a806b7 2bc70f45f5f15653667482fb2ad4b64326fa820aa7fb5084dfb602de8fbafe46
SERVER_TRAFFIC_SECRET_0 87a6847dfd311fa540e2a5ae96dd4c021758f9f03797b2147e71f70902a806b7 0d4c0522ee9e7798fd59bbf95a7b81019d74b52aa2549775805842a90b5c715b
EXPORTER_SECRET 87a6847dfd311fa540e2a5ae96dd4c021758f9f03797b2147e71f70902a806b7 b8a20fd82df7ddabab541e55a8c4e84b13a51407dee4ff080be3642a6be9bca3
CLIENT_HANDSHAKE_TRAFFIC_SECRET c708c37657916f5259493abd2050e2d882c0aa4a0941c6b7c499217c709abbb5 ddb07157b9ef91923094188e9a98a6f16cbdaddf26cb9346036b4b9ad202e68d
SERVER_HANDSHAKE_TRAFFIC_SECRET c708c37657916f5259493abd2050e2d882c0aa4a0941c6b7c499217c709abbb5 16039126dfefa89cf8adb9c96de0d741fefcf4a2d185d0845abf73fcdb0a74f0
CLIENT_TRAFFIC_SECRET_0 c708c37657916f5259493abd2050e2d882c0aa4a0941c6b7c499217c709abbb5 91a8bdaf54ebf665a54fb88ab15ae2562c7424c9ab8f8d9795d6e3dab5c46229
SERVER_TRAFFIC_SECRET_0 c708c37657916f5259493abd2050e2d882c0aa4a0941c6b7c499217c709abbb5 43cb6610e5c739cb5f07cbb1983651a501f618287ee0d41b30682669d10ef44b
EXPORTER_SECRET c708c37657916f5259493abd2050e2d882c0aa4a0941c6b7c499217c709abbb5 06b678628319d93c4f66ecccf966eacc96240982732594a9f3c1bd289e1213e1
CLIENT_HANDSHAKE_TRAFFIC_SECRET 01dd1098db5d318b37bc137aa4b42d09129f05a7ca4766496f28f3c4e380f891 432bfe95e634a05136bf27183665f4eebaaa00716ed5b48e31435ccc3b4c4c45
SERVER_HANDSHAKE_TRAFFIC_SECRET 01dd1098db5d318b37bc137aa4b42d09129f05a7ca4766496f28f3c4e380f891 83bb3941b11dee85ff911fa138e3136fb844363685dfecf494aa449738636628
CLIENT_HANDSHAKE_TRAFFIC_SECRET 27b96a08080f96f9f2333193f0ed996041fb8bf27666fe1415de3ccb1a1451b7 041d391ca9aa1db19134b5d00e540a740b77dc913fa84b9242d3e1cc79f8a9ec
SERVER_HANDSHAKE_TRAFFIC_SECRET 27b96a08080f96f9f2333193f0ed996041fb8bf27666fe1415de3ccb1a1451b7 7ccc860c81fc29c40622e5805d2616e606c8111235ffb4ffe6c7957e7fb400a0
CLIENT_TRAFFIC_SECRET_0 01dd1098db5d318b37bc137aa4b42d09129f05a7ca4766496f28f3c4e380f891 eca28dcfbfc9713b1639f73ca560549dc58dc4ebd717490c064a02af651c805f
SERVER_TRAFFIC_SECRET_0 01dd1098db5d318b37bc137aa4b42d09129f05a7ca4766496f28f3c4e380f891 3a6f188f557c8b499dc52d9cb6c6d24a39e9b7e18cb11ac64f9531320588fc54
EXPORTER_SECRET 01dd1098db5d318b37bc137aa4b42d09129f05a7ca4766496f28f3c4e380f891 1093eb7c2e6346b9504306b7818baf136fdd2fef0e3111ae2f15b5892a18309f
CLIENT_TRAFFIC_SECRET_0 27b96a08080f96f9f2333193f0ed996041fb8bf27666fe1415de3ccb1a1451b7 cda55dc0e850ec4728030ebe671afe26df38a9275fa5e1b4ec52cbe1e3d91f3d
SERVER_TRAFFIC_SECRET_0 27b96a08080f96f9f2333193f0ed996041fb8bf27666fe1415de3ccb1a1451b7 e5d53091de9b661806cbd8dd5226a71d4035e2fbdec73040c57e86d404fdf085
EXPORTER_SECRET 27b96a08080f96f9f2333193f0ed996041fb8bf27666fe1415de3ccb1a1451b7 53e28d9c08a78440da69c905c97497b999f112b0b03e6e4fca1de02f732a7c25
CLIENT_HANDSHAKE_TRAFFIC_SECRET b969665c43335c9d4c570ae17f9204549cd8e1089243bc8f38f2f8d815c6e4b5 a860c591d907e16adde2b9299d36b5abd919869b8d6efaae3e34299fe12897b9
SERVER_HANDSHAKE_TRAFFIC_SECRET b969665c43335c9d4c570ae17f9204549cd8e1089243bc8f38f2f8d815c6e4b5 63066136a93b0812fdcb9b0ab35130a2b0a1677cc120903cd621852fb6a87aaa
CLIENT_TRAFFIC_SECRET_0 b969665c43335c9d4c570ae17f9204549cd8e1089243bc8f38f2f8d815c6e4b5 a87a36c082a05d754764d5e274578dcbe5467dc5ffec0e008a27173131ede578
CLIENT_HANDSHAKE_TRAFFIC_SECRET 73b673be511917ce3f996029f9aaa3b6abc2f734fc66b8235d6307b8726f84f8 d342c17c693c530d3cec98c55cd549fff7b4b96c3cfc6e2301a886c33c58d6c8
SERVER_TRAFFIC_SECRET_0 b969665c43335c9d4c570ae17f9204549cd8e1089243bc8f38f2f8d815c6e4b5 2567b46ceb44b2bfb77d0acd306ba0a3e6fdff0b27060cc32da37dc75cc43468
SERVER_HANDSHAKE_TRAFFIC_SECRET 73b673be511917ce3f996029f9aaa3b6abc2f734fc66b8235d6307b8726f84f8 8ea228072c526a26151d272bdd782d936dac653ed92beb5eea2bb7f2d052fd6b
EXPORTER_SECRET b969665c43335c9d4c570ae17f9204549cd8e1089243bc8f38f2f8d815c6e4b5 35cd996db334a8978252e653dec2ac96099bb31f046a6096158f0f3868c246fa
CLIENT_HANDSHAKE_TRAFFIC_SECRET be545b5246327141163f76d1a420ed1b617171db3f0c75a26ddeaacff3ffc86a 90e881ea9e5fcae0123e3e4fc3f970d4da249f2358c0df7b5de415002c6a5b97
CLIENT_HANDSHAKE_TRAFFIC_SECRET 82c83059982cfd3ac571df74e8b5d5c215a3b11e994f76c544b1f76d167adbab d947376b49d97b6eb9cd4711bae3079ae0c2eecec8651fad3477377f1fad1742
SERVER_HANDSHAKE_TRAFFIC_SECRET be545b5246327141163f76d1a420ed1b617171db3f0c75a26ddeaacff3ffc86a 9bcf5c3f7723c879ef9887e1a13f3b82b69c4a9767deb886d5ffddf49dfd8e3b
SERVER_HANDSHAKE_TRAFFIC_SECRET 82c83059982cfd3ac571df74e8b5d5c215a3b11e994f76c544b1f76d167adbab d6374e6cb8dd2670c6aceb657275f245b1ceb9e1fc5e679b702644479e194a1a
CLIENT_TRAFFIC_SECRET_0 82c83059982cfd3ac571df74e8b5d5c215a3b11e994f76c544b1f76d167adbab 5fc6fd1b2a5d3bbd3639c7e0df6a9c84d652e892d0e26ab8313f7b7f0d41cd77
SERVER_TRAFFIC_SECRET_0 82c83059982cfd3ac571df74e8b5d5c215a3b11e994f76c544b1f76d167adbab 2fdf804100d165e88dd1f871c3282c6bb583d9fc29cdac6307f5ab9cb1f5e350
EXPORTER_SECRET 82c83059982cfd3ac571df74e8b5d5c215a3b11e994f76c544b1f76d167adbab 1e1d9335e9e54d127a536f138d8827f3bbf16d42f8de4bb987897291ec6b1543
CLIENT_HANDSHAKE_TRAFFIC_SECRET 1399f6e6ca5fd2f0c100ce4a126f7a40dd9cacfd5b85b5a1e0e7f01272663b7d 13cb2c858ec18bf10c291f8d3608873a33ac8fdc5c5bf50116c12869a37d232c
CLIENT_TRAFFIC_SECRET_0 be545b5246327141163f76d1a420ed1b617171db3f0c75a26ddeaacff3ffc86a 6ca13feffc61081ccb05f51f0bdd3612750142559720acabf7bf28dc988f2bb9
SERVER_HANDSHAKE_TRAFFIC_SECRET 1399f6e6ca5fd2f0c100ce4a126f7a40dd9cacfd5b85b5a1e0e7f01272663b7d 72dda928254bd68b7a0fc176fb906d4e82880f43ff31725664b31df1db69acf6
SERVER_TRAFFIC_SECRET_0 be545b5246327141163f76d1a420ed1b617171db3f0c75a26ddeaacff3ffc86a 55910feecb39b921142879dd4fdb2fccdfb1739234a7a0f1387bdb5d0f509313
EXPORTER_SECRET be545b5246327141163f76d1a420ed1b617171db3f0c75a26ddeaacff3ffc86a 246567327d08552fe9f9d6a5951a368104feca07dc4438cf8317327db2501ba5
CLIENT_TRAFFIC_SECRET_0 73b673be511917ce3f996029f9aaa3b6abc2f734fc66b8235d6307b8726f84f8 95685ac759e42bcf89c59669ddcdf0228d19f9f86a5323f4c051bc334c3789b0
SERVER_TRAFFIC_SECRET_0 73b673be511917ce3f996029f9aaa3b6abc2f734fc66b8235d6307b8726f84f8 62ec12e974ef910f703fce79c5ea861853d7b1abef5467b865c7a5d8707c7f0f
EXPORTER_SECRET 73b673be511917ce3f996029f9aaa3b6abc2f734fc66b8235d6307b8726f84f8 297616f3262b7c74594404b1716b3aefe863f0a354656654ced32ce6af92b746
CLIENT_TRAFFIC_SECRET_0 1399f6e6ca5fd2f0c100ce4a126f7a40dd9cacfd5b85b5a1e0e7f01272663b7d fbfb3df55e08e8fe0325372d71cb7e8a22bd034e2a42b36d8bd62805b71d3694
SERVER_TRAFFIC_SECRET_0 1399f6e6ca5fd2f0c100ce4a126f7a40dd9cacfd5b85b5a1e0e7f01272663b7d 4ce0d71a9c701818c2d808324c42927343c3b824c4aa3b075bc26eb6104ce280
EXPORTER_SECRET 1399f6e6ca5fd2f0c100ce4a126f7a40dd9cacfd5b85b5a1e0e7f01272663b7d 74e3df2f233e2625d7c39deaa5fd7d35c74f1be79690d00237f3984fd34de4dd
CLIENT_HANDSHAKE_TRAFFIC_SECRET ed9f224f37bfd3ddc3fa51171bf30b8f7834de3948490f03fe0050e8f6fb34ef e43bafeb8c5569e857fb2ffa4c28979f006222dc6221bcdd728f5306100d0292
SERVER_HANDSHAKE_TRAFFIC_SECRET ed9f224f37bfd3ddc3fa51171bf30b8f7834de3948490f03fe0050e8f6fb34ef 4721c61e6b1ad404a3d2cf428c812cc8cb83923a2d12b1bc6f2ef5cf10a46ceb
CLIENT_HANDSHAKE_TRAFFIC_SECRET 0f1e413f820b82d10638297f149373c1eb9ad8f892be673dae404a54c91fac48 f955b6766a4904f907e1332dda42b469b258bb0ae921d463a6a6f6cdc3be0e8e
SERVER_HANDSHAKE_TRAFFIC_SECRET 0f1e413f820b82d10638297f149373c1eb9ad8f892be673dae404a54c91fac48 59cfaf9ffb852495e5d106b8a4f9e263244d991642235e9629e43f7c0f486070
CLIENT_TRAFFIC_SECRET_0 ed9f224f37bfd3ddc3fa51171bf30b8f7834de3948490f03fe0050e8f6fb34ef ad49b9898be3a7d3877f4f537912869b007f8e104676ab58702dea1ac866caed
SERVER_TRAFFIC_SECRET_0 ed9f224f37bfd3ddc3fa51171bf30b8f7834de3948490f03fe0050e8f6fb34ef 7d136edbd1bd54441429f03245439e2edfb4020408ad2498e3f3b79ad449f54c
EXPORTER_SECRET ed9f224f37bfd3ddc3fa51171bf30b8f7834de3948490f03fe0050e8f6fb34ef 5a5f07f0277b90a01aab0d68b415df878627b7561f1897afa008c815f42ca270
CLIENT_TRAFFIC_SECRET_0 0f1e413f820b82d10638297f149373c1eb9ad8f892be673dae404a54c91fac48 195183d3356be84af74b6b3318bfa84bc0b7f9a317057215fd02304a86e5e00f
SERVER_TRAFFIC_SECRET_0 0f1e413f820b82d10638297f149373c1eb9ad8f892be673dae404a54c91fac48 e996447282933bb09e9d37b8875519609e15298e6e7ed214911eb577b779aad0
EXPORTER_SECRET 0f1e413f820b82d10638297f149373c1eb9ad8f892be673dae404a54c91fac48 68c3f055a1d342c4786d1e20a705b583fabf8dae95e51e5bdd538114d787f33f
CLIENT_HANDSHAKE_TRAFFIC_SECRET c2a70334ed8b2f7198662675b86704696aea225d8e268d4b728edaf8ca1a1070 4caa7ecab866cc6232418b562c1616fb0e58cffac7bd69838218777625f1acb5
SERVER_HANDSHAKE_TRAFFIC_SECRET c2a70334ed8b2f7198662675b86704696aea225d8e268d4b728edaf8ca1a1070 5cf6ad2f4c582bad9e79de73ce869e72523d69d59f09d0190ebd741d02ef8aaf
CLIENT_TRAFFIC_SECRET_0 c2a70334ed8b2f7198662675b86704696aea225d8e268d4b728edaf8ca1a1070 5b5f53a60c6252e6929056c150e8cf90202f73d2a2e09ab1ad0e03232f2d54aa
SERVER_TRAFFIC_SECRET_0 c2a70334ed8b2f7198662675b86704696aea225d8e268d4b728edaf8ca1a1070 8a8b4d3ee57d201db3b5a1eb0cf39b2136bef23e12cfed1ee116f3d00b9a92de
EXPORTER_SECRET c2a70334ed8b2f7198662675b86704696aea225d8e268d4b728edaf8ca1a1070 7433397d4eb859d3d4ba520b29b57e4bf213378953fa15492bda45956fd43318
CLIENT_HANDSHAKE_TRAFFIC_SECRET e887ebc5845d3c8a648160e47bd389e98e6d601731f65eee0bd9cc41ba1f326e df9951a5cbb65287aaa3cbf77a6af0b24b4aaf758b08b1f6cda3822db08eee36
SERVER_HANDSHAKE_TRAFFIC_SECRET e887ebc5845d3c8a648160e47bd389e98e6d601731f65eee0bd9cc41ba1f326e 8d6b425f8d8fafd68302f4fcf74de079cefac004fea62a856d4edc7afb0e71e9
CLIENT_TRAFFIC_SECRET_0 e887ebc5845d3c8a648160e47bd389e98e6d601731f65eee0bd9cc41ba1f326e e83c3893b6cb606b6f157aa1c9a6352b06b15ac2e545971f6ac6b4c6cfc599a3
SERVER_TRAFFIC_SECRET_0 e887ebc5845d3c8a648160e47bd389e98e6d601731f65eee0bd9cc41ba1f326e 3ccc6b43b95a00eb03ce98a153e6e3873de494cf2b138a50486a8a5ae6f909dd
EXPORTER_SECRET e887ebc5845d3c8a648160e47bd389e98e6d601731f65eee0bd9cc41ba1f326e 377c516683e55a82cf22a1e4e88bb19973e4999a4bb48665de474411b0e50bbb
