CLIENT_HANDSHAKE_TRAFFIC_SECRET 55abe164aee7af5f68571552c83c9fd2ce2efffcbac0f9a982001d2dc684e5b1 c725d10be7c51bbd5dd25415e241d86cb0cc90e27853203c866760d757fd4176
SERVER_HANDSHAKE_TRAFFIC_SECRET 55abe164aee7af5f68571552c83c9fd2ce2efffcbac0f9a982001d2dc684e5b1 7c19c17b52a5538b48783f00a4a1f2145293705a0917b6e1269279903f04eeb5
CLIENT_TRAFFIC_SECRET_0 55abe164aee7af5f68571552c83c9fd2ce2efffcbac0f9a982001d2dc684e5b1 871dc5ba189439202117c832954ee5857a42ed8cad9acc7c450661ab2fd9b289
SERVER_TRAFFIC_SECRET_0 55abe164aee7af5f68571552c83c9fd2ce2efffcbac0f9a982001d2dc684e5b1 90af6f3cea60ebf4862431e83ade1773f35a6e0cb1a0a305920ed3a45b22b97a
EXPORTER_SECRET 55abe164aee7af5f68571552c83c9fd2ce2efffcbac0f9a982001d2dc684e5b1 2c5244198ab9ea472e02eef12418aa4d42d8596ce2f51a232775604ec15634b5
CLIENT_HANDSHAKE_TRAFFIC_SECRET 8941262edfe0a28c4432ad95aa4bc58ff5a26620db87708ba9428ac52b53d9e0 75dc43ec8210c149908473d1b57f7b87dd62101be836995d7e51a975de224d3f
SERVER_HANDSHAKE_TRAFFIC_SECRET 8941262edfe0a28c4432ad95aa4bc58ff5a26620db87708ba9428ac52b53d9e0 8fe96d845a81c694bdc3c6ab6e3ec99e052ba6a3d3fb63d11fb67b3e3d71c9db
CLIENT_HANDSHAKE_TRAFFIC_SECRET 9b9b1179ef69403f73fdedb5a4aa978ea669db8db9dc7bdf9d406e06e6a416e4 6ff712c93323c114e4fc62bc4363ea790df4b2a7fa085df61a3002a45be73d91
SERVER_HANDSHAKE_TRAFFIC_SECRET 9b9b1179ef69403f73fdedb5a4aa978ea669db8db9dc7bdf9d406e06e6a416e4 2c162a1d2c3442a151200a94baae3fcb980e78163ceb98f36b2bdf2e0ad7329c
CLIENT_HANDSHAKE_TRAFFIC_SECRET 014ae69b02043c182ccf3dd9a617dc589cbc20f99f2e41365c4cfff0f44b32ed 0737d9a81eedb254cb6585e2ca9aa517d645fc000e93c70bee8b5e768f3eea9e
SERVER_HANDSHAKE_TRAFFIC_SECRET 014ae69b02043c182ccf3dd9a617dc589cbc20f99f2e41365c4cfff0f44b32ed 25bf2915b02fc6818996748db38acaa9a0002a32b9678bdc3866ff67277e3043
CLIENT_HANDSHAKE_TRAFFIC_SECRET d9ee27e8a70518650eed6f0772edec740d36095428fd6b50b16d97d00ae963fb 4d9d000a253f2d16fdf0fa911bb83d690894a432a607df91e88e75628fe89adb
SERVER_HANDSHAKE_TRAFFIC_SECRET d9ee27e8a70518650eed6f0772edec740d36095428fd6b50b16d97d00ae963fb de6608b07aed9212e26361dc1a12911b95d715ac2db888be6283abd52ef9c517
CLIENT_HANDSHAKE_TRAFFIC_SECRET 03be88f5976443eff32595d35ce82cc9199770bf6df8b95f519566c055079174 d8000cac8399a4f6cf151d5b8502c89ada2493d271f913f05f90dce4c5eee704
SERVER_HANDSHAKE_TRAFFIC_SECRET 03be88f5976443eff32595d35ce82cc9199770bf6df8b95f519566c055079174 e7add22a9d4952ae256ce112d9af7440df5c6acc58e4492d4a4c8a5ec7545b53
CLIENT_HANDSHAKE_TRAFFIC_SECRET bbc50adf5b7e3d77bf0a6b9e60a05758d93fe39c8cf94bc5371cf92f41f6327c 44bed296e2edf03637523a840ab4d022f1711d14f7b0816b4d4628d87ca557b3
SERVER_HANDSHAKE_TRAFFIC_SECRET bbc50adf5b7e3d77bf0a6b9e60a05758d93fe39c8cf94bc5371cf92f41f6327c 5a973bf1b5029d879f7bf3748a1db4cda54cbd86105aea6b40342cc892dcd5dd
CLIENT_HANDSHAKE_TRAFFIC_SECRET ddddb2ccfff41a6f46e611528c9a1690461a6a937cb81ffccd68b778f509941d 1b88f1fbe1a72fcf02fc0d132c88ddb7e58625fec1881dcad22391f82cd5cb90
SERVER_HANDSHAKE_TRAFFIC_SECRET ddddb2ccfff41a6f46e611528c9a1690461a6a937cb81ffccd68b778f509941d b930cee76003adf7b0870003bfc475f8b29313a323fec282724287bb4ab6df1c
CLIENT_HANDSHAKE_TRAFFIC_SECRET 9b54a32eaa49b3ced560a954f165cd85e66f08a5f8134ae83761392ccfa435db 0d90a8a8672962b0be498a9dcc23a7b91676e643f50e578d24d3e2dcc3e4af64
SERVER_HANDSHAKE_TRAFFIC_SECRET 9b54a32eaa49b3ced560a954f165cd85e66f08a5f8134ae83761392ccfa435db bc58207d814615ebe6c55024301d7af8fcfb880d2c85365c214fde84edfa275d
CLIENT_TRAFFIC_SECRET_0 8941262edfe0a28c4432ad95aa4bc58ff5a26620db87708ba9428ac52b53d9e0 20639fb1899b895cdb87fee6c91285ecd308ed63a705a8cbf930797e9a70c0ae
SERVER_TRAFFIC_SECRET_0 8941262edfe0a28c4432ad95aa4bc58ff5a26620db87708ba9428ac52b53d9e0 0a5dd4a0e32bcaae4d9e1ff8e1439ee54c0d103df6ba06e104323296fb1525ff
EXPORTER_SECRET 8941262edfe0a28c4432ad95aa4bc58ff5a26620db87708ba9428ac52b53d9e0 0ea1b3699beee7300dffee19dc08d9297aa385ba4e011cff74cadd836c23a766
CLIENT_TRAFFIC_SECRET_0 9b9b1179ef69403f73fdedb5a4aa978ea669db8db9dc7bdf9d406e06e6a416e4 7dad65ba29ca33552cb083c84bb437f206544d3d4244a67058a3eaf167c69404
SERVER_TRAFFIC_SECRET_0 9b9b1179ef69403f73fdedb5a4aa978ea669db8db9dc7bdf9d406e06e6a416e4 4941481b777b94c9a8265a6ed7776c202dd7aef02a95ef1219906cdfb63af21a
EXPORTER_SECRET 9b9b1179ef69403f73fdedb5a4aa978ea669db8db9dc7bdf9d406e06e6a416e4 2c9975595da8229c84207ef3941ab32bfbeb1f8a37fa523c4754c4e97e26aad9
CLIENT_HANDSHAKE_TRAFFIC_SECRET 2c214c445c3a8fef337dd66e72b56ec8532fb7837a17191a4093a65b2e0533b3 34276e2b82e91a94ef2080a1bdc14de3c36c10d585fabd60b08328dfcef84a15
SERVER_HANDSHAKE_TRAFFIC_SECRET 2c214c445c3a8fef337dd66e72b56ec8532fb7837a17191a4093a65b2e0533b3 9713ff0c10ee9ca5ba45518905da9584b182ebd0ce6518e84a802f4a140a2832
CLIENT_TRAFFIC_SECRET_0 014ae69b02043c182ccf3dd9a617dc589cbc20f99f2e41365c4cfff0f44b32ed ece20045925656728f296802ea5e119ac7056436a213b46f9211b12661eb9979
SERVER_TRAFFIC_SECRET_0 014ae69b02043c182ccf3dd9a617dc589cbc20f99f2e41365c4cfff0f44b32ed b8030d2a5c0336829eec1c47526af019c901c68087c88bca7f509839ead40343
EXPORTER_SECRET 014ae69b02043c182ccf3dd9a617dc589cbc20f99f2e41365c4cfff0f44b32ed d6c184ffeaa01498b39feeee697e8d5a76bb24d266654372eef978aa7bfe2412
CLIENT_HANDSHAKE_TRAFFIC_SECRET 956546f5df9972d11c6a0202c16e159e0ce1be6fbfcea95e20c4bd690aed930b 92b23d8806761b2da780562005cd401c4ec088abcd857de3d9adfd4f12a4d59b
SERVER_HANDSHAKE_TRAFFIC_SECRET 956546f5df9972d11c6a0202c16e159e0ce1be6fbfcea95e20c4bd690aed930b 74ca3620e19c5b33e857e9067206d87ff4ba4dd5f85aef72d78e429b226786fb
CLIENT_HANDSHAKE_TRAFFIC_SECRET b0a7ec3a5d3eb4ded66131792155fe552e599d97fb9ec9273515a31351fbfaae 8a668a83896863845ef206c8fef2dc2344d59d9786ed6b3cded64965c269a8ec
SERVER_HANDSHAKE_TRAFFIC_SECRET b0a7ec3a5d3eb4ded66131792155fe552e599d97fb9ec9273515a31351fbfaae 26614797ca4c375580056ad690cfe779106022e4356125a139c9dae196d56e98
CLIENT_HANDSHAKE_TRAFFIC_SECRET 3b208b944a24c6cd5df253149c0c493efafdfb6ada3b6386c072ceccb63061af 743d7f70573ba75e0e530cd46e1aa81f8ac40e69d380e9511220cca7ed5373b6
SERVER_HANDSHAKE_TRAFFIC_SECRET 3b208b944a24c6cd5df253149c0c493efafdfb6ada3b6386c072ceccb63061af f43f544812594c3970c2eae8adb6a3048daf1296c85dd9fbce0304828d0089aa
CLIENT_TRAFFIC_SECRET_0 d9ee27e8a70518650eed6f0772edec740d36095428fd6b50b16d97d00ae963fb 571d65f45e5a791920d69fa987172ed0fa7d2b84b143cea8dc57d9687f3a439e
SERVER_TRAFFIC_SECRET_0 d9ee27e8a70518650eed6f0772edec740d36095428fd6b50b16d97d00ae963fb 068072ebbc0e85c1a92cb3fd5d94efb8a6332ba71bf97a032175f5e6f9dd73f9
EXPORTER_SECRET d9ee27e8a70518650eed6f0772edec740d36095428fd6b50b16d97d00ae963fb 8ed184794ee14adca6714b6c0534ff94abf2ed8eac97eab177b1827c475fbcf8
CLIENT_TRAFFIC_SECRET_0 03be88f5976443eff32595d35ce82cc9199770bf6df8b95f519566c055079174 b0fe2aa3e787fe7cba0a8302ee860cd68cd035bfbb61a81d35f91814317ba913
SERVER_TRAFFIC_SECRET_0 03be88f5976443eff32595d35ce82cc9199770bf6df8b95f519566c055079174 ce250b7f1d25f89ce7d0885d920404cff3b602e8bfaef7e7e7c3e87f1e3e620f
EXPORTER_SECRET 03be88f5976443eff32595d35ce82cc9199770bf6df8b95f519566c055079174 bc5522a097dba002df8f7fab7f8ac74cc77f8a5e70600a1986abe06d5853c76b
CLIENT_TRAFFIC_SECRET_0 bbc50adf5b7e3d77bf0a6b9e60a05758d93fe39c8cf94bc5371cf92f41f6327c 7f416bf7531fe3ccfd30a1a60b30e120f39f9383270add6911ab584268cee7a1
SERVER_TRAFFIC_SECRET_0 bbc50adf5b7e3d77bf0a6b9e60a05758d93fe39c8cf94bc5371cf92f41f6327c dcdd97fb32e2568bede6ce0907aa114f2ca199a973ad48ddf5a3f229916132f1
EXPORTER_SECRET bbc50adf5b7e3d77bf0a6b9e60a05758d93fe39c8cf94bc5371cf92f41f6327c 71d9e22bc95c34b33c26186566d0bc22f1292b3c8581fcbcdf8695311c0817ea
CLIENT_TRAFFIC_SECRET_0 ddddb2ccfff41a6f46e611528c9a1690461a6a937cb81ffccd68b778f509941d 892ffdae6c355a61b9dd6dc83f3ea45db12378e3f819b481b3877bf71f2e48e6
SERVER_TRAFFIC_SECRET_0 ddddb2ccfff41a6f46e611528c9a1690461a6a937cb81ffccd68b778f509941d 73dda5909a1cbdf44bc7947583dd7658ec166aa0f4315b4838bbb59ba1563076
EXPORTER_SECRET ddddb2ccfff41a6f46e611528c9a1690461a6a937cb81ffccd68b778f509941d 2ab25cbb397d79ed7d3f8580817adf41e20318746956bac98eae8384fa1731e2
CLIENT_TRAFFIC_SECRET_0 9b54a32eaa49b3ced560a954f165cd85e66f08a5f8134ae83761392ccfa435db 12428505b91ff53e819d14c554edb455e9d3b796a6fae67b59b8598c73e7e035
SERVER_TRAFFIC_SECRET_0 9b54a32eaa49b3ced560a954f165cd85e66f08a5f8134ae83761392ccfa435db 5bf4c0f458bff2ffc0d3ebdf649cdf6ea0f52a2045d650d548dbf83da8b7288c
EXPORTER_SECRET 9b54a32eaa49b3ced560a954f165cd85e66f08a5f8134ae83761392ccfa435db 244333fd5047c3a833ace5016cbe233627ea93b2afa1bbb875cf0763a42b7ff8
CLIENT_TRAFFIC_SECRET_0 956546f5df9972d11c6a0202c16e159e0ce1be6fbfcea95e20c4bd690aed930b ff47a83d09b896f2a95db9f5aa4e3a9326cb1abab6e0d89f3aad17983793f639
SERVER_TRAFFIC_SECRET_0 956546f5df9972d11c6a0202c16e159e0ce1be6fbfcea95e20c4bd690aed930b 779487fc21560187d150fbc8aca9e37fdeacf99b417d266e906a9dddac57210a
EXPORTER_SECRET 956546f5df9972d11c6a0202c16e159e0ce1be6fbfcea95e20c4bd690aed930b d7961b93c4ecb9ede66ac13ceeac0edaaeb8a04de58513f938be1f919e985285
CLIENT_HANDSHAKE_TRAFFIC_SECRET cefb961ec82b1e4727291aed81037f5e2c1ccaf81e0126bc833153fd664f3211 7c9765901d6f4411c04903e28b939396589dc7c207ff5ae640013fe3f746c9ec
SERVER_HANDSHAKE_TRAFFIC_SECRET cefb961ec82b1e4727291aed81037f5e2c1ccaf81e0126bc833153fd664f3211 9eecc85bc313b028b130f2234a440eca7f4d8dce004fcc1c14a0bb911a534955
CLIENT_TRAFFIC_SECRET_0 2c214c445c3a8fef337dd66e72b56ec8532fb7837a17191a4093a65b2e0533b3 6adf754612b261e6f47286a5ff46c0ae3e5942231459db4925e9387030d89c01
SERVER_TRAFFIC_SECRET_0 2c214c445c3a8fef337dd66e72b56ec8532fb7837a17191a4093a65b2e0533b3 d96c8a93e9cda0da7b6d892c494cfe99d6b0936188bf4f90fd4258c5d9992398
EXPORTER_SECRET 2c214c445c3a8fef337dd66e72b56ec8532fb7837a17191a4093a65b2e0533b3 a78a52e7142d52fd746f18115798915612f782bc920c849116191cb5eaabbadb
CLIENT_TRAFFIC_SECRET_0 3b208b944a24c6cd5df253149c0c493efafdfb6ada3b6386c072ceccb63061af 0036f4b461c3d22a8f544177804ded876e9465c664945b219ad347e687d52fa9
SERVER_TRAFFIC_SECRET_0 3b208b944a24c6cd5df253149c0c493efafdfb6ada3b6386c072ceccb63061af 0bc6667c29335224e5b91686a8f03e0550647db6349cc6ef216d310acaa98050
EXPORTER_SECRET 3b208b944a24c6cd5df253149c0c493efafdfb6ada3b6386c072ceccb63061af 6fed5a8a7a8042557267dc938c944a88ca58b2572bd0186735a136e13b971cfd
CLIENT_TRAFFIC_SECRET_0 b0a7ec3a5d3eb4ded66131792155fe552e599d97fb9ec9273515a31351fbfaae f8601b4e1a34aca9dba44926135cc4e1938df73889d1330518dcbf40f33fa5bb
SERVER_TRAFFIC_SECRET_0 b0a7ec3a5d3eb4ded66131792155fe552e599d97fb9ec9273515a31351fbfaae 89891a6d1ff69c409ee35ea49cb63cbbdc947695d5d2ecb20356a254265f01d5
EXPORTER_SECRET b0a7ec3a5d3eb4ded66131792155fe552e599d97fb9ec9273515a31351fbfaae 281c9e791ceff82926cc94a941a00344949b9106b592aac05e7375e0a9257afe
CLIENT_TRAFFIC_SECRET_0 cefb961ec82b1e4727291aed81037f5e2c1ccaf81e0126bc833153fd664f3211 70b9c44d86f80c5fb2828c5d26f520d602d84f75a63c698e6a3e759b00e72d52
SERVER_TRAFFIC_SECRET_0 cefb961ec82b1e4727291aed81037f5e2c1ccaf81e0126bc833153fd664f3211 55ab0ffb117eb0fefe6847037e5847fa68b7b54fc6ace40685fcc4560f0872b6
EXPORTER_SECRET cefb961ec82b1e4727291aed81037f5e2c1ccaf81e0126bc833153fd664f3211 6fda988543eb4f3a5a1d1ff6590525e7b86512c639ff4e7b9e6047678ad0d020
