CLIENT_HANDSHAKE_TRAFFIC_SECRET 3e661e5969dfd89475ba272e7f66e074ec977a3d0941cb4d01db13916c4339c5 6710748358d37237295a192b1cecaee69ee79652a1551c656450b0f911b45075
SERVER_HANDSHAKE_TRAFFIC_SECRET 3e661e5969dfd89475ba272e7f66e074ec977a3d0941cb4d01db13916c4339c5 f21d88ee941b524de9389bd73c5c0530fb205b3b904492b259ef0eb7a51cbacc
CLIENT_TRAFFIC_SECRET_0 3e661e5969dfd89475ba272e7f66e074ec977a3d0941cb4d01db13916c4339c5 b61bca682085d65055d2923340f98492538de2177830bd107027a74a3c3f636c
SERVER_TRAFFIC_SECRET_0 3e661e5969dfd89475ba272e7f66e074ec977a3d0941cb4d01db13916c4339c5 7a2676bda167c9d5ef57efa51fa83f46ad8ff8cde849c89e7e7ca92fbb8b2124
EXPORTER_SECRET 3e661e5969dfd89475ba272e7f66e074ec977a3d0941cb4d01db13916c4339c5 420decbc6e6e0cd10508c24e1ae030cd19f7f2a77e778167870314774beef971
CLIENT_HANDSHAKE_TRAFFIC_SECRET c1b89f635c291ebe3437d6bb893ef74eae450d41e60256b0369adeb938e3a6ea b5b94f5f2ba9d60eb7daddc278bbb5fb008a8d72098e44709413e96b889f26b7
SERVER_HANDSHAKE_TRAFFIC_SECRET c1b89f635c291ebe3437d6bb893ef74eae450d41e60256b0369adeb938e3a6ea 05c8f23dbe2911696824c9cb66edc1d0557bbcc17a4f9480fb5eadb1e9c05231
CLIENT_HANDSHAKE_TRAFFIC_SECRET 6513bd03826eb487ea8180002820599f1e53dd780206702ccb88693b897c0b5c 62a4cf7ffc317aaccdb4ebff40cb8fb10221c046a871b4457a24e081b015acdf
SERVER_HANDSHAKE_TRAFFIC_SECRET 6513bd03826eb487ea8180002820599f1e53dd780206702ccb88693b897c0b5c 6e4c21ccb70c699a190e0ca2b7f57d6e13d9039606704a693851901f6741d60b
CLIENT_HANDSHAKE_TRAFFIC_SECRET 2f1829e3539406c36fefc0ed10bf6e7ea824a0bb4d4a016e5ef7eec983e667d3 64c32e46c2e64bd08dad3efc29a675abad5c8bbcebaeb2a905083162b90b43f2
SERVER_HANDSHAKE_TRAFFIC_SECRET 2f1829e3539406c36fefc0ed10bf6e7ea824a0bb4d4a016e5ef7eec983e667d3 b4d4c8e3a422a1fa837c10b8e6df2aa3637af50d6d256d1cfb7c85e0cb5b9254
CLIENT_HANDSHAKE_TRAFFIC_SECRET 570e973b02a5aebda20066747e08aea50794b5602fafa17bca1be04b0c1148d6 960a581c828790f9783e4d62d229044a6855c39b9b6d00b23089cbe09c3065fe
SERVER_HANDSHAKE_TRAFFIC_SECRET 570e973b02a5aebda20066747e08aea50794b5602fafa17bca1be04b0c1148d6 9dbeb61f8354efc458a5587e15f4eae148808d3ceb930439a2b89f9ac98af828
CLIENT_HANDSHAKE_TRAFFIC_SECRET 5fb9b796db2f0dbfd90b7901cbdf3ad7fe0b9d5c20be69d0634b31438a409e68 62d351f025ff456ba6ed2e348ee694980a636bb63c92f01eb6d0bf914b9556bc
SERVER_HANDSHAKE_TRAFFIC_SECRET 5fb9b796db2f0dbfd90b7901cbdf3ad7fe0b9d5c20be69d0634b31438a409e68 be977cada773e495fc54e36b85055b9ae6c1cfc2959588ff75f2c526ebfe29ac
CLIENT_HANDSHAKE_TRAFFIC_SECRET 846f1a9a41e814854cd4c2e0e2cb6e75600453c9bd4fabc55d89f4e6f53e6124 c69d7450f0847939e230595527f8eb4caada85a8f6733e890f885514c3782650
SERVER_HANDSHAKE_TRAFFIC_SECRET 846f1a9a41e814854cd4c2e0e2cb6e75600453c9bd4fabc55d89f4e6f53e6124 500d203f7d7cebb3cd7332d5510efe5e6c969a3e785095f9e179e33b9f371def
CLIENT_HANDSHAKE_TRAFFIC_SECRET 497a99b4be41ef9c152f1710d0e3b4b75750be1f632eccfde9be270e7a9983a5 92bcc0ee831060583e0fd4987d7acc6b25eceb6d11bc75226c7945afe5a8257c
SERVER_HANDSHAKE_TRAFFIC_SECRET 497a99b4be41ef9c152f1710d0e3b4b75750be1f632eccfde9be270e7a9983a5 5bec05b9cec43270daedf891e2974ff2b8dd8b7e7131932ba4c7a736e08c547d
CLIENT_HANDSHAKE_TRAFFIC_SECRET af2cd129f0b679615622f94545a9ccb4f9d7cd916811be1ebed166ca5a04843c 9f82d4a52a4a0504fd9801a48a75c58bad6a36ca4a66b8f67da67a6f200345a0
SERVER_HANDSHAKE_TRAFFIC_SECRET af2cd129f0b679615622f94545a9ccb4f9d7cd916811be1ebed166ca5a04843c 076b65a69c38eab95e64a6983d8f7109aadc7d666718229b44904c43db0c7365
CLIENT_HANDSHAKE_TRAFFIC_SECRET 832490a5d229aa526d447832c25265daa75c81e2dec86bbdf34eb8c3c6fb490a 219baa5aad24063b3ec9886fccbdb68bfa0dfa4aea6a6682c0459a9a636d82b7
SERVER_HANDSHAKE_TRAFFIC_SECRET 832490a5d229aa526d447832c25265daa75c81e2dec86bbdf34eb8c3c6fb490a d7b3ee60679a39608d713d5d835cc9170c14eb06a147b5c5f1f72c2a7283948b
CLIENT_HANDSHAKE_TRAFFIC_SECRET 4c7b54c2805ae353b65e21ad54a7ac36214575e981c487767616f6be7af87e21 a2c574c1a947413a4ac8192c9394b07846ee85c780c324fe0349a2dcc3127058
SERVER_HANDSHAKE_TRAFFIC_SECRET 4c7b54c2805ae353b65e21ad54a7ac36214575e981c487767616f6be7af87e21 68ba02d18888eca063f60c40bff8c3e72578a8bcf4ef6516c015afad52e9f400
CLIENT_TRAFFIC_SECRET_0 c1b89f635c291ebe3437d6bb893ef74eae450d41e60256b0369adeb938e3a6ea 148a2e1b1468a5fb4f325a101298de16f02df6f67dcabedf86f24c91433276b1
SERVER_TRAFFIC_SECRET_0 c1b89f635c291ebe3437d6bb893ef74eae450d41e60256b0369adeb938e3a6ea 4508f3880f516c05c5afc2f106c5ec8057cb35215363533e4eb157582967723f
EXPORTER_SECRET c1b89f635c291ebe3437d6bb893ef74eae450d41e60256b0369adeb938e3a6ea 1e0db93328c186ba561a66e3f4721f197ed01e7c1ac7d594ee4e32dfd2b2fcb8
CLIENT_TRAFFIC_SECRET_0 6513bd03826eb487ea8180002820599f1e53dd780206702ccb88693b897c0b5c 4dc58e5705e91539e17a5cfa3804463bec66de03255a19491e270b41a32a6673
SERVER_TRAFFIC_SECRET_0 6513bd03826eb487ea8180002820599f1e53dd780206702ccb88693b897c0b5c d27a7e39b97c6e10ea0a443a104f540e45f947d055623eb5d7e966b95ed9506f
EXPORTER_SECRET 6513bd03826eb487ea8180002820599f1e53dd780206702ccb88693b897c0b5c 3c7e2972acf53c704f2bb9cbdac99ba78d61573cc90dd3941af62df1895e0d12
CLIENT_TRAFFIC_SECRET_0 2f1829e3539406c36fefc0ed10bf6e7ea824a0bb4d4a016e5ef7eec983e667d3 b2027b6ba97d1d4f9c5e72a3dac836deaf11bdcd25c64bb267aec39076ae20c0
CLIENT_TRAFFIC_SECRET_0 570e973b02a5aebda20066747e08aea50794b5602fafa17bca1be04b0c1148d6 f7df5ad7b41fce8823398747ca324d1debcd5698a95bf5009c121fb82f0c8ad4
SERVER_TRAFFIC_SECRET_0 2f1829e3539406c36fefc0ed10bf6e7ea824a0bb4d4a016e5ef7eec983e667d3 53a13ebb2772c61e58daa595ff9a617594d140f83d3c6bfa8da2cc62d34aaa2b
SERVER_TRAFFIC_SECRET_0 570e973b02a5aebda20066747e08aea50794b5602fafa17bca1be04b0c1148d6 62f638369ac5729b327769d718179a683acde95ae15596f2d8343f6896bd82e7
EXPORTER_SECRET 2f1829e3539406c36fefc0ed10bf6e7ea824a0bb4d4a016e5ef7eec983e667d3 05dfde18577dff7d513458ac3f56247ae6ba6d9ea61c201808899378a6f32adc
EXPORTER_SECRET 570e973b02a5aebda20066747e08aea50794b5602fafa17bca1be04b0c1148d6 8198e4a6b708e972ad96f30ff62d65ef63ed378a74d5bc02556ce8f148de23fd
CLIENT_TRAFFIC_SECRET_0 5fb9b796db2f0dbfd90b7901cbdf3ad7fe0b9d5c20be69d0634b31438a409e68 86ba531b260c8ff3948b79b88cd01a1b9e0c475556f51b7220a4cfe53e856871
SERVER_TRAFFIC_SECRET_0 5fb9b796db2f0dbfd90b7901cbdf3ad7fe0b9d5c20be69d0634b31438a409e68 6a94defaaff04087f3ee4d1c2d7abd058347bd56f4eedbac86f99deb189e6aae
EXPORTER_SECRET 5fb9b796db2f0dbfd90b7901cbdf3ad7fe0b9d5c20be69d0634b31438a409e68 df6cd37615d5523899382d8ca8d2317766f54a28ea3ff4d5cdce8254820fd8f5
CLIENT_TRAFFIC_SECRET_0 846f1a9a41e814854cd4c2e0e2cb6e75600453c9bd4fabc55d89f4e6f53e6124 7adfb32f3e804993d29c286cffae6d8d38823db9ae7a3c7a0b281d8449142fa7
SERVER_TRAFFIC_SECRET_0 846f1a9a41e814854cd4c2e0e2cb6e75600453c9bd4fabc55d89f4e6f53e6124 78f22b5870d33480a18598abaef8e50f0eb7be46fdc8b39016c480518fff8b8b
EXPORTER_SECRET 846f1a9a41e814854cd4c2e0e2cb6e75600453c9bd4fabc55d89f4e6f53e6124 d8b39204c2d2c50e7db766de9e63aa016392695284fd4d41ed4d1e6a0186656d
CLIENT_TRAFFIC_SECRET_0 497a99b4be41ef9c152f1710d0e3b4b75750be1f632eccfde9be270e7a9983a5 079d86571245bd08a70677f6f327db2c90059e03f5ff09e375fa8fb62fc7d1d8
SERVER_TRAFFIC_SECRET_0 497a99b4be41ef9c152f1710d0e3b4b75750be1f632eccfde9be270e7a9983a5 9c44f290c27b4429f56600255b5c0ac9b370348dfb9020473127a3356290cdd0
EXPORTER_SECRET 497a99b4be41ef9c152f1710d0e3b4b75750be1f632eccfde9be270e7a9983a5 72ee85b6327b6ea1a66cf1d88a68fcc6f32e0cd613aa4c6cb622bc5191aae9a1
CLIENT_HANDSHAKE_TRAFFIC_SECRET b99752b80795e17115d7312d0cea20aa54ff1c7bc29df75461013dc7734bf8a5 bde2e881aa3936105a493af6d379038f469b818e80d93ab0ed9f249b7c848e22
SERVER_HANDSHAKE_TRAFFIC_SECRET b99752b80795e17115d7312d0cea20aa54ff1c7bc29df75461013dc7734bf8a5 6d68e0c100360d7141de10022eb23041dc65cc341102fd73c1b5e44061c617ea
CLIENT_TRAFFIC_SECRET_0 af2cd129f0b679615622f94545a9ccb4f9d7cd916811be1ebed166ca5a04843c 2722f753a3ba8ba896f626c9a9dba7f2543c44655daee9626f4cb5516d7f9b47
SERVER_TRAFFIC_SECRET_0 af2cd129f0b679615622f94545a9ccb4f9d7cd916811be1ebed166ca5a04843c 614c2643e50da50162956be770ea68d86c95274e6d5f7376101cf7db54f26c16
EXPORTER_SECRET af2cd129f0b679615622f94545a9ccb4f9d7cd916811be1ebed166ca5a04843c 5c0f750030a4f484ab51717ff87ee0250600f763ca7e6913bdad1c50122dc343
CLIENT_TRAFFIC_SECRET_0 832490a5d229aa526d447832c25265daa75c81e2dec86bbdf34eb8c3c6fb490a ba986ec2b3c7ffb1b149aba7a5eda97d3822e116f5edceae14408c51d889a280
SERVER_TRAFFIC_SECRET_0 832490a5d229aa526d447832c25265daa75c81e2dec86bbdf34eb8c3c6fb490a 5a3e7fffc975a211058da69a37ce7b3bcfc5e6950d6c108ff34e50f9befc51ab
EXPORTER_SECRET 832490a5d229aa526d447832c25265daa75c81e2dec86bbdf34eb8c3c6fb490a 978ba74349924c17e12d7874071bfa2ac3bfafae29ca861eeee5a5405578f021
CLIENT_TRAFFIC_SECRET_0 4c7b54c2805ae353b65e21ad54a7ac36214575e981c487767616f6be7af87e21 ebf608ce74ffdfc4e4837a9471bb96d7f151d7579ab1c870df4150b193a938fd
SERVER_TRAFFIC_SECRET_0 4c7b54c2805ae353b65e21ad54a7ac36214575e981c487767616f6be7af87e21 e652ba64ed47ae398187f274634f23bda9e8adeaa2363d0d916734a5cb3e9d9b
EXPORTER_SECRET 4c7b54c2805ae353b65e21ad54a7ac36214575e981c487767616f6be7af87e21 690369493d905abb435a292885efb871170a56984a3e2f31956b9d419bda007e
CLIENT_TRAFFIC_SECRET_0 b99752b80795e17115d7312d0cea20aa54ff1c7bc29df75461013dc7734bf8a5 15e7e33df7e0e6a827de0151e84b8314c543965c82724cca71260a1b63617150
SERVER_TRAFFIC_SECRET_0 b99752b80795e17115d7312d0cea20aa54ff1c7bc29df75461013dc7734bf8a5 274f6767373256ee3d489076a933319ac1c075ad9f2461ed78ea42f10a69edd6
EXPORTER_SECRET b99752b80795e17115d7312d0cea20aa54ff1c7bc29df75461013dc7734bf8a5 13f034a604adba6ab654c889977b9935e602a94f5a8e29341eabab8f46731828
