CLIENT_HANDSHAKE_TRAFFIC_SECRET ce2d077442b158fac2d11318bfae3891cb0dc9aa891a12aa600c683b945887dc ce15005934b21f7a245019cb9c6924c89f44613c20403ec6d72c112fc2988a81
SERVER_HANDSHAKE_TRAFFIC_SECRET ce2d077442b158fac2d11318bfae3891cb0dc9aa891a12aa600c683b945887dc 3ae765d90070170717eca1b6020b30dc4707862262780b148db9f9b622a9e946
CLIENT_TRAFFIC_SECRET_0 ce2d077442b158fac2d11318bfae3891cb0dc9aa891a12aa600c683b945887dc f9e06f25297c8a83dfe101ea194a7f2f1ee506afe2698507d4ba6bae357b63ad
SERVER_TRAFFIC_SECRET_0 ce2d077442b158fac2d11318bfae3891cb0dc9aa891a12aa600c683b945887dc c89cb8021f9a8ac2a56945819e1b2ab87257b8d1eac1e0bc3cdfaf43eae6a864
EXPORTER_SECRET ce2d077442b158fac2d11318bfae3891cb0dc9aa891a12aa600c683b945887dc 8061665f732f205365466310cfed15b3d906823db7b75798b2ab00ff041b68cb
CLIENT_HANDSHAKE_TRAFFIC_SECRET 2ac036e670c6508589705e318d1e92cb9e62392f41fef357472dd06d54c0e122 b71320f5cc7fc012b4771c46267961cd2ed552a69842434bb676189883066aea
SERVER_HANDSHAKE_TRAFFIC_SECRET 2ac036e670c6508589705e318d1e92cb9e62392f41fef357472dd06d54c0e122 00d69c909f3a4472b1d8a58fdeb4ad6dc6ee6271a5955f215c4e35b80140272c
CLIENT_TRAFFIC_SECRET_0 2ac036e670c6508589705e318d1e92cb9e62392f41fef357472dd06d54c0e122 7322e58b687566d6f1db313574db52016f9abc46d532010635167c6a26e0e7ef
SERVER_TRAFFIC_SECRET_0 2ac036e670c6508589705e318d1e92cb9e62392f41fef357472dd06d54c0e122 5aaa7dabfe61bb2942a8ce25e8051685d26b70bc8aef118a1b5fe44ee2c1e265
EXPORTER_SECRET 2ac036e670c6508589705e318d1e92cb9e62392f41fef357472dd06d54c0e122 79128ac612363fa55a1325ba63e72ce755a7b0dca80635621e96114d614bef88
CLIENT_HANDSHAKE_TRAFFIC_SECRET eef9a562ebb85ebd319406d34e40dc224a4b4119ab3e29087ea0b97edc692d74 fc7a15da698c40055201ca3beb00eeca66061fc967a3105ae9dc5e8db8fb482f
SERVER_HANDSHAKE_TRAFFIC_SECRET eef9a562ebb85ebd319406d34e40dc224a4b4119ab3e29087ea0b97edc692d74 2ef9f9c085c3255426be098a84ca6e3bf9b61c2060306136e1d35e5b1caceb78
CLIENT_HANDSHAKE_TRAFFIC_SECRET a8e804d60d63cb6f416360475057c129adaaf0fb92da4778554d77b89a141520 c99c12da19478b19751136bbfdef131603243e2ee37d0dc59489f53e1a9e2637
SERVER_HANDSHAKE_TRAFFIC_SECRET a8e804d60d63cb6f416360475057c129adaaf0fb92da4778554d77b89a141520 aaff9e5eee8f958e1fd23e6e79d7a40b0831221565fd5dea1274940ad101777e
CLIENT_HANDSHAKE_TRAFFIC_SECRET 9d61ede82e31ad9576dda5394de8a3297c15028b09e21c30d650a481aa582a93 9457369edab93b11b7664462c919031591898d8bd0ac0310b992c30e93f9f03d
SERVER_HANDSHAKE_TRAFFIC_SECRET 9d61ede82e31ad9576dda5394de8a3297c15028b09e21c30d650a481aa582a93 d9616d1e7c2458998fc427b827cfc69b5113c728d51b76ee259b86b1456c9a41
CLIENT_HANDSHAKE_TRAFFIC_SECRET 1d3f50b43d5b3d6a802a45a02c860b0bc3c2b1da09020067dc8149156e61ae18 9533fbb9312ee54dbdfe0bccf443f7cba143971faf33c0d19c544fb474326b25
SERVER_HANDSHAKE_TRAFFIC_SECRET 1d3f50b43d5b3d6a802a45a02c860b0bc3c2b1da09020067dc8149156e61ae18 0f80ca73df75213c937d7d418765864b6dae02a51799c4e089f14304591dd7e5
CLIENT_TRAFFIC_SECRET_0 eef9a562ebb85ebd319406d34e40dc224a4b4119ab3e29087ea0b97edc692d74 eecf7a2f7e9123e2afbc2c60da22e670df9b544bdb70577359738fd0caf7d7bc
SERVER_TRAFFIC_SECRET_0 eef9a562ebb85ebd319406d34e40dc224a4b4119ab3e29087ea0b97edc692d74 a64332a386df716da82c1f09c7c491f069ab6920e36756cb1b1d09fb2c6b67ef
CLIENT_TRAFFIC_SECRET_0 a8e804d60d63cb6f416360475057c129adaaf0fb92da4778554d77b89a141520 0917f9aaf7efae1d06f1750b35fbe07e1b170ea4edcdd6659de7a461aaf4d233
EXPORTER_SECRET eef9a562ebb85ebd319406d34e40dc224a4b4119ab3e29087ea0b97edc692d74 8cfbf3434e43cf1adb76086ae4c2059b243eb7d531971bd06d846bb26ceba8b7
SERVER_TRAFFIC_SECRET_0 a8e804d60d63cb6f416360475057c129adaaf0fb92da4778554d77b89a141520 9ac369d3457733890682fd72290affcdb2b84d3ebfee31047ab605e074963cd9
EXPORTER_SECRET a8e804d60d63cb6f416360475057c129adaaf0fb92da4778554d77b89a141520 f01055b8823fa45ac9dc6b7f41d01fe3ed8096ed6fa2bb42016b28cbc34424c9
CLIENT_TRAFFIC_SECRET_0 9d61ede82e31ad9576dda5394de8a3297c15028b09e21c30d650a481aa582a93 e1ab19fbf27475ae0a8c99257eaeec2c8b53a2f3f5c9cdbe3080432ac316a8fb
SERVER_TRAFFIC_SECRET_0 9d61ede82e31ad9576dda5394de8a3297c15028b09e21c30d650a481aa582a93 6bb86e1dd959cc8e2cad9cdc7663b05a6eedc8464e38d66a2747005b047a8125
EXPORTER_SECRET 9d61ede82e31ad9576dda5394de8a3297c15028b09e21c30d650a481aa582a93 cad49d46756c8d9bc5848f52f7be31b633941434e45ff63da68d95fec47aba71
CLIENT_TRAFFIC_SECRET_0 1d3f50b43d5b3d6a802a45a02c860b0bc3c2b1da09020067dc8149156e61ae18 e133b72e1c59c749e1f7f2c97018cb517164e3d238d19eaf3f281ba71584420b
SERVER_TRAFFIC_SECRET_0 1d3f50b43d5b3d6a802a45a02c860b0bc3c2b1da09020067dc8149156e61ae18 5a43ce7f402270261e65e0ff940c42481a7bd68345e6633b4e2093f31bef3811
EXPORTER_SECRET 1d3f50b43d5b3d6a802a45a02c860b0bc3c2b1da09020067dc8149156e61ae18 e72a2cea359e781e80ffa215a3edb0028b88f5b9037716e21554eeb50e58c405
CLIENT_HANDSHAKE_TRAFFIC_SECRET f55312a8d44ef52b603287668342aa0c2e2b73c67b0b235127480fd3a214a24d 76784813cd7454dc910fdb52499e083879b1c94d608926755d272092949b6fa2
CLIENT_HANDSHAKE_TRAFFIC_SECRET 108ef91c8fbf750b581d07fadd8d2212d2e53ee09af849f64b683225635b5320 a96eff9b833a2a9f7827fa750d116086247bf47f9f4d74eb5003703ceb02ade2
SERVER_HANDSHAKE_TRAFFIC_SECRET f55312a8d44ef52b603287668342aa0c2e2b73c67b0b235127480fd3a214a24d dfa261b02bbe4280eb5b76a3811002897a323f3c0c3bff17710d42ef894d82ec
SERVER_HANDSHAKE_TRAFFIC_SECRET 108ef91c8fbf750b581d07fadd8d2212d2e53ee09af849f64b683225635b5320 1df2873be410385d0272300ba8ea6737f72e024e2b7d82130f4582a9d765fb42
CLIENT_HANDSHAKE_TRAFFIC_SECRET 61cb4ed81154fb509857584662329248059bd05a41908deaee361fea4a569052 28f15a9f9784f76c353098f1786e183ed08966d1d199ec16450953456d07125d
CLIENT_TRAFFIC_SECRET_0 108ef91c8fbf750b581d07fadd8d2212d2e53ee09af849f64b683225635b5320 592f6954474ed1f2216c13985132f2f20efb6a921ff471dd4cb4f527dbc6e1fc
SERVER_HANDSHAKE_TRAFFIC_SECRET 61cb4ed81154fb509857584662329248059bd05a41908deaee361fea4a569052 7f5cf758f5a6cc04009d7ecf24fa0666a8b48e0fcee6625ec88c4fc4fe2d5638
SERVER_TRAFFIC_SECRET_0 108ef91c8fbf750b581d07fadd8d2212d2e53ee09af849f64b683225635b5320 c29130d605df19271f7a88c79f82a6dfbe97fd282e652dff96394a8ca0838b1a
EXPORTER_SECRET 108ef91c8fbf750b581d07fadd8d2212d2e53ee09af849f64b683225635b5320 22a54bf1e433a633318847fec3f9fc0f7cb95a2b7ebc2e2c438b4526a3a9042b
CLIENT_TRAFFIC_SECRET_0 f55312a8d44ef52b603287668342aa0c2e2b73c67b0b235127480fd3a214a24d f567813f8f7d81d19df791b04d7a84ce1dad535c1c89e6ae6209077399b5834c
SERVER_TRAFFIC_SECRET_0 f55312a8d44ef52b603287668342aa0c2e2b73c67b0b235127480fd3a214a24d 2a93f82b79e29dcc365b7c6e101fea62f69fecae8b1e6df7beecc9df45e51f8b
EXPORTER_SECRET f55312a8d44ef52b603287668342aa0c2e2b73c67b0b235127480fd3a214a24d 164794199f577a2128d89e623c2aa1a5da3ce21139d7e8782c9f32cb22e05a36
CLIENT_TRAFFIC_SECRET_0 61cb4ed81154fb509857584662329248059bd05a41908deaee361fea4a569052 07a2a279593f21b711c33554705ec0c4675fc1332168246f51144021739c1223
SERVER_TRAFFIC_SECRET_0 61cb4ed81154fb509857584662329248059bd05a41908deaee361fea4a569052 347de2abbdaa4345497db04eb05152843ddb6f6a53589c9f4d941758a4bf67dd
EXPORTER_SECRET 61cb4ed81154fb509857584662329248059bd05a41908deaee361fea4a569052 8eb67c94b1f4e4f3c6b6d4c5fc32889accd5bd4ba915245eb372f6cd26c7b26a
CLIENT_HANDSHAKE_TRAFFIC_SECRET 73855b6cbe4f58ea9ff1c622524eebc118b31e184b60de99ec92df775f9101e0 e6151224820b5bff08fab582fe149f64d426074ec4f7437cf6b3f03085eb86f3
SERVER_HANDSHAKE_TRAFFIC_SECRET 73855b6cbe4f58ea9ff1c622524eebc118b31e184b60de99ec92df775f9101e0 c6a4ea49f26461a18d9e3d54c681fdcaa0eaafb968934c6ba48c1183db22c00c
CLIENT_TRAFFIC_SECRET_0 73855b6cbe4f58ea9ff1c622524eebc118b31e184b60de99ec92df775f9101e0 0d29ad33bb7282600b7229e78044d30a83352e09f7adfb779f7644278b94b703
SERVER_TRAFFIC_SECRET_0 73855b6cbe4f58ea9ff1c622524eebc118b31e184b60de99ec92df775f9101e0 e6ad0d3784ec50b8f635e7448dbaed5191f81e836fe7fe68c199e4799bb80950
EXPORTER_SECRET 73855b6cbe4f58ea9ff1c622524eebc118b31e184b60de99ec92df775f9101e0 ef1e14c73708fab205ef047108e7201541320baa47c567effe5e270acdee0191
CLIENT_HANDSHAKE_TRAFFIC_SECRET 33d536bd0cc08aeb531bfdb014972032941303eceb592f5ace1b53ba5fe54522 891ba7cd65a096be925c4ba3128ad93171b62d8c4561a778a5dae6cc87652c9d
SERVER_HANDSHAKE_TRAFFIC_SECRET 33d536bd0cc08aeb531bfdb014972032941303eceb592f5ace1b53ba5fe54522 c76293ee0da7bc1666d0d0996bc749910708528fdb2ba72a38add0e8215562d1
CLIENT_TRAFFIC_SECRET_0 33d536bd0cc08aeb531bfdb014972032941303eceb592f5ace1b53ba5fe54522 e1a9b108a22e2971a874974584ee8e59c6a9404b37e5d314cf29eafbdbf9b634
SERVER_TRAFFIC_SECRET_0 33d536bd0cc08aeb531bfdb014972032941303eceb592f5ace1b53ba5fe54522 1c18b61dd04cf724fbd8ea817c760a5f0d313a6aec59b736c9a465c615b9459b
EXPORTER_SECRET 33d536bd0cc08aeb531bfdb014972032941303eceb592f5ace1b53ba5fe54522 99be515ef1b19ec543128e394c5d8ad1b686ba414a7a9002d0f07f122292a275
