CLIENT_HANDSHAKE_TRAFFIC_SECRET be51ceca66226364cd378c0b1dca9859375a4747b39c0d6c1bd8b4390c1cd9eb 86180308ba0c9c8d04d03a1318dbc022637e0ba984d3bdfa946fd26c401137a6
SERVER_HANDSHAKE_TRAFFIC_SECRET be51ceca66226364cd378c0b1dca9859375a4747b39c0d6c1bd8b4390c1cd9eb 5bd9f2c3957a1229bd09aaf4c4424588154ff651f1f5209f4d42ee811a6110ea
CLIENT_TRAFFIC_SECRET_0 be51ceca66226364cd378c0b1dca9859375a4747b39c0d6c1bd8b4390c1cd9eb 1fd4bcaa1a8880f03337329c695a75dac32f3522965b3c49d0420b0dd021f1ea
SERVER_TRAFFIC_SECRET_0 be51ceca66226364cd378c0b1dca9859375a4747b39c0d6c1bd8b4390c1cd9eb 8da2c76edffc921821b73570d50a860b5bd9c08a0c860e34ffe54acd3881ecde
EXPORTER_SECRET be51ceca66226364cd378c0b1dca9859375a4747b39c0d6c1bd8b4390c1cd9eb 6733a3751af11b478eaf87c1ec50a07d7cc0284ef04f9f24c2b5e401b40cb7df
CLIENT_HANDSHAKE_TRAFFIC_SECRET e54d75f9ba879e35b89ed93510c732786d0f47b1d315f711bb9197cb22d09a10 ee7b31be7e829384334eeb3437032f38334f284321804384d42d04ee46978c5e
SERVER_HANDSHAKE_TRAFFIC_SECRET e54d75f9ba879e35b89ed93510c732786d0f47b1d315f711bb9197cb22d09a10 f90a0f17c68ad87daa9737c44b4b3631811950c079c700f841b9f755f686ffd7
CLIENT_HANDSHAKE_TRAFFIC_SECRET 18a6b96910f6eca9f4a673a7141932f76fc0a189bf24caa5024c7a281bf811e0 cbcde72601061ee08799d51867620e6acdcd743753410a2a629f7fb44b6d9d37
SERVER_HANDSHAKE_TRAFFIC_SECRET 18a6b96910f6eca9f4a673a7141932f76fc0a189bf24caa5024c7a281bf811e0 6ee12db7ca5221cabd306626b7fd5cc753ae7028d4d030bac732cbea86fb1081
CLIENT_TRAFFIC_SECRET_0 e54d75f9ba879e35b89ed93510c732786d0f47b1d315f711bb9197cb22d09a10 e8c5308088127bf6694177d161f9fb5c94c0214bf6f2f9ab9b5314b3938b1a46
CLIENT_HANDSHAKE_TRAFFIC_SECRET 86d5f2673af58b40148ee3659d33b6062ed74b34efe3d504fe28b19a2aecb3fa fb1965a693c56e958c636c3fde15d7e6c6ad93b2aef648b543accc30b11d7eba
SERVER_TRAFFIC_SECRET_0 e54d75f9ba879e35b89ed93510c732786d0f47b1d315f711bb9197cb22d09a10 8d644192bf3d6a822722a9a21f60a1a23c9490764eb3cad05eb574dc41e273b9
SERVER_HANDSHAKE_TRAFFIC_SECRET 86d5f2673af58b40148ee3659d33b6062ed74b34efe3d504fe28b19a2aecb3fa eb55448429b608407fae14ce28741bd7135e40bb50f639628f2cb7667b011693
EXPORTER_SECRET e54d75f9ba879e35b89ed93510c732786d0f47b1d315f711bb9197cb22d09a10 db3d6d0db71c325b312792813a8ca69b7ca21664c413d13275d2dcd67ef39a68
CLIENT_TRAFFIC_SECRET_0 18a6b96910f6eca9f4a673a7141932f76fc0a189bf24caa5024c7a281bf811e0 68e2fcfd2e242aa7731240ed6a82ae14641f66d89801b03c5182efc0252778f9
SERVER_TRAFFIC_SECRET_0 18a6b96910f6eca9f4a673a7141932f76fc0a189bf24caa5024c7a281bf811e0 4f4edc8f52ddb81a4ce9c4bc634b37d42d98f7e1a353a7dde08a94051a39393a
EXPORTER_SECRET 18a6b96910f6eca9f4a673a7141932f76fc0a189bf24caa5024c7a281bf811e0 5a1af9320047ccd7548a3bd90c4ead5b61f8c85353c87196bf308c42d661e566
CLIENT_TRAFFIC_SECRET_0 86d5f2673af58b40148ee3659d33b6062ed74b34efe3d504fe28b19a2aecb3fa b46008a056b72f0946aa262c0f9b64c9a5e7788a2d9191d56bc28b8b1892ffe3
SERVER_TRAFFIC_SECRET_0 86d5f2673af58b40148ee3659d33b6062ed74b34efe3d504fe28b19a2aecb3fa a47f2f063a08b000f4a3e0b8ae36d725352eeebd69a9fa86f87770df314a840b
EXPORTER_SECRET 86d5f2673af58b40148ee3659d33b6062ed74b34efe3d504fe28b19a2aecb3fa 01e5d24385f7dcd770fb99132a8c2990311f91218a5f78b17e43baf267586ccb
CLIENT_HANDSHAKE_TRAFFIC_SECRET b68352758c832fd440b3b494905c5a6db3ffbdc9b0540550f0f89990db9cf31f 399ae5e8665b0be6cc9391ad8019854f35ce19d5c3a0b757f82ccae285253716
SERVER_HANDSHAKE_TRAFFIC_SECRET b68352758c832fd440b3b494905c5a6db3ffbdc9b0540550f0f89990db9cf31f 44259c06b9a0130d3aa1db319c65bad6283af12389f46c579805962f5507557c
CLIENT_HANDSHAKE_TRAFFIC_SECRET a251303cdab0c5ead6dbf3b8716fc4f2c18de1cd2c9d13c8b0fb9960278e6c4c 5519b79f6fd55be459c690e5c34dadc8f1e3a3cc512a80a531d7fdf13626d6d9
SERVER_HANDSHAKE_TRAFFIC_SECRET a251303cdab0c5ead6dbf3b8716fc4f2c18de1cd2c9d13c8b0fb9960278e6c4c 6fabc07df183dae51f53b7f37ab3ff2a505ed768d65e0c31bb6d4585da12d809
CLIENT_TRAFFIC_SECRET_0 b68352758c832fd440b3b494905c5a6db3ffbdc9b0540550f0f89990db9cf31f 01eec398926ba630b5a69087a5272dc7a43a5b8dacf678a0e5fadc9ecf2d1053
SERVER_TRAFFIC_SECRET_0 b68352758c832fd440b3b494905c5a6db3ffbdc9b0540550f0f89990db9cf31f 7f97ace01463a5283c655bab7371d69c3b182d5925361b4fd5d4fe940f11ec69
EXPORTER_SECRET b68352758c832fd440b3b494905c5a6db3ffbdc9b0540550f0f89990db9cf31f b1f637a7ec049dc1d6ef5458a97bc60c3b0970100d47c27afea3f54e35b51e67
CLIENT_HANDSHAKE_TRAFFIC_SECRET 47f482a7a99a277ad2075fc9ee5e6451beade17b4677ee8d29112e5ce15d2fc0 5f5d1bf971420467d8537fc99d8aee0e3504dd20646b8c439b0fa3919be23bbe
SERVER_HANDSHAKE_TRAFFIC_SECRET 47f482a7a99a277ad2075fc9ee5e6451beade17b4677ee8d29112e5ce15d2fc0 cbcece6029fbdc8f436464eafee3a9faf8f7e35d606b4171def7f09fb76c9bcd
CLIENT_TRAFFIC_SECRET_0 a251303cdab0c5ead6dbf3b8716fc4f2c18de1cd2c9d13c8b0fb9960278e6c4c 60e1baebbb154e1ef91051d4e6595c4fb63c4f125baaf7622267b7d4c79cee19
SERVER_TRAFFIC_SECRET_0 a251303cdab0c5ead6dbf3b8716fc4f2c18de1cd2c9d13c8b0fb9960278e6c4c 7ba3d5208b6eadd117415763892bb12adbb9225951233027f8ef867ed3cb29fe
EXPORTER_SECRET a251303cdab0c5ead6dbf3b8716fc4f2c18de1cd2c9d13c8b0fb9960278e6c4c 20207b08055b4bf6fed8cccd19baf3921ca41ee27488c22e38e52a85f65053b6
CLIENT_TRAFFIC_SECRET_0 47f482a7a99a277ad2075fc9ee5e6451beade17b4677ee8d29112e5ce15d2fc0 952057500bc966e8ab62bfab72a7d658aaf7eaec34c921bc769986708293afce
SERVER_TRAFFIC_SECRET_0 47f482a7a99a277ad2075fc9ee5e6451beade17b4677ee8d29112e5ce15d2fc0 c24ac892ad041131e6f6a1b8572c02b70b6ccfb5a4896d8861148279c0e77c96
EXPORTER_SECRET 47f482a7a99a277ad2075fc9ee5e6451beade17b4677ee8d29112e5ce15d2fc0 30e03553123d0932aad5e1d4e5a78c9c5023e18857b5d5cd4a61f7e6f00ef200
CLIENT_HANDSHAKE_TRAFFIC_SECRET 1567fd705dfc7f53035227fc813bc701458c0448eb22cefe16a3c799cee2d3f0 ae6d48694bde0de44ad2a4b6012a7f7bcea733970f4a8916315783a8ef5b6b61
SERVER_HANDSHAKE_TRAFFIC_SECRET 1567fd705dfc7f53035227fc813bc701458c0448eb22cefe16a3c799cee2d3f0 0e16c386b7bdb4bbd9fbe8c6d881e919ef38e6ac0f65bcc2503c6d0f357c7c09
CLIENT_HANDSHAKE_TRAFFIC_SECRET b9856ebfa82c9c93aac2ac53aa4ffd825664df73c3f50d5e3c67125b9a937d85 c8930e3248253e9d912ce359c5a290405e9fd94103acd9289d6344bd430afec8
SERVER_HANDSHAKE_TRAFFIC_SECRET b9856ebfa82c9c93aac2ac53aa4ffd825664df73c3f50d5e3c67125b9a937d85 2eb878247a695dff7247adf2d20293a068a4585399f440fc813aa6726fa2d80e
CLIENT_TRAFFIC_SECRET_0 b9856ebfa82c9c93aac2ac53aa4ffd825664df73c3f50d5e3c67125b9a937d85 03c115ec2868f8485829f8c06978fc4c9575962027f125fcd211f39cd5893dd7
SERVER_TRAFFIC_SECRET_0 b9856ebfa82c9c93aac2ac53aa4ffd825664df73c3f50d5e3c67125b9a937d85 46d72ecc3a0871b4f8d75cbcba9cd906b7ebb6f47929e932fc7ef198fb2e9f10
EXPORTER_SECRET b9856ebfa82c9c93aac2ac53aa4ffd825664df73c3f50d5e3c67125b9a937d85 6a3337cb7f4eec358f2ad14d641b9e7af4e610363f99b4abb895e1330c4220c6
CLIENT_TRAFFIC_SECRET_0 1567fd705dfc7f53035227fc813bc701458c0448eb22cefe16a3c799cee2d3f0 c73aa2fe4bb3e3430d18b88bbb81b0e11e338b1275705409b143851d2952b06b
SERVER_TRAFFIC_SECRET_0 1567fd705dfc7f53035227fc813bc701458c0448eb22cefe16a3c799cee2d3f0 f1022289f929a27e2dd7b64deac454f854579e61c2e9d315bbc25804f6b3d7f8
EXPORTER_SECRET 1567fd705dfc7f53035227fc813bc701458c0448eb22cefe16a3c799cee2d3f0 4617e2bd9a15a3617c6f10f34d98e5f30332fc333ff88bae2ecc3536045ec9e8
CLIENT_HANDSHAKE_TRAFFIC_SECRET b688cbb574881fa148ae7f8a6b4b3a725819cf00487212d1ac240714ea063079 1e48e3c8a8b7111d91224d68823da235737e0c536b883af7146729bd635ec360
SERVER_HANDSHAKE_TRAFFIC_SECRET b688cbb574881fa148ae7f8a6b4b3a725819cf00487212d1ac240714ea063079 24a621bbca85a25ab8952a96ee2d06c0b11245d6d8816210d6f1cadf52b92ed0
CLIENT_HANDSHAKE_TRAFFIC_SECRET 27820664734452ef7954e495b9ec2812302fad1accf433fe439e907843b03202 7357cb7b6caea4cae6e04eafe6fb19a57be7994055874ee70f649ccd8545b51e
SERVER_HANDSHAKE_TRAFFIC_SECRET 27820664734452ef7954e495b9ec2812302fad1accf433fe439e907843b03202 ec5cda970a66d435de6587173677bd7a1d10df92be497f2aa2ea63a92a799184
CLIENT_TRAFFIC_SECRET_0 b688cbb574881fa148ae7f8a6b4b3a725819cf00487212d1ac240714ea063079 444f9231c4cb8879af145dee939b7907918c8683c4809bec9f43fd9ce9d9ff54
SERVER_TRAFFIC_SECRET_0 b688cbb574881fa148ae7f8a6b4b3a725819cf00487212d1ac240714ea063079 8a78ab8460784d0ed72afa2b1c4b4bb7bd70019330c5fea1cad474daa6aed90d
EXPORTER_SECRET b688cbb574881fa148ae7f8a6b4b3a725819cf00487212d1ac240714ea063079 62bb0cf73b36d525a7e2e66aeae23ba7d05c24bd1738ab30c8390d00b493e262
CLIENT_TRAFFIC_SECRET_0 27820664734452ef7954e495b9ec2812302fad1accf433fe439e907843b03202 eb6894fd3d7faf17d7ada874c4fbb8accfa2d6ee1d363e5c9aa894721198a91b
SERVER_TRAFFIC_SECRET_0 27820664734452ef7954e495b9ec2812302fad1accf433fe439e907843b03202 bec3312175cfc6efd89837f02c29a0332a57a72b659175ee7cb8ecbad8be6554
EXPORTER_SECRET 27820664734452ef7954e495b9ec2812302fad1accf433fe439e907843b03202 f8dce891611a00f25f1308de94a744c3b0153108466decd16acf3c0192d9c497
CLIENT_HANDSHAKE_TRAFFIC_SECRET 554ed72a983c9a81476f1d3f6b4a8a1a6a47008adee8d58869dbc7d7137e2f2a ad60a9ef543903e704e029332ea7b5e946f70f3ab14ea83a1a3de530365e47bb
SERVER_HANDSHAKE_TRAFFIC_SECRET 554ed72a983c9a81476f1d3f6b4a8a1a6a47008adee8d58869dbc7d7137e2f2a 1f4451f13c7017e0c0d345de51551a38e4bef2444eace3e4b4452a3a3983c4cc
CLIENT_HANDSHAKE_TRAFFIC_SECRET b37a397b39d6536239cc0a5a15ffeaee6030b27ee25d825ed7c175fa4ab6564c ec82b03bb86bef8426f7eca2ab5f1e8a64fa44e49faa2d0209ddef2bbd2d4dda
SERVER_HANDSHAKE_TRAFFIC_SECRET b37a397b39d6536239cc0a5a15ffeaee6030b27ee25d825ed7c175fa4ab6564c 718ee6fbbae7df0f99f66e5b435c766ea87afa234acd26c724f1d5a2260fdd92
CLIENT_TRAFFIC_SECRET_0 b37a397b39d6536239cc0a5a15ffeaee6030b27ee25d825ed7c175fa4ab6564c d294045304b1700c9aefa15d281b7862da3205588a63f16c0bab789a0a04614e
SERVER_TRAFFIC_SECRET_0 b37a397b39d6536239cc0a5a15ffeaee6030b27ee25d825ed7c175fa4ab6564c 9b5ba83ee9caceb4dafa6c28ce4471dbfc36ffdb9c45d8bcf6f8bef782acb83b
EXPORTER_SECRET b37a397b39d6536239cc0a5a15ffeaee6030b27ee25d825ed7c175fa4ab6564c 247ff179c5ecf55c6e9d4274c8d9b02daf21169e105293e8177158ad5b2ab056
CLIENT_TRAFFIC_SECRET_0 554ed72a983c9a81476f1d3f6b4a8a1a6a47008adee8d58869dbc7d7137e2f2a 5ee7040dacfa11e9cabdc4da404d4a0886d4f0898e4a778b061ad4768578debd
SERVER_TRAFFIC_SECRET_0 554ed72a983c9a81476f1d3f6b4a8a1a6a47008adee8d58869dbc7d7137e2f2a 6d24b35c185de4c65428fb4c31e1b85f6ee73aa645155f44f558b0ab258cb2cb
EXPORTER_SECRET 554ed72a983c9a81476f1d3f6b4a8a1a6a47008adee8d58869dbc7d7137e2f2a aa417f2f26a0881e1cbc11a68baa4d84af6def0366d2e6a5adad8ca6b992839d
CLIENT_HANDSHAKE_TRAFFIC_SECRET 02fd5f768d0bc94016d6fe3288941a9d89c8ebb2255631378e70fc84b6bd4208 ae0923c489a825b320a4942f388d34bccadfc3d6a15dd2aa26cc90f942506913
SERVER_HANDSHAKE_TRAFFIC_SECRET 02fd5f768d0bc94016d6fe3288941a9d89c8ebb2255631378e70fc84b6bd4208 a220810d62b91895c91cfb770370b4eeab8b7e7ff6450000ffeb9799e779e4c9
CLIENT_TRAFFIC_SECRET_0 02fd5f768d0bc94016d6fe3288941a9d89c8ebb2255631378e70fc84b6bd4208 c54052953e8704632de6d6a1c27e0e7ab79686452bfec7e450c3dc551c239411
SERVER_TRAFFIC_SECRET_0 02fd5f768d0bc94016d6fe3288941a9d89c8ebb2255631378e70fc84b6bd4208 df8b1cf653ef37c48d9e97d9130f4b2d6dd9c6e74f2ae630e523c9bef9ed27da
EXPORTER_SECRET 02fd5f768d0bc94016d6fe3288941a9d89c8ebb2255631378e70fc84b6bd4208 399a19c0f324f3c520331872b51048b6be9c0f041ad6e55a6891a36c75009161
