CLIENT_HANDSHAKE_TRAFFIC_SECRET c543613f2d6148d33b8a4eb08bb674ea6daddf90b1374463dc2c6a03b0f878fb dc4351f4a215f97d0fc3ac157f4e7ca2b3ca359b73dbab8e28654459faf0a859
SERVER_HANDSHAKE_TRAFFIC_SECRET c543613f2d6148d33b8a4eb08bb674ea6daddf90b1374463dc2c6a03b0f878fb 5a4e65d138432c261d6273abaf94b20d377924207f2bfea4c183556caa5581f7
CLIENT_TRAFFIC_SECRET_0 c543613f2d6148d33b8a4eb08bb674ea6daddf90b1374463dc2c6a03b0f878fb 70b79db8733e6615df792bc553da41cb9224ee586d6e33e54642d7182b748555
SERVER_TRAFFIC_SECRET_0 c543613f2d6148d33b8a4eb08bb674ea6daddf90b1374463dc2c6a03b0f878fb 4fd4d0b24c7a5d6b9a749cbfb92b546680635b533cc449f0b97f7a3127b1ffb6
EXPORTER_SECRET c543613f2d6148d33b8a4eb08bb674ea6daddf90b1374463dc2c6a03b0f878fb baf1b5d6232855e59df28021ba1fdb8bc5b822ef04a3256a02242b6882bcf663
CLIENT_HANDSHAKE_TRAFFIC_SECRET a678f03c48b2f1ce93ecc5a871556b168e66c64a185c25cfe20f18e1b90f9dce c5030efd769fddba07edf6c9ee18c90014732cebbaa23fa6eb850b0c449afe0a
SERVER_HANDSHAKE_TRAFFIC_SECRET a678f03c48b2f1ce93ecc5a871556b168e66c64a185c25cfe20f18e1b90f9dce ae92c6b6e06071200841cdae71d6234afa2c7e6ae2efb1b69993cda27e9863b1
CLIENT_HANDSHAKE_TRAFFIC_SECRET 1198104d291838096fe6046748da0bdb4f634ed2ea1d3546c6f6515785d90615 76a13f291b32f06e3190473ac5ab805880a796097f651d6c5ca69e0938fb43ba
SERVER_HANDSHAKE_TRAFFIC_SECRET 1198104d291838096fe6046748da0bdb4f634ed2ea1d3546c6f6515785d90615 84c736ba9196fb3400e8576bb1cfc4f21b321d0316bf668c42ab64c756f3b6a4
CLIENT_HANDSHAKE_TRAFFIC_SECRET 4e96faeb2a77e7d79cad0e2dc766c91e6f9a7fb84c83a642f59c8cb915f19ab8 56267183a3f4bfb8721dc833a0f7955ad70d2a3fcd539eb7ada749faafb51708
SERVER_HANDSHAKE_TRAFFIC_SECRET 4e96faeb2a77e7d79cad0e2dc766c91e6f9a7fb84c83a642f59c8cb915f19ab8 869a2137d0622ac85396b46725e4ff2f592c40138ccc6c7cd34fc8a312d6f6d6
CLIENT_HANDSHAKE_TRAFFIC_SECRET f6091ff5bb0cfdb7a3f5da93265766f07ad161373189457951d03e977525a7c5 87abe64daa0863fb7d9ba9e250fd7384d9f84947254d1a40750c438469a2359d
SERVER_HANDSHAKE_TRAFFIC_SECRET f6091ff5bb0cfdb7a3f5da93265766f07ad161373189457951d03e977525a7c5 cca70b5d8967c2ecdcf767ff4fb161c7af1023ae9d9a13e379b3b480b16ad985
CLIENT_HANDSHAKE_TRAFFIC_SECRET 9f914488c05a4475bfa9d42a970f2787dd24261744f46f572d388364ce2797c5 250701ed6176e4406032efdc6e5742560830d946cf7df26d96b4da3ad498cd7a
SERVER_HANDSHAKE_TRAFFIC_SECRET 9f914488c05a4475bfa9d42a970f2787dd24261744f46f572d388364ce2797c5 15fc72afd685927c14da912a9d2a5e0104d1edd581199d75b53f8fb3572aa676
CLIENT_HANDSHAKE_TRAFFIC_SECRET 2eca0589acae877726f14803d004c85cebc03e514b5f9d9a4847b03f3f713e9b 3e09dd05fbf93863a3870da56b1a4eca47818bea4ab8f2b4c5f8f5b30fd5586c
SERVER_HANDSHAKE_TRAFFIC_SECRET 2eca0589acae877726f14803d004c85cebc03e514b5f9d9a4847b03f3f713e9b eda3e30ad453f9b96d78b22f4a2a13bd61e4534a369362061c0babd865c01a11
CLIENT_HANDSHAKE_TRAFFIC_SECRET 239a84fecc0f64c3afef610b61f3246123c37ef194d79feb24c512b48d3d58e0 e3c97c9b4b7188e8069e2724b1a7b2a7b971aaf10eebb4939217589bdc5679f5
SERVER_HANDSHAKE_TRAFFIC_SECRET 239a84fecc0f64c3afef610b61f3246123c37ef194d79feb24c512b48d3d58e0 0469d88a0f1aa2ef8eecde825b073562da3f4b16a4d6200c46382bb0bac641f2
CLIENT_TRAFFIC_SECRET_0 a678f03c48b2f1ce93ecc5a871556b168e66c64a185c25cfe20f18e1b90f9dce f70c46f2b3502551441b4dfa98916a92275c390e025f5b3aa77adcf71b5f7b4c
SERVER_TRAFFIC_SECRET_0 a678f03c48b2f1ce93ecc5a871556b168e66c64a185c25cfe20f18e1b90f9dce 41ebdfa644b85ec4f821be47b12f24c61ca5ea33becc9bf682ea8d892be07c68
EXPORTER_SECRET a678f03c48b2f1ce93ecc5a871556b168e66c64a185c25cfe20f18e1b90f9dce 9f8f000ea6556f9c9fb7ad1fe77e52ca13931136134e2ac0ef325d9bd1c6b812
CLIENT_TRAFFIC_SECRET_0 1198104d291838096fe6046748da0bdb4f634ed2ea1d3546c6f6515785d90615 c3dd6e384ada7c6730a50271257bab7ac139ea0bb281469959a17eb77e18cfee
SERVER_TRAFFIC_SECRET_0 1198104d291838096fe6046748da0bdb4f634ed2ea1d3546c6f6515785d90615 e67eefbb48b443c4875380183ccc4e5f47b1a5d4ecd212449914dd08df607284
EXPORTER_SECRET 1198104d291838096fe6046748da0bdb4f634ed2ea1d3546c6f6515785d90615 ccff494dfcb214b4b2f1cbbd919b4b90fb6b1c37c89e83bf9cb8a5b27abfc00e
CLIENT_TRAFFIC_SECRET_0 4e96faeb2a77e7d79cad0e2dc766c91e6f9a7fb84c83a642f59c8cb915f19ab8 62938fa6a6a4496f0a4527b2a49dc1418016552411539689a2d40ec9682515da
SERVER_TRAFFIC_SECRET_0 4e96faeb2a77e7d79cad0e2dc766c91e6f9a7fb84c83a642f59c8cb915f19ab8 19d9efe3920e4b44677710fe32e9dbd9711bd35a8618555423d78164c3df9881
EXPORTER_SECRET 4e96faeb2a77e7d79cad0e2dc766c91e6f9a7fb84c83a642f59c8cb915f19ab8 ac7f33416fb7c5556bd79330020387331a1fccc54fe998de208db2d3cfe61a03
CLIENT_TRAFFIC_SECRET_0 f6091ff5bb0cfdb7a3f5da93265766f07ad161373189457951d03e977525a7c5 e896ea7fc60b14b02d7c1325e196cffaad124d20444c716d738400b8463dd49a
SERVER_TRAFFIC_SECRET_0 f6091ff5bb0cfdb7a3f5da93265766f07ad161373189457951d03e977525a7c5 8999e88d78016e06b1a2f27d9aac83175180998cd48ab59435dc92eaef684f79
EXPORTER_SECRET f6091ff5bb0cfdb7a3f5da93265766f07ad161373189457951d03e977525a7c5 567ec4e0d2fb4020b24350ba7ee7a8a633eb38053d9497b4004d4691ce1db086
CLIENT_TRAFFIC_SECRET_0 9f914488c05a4475bfa9d42a970f2787dd24261744f46f572d388364ce2797c5 02710658ea302d337fc38d440738811cbcb2d1a92ddc005ec0e2162c60cd59bf
SERVER_TRAFFIC_SECRET_0 9f914488c05a4475bfa9d42a970f2787dd24261744f46f572d388364ce2797c5 9405b7582be75c881c4d732c33f325632b2d2b118f28c4038dccd22c94f678a4
EXPORTER_SECRET 9f914488c05a4475bfa9d42a970f2787dd24261744f46f572d388364ce2797c5 191387f51ad4e42d41828f118ac7963fb1a039cdd79ceea3a35bf2804c654968
CLIENT_HANDSHAKE_TRAFFIC_SECRET aa2495a1c5f89c15482eedf607f5ffcc0b2c7d768f4732b7dc52072d64330285 f33ef7f197e16a456c12e0eedb33efa69aed4989545314c4426d9167e9fae613
SERVER_HANDSHAKE_TRAFFIC_SECRET aa2495a1c5f89c15482eedf607f5ffcc0b2c7d768f4732b7dc52072d64330285 391cb44ab72d31875af2ef08cfed8cc1338d4fa93c529ac238482fc42394423a
CLIENT_TRAFFIC_SECRET_0 2eca0589acae877726f14803d004c85cebc03e514b5f9d9a4847b03f3f713e9b 19661ae76cc8ab43097ea12cd8051104cc4dc67c0e457cc63a7075ca03ef63e5
SERVER_TRAFFIC_SECRET_0 2eca0589acae877726f14803d004c85cebc03e514b5f9d9a4847b03f3f713e9b 7f99fc01abdca942674e4ee68aa7aca17bf5410e4dc1c54084bdaf3d64ecacd2
EXPORTER_SECRET 2eca0589acae877726f14803d004c85cebc03e514b5f9d9a4847b03f3f713e9b 582ff033841769cdd74c80220eb68675ab94edae02fd706afea9208940572138
CLIENT_TRAFFIC_SECRET_0 239a84fecc0f64c3afef610b61f3246123c37ef194d79feb24c512b48d3d58e0 461f189ba6e9585ee316d5e5ee96eb811601aa265c0846df13d55609000fe60e
SERVER_TRAFFIC_SECRET_0 239a84fecc0f64c3afef610b61f3246123c37ef194d79feb24c512b48d3d58e0 ed7128aef162564ff11898d782eb99f08760bf3aea3868554fbc15c434fc43f2
EXPORTER_SECRET 239a84fecc0f64c3afef610b61f3246123c37ef194d79feb24c512b48d3d58e0 7643bab2432db5a778242a390befeb86606ad664b2817923a17e1d64cf915192
CLIENT_TRAFFIC_SECRET_0 aa2495a1c5f89c15482eedf607f5ffcc0b2c7d768f4732b7dc52072d64330285 6a20824a4df5c36d71589165ebebdc095d36b10e7808f883d5bc3b59923be1e2
SERVER_TRAFFIC_SECRET_0 aa2495a1c5f89c15482eedf607f5ffcc0b2c7d768f4732b7dc52072d64330285 a838ba5ce8591af2d0d9e5aa0212da419829ce0cc60f7ffb6f716e512fea82a8
EXPORTER_SECRET aa2495a1c5f89c15482eedf607f5ffcc0b2c7d768f4732b7dc52072d64330285 7141d714c91ead612f43895cbb591a93938e80cf5a54c62a5fb4b930fde44b1a
