CLIENT_HANDSHAKE_TRAFFIC_SECRET 4d2bea91169a815dc4a44deeae2badb0e5312178a0c82e031da2bcee249b9c79 899ef692cdd14c83abb5944ca7f3db9f08b5af41875bb5ab13cab44a936d8cfa
SERVER_HANDSHAKE_TRAFFIC_SECRET 4d2bea91169a815dc4a44deeae2badb0e5312178a0c82e031da2bcee249b9c79 58131c808f17c3c826b7335a82d52a1dc0d004d26d871f934ec017fc4b552803
CLIENT_TRAFFIC_SECRET_0 4d2bea91169a815dc4a44deeae2badb0e5312178a0c82e031da2bcee249b9c79 5e5e6e414d8ba6f10d3651145a3bd20aebfd75a25348d5ecc8cf5a30bd17f742
SERVER_TRAFFIC_SECRET_0 4d2bea91169a815dc4a44deeae2badb0e5312178a0c82e031da2bcee249b9c79 08bee9837e4fbd0559d318e10e3c18a9371ece508e0df4ed9cab7daf65a68541
EXPORTER_SECRET 4d2bea91169a815dc4a44deeae2badb0e5312178a0c82e031da2bcee249b9c79 4e1e2280fb72953e2974298ca03d2df9ea74a856edaf2f95a5fde665e6ad55ed
CLIENT_HANDSHAKE_TRAFFIC_SECRET 819c9285c1f49a4894674838184aa481f22ef869085ed412354c97c13cefada2 7e4251279de1dae5f0cf04117393c9e8bc1ce6a9a18742325631181360f93be8
SERVER_HANDSHAKE_TRAFFIC_SECRET 819c9285c1f49a4894674838184aa481f22ef869085ed412354c97c13cefada2 1feabe79a0f7724f225aca93338c36f2510ac0b6e7e64ac5908800d87158cfb5
CLIENT_TRAFFIC_SECRET_0 819c9285c1f49a4894674838184aa481f22ef869085ed412354c97c13cefada2 6a18bc97db8a8c8a6feda413990080951eba5531c1ea71c5806c58c9a18e0030
SERVER_TRAFFIC_SECRET_0 819c9285c1f49a4894674838184aa481f22ef869085ed412354c97c13cefada2 e565b3228f47a12e419010b4c46edab341c59fbcfa8fb7f3809ae5fea6660174
EXPORTER_SECRET 819c9285c1f49a4894674838184aa481f22ef869085ed412354c97c13cefada2 0cef8dfcb6eadccd78de3ecefb8a3273ec007ad51cf88e4404ce8f976a564832
CLIENT_HANDSHAKE_TRAFFIC_SECRET a5082bf0328b71c6ed56ee4eac6c0b49bee9004c3f5f95ef75572a83498d780c b12945dbde7f6fbf9698f4666436222abf076db31385cb38bb5c7964cb4f895b
SERVER_HANDSHAKE_TRAFFIC_SECRET a5082bf0328b71c6ed56ee4eac6c0b49bee9004c3f5f95ef75572a83498d780c 97f169ad284b97acd6e87cdd1dd356d2c11864d9113dac6670f3dfa13182bb28
CLIENT_HANDSHAKE_TRAFFIC_SECRET e6cf75c12686f4333c9672126b39ce5e52eb05b7283dd9c838f255eae8b9ac55 a4c45fca9d9d5d44e64d20a2a31b670b001ac0c86dbc325a5a72a58650669e3b
SERVER_HANDSHAKE_TRAFFIC_SECRET e6cf75c12686f4333c9672126b39ce5e52eb05b7283dd9c838f255eae8b9ac55 a1adfb3051bcfa26a0f84027a8b9751ef9549b5aa4af3e31cfa2f979157d5e66
CLIENT_TRAFFIC_SECRET_0 a5082bf0328b71c6ed56ee4eac6c0b49bee9004c3f5f95ef75572a83498d780c c0636f847fea7d15d3db596a8b835a68b38480958dc23e078599f508f4c3485f
SERVER_TRAFFIC_SECRET_0 a5082bf0328b71c6ed56ee4eac6c0b49bee9004c3f5f95ef75572a83498d780c b4904ceb4b95d3a8541bad25d064a1e2065ff69f005ba47fde3700fe78b3fcd3
CLIENT_HANDSHAKE_TRAFFIC_SECRET 191d45c829338c01d2c5c43edc15925b00dd63111d6e8305c8f621fd2c1bb9dc 7db0591adf78a0e867a6468ea2ec6ffa09d34730a313b8f2453c1ac5f32f7c7c
EXPORTER_SECRET a5082bf0328b71c6ed56ee4eac6c0b49bee9004c3f5f95ef75572a83498d780c 8d0c651c2f6d1d2b249d3d13960872d0369b5fed9efd494f35d192290fe2de62
SERVER_HANDSHAKE_TRAFFIC_SECRET 191d45c829338c01d2c5c43edc15925b00dd63111d6e8305c8f621fd2c1bb9dc ab55ff6125bac46df64b28386973e3bb0d3f6e1da392cd62e4fb96ef057534a6
CLIENT_TRAFFIC_SECRET_0 e6cf75c12686f4333c9672126b39ce5e52eb05b7283dd9c838f255eae8b9ac55 bbed1a967438620473b8ee6f1e57503dd8154b2309a6da87f92b010ed8bc219c
SERVER_TRAFFIC_SECRET_0 e6cf75c12686f4333c9672126b39ce5e52eb05b7283dd9c838f255eae8b9ac55 0c321a614932ad4901030dd113c044940986489affd97dd65ef7a7a3808a8bd6
EXPORTER_SECRET e6cf75c12686f4333c9672126b39ce5e52eb05b7283dd9c838f255eae8b9ac55 4bd9a1a67f3c4e274c262f51eb4385e03afde69e7586c6555753060d709daa64
CLIENT_TRAFFIC_SECRET_0 191d45c829338c01d2c5c43edc15925b00dd63111d6e8305c8f621fd2c1bb9dc d7f2f59d1f35acf1c622e6ede96d04ffcc06bbe10a722dd8e436d1cbfee07949
SERVER_TRAFFIC_SECRET_0 191d45c829338c01d2c5c43edc15925b00dd63111d6e8305c8f621fd2c1bb9dc c518f48ff0789e51b952b389544ef9213a83ca8cef79e19223378e96293fcca7
EXPORTER_SECRET 191d45c829338c01d2c5c43edc15925b00dd63111d6e8305c8f621fd2c1bb9dc 9106851d0f8cdf30018461cede45552a5c71c4145d81469e5deef6518224f81c
