CLIENT_HANDSHAKE_TRAFFIC_SECRET 96d3a65814c6947ccd744617fdf16da93f7cd4a7ce172ec0f53c5dbaa1cfd488 66597151da5f7ea19ccec77ae63744d5e439961dfa494fd55d45e8d9b1635553
SERVER_HANDSHAKE_TRAFFIC_SECRET 96d3a65814c6947ccd744617fdf16da93f7cd4a7ce172ec0f53c5dbaa1cfd488 c49fc699e0884eca758244f332ee5b59bd58294bef41a21b0f1396bcb44180b7
CLIENT_TRAFFIC_SECRET_0 96d3a65814c6947ccd744617fdf16da93f7cd4a7ce172ec0f53c5dbaa1cfd488 a5499eeb73952eae0a61b0cb52c6dfadbaff9d495642a1e10e59020ce2c6e2a7
SERVER_TRAFFIC_SECRET_0 96d3a65814c6947ccd744617fdf16da93f7cd4a7ce172ec0f53c5dbaa1cfd488 f4708f7731aa0e4efc140fab26eeada806647bb1db6a641101bba0c991342e5e
EXPORTER_SECRET 96d3a65814c6947ccd744617fdf16da93f7cd4a7ce172ec0f53c5dbaa1cfd488 679fca432e31f0d3971d91defeb8de3d55ff1b3b7f7a83cbc62f4b550012082f
CLIENT_HANDSHAKE_TRAFFIC_SECRET 2b9d29b381813777827c4d5ef488c60f30b299e992710d132a7808e92268c539 da72cb7aed5dbf9f17830b7a126a33cbf15bf2deeb50dbb441c6cbb762a8b9d3
SERVER_HANDSHAKE_TRAFFIC_SECRET 2b9d29b381813777827c4d5ef488c60f30b299e992710d132a7808e92268c539 8e96fe1206f81d9220c75e7cdb374ce2ccdff8f95130e0e9acfb0ba4600d148a
CLIENT_HANDSHAKE_TRAFFIC_SECRET 840293f3f86bb7eb240f18f95e0ba04cda806bd3129ab540af65e0190d7e79cf cd0c58426f6824726aa954da409993fc922cc8bddc7ab5943966d97286352b5b
SERVER_HANDSHAKE_TRAFFIC_SECRET 840293f3f86bb7eb240f18f95e0ba04cda806bd3129ab540af65e0190d7e79cf c3b21a8ffcc451761f53488b5c9e02b459f9465b1767d03a97edda1a6a51c7c7
CLIENT_HANDSHAKE_TRAFFIC_SECRET e3f912d60bf882b4d79c2518236f08d939e1ff684f7fc2f931d6b34b87c18a3a 8aa5c93f7f18419d05b8776fa88d61a344a0d48002b880789ed1066c6b777e03
SERVER_HANDSHAKE_TRAFFIC_SECRET e3f912d60bf882b4d79c2518236f08d939e1ff684f7fc2f931d6b34b87c18a3a 3ca7a8e6507b62c6d1bda0d5fe2a3c84b4cbf6ad8cc46f0130424f1011f46eed
CLIENT_TRAFFIC_SECRET_0 2b9d29b381813777827c4d5ef488c60f30b299e992710d132a7808e92268c539 25ed48d91b72dbd435e53dcc5213014711276796f41872a74948ae7ee09d9179
SERVER_TRAFFIC_SECRET_0 2b9d29b381813777827c4d5ef488c60f30b299e992710d132a7808e92268c539 d573410f641c9d0e7896057a9d58e784c8a9811ca765509961d8730620839171
EXPORTER_SECRET 2b9d29b381813777827c4d5ef488c60f30b299e992710d132a7808e92268c539 30ab267c78a36ea9c3f34880f406703f7782cf63c9b2484b2c71fd62a404c717
CLIENT_TRAFFIC_SECRET_0 840293f3f86bb7eb240f18f95e0ba04cda806bd3129ab540af65e0190d7e79cf fe4392a81b433ed93e01670e5b7ee9b8f1a18e07dc044424b54310a3b4b745b7
SERVER_TRAFFIC_SECRET_0 840293f3f86bb7eb240f18f95e0ba04cda806bd3129ab540af65e0190d7e79cf 0073968bf0e3c80284d7a631f97b313c8756b1a34ea91cc4ed1bec3556c51734
EXPORTER_SECRET 840293f3f86bb7eb240f18f95e0ba04cda806bd3129ab540af65e0190d7e79cf e6e3091e1a48d7644bdaf08bfc8685d968577c041e15112e867d7ca169acb5b9
CLIENT_HANDSHAKE_TRAFFIC_SECRET b0d835115a826a333866516e2ceb8b54a45131346d1b64c610e80e2b30c8ab6e c25e13c910a5ef376d88770d84a36d60c30ae3638114335bb4b9b0e5ae5bfeca
CLIENT_HANDSHAKE_TRAFFIC_SECRET 538b7f92849972b0d5b04562291405b83495d54f21db4938bfd810f81f39aee7 0d0033dcdddb3ff8923313d72b18b8f985e9ec53f12224ee522b8908dda9eeed
SERVER_HANDSHAKE_TRAFFIC_SECRET b0d835115a826a333866516e2ceb8b54a45131346d1b64c610e80e2b30c8ab6e 02bd8b7708a36eda4163f9bf4d10fc23a933b20ae7aaf113feaf17a13106daa3
SERVER_HANDSHAKE_TRAFFIC_SECRET 538b7f92849972b0d5b04562291405b83495d54f21db4938bfd810f81f39aee7 aa8205239ac92ccf3e3de77b762685d5e396b12ee662baca84940cd12046e22c
CLIENT_TRAFFIC_SECRET_0 e3f912d60bf882b4d79c2518236f08d939e1ff684f7fc2f931d6b34b87c18a3a b4cd33a753103b1d331843061a727c00dff0f9d4ce0bf033223735f651c64aad
SERVER_TRAFFIC_SECRET_0 e3f912d60bf882b4d79c2518236f08d939e1ff684f7fc2f931d6b34b87c18a3a 163c7e22395eab24e3c1cb1f918094bbf323160adb299dbafd2ab3b475b70763
EXPORTER_SECRET e3f912d60bf882b4d79c2518236f08d939e1ff684f7fc2f931d6b34b87c18a3a d73936f21f451d250b9a862da41e5bf260622bff791b00b76046fc1829b86fed
CLIENT_TRAFFIC_SECRET_0 b0d835115a826a333866516e2ceb8b54a45131346d1b64c610e80e2b30c8ab6e 8802663a56247965a22fce17b2325945bd218744af33f2b172eb8304a0876e64
SERVER_TRAFFIC_SECRET_0 b0d835115a826a333866516e2ceb8b54a45131346d1b64c610e80e2b30c8ab6e 31e1291d3339f5e7e2062de65960c1e65b346d73383fcf6a9fa4e83a3040b0b3
CLIENT_TRAFFIC_SECRET_0 538b7f92849972b0d5b04562291405b83495d54f21db4938bfd810f81f39aee7 55eefdd9bda41349a0645730809b9debfa9d796871dffdc3ac9daa0a510ba484
EXPORTER_SECRET b0d835115a826a333866516e2ceb8b54a45131346d1b64c610e80e2b30c8ab6e 8deb4b2481f37c270f567c431450ae67b8c360ee12428e6712b0b463bfcee7d5
SERVER_TRAFFIC_SECRET_0 538b7f92849972b0d5b04562291405b83495d54f21db4938bfd810f81f39aee7 f684f055189e2a143f85ed7b27d220d5207be62af5de71f444868b38514cf6cc
EXPORTER_SECRET 538b7f92849972b0d5b04562291405b83495d54f21db4938bfd810f81f39aee7 e26f2eac28aabb8eaf06f36fbb4320fc35cf3e357ee6118e3ba4bae5d1894376
CLIENT_HANDSHAKE_TRAFFIC_SECRET f27f066c9119ffac978e5617e0667caf4c3dc869bd286e11f4e354b166e0cb7b 2899adde472e5c592804d8d9c1f72e8bd2fdfe69201cf3013f687ac916f90477
SERVER_HANDSHAKE_TRAFFIC_SECRET f27f066c9119ffac978e5617e0667caf4c3dc869bd286e11f4e354b166e0cb7b d13b0f1c2e5a40151c966d7208dae0e635416d793b68bbb41f355e2cce53a414
CLIENT_HANDSHAKE_TRAFFIC_SECRET baa99b9e478f2d1e8dd1b6f03f9debb03357a6dc2272a4a0e520b37cf76930e5 22c7ae8b31f35856d2dfa9217b2532a800642b821d9a0697d583d30b71cc1b42
SERVER_HANDSHAKE_TRAFFIC_SECRET baa99b9e478f2d1e8dd1b6f03f9debb03357a6dc2272a4a0e520b37cf76930e5 404f3d4c54c4cac242f02d937c89f412327cd0a61f9fedd154745eb13f14b465
CLIENT_HANDSHAKE_TRAFFIC_SECRET eb04a42d7ef776eefd17c36c52a036fed092aba420508121ce6ff03ae924e84f 30ac8c0546a2ee70ca01dbfe85e1693b7b86350d713042fd9f8ec6da5a3439cc
SERVER_HANDSHAKE_TRAFFIC_SECRET eb04a42d7ef776eefd17c36c52a036fed092aba420508121ce6ff03ae924e84f 890905ca33220be9b44bdcde0bca028fc96e1054a09a7e71e3c254f5d0f62584
CLIENT_TRAFFIC_SECRET_0 baa99b9e478f2d1e8dd1b6f03f9debb03357a6dc2272a4a0e520b37cf76930e5 e216bdae7652aed0ee260919312f96a9a2b74ed4e2f61c66087ccee5588f6988
SERVER_TRAFFIC_SECRET_0 baa99b9e478f2d1e8dd1b6f03f9debb03357a6dc2272a4a0e520b37cf76930e5 428784281c717a5b47f5a3d4f405d04e59aa5ff3e2a31eb419543b12e07fcd99
EXPORTER_SECRET baa99b9e478f2d1e8dd1b6f03f9debb03357a6dc2272a4a0e520b37cf76930e5 18823418cb75bf07e9751dcb7f27c2ee23cfe23bc8140fb84ba767d2edec6443
CLIENT_TRAFFIC_SECRET_0 eb04a42d7ef776eefd17c36c52a036fed092aba420508121ce6ff03ae924e84f 84d7f7b22d571033dd1a6185067625349a92aca0a53318a091b3123c992e14d7
SERVER_TRAFFIC_SECRET_0 eb04a42d7ef776eefd17c36c52a036fed092aba420508121ce6ff03ae924e84f f0710188a04b909a3b51d69ad023be5a522fa1e998d616ac4be86da3d9706ec3
EXPORTER_SECRET eb04a42d7ef776eefd17c36c52a036fed092aba420508121ce6ff03ae924e84f 0291fdf32483dae15c04b0476d33d54ade55aa4be9c8edbfabb766caed63be58
CLIENT_TRAFFIC_SECRET_0 f27f066c9119ffac978e5617e0667caf4c3dc869bd286e11f4e354b166e0cb7b a286383d8b336bf4c44f89414e61b5f208ce0c647229736f1ec0a771357e9ab0
SERVER_TRAFFIC_SECRET_0 f27f066c9119ffac978e5617e0667caf4c3dc869bd286e11f4e354b166e0cb7b b27cbc3c8fa3ee0d060efbd6b0da2dd8deae75ac7b544765dcacf990acf93afd
EXPORTER_SECRET f27f066c9119ffac978e5617e0667caf4c3dc869bd286e11f4e354b166e0cb7b 6b1ab7e65984934aa0b33ad6d3a579712d202864a405cfaf6cb13092325bb14c
CLIENT_HANDSHAKE_TRAFFIC_SECRET bd0368e3bff0844b5550b643f25d0f6bfd9d258b494a5fc11a4cfbf474d0ddfb a92b66f9b12b469b4524cebf72bfe82c184945ef85498c3b34aee73030b26de5
SERVER_HANDSHAKE_TRAFFIC_SECRET bd0368e3bff0844b5550b643f25d0f6bfd9d258b494a5fc11a4cfbf474d0ddfb a516b8e967585c68cfb2e4cf1fddbbd75fb365a9593a710f296b0cceebd92cb9
CLIENT_TRAFFIC_SECRET_0 bd0368e3bff0844b5550b643f25d0f6bfd9d258b494a5fc11a4cfbf474d0ddfb e52d23c7fc8871f3655cbdc655904a020951233f34ac7b6e2e3f42974adae62f
SERVER_TRAFFIC_SECRET_0 bd0368e3bff0844b5550b643f25d0f6bfd9d258b494a5fc11a4cfbf474d0ddfb 6a220c4577a4ec078867cc6df58a8e685b72cf41e77724ddb7f29f4e76f86587
EXPORTER_SECRET bd0368e3bff0844b5550b643f25d0f6bfd9d258b494a5fc11a4cfbf474d0ddfb f7bf6fc049cdfedf3a203a1dbea1a9a5a16eadcee3330a7d632e8f09def14890
