CLIENT_HANDSHAKE_TRAFFIC_SECRET 6dcc02552f5df624612650c7b9bd2af6bad4e39c1e955657dd1bbbfc7bb475fe 4cf318b01d1f09b07a830f31453bf50eb64576c0c5a8e3e84237a697ff69ecf4
SERVER_HANDSHAKE_TRAFFIC_SECRET 6dcc02552f5df624612650c7b9bd2af6bad4e39c1e955657dd1bbbfc7bb475fe ed6578f3b456fd462caa737eb981da5075cefc251b3f4ef62369c57eb3241a58
CLIENT_TRAFFIC_SECRET_0 6dcc02552f5df624612650c7b9bd2af6bad4e39c1e955657dd1bbbfc7bb475fe d2958662931eb245f1e6ed071acf72fb123e1307ea38eaf0b77773ad08eb0c0a
SERVER_TRAFFIC_SECRET_0 6dcc02552f5df624612650c7b9bd2af6bad4e39c1e955657dd1bbbfc7bb475fe 5d926d5e046e9cba454168d97d627b58a90e1c79503b2088aa1ed8052eebf5a3
EXPORTER_SECRET 6dcc02552f5df624612650c7b9bd2af6bad4e39c1e955657dd1bbbfc7bb475fe 0aeda4a36aefce04c7e18f426b1c29608406a0ae61d73a1870440e672a0494df
CLIENT_HANDSHAKE_TRAFFIC_SECRET 389732f8f58049334516f9900b583aec21578852ab1d5e142557a4e22412368b 156879ed60a30090c8fbc119b0f8567c5f114ae411febd35ee4c7c428178f9c3
SERVER_HANDSHAKE_TRAFFIC_SECRET 389732f8f58049334516f9900b583aec21578852ab1d5e142557a4e22412368b f9d230a995323da542974310c2209a7d681015bcb80208e9f26ea1c04c181bcc
CLIENT_TRAFFIC_SECRET_0 389732f8f58049334516f9900b583aec21578852ab1d5e142557a4e22412368b bafbf06613525c22cf28bf5f5cf805c79e968d3c0a0610e60e7e3fa473767970
SERVER_TRAFFIC_SECRET_0 389732f8f58049334516f9900b583aec21578852ab1d5e142557a4e22412368b c5f105bafd6bc55065f1019e23dbd845776c461fcf3931e7ff92194aae1baec7
EXPORTER_SECRET 389732f8f58049334516f9900b583aec21578852ab1d5e142557a4e22412368b ddc2c06f7a106c6000a4f8ab0a064bd5e9f84e4e6e7ec54600ceee04f7bcb365
CLIENT_HANDSHAKE_TRAFFIC_SECRET b4a5e25f36c7c785e8f9d383c6ece7bd26adb1c788b0941f559c6862aed5a7b1 45868eea89c1b460c463684ae6bc5b2a48fd275db72432588ab65903ffa7ce5b
SERVER_HANDSHAKE_TRAFFIC_SECRET b4a5e25f36c7c785e8f9d383c6ece7bd26adb1c788b0941f559c6862aed5a7b1 c06e35f375af325f0d791173927f7432be81ab7cd911aaaa2751c597cf078938
CLIENT_TRAFFIC_SECRET_0 b4a5e25f36c7c785e8f9d383c6ece7bd26adb1c788b0941f559c6862aed5a7b1 e73b66ae2c8b880f3490b234e40a6008935766ec903ea56542cc26e8fd54e1c1
SERVER_TRAFFIC_SECRET_0 b4a5e25f36c7c785e8f9d383c6ece7bd26adb1c788b0941f559c6862aed5a7b1 a58d2e182c53349390292ad3d650aa8062937037f7328a6b80deef20e83317bf
EXPORTER_SECRET b4a5e25f36c7c785e8f9d383c6ece7bd26adb1c788b0941f559c6862aed5a7b1 99f60ffa7db0c3b0b5bcc8df4a1ff14bcc8675b49d1c25d9648fd0820e0c66ca
CLIENT_HANDSHAKE_TRAFFIC_SECRET fc9e3b5fe9d82b9bb584461e66151e2acaacaa8ad136556170a45f352e1b7ef3 55cc2c2b21ead01b49c536731dd40a640ebc099769f1114e226195511f57cba9
SERVER_HANDSHAKE_TRAFFIC_SECRET fc9e3b5fe9d82b9bb584461e66151e2acaacaa8ad136556170a45f352e1b7ef3 de6f6b01aba44239673db504cd3e2e293cf6d54e7a4a0a31a20e3fd85c294518
CLIENT_TRAFFIC_SECRET_0 fc9e3b5fe9d82b9bb584461e66151e2acaacaa8ad136556170a45f352e1b7ef3 fcebe9b737673d27f53ff1eb912666a19692f5924f4ae36025e9f44ed8cf09e3
SERVER_TRAFFIC_SECRET_0 fc9e3b5fe9d82b9bb584461e66151e2acaacaa8ad136556170a45f352e1b7ef3 b952157f6ca5de13f4d236f5ab2522c9eba93ed7067743f63c4bf671fecb73df
EXPORTER_SECRET fc9e3b5fe9d82b9bb584461e66151e2acaacaa8ad136556170a45f352e1b7ef3 ddeed95fdd7118d63f78e5a4f7991538d3ebd133fc222ce34125bcabda0904c8
CLIENT_HANDSHAKE_TRAFFIC_SECRET c9173704d7560c5356e54876d44e6cfcff8e07909f26d624317ff3d7791a1b89 b78d3c6728389eb62da86d4de006fac2b53d2ef055d8c45762925ac4bfe0e3a5
SERVER_HANDSHAKE_TRAFFIC_SECRET c9173704d7560c5356e54876d44e6cfcff8e07909f26d624317ff3d7791a1b89 bf64e5884c0cdf3e431a69a47d3c41ac1d627a651ad1b61c5240a3a790251228
CLIENT_HANDSHAKE_TRAFFIC_SECRET 4524078826fae0f94312bd5d5a953db93493fc6662eeced5f712bb94fbbb84aa c8b40086bed1e9b47a66b52d76deba6870a4a4ef42bfc26b2fd6e6b02f0d40c9
SERVER_HANDSHAKE_TRAFFIC_SECRET 4524078826fae0f94312bd5d5a953db93493fc6662eeced5f712bb94fbbb84aa 42afbefda80e027571117d95f33e75c001df65cdb0d4298269f5f003d9cfd29d
CLIENT_TRAFFIC_SECRET_0 c9173704d7560c5356e54876d44e6cfcff8e07909f26d624317ff3d7791a1b89 7d8fbd20343007d45df3cbacb8b0c73ead874c4096f2c9607e04efd4eee38eb8
SERVER_TRAFFIC_SECRET_0 c9173704d7560c5356e54876d44e6cfcff8e07909f26d624317ff3d7791a1b89 775e6f22ee71e948e011f3b05648a71938e4cf95617adecaf270b18ca7f66b0d
EXPORTER_SECRET c9173704d7560c5356e54876d44e6cfcff8e07909f26d624317ff3d7791a1b89 a669630e95c2f4613926e724c777c39682a7342de04dbe75913d2019dccea698
CLIENT_HANDSHAKE_TRAFFIC_SECRET ef625c87ccabc26a5f8900296af8cfcbf2bc19def30e5a3c3acae8662fdc515b efd6b5ae33989a03f9bef3ced54d8a4cd30bb6ca21390fd1d80c8cf6bcb1b1df
SERVER_HANDSHAKE_TRAFFIC_SECRET ef625c87ccabc26a5f8900296af8cfcbf2bc19def30e5a3c3acae8662fdc515b 48b67fc9d934cb3a06490ac089ddda9ab63b9aa71f32955104bede803b9d6def
CLIENT_TRAFFIC_SECRET_0 4524078826fae0f94312bd5d5a953db93493fc6662eeced5f712bb94fbbb84aa 106530b034978e3fd1cab83b65800876f84a53951e1fdc26f23d3b137d19c261
SERVER_TRAFFIC_SECRET_0 4524078826fae0f94312bd5d5a953db93493fc6662eeced5f712bb94fbbb84aa fa08819b5c47cf858d3f5bdce133a34aeb96282d15df698b4e1e4944d800ada8
EXPORTER_SECRET 4524078826fae0f94312bd5d5a953db93493fc6662eeced5f712bb94fbbb84aa 35b80806991969d4e2d94264415e933e8885b1b60018447860886a062643ebe5
CLIENT_TRAFFIC_SECRET_0 ef625c87ccabc26a5f8900296af8cfcbf2bc19def30e5a3c3acae8662fdc515b d3e75d5d796fd30f9fb0e32c9e173d6299c80fdce83c8180aa58f133ecd8f8d4
SERVER_TRAFFIC_SECRET_0 ef625c87ccabc26a5f8900296af8cfcbf2bc19def30e5a3c3acae8662fdc515b 578f1f354911fe30ca4e7e1e760f6fb897103ed264d9a0ae0f84126d3eb38b58
EXPORTER_SECRET ef625c87ccabc26a5f8900296af8cfcbf2bc19def30e5a3c3acae8662fdc515b 7f6eb172c0e1d29ef0e3bb8aa29fc17e973f7d73d0f4f36d1c137fcf19695a2f
