CLIENT_HANDSHAKE_TRAFFIC_SECRET d7861cb625a609d24947b672b6802d03b29272308a372ac8279471052cc0ec34 1783035a380742f20844af6340f23b05a459642aa0c699ca2550541530953265
SERVER_HANDSHAKE_TRAFFIC_SECRET d7861cb625a609d24947b672b6802d03b29272308a372ac8279471052cc0ec34 aec5281b0199c50e1533c329f9d4382606d7cff2dc1c056e7ed6c9c792aa3349
CLIENT_TRAFFIC_SECRET_0 d7861cb625a609d24947b672b6802d03b29272308a372ac8279471052cc0ec34 faf22fc6e58c7bca3d7fa95bf85943ad3f4cf7caf438d67803fe360ff7c9984b
SERVER_TRAFFIC_SECRET_0 d7861cb625a609d24947b672b6802d03b29272308a372ac8279471052cc0ec34 3434ce9a3116c21718b5e3d31431e0c2362d0147b9ff6c8871d22c57cc50ca2b
EXPORTER_SECRET d7861cb625a609d24947b672b6802d03b29272308a372ac8279471052cc0ec34 6ed0df7c83ee8b2829b8431661dfcb9d99059ad5d52735d8aecf943d5ffd1238
CLIENT_HANDSHAKE_TRAFFIC_SECRET 1713248ab5ea0b8b1113604e8545ccdfe5527b312ffa65e8ce0c543949e277ef bc30957fea0043e50323d51ac1cff15aaf9bdf55447940d27acf4b200da626a6
SERVER_HANDSHAKE_TRAFFIC_SECRET 1713248ab5ea0b8b1113604e8545ccdfe5527b312ffa65e8ce0c543949e277ef 639da31e39b51fa69f5cad54b535a2657e2c301f69b1be5c74294195a3855caa
CLIENT_HANDSHAKE_TRAFFIC_SECRET aaf27483ac0b5a417f46c5f4706d9999dda0f48a9270c96d36c586f8edc360d9 e433fde8be413d93080f6e0b43aa7fb2b7e0e8e2d2a1c72da776bad15c3b458f
SERVER_HANDSHAKE_TRAFFIC_SECRET aaf27483ac0b5a417f46c5f4706d9999dda0f48a9270c96d36c586f8edc360d9 abe78e992c9c4207b4977178698e0ca23d468f2237f8c771c2858c29897d47d1
CLIENT_HANDSHAKE_TRAFFIC_SECRET bbe021629310e2e113de581bdcdc65d33fbdee2bcf19e801c4f53d480387d858 aeb2c87c1c052ead0de375dce4dfe1c5f130cbe32623a8876a930bbf282325bc
SERVER_HANDSHAKE_TRAFFIC_SECRET bbe021629310e2e113de581bdcdc65d33fbdee2bcf19e801c4f53d480387d858 e6f94e736dc0361f4d8f2644c837a65490f479a756fbca84414a9f87f9871669
CLIENT_HANDSHAKE_TRAFFIC_SECRET 642aba3b563d20d7d627090e0d3d2b9e308997caa5628831b0e675613e6ed9ee 7a8f08e46377bd5163598a0a2805f5061452cc06d7e2c140700115eec22c04c8
SERVER_HANDSHAKE_TRAFFIC_SECRET 642aba3b563d20d7d627090e0d3d2b9e308997caa5628831b0e675613e6ed9ee 5e3cd44638f0dff7855acce873f0d84ddfb453c944663502c964c218bea84ac9
CLIENT_HANDSHAKE_TRAFFIC_SECRET 8f470a672d18d4b1f603d9adc1d5769e86ba33734db1b76e62b96247b2d1c54a cba75b7a87680e4e93d4d42adefce6d2fede075dc1dd0008578c1a8104a3b744
SERVER_HANDSHAKE_TRAFFIC_SECRET 8f470a672d18d4b1f603d9adc1d5769e86ba33734db1b76e62b96247b2d1c54a 9703a36244554cdd08737a8fc3a2399b7ed84876e0b8ef818d64252c9399530a
CLIENT_HANDSHAKE_TRAFFIC_SECRET 3bf22c1d0fcd076b2e4bb54c57d7c23de18cbeedfbc8f62c3d3fa6263a8306e7 d7b191672a3e69b654b75f1d4373c064783295b26809329d0cf393837ca2cf84
SERVER_HANDSHAKE_TRAFFIC_SECRET 3bf22c1d0fcd076b2e4bb54c57d7c23de18cbeedfbc8f62c3d3fa6263a8306e7 cda9b6c7e6990cfa43f3b0a09cc8d76cfa4d50543e737a4e41f4849688d31908
CLIENT_HANDSHAKE_TRAFFIC_SECRET 54c4a84b331351b34238ad9cf2fe54438286629d14404bce206706f6a8f982ec c92130936242acc8e506069ea236587a6c1fe321e90e8f28950c9f557224e018
SERVER_HANDSHAKE_TRAFFIC_SECRET 54c4a84b331351b34238ad9cf2fe54438286629d14404bce206706f6a8f982ec ff35babf12d6de2220dfc09f5b48f4af7af84e6d8ea2e88e6919ef2ca8b17227
CLIENT_HANDSHAKE_TRAFFIC_SECRET af33c99e96728f79ac6e0a1a3c9a95717be798a13a65a6e6e17780aa343f9d22 226da952abae959d6f94f73246ab144a36efeb3aa7ed83a970843d3c30eece2f
SERVER_HANDSHAKE_TRAFFIC_SECRET af33c99e96728f79ac6e0a1a3c9a95717be798a13a65a6e6e17780aa343f9d22 c7da4045837aba170592003f54ee0716c429b684a41d3fbb93303d3551f9cfda
CLIENT_HANDSHAKE_TRAFFIC_SECRET 6b3501b422e6f967ddb014729b97053ff5b51508313a561e0787057d7876821b 8f854e8a92a6b1ccd32080e38305a6abe7dbc5b3d17e6c3a1d7e81dbda54ae81
SERVER_HANDSHAKE_TRAFFIC_SECRET 6b3501b422e6f967ddb014729b97053ff5b51508313a561e0787057d7876821b c373ffef559b515b609de0666e7a6232abf0a8ef7dc0957c20954942780e1885
CLIENT_TRAFFIC_SECRET_0 1713248ab5ea0b8b1113604e8545ccdfe5527b312ffa65e8ce0c543949e277ef 5451e0d540726a63a486f8a101eab109cd8d5ac8f611258c73ed94984d6fa506
SERVER_TRAFFIC_SECRET_0 1713248ab5ea0b8b1113604e8545ccdfe5527b312ffa65e8ce0c543949e277ef 539e585ca01add77c4df07a4683c17e1d4f7a2467f178e09e88f8fb51c4f49a3
EXPORTER_SECRET 1713248ab5ea0b8b1113604e8545ccdfe5527b312ffa65e8ce0c543949e277ef a76509e7a7f2260eb2ab1a862e2c494cdb093e7fded5c575da11e87c790c142a
CLIENT_HANDSHAKE_TRAFFIC_SECRET a35d6cb63865b3adf2e689445e4405ace665734014ca0a24ac45c56846a71f10 c83a1cb15ae7ba3ae60655998ff7e4406479c2fdb799a2150bf17cea6734a8f8
CLIENT_TRAFFIC_SECRET_0 aaf27483ac0b5a417f46c5f4706d9999dda0f48a9270c96d36c586f8edc360d9 fd36386bd9e11d2653fae42151cc01e3f7ca1359ff9157fd55f99c63a72ac4ff
SERVER_HANDSHAKE_TRAFFIC_SECRET a35d6cb63865b3adf2e689445e4405ace665734014ca0a24ac45c56846a71f10 99b69a4993337d95df9f1adab782d734f99949f2d14cce6b00e78442f13dbce5
SERVER_TRAFFIC_SECRET_0 aaf27483ac0b5a417f46c5f4706d9999dda0f48a9270c96d36c586f8edc360d9 23a1a272ec61c1ba119daf3a469e596ad99858921b4ff73ab87402524180b31d
EXPORTER_SECRET aaf27483ac0b5a417f46c5f4706d9999dda0f48a9270c96d36c586f8edc360d9 9d9a889ee7ca0b20fcd6e0c9573222e5703a90275013429df30af01babe2aecc
CLIENT_TRAFFIC_SECRET_0 642aba3b563d20d7d627090e0d3d2b9e308997caa5628831b0e675613e6ed9ee 65ab25eb0f3016801aaeea785cc5fdf65075cc2182bddce8d257938a4f1de03e
CLIENT_TRAFFIC_SECRET_0 bbe021629310e2e113de581bdcdc65d33fbdee2bcf19e801c4f53d480387d858 59e8bc9f79fbcbdcd389ed23709520adfa4822a509b0bba7e40726e2f41ec8b8
SERVER_TRAFFIC_SECRET_0 642aba3b563d20d7d627090e0d3d2b9e308997caa5628831b0e675613e6ed9ee d28514a47cc7e650940b8459c5ea0f73b792390a853438771d6b1e4523f0a7e6
SERVER_TRAFFIC_SECRET_0 bbe021629310e2e113de581bdcdc65d33fbdee2bcf19e801c4f53d480387d858 309db8782a6f9fc86addb4f336cdadf7adb66e72ef5ce3f63bbd394a9f677b8a
EXPORTER_SECRET 642aba3b563d20d7d627090e0d3d2b9e308997caa5628831b0e675613e6ed9ee a0a488e22f52ed9799a3a6b06a18cd5eed7832d9714f0bfed84ae9a3807486ac
EXPORTER_SECRET bbe021629310e2e113de581bdcdc65d33fbdee2bcf19e801c4f53d480387d858 2f16fb722bbb97ae0ea7cdfda8844f3e9549f13eccc3e863d66a34f60a5cddbc
CLIENT_HANDSHAKE_TRAFFIC_SECRET a352b9f723c315f9029ce82f76186e0cb3002a9160bb11199a04ae2e51f2dc1e cbd81d1e87f9f629ee2cc8b03c18ed9ab3be715ef9f0e4629d1eacfd8cf9f76e
SERVER_HANDSHAKE_TRAFFIC_SECRET a352b9f723c315f9029ce82f76186e0cb3002a9160bb11199a04ae2e51f2dc1e f85c5212d479182fe143c138e1f85b7167202aedd0eefa6202b2a793b5bfd171
CLIENT_TRAFFIC_SECRET_0 8f470a672d18d4b1f603d9adc1d5769e86ba33734db1b76e62b96247b2d1c54a dc58f72cf7e1ef15a8028bb074ea61e471cad6c33f8a67f42134e485561276e3
SERVER_TRAFFIC_SECRET_0 8f470a672d18d4b1f603d9adc1d5769e86ba33734db1b76e62b96247b2d1c54a 9419b2c3c98ed3c8fbbce6a03ea157f501a597d75d1602fbb315ccae458431d2
EXPORTER_SECRET 8f470a672d18d4b1f603d9adc1d5769e86ba33734db1b76e62b96247b2d1c54a 780768fcc2fd32be25ccbaf187052f48c9143a90aebd30b751694a4fe4af504b
CLIENT_TRAFFIC_SECRET_0 3bf22c1d0fcd076b2e4bb54c57d7c23de18cbeedfbc8f62c3d3fa6263a8306e7 284809e56256e7ce4b5d7230f9bbc21e572c5cf638feb1a9642e4657ea92053d
SERVER_TRAFFIC_SECRET_0 3bf22c1d0fcd076b2e4bb54c57d7c23de18cbeedfbc8f62c3d3fa6263a8306e7 234d9e3664f4f41d66b742f4107d301b12369f12f4151c412bb84c5eba7759da
EXPORTER_SECRET 3bf22c1d0fcd076b2e4bb54c57d7c23de18cbeedfbc8f62c3d3fa6263a8306e7 c2005b502ce645e73f1656b07d5c588928acd0346c3d00ae680b14cae28b4816
CLIENT_TRAFFIC_SECRET_0 54c4a84b331351b34238ad9cf2fe54438286629d14404bce206706f6a8f982ec 279cd37bb260909b6697a720f0b36da4e0ee20859daa724ddb5960704c78a979
SERVER_TRAFFIC_SECRET_0 54c4a84b331351b34238ad9cf2fe54438286629d14404bce206706f6a8f982ec 154018747bae8003f0ea043dc1e9187f22156cdb63c3fdd28fe4884ac6c935c0
EXPORTER_SECRET 54c4a84b331351b34238ad9cf2fe54438286629d14404bce206706f6a8f982ec 66ba0748f97712555ad63aa0806acef2754eed8b67fac1302625d869572b7e2b
CLIENT_TRAFFIC_SECRET_0 af33c99e96728f79ac6e0a1a3c9a95717be798a13a65a6e6e17780aa343f9d22 7ad8e640a538af1da5a032616b562922b30a44d592b138880eb48adadb537f25
SERVER_TRAFFIC_SECRET_0 af33c99e96728f79ac6e0a1a3c9a95717be798a13a65a6e6e17780aa343f9d22 850a6273513a6e9a06f7dc5654a3b4569af334103af11404a14e80a81c6a16c6
EXPORTER_SECRET af33c99e96728f79ac6e0a1a3c9a95717be798a13a65a6e6e17780aa343f9d22 7fe52af8b48ac3a0489afc342da286e9525df031bc2db766c6494320c852b306
CLIENT_TRAFFIC_SECRET_0 6b3501b422e6f967ddb014729b97053ff5b51508313a561e0787057d7876821b 6ef6077e3b69314cd0aeda39009187f4d4f730426da6d905203fe0c60054c89d
SERVER_TRAFFIC_SECRET_0 6b3501b422e6f967ddb014729b97053ff5b51508313a561e0787057d7876821b 06ce3e432a67159d192d7cc462ee0b522bb2e1ffd32119bf8702b327c093e4d8
EXPORTER_SECRET 6b3501b422e6f967ddb014729b97053ff5b51508313a561e0787057d7876821b 93c0c9e887d343abad943e5947aee6a1b26f0c7f1a666bec05cbec4cfe2c002e
CLIENT_TRAFFIC_SECRET_0 a35d6cb63865b3adf2e689445e4405ace665734014ca0a24ac45c56846a71f10 293703e9fa5940f33dca2a6ba70ca0ae8c9f8cb7dc6a9461d37c103ab6714576
SERVER_TRAFFIC_SECRET_0 a35d6cb63865b3adf2e689445e4405ace665734014ca0a24ac45c56846a71f10 9b9a53acae00177ec9ade679cf008596dc9e71c57fe0e49fab2dced28e068818
EXPORTER_SECRET a35d6cb63865b3adf2e689445e4405ace665734014ca0a24ac45c56846a71f10 060a354e7fe3a1f1ae392da742064a6ec456313ac65ac460247704f855697d72
CLIENT_TRAFFIC_SECRET_0 a352b9f723c315f9029ce82f76186e0cb3002a9160bb11199a04ae2e51f2dc1e d26e58338f7720353c875d2ab4f92cb0511da9ab3875dcc5c54407e12d9e9402
SERVER_TRAFFIC_SECRET_0 a352b9f723c315f9029ce82f76186e0cb3002a9160bb11199a04ae2e51f2dc1e dddbf2f19cd2d50e5e9f917d56eeaffe12245921e0920540e7d5020b34c27bc2
EXPORTER_SECRET a352b9f723c315f9029ce82f76186e0cb3002a9160bb11199a04ae2e51f2dc1e abc5436af2cab7e4f5e48f40eb3ba5d5e36116531f529a3957f0faf3a78c4cf7
