CLIENT_HANDSHAKE_TRAFFIC_SECRET 15e43e63f7bc2aa8458fae51a1e25138d3d18b7b2dd64c8d9fea0d706bf75645 71f4c01e1e9c0cd588dc29697c37306e4e2ea32451dd7c8ac276d75c061070d4
SERVER_HANDSHAKE_TRAFFIC_SECRET 15e43e63f7bc2aa8458fae51a1e25138d3d18b7b2dd64c8d9fea0d706bf75645 a64dd700f5222ad341867554592f21bdbcf12b8a86f4559aa77e3c4a6600a59c
CLIENT_TRAFFIC_SECRET_0 15e43e63f7bc2aa8458fae51a1e25138d3d18b7b2dd64c8d9fea0d706bf75645 a06c29293a26830cf2b246c656acf6c5f3a2c3126841e7544b6667434d4f7cef
SERVER_TRAFFIC_SECRET_0 15e43e63f7bc2aa8458fae51a1e25138d3d18b7b2dd64c8d9fea0d706bf75645 ada45cf1d34d72847c1c0414fe6d3738f1528fe56a31e8ab17c4ad3c15eabbd9
EXPORTER_SECRET 15e43e63f7bc2aa8458fae51a1e25138d3d18b7b2dd64c8d9fea0d706bf75645 6e8f163a92e58c520a3e065f4e6a8c4d592d6d3b5e1acd831a88addf86d772c0
CLIENT_HANDSHAKE_TRAFFIC_SECRET 33b26803d5122fc18e544445f5022d5c9455b1ee5ccc6b9c2a40ea521fade5d8 d40d8f41d4e2eaa4e16df53f6412f6645c7763584081ccad7ba8b818130f3774
SERVER_HANDSHAKE_TRAFFIC_SECRET 33b26803d5122fc18e544445f5022d5c9455b1ee5ccc6b9c2a40ea521fade5d8 db39a799bd6f607ee12e185853508f6ed839f1b74c9fbe0a60e78c7e6a2aa016
CLIENT_HANDSHAKE_TRAFFIC_SECRET f804c3a091fe1dcd86e53a7920ad750d123705782819001d51192516a268fa2c 08bee2c7f5079c4d6287b72c6e9d0602a9bf0f42fa92bd61041a0e4c821574d5
SERVER_HANDSHAKE_TRAFFIC_SECRET f804c3a091fe1dcd86e53a7920ad750d123705782819001d51192516a268fa2c 4fabebaaae546bbb1c22e4a972976ea197452e808059a65234644fe932b4a28a
CLIENT_HANDSHAKE_TRAFFIC_SECRET 0801660344cb7157ecb25f5cda77125b7739f8fdb92d944bd2f606a36d4488b5 3d9ec6ed7386b5add153d1e262494693a901c224fb6e5593192786aff1fa7231
SERVER_HANDSHAKE_TRAFFIC_SECRET 0801660344cb7157ecb25f5cda77125b7739f8fdb92d944bd2f606a36d4488b5 4d136cf078d7f8a73eb7d195795d702012e6edad9fb2e0fabf58ebf01a297225
CLIENT_HANDSHAKE_TRAFFIC_SECRET 7bd39d66eb1af28b4428f0a2a1b130ca441ecc0f31ce66c11201fcb5d7a987e7 b3bab3626d91d96c915aa266307217b111c4c8fe45cffade3e8032aec70d9b31
SERVER_HANDSHAKE_TRAFFIC_SECRET 7bd39d66eb1af28b4428f0a2a1b130ca441ecc0f31ce66c11201fcb5d7a987e7 e61d2e8f31f79d04d8ed4f00a0333dbc524f615fa896e0cdf699efe31818787b
CLIENT_TRAFFIC_SECRET_0 33b26803d5122fc18e544445f5022d5c9455b1ee5ccc6b9c2a40ea521fade5d8 9a40b33a39b7bc028595998958c61d24197910c577b0dbfaa9429fcdcc95f3e2
SERVER_TRAFFIC_SECRET_0 33b26803d5122fc18e544445f5022d5c9455b1ee5ccc6b9c2a40ea521fade5d8 96223d65d2714ddb6c860ed650a6300e0224438d7046264523a48d0dbc84af80
EXPORTER_SECRET 33b26803d5122fc18e544445f5022d5c9455b1ee5ccc6b9c2a40ea521fade5d8 97ef62210a5344a48744cc786986b28441665be77a13e1510452fbbebd642e2e
CLIENT_TRAFFIC_SECRET_0 f804c3a091fe1dcd86e53a7920ad750d123705782819001d51192516a268fa2c 103364e7444b56775e8acc3240a8d56584923ce189b47c25951e3ce5fc6ffba8
SERVER_TRAFFIC_SECRET_0 f804c3a091fe1dcd86e53a7920ad750d123705782819001d51192516a268fa2c a3c3fa9e90ff8da1d64c99d0f1d8bd95aef6ec926c2c6cbb473e8fd734cf03d1
EXPORTER_SECRET f804c3a091fe1dcd86e53a7920ad750d123705782819001d51192516a268fa2c 06cfa7698ccb738c689f4ed50dafa2c9f987ef9fb176da9a7b08d778dc240e96
CLIENT_TRAFFIC_SECRET_0 7bd39d66eb1af28b4428f0a2a1b130ca441ecc0f31ce66c11201fcb5d7a987e7 3438efdc126579b02d35a3d8ad562bdb38c7b9e7d8b3477097a9f33fd5b693aa
SERVER_TRAFFIC_SECRET_0 7bd39d66eb1af28b4428f0a2a1b130ca441ecc0f31ce66c11201fcb5d7a987e7 f1e123c40478f2e03522fa301379d67507412ae08310c226c80cfaca7894643a
EXPORTER_SECRET 7bd39d66eb1af28b4428f0a2a1b130ca441ecc0f31ce66c11201fcb5d7a987e7 1c6918a338ca92bb4e513560250625bac271bea644b06b7a239c3b7bea3b54a8
CLIENT_TRAFFIC_SECRET_0 0801660344cb7157ecb25f5cda77125b7739f8fdb92d944bd2f606a36d4488b5 411794b26cab4d134a7fff3504b993073c4cd5459aa68f6d7b126974a80574eb
SERVER_TRAFFIC_SECRET_0 0801660344cb7157ecb25f5cda77125b7739f8fdb92d944bd2f606a36d4488b5 f1d3a25d46307b9b2913f6421b5e30d9ffc4565b61f923e2d5b6f9e02fb81407
EXPORTER_SECRET 0801660344cb7157ecb25f5cda77125b7739f8fdb92d944bd2f606a36d4488b5 e879db488d9a1d2e3a983fe2dcee13b72d85f513483832553970f2d728dc842e
