CLIENT_HANDSHAKE_TRAFFIC_SECRET fd4e04ec4374609985f2eecbaa5623d9293bf1295d86d5257d75b9681a8970fb 912052d3ea554fd37ca3e98ba091448a8dbb9f6c2664b5fab702eb9a0d1ac2dc
SERVER_HANDSHAKE_TRAFFIC_SECRET fd4e04ec4374609985f2eecbaa5623d9293bf1295d86d5257d75b9681a8970fb 1a1fc18e8667d611dd55cfa72a4be9e760badf8114a486a2ea757f2adb40be46
CLIENT_TRAFFIC_SECRET_0 fd4e04ec4374609985f2eecbaa5623d9293bf1295d86d5257d75b9681a8970fb 54673ceaaf0723bea9b31e32f81da62be5690b7aa1631aada4ec69aaede23188
SERVER_TRAFFIC_SECRET_0 fd4e04ec4374609985f2eecbaa5623d9293bf1295d86d5257d75b9681a8970fb ae0594bc9dc653ee4e1a3405bf4dcac35b4fb5c88bda75e88814a8f7ccdd20b2
EXPORTER_SECRET fd4e04ec4374609985f2eecbaa5623d9293bf1295d86d5257d75b9681a8970fb 34774fa6df5edd842351925cc01145ae26f841ede6f286beba0fd583017abf83
CLIENT_HANDSHAKE_TRAFFIC_SECRET a2dc6ab3ac268462425d7c22f81b8bd757355312a28d251e2245bd6c6ef9a2bb e61a408f6a7d2e10749fde7cb32509b4940b9c1ec37b1bc8a42f36e3674146a3
SERVER_HANDSHAKE_TRAFFIC_SECRET a2dc6ab3ac268462425d7c22f81b8bd757355312a28d251e2245bd6c6ef9a2bb ed765b348348fd6b09f406e570149873d89e2387b633d16024526ce1b5c3f9db
CLIENT_HANDSHAKE_TRAFFIC_SECRET 09965590fd5e0e7f2e61c4bc2bae78444afae0566eaf34e6fa4d4ba598fc317b b5f52e66815c5d2b95e192015c23840e3bebdb7d7b5f3663ff23d7dce228148a
SERVER_HANDSHAKE_TRAFFIC_SECRET 09965590fd5e0e7f2e61c4bc2bae78444afae0566eaf34e6fa4d4ba598fc317b 7c9058966824a105015b448b3633e1f7e2a2427c66405795759e6dfee58f82b2
CLIENT_HANDSHAKE_TRAFFIC_SECRET 23783510ff3f8fa3535c8b328df242ef9a2b2fb5c88287fa86ace3686fb389fc 9d7e0422aa3b3fa3775ad1a0e9df1abf794e3e702ea729e32ede027e5720e957
SERVER_HANDSHAKE_TRAFFIC_SECRET 23783510ff3f8fa3535c8b328df242ef9a2b2fb5c88287fa86ace3686fb389fc f8ceb8dc1bb8b6bcc227bd28434921f152fc40acc73e9c712c3edc1ae745fd59
CLIENT_HANDSHAKE_TRAFFIC_SECRET eee3a0d2bac2d19c12270579d4749b669a98fcf45cc0283e0a12051596cdeb36 4e3b49f4d8c5d1264c91c836ee169ca46d09cc95fb538cfa642e699981bd27f2
SERVER_HANDSHAKE_TRAFFIC_SECRET eee3a0d2bac2d19c12270579d4749b669a98fcf45cc0283e0a12051596cdeb36 29a0d4ec22c5476fe6bdbe4405e608b6ccc0923dc6f91e50e1fd6142d55a0fbb
CLIENT_HANDSHAKE_TRAFFIC_SECRET 66dc5775183215b49ce5a53b30822d058dd907be02ca68285139c2843bb6f4da 3236b2c6895f257262b6183569e518573d3479458813ecfd32d9e29ff8fff44b
SERVER_HANDSHAKE_TRAFFIC_SECRET 66dc5775183215b49ce5a53b30822d058dd907be02ca68285139c2843bb6f4da 4979385e44083da1a6b16bfc86d3b1409bb5768c226c3924955669e6e747f391
CLIENT_HANDSHAKE_TRAFFIC_SECRET a04ea5da429a96077efba0ead21ca3d31ce48795294f2ec3fd2e43f54f1efdad 5da2809b5d6c8947ec8622d97ec7321c8e41d778b917b9651d3e7dfa14098245
SERVER_HANDSHAKE_TRAFFIC_SECRET a04ea5da429a96077efba0ead21ca3d31ce48795294f2ec3fd2e43f54f1efdad a73fc23371b21e42053fd865f8d623a422a19e2e473707ed45c5a97eb6bf4ac1
CLIENT_HANDSHAKE_TRAFFIC_SECRET 5ec91c16928a0b19aacc4334c861bc556a82bdcf2b30122ba27775b2d25fd0a7 789e552245fc568b90f29ba992cd94d3b6ba7216dfed43461ee44c24e001f56a
SERVER_HANDSHAKE_TRAFFIC_SECRET 5ec91c16928a0b19aacc4334c861bc556a82bdcf2b30122ba27775b2d25fd0a7 1afda429789d9e32a3c5bd47aa690acc781efc4770d2d13cff43db3993de89da
CLIENT_HANDSHAKE_TRAFFIC_SECRET fc037b8cfd97e49b925fe3490a78df39081b9f4fd31de0050fd51e74f4baffcb 0ad735c65135218619bc346dbd0dc20e30b1da30f3c5a09562f71f2954212e84
SERVER_HANDSHAKE_TRAFFIC_SECRET fc037b8cfd97e49b925fe3490a78df39081b9f4fd31de0050fd51e74f4baffcb 63d2458bd95ff036e25c56a5808b63601f3b154e1f43ce514644abd074dd1264
CLIENT_HANDSHAKE_TRAFFIC_SECRET fc6a7e23b930777517e24e8e2c1bd33d1ea51a00be0f51bf5f6103c52de0676e 720edc709ae64ace399b7c51d34145e1c33cb004e05029ebf21877676b2fab74
SERVER_HANDSHAKE_TRAFFIC_SECRET fc6a7e23b930777517e24e8e2c1bd33d1ea51a00be0f51bf5f6103c52de0676e d3f03b929cffd179bd08ac28cf234600c336a92124056bf5972623254c9b086e
CLIENT_HANDSHAKE_TRAFFIC_SECRET 22632b53d083db91f3e42e6797ab447e617697242590d64c8b037387d5e9bc22 f4ba7dfe1ff636a03abbb20dc9bb891a93e3fa6891a1412dad9fbddd8a945e74
SERVER_HANDSHAKE_TRAFFIC_SECRET 22632b53d083db91f3e42e6797ab447e617697242590d64c8b037387d5e9bc22 883e647c5059b290fedd5015f6fadc0dede39e8c1bbb09f82278bad4198f6f5c
CLIENT_HANDSHAKE_TRAFFIC_SECRET 73829f903672e7c1e81e2dba66c920754e3c691830c114918cf63cfc5df72dd8 45a5aa53e24445a8da5615559cd5d019a2c9bd3859204de0fe5f95b223569cb6
SERVER_HANDSHAKE_TRAFFIC_SECRET 73829f903672e7c1e81e2dba66c920754e3c691830c114918cf63cfc5df72dd8 ffc2e2df1fe82206f879fff6ce2d8bdd4682dfa32822cd3875caa2d6d4860869
CLIENT_TRAFFIC_SECRET_0 a2dc6ab3ac268462425d7c22f81b8bd757355312a28d251e2245bd6c6ef9a2bb 286210d2e62219e8efe173e081484f739ad625090045a07d175ed4dc56bbf827
SERVER_TRAFFIC_SECRET_0 a2dc6ab3ac268462425d7c22f81b8bd757355312a28d251e2245bd6c6ef9a2bb 8ef605a257792454bb9150287361cea386f392adb287666ab1dab079d9d3c41d
EXPORTER_SECRET a2dc6ab3ac268462425d7c22f81b8bd757355312a28d251e2245bd6c6ef9a2bb e3d0733d4d769ca774bf25992ccb02cb54c59106a789d0989e22057e56d6934f
CLIENT_HANDSHAKE_TRAFFIC_SECRET 1c03d087e973e107d1e1eb09e0e5d8c77723a740a5bc506b76c76f02ebc34768 9666fa30da3729095e9500f98a525cf28c9487f174f2944636f3b29191946c40
SERVER_HANDSHAKE_TRAFFIC_SECRET 1c03d087e973e107d1e1eb09e0e5d8c77723a740a5bc506b76c76f02ebc34768 aa50e92ec25d4c85f63a3bc210a3d3fe9f0c5eda42bd5da5b8f56988352b94f4
CLIENT_HANDSHAKE_TRAFFIC_SECRET 856d99c0deaf29586ad18d37e3a61b4f821092aa27ff7eea10672f5dd0169b31 3b7ee36b96d13acca7b88e5920110d8a815f2dcfd2c698080683cfa344f2d70d
SERVER_HANDSHAKE_TRAFFIC_SECRET 856d99c0deaf29586ad18d37e3a61b4f821092aa27ff7eea10672f5dd0169b31 03ed0062f0147d94fd3728c071da7a8200fa403ee2478e0322a03949fcea329d
CLIENT_TRAFFIC_SECRET_0 09965590fd5e0e7f2e61c4bc2bae78444afae0566eaf34e6fa4d4ba598fc317b aba0f526898703024b92b00db193a0ff5770968b1ca523f817b061b9abec59f6
SERVER_TRAFFIC_SECRET_0 09965590fd5e0e7f2e61c4bc2bae78444afae0566eaf34e6fa4d4ba598fc317b d45e1e2a599bc84a59abe0d13bc94af2933ee1433ab9ff3eb1e9316a2186dbf0
EXPORTER_SECRET 09965590fd5e0e7f2e61c4bc2bae78444afae0566eaf34e6fa4d4ba598fc317b ad68df74357477867a6ef5bff53549f642063b52df3c7f5940550e42d95cf34e
CLIENT_TRAFFIC_SECRET_0 eee3a0d2bac2d19c12270579d4749b669a98fcf45cc0283e0a12051596cdeb36 cc269235e162c9d2d528472e2faae5cba4263f1fc8a3bf28a17e8b2125e17d5f
SERVER_TRAFFIC_SECRET_0 eee3a0d2bac2d19c12270579d4749b669a98fcf45cc0283e0a12051596cdeb36 9e70de78a38fb958f8e24c1f7f2d723047c875de661ac205e18ef7fe10ce647d
EXPORTER_SECRET eee3a0d2bac2d19c12270579d4749b669a98fcf45cc0283e0a12051596cdeb36 da2a17012a778b8e18b357411500c90050b87598b84584400bf8cb8b2c99950a
CLIENT_TRAFFIC_SECRET_0 66dc5775183215b49ce5a53b30822d058dd907be02ca68285139c2843bb6f4da 334827e39c5edba3da283091442fa966e281f80f5f1c30765e7b101e91d81bda
SERVER_TRAFFIC_SECRET_0 66dc5775183215b49ce5a53b30822d058dd907be02ca68285139c2843bb6f4da 09b425d970b020517bb0a9e559ec60f24d5dc825f5ef71425e7e3abd175b783c
EXPORTER_SECRET 66dc5775183215b49ce5a53b30822d058dd907be02ca68285139c2843bb6f4da 49df4c4fc70e3fed938d6cc24f2b17947c105dc7f888fc37acc47db5af103d1f
CLIENT_TRAFFIC_SECRET_0 23783510ff3f8fa3535c8b328df242ef9a2b2fb5c88287fa86ace3686fb389fc 8149c9456af6d6a2892bdd61a6eb9ee03adacb8fb133c691eb3ea87623bed2b5
SERVER_TRAFFIC_SECRET_0 23783510ff3f8fa3535c8b328df242ef9a2b2fb5c88287fa86ace3686fb389fc 2f177834a2a2b4807b0b75b2cf1168e0a87d5752423101c33fd4b57ff2d485b7
EXPORTER_SECRET 23783510ff3f8fa3535c8b328df242ef9a2b2fb5c88287fa86ace3686fb389fc 9c1d6baa08735153415d48ff04eff011b7500ab68cdb777aa26e083509b1e183
CLIENT_TRAFFIC_SECRET_0 a04ea5da429a96077efba0ead21ca3d31ce48795294f2ec3fd2e43f54f1efdad 56b9263214838b3983d58bb9e688d337dd53d08065f07c3c4c13c58f00411e65
SERVER_TRAFFIC_SECRET_0 a04ea5da429a96077efba0ead21ca3d31ce48795294f2ec3fd2e43f54f1efdad 535f768dabe0ebcb642dfd4ebb7d2ba2e211b9bae92a4dc7ea12157f6dbc7ad2
EXPORTER_SECRET a04ea5da429a96077efba0ead21ca3d31ce48795294f2ec3fd2e43f54f1efdad be46fc402759b7e8288c975dad6048829a909767c245c7250ca856905e2dff3f
CLIENT_TRAFFIC_SECRET_0 5ec91c16928a0b19aacc4334c861bc556a82bdcf2b30122ba27775b2d25fd0a7 7c99e187a89f7a1e085a593f499bf76b1db1450e895428812dfd8ae0066ac374
SERVER_TRAFFIC_SECRET_0 5ec91c16928a0b19aacc4334c861bc556a82bdcf2b30122ba27775b2d25fd0a7 7fe1bf2a73be89b049642894f24e3b472f04aa61c8d0929df8a2ad7cd431d6e3
EXPORTER_SECRET 5ec91c16928a0b19aacc4334c861bc556a82bdcf2b30122ba27775b2d25fd0a7 fe0864b47398f48c41bf08b8e461d792e9639161e2c85c67c6cad6fa4c36bd2c
CLIENT_TRAFFIC_SECRET_0 fc037b8cfd97e49b925fe3490a78df39081b9f4fd31de0050fd51e74f4baffcb 046278f9416b5775cfab78dbe870ac8e159b36cd487361a58d387cd75ff72cb2
SERVER_TRAFFIC_SECRET_0 fc037b8cfd97e49b925fe3490a78df39081b9f4fd31de0050fd51e74f4baffcb edf538fc7153a0f2f2b94c7c056f23f5582d3bb650dcb91d8ff76329a694a3f5
EXPORTER_SECRET fc037b8cfd97e49b925fe3490a78df39081b9f4fd31de0050fd51e74f4baffcb 34fc9cf814120d439c4dfc603973906dfae8f669ba22b814f46b9a4d7e94143e
CLIENT_TRAFFIC_SECRET_0 fc6a7e23b930777517e24e8e2c1bd33d1ea51a00be0f51bf5f6103c52de0676e e347bd9ea3e72ca2e915a4d2b6d0ee196c9263191ca32eda9cb40d39eea99022
SERVER_TRAFFIC_SECRET_0 fc6a7e23b930777517e24e8e2c1bd33d1ea51a00be0f51bf5f6103c52de0676e 05d70b3e11118548c8344e96ad141d2f21553e3e98a43026aa5b7023dea5c900
EXPORTER_SECRET fc6a7e23b930777517e24e8e2c1bd33d1ea51a00be0f51bf5f6103c52de0676e c34f43ecadc90ea85d2cac576b10892b8d6efa1491d9d9a89114ecec5bae3e46
CLIENT_TRAFFIC_SECRET_0 22632b53d083db91f3e42e6797ab447e617697242590d64c8b037387d5e9bc22 aac5045682e4d0a30617f84acc17cca4e9e26d49087a4a64335809c9819cd895
SERVER_TRAFFIC_SECRET_0 22632b53d083db91f3e42e6797ab447e617697242590d64c8b037387d5e9bc22 6942bcfb212ced59b8d8861589bccfed96bb225366c99a497f6f0fe508398961
EXPORTER_SECRET 22632b53d083db91f3e42e6797ab447e617697242590d64c8b037387d5e9bc22 72ed6f51284542b8e833790c3eb0653fdfdbad702778c83512638e5e8ab3c596
CLIENT_TRAFFIC_SECRET_0 73829f903672e7c1e81e2dba66c920754e3c691830c114918cf63cfc5df72dd8 433122bd196e743b60b1fb1977460e0808bf7178e4ff3f166975cc7afb0fce73
SERVER_TRAFFIC_SECRET_0 73829f903672e7c1e81e2dba66c920754e3c691830c114918cf63cfc5df72dd8 efa315d8977e8e9546fd44f6342ca6a6545eb50737274a092e1bd8f542f3029e
EXPORTER_SECRET 73829f903672e7c1e81e2dba66c920754e3c691830c114918cf63cfc5df72dd8 5a82579ca4e02a477910540d9f8e2a4a24480b65b63d3bc05f521e72c2358027
CLIENT_TRAFFIC_SECRET_0 856d99c0deaf29586ad18d37e3a61b4f821092aa27ff7eea10672f5dd0169b31 a5d5e63eea915c3e610be309f86c0987e2f5c01d7ba791059aa29ca1d14890a5
SERVER_TRAFFIC_SECRET_0 856d99c0deaf29586ad18d37e3a61b4f821092aa27ff7eea10672f5dd0169b31 097440fb9d9a682657f61696620b8b9dc8afa29c1222c9ee8dbd195b8c35a987
EXPORTER_SECRET 856d99c0deaf29586ad18d37e3a61b4f821092aa27ff7eea10672f5dd0169b31 fdde30e7feeb9ba0e2551ebeb40ab112ab2427d5ecfc03fe62e9c1932c5cb522
CLIENT_TRAFFIC_SECRET_0 1c03d087e973e107d1e1eb09e0e5d8c77723a740a5bc506b76c76f02ebc34768 69ee1b855a4a5b805e560d8093e973fcf3ea37fa054b7f6905e58b0589dff0ea
SERVER_TRAFFIC_SECRET_0 1c03d087e973e107d1e1eb09e0e5d8c77723a740a5bc506b76c76f02ebc34768 d6be7b04c0ce2a100e3fb253fa51da764319f131535cec2597a7e60b5d16cf85
EXPORTER_SECRET 1c03d087e973e107d1e1eb09e0e5d8c77723a740a5bc506b76c76f02ebc34768 52859383f8b8c9aed7bbd124f40f27c0ec1dbec6bbc14b2178a544016db25fed
