CLIENT_HANDSHAKE_TRAFFIC_SECRET 300d46a18ee0697ae2412d615e5d3794e198da87ac905db4f219220309ea936e 7969119f25eee2d58310fbdf0dc471c80f8a460c9d0379627386931ae75fd9bc
SERVER_HANDSHAKE_TRAFFIC_SECRET 300d46a18ee0697ae2412d615e5d3794e198da87ac905db4f219220309ea936e fb6391604047947c55cc0bd26208c3b733cbeb35d1b588f730459b083febf5b8
CLIENT_TRAFFIC_SECRET_0 300d46a18ee0697ae2412d615e5d3794e198da87ac905db4f219220309ea936e 8df3ffe393a30567a2b4ef736515f30876599754b004b4b033e96e58eb648391
SERVER_TRAFFIC_SECRET_0 300d46a18ee0697ae2412d615e5d3794e198da87ac905db4f219220309ea936e 6f719a866acf3628e9210ccf76b2aa21d8f5be84adb17181e82792cdaecaefd8
EXPORTER_SECRET 300d46a18ee0697ae2412d615e5d3794e198da87ac905db4f219220309ea936e cf3406c292c137436a8bbb13d8dd84e970c8724f7cf7dff26b2a3fd999b0ad55
CLIENT_HANDSHAKE_TRAFFIC_SECRET 4c66aa51f10f3dafccda221c4baa7b8075f362daaeaeb201316cc7685073bbd7 63c8f204d09a1eec08566110fdc0a3c69177e8f1c9ed7c66d7e27a48122231c8
CLIENT_HANDSHAKE_TRAFFIC_SECRET 03bdd338f67dae8b8ae1c0b8c816796931521922f3b23ef839fbfae365812171 fe1ca1307fba3acd625a41d73fac0604511db0ac24661d2370d219e2388f0ec5
SERVER_HANDSHAKE_TRAFFIC_SECRET 4c66aa51f10f3dafccda221c4baa7b8075f362daaeaeb201316cc7685073bbd7 d737ecd22911d76396164d0aa3836d62126c14923cc856165f250ef677df1d1b
SERVER_HANDSHAKE_TRAFFIC_SECRET 03bdd338f67dae8b8ae1c0b8c816796931521922f3b23ef839fbfae365812171 3404213904b509e1663ea8cbced2dea2d5d8a103fbacaf6201f5a036e8cd541b
CLIENT_HANDSHAKE_TRAFFIC_SECRET eab4089ad7207710546b47a6f8e65463f701556e28911b0e4e1e24cbed238a7b b5fc8150e6b197bb18bec76c8da1b12bd7af62612e6e8fe5af67afab37174aee
SERVER_HANDSHAKE_TRAFFIC_SECRET eab4089ad7207710546b47a6f8e65463f701556e28911b0e4e1e24cbed238a7b 415d4fa287387fa2ba2661dad0eef1254c6c0aaaaf53cb88b6344055bbfd0766
CLIENT_HANDSHAKE_TRAFFIC_SECRET c748c24b764fccdff76860192d2fa9555b22ec3b7755009c0fa2c44f6577555b e5da1b7a67e86fb54f9e919091eec1ff04f0505467e003ce9888068f9b0a37d4
SERVER_HANDSHAKE_TRAFFIC_SECRET c748c24b764fccdff76860192d2fa9555b22ec3b7755009c0fa2c44f6577555b d42bc11cc54e346c593f62e8b3d5732156a5776b5bdf6d2e9a6aea062b5dbebc
CLIENT_TRAFFIC_SECRET_0 03bdd338f67dae8b8ae1c0b8c816796931521922f3b23ef839fbfae365812171 295feb8648198b366fb2f4e370d9f45b10413ce7750857480cfba64ef7cdd1c2
SERVER_TRAFFIC_SECRET_0 03bdd338f67dae8b8ae1c0b8c816796931521922f3b23ef839fbfae365812171 0e1c53129ec105f4c8d7dcb76bacb0c82582b556f0743d702f8713f1665d25e1
EXPORTER_SECRET 03bdd338f67dae8b8ae1c0b8c816796931521922f3b23ef839fbfae365812171 7c0db92be78167fcaed742c48b8286f8b02ae86ba24ef3ee21a8c1e61002ac5f
CLIENT_TRAFFIC_SECRET_0 4c66aa51f10f3dafccda221c4baa7b8075f362daaeaeb201316cc7685073bbd7 0137a342ed137e589e8bba4d43ce38bf63cc7ead8eb0f2546324d01bcfb6555c
SERVER_TRAFFIC_SECRET_0 4c66aa51f10f3dafccda221c4baa7b8075f362daaeaeb201316cc7685073bbd7 ccc687752bfd341ce67d3962d659bdb44cb184a01618475cbaba1914b05b6558
EXPORTER_SECRET 4c66aa51f10f3dafccda221c4baa7b8075f362daaeaeb201316cc7685073bbd7 380cfd0343e4f6a3d00409a8bc7d60697bc31c1a03b2f05f217c613e52971e26
CLIENT_TRAFFIC_SECRET_0 eab4089ad7207710546b47a6f8e65463f701556e28911b0e4e1e24cbed238a7b 4741368a9d4aff64eceb99ffda83c84fe623a82bd44937f9fc4bf3df3b536225
SERVER_TRAFFIC_SECRET_0 eab4089ad7207710546b47a6f8e65463f701556e28911b0e4e1e24cbed238a7b 6c627470195d8c7bce41d7f19ed02c6275190c1124ff6e3642e836b1ef5488a8
EXPORTER_SECRET eab4089ad7207710546b47a6f8e65463f701556e28911b0e4e1e24cbed238a7b 6d1fdd788ceda659b327ccac124ee6ef8a3ca9cedb0c5474348c2e86002245d3
CLIENT_TRAFFIC_SECRET_0 c748c24b764fccdff76860192d2fa9555b22ec3b7755009c0fa2c44f6577555b 7e7623e1bf7a7048e14d7b91b9cbbd56f0c85696b07fb9fa2ffbbb443a94f8ff
SERVER_TRAFFIC_SECRET_0 c748c24b764fccdff76860192d2fa9555b22ec3b7755009c0fa2c44f6577555b 3e2a4e23e11501a174e01df05427794a11ca24ede75ea68d225e66924004a53d
EXPORTER_SECRET c748c24b764fccdff76860192d2fa9555b22ec3b7755009c0fa2c44f6577555b 1f996a5e4b033b3c535be020b324295e0eca6f6a0ed1cb6b84d47335b22a4e7c
