CLIENT_HANDSHAKE_TRAFFIC_SECRET 686374fa4a711611032b93b915804df02f1eea833d911d1b0173f88966bd24c5 00472499323955a41eee43019cc9b2795ec023d50114af208e17719a15063b3f
SERVER_HANDSHAKE_TRAFFIC_SECRET 686374fa4a711611032b93b915804df02f1eea833d911d1b0173f88966bd24c5 d312cb5223bbab1a4f9b8a4589c9eac3b548859717dba76870fb32bceef697a1
CLIENT_TRAFFIC_SECRET_0 686374fa4a711611032b93b915804df02f1eea833d911d1b0173f88966bd24c5 bb9f13c4ff89470e92e146d02b8187cfdc2e53e9c2155316582a44790d73cb5a
SERVER_TRAFFIC_SECRET_0 686374fa4a711611032b93b915804df02f1eea833d911d1b0173f88966bd24c5 84880a4d0a78d4cf108db6b3abc2a6462467d65a4f5fb020e509cb5726f4c212
EXPORTER_SECRET 686374fa4a711611032b93b915804df02f1eea833d911d1b0173f88966bd24c5 125bb710ffa12e9a8a9e919f959eb7b97bea69a41023db381c55895406e26d58
CLIENT_HANDSHAKE_TRAFFIC_SECRET 2ad6e0027b43e0f0551554bb04e234f865eadb4ce6d3e0d62943a6cff02933fa c8a60e28075bd92f69ed53530c5d529b6b9415c112d5063269c3b324b3b723a4
SERVER_HANDSHAKE_TRAFFIC_SECRET 2ad6e0027b43e0f0551554bb04e234f865eadb4ce6d3e0d62943a6cff02933fa 4363ce9b0970d8b67285e2907ca9656e1713de7e35385228ae8a6d7654290527
CLIENT_HANDSHAKE_TRAFFIC_SECRET a6a7722bf301de1d6548d4517dc83da1050f6e2a7df90e4ba2bdc7ca53b46dc3 ba987db4648104fa349527e7a78c98731aabe264512c7bca4ee9bcbc34f345cd
SERVER_HANDSHAKE_TRAFFIC_SECRET a6a7722bf301de1d6548d4517dc83da1050f6e2a7df90e4ba2bdc7ca53b46dc3 ba06f56a4c653233e2e3cdff2d9c21500f1172f812e1fd5d31714b4c0089dde9
CLIENT_HANDSHAKE_TRAFFIC_SECRET 44414a1182835574ff09dc69e6e90ba5775ddf637a0b180cf9ba6db5115f794e d989918f7842201574bf400e8708d8e1b3194f94b03a72520389f1765699d041
SERVER_HANDSHAKE_TRAFFIC_SECRET 44414a1182835574ff09dc69e6e90ba5775ddf637a0b180cf9ba6db5115f794e 8c24b535fa3c07c5783357aed0d1804eebc2577a63feb4e8507fcdcccb3c060c
CLIENT_HANDSHAKE_TRAFFIC_SECRET ceafda22e607c20410e9d075ca60ac9953186bb9c9da7c5ce8ad95ebfddfc86e e42db850d3da6b406fe6eea82ea9e359474c009385c7cec1a9fbfdbfd709331f
CLIENT_HANDSHAKE_TRAFFIC_SECRET 98f703db60eb18dc0021b54f7e6a5c25409e7590fca2cefb1b4a27363fbad0cb 3fa2675a0b824a3311fd034a0b4738fec6180ab1b6bc283429bd177c2adec4fd
SERVER_HANDSHAKE_TRAFFIC_SECRET ceafda22e607c20410e9d075ca60ac9953186bb9c9da7c5ce8ad95ebfddfc86e e62ded6ea016603c533e5f1bcda77b9bcccbdf591fc11ec69c0ba3fa7566f50f
SERVER_HANDSHAKE_TRAFFIC_SECRET 98f703db60eb18dc0021b54f7e6a5c25409e7590fca2cefb1b4a27363fbad0cb 74193a515250eb93945d968acf613e0d4f085d8fc379e1dc9e8a81a6757da050
CLIENT_HANDSHAKE_TRAFFIC_SECRET 167c4c28425626af158b7644dd99edd0d0d4cb85475c42e29459587289e546b7 835e07d31f8e3eaa9cf85b7171d9f35e8ca906a1cac4faebd8f28d67ce8ae54b
SERVER_HANDSHAKE_TRAFFIC_SECRET 167c4c28425626af158b7644dd99edd0d0d4cb85475c42e29459587289e546b7 63e24871a6082eb79b9a661d6e6dd6b8b67a5459852f37e9e6cc94fc7e9c19de
CLIENT_HANDSHAKE_TRAFFIC_SECRET 7b40f343f2f7ef02a4755c5da737023133f550cb0364412bfb976ee5d794a352 db14907be15294c81c5d8c0d84d722f5da3067a31951cdf9cde5744eb624bfef
SERVER_HANDSHAKE_TRAFFIC_SECRET 7b40f343f2f7ef02a4755c5da737023133f550cb0364412bfb976ee5d794a352 a1ef72f54e12802b38724674b88361180f32714f843492a1640daad5abb87ea3
CLIENT_HANDSHAKE_TRAFFIC_SECRET eae151dd97b6ce3f83b679b8ff688b2f70f47082f62a7519a87a16c047d3fd59 104fdf8aa49f5a4084462b35c57c12b80f8a856c043bccf7d0858ed9ddc31e92
SERVER_HANDSHAKE_TRAFFIC_SECRET eae151dd97b6ce3f83b679b8ff688b2f70f47082f62a7519a87a16c047d3fd59 df6e596ce197d71a7dcfdeec9cea3848c1fa23335d6272b46963ede8ee9f3e9c
CLIENT_TRAFFIC_SECRET_0 2ad6e0027b43e0f0551554bb04e234f865eadb4ce6d3e0d62943a6cff02933fa e6398d3e03fb5e2151fc7cda03f03c386b42b2b5f3f389025d6d67546b561045
SERVER_TRAFFIC_SECRET_0 2ad6e0027b43e0f0551554bb04e234f865eadb4ce6d3e0d62943a6cff02933fa 1c19c12bb81941b03993de0c98ad8349089ad31154b39fc0799b4a4114e1e541
EXPORTER_SECRET 2ad6e0027b43e0f0551554bb04e234f865eadb4ce6d3e0d62943a6cff02933fa d242eb0d0b0c1ca54ad4ca0dcc05fbcfcfd9c3faa1f8bb340cd023b8d3997743
CLIENT_TRAFFIC_SECRET_0 a6a7722bf301de1d6548d4517dc83da1050f6e2a7df90e4ba2bdc7ca53b46dc3 cb12d1ddeb328f7cc15009ddcf6ec586590c042252cf32853cdf05c4b33dd13c
SERVER_TRAFFIC_SECRET_0 a6a7722bf301de1d6548d4517dc83da1050f6e2a7df90e4ba2bdc7ca53b46dc3 b17f706245424d7ce758f3de7bbfcd9a600a78bf1e5e64709a3cb341d8405fd4
EXPORTER_SECRET a6a7722bf301de1d6548d4517dc83da1050f6e2a7df90e4ba2bdc7ca53b46dc3 8b35dc4868bc282c113358feef302dcf4871338f296f1de8d70b703b9d90ee35
CLIENT_TRAFFIC_SECRET_0 44414a1182835574ff09dc69e6e90ba5775ddf637a0b180cf9ba6db5115f794e 2a26b98ee3f3f1f72c6e61b1e9dbd9a7bd87dfefd07e9a613b3200470fa10ee7
SERVER_TRAFFIC_SECRET_0 44414a1182835574ff09dc69e6e90ba5775ddf637a0b180cf9ba6db5115f794e 86fda9b7615cd754f4e68303f6f8f891298bc089045db895e727050921f556ee
EXPORTER_SECRET 44414a1182835574ff09dc69e6e90ba5775ddf637a0b180cf9ba6db5115f794e 8e5b0786944be76d48abca8ba83ce3004f8b51456a9d5347a2174d6194746d52
CLIENT_TRAFFIC_SECRET_0 98f703db60eb18dc0021b54f7e6a5c25409e7590fca2cefb1b4a27363fbad0cb 8c0295c967379235dfe41a6e007dbc177e6bb12b077f20ad95ad6b6c0f7d2bb6
CLIENT_TRAFFIC_SECRET_0 ceafda22e607c20410e9d075ca60ac9953186bb9c9da7c5ce8ad95ebfddfc86e 87b06e73d297e150d51d70190c2a2c4373e731561f8db4fd78734d5ba7847428
SERVER_TRAFFIC_SECRET_0 98f703db60eb18dc0021b54f7e6a5c25409e7590fca2cefb1b4a27363fbad0cb 19413563a6ccc676dc71fa21b0542eda5b776e44149a8c8e9cace4143608e319
SERVER_TRAFFIC_SECRET_0 ceafda22e607c20410e9d075ca60ac9953186bb9c9da7c5ce8ad95ebfddfc86e 103703b4784a41962bb49e02d35ddad4fb1a9601924174b3abfa6cd0d5ebb5fe
EXPORTER_SECRET 98f703db60eb18dc0021b54f7e6a5c25409e7590fca2cefb1b4a27363fbad0cb 72d1547891fbcfd51d50d9ff2c5fe58a10a2989191cf768aa2dbb97cf942b70e
EXPORTER_SECRET ceafda22e607c20410e9d075ca60ac9953186bb9c9da7c5ce8ad95ebfddfc86e e9b937d24a21216bf46364678cc9bfe2c394cf83787fd07d7223dca69c6ef601
CLIENT_TRAFFIC_SECRET_0 167c4c28425626af158b7644dd99edd0d0d4cb85475c42e29459587289e546b7 3425f35bc35ae8dca426eac2e3a7468fc0d3206f1d01cab5cf2046d321a33404
SERVER_TRAFFIC_SECRET_0 167c4c28425626af158b7644dd99edd0d0d4cb85475c42e29459587289e546b7 27204ed34ac2ab30a93463c388823906deb328c2e366fad4879fd64e87bad594
EXPORTER_SECRET 167c4c28425626af158b7644dd99edd0d0d4cb85475c42e29459587289e546b7 d46474a0e8e1e029c380b793c2f9854cd28cf5ad7e4a1edb9599184b5919c6e2
CLIENT_TRAFFIC_SECRET_0 eae151dd97b6ce3f83b679b8ff688b2f70f47082f62a7519a87a16c047d3fd59 fef83ada88ea92a5bbf37091915d43b7543fbcc4d614750e6855798df99fb09e
SERVER_TRAFFIC_SECRET_0 eae151dd97b6ce3f83b679b8ff688b2f70f47082f62a7519a87a16c047d3fd59 e2cd5a9c0d32af414586836706fe53c0c8a0cc67111afc09c4949918b754d512
CLIENT_TRAFFIC_SECRET_0 7b40f343f2f7ef02a4755c5da737023133f550cb0364412bfb976ee5d794a352 442ab8886e100c293f543ac6cce05513768bd22301c744b28aa5eecd7af067fc
EXPORTER_SECRET eae151dd97b6ce3f83b679b8ff688b2f70f47082f62a7519a87a16c047d3fd59 db3486d6b751b1cdb00b9bf336e0f569597ace01f943859ccef5dfe3c58f8360
SERVER_TRAFFIC_SECRET_0 7b40f343f2f7ef02a4755c5da737023133f550cb0364412bfb976ee5d794a352 31e21ea4decd0d709ca87cbc62d2236030db67f8e193d9e18c0e03d5ef8308ec
EXPORTER_SECRET 7b40f343f2f7ef02a4755c5da737023133f550cb0364412bfb976ee5d794a352 88f9d43704ed73611c8b7a26d61442341105eaabe86016561c9bdcab4ef4ec62
