CLIENT_HANDSHAKE_TRAFFIC_SECRET 656dfbf148eb944e17351a75a7206d21943f5f53e550e86bff54668a40b2992d 261486874575505a83d6cc3f5af883072c5a9d56321d013e9cca98c669e4f168
SERVER_HANDSHAKE_TRAFFIC_SECRET 656dfbf148eb944e17351a75a7206d21943f5f53e550e86bff54668a40b2992d b74ba32f90e7f64aca04c4a5b5d8cd836855f4ab1c32aaca7b341fea26f6a931
CLIENT_TRAFFIC_SECRET_0 656dfbf148eb944e17351a75a7206d21943f5f53e550e86bff54668a40b2992d 5c0a4928fef3d319ca31af38161516ae458cce0f9d6d5acc6e560eb09513f0bc
SERVER_TRAFFIC_SECRET_0 656dfbf148eb944e17351a75a7206d21943f5f53e550e86bff54668a40b2992d d0937f26e93503c777fabd2cbd08f9fbf44e465d90ff273697633697ba9057c1
EXPORTER_SECRET 656dfbf148eb944e17351a75a7206d21943f5f53e550e86bff54668a40b2992d 8c169d0f641abcd5c07d718cc818342c70954a521db59ed15923bf9e4e7c6b7c
CLIENT_HANDSHAKE_TRAFFIC_SECRET 819ef0ebdabab37878fad98b9c1702734c54e6544edda4055115bbc8476583b7 5af94913cb88fc2b0e7bfba70c355d3eb3cf48ca1be00b38cd8f91293cffe43a
SERVER_HANDSHAKE_TRAFFIC_SECRET 819ef0ebdabab37878fad98b9c1702734c54e6544edda4055115bbc8476583b7 5d293cee20ca88332b57d5958c16972f2fc4b7225b5b154e0b1cac74c56c876a
CLIENT_HANDSHAKE_TRAFFIC_SECRET 5415d9ddd1d9f504a949e7ae8dba13821ac816dd3fcbc38e99106b53a4971a80 ac4a530dbc19d03f8f5577a0368036fd1c76b8f1d5116fecf4a8f983c310eb2a
SERVER_HANDSHAKE_TRAFFIC_SECRET 5415d9ddd1d9f504a949e7ae8dba13821ac816dd3fcbc38e99106b53a4971a80 975d444c2b55b396fb5eee371bea7ec9ccafc1b1100dbfa63c1483c3636e488d
CLIENT_HANDSHAKE_TRAFFIC_SECRET 4c86742febd1ffad292cfaf18826bfde4a61ba176829f85e483d8f7a4e63836f cd0c14d4646f1ac16b2e8bacbfb90b0f35eb492048cca04436b4905c0c1eec66
SERVER_HANDSHAKE_TRAFFIC_SECRET 4c86742febd1ffad292cfaf18826bfde4a61ba176829f85e483d8f7a4e63836f db85cf870893f49110614506ee41bbcb3039e6a630be49170243cb326a850b96
CLIENT_HANDSHAKE_TRAFFIC_SECRET 9fbf018c27596e44d0cd267db664372405a1a89fdeb35d9e42a78cd564323cea 7e9e0a84815dce575f96c27f1d84e2c965db27f17ad70dfad4408622ab74cb3b
SERVER_HANDSHAKE_TRAFFIC_SECRET 9fbf018c27596e44d0cd267db664372405a1a89fdeb35d9e42a78cd564323cea 4291e7b53861bfb287c0ae91f4c1584e3bda43461d56afbe25d06bd94db00f5a
CLIENT_HANDSHAKE_TRAFFIC_SECRET c5efa445fe0a021aa256f144afec7a055ece92380acb4b70759a0ae4574e1d2f 4acc4c3bb4dcf9a2509733658c36be9020e40dfd0f52c9f2a27421617e1b5330
SERVER_HANDSHAKE_TRAFFIC_SECRET c5efa445fe0a021aa256f144afec7a055ece92380acb4b70759a0ae4574e1d2f 439ed255cbd7e4f25373624fb04cec28232e8aadef688bccf6d4db83440f754e
CLIENT_HANDSHAKE_TRAFFIC_SECRET 14633cee0f6342fc443e54fdc387d32ef1912f483cac8f520189d3b82c490093 08d4d5a92d0273230155466f9a43e09849ec51a5041712a0b8698c20a0074351
SERVER_HANDSHAKE_TRAFFIC_SECRET 14633cee0f6342fc443e54fdc387d32ef1912f483cac8f520189d3b82c490093 466fc32c1235e1f8684eb5ae6ff8dceea1ccc48a58657a0f4b3c96ee21b85358
CLIENT_HANDSHAKE_TRAFFIC_SECRET f0166d7a7f6433696574a75c6dbd9c22f0d83680df95c43e062a2922e3a6ee69 403294e761d2599a485fb531933bd4f4fcfb311141eac9f2d26e3363995e8407
SERVER_HANDSHAKE_TRAFFIC_SECRET f0166d7a7f6433696574a75c6dbd9c22f0d83680df95c43e062a2922e3a6ee69 4d62ab4c504c1ef1e0a3dbc279da2922fb3bd07605234e42e7c5c7a581239580
CLIENT_HANDSHAKE_TRAFFIC_SECRET 474fb20f28b7b0d525455e77ebbadc40f9bc62f5e20ffb377f90aee9ec54531a f2baeeac621ed76f6c7c498a21c1aea0afc3ea0132eb4b8846e5703f92dc7732
SERVER_HANDSHAKE_TRAFFIC_SECRET 474fb20f28b7b0d525455e77ebbadc40f9bc62f5e20ffb377f90aee9ec54531a f03c462884bb2651d8decfb57e6ce90d2b603e97d6d173cf648ce730259aed2c
CLIENT_HANDSHAKE_TRAFFIC_SECRET 63183245ff93c02ee3f538e58d581578a051156a7e0858e5c4d31768902fcbda 361789d99f52d73094e26b338793bd28f12a3fcce9db215befe7de4b32265bfd
SERVER_HANDSHAKE_TRAFFIC_SECRET 63183245ff93c02ee3f538e58d581578a051156a7e0858e5c4d31768902fcbda c15cdf2189afaf8ede2d449e7a6bc67ef25aa27e3ec6d508c3628205ce6eb505
CLIENT_TRAFFIC_SECRET_0 819ef0ebdabab37878fad98b9c1702734c54e6544edda4055115bbc8476583b7 c8d900f3797c2758f315599c8143018957097d25ddb9be6fc457132b987f3c10
SERVER_TRAFFIC_SECRET_0 819ef0ebdabab37878fad98b9c1702734c54e6544edda4055115bbc8476583b7 9ba9913068fe1b5df7bc6fe5773667703058dd6f43280273527834562cbf5da6
CLIENT_HANDSHAKE_TRAFFIC_SECRET 06bca4fc0b3fc1f0c2ff46a7c8c8b924fcd541bb6ea387a9d26ad08a60e44283 a7dbc64d868dbd4188366913e20b76829a8d10fe5ba818a3d9325f408772705e
EXPORTER_SECRET 819ef0ebdabab37878fad98b9c1702734c54e6544edda4055115bbc8476583b7 91ca429f4ee7a3dca5bd6770ec25f298863642b3dc37f79d2b31f26f2b36fa95
SERVER_HANDSHAKE_TRAFFIC_SECRET 06bca4fc0b3fc1f0c2ff46a7c8c8b924fcd541bb6ea387a9d26ad08a60e44283 2e836063d40d36b08ffd97cd3e77f6d228a843f90123c8bd59464c8c206aa0ac
CLIENT_TRAFFIC_SECRET_0 5415d9ddd1d9f504a949e7ae8dba13821ac816dd3fcbc38e99106b53a4971a80 a425a9ec1a59a625111c9d1b8d5db35d725a72c5cca55101c289a5b39cf59ea5
SERVER_TRAFFIC_SECRET_0 5415d9ddd1d9f504a949e7ae8dba13821ac816dd3fcbc38e99106b53a4971a80 66b68fd9170a36889d71e31ea6a276622e823b4f3199412a435f435f93164237
EXPORTER_SECRET 5415d9ddd1d9f504a949e7ae8dba13821ac816dd3fcbc38e99106b53a4971a80 fb3fe2e09f9e0a2e2606b12ad0c96e9f089f027685d841fa620763b847d00d86
CLIENT_TRAFFIC_SECRET_0 4c86742febd1ffad292cfaf18826bfde4a61ba176829f85e483d8f7a4e63836f 6f391d2148eb4840632227e337096d26ee6281d7a92965ba0e544ec96b9ce39a
SERVER_TRAFFIC_SECRET_0 4c86742febd1ffad292cfaf18826bfde4a61ba176829f85e483d8f7a4e63836f b106dedf31b90c80ff2db4afbc41286397125686ebd635539f631e53038ccc73
EXPORTER_SECRET 4c86742febd1ffad292cfaf18826bfde4a61ba176829f85e483d8f7a4e63836f 6a96b00ae623857c6d60434a52cedbcb23406a4096e8e026c8f4557603b7d583
CLIENT_TRAFFIC_SECRET_0 9fbf018c27596e44d0cd267db664372405a1a89fdeb35d9e42a78cd564323cea 94a751e07dd20d38bb3806141e565d4f13818bd0037a96606fa8b855662738bc
SERVER_TRAFFIC_SECRET_0 9fbf018c27596e44d0cd267db664372405a1a89fdeb35d9e42a78cd564323cea 7fc0c30999cbcb57c7208a4b07eb378c211f39f62504f60730f3afc0c04cf81c
EXPORTER_SECRET 9fbf018c27596e44d0cd267db664372405a1a89fdeb35d9e42a78cd564323cea b4933637114669a7ce9142553ea0a607a42f2fe73d36842a5a5aa2780cd79109
CLIENT_TRAFFIC_SECRET_0 c5efa445fe0a021aa256f144afec7a055ece92380acb4b70759a0ae4574e1d2f 96f75e35fa821634e960c925499f46a41ad2f858022564060cfed1cdbfef6625
SERVER_TRAFFIC_SECRET_0 c5efa445fe0a021aa256f144afec7a055ece92380acb4b70759a0ae4574e1d2f c2b4fa746dcd2703ad7392f651cde0275c6ddde5a2150db60531271b102111b4
EXPORTER_SECRET c5efa445fe0a021aa256f144afec7a055ece92380acb4b70759a0ae4574e1d2f c4a1e36a9044c84b1c754b40118a14e901325ff849b8c53d445168058071b61f
CLIENT_TRAFFIC_SECRET_0 14633cee0f6342fc443e54fdc387d32ef1912f483cac8f520189d3b82c490093 468ba9706cf2f3b23d8516c5033707496502a32ed859f6667bbf49b615487ed0
SERVER_TRAFFIC_SECRET_0 14633cee0f6342fc443e54fdc387d32ef1912f483cac8f520189d3b82c490093 263d4350e2826c13db4a68966f5f35fcb65b9cf79c62c195bcfe768709a9b475
EXPORTER_SECRET 14633cee0f6342fc443e54fdc387d32ef1912f483cac8f520189d3b82c490093 4a9cbb328fe29c8f82c60bb4c7e0bda06c4ed4cadc03a0a0a2e40ee869a6831a
CLIENT_TRAFFIC_SECRET_0 f0166d7a7f6433696574a75c6dbd9c22f0d83680df95c43e062a2922e3a6ee69 26b079e0e79ebbbabae3611d2cf1c7de1bc7f732b5d8ff4acadf59135227d4c3
SERVER_TRAFFIC_SECRET_0 f0166d7a7f6433696574a75c6dbd9c22f0d83680df95c43e062a2922e3a6ee69 04b06d6e82f65ee281e732558b7e5dd4e10d13aa0a8acbbd3e5323facdc99c34
EXPORTER_SECRET f0166d7a7f6433696574a75c6dbd9c22f0d83680df95c43e062a2922e3a6ee69 3e26a1af9444d67315b9ccf1eab692085d316a66a626c259541362c42752944e
CLIENT_TRAFFIC_SECRET_0 474fb20f28b7b0d525455e77ebbadc40f9bc62f5e20ffb377f90aee9ec54531a d7bc184d4811f370206ef1411bf0e74073ecbdadb52e3382ce51f2f63f1ccf6f
SERVER_TRAFFIC_SECRET_0 474fb20f28b7b0d525455e77ebbadc40f9bc62f5e20ffb377f90aee9ec54531a 2ba8df8e84f03d6cb81d9dee5d83e7eb94f56842764854f807c5fb808209bcf2
EXPORTER_SECRET 474fb20f28b7b0d525455e77ebbadc40f9bc62f5e20ffb377f90aee9ec54531a f61afeb75ff098ab164f7406d9b5880ba93ae7cc7b799ca862fdc9e79caef264
CLIENT_TRAFFIC_SECRET_0 63183245ff93c02ee3f538e58d581578a051156a7e0858e5c4d31768902fcbda 25dfa33b2794d79a9a9b0119ae36bd9d08e1ebd1fa0ed2ee44775ed694e0e4b4
SERVER_TRAFFIC_SECRET_0 63183245ff93c02ee3f538e58d581578a051156a7e0858e5c4d31768902fcbda ea1451a86fb0a8b4a77ca2df82424d8ce7614c90694cac8b96a2c3db4119b310
EXPORTER_SECRET 63183245ff93c02ee3f538e58d581578a051156a7e0858e5c4d31768902fcbda 63f9074bb29d3440928a123cb0696fee2a10fcc392d8f76331308934488d3eb3
CLIENT_TRAFFIC_SECRET_0 06bca4fc0b3fc1f0c2ff46a7c8c8b924fcd541bb6ea387a9d26ad08a60e44283 0ce07f79fb20dc56e9fb38dc25ed99b8f8536c46556fdf8ceefe8cddfc830c1b
SERVER_TRAFFIC_SECRET_0 06bca4fc0b3fc1f0c2ff46a7c8c8b924fcd541bb6ea387a9d26ad08a60e44283 5a4df9fd127121a5edf0f9706deda3af8197a773bcb4619dea15a90529c9a28e
EXPORTER_SECRET 06bca4fc0b3fc1f0c2ff46a7c8c8b924fcd541bb6ea387a9d26ad08a60e44283 2b90a3e765b845a1f4ebcb917e5af4d70bc7e12c62f266704f33f21c9128491d
