CLIENT_HANDSHAKE_TRAFFIC_SECRET 0f30da495308a53726781a9ae61b0e1c6e565970c244f5d46d1ecc0221989c04 688014ef871a7cc9ef8b2137e7c06c72441dac237eb2addbbe254ff40df3e1a5
SERVER_HANDSHAKE_TRAFFIC_SECRET 0f30da495308a53726781a9ae61b0e1c6e565970c244f5d46d1ecc0221989c04 baf822b8dd14397ccd7321c4adf970dbf2ccb8ba9c8053f1dc1a6ce5e10ba23f
CLIENT_TRAFFIC_SECRET_0 0f30da495308a53726781a9ae61b0e1c6e565970c244f5d46d1ecc0221989c04 4fd383b935650827ca18a672e9f2646dba558be38d3edf8f2c7716f696f5dbc1
SERVER_TRAFFIC_SECRET_0 0f30da495308a53726781a9ae61b0e1c6e565970c244f5d46d1ecc0221989c04 f6c595d69cedb825196b3eb0271a14d99d4a802155357264f0b2cd3b1954a427
EXPORTER_SECRET 0f30da495308a53726781a9ae61b0e1c6e565970c244f5d46d1ecc0221989c04 e696f36a89759f3d9e60bf1b14adb99970fa9c7b621f7fbff36301c5665b1e4a
CLIENT_HANDSHAKE_TRAFFIC_SECRET 697fbdcb61f7e4390966fe6f767710f8c77f416eee19e59455686809cd557c34 2bdba2e943959ff9231a2e51446aed2931fb1e16dc1f086c3f61848cdc9a1330
SERVER_HANDSHAKE_TRAFFIC_SECRET 697fbdcb61f7e4390966fe6f767710f8c77f416eee19e59455686809cd557c34 f245433db7a0be021b418a7f8fb724c72dfb3f34dfcba1975e52cf5847119497
CLIENT_TRAFFIC_SECRET_0 697fbdcb61f7e4390966fe6f767710f8c77f416eee19e59455686809cd557c34 d9a70101699d6f550bcf34b136b9e4ac1684628224b39004b7c443d4a6af5745
SERVER_TRAFFIC_SECRET_0 697fbdcb61f7e4390966fe6f767710f8c77f416eee19e59455686809cd557c34 f0fe9fb280475908ed3e87c01778e0ccc9c172be7af493d3c7f903ef53359241
EXPORTER_SECRET 697fbdcb61f7e4390966fe6f767710f8c77f416eee19e59455686809cd557c34 a146727f06e4f0571fd4507a7e38a232088b15fe4d40b139ca4042610982d4bd
CLIENT_HANDSHAKE_TRAFFIC_SECRET 40c5e9e41f6cc9553c323a2156d19e900f3bf43e251a832f5f9863d9f01e9cd2 d20c0817a1a12dc326bdc795bd947b416fd60b169c2f7bf187e1ca750213ff61
SERVER_HANDSHAKE_TRAFFIC_SECRET 40c5e9e41f6cc9553c323a2156d19e900f3bf43e251a832f5f9863d9f01e9cd2 36ae3e12c5c73778f77917f2390f20c03c99824d50875072a383a7b5af44fa7b
CLIENT_TRAFFIC_SECRET_0 40c5e9e41f6cc9553c323a2156d19e900f3bf43e251a832f5f9863d9f01e9cd2 ee025912a7905dcef7c1f599b0dd3887237973f2686925ee6e535a3623474919
SERVER_TRAFFIC_SECRET_0 40c5e9e41f6cc9553c323a2156d19e900f3bf43e251a832f5f9863d9f01e9cd2 a9b9903cb9c83381331fee16504af9d151075d7807983ac3993c459ae614ea59
EXPORTER_SECRET 40c5e9e41f6cc9553c323a2156d19e900f3bf43e251a832f5f9863d9f01e9cd2 068ff8bc018c287759d192dc3aa72d8eec50e15b60a383bcf985fe3ad7fb2b4e
CLIENT_HANDSHAKE_TRAFFIC_SECRET 6e2ce7189ff3371271fafe01465e6c6e362645d7b2702df0852f937d1fb96011 b3ed039dcdae112f4ab2f20d5258c22caea9d03c82784ded4fc85c3fb9c70464
SERVER_HANDSHAKE_TRAFFIC_SECRET 6e2ce7189ff3371271fafe01465e6c6e362645d7b2702df0852f937d1fb96011 7f70c35b59af5d433eddd4e2a5361d8f3644e4bbd1ea0104cd7526c3735355a7
CLIENT_HANDSHAKE_TRAFFIC_SECRET 8dd5d688aba351174c3b989e72833a1639fb4e44ef0d7eb1c630e2e3b69ed450 0c6483264329b1ad95ceb9a1f3613da2d911467d296fb386c95736638cd854f6
SERVER_HANDSHAKE_TRAFFIC_SECRET 8dd5d688aba351174c3b989e72833a1639fb4e44ef0d7eb1c630e2e3b69ed450 8e6e74edb85379db35fd180230c296aebf20bc766f42b10492388153b3faa4a3
CLIENT_TRAFFIC_SECRET_0 6e2ce7189ff3371271fafe01465e6c6e362645d7b2702df0852f937d1fb96011 37d71501a547b1ca05b9a4c2a41c67a0c533fe8a0eaae457b87a32702f456014
SERVER_TRAFFIC_SECRET_0 6e2ce7189ff3371271fafe01465e6c6e362645d7b2702df0852f937d1fb96011 dfbfe3ceddeb89f4158b9b7c02c6c0dcdb947880a9de24dd5ff3963d01453d3e
EXPORTER_SECRET 6e2ce7189ff3371271fafe01465e6c6e362645d7b2702df0852f937d1fb96011 542edd092dcd2639dad7e2c861e3e5f9b98fa49262dd339b0e250a67b7182cfc
CLIENT_TRAFFIC_SECRET_0 8dd5d688aba351174c3b989e72833a1639fb4e44ef0d7eb1c630e2e3b69ed450 ffa0ce499eeadebbcd35757393162aed9a2ca225f197e95cdbe1b078b79970c9
SERVER_TRAFFIC_SECRET_0 8dd5d688aba351174c3b989e72833a1639fb4e44ef0d7eb1c630e2e3b69ed450 ad975ab30d93305c16c8b72b0da50c5393dac670bdedb234a2c30bc06460dfd3
EXPORTER_SECRET 8dd5d688aba351174c3b989e72833a1639fb4e44ef0d7eb1c630e2e3b69ed450 75faab28a57f4323eca4f1475bd7aa90968f7b0270acfc7734e1d6e2bb83ebea
CLIENT_HANDSHAKE_TRAFFIC_SECRET 20975fd58bf582893d63f7176b0d981acd205d3dfb2a8548d415b4aa41e9c112 232110b7d64a4651a27c71081eb049e76fcad8d1746a13ca815c42d7186129b8
SERVER_HANDSHAKE_TRAFFIC_SECRET 20975fd58bf582893d63f7176b0d981acd205d3dfb2a8548d415b4aa41e9c112 4290953cba2410598a980cce16ea8489b0021dcd69fcb120b870289f4b1e9977
CLIENT_TRAFFIC_SECRET_0 20975fd58bf582893d63f7176b0d981acd205d3dfb2a8548d415b4aa41e9c112 c6d22d9372d1f3ed98a37d07884fae239acadd044ef28122fc86bfed6f26b0ff
CLIENT_HANDSHAKE_TRAFFIC_SECRET 99ffdb3ad9774db7b4cc84acf6dc11a575f077ba07214080d7154b7a39e40e1f 2b19f894e66e804ff279736cd3e0adbbfb4d9b8ddee56a8915c42d1d065f60dc
SERVER_TRAFFIC_SECRET_0 20975fd58bf582893d63f7176b0d981acd205d3dfb2a8548d415b4aa41e9c112 52bfa3d425e84211d0b549885439c22a319c98b2ec860d77f85ad36b48e5c9d4
SERVER_HANDSHAKE_TRAFFIC_SECRET 99ffdb3ad9774db7b4cc84acf6dc11a575f077ba07214080d7154b7a39e40e1f b20c8ef4ad42975909af5c13dd7231b06e130c1054dc08eea590b2714bf1e1c7
EXPORTER_SECRET 20975fd58bf582893d63f7176b0d981acd205d3dfb2a8548d415b4aa41e9c112 33272f72fcc8be64f9c7f2a607c3cea696382e52c4dac442f7e01a07ecb7e309
CLIENT_TRAFFIC_SECRET_0 99ffdb3ad9774db7b4cc84acf6dc11a575f077ba07214080d7154b7a39e40e1f d341c1420a588b6622faeec33e01842ffdf8506372b8b9b1c36549b87246fc40
SERVER_TRAFFIC_SECRET_0 99ffdb3ad9774db7b4cc84acf6dc11a575f077ba07214080d7154b7a39e40e1f 137e452acc8fd1ca1c3604d9fddadffa124307d6decc485f8dca8717efb3746c
EXPORTER_SECRET 99ffdb3ad9774db7b4cc84acf6dc11a575f077ba07214080d7154b7a39e40e1f 07aeadf23bbba0da169c873bf1abc2965fa32fc6f99f15ef2b94d86e33f8cf41
CLIENT_HANDSHAKE_TRAFFIC_SECRET 3f5b658f17a75d6b91de32aa2f6fc971695a46e9982fda734113dab2766f3e00 3e5f4fd5895a9e5a8ae6b19c6a137b63ea82e684f2d0e4fbe7bad54f13007ba9
SERVER_HANDSHAKE_TRAFFIC_SECRET 3f5b658f17a75d6b91de32aa2f6fc971695a46e9982fda734113dab2766f3e00 c5e3b69b40fd95fd8737a1c99ffa5730c994d9ca0282840a5d30803a8da22872
CLIENT_HANDSHAKE_TRAFFIC_SECRET d022d4f2e18ea9b7212ec45579dbdd4ac43035e00a29ac9593b6084d41c2fd4d b8f2ef9dfcd6ad0013b6dc0f9a68579a6b3b60d6d247427c19507728b5b375f6
SERVER_HANDSHAKE_TRAFFIC_SECRET d022d4f2e18ea9b7212ec45579dbdd4ac43035e00a29ac9593b6084d41c2fd4d c652e1f7c63d6d4bb786cf2b0622fa4c5689928a27e64e09af7bdfe78f50e2a3
CLIENT_TRAFFIC_SECRET_0 3f5b658f17a75d6b91de32aa2f6fc971695a46e9982fda734113dab2766f3e00 92bb09bed2ac072a04c0b30dabbc7d87fe7a006fe07bf4d4bf9fa1d1bced39e1
SERVER_TRAFFIC_SECRET_0 3f5b658f17a75d6b91de32aa2f6fc971695a46e9982fda734113dab2766f3e00 e225e5849205192724d0a8e0218dbaf9565b1edb30a6bf7478eec8556343c073
EXPORTER_SECRET 3f5b658f17a75d6b91de32aa2f6fc971695a46e9982fda734113dab2766f3e00 7322e0cf840620fc4deb1265c1b5ae8d361246ae63139f18273e3d4ba30dac45
CLIENT_TRAFFIC_SECRET_0 d022d4f2e18ea9b7212ec45579dbdd4ac43035e00a29ac9593b6084d41c2fd4d be8fb6433bb8e93809c89e3816ad277f5c400118033ff984ba6cdc8d858670bd
CLIENT_HANDSHAKE_TRAFFIC_SECRET 931ef950753befb88cd8b1d0ee160e54395393f69022a2fd537bec2a6ee1b913 bcaa859caaabb1ba390d70f5effed8e3959b3a627f76279e23e1265040f3740f
SERVER_HANDSHAKE_TRAFFIC_SECRET 931ef950753befb88cd8b1d0ee160e54395393f69022a2fd537bec2a6ee1b913 dd76df199d738dbbd531e118f768d74c565d9b7b81d1e97ea16b3235361aaadc
SERVER_TRAFFIC_SECRET_0 d022d4f2e18ea9b7212ec45579dbdd4ac43035e00a29ac9593b6084d41c2fd4d b0ae4d482c6fdb4a905a25eebf23f3a789fb7bd0a558c538ea2b785d42784ada
EXPORTER_SECRET d022d4f2e18ea9b7212ec45579dbdd4ac43035e00a29ac9593b6084d41c2fd4d 986681e40434dfee5ab4e0aa615869d212c85773a9c50a2056f5ef15ec99dfa6
CLIENT_TRAFFIC_SECRET_0 931ef950753befb88cd8b1d0ee160e54395393f69022a2fd537bec2a6ee1b913 26465183e74211d0802b0a93eac0a375e08638947e2b4958cfc4c6b94f6b07ec
SERVER_TRAFFIC_SECRET_0 931ef950753befb88cd8b1d0ee160e54395393f69022a2fd537bec2a6ee1b913 a289257e220ee1d8314cdd19d8315224d9d8fbcda414b39a0893586d6ef652a4
EXPORTER_SECRET 931ef950753befb88cd8b1d0ee160e54395393f69022a2fd537bec2a6ee1b913 a85e6e3747828c5f930702d54dd253132735fff7bdfa2918dfa33b13954112d3
CLIENT_HANDSHAKE_TRAFFIC_SECRET 27b105f20e2098fccd2c83e1cae76629119dfc150491f1c657205162caa84401 f565005e114a23ed6b6061320ca07cfad5ad726d73d3aa7fa1c986ee54919612
SERVER_HANDSHAKE_TRAFFIC_SECRET 27b105f20e2098fccd2c83e1cae76629119dfc150491f1c657205162caa84401 2695030d155d4e61191c14128452039f8dc86901e6d041b038ff665d65670732
CLIENT_HANDSHAKE_TRAFFIC_SECRET 181326d6a60cd9898a80173b633e393fe18f85493e506b61745a7e8cc5293dd1 735fd129251dc46c944f82458797a5189aae310883b7d83b2cdde94b4eb823d1
SERVER_HANDSHAKE_TRAFFIC_SECRET 181326d6a60cd9898a80173b633e393fe18f85493e506b61745a7e8cc5293dd1 693396c9602523135b221d405273ab50921c75dc12248c60aadb80fc3f366f29
CLIENT_HANDSHAKE_TRAFFIC_SECRET a9a27eecee94b847d95c555724654ec3e0d6f8e2de8e4fc9c025605733a5edb4 7c1ffc09a5db1b67bc78995115c03c6bafe9c3bb8e622284f9adea512eb6d65c
SERVER_HANDSHAKE_TRAFFIC_SECRET a9a27eecee94b847d95c555724654ec3e0d6f8e2de8e4fc9c025605733a5edb4 39c6f6f952fbe466ce5c3dd3d7b502856192c30621b6aa90453579c13a8f4e21
CLIENT_TRAFFIC_SECRET_0 27b105f20e2098fccd2c83e1cae76629119dfc150491f1c657205162caa84401 814136415a21c10db9e61f7b2d479efde01e3e34eb9a6cd0b9c5e6d4efe49b84
SERVER_TRAFFIC_SECRET_0 27b105f20e2098fccd2c83e1cae76629119dfc150491f1c657205162caa84401 e98e6d1aadecee44827f6567b2c0dbf2ce817b23bdc1031438b77fb59f5162a6
EXPORTER_SECRET 27b105f20e2098fccd2c83e1cae76629119dfc150491f1c657205162caa84401 de8243420db00c6dae54f0d1aa9192b7402a4d1d7f0dce99b18763e998b313ba
CLIENT_TRAFFIC_SECRET_0 a9a27eecee94b847d95c555724654ec3e0d6f8e2de8e4fc9c025605733a5edb4 59bcae811bffb19d8b11ae0cd2dd0d7948d4460fb5e4400047e6ed4bcf8b54f1
SERVER_TRAFFIC_SECRET_0 a9a27eecee94b847d95c555724654ec3e0d6f8e2de8e4fc9c025605733a5edb4 be933ae17e19f59820912a6804ae78a3264ea1dc7356669d7aad5dd713c34b0d
EXPORTER_SECRET a9a27eecee94b847d95c555724654ec3e0d6f8e2de8e4fc9c025605733a5edb4 2a8e5d0eee7cba769da6d0e6bacfc00ae0de154bd7c4fa2c85007d480b3867a3
CLIENT_TRAFFIC_SECRET_0 181326d6a60cd9898a80173b633e393fe18f85493e506b61745a7e8cc5293dd1 2fb51f145a2611c6fa1228d0b1f59a41415bf031c56fb1629c29ed737c81502d
SERVER_TRAFFIC_SECRET_0 181326d6a60cd9898a80173b633e393fe18f85493e506b61745a7e8cc5293dd1 08ab5b5f2cf880b03206ab23662d0f0a04186973134bb6f325015cc8ea2a89c4
EXPORTER_SECRET 181326d6a60cd9898a80173b633e393fe18f85493e506b61745a7e8cc5293dd1 7a90afa93b8b3e11504bf64bea359688cf205f90f1579bb42defb8682d15a6f2
CLIENT_HANDSHAKE_TRAFFIC_SECRET 2c8417644c13500c885d7a51f68134595fcc84f9d3a3c89dfe796fd8c160380e a2c183e2e3a0e5d4e972d02a733d6a8f74ba022b920f52151bf3d0e9a2998753
SERVER_HANDSHAKE_TRAFFIC_SECRET 2c8417644c13500c885d7a51f68134595fcc84f9d3a3c89dfe796fd8c160380e d50ebe0f08ffe498e3c7e3a054d585a1a3c14ba132b959eb3f5632cf0035a9b2
CLIENT_TRAFFIC_SECRET_0 2c8417644c13500c885d7a51f68134595fcc84f9d3a3c89dfe796fd8c160380e 3d67ddc8645efa3e1f5f226048595dad238506d6dcceddd4b08a2c5e46ca2ee4
SERVER_TRAFFIC_SECRET_0 2c8417644c13500c885d7a51f68134595fcc84f9d3a3c89dfe796fd8c160380e 00d85dcf5be3c6bd14b9efc9bd35ca185ebaaa353ec52fc0d3e5268149d205dc
EXPORTER_SECRET 2c8417644c13500c885d7a51f68134595fcc84f9d3a3c89dfe796fd8c160380e e28bc424ada96fb39a60e812385b706fd4da348b554c0cda1b8a5da3522b56dc
