CLIENT_HANDSHAKE_TRAFFIC_SECRET 80c7e24a2a361ac8f9a6c1caa4cf96af3f5badc130e1d42851079e0955ad047a a45b91558bb3dd7f09cc7d26173a5eef818ed787ee268afd97ae53f4d9185b19
SERVER_HANDSHAKE_TRAFFIC_SECRET 80c7e24a2a361ac8f9a6c1caa4cf96af3f5badc130e1d42851079e0955ad047a 1bc13d5f2140ff55b93c1664866d10b8096ad7f5819a0a09628fb0012bc5dae0
CLIENT_TRAFFIC_SECRET_0 80c7e24a2a361ac8f9a6c1caa4cf96af3f5badc130e1d42851079e0955ad047a 40d76629ae8a53bb7e5d7286087092fc043f9e3ebc712a515125cd4aaf6fb4f3
SERVER_TRAFFIC_SECRET_0 80c7e24a2a361ac8f9a6c1caa4cf96af3f5badc130e1d42851079e0955ad047a d5a9ed7a7d6dbf1c6ac04c3a099dc95945e0e66b35feca12086de26bbfae163a
EXPORTER_SECRET 80c7e24a2a361ac8f9a6c1caa4cf96af3f5badc130e1d42851079e0955ad047a d34ca6025de913197908a631c61bce0b261a1692ee1979581a1ff016fb3f7f71
CLIENT_HANDSHAKE_TRAFFIC_SECRET af932d2df8dbc3043b62661f100096c65571b7f7b02553810cb1150f93535e49 4e50f6e0e9ba97a9f622c5a6b3bb7dd2cdd9c5a9735e9d3364d18f3bcdf4749d
SERVER_HANDSHAKE_TRAFFIC_SECRET af932d2df8dbc3043b62661f100096c65571b7f7b02553810cb1150f93535e49 7a4ef7ac66aef56954be6c4e66e16f859b907edcf5801bcd52c8063d2e13c437
CLIENT_HANDSHAKE_TRAFFIC_SECRET 957d42c23d8c8a8d9a76c5e9668758caa14e59c41bdee337cb42734029663c2f 324c77693ea666581cc8b2e281bab297e59d631b182262cdd1f66de501a9fe8e
SERVER_HANDSHAKE_TRAFFIC_SECRET 957d42c23d8c8a8d9a76c5e9668758caa14e59c41bdee337cb42734029663c2f d81a6c868c41ad003fe30ebb6d2b59596f0aa1c6f986542bd6d5ac8c16baff58
CLIENT_HANDSHAKE_TRAFFIC_SECRET 413ffd48814d21c4dac7a3ddb8cd6d5ea8e659b7949926f6dc55fc1695b02bdb 834b30832853f24757e54abe138f3d85774c7eaf713c2a712fe1743a6cdf336c
SERVER_HANDSHAKE_TRAFFIC_SECRET 413ffd48814d21c4dac7a3ddb8cd6d5ea8e659b7949926f6dc55fc1695b02bdb be33d2528a1df50beaa4f3de2f59f228544dc922431afb8d7d2de8a13777b200
CLIENT_HANDSHAKE_TRAFFIC_SECRET 04ca7531b2ab2f675987e2cb75f82051938670f99dffba53e016b5d144d6ebe6 745eb76696eb877a946dafc52477588dc7bda0b6866990993122b8a71ce7d6ec
SERVER_HANDSHAKE_TRAFFIC_SECRET 04ca7531b2ab2f675987e2cb75f82051938670f99dffba53e016b5d144d6ebe6 f47e6bb9fe4515c8ed14f4344719bcc5ca6a1ec7e5d9b2b6d50f5c2978505fcc
CLIENT_HANDSHAKE_TRAFFIC_SECRET 4e9f3fd80056f1a116c39e08ee737f1ef73509611b42caefbc19879cfd810f69 e2f2d05577e7d4dc3307cf778454b61acfd1497149a15432a29bf65561fef528
SERVER_HANDSHAKE_TRAFFIC_SECRET 4e9f3fd80056f1a116c39e08ee737f1ef73509611b42caefbc19879cfd810f69 d3faa45b19dbf0619e66d9498d567f0399c5b6603a834d904642ec88db734f79
CLIENT_HANDSHAKE_TRAFFIC_SECRET a375f12b8514f22c6c2723c6250bb361dcd16ddf163b11cb61aab0e67d9fd9ed 4ac13aa2be4637ea4455082e59d24b072c927f0dff5a0f01ab7850939a904911
SERVER_HANDSHAKE_TRAFFIC_SECRET a375f12b8514f22c6c2723c6250bb361dcd16ddf163b11cb61aab0e67d9fd9ed c6fbd76e306185b908180afd61e5f7f2d9c02ad9a7ce55d0fba6b2643a18f0bd
CLIENT_HANDSHAKE_TRAFFIC_SECRET 2a29b3796ef095eea72f26df48e632b46b12f368ad9d4d0bc4144789e30e9918 9181c4cd61a43307b88fefdb37f80c6ef5ad143c5f4c5069a719f44ae83f4cc0
SERVER_HANDSHAKE_TRAFFIC_SECRET 2a29b3796ef095eea72f26df48e632b46b12f368ad9d4d0bc4144789e30e9918 a8e7368c9a137d957bcf172a33a436f72fd6207d39d96cbf496f9fd934a5b045
CLIENT_HANDSHAKE_TRAFFIC_SECRET 6a9a1af74983810ce2d7aa2f9bb547a4fc5fdc0dadfa41e42055579b9d37d377 9cd24f27b2ab6031d87f04f31b0462c6db804caf58af8ae5d21546ff9170a5ed
SERVER_HANDSHAKE_TRAFFIC_SECRET 6a9a1af74983810ce2d7aa2f9bb547a4fc5fdc0dadfa41e42055579b9d37d377 556ea70032ef6e94009be143e2d26815d0382e4f3825a8c93ade1e9972916a3f
CLIENT_HANDSHAKE_TRAFFIC_SECRET 2ab845de71170a831177b075931470d6a725f8d59a33fcf30203811b1c274f16 6a89972add79854dc6caf1f8f034974b7e4cd1757e95eb8c5bf45350ea32efd6
SERVER_HANDSHAKE_TRAFFIC_SECRET 2ab845de71170a831177b075931470d6a725f8d59a33fcf30203811b1c274f16 3c4d3aa2269306e375b770033961d1bfee420757f09a63ee2af4c4c0171f2575
CLIENT_HANDSHAKE_TRAFFIC_SECRET ad9cb88a2d5235dbd298fce67773a369552aa5fab635db6118f5a1701bf7ec4c e95f69673c44e26d1ae276478ff8c8bc14c7ac7dd7dd9e1be1d01f50e5e792b9
SERVER_HANDSHAKE_TRAFFIC_SECRET ad9cb88a2d5235dbd298fce67773a369552aa5fab635db6118f5a1701bf7ec4c 5c8fe70b3a57b24c61fd9ac56f7f7e70914a058b24148fa656cdf82875fe54fd
CLIENT_TRAFFIC_SECRET_0 af932d2df8dbc3043b62661f100096c65571b7f7b02553810cb1150f93535e49 4e4f3b19c38a02a65e441eebeb00a5fc01c666d227673933944c13dccc77b877
SERVER_TRAFFIC_SECRET_0 af932d2df8dbc3043b62661f100096c65571b7f7b02553810cb1150f93535e49 bd182e276bc436394d48b739edd876dc4013706be2ae4d1f14b5332d387d257c
EXPORTER_SECRET af932d2df8dbc3043b62661f100096c65571b7f7b02553810cb1150f93535e49 046a6dc8380c972a2ffe31dfc4dbff77b7726946d507d961bcb0c9bfd3ccc679
CLIENT_TRAFFIC_SECRET_0 957d42c23d8c8a8d9a76c5e9668758caa14e59c41bdee337cb42734029663c2f 918896d489be92e6f2305d4ff4e44ba1c3ae7c069c958c983bc9943d7d4dbe05
CLIENT_HANDSHAKE_TRAFFIC_SECRET 32a53def2d075d2c498cdc25aaf0f03b76c2e32d743d8e6981a8729025cdd67f 301890b51aeed865062c7a3350b9a6352b0c9c729f526f37230d41b928e378fc
SERVER_TRAFFIC_SECRET_0 957d42c23d8c8a8d9a76c5e9668758caa14e59c41bdee337cb42734029663c2f 9b7b4fa2e9bd5b911f7a054b75e42350c2062c1f0aa4d4545dae9ce0840ab24f
SERVER_HANDSHAKE_TRAFFIC_SECRET 32a53def2d075d2c498cdc25aaf0f03b76c2e32d743d8e6981a8729025cdd67f 3f810165c6b06bd5de16a40128dd65c4adf8db5a032d6f74cf8e3d61492ce40d
EXPORTER_SECRET 957d42c23d8c8a8d9a76c5e9668758caa14e59c41bdee337cb42734029663c2f 5aff3efe0500a3f12020a103da2ffd435d2892ece18c3adba44594a9f9b6e2aa
CLIENT_TRAFFIC_SECRET_0 413ffd48814d21c4dac7a3ddb8cd6d5ea8e659b7949926f6dc55fc1695b02bdb 7d95f3fefd93f10b5cf0ae696a3c8743fc46bb6e08a30c793016dc0fe43834ab
SERVER_TRAFFIC_SECRET_0 413ffd48814d21c4dac7a3ddb8cd6d5ea8e659b7949926f6dc55fc1695b02bdb 587ae84c6f1462ee081913c7e38f69e9e1b88fb44384c073dec6bdda376f4f12
EXPORTER_SECRET 413ffd48814d21c4dac7a3ddb8cd6d5ea8e659b7949926f6dc55fc1695b02bdb 1064bef72170c131ab0d27ce44c4b445fdf86bdcbbef5b1f92d2cd256df03ea1
CLIENT_TRAFFIC_SECRET_0 04ca7531b2ab2f675987e2cb75f82051938670f99dffba53e016b5d144d6ebe6 38b70628d77a768a9646d280dfda50a588ed0b8e2d898ebb25caacb055741c6a
SERVER_TRAFFIC_SECRET_0 04ca7531b2ab2f675987e2cb75f82051938670f99dffba53e016b5d144d6ebe6 0d5f4300092ecf180e4a4fde125be9928d2d587da3539d576aa367a4089430e7
EXPORTER_SECRET 04ca7531b2ab2f675987e2cb75f82051938670f99dffba53e016b5d144d6ebe6 ac81f5d795ed091f4ebe636b6c56f9fe683f6133d1d99c7bf24a5ffc3a01182c
CLIENT_TRAFFIC_SECRET_0 4e9f3fd80056f1a116c39e08ee737f1ef73509611b42caefbc19879cfd810f69 77c97037a1ecec7229a473bbbd161883592a82958112fe000af88bed595c5594
SERVER_TRAFFIC_SECRET_0 4e9f3fd80056f1a116c39e08ee737f1ef73509611b42caefbc19879cfd810f69 516e1594b30b87806cedf6c96217f3df7a9c51775be0874a20daeecfec112c68
EXPORTER_SECRET 4e9f3fd80056f1a116c39e08ee737f1ef73509611b42caefbc19879cfd810f69 0b4e92ca80055c80d65c52e0316c5eeb79e2da598d3fc8f2c1187c0fde4472c6
CLIENT_TRAFFIC_SECRET_0 a375f12b8514f22c6c2723c6250bb361dcd16ddf163b11cb61aab0e67d9fd9ed b2f7db2a1c3e791d97538ce753a32475a2c37f5c0f432f6aebced81e7d9a57b9
SERVER_TRAFFIC_SECRET_0 a375f12b8514f22c6c2723c6250bb361dcd16ddf163b11cb61aab0e67d9fd9ed d62cc9849d75225d3c01823cef3a92314765d7f281c7542d46d5d8f6765fa929
EXPORTER_SECRET a375f12b8514f22c6c2723c6250bb361dcd16ddf163b11cb61aab0e67d9fd9ed ad29e9d8f4135518be36fe5d827c4181d7c173b5d711aacd8b490eda52cb386c
CLIENT_TRAFFIC_SECRET_0 2a29b3796ef095eea72f26df48e632b46b12f368ad9d4d0bc4144789e30e9918 05a8b384507b8666f6e9dadd7f3ebba450908165920c547cdb06086322973e4a
SERVER_TRAFFIC_SECRET_0 2a29b3796ef095eea72f26df48e632b46b12f368ad9d4d0bc4144789e30e9918 ebea20d7298548c42d977b99e329811d7b373bd2f2108bee02183cea0766dddb
EXPORTER_SECRET 2a29b3796ef095eea72f26df48e632b46b12f368ad9d4d0bc4144789e30e9918 7acb8dfbf06b73e8a2d3259ba7352770b8213b6519c4adc26aee2ea286ecf8c3
CLIENT_TRAFFIC_SECRET_0 6a9a1af74983810ce2d7aa2f9bb547a4fc5fdc0dadfa41e42055579b9d37d377 ae7489189894e5d0a3cab9528dea2a94cd0e5c34a4bb708f720e675a426008c0
SERVER_TRAFFIC_SECRET_0 6a9a1af74983810ce2d7aa2f9bb547a4fc5fdc0dadfa41e42055579b9d37d377 947b90c909c55f7767d4c1ece187371b4696143283bf6eeaa21a6d9590373f60
EXPORTER_SECRET 6a9a1af74983810ce2d7aa2f9bb547a4fc5fdc0dadfa41e42055579b9d37d377 b2c6ae2706136d77352fc893e22248a570742d6ad7fbfda5c15b2bb7adbf2c4e
CLIENT_TRAFFIC_SECRET_0 2ab845de71170a831177b075931470d6a725f8d59a33fcf30203811b1c274f16 3e92932ebe0eb1e67466ee1fc93ba8161a2ad46d10d27b40bbc84a40a00aa4e7
SERVER_TRAFFIC_SECRET_0 2ab845de71170a831177b075931470d6a725f8d59a33fcf30203811b1c274f16 dfd3f75b343037819020f09977d82018865c3508fc69de8615e81dcb59984988
EXPORTER_SECRET 2ab845de71170a831177b075931470d6a725f8d59a33fcf30203811b1c274f16 5ae438f8d5e73263f7b801079c587ec71f268fba5dd146509f81a169d18edec5
CLIENT_TRAFFIC_SECRET_0 ad9cb88a2d5235dbd298fce67773a369552aa5fab635db6118f5a1701bf7ec4c 301fdaebc28af32c0b5ae17b5fc581eaf86393affc665b18c47d2b6e83ebc7f8
SERVER_TRAFFIC_SECRET_0 ad9cb88a2d5235dbd298fce67773a369552aa5fab635db6118f5a1701bf7ec4c 6654a0b407d4dd0f85296996f53d73341ccce95ec7aa66c632447a476300d19c
EXPORTER_SECRET ad9cb88a2d5235dbd298fce67773a369552aa5fab635db6118f5a1701bf7ec4c d0709fbe5bf2aa20d8f08e828e2114c37eceb9cd8f1d4ad84a9a83986d9848f3
CLIENT_TRAFFIC_SECRET_0 32a53def2d075d2c498cdc25aaf0f03b76c2e32d743d8e6981a8729025cdd67f 72eed0acf73ed5ec16235acad6f751d5bc0979f503f2605d9fa737558b692b47
SERVER_TRAFFIC_SECRET_0 32a53def2d075d2c498cdc25aaf0f03b76c2e32d743d8e6981a8729025cdd67f cb55ec434a0dbe8500d254c93bb65703f586cbaaa95f99c77db49252a0c7b21f
EXPORTER_SECRET 32a53def2d075d2c498cdc25aaf0f03b76c2e32d743d8e6981a8729025cdd67f a2f21728743125f4f38f11f197a0475cb60d863e0904dd52f77fa2b5d0919e3e
CLIENT_HANDSHAKE_TRAFFIC_SECRET af104483e15f111bdfc3f1ee4c4d417e1f458bccb46f6061e7205a55e6af7ab8 b0cbf92ec728dbcbf52c559d0f34f672ec3e6667475244e83d703593a5d94cac
SERVER_HANDSHAKE_TRAFFIC_SECRET af104483e15f111bdfc3f1ee4c4d417e1f458bccb46f6061e7205a55e6af7ab8 79952366e284736555818e46ed603ceb7b1aefd7870867d8aaad3ffcf15d23f4
CLIENT_TRAFFIC_SECRET_0 af104483e15f111bdfc3f1ee4c4d417e1f458bccb46f6061e7205a55e6af7ab8 f04204387a33c230ae99fe21d374e2b2ca17bef9c76813c2c39f966be2b4d465
SERVER_TRAFFIC_SECRET_0 af104483e15f111bdfc3f1ee4c4d417e1f458bccb46f6061e7205a55e6af7ab8 7656214edd87b21bbde7a624d46920a1d10e5eb4bab88eb32cac46d830a8c87d
EXPORTER_SECRET af104483e15f111bdfc3f1ee4c4d417e1f458bccb46f6061e7205a55e6af7ab8 aa3737a698751773eae612a4976fa25b5348b57c1dcc454289ba1c038e5500b5
