CLIENT_HANDSHAKE_TRAFFIC_SECRET a07af68a40d7745039f24716421c29a495d77911ef871e1f44705a0228f17881 f4c0d40703957547284e53016afee1971e8446e15ab34d3f88657f2db279bff6
SERVER_HANDSHAKE_TRAFFIC_SECRET a07af68a40d7745039f24716421c29a495d77911ef871e1f44705a0228f17881 7d6ed86c59a5f067679c07fa20b4f7f5fab3f83d9e5378af9265de2ac9f89a5a
CLIENT_TRAFFIC_SECRET_0 a07af68a40d7745039f24716421c29a495d77911ef871e1f44705a0228f17881 3b70c83b3a998cf0dce010871bb8e6660154c1a29b96e015ee2f7e6cd2834ba5
SERVER_TRAFFIC_SECRET_0 a07af68a40d7745039f24716421c29a495d77911ef871e1f44705a0228f17881 5f809436371b06bb0e5058b4bef545641afc3e9d725c0780a639487491a488bf
EXPORTER_SECRET a07af68a40d7745039f24716421c29a495d77911ef871e1f44705a0228f17881 8c99ed43692d5cf8d24f5983cd03eafc4c52aa48b58c0e2150db8e3fce8e4110
CLIENT_HANDSHAKE_TRAFFIC_SECRET 4f0d13f6ae439b2a8978ec7f29f146285e06689d0749efe0d8c230d27627c2f1 7f7fc3fc42a22b6630e28d309787a77aaef4c55fa64ff9a04217ccbd5a40fb94
SERVER_HANDSHAKE_TRAFFIC_SECRET 4f0d13f6ae439b2a8978ec7f29f146285e06689d0749efe0d8c230d27627c2f1 425f9c3b84c514564ebd88ea0d5dddeeabeae79a68fd21cc34cc1c88a8b040f8
CLIENT_HANDSHAKE_TRAFFIC_SECRET 17950b9f8eb35ceedc5e52245af824394dcda859c846eebe2336c77f922ffa96 cf6d582486f0893b9e0673c868588ad61b91208c54a465a02bb2999d33146589
SERVER_HANDSHAKE_TRAFFIC_SECRET 17950b9f8eb35ceedc5e52245af824394dcda859c846eebe2336c77f922ffa96 0c0cdc30c22a6648e7edc6d5236004c3bfdb23d77ef9c5bb47d8b84374d653f3
CLIENT_HANDSHAKE_TRAFFIC_SECRET c503495c00fe51a2ebe5fd63a7ec4fd51c72cb76c7d7ddf62770b7502aa89ae8 8f39d726a8e086c721d7b8a2215fe4dc7fd52d2101cf24ffdac13930a8cb0ffd
SERVER_HANDSHAKE_TRAFFIC_SECRET c503495c00fe51a2ebe5fd63a7ec4fd51c72cb76c7d7ddf62770b7502aa89ae8 a4c385ced8ccbd2ccf28140c11e773745103a25a9eca088224a4fa611511500c
CLIENT_HANDSHAKE_TRAFFIC_SECRET 79263a3ce5c86fda4196a7d79a336c7fc6eac6324bbeebaf087df17066f283d3 bd2adcc739b926ba401d5eef51f7cd9e7810e3792f8718a8cdef0ab0255f7bf2
SERVER_HANDSHAKE_TRAFFIC_SECRET 79263a3ce5c86fda4196a7d79a336c7fc6eac6324bbeebaf087df17066f283d3 17bbcfda2b6b21d21b2a34657704158c98ec77af2279198d19c639546caf99f7
CLIENT_HANDSHAKE_TRAFFIC_SECRET 618ada11f2eec9b9df2f4ecd44e4e3b0106521bb6d98452c76957399409374ac fb25364be338738ff5d05b40880512e1025bbc14adac4316bbfba5b0414ede6d
SERVER_HANDSHAKE_TRAFFIC_SECRET 618ada11f2eec9b9df2f4ecd44e4e3b0106521bb6d98452c76957399409374ac d2f0ad92f6b6d53c09ad34a682bef688e020e324ad84ea3a9ac9fe47496121cc
CLIENT_HANDSHAKE_TRAFFIC_SECRET b18f57b2b77d355054d0214dc741bd6d2b8222bb41cc3e691763476fbce4be5e ed5e660920b0d2b4d6ba4653298f8fc200e3b339b16dcf58319d48341a3a283c
SERVER_HANDSHAKE_TRAFFIC_SECRET b18f57b2b77d355054d0214dc741bd6d2b8222bb41cc3e691763476fbce4be5e eb6efc9a1c44185fec4fee4eb8557a402e80c6156504cd4d18644c97d3862f87
CLIENT_TRAFFIC_SECRET_0 4f0d13f6ae439b2a8978ec7f29f146285e06689d0749efe0d8c230d27627c2f1 409afa2fce87b90dff6e1498f644bff24db5a4efc7b597a47a18eee1b817249a
SERVER_TRAFFIC_SECRET_0 4f0d13f6ae439b2a8978ec7f29f146285e06689d0749efe0d8c230d27627c2f1 0f221e0efb0668e847c2ec93120d7aacc9fd205edb7936bb07562c77248410f9
EXPORTER_SECRET 4f0d13f6ae439b2a8978ec7f29f146285e06689d0749efe0d8c230d27627c2f1 8a9b61ee2ad031958fa7579e73acc541a9cd96ccb351fcfdc129cdd1ea5eac15
CLIENT_TRAFFIC_SECRET_0 17950b9f8eb35ceedc5e52245af824394dcda859c846eebe2336c77f922ffa96 4833e2d41ca78b3294a1876e74977be6f0f08acbba96465ae8385a9fdc3779c6
SERVER_TRAFFIC_SECRET_0 17950b9f8eb35ceedc5e52245af824394dcda859c846eebe2336c77f922ffa96 8a0dc0079a51c27e187055dcc2fef66bbf1c150fffbf8629c667313ba25d1dcb
EXPORTER_SECRET 17950b9f8eb35ceedc5e52245af824394dcda859c846eebe2336c77f922ffa96 649b243154b59f92ca2a69db74c657ef2a672f06a36b0bac3d54259d89c0f82a
CLIENT_TRAFFIC_SECRET_0 c503495c00fe51a2ebe5fd63a7ec4fd51c72cb76c7d7ddf62770b7502aa89ae8 f3f62f28c930eb59ac3119dce6ceaccb5ee3f8bd550cef29145a0180ecb0e998
SERVER_TRAFFIC_SECRET_0 c503495c00fe51a2ebe5fd63a7ec4fd51c72cb76c7d7ddf62770b7502aa89ae8 e56476c2822e26efb949ddbfec5851744e67394e202aabf9996cd426a1f4f8f4
EXPORTER_SECRET c503495c00fe51a2ebe5fd63a7ec4fd51c72cb76c7d7ddf62770b7502aa89ae8 8fa4491d8738c69fa0f84e11d0c86d67396401d1268a84167a09531b5ecd40e2
CLIENT_TRAFFIC_SECRET_0 79263a3ce5c86fda4196a7d79a336c7fc6eac6324bbeebaf087df17066f283d3 9851dc79e4c7f712226a058fa705ebd94ba838caa698099393142d9ce3416b0c
SERVER_TRAFFIC_SECRET_0 79263a3ce5c86fda4196a7d79a336c7fc6eac6324bbeebaf087df17066f283d3 92becb5e1c0e7a312697e60dc8c841acfbe881bf92eb4e0827dbaa28aa7c0976
EXPORTER_SECRET 79263a3ce5c86fda4196a7d79a336c7fc6eac6324bbeebaf087df17066f283d3 d65cac33d71fe82c97adfc78e020ffd79e8c52e7ed62054e980d4b27d2244f94
CLIENT_TRAFFIC_SECRET_0 618ada11f2eec9b9df2f4ecd44e4e3b0106521bb6d98452c76957399409374ac bd09e4ea6514424207baf306ac97c1b084c42111aceeea2e8e6da5cb9554f4bc
SERVER_TRAFFIC_SECRET_0 618ada11f2eec9b9df2f4ecd44e4e3b0106521bb6d98452c76957399409374ac 21912dab7ed6609548cc8c53ebd15c80d07f7da116a81ad31d23e1e27aabec7b
EXPORTER_SECRET 618ada11f2eec9b9df2f4ecd44e4e3b0106521bb6d98452c76957399409374ac afe2a23adad885b7fa48c198babc67fb32b762df99694364d33dfa7199fd6e25
CLIENT_TRAFFIC_SECRET_0 b18f57b2b77d355054d0214dc741bd6d2b8222bb41cc3e691763476fbce4be5e 346619f4335d6852fc607afda1db84f6d061af2ac03c28b979264fe8659fe8c0
SERVER_TRAFFIC_SECRET_0 b18f57b2b77d355054d0214dc741bd6d2b8222bb41cc3e691763476fbce4be5e b11b28df0da2b5b856ec85f6099c89ef8e3a4c5286268c1ff9c6198608ec1e3a
EXPORTER_SECRET b18f57b2b77d355054d0214dc741bd6d2b8222bb41cc3e691763476fbce4be5e eaf9e7b276eacb5f4eb728925105159ec44ffb82dfeff79805cf391bfd3eaa95
