CLIENT_HANDSHAKE_TRAFFIC_SECRET 0f73b14531c86e2306b20e7be8d178ee8bddbe75cf3903b0d32ab6b0802ec4b0 cb73efe242a5342b44c5b429de81919c1dd79e45f204629d5e403e193e291853
SERVER_HANDSHAKE_TRAFFIC_SECRET 0f73b14531c86e2306b20e7be8d178ee8bddbe75cf3903b0d32ab6b0802ec4b0 04b8417bf5cad99ac19662da57d94f8dd152c540e4105c7e6562affa65441cab
CLIENT_TRAFFIC_SECRET_0 0f73b14531c86e2306b20e7be8d178ee8bddbe75cf3903b0d32ab6b0802ec4b0 64a46832b1e81e0f14314e295675a80695cf82e586a371d20a804da413e579c5
SERVER_TRAFFIC_SECRET_0 0f73b14531c86e2306b20e7be8d178ee8bddbe75cf3903b0d32ab6b0802ec4b0 36e2c3b752ee0dc9c0ae59832b9a0b451b49b4205f634b7f3a28a2600cd89e77
EXPORTER_SECRET 0f73b14531c86e2306b20e7be8d178ee8bddbe75cf3903b0d32ab6b0802ec4b0 a3aa2143be99f8b176dc34c9bbe6ca709d03f863b83249cf3b2888b44b769133
CLIENT_HANDSHAKE_TRAFFIC_SECRET d51b16071bc42689f31f9dcf6875e26a9613f60cc8a6a3660e303b807f7ae474 c490b146889be33a8784436d26ee77ef866413a432ff7fa9a08622223067abe6
SERVER_HANDSHAKE_TRAFFIC_SECRET d51b16071bc42689f31f9dcf6875e26a9613f60cc8a6a3660e303b807f7ae474 8bf7f91c158a806300062a88b476aa53e180bdaaa0bdc9b043251289feb74aac
CLIENT_TRAFFIC_SECRET_0 d51b16071bc42689f31f9dcf6875e26a9613f60cc8a6a3660e303b807f7ae474 a9a2242fc4d7d5181c4f9d1c9c862f72ac13a38bcb8306eb92d9857b5f2b7519
SERVER_TRAFFIC_SECRET_0 d51b16071bc42689f31f9dcf6875e26a9613f60cc8a6a3660e303b807f7ae474 dcf2980c24dcae2eb86184a6ff29b59ccf1b53b5c443fb65d4274e92a2c6eed4
EXPORTER_SECRET d51b16071bc42689f31f9dcf6875e26a9613f60cc8a6a3660e303b807f7ae474 c8a9bb338fd3bce850a09cf06bb766081c1debf511ddb3e75cd0ad2f3e7c1327
CLIENT_HANDSHAKE_TRAFFIC_SECRET d7343bfb511be7f5560598093daa84c488af22cb44fed68cc296616cfee227fa 9811525312e42709a38abb843be17c3f8d0e0a32cfaeaf896998467c3807ea25
SERVER_HANDSHAKE_TRAFFIC_SECRET d7343bfb511be7f5560598093daa84c488af22cb44fed68cc296616cfee227fa 2d60fd9b3534324456ebf305f2c8ca43327bf6325b57cbe85eb6ea7d81764675
CLIENT_HANDSHAKE_TRAFFIC_SECRET a4fa48c1c664a394394d2cd6595db75ef299bf4ecf54317ae0f61747690d88fa 3f580e7af3a481c7c8dda9a200ca7522eb56b8cb0602e7e0849c01cb4f66403c
SERVER_HANDSHAKE_TRAFFIC_SECRET a4fa48c1c664a394394d2cd6595db75ef299bf4ecf54317ae0f61747690d88fa b189e59004cdd4ce9d4c2b36b8fe88aeac3a8b45f0d5ef80b6db0cd0d1f175f6
CLIENT_TRAFFIC_SECRET_0 d7343bfb511be7f5560598093daa84c488af22cb44fed68cc296616cfee227fa 53f916901efbd22b1cbe627aff3c2a363e14c10abeebbec77fd86d9cb9688108
SERVER_TRAFFIC_SECRET_0 d7343bfb511be7f5560598093daa84c488af22cb44fed68cc296616cfee227fa ac5ab40b90f8e18193e73e1d58da696e6494494e0c83eb9b015d01686c1575c3
EXPORTER_SECRET d7343bfb511be7f5560598093daa84c488af22cb44fed68cc296616cfee227fa 49ddd1edcf2db2460fabde10334b8228c57fdb7752ee86a6330188c0282e2534
CLIENT_TRAFFIC_SECRET_0 a4fa48c1c664a394394d2cd6595db75ef299bf4ecf54317ae0f61747690d88fa 8c8cc0220e19a9e474dfa72fd5180f128e253070d9c6a8ecf3b1ceb76c0b31ba
SERVER_TRAFFIC_SECRET_0 a4fa48c1c664a394394d2cd6595db75ef299bf4ecf54317ae0f61747690d88fa 08aa6c512a30eefcd44e8ff113ea7f23b1d719b53a0dea79687cc122751caac3
EXPORTER_SECRET a4fa48c1c664a394394d2cd6595db75ef299bf4ecf54317ae0f61747690d88fa 827232a9481b01f50c03dbe9c6318c005ece1115b7cffdc0d72a60e1b9aff766
