CLIENT_HANDSHAKE_TRAFFIC_SECRET 44dfc4408dbc0919eb5997ea8f02bebbeefae73f255a462d284c2e877100ec53 4f1152b03447e2b967b40a592a8999917ac767779ef22c62e3a1c8b9e91c7d25
SERVER_HANDSHAKE_TRAFFIC_SECRET 44dfc4408dbc0919eb5997ea8f02bebbeefae73f255a462d284c2e877100ec53 2d9322bb48e22d1b1492360ffb34a8301a40e1b3fae2ed60e6a75bb7d552c4f3
CLIENT_TRAFFIC_SECRET_0 44dfc4408dbc0919eb5997ea8f02bebbeefae73f255a462d284c2e877100ec53 5374b8e780a96a732be935e288f7f4484b91b1290455eb5e2da3350b36ddb4a1
SERVER_TRAFFIC_SECRET_0 44dfc4408dbc0919eb5997ea8f02bebbeefae73f255a462d284c2e877100ec53 b43063788c2a9f83d80b448ace62f266712126cfbd54659aae27535c12ce32a2
EXPORTER_SECRET 44dfc4408dbc0919eb5997ea8f02bebbeefae73f255a462d284c2e877100ec53 2aec1db0a07d76404339456729f72b406031eb2b4ca82fb7c1a6fb23229cf92f
CLIENT_HANDSHAKE_TRAFFIC_SECRET 801a2d3dd0aa54e1ff9126aaf853c0722409707854dde9253eb576b631edd999 acd680bb616f4ebe7b423d3035d30ec1b1814d6bba7e0510b69f64ac7d7a1c4d
SERVER_HANDSHAKE_TRAFFIC_SECRET 801a2d3dd0aa54e1ff9126aaf853c0722409707854dde9253eb576b631edd999 e8282e374a651167786f8478050e689708391d1da427fc07bf61f1b024d8750f
CLIENT_TRAFFIC_SECRET_0 801a2d3dd0aa54e1ff9126aaf853c0722409707854dde9253eb576b631edd999 cb24833a42fa9e14903864cd2ef70036e65863f340655b302d3c002032691969
SERVER_TRAFFIC_SECRET_0 801a2d3dd0aa54e1ff9126aaf853c0722409707854dde9253eb576b631edd999 48911b31c4a2925858c5f24bdd946a47ceedafcd39acbd7800a5ed331f170e78
EXPORTER_SECRET 801a2d3dd0aa54e1ff9126aaf853c0722409707854dde9253eb576b631edd999 57482e387b6e1cf1072bf3fa0677a207f371bef531606ff21a36b1f50ec4dd73
CLIENT_HANDSHAKE_TRAFFIC_SECRET 2843ad102e62baa9c2afffc8510ae9d15a379f09373d16c60328b06ff97b60d8 94e9540a0b9457a30546b2409f0de94a0f903aef1559acf67f7ab8de640c6536
SERVER_HANDSHAKE_TRAFFIC_SECRET 2843ad102e62baa9c2afffc8510ae9d15a379f09373d16c60328b06ff97b60d8 ad7077b22ba49d0601454d457a062ff75e2334798c3909793f6caf1acb86c265
CLIENT_HANDSHAKE_TRAFFIC_SECRET ea744d3eb0b21767b84f9653a06c8d29513b03d8f92b7b3ee620a12b13835b71 10748d4cdc8590b8c26c2cb37217c7e26714fd829e7a774b5f0254d86d1fc667
SERVER_HANDSHAKE_TRAFFIC_SECRET ea744d3eb0b21767b84f9653a06c8d29513b03d8f92b7b3ee620a12b13835b71 cd3e6841860143bc48d2076f925e502e38bde42dd812e73021c8e63dcd820d58
CLIENT_TRAFFIC_SECRET_0 2843ad102e62baa9c2afffc8510ae9d15a379f09373d16c60328b06ff97b60d8 5b15f326fc2a9153c1f67e1f2171f2636f05af036199d4ed6c43a83b8f3fae2e
SERVER_TRAFFIC_SECRET_0 2843ad102e62baa9c2afffc8510ae9d15a379f09373d16c60328b06ff97b60d8 29c7a821936203d794fdc36226545adffd624e157bc40b6b5d16d3eba72d6c14
EXPORTER_SECRET 2843ad102e62baa9c2afffc8510ae9d15a379f09373d16c60328b06ff97b60d8 ec2b79901e95f6ce81f65cdb7afc388715233797c2af3ec46dc6c361e81ed906
CLIENT_TRAFFIC_SECRET_0 ea744d3eb0b21767b84f9653a06c8d29513b03d8f92b7b3ee620a12b13835b71 774c9cd4e93b635f472910bdf4384114d5c4b2761275ef7b37aa7228a97ec527
SERVER_TRAFFIC_SECRET_0 ea744d3eb0b21767b84f9653a06c8d29513b03d8f92b7b3ee620a12b13835b71 3e65c7bc4ecbe3fc0cb7fee43dcef5174567a94c9d118b3b1cda43a8083411d6
EXPORTER_SECRET ea744d3eb0b21767b84f9653a06c8d29513b03d8f92b7b3ee620a12b13835b71 fe4b0ff8e939c0fc45d6fd540b852f0e8f0302c2da3055e65f8ebf1125948231
CLIENT_HANDSHAKE_TRAFFIC_SECRET 2ea35f523e6d1cb9e6ca6a33607137e70f8e0915421e7f8242edd88d7622532b ab91cfdd819830316b0122c59332c06e2dd23fda67dd1bf3ddc3cc2ecf135126
SERVER_HANDSHAKE_TRAFFIC_SECRET 2ea35f523e6d1cb9e6ca6a33607137e70f8e0915421e7f8242edd88d7622532b 4285f04aaea2e1e9dba348e1deef8edc5a5275bd3d57b76883b07898017058ee
CLIENT_TRAFFIC_SECRET_0 2ea35f523e6d1cb9e6ca6a33607137e70f8e0915421e7f8242edd88d7622532b 98f066c55525000c244e4e089ab070cd39cc39432f1ca44d21b231f97de0966b
SERVER_TRAFFIC_SECRET_0 2ea35f523e6d1cb9e6ca6a33607137e70f8e0915421e7f8242edd88d7622532b cf45f7fa7dc57aa6403ab8b4c65ec27c8a76b9474f776770038b718c5be27e88
EXPORTER_SECRET 2ea35f523e6d1cb9e6ca6a33607137e70f8e0915421e7f8242edd88d7622532b efe5a9dae9b0a02aba85df2f69c84103dda850d1ee774698ce1ed585a742f1b0
CLIENT_HANDSHAKE_TRAFFIC_SECRET 94c76e4c371bc2f0b823b584d71be381e244b5f5601daef6e29e3706e333c626 c7bc2546e514880b1ebee91c6d591d154d944c13b3188dff52f4ca6339b1266c
SERVER_HANDSHAKE_TRAFFIC_SECRET 94c76e4c371bc2f0b823b584d71be381e244b5f5601daef6e29e3706e333c626 436ae4b75f7f429e89a3f01dd0902df7afebb50f2bc9f18e4a0aa1c1816267a4
CLIENT_TRAFFIC_SECRET_0 94c76e4c371bc2f0b823b584d71be381e244b5f5601daef6e29e3706e333c626 6656f45e8e75a8c858dd22ca2e3ff4b42fd2048098744c6ae89d59b1c10bb75e
SERVER_TRAFFIC_SECRET_0 94c76e4c371bc2f0b823b584d71be381e244b5f5601daef6e29e3706e333c626 f3162a39256a95f5a23602a4579e9dbf502f2f7ec42e2600a5a46ccedc804c8d
EXPORTER_SECRET 94c76e4c371bc2f0b823b584d71be381e244b5f5601daef6e29e3706e333c626 fa50ee0c25431d23b517f435e9cbfbd8c4cdf8cedfce677264f5f35b648f2f5b
CLIENT_HANDSHAKE_TRAFFIC_SECRET 8b26ca8c75a4e4a007ddf87b65d236e249511447d482a92a7e75e3c9495b09ad 8c06a6c62236701a52b02e4f707a3217f504da9179814ad1fdbf6e76c6a8abc7
SERVER_HANDSHAKE_TRAFFIC_SECRET 8b26ca8c75a4e4a007ddf87b65d236e249511447d482a92a7e75e3c9495b09ad 387541499174208aeb9723ef7ca65e9d77a6c09d4d47ea1d654aac06b8ac0489
CLIENT_TRAFFIC_SECRET_0 8b26ca8c75a4e4a007ddf87b65d236e249511447d482a92a7e75e3c9495b09ad 0584e5f1827697cb79932fb462af5ce0425f2135f3fc0c4003c9ffda6e844d7a
SERVER_TRAFFIC_SECRET_0 8b26ca8c75a4e4a007ddf87b65d236e249511447d482a92a7e75e3c9495b09ad 722ec386723c5bc288f24003cc23789d05a7a87416c9ccbaafbc1dfcd6972abc
EXPORTER_SECRET 8b26ca8c75a4e4a007ddf87b65d236e249511447d482a92a7e75e3c9495b09ad 10db834bab2c4e3f95b319ed5401a48e7e8a0fc82698f42d250246799cd74667
CLIENT_HANDSHAKE_TRAFFIC_SECRET e0c7bb3e5fe996dd7ac3b359a825c7aac9ff00961ca7eceef65b366fbb932ade 43142f551f384c2e5b05023bf6c05b90c09d589cb70881e5789b4bb5c44ecd27
SERVER_HANDSHAKE_TRAFFIC_SECRET e0c7bb3e5fe996dd7ac3b359a825c7aac9ff00961ca7eceef65b366fbb932ade 5a8bea876e681c48c9f66cc05d5a675a47832a325a48c6e18656dac62994c03f
CLIENT_TRAFFIC_SECRET_0 e0c7bb3e5fe996dd7ac3b359a825c7aac9ff00961ca7eceef65b366fbb932ade a7f72e42f3f55cbdc06d5a9e90d7696a9705e26a3240ed27b18d96e09f7d9922
SERVER_TRAFFIC_SECRET_0 e0c7bb3e5fe996dd7ac3b359a825c7aac9ff00961ca7eceef65b366fbb932ade d8c78429a18e5f044658cd17c8c91032c6f181d43fd162867b365524a156f295
EXPORTER_SECRET e0c7bb3e5fe996dd7ac3b359a825c7aac9ff00961ca7eceef65b366fbb932ade b1157f1cf5b7fe6fc148dc17a01bdab1bfdb82bdc1338645aa3bcaec7bc2f90d
