CLIENT_HANDSHAKE_TRAFFIC_SECRET d5a0ea42aa061169020736eb1b4307f69ee25a56d18fbf43457af9d1599147b8 e250b70e0c92c4f323f8310026e241c2ffd407529dfd2069f63d0f1b2421cd82
SERVER_HANDSHAKE_TRAFFIC_SECRET d5a0ea42aa061169020736eb1b4307f69ee25a56d18fbf43457af9d1599147b8 5b92dcdff82b4260de31ea9e9c8cf0bfc293d4a4cdd04f4232548c87ebf98726
CLIENT_TRAFFIC_SECRET_0 d5a0ea42aa061169020736eb1b4307f69ee25a56d18fbf43457af9d1599147b8 da238f661db8357d01404a923da107956beebc98d4ef60c85d28c93f0304b495
SERVER_TRAFFIC_SECRET_0 d5a0ea42aa061169020736eb1b4307f69ee25a56d18fbf43457af9d1599147b8 14ac528e868e68931921437fa1ceedded680afaf609af23ef5d22dd0f46b4927
EXPORTER_SECRET d5a0ea42aa061169020736eb1b4307f69ee25a56d18fbf43457af9d1599147b8 82406c5f9901439bd3648900a4c1a1416da4b39c3d3868d796419ecc903898d8
CLIENT_HANDSHAKE_TRAFFIC_SECRET 13a116c7ea865ce9a8440b066ef7395c929474936de1efadf731df5dac9c66f1 358f1f2fcc8b23fb50698e2a86c7c9192af719d663fe8e24d839af6f5b3e8eab
SERVER_HANDSHAKE_TRAFFIC_SECRET 13a116c7ea865ce9a8440b066ef7395c929474936de1efadf731df5dac9c66f1 7a89185dae397d85f59ebe587a909a6233bda0c49d60693eea6c88bca907f70a
CLIENT_HANDSHAKE_TRAFFIC_SECRET 224d84c7fa066e23616dbddcb1bc3e02942b29f7a2061fe4c1eb2b645f5a941f c25382e18998c2214cf2e36aa8b2d1e3c791dc43fb0ffc6cdfbbb573bc620ae6
SERVER_HANDSHAKE_TRAFFIC_SECRET 224d84c7fa066e23616dbddcb1bc3e02942b29f7a2061fe4c1eb2b645f5a941f df5f4bf5ded46c10db879777795b7d94746a70ed04a167cb3b0061420e58a883
CLIENT_HANDSHAKE_TRAFFIC_SECRET 75146b7796b045c07856c8a427a62b740659aa2869344fea28bc0d6493bfb799 c7f21fec2008e627e484e33659f89dd99d5e4c229ecb1680e887a0f0788cf252
SERVER_HANDSHAKE_TRAFFIC_SECRET 75146b7796b045c07856c8a427a62b740659aa2869344fea28bc0d6493bfb799 07c9ed54d003f736bc50ebee41f8ee53587aa3c68f073d02a0c80ddd3528c3e6
CLIENT_HANDSHAKE_TRAFFIC_SECRET 97380389be670bc7c2d3675d4163d24f14783bd597baa0014cf68ac635de75fc f7b586230e84c792ae0c8439ad49c41deb76c4c20c8d44e3d8acb9fd5b70a3e4
SERVER_HANDSHAKE_TRAFFIC_SECRET 97380389be670bc7c2d3675d4163d24f14783bd597baa0014cf68ac635de75fc 08a0fbaa438ede37608646b753866bef54b70ff5586931e05b751473aa7a1b28
CLIENT_HANDSHAKE_TRAFFIC_SECRET e41584739f36d5d491c177c4a8602c7bebbb84bc17396e68f55648cbb65edc0a 524e37919364a936c8a12ff31c45c4ad15390dd85d80f17da48f8941aa371e5d
SERVER_HANDSHAKE_TRAFFIC_SECRET e41584739f36d5d491c177c4a8602c7bebbb84bc17396e68f55648cbb65edc0a 0d9aefc0ddba35670c11a419aeb0f74533cf6915bcf64fc5075a5898a26abdb9
CLIENT_HANDSHAKE_TRAFFIC_SECRET 03169f9a865c13dcf7c3efbddbd472cf6ec1f39e483739e0fe7e50ea94211ac8 8563e2f56d057d7523bef71429f2967839ab82995fcb5ca0640474771194c6e7
SERVER_HANDSHAKE_TRAFFIC_SECRET 03169f9a865c13dcf7c3efbddbd472cf6ec1f39e483739e0fe7e50ea94211ac8 1adfe790a32eaaa5c1463e8c6f32973983e52353876b3ed2e2560a4d96ab04f1
CLIENT_HANDSHAKE_TRAFFIC_SECRET b28dff093208e6f3d2d1e2841a82fd5e8c1db44f390447cd3974a6a2ed413b2f f33150a39b3b8088181adf528d33c7777cbdd813dcb5ce8c69617f712b390582
CLIENT_HANDSHAKE_TRAFFIC_SECRET aca1fba8fd1f043c88894b9e534378763aa5b140f09ab3ef6dda0fdf261a4d3a 43cc297fc2439bf59f3e5dc7a2244f5bd423734ff0ad5b22d5eaed03d600841a
SERVER_HANDSHAKE_TRAFFIC_SECRET b28dff093208e6f3d2d1e2841a82fd5e8c1db44f390447cd3974a6a2ed413b2f 20cece92857ba1a5890a8c14e7f9b46568fb6ba6f189890953246cacd6db4b14
SERVER_HANDSHAKE_TRAFFIC_SECRET aca1fba8fd1f043c88894b9e534378763aa5b140f09ab3ef6dda0fdf261a4d3a 98fef3524e3b404107dc47a8636ce429e7d31ea03d11ba66a25cd0b15ee8e320
CLIENT_HANDSHAKE_TRAFFIC_SECRET d31a2effc440ae4c9dcd3ec332c8215a1b0401ed8f38e13b45516577eca4adc9 dd4c73cb0fa11154310524a7723ae19ecb3693539d2dab22704a024e4379bfc2
SERVER_HANDSHAKE_TRAFFIC_SECRET d31a2effc440ae4c9dcd3ec332c8215a1b0401ed8f38e13b45516577eca4adc9 b5122d0d5172f757897e10ebe2b9cb3dce1da9aa30ac1ecc403ae886afc210c6
CLIENT_TRAFFIC_SECRET_0 224d84c7fa066e23616dbddcb1bc3e02942b29f7a2061fe4c1eb2b645f5a941f e7cfb87efc38ae55d5466c631199f18d561acf7f482eaf91a68cebb2bb4d854d
SERVER_TRAFFIC_SECRET_0 224d84c7fa066e23616dbddcb1bc3e02942b29f7a2061fe4c1eb2b645f5a941f c914c95b0a49b750c32843f81ff4eabca0245556ca8100ee25e5924652cc8d86
CLIENT_TRAFFIC_SECRET_0 13a116c7ea865ce9a8440b066ef7395c929474936de1efadf731df5dac9c66f1 a1af254ae9d7279ca20c98aed34d3117d42ba37350fc7bda06379167057afd39
EXPORTER_SECRET 224d84c7fa066e23616dbddcb1bc3e02942b29f7a2061fe4c1eb2b645f5a941f 643b10badeaf2920decb0666da2a4ec9650952d68fa1da73598caa8e4e10f320
SERVER_TRAFFIC_SECRET_0 13a116c7ea865ce9a8440b066ef7395c929474936de1efadf731df5dac9c66f1 7d43b99aaf6849e139392b0f721fe6e6a3c5cc4016c893545abfe67a2770bbd7
EXPORTER_SECRET 13a116c7ea865ce9a8440b066ef7395c929474936de1efadf731df5dac9c66f1 85de8bb153664d21573e2771ef0ad4d37ed003bdb03988d8d9f6d03486a15bae
CLIENT_TRAFFIC_SECRET_0 75146b7796b045c07856c8a427a62b740659aa2869344fea28bc0d6493bfb799 050f8c489f76a9c1a28e60e98e4aa2766633d20814ef58f69399033ca20b9a1a
SERVER_TRAFFIC_SECRET_0 75146b7796b045c07856c8a427a62b740659aa2869344fea28bc0d6493bfb799 63757325b61c7274f4bbd69087578290eb1d8084c9a847dbd30e044e8e08095d
EXPORTER_SECRET 75146b7796b045c07856c8a427a62b740659aa2869344fea28bc0d6493bfb799 c5c8f66ae120d648fcb824677891860362e4b0d0cb3115a9b691324304a31a93
CLIENT_HANDSHAKE_TRAFFIC_SECRET 6bf53ff12a202724ad3e1307cfd39152142d61ec9e885323c338379f0adbb367 8df191b718a74572e4a016b365c8d22f748a3852f84d5efe40ad70bc4ebab6eb
SERVER_HANDSHAKE_TRAFFIC_SECRET 6bf53ff12a202724ad3e1307cfd39152142d61ec9e885323c338379f0adbb367 79903bc10cc2d3991af81863c690c8fab6055d60f69b3253344fc814e8d4e832
CLIENT_TRAFFIC_SECRET_0 97380389be670bc7c2d3675d4163d24f14783bd597baa0014cf68ac635de75fc 6c6d5a1baf59df6c5d193756598ea682ba4572d80cad84cfe7ef7cc42bab01dc
SERVER_TRAFFIC_SECRET_0 97380389be670bc7c2d3675d4163d24f14783bd597baa0014cf68ac635de75fc 667ef30a425bf1a0daeb1818ec0dc726dcb0aedabadbac45ee92aaa100a86cef
EXPORTER_SECRET 97380389be670bc7c2d3675d4163d24f14783bd597baa0014cf68ac635de75fc fbc85c1fa9bbc2d27f45c51d33a2a7261497011e864e0be9ebdce76df0e7f01a
CLIENT_TRAFFIC_SECRET_0 e41584739f36d5d491c177c4a8602c7bebbb84bc17396e68f55648cbb65edc0a 25fe07e06f4193f8748010a7e08e45803bc5d5480c740354d38ad7a21e5278f4
SERVER_TRAFFIC_SECRET_0 e41584739f36d5d491c177c4a8602c7bebbb84bc17396e68f55648cbb65edc0a f5a2d2f05d35006a0bc51bdaf827badaf2f166923b000824089438e513abafae
EXPORTER_SECRET e41584739f36d5d491c177c4a8602c7bebbb84bc17396e68f55648cbb65edc0a 3ce003c19d1eadb9afabcf6da64edb46bf8405f8ab8e327900bbe182f5a7bb20
CLIENT_TRAFFIC_SECRET_0 03169f9a865c13dcf7c3efbddbd472cf6ec1f39e483739e0fe7e50ea94211ac8 ec3da027d5433b3993a27e533ac39943dff0af4116fda68c76a60b58e4d279e1
SERVER_TRAFFIC_SECRET_0 03169f9a865c13dcf7c3efbddbd472cf6ec1f39e483739e0fe7e50ea94211ac8 9f9ae1342563df2a3deff1b6acabe3e2295a3ad902fd052b71e05583ab5374f5
EXPORTER_SECRET 03169f9a865c13dcf7c3efbddbd472cf6ec1f39e483739e0fe7e50ea94211ac8 bdc5e265d5e35f09b7903eaaefc487e6cbe847a7bd72e2ebbde0d1baa64fe48a
CLIENT_HANDSHAKE_TRAFFIC_SECRET fd76cae6ab8d09f7f22fb123bd42842499b75762cb9d665519eaa76ed3b18b6e 001e38e3809111e14a6bc7a39ea3e1dc30833494f78b546f28c5cdc079cda9a1
SERVER_HANDSHAKE_TRAFFIC_SECRET fd76cae6ab8d09f7f22fb123bd42842499b75762cb9d665519eaa76ed3b18b6e 32bb9a6723b09bba03266a298d8cd755bf4964a15c4452fedcf7b1fd61767539
CLIENT_TRAFFIC_SECRET_0 aca1fba8fd1f043c88894b9e534378763aa5b140f09ab3ef6dda0fdf261a4d3a 4e875b995fce74b94482925fab7213c2476b0e180aba289b1e92db474dd05b08
SERVER_TRAFFIC_SECRET_0 aca1fba8fd1f043c88894b9e534378763aa5b140f09ab3ef6dda0fdf261a4d3a 90712543a0fd4b4a97f792cbf0376bab5bca94df2e3e4d97d7b989782294ed73
CLIENT_TRAFFIC_SECRET_0 b28dff093208e6f3d2d1e2841a82fd5e8c1db44f390447cd3974a6a2ed413b2f f496015f64d5c97d8756789db0fd5d103b9b7d513080fdfb448ce59d82523c9a
EXPORTER_SECRET aca1fba8fd1f043c88894b9e534378763aa5b140f09ab3ef6dda0fdf261a4d3a a9adb19f7381c50d99d5989619a08ff92f2236a87ff16cc31204f6f24f39a601
SERVER_TRAFFIC_SECRET_0 b28dff093208e6f3d2d1e2841a82fd5e8c1db44f390447cd3974a6a2ed413b2f 4b8f97a5e9828de7c0dc22920ca7fac29c48ba676f06d179c0e7b1a8694b0094
EXPORTER_SECRET b28dff093208e6f3d2d1e2841a82fd5e8c1db44f390447cd3974a6a2ed413b2f e88a2de6e5832dd4cd5c5c4208015858551965c13b5ea645f9c580b088fd7fc7
CLIENT_TRAFFIC_SECRET_0 d31a2effc440ae4c9dcd3ec332c8215a1b0401ed8f38e13b45516577eca4adc9 8b70ad636e390b6654a3cbb1eb683c314145dd3755229fbf0d3fa9963b9319c6
SERVER_TRAFFIC_SECRET_0 d31a2effc440ae4c9dcd3ec332c8215a1b0401ed8f38e13b45516577eca4adc9 9e44c0d1e85af61ab598cd26dd4ae597c5716b3c278cdd9423fc01d9707b9169
EXPORTER_SECRET d31a2effc440ae4c9dcd3ec332c8215a1b0401ed8f38e13b45516577eca4adc9 438cdf31023d69c087a318684fc98ee2f8d55a475959709c9f3dd54199a2b3e9
CLIENT_TRAFFIC_SECRET_0 6bf53ff12a202724ad3e1307cfd39152142d61ec9e885323c338379f0adbb367 d4c55e1291730f390de33bc3d469197603ea5e96def1dc0fd62a0776f5411c33
SERVER_TRAFFIC_SECRET_0 6bf53ff12a202724ad3e1307cfd39152142d61ec9e885323c338379f0adbb367 a237d0ee204ef0a9bae906e2a7653d886af8d9a5d4209a6943a027c723e9870b
EXPORTER_SECRET 6bf53ff12a202724ad3e1307cfd39152142d61ec9e885323c338379f0adbb367 2bf39d60fcef619de3f8f95337a42c1bbee7e0d07fa9ddb77a3ca39a61e57b15
CLIENT_TRAFFIC_SECRET_0 fd76cae6ab8d09f7f22fb123bd42842499b75762cb9d665519eaa76ed3b18b6e 1b80403983b04dc7259cf2d4859f6eedde0d556fd9d910373448937a8464c2d6
SERVER_TRAFFIC_SECRET_0 fd76cae6ab8d09f7f22fb123bd42842499b75762cb9d665519eaa76ed3b18b6e 4daea46bd492c183dbd791954d4861dca1fa8cf75320c3483ea015260f20eb35
EXPORTER_SECRET fd76cae6ab8d09f7f22fb123bd42842499b75762cb9d665519eaa76ed3b18b6e c4b705083b300f4bee5d1ec3a94d2ee3a596f06b82e29f86dbe5f82b8042f143
