CLIENT_HANDSHAKE_TRAFFIC_SECRET fb92c5d54c75050ba0535c6eb5733ecc9cd81d5f666d4d17b4aa88278e80bf25 051aa8b70db4ad517ba4b99dd5f5980d3f59d9da6ef0ad381c5c52e4281a83e4
SERVER_HANDSHAKE_TRAFFIC_SECRET fb92c5d54c75050ba0535c6eb5733ecc9cd81d5f666d4d17b4aa88278e80bf25 50f9194e45b2f1033a0adbbe3905bbd6116f451973c96ab4568a6a669f25744a
CLIENT_TRAFFIC_SECRET_0 fb92c5d54c75050ba0535c6eb5733ecc9cd81d5f666d4d17b4aa88278e80bf25 c56b5c71bba01d4c754417c66875bcdaf4382c0f4bb069f5dd6cc9d6f30baf48
SERVER_TRAFFIC_SECRET_0 fb92c5d54c75050ba0535c6eb5733ecc9cd81d5f666d4d17b4aa88278e80bf25 fbcad91a0590b9f1545f8d13ff3a0ae3c8f1ece0427414f30b6993922853712c
EXPORTER_SECRET fb92c5d54c75050ba0535c6eb5733ecc9cd81d5f666d4d17b4aa88278e80bf25 d355308bf51553f4cf27ecf822f97181eb421f14a6010d0784922dfb6dbed653
CLIENT_HANDSHAKE_TRAFFIC_SECRET 4c35c9798cf3aaa7347190ed5d719405b32c30fd85bc5c2dd55f504ffa4fa2b2 d34006920927e6d05392bae79d35b5685d7c9269be56269560de05ebc87b279d
SERVER_HANDSHAKE_TRAFFIC_SECRET 4c35c9798cf3aaa7347190ed5d719405b32c30fd85bc5c2dd55f504ffa4fa2b2 042eab33cd8d6665dc850ceb70a0f5e799cd44fec585d63bec5f035c8384b70f
CLIENT_HANDSHAKE_TRAFFIC_SECRET b78992f292945b00a19054a6b8f33c8acee39f5270323e195c56bcf105fe091b 031b47de43617b4951a1272a009fc434d2a4b812eb6d1405c556e11917cc3072
SERVER_HANDSHAKE_TRAFFIC_SECRET b78992f292945b00a19054a6b8f33c8acee39f5270323e195c56bcf105fe091b 3e9c13f09754bdd48b3fc2bb78482d249a8dfd41fe3e890b7d6aceee089ac486
CLIENT_HANDSHAKE_TRAFFIC_SECRET 46d8972d8c8c7589727731dfc0a2ff0385cad51b5c57f41a102194beba4a2749 c8710babbaee1f32e13567c2b813b51b4183499af79249f2021f9b696291cef6
SERVER_HANDSHAKE_TRAFFIC_SECRET 46d8972d8c8c7589727731dfc0a2ff0385cad51b5c57f41a102194beba4a2749 7ecf6a2d6209bc0fc88af366909332845ed6cf0729e5470ca27cd9c67b566842
CLIENT_HANDSHAKE_TRAFFIC_SECRET 28b7d0790efee7f8430e06129738b535cb4acae3e9ea473eec05a4db602f0fb5 c5ad2c8d5aa102ef492e981aaf2a2ef79e8ce2e2485eae05057d587fcbd6d2ba
CLIENT_HANDSHAKE_TRAFFIC_SECRET 52bcaee992e5a2bd8d5e6c86ae47b2a3bd7640009528d58cdea036dc72e8bdbe 6612bffaa68a7be54c3039a37f0eca57dff11d31c2d7db3195443a8f2e62fe16
SERVER_HANDSHAKE_TRAFFIC_SECRET 28b7d0790efee7f8430e06129738b535cb4acae3e9ea473eec05a4db602f0fb5 6e8ff4f6d21013be7d65ed318fd0e1f536b077a12a347777bb821e4178d304a3
SERVER_HANDSHAKE_TRAFFIC_SECRET 52bcaee992e5a2bd8d5e6c86ae47b2a3bd7640009528d58cdea036dc72e8bdbe 75f21ead2954b0a3160da1db45f8cf5f5e3b026277893ec461ee5500fa409df6
CLIENT_HANDSHAKE_TRAFFIC_SECRET bd3b0a96a8b432633b2585111527840ee266eef0b03dd19cd5b6b8afcb2aa4d7 120cb7c28a97b559fbb17406e9ed7c1295ea106263ea8e301e5bdd604c07d972
SERVER_HANDSHAKE_TRAFFIC_SECRET bd3b0a96a8b432633b2585111527840ee266eef0b03dd19cd5b6b8afcb2aa4d7 844e24303adb16b8d099480ade7c50aaf9cd0f566a6908d23348cb3c4b4a5574
CLIENT_HANDSHAKE_TRAFFIC_SECRET 2715702e4a13d7fb5de339eb7fe1eef9d902264b7e685a380b96ebb609b76986 5381bdab2086537bc941d0b364e55f9d67961ceb2895a7e79569b8a634abf141
SERVER_HANDSHAKE_TRAFFIC_SECRET 2715702e4a13d7fb5de339eb7fe1eef9d902264b7e685a380b96ebb609b76986 2a17a11586540585716a1a86aec0da0b769f8284ad503c3f12f1738479dba740
CLIENT_HANDSHAKE_TRAFFIC_SECRET 5dbc6564c1a10d8efb1c1f5268c258c395c0696211d6b82723a0c3f53455643a 9553ba971dd5de2efacf0adaffe0ee9ca3b812b6cb647c4621f044a1e0ef6e15
SERVER_HANDSHAKE_TRAFFIC_SECRET 5dbc6564c1a10d8efb1c1f5268c258c395c0696211d6b82723a0c3f53455643a 51b6cd0ad93c9aa4809803910ad0dbc733f93792ad021a9cffc524b83a81126a
CLIENT_TRAFFIC_SECRET_0 4c35c9798cf3aaa7347190ed5d719405b32c30fd85bc5c2dd55f504ffa4fa2b2 e24b63bd3b593072f3c595b3f6d61b7b7f3f8e7ed82bbff7c1cf8bb38e2ba546
SERVER_TRAFFIC_SECRET_0 4c35c9798cf3aaa7347190ed5d719405b32c30fd85bc5c2dd55f504ffa4fa2b2 0eac3ff0c789b1f75d7c6774d6d930331c9a0be74adc2b2e6d6c75629ccdf580
EXPORTER_SECRET 4c35c9798cf3aaa7347190ed5d719405b32c30fd85bc5c2dd55f504ffa4fa2b2 c758e9ac891ebaf5e37b936717ccb71a6433b206a036f753d887fd510adc9941
CLIENT_TRAFFIC_SECRET_0 b78992f292945b00a19054a6b8f33c8acee39f5270323e195c56bcf105fe091b 2e9484411d45ff83889a714872174cc6ecf02483a40a6ee368c71d4b87543320
CLIENT_HANDSHAKE_TRAFFIC_SECRET 5745773ad758e8b0069395e2f10c5ad1fa10105a0e660838b6751f19b8d2bca8 6535cee89232c5667c4befe62bd6e0fa6b75f2e6a49c8a53ae843ad43e53beaa
SERVER_TRAFFIC_SECRET_0 b78992f292945b00a19054a6b8f33c8acee39f5270323e195c56bcf105fe091b 45c44fd25897832fe5df2cd70b56ef1c8f41a818173fe17fbd413d94db06adf4
SERVER_HANDSHAKE_TRAFFIC_SECRET 5745773ad758e8b0069395e2f10c5ad1fa10105a0e660838b6751f19b8d2bca8 77952f40758cf0a09b24ca6ded180120e85f38e3289d45932864d9036e7889cb
EXPORTER_SECRET b78992f292945b00a19054a6b8f33c8acee39f5270323e195c56bcf105fe091b 3d96426f95b878f01cd09c60738162bc5e95dae1d8ae2e705a20d0a6a5228562
CLIENT_HANDSHAKE_TRAFFIC_SECRET a52e961fc8caba221d0615b2dce59b3206ad19dabc3d47a73d8cf812b9bd03d7 02809b896ba98432da5f2191fc1935d30182707ae0ea9f0a28570a71154f1204
SERVER_HANDSHAKE_TRAFFIC_SECRET a52e961fc8caba221d0615b2dce59b3206ad19dabc3d47a73d8cf812b9bd03d7 ece863a11f814de981a32613cae205da8f87807acbd4caffab308e750e6e565f
CLIENT_HANDSHAKE_TRAFFIC_SECRET 4b2a9d00dddf5d1a852ede7c388fcccf208ac4059612fcccca1db46dd4f3a93d 7c4facdd34b44a9478ac7fd44bd957fc8d2857da6210a2f14ff8686626b43658
SERVER_HANDSHAKE_TRAFFIC_SECRET 4b2a9d00dddf5d1a852ede7c388fcccf208ac4059612fcccca1db46dd4f3a93d c3ab3153767975a6bde6757e6da8f7dd71ac8a1263e788d7ee8b3a922fdf654e
CLIENT_TRAFFIC_SECRET_0 46d8972d8c8c7589727731dfc0a2ff0385cad51b5c57f41a102194beba4a2749 6ce1009f7e8bc0b5cbc4ccb9dd73149a5235d299cecaef0d8afb1f9f6f43c612
SERVER_TRAFFIC_SECRET_0 46d8972d8c8c7589727731dfc0a2ff0385cad51b5c57f41a102194beba4a2749 c19bd028e6bcad930c4618ccbb7757206588d360016832eb62bd5ce38ce0e13f
EXPORTER_SECRET 46d8972d8c8c7589727731dfc0a2ff0385cad51b5c57f41a102194beba4a2749 14372270f5fce2d288f826a6653183295673013694944b7f8ed897f7ca5b9dda
CLIENT_TRAFFIC_SECRET_0 52bcaee992e5a2bd8d5e6c86ae47b2a3bd7640009528d58cdea036dc72e8bdbe 8b012e2f530a504f98fd2172a5c488be923db1ab4f672c6ce21a9c66c7278716
SERVER_TRAFFIC_SECRET_0 52bcaee992e5a2bd8d5e6c86ae47b2a3bd7640009528d58cdea036dc72e8bdbe 1711057cdcb54d3213c6899c6cda4d430c624782b2b42efb41c28038557436f1
EXPORTER_SECRET 52bcaee992e5a2bd8d5e6c86ae47b2a3bd7640009528d58cdea036dc72e8bdbe 56076a3be746626d2b2955fad5d22e94e1530804c263604a35ada298096c35c6
CLIENT_HANDSHAKE_TRAFFIC_SECRET 7831dcf9f52f8b14133a588d8d38554247851bf7e35585eecea30ec6853af6dc 6e32f4b0048c6953674c274f885f7d3a6bd150f40239419d6a737fd5f9616d14
SERVER_HANDSHAKE_TRAFFIC_SECRET 7831dcf9f52f8b14133a588d8d38554247851bf7e35585eecea30ec6853af6dc b0c4c9b8a85e3fdf41dff198da91cb7ad1af5343c7f037d218e647fb3e4e6edb
CLIENT_TRAFFIC_SECRET_0 bd3b0a96a8b432633b2585111527840ee266eef0b03dd19cd5b6b8afcb2aa4d7 9b44708e661cd75b5e7846764ec26d536e76a56efe434c19e737f0d36be9c816
SERVER_TRAFFIC_SECRET_0 bd3b0a96a8b432633b2585111527840ee266eef0b03dd19cd5b6b8afcb2aa4d7 7091e8f9bef92e8c2860b5d20b11d1b81aba4f8a0d058a6d126e3130c19903c9
EXPORTER_SECRET bd3b0a96a8b432633b2585111527840ee266eef0b03dd19cd5b6b8afcb2aa4d7 cd39d1987d06f31a7dd73dc665b89fc5ce1717f77316c8c0bf1f55157747ea36
CLIENT_TRAFFIC_SECRET_0 28b7d0790efee7f8430e06129738b535cb4acae3e9ea473eec05a4db602f0fb5 97fefadbbd372efd080273f500611df0d2236efd1d7796908d74e3f61f15dc83
SERVER_TRAFFIC_SECRET_0 28b7d0790efee7f8430e06129738b535cb4acae3e9ea473eec05a4db602f0fb5 fa7ce188c795a448b1132acb469e8bda3f707fa1d1697295368625dc069bc3f5
CLIENT_HANDSHAKE_TRAFFIC_SECRET a0f69e95db041346e83290c72dc0097ddf5a5c330d3ddb5970f4d5c5808a296f f97be03994e266ee30dc4afbdf3c5baebf8c46c3fd07d258ae63d6d2b928cc37
CLIENT_TRAFFIC_SECRET_0 2715702e4a13d7fb5de339eb7fe1eef9d902264b7e685a380b96ebb609b76986 9b3b72e02c55c990e242fc56f2bb4fa8a74923aa47aba66a645cfcb973fba405
SERVER_HANDSHAKE_TRAFFIC_SECRET a0f69e95db041346e83290c72dc0097ddf5a5c330d3ddb5970f4d5c5808a296f 781fc759e2e867375705b8c3ef490493189735ccee9622805fa9016d7252a45e
EXPORTER_SECRET 28b7d0790efee7f8430e06129738b535cb4acae3e9ea473eec05a4db602f0fb5 0885df376cdf2a63b0bbcd497c066d8c919d628891caad448f059267b38f333a
SERVER_TRAFFIC_SECRET_0 2715702e4a13d7fb5de339eb7fe1eef9d902264b7e685a380b96ebb609b76986 5d620ad49d6b3683077b721ea34d142dba6d3c2d0805c579564721d927a8694e
EXPORTER_SECRET 2715702e4a13d7fb5de339eb7fe1eef9d902264b7e685a380b96ebb609b76986 5272beb2602172892f911e747f1b64e859661f79e6258410363dcae9c93ea8b5
CLIENT_HANDSHAKE_TRAFFIC_SECRET b3a7e804a7dc0f602e06a264035eb146051dcc975124c3c1d3ad614193773654 7f4e4f37ec655f1f03fe9f8ca7dc2ab09d0cc09efed747f0243b959b245dc550
SERVER_HANDSHAKE_TRAFFIC_SECRET b3a7e804a7dc0f602e06a264035eb146051dcc975124c3c1d3ad614193773654 c7c3295709880a09638e688050ff7315f6b641f8dd17083e3c9ff66bf69dc787
CLIENT_TRAFFIC_SECRET_0 5dbc6564c1a10d8efb1c1f5268c258c395c0696211d6b82723a0c3f53455643a 94e1c872dc5cf0ea20f0d9e688ddda02c8ab672a2b7c522eb105e44f6e7e5790
SERVER_TRAFFIC_SECRET_0 5dbc6564c1a10d8efb1c1f5268c258c395c0696211d6b82723a0c3f53455643a f238a48dbc59d2bd6a15a38668d33368e4b09da2469115af8d9515d9a554fef4
EXPORTER_SECRET 5dbc6564c1a10d8efb1c1f5268c258c395c0696211d6b82723a0c3f53455643a 19a21bd620f5ae3954802b6b09152f5c53c96acacfd4af045f178e90c1b40902
CLIENT_TRAFFIC_SECRET_0 5745773ad758e8b0069395e2f10c5ad1fa10105a0e660838b6751f19b8d2bca8 75da86b710c394584faa635aacf9f3c5731d11f8be44eaf77ff6610b0e25cf75
SERVER_TRAFFIC_SECRET_0 5745773ad758e8b0069395e2f10c5ad1fa10105a0e660838b6751f19b8d2bca8 fba091d6e0c13d85caeb7ba13ae09ac9346f532b70599ee47e5afcfcf51d879e
EXPORTER_SECRET 5745773ad758e8b0069395e2f10c5ad1fa10105a0e660838b6751f19b8d2bca8 e0067a4b4ec27087101c59050618767fcdd0d0442ae47ef9c85cab651bff80d2
CLIENT_TRAFFIC_SECRET_0 a52e961fc8caba221d0615b2dce59b3206ad19dabc3d47a73d8cf812b9bd03d7 76ae2685b67be1f023409e6e9def9791be800cbb2675f5e3c807e78f6b30da97
SERVER_TRAFFIC_SECRET_0 a52e961fc8caba221d0615b2dce59b3206ad19dabc3d47a73d8cf812b9bd03d7 97dba43562986d3d69a56fe29040f475e3fa7188f53eaa1c6a3ed8e155dba283
EXPORTER_SECRET a52e961fc8caba221d0615b2dce59b3206ad19dabc3d47a73d8cf812b9bd03d7 1dab644ceee5af9df3f4a20c0ed18e9f3406d44fef457f0490fcf6950bb2c594
CLIENT_TRAFFIC_SECRET_0 4b2a9d00dddf5d1a852ede7c388fcccf208ac4059612fcccca1db46dd4f3a93d eff44b667b108a49f996a5376e07a4b5b7111c846ce0f9c3618d728c9396e7bf
SERVER_TRAFFIC_SECRET_0 4b2a9d00dddf5d1a852ede7c388fcccf208ac4059612fcccca1db46dd4f3a93d 1890e28c739bc311749fd7c9c213e349aeed6498787c90d75357de9f12223476
EXPORTER_SECRET 4b2a9d00dddf5d1a852ede7c388fcccf208ac4059612fcccca1db46dd4f3a93d d1c1eaf8b357e2f831d6008836a0c9641a0262464ccdc257c27c4d10b79f8f00
CLIENT_TRAFFIC_SECRET_0 7831dcf9f52f8b14133a588d8d38554247851bf7e35585eecea30ec6853af6dc 6f37e8786de6551973b424c7af8f4b61aabc7c84dc1cdc9b61fb1c70b384cfc4
SERVER_TRAFFIC_SECRET_0 7831dcf9f52f8b14133a588d8d38554247851bf7e35585eecea30ec6853af6dc bccca57706787272f4075d90fe644ae90e26fd5c191f80e8707dc93722a48236
EXPORTER_SECRET 7831dcf9f52f8b14133a588d8d38554247851bf7e35585eecea30ec6853af6dc 30762fdd34394fbf240bfdca410257243b05903052f5ee968eb7242244973490
CLIENT_TRAFFIC_SECRET_0 a0f69e95db041346e83290c72dc0097ddf5a5c330d3ddb5970f4d5c5808a296f 102bdf7e5eb49ed734a570cbe6f19f26f8b349d7438bf5752a7d0b4a3facf2e8
SERVER_TRAFFIC_SECRET_0 a0f69e95db041346e83290c72dc0097ddf5a5c330d3ddb5970f4d5c5808a296f 9fdbf9eaa3c4c09f52e9a8821d35a44054849f561126fcac7a9e2e629235dfe0
EXPORTER_SECRET a0f69e95db041346e83290c72dc0097ddf5a5c330d3ddb5970f4d5c5808a296f 5f472b7b70727229a63b7aa1eae6e29a8eab9ff55bff192e84ebbaaa2cd8d11e
CLIENT_TRAFFIC_SECRET_0 b3a7e804a7dc0f602e06a264035eb146051dcc975124c3c1d3ad614193773654 90071409f8149cc37ec66aedc38e39c87cc0cc86a512dd690c943884f91b34b9
SERVER_TRAFFIC_SECRET_0 b3a7e804a7dc0f602e06a264035eb146051dcc975124c3c1d3ad614193773654 073148306fb39b546d74cb06474988eec130e45dd2fd1cb55b8b6cd12d759176
EXPORTER_SECRET b3a7e804a7dc0f602e06a264035eb146051dcc975124c3c1d3ad614193773654 672f9001622687a076fc0eb8f9dfdca7ef62369bf0067a41b9941286fef9fecc
CLIENT_HANDSHAKE_TRAFFIC_SECRET bd31db5489024929ff7fca19ce51ea5da204fe2244ae242039fbf0b841b294c0 76b5036fb5c91d596539d8bba9477d2cbb9f35468e9199adfc71c5f46c4f61a7
SERVER_HANDSHAKE_TRAFFIC_SECRET bd31db5489024929ff7fca19ce51ea5da204fe2244ae242039fbf0b841b294c0 ed7371fa4dae186c9fc422e2f4a2fbf3c8fc38c65619656a0cda13b706997095
CLIENT_TRAFFIC_SECRET_0 bd31db5489024929ff7fca19ce51ea5da204fe2244ae242039fbf0b841b294c0 8a9eec37d5dee4984096f5064015ee1fceede46a19ffc3abd8cec31f46c32863
SERVER_TRAFFIC_SECRET_0 bd31db5489024929ff7fca19ce51ea5da204fe2244ae242039fbf0b841b294c0 a839d8e9ac51aa5da569484c4782f30f0f76414b1053ef2afa0134b6042f950d
EXPORTER_SECRET bd31db5489024929ff7fca19ce51ea5da204fe2244ae242039fbf0b841b294c0 bbb9a2e3e71821fef6fd51fded81350f866520cdeb5e8637465c225b910560b8
