CLIENT_HANDSHAKE_TRAFFIC_SECRET 6d8c44d2308ca60f4773afc5628853d2e5589271c490a3db38e20b633a49f357 020bdaff01fa0750331b46043fed821602695cf14b6c01d6250f0dff312b2cde
SERVER_HANDSHAKE_TRAFFIC_SECRET 6d8c44d2308ca60f4773afc5628853d2e5589271c490a3db38e20b633a49f357 b000d89888eb3743583e6f468f97519cc4b893d7babe96499b7586992daaf93c
CLIENT_TRAFFIC_SECRET_0 6d8c44d2308ca60f4773afc5628853d2e5589271c490a3db38e20b633a49f357 cc8efecac5a79de0572e63d1ab311b2712d9fb7d6354eeb59393c5913cc4d8d3
SERVER_TRAFFIC_SECRET_0 6d8c44d2308ca60f4773afc5628853d2e5589271c490a3db38e20b633a49f357 73d99dd82cf3ebb2912ab0a631893f4187ce33200a1b63c5210eef3c176bc1e1
EXPORTER_SECRET 6d8c44d2308ca60f4773afc5628853d2e5589271c490a3db38e20b633a49f357 45331ad2fef3f9be3af66e3162695fc93e6f1d4d1f6873087e049d0e48d3b571
CLIENT_HANDSHAKE_TRAFFIC_SECRET a3e9a2e33cc1851e3a2a810158165a0dc6e2708dafe8f18ba4bcaab62d112d0b 7e8fc63cd0c36a9831bc34d23636285c5cfc3235630637980a753c976e73c190
SERVER_HANDSHAKE_TRAFFIC_SECRET a3e9a2e33cc1851e3a2a810158165a0dc6e2708dafe8f18ba4bcaab62d112d0b 2216a3151ba4d819e8656b8c7fd5f463061d097e5a35ea422e33dbd145776308
CLIENT_HANDSHAKE_TRAFFIC_SECRET 0aca0f5aa833af92cb56395213c03298c0985c0adc61a63ab9e0d00d39d9f47e df16d8f993521ad28a185c2d94e2ded2ae36506d240c37190372defe238e07f7
SERVER_HANDSHAKE_TRAFFIC_SECRET 0aca0f5aa833af92cb56395213c03298c0985c0adc61a63ab9e0d00d39d9f47e f9ea3ae90bfcf04c5bae33fe663ad3c89baa296ab914f805b61ee86839efb80a
CLIENT_HANDSHAKE_TRAFFIC_SECRET 3b80f4d85ef7ad5c0374f3dd1882144239c9656addc3ba9cd9602f07f9c5bb11 219a1f2761bccf18186a8d003482f4e449bf98072c5ba2a1d24541080fbd1da7
SERVER_HANDSHAKE_TRAFFIC_SECRET 3b80f4d85ef7ad5c0374f3dd1882144239c9656addc3ba9cd9602f07f9c5bb11 27fef93956487715394a66b7a17a5cec4e08d28bc50660d30a9e80e98d747f4e
CLIENT_HANDSHAKE_TRAFFIC_SECRET b10c73a94ec780c3c415829585f95539e2d10aa22ebf5b6123127b4d7125eef9 1b92b4e8c76dd5297b8e296d3414a5f32d5e090755f41b627e2872c5f4f7e1f6
SERVER_HANDSHAKE_TRAFFIC_SECRET b10c73a94ec780c3c415829585f95539e2d10aa22ebf5b6123127b4d7125eef9 ef77de1cda8aed26f9ba8b4e2743c5719e48cd92313fd031f036080c6b412e5f
CLIENT_HANDSHAKE_TRAFFIC_SECRET d9defcda806e761784b9202cbfa99f54047a174dc8eaa6dd5b7ad499d27cc24f 832f22bc71347c18c4ac63ca33452a5ffba1b490b9af0ff9d2446f484a26b37b
SERVER_HANDSHAKE_TRAFFIC_SECRET d9defcda806e761784b9202cbfa99f54047a174dc8eaa6dd5b7ad499d27cc24f 1074b65450392ca4df2a1ff1429ce4ad34ace014d6e48137254fdc0e3b29994a
CLIENT_HANDSHAKE_TRAFFIC_SECRET c6ed90ee502527d16f1f2e6a59796e912217abee45784404580356c40a23a1bc 0e8af0e11b5c2f22e75c7dfc1abcf4f683de513e2ec059c7c9b1facd6417d0e0
SERVER_HANDSHAKE_TRAFFIC_SECRET c6ed90ee502527d16f1f2e6a59796e912217abee45784404580356c40a23a1bc dcb4708d82978724cafac077d444e708525ffdb631f87b059e9469dc6513d9e4
CLIENT_HANDSHAKE_TRAFFIC_SECRET 226af4786c0e5fa839e1462b8cf094d3785ceac27dcac8efaa182c461e3690ec 03d1aac540badc2bb73b70be57b216a86eabca22dcbc83f0c77edd142682cd51
SERVER_HANDSHAKE_TRAFFIC_SECRET 226af4786c0e5fa839e1462b8cf094d3785ceac27dcac8efaa182c461e3690ec 2815f557591e1001c006bbd5efc9ac62962cab07741834dde3280f90bbd5f689
CLIENT_TRAFFIC_SECRET_0 a3e9a2e33cc1851e3a2a810158165a0dc6e2708dafe8f18ba4bcaab62d112d0b 45abc3a54e73f76a6c7c5c89372d36bdf2b8ee6f3033b092c2473de4af7fe9e9
SERVER_TRAFFIC_SECRET_0 a3e9a2e33cc1851e3a2a810158165a0dc6e2708dafe8f18ba4bcaab62d112d0b 60ce63d205f0cf2e3808c4bf074109a05ccec921016e4256da988d6e646242ad
EXPORTER_SECRET a3e9a2e33cc1851e3a2a810158165a0dc6e2708dafe8f18ba4bcaab62d112d0b e9ff9741ed8d94f57671e9ea65be6a0f9ac6ad401ef8cd315a511769b5d164ef
CLIENT_TRAFFIC_SECRET_0 0aca0f5aa833af92cb56395213c03298c0985c0adc61a63ab9e0d00d39d9f47e 90ed189390ee098a207d950b42cf16743a0dd766422a869c79eef082418655bf
SERVER_TRAFFIC_SECRET_0 0aca0f5aa833af92cb56395213c03298c0985c0adc61a63ab9e0d00d39d9f47e 0dd14a0359d0d1f37c0542ded6b33ad7acc3d2e3ca0d0b70f8f71d4e3f0a80ab
EXPORTER_SECRET 0aca0f5aa833af92cb56395213c03298c0985c0adc61a63ab9e0d00d39d9f47e 0d1f0481eda368b0e13aa2b3f4efd6be898e677871142efc4f4122b69abf545f
CLIENT_HANDSHAKE_TRAFFIC_SECRET c646a795500a7a9046470bbe693874f1358e0e38da6cbc45e861e3d9a835b734 d73ded0b52f542f0b77bf7ae45b9aeafe3d9da0b40b218ef34de96d838be028b
SERVER_HANDSHAKE_TRAFFIC_SECRET c646a795500a7a9046470bbe693874f1358e0e38da6cbc45e861e3d9a835b734 71ea5ed0a64b1af6d4a73e2de9ed84cdc631c4467f87778ad5e35ce82b9a1452
CLIENT_HANDSHAKE_TRAFFIC_SECRET 96811059ad413eab5cf886cc1bc8cac497b718661d9a70140f13b8b08a667630 c726289efba63256e45b4eac2c56ce2cabca21623ac7e49004c410c5399f9aca
SERVER_HANDSHAKE_TRAFFIC_SECRET 96811059ad413eab5cf886cc1bc8cac497b718661d9a70140f13b8b08a667630 bc88226ce948c8ffe99efb8d83f3eeaa23a9fc4831b6f4b88bfc9d4a7682341b
CLIENT_HANDSHAKE_TRAFFIC_SECRET 3ca4616d3ac0b75e6dab4a184765186606236e1e6ad37c1af6869a9b3b7316b4 1800236d5be879b837c9664f68c1b7b51cd8ddf6bc296e3ae4a8643e7bd7c430
SERVER_HANDSHAKE_TRAFFIC_SECRET 3ca4616d3ac0b75e6dab4a184765186606236e1e6ad37c1af6869a9b3b7316b4 9bcbefcb36e792fda1ef7ffa2f64bba7b340b7d7a0373d8210b90781fd385459
CLIENT_TRAFFIC_SECRET_0 3b80f4d85ef7ad5c0374f3dd1882144239c9656addc3ba9cd9602f07f9c5bb11 dab75d89c1426f39749afcf5d2ae145a58a26948e616005759d9ac190f662f70
SERVER_TRAFFIC_SECRET_0 3b80f4d85ef7ad5c0374f3dd1882144239c9656addc3ba9cd9602f07f9c5bb11 ff52860ddad375d69662699c17a81264c89fc9e29edde0d530a34c17dc82b661
EXPORTER_SECRET 3b80f4d85ef7ad5c0374f3dd1882144239c9656addc3ba9cd9602f07f9c5bb11 dd5730671036146d411e469d3e2f156f8d3f8033accdb1e482c9e225cab357b5
CLIENT_TRAFFIC_SECRET_0 b10c73a94ec780c3c415829585f95539e2d10aa22ebf5b6123127b4d7125eef9 62a3988d764da39101f8ed8778f1819785921350cf1539042603db87f9f940c4
SERVER_TRAFFIC_SECRET_0 b10c73a94ec780c3c415829585f95539e2d10aa22ebf5b6123127b4d7125eef9 9704763292eef2c7783509a68bf57ea2b44a011825e5faa6043b15c61f69723f
CLIENT_TRAFFIC_SECRET_0 d9defcda806e761784b9202cbfa99f54047a174dc8eaa6dd5b7ad499d27cc24f c5a57d981b3e766d791fd8a2520894d0babab1439cf3bc9c42a7d06c6f555b5c
EXPORTER_SECRET b10c73a94ec780c3c415829585f95539e2d10aa22ebf5b6123127b4d7125eef9 980d2e66bce4d487ab7467db24ec933f88133b16d8a1b18f9450b9db52919285
SERVER_TRAFFIC_SECRET_0 d9defcda806e761784b9202cbfa99f54047a174dc8eaa6dd5b7ad499d27cc24f 58a262e7749de259092ad8715fdf46086879285ff54eab90241ab12fa916484a
EXPORTER_SECRET d9defcda806e761784b9202cbfa99f54047a174dc8eaa6dd5b7ad499d27cc24f d0163c7867ea4d25d6cc8a01ca15b2a0bb7640432ad312661f9a7ff36a12dd7c
CLIENT_HANDSHAKE_TRAFFIC_SECRET f792ac170366b43e7d828294c2bec3b3ff26ec37dd6dc451fc06cb2375d7a410 28ff2688b0322fb4c797c52466f1d87d7c92a85873655344abf9a66e3190efeb
SERVER_HANDSHAKE_TRAFFIC_SECRET f792ac170366b43e7d828294c2bec3b3ff26ec37dd6dc451fc06cb2375d7a410 dcd2229291c529b4deada56682f61e42cc160c88ce6902e3ca2055191d949740
CLIENT_TRAFFIC_SECRET_0 c6ed90ee502527d16f1f2e6a59796e912217abee45784404580356c40a23a1bc 2ef8d48860d73501f69bbcecc1b8fbed6a3c0a446c023614e48c7b9c6d082825
SERVER_TRAFFIC_SECRET_0 c6ed90ee502527d16f1f2e6a59796e912217abee45784404580356c40a23a1bc 8ce708e97b9f04ed27e0653220ded7ab548a843703e8c7b516e6ed5e412023d3
EXPORTER_SECRET c6ed90ee502527d16f1f2e6a59796e912217abee45784404580356c40a23a1bc a94a5419db865069b6f17ddf93f26340d80b9530c7864a8202a8976d22ecd1f4
CLIENT_TRAFFIC_SECRET_0 226af4786c0e5fa839e1462b8cf094d3785ceac27dcac8efaa182c461e3690ec ee5a985dfb6304d11644b3579d3082fc2c1c24c3e42f1a659fb20496a6006a9e
SERVER_TRAFFIC_SECRET_0 226af4786c0e5fa839e1462b8cf094d3785ceac27dcac8efaa182c461e3690ec 8c439014f13394bffce9a87a6d6635f73bb413112c96019de4e6909e8c0074de
EXPORTER_SECRET 226af4786c0e5fa839e1462b8cf094d3785ceac27dcac8efaa182c461e3690ec 5a96cb2499069385457c76b276087b49b59432e552a187088e491d92172721f0
CLIENT_TRAFFIC_SECRET_0 c646a795500a7a9046470bbe693874f1358e0e38da6cbc45e861e3d9a835b734 cb341742d79c0ed5f5d1a2ef97dc6f272ab5d36a2b1f768ba2e864e35e631b24
SERVER_TRAFFIC_SECRET_0 c646a795500a7a9046470bbe693874f1358e0e38da6cbc45e861e3d9a835b734 48f831206bdcad6de3e885257747ec17fe53c98fa7b86b0a913ba8f5c11145ba
EXPORTER_SECRET c646a795500a7a9046470bbe693874f1358e0e38da6cbc45e861e3d9a835b734 5ec17c02f241aac9ea2a36d07545fe8cc06230b806faf55e84491402dbfad065
CLIENT_TRAFFIC_SECRET_0 96811059ad413eab5cf886cc1bc8cac497b718661d9a70140f13b8b08a667630 c6ea77b698e6005e6a9fe0a89fc68bb16cbbbdfd1fc9c929f5579a8224edacfa
SERVER_TRAFFIC_SECRET_0 96811059ad413eab5cf886cc1bc8cac497b718661d9a70140f13b8b08a667630 eff0093ca7e3b67333ce1cacd3421d872a3f7346abcd3fcc5ee9ee0d760e5cf8
EXPORTER_SECRET 96811059ad413eab5cf886cc1bc8cac497b718661d9a70140f13b8b08a667630 47a47c60257b1d05c083a3c155062e9a2daad8d73e049064efb19b0e6ac90287
CLIENT_TRAFFIC_SECRET_0 3ca4616d3ac0b75e6dab4a184765186606236e1e6ad37c1af6869a9b3b7316b4 7fbf4e9e025c2c1148ba7f4e5caf1e4c667c38c7970a7fa6ccfd7410ff546f6d
SERVER_TRAFFIC_SECRET_0 3ca4616d3ac0b75e6dab4a184765186606236e1e6ad37c1af6869a9b3b7316b4 ae60e5cbf70768e2053fc5052fba1ecab72c52c8a33b14f2612aa230bd269788
EXPORTER_SECRET 3ca4616d3ac0b75e6dab4a184765186606236e1e6ad37c1af6869a9b3b7316b4 a6c75e0d15884be58bb8cc52eee8d138ebbe3f44349a52840a63df51bb2d02d4
CLIENT_TRAFFIC_SECRET_0 f792ac170366b43e7d828294c2bec3b3ff26ec37dd6dc451fc06cb2375d7a410 2c643ef99ee0775b17b67d95c4fc2e1fa7fadfcfee7df4fe5b904b6094c7ccd7
SERVER_TRAFFIC_SECRET_0 f792ac170366b43e7d828294c2bec3b3ff26ec37dd6dc451fc06cb2375d7a410 76aa5287ed11340330022f06684299c56b1d6deeb1b295a3c65874407196f2db
EXPORTER_SECRET f792ac170366b43e7d828294c2bec3b3ff26ec37dd6dc451fc06cb2375d7a410 8937d90050d47599682f1f4b19b18908ad8ffd7b608c88102082fb4bfd535836
CLIENT_HANDSHAKE_TRAFFIC_SECRET cc66ac6e67a946123f10d3824b8d36c25618dbf6994f66851ff90a2ffe7735bf 50bb6a2f21b44abb73960e836d8747ff19b3ae88e5f55b0f4db4b340c26aca91
SERVER_HANDSHAKE_TRAFFIC_SECRET cc66ac6e67a946123f10d3824b8d36c25618dbf6994f66851ff90a2ffe7735bf bff4e88317749fce1aa00f14eb3420cb676f0a97b3a11c77e36440242c7c9b50
CLIENT_TRAFFIC_SECRET_0 cc66ac6e67a946123f10d3824b8d36c25618dbf6994f66851ff90a2ffe7735bf 01e1cddcc31bb977d29b98adcaba597b1a21534292edbdcec1c120543495e198
SERVER_TRAFFIC_SECRET_0 cc66ac6e67a946123f10d3824b8d36c25618dbf6994f66851ff90a2ffe7735bf 3504ae61fb56f8a751c7820964b55be486efdbb6b33d533e732ced55541e71f0
EXPORTER_SECRET cc66ac6e67a946123f10d3824b8d36c25618dbf6994f66851ff90a2ffe7735bf c5971ef11a65d64445925a469517284217cdb00764a4246717759c473570fe92
