CLIENT_HANDSHAKE_TRAFFIC_SECRET 9fbb3b19a85987f730c43d0ae5835e2af5497cce382a1d1664c474ad4bb6fd49 e5ec587c60780f0e12da90206505a2f637c968bcd8a39bec84795342f1558036
SERVER_HANDSHAKE_TRAFFIC_SECRET 9fbb3b19a85987f730c43d0ae5835e2af5497cce382a1d1664c474ad4bb6fd49 0284f0b452766fa972dd40e8ae508e85ab73cd7d880d1cc80c6aba596f56034e
CLIENT_TRAFFIC_SECRET_0 9fbb3b19a85987f730c43d0ae5835e2af5497cce382a1d1664c474ad4bb6fd49 87603bc17ecaa561e675cc86072455a0d582396b27783c75be242ba5df40bc5d
SERVER_TRAFFIC_SECRET_0 9fbb3b19a85987f730c43d0ae5835e2af5497cce382a1d1664c474ad4bb6fd49 e319970bc309ee33b23f890d53069d5fdabdba82f1c3af30665dc934616af973
EXPORTER_SECRET 9fbb3b19a85987f730c43d0ae5835e2af5497cce382a1d1664c474ad4bb6fd49 8f8a5f8fe9ec473009dfae825ca99b88cf5197eff101db3067adb70b899f9dba
CLIENT_HANDSHAKE_TRAFFIC_SECRET 543a12a9990069ac84c58716943397aa5c63655170bdbafef77ace44959a2efd c4e5b395e88824f8dd0ac1e191db245c86c182d5f2b2867178d5cf6315d2a739
SERVER_HANDSHAKE_TRAFFIC_SECRET 543a12a9990069ac84c58716943397aa5c63655170bdbafef77ace44959a2efd 2174118736f6bd3b9aac851a1a5418d42a76d8146cd099bc1cb36dc4cf3c4192
CLIENT_HANDSHAKE_TRAFFIC_SECRET 1612ac3fd1ae52e7007d40e842abeabdb32ba119354ad30ce0ecd300877aee47 3e14fae9e91c6525de2d1ce60eb992a731cd85b0429100d22baed7efa9806f8c
SERVER_HANDSHAKE_TRAFFIC_SECRET 1612ac3fd1ae52e7007d40e842abeabdb32ba119354ad30ce0ecd300877aee47 6455fdd3cda6ef42f4610d58a8ec5ab244fa5faf8b7c367fbfe1fc6f9763df3f
CLIENT_HANDSHAKE_TRAFFIC_SECRET 398960ccde4439d58724bed2e97998ba8924d76357e8542359e6679c592a01e6 89e1fea7741341aecb19423bf733c88d795656d7cad45f37b45a31c1b43f21fa
SERVER_HANDSHAKE_TRAFFIC_SECRET 398960ccde4439d58724bed2e97998ba8924d76357e8542359e6679c592a01e6 4b106d7a6b301cb1ce082a2d17058f4fcd3ebcff40d60e744f7e278ac5578504
CLIENT_HANDSHAKE_TRAFFIC_SECRET 6ff316970b37ee92f84a43157c7e2acce54663497a2d3ccc268caf34281b8dbc 3027f392f78103b5941d94a37a63375cd83b26f79e11f4e4d09bbbd6d79dc6d5
SERVER_HANDSHAKE_TRAFFIC_SECRET 6ff316970b37ee92f84a43157c7e2acce54663497a2d3ccc268caf34281b8dbc b84a43afeef8dca83f6ef9b6c53775b0d72790c921a1cf26eba8caf32ea72e53
CLIENT_HANDSHAKE_TRAFFIC_SECRET 1bb51d9ab5c07614634a05465422e92889df69fad15623eff50d3e3e618aa681 2211cc1a89ca55aea2a41b9fabda049d2037671f1813421f132f4fc0e9221054
SERVER_HANDSHAKE_TRAFFIC_SECRET 1bb51d9ab5c07614634a05465422e92889df69fad15623eff50d3e3e618aa681 b0384514d89b69ab9212d300db208fea6a354d30ef2a95e8f3f72b378fdffdc4
CLIENT_HANDSHAKE_TRAFFIC_SECRET a7fba2ee83a29ccd4c0ef0dbec451eda6a2dc693c52db12d77c30d15ca4de9bc 297f6d2e9f2b43d580ffe5a70d5a804aa0e7f75178cc1342648cde8d0fbdc994
SERVER_HANDSHAKE_TRAFFIC_SECRET a7fba2ee83a29ccd4c0ef0dbec451eda6a2dc693c52db12d77c30d15ca4de9bc c475530c0eaaf8c109236140ec8c320d4dddba823bac16b4f257e1f0662dcbcb
CLIENT_HANDSHAKE_TRAFFIC_SECRET 6b579347b6209b46468d8e58d4c77340ef9af9516eec4cd4c03851bbd3439fc2 571cca652880e0cac02c234bf3fb228825de83ee12b9b6b8bc000fecf1dba003
SERVER_HANDSHAKE_TRAFFIC_SECRET 6b579347b6209b46468d8e58d4c77340ef9af9516eec4cd4c03851bbd3439fc2 5888e8dc30ee31de34f5e62d14052973ecbbd274c6aee583de5e3836db5d34c5
CLIENT_HANDSHAKE_TRAFFIC_SECRET 5dccff0158f47933428339f0b83e4f5090b3287a814187af6269f3e865bda517 ab73c6126b99f57fdd3573eec31fe84ce08e97e34ac571b3293a3a6fd171f7a8
SERVER_HANDSHAKE_TRAFFIC_SECRET 5dccff0158f47933428339f0b83e4f5090b3287a814187af6269f3e865bda517 bc73a12be045cb7c660f45ae713174393cf93982823f05ca61c2d2569f91f254
CLIENT_HANDSHAKE_TRAFFIC_SECRET cacf148ec5df7520693eb86b75eb18d005ad2e83b63aa4c193fff27066163942 dfa2a2daa73f0792735fdec4eaf0648dd57d6b08e82a15f7eb2090f5513bede9
SERVER_HANDSHAKE_TRAFFIC_SECRET cacf148ec5df7520693eb86b75eb18d005ad2e83b63aa4c193fff27066163942 18a848a90593a19222516619a377e91974eb94cf89204378680f7959dd968e98
CLIENT_TRAFFIC_SECRET_0 543a12a9990069ac84c58716943397aa5c63655170bdbafef77ace44959a2efd 6690db73683318f4b5f0b157fe767a87386a8de8d97be525b99c187a8d2dd46b
SERVER_TRAFFIC_SECRET_0 543a12a9990069ac84c58716943397aa5c63655170bdbafef77ace44959a2efd 5431d7b7710aece193afcd44673f546330976f457faff3b07f9fd38eef545fd3
EXPORTER_SECRET 543a12a9990069ac84c58716943397aa5c63655170bdbafef77ace44959a2efd 0a95feb410babfc3a2953b5e548ba41e1d178ec19d35d94257f3cd767a60356a
CLIENT_TRAFFIC_SECRET_0 1612ac3fd1ae52e7007d40e842abeabdb32ba119354ad30ce0ecd300877aee47 e596cc28c913e660d2625ce5f9c2639f596b3e1c21c7950ae9dcc19bd59577c7
SERVER_TRAFFIC_SECRET_0 1612ac3fd1ae52e7007d40e842abeabdb32ba119354ad30ce0ecd300877aee47 cb89b25d7ec2a91f92ee80e0ccce134f787aae65b1afe4d40559a8c494646a0d
EXPORTER_SECRET 1612ac3fd1ae52e7007d40e842abeabdb32ba119354ad30ce0ecd300877aee47 229c47128216e77957b6bc7c29e4764436cfa2620170b56b4e97436cd5200a1e
CLIENT_TRAFFIC_SECRET_0 398960ccde4439d58724bed2e97998ba8924d76357e8542359e6679c592a01e6 f13a477bdcb33b7de72a171b6b8e8ce60639aebafd42e2076e1a828858b2f41e
SERVER_TRAFFIC_SECRET_0 398960ccde4439d58724bed2e97998ba8924d76357e8542359e6679c592a01e6 f579a2e42dcbfd002b4dd05e7667c801de481241bb2713009d88980305f8cb9f
EXPORTER_SECRET 398960ccde4439d58724bed2e97998ba8924d76357e8542359e6679c592a01e6 3041d07bcdf784558a711fba63ea47dbcdee1b3b72d5bfb179f60a0ea52a31a1
CLIENT_TRAFFIC_SECRET_0 6ff316970b37ee92f84a43157c7e2acce54663497a2d3ccc268caf34281b8dbc 2b8c4d8e10fab2deb7f2f6764607aa76d89536d4894b13a993f6d5c571103d78
SERVER_TRAFFIC_SECRET_0 6ff316970b37ee92f84a43157c7e2acce54663497a2d3ccc268caf34281b8dbc df58da49615faae8b93a42b9b0ac85f65423679e4c1318bb102b36ecfc7d7eb9
EXPORTER_SECRET 6ff316970b37ee92f84a43157c7e2acce54663497a2d3ccc268caf34281b8dbc 9a29b0ad64f6a979ced7004be81d6f78c3551fc7f5f95ca0f3e9f5242dbf73a0
CLIENT_TRAFFIC_SECRET_0 1bb51d9ab5c07614634a05465422e92889df69fad15623eff50d3e3e618aa681 5f6d1c2bb9d3ee28746e45bcab6f77d55993004383d8627b0836495857bbf840
CLIENT_TRAFFIC_SECRET_0 a7fba2ee83a29ccd4c0ef0dbec451eda6a2dc693c52db12d77c30d15ca4de9bc 6507c596974602827785d2d928430209b61f72c3d38f8921179ec74f11003e46
SERVER_TRAFFIC_SECRET_0 1bb51d9ab5c07614634a05465422e92889df69fad15623eff50d3e3e618aa681 761af71ecd46f63909e7f530daf17538ae8f9b945db713c8e4034cbfec221c39
SERVER_TRAFFIC_SECRET_0 a7fba2ee83a29ccd4c0ef0dbec451eda6a2dc693c52db12d77c30d15ca4de9bc 013950921d95f02e3f07e5b2600dcdfaf3cc88dc53768211985aa4ee2617d412
EXPORTER_SECRET 1bb51d9ab5c07614634a05465422e92889df69fad15623eff50d3e3e618aa681 5ccce4c5a62e263fef2325fa1b26f7f5548451ace4bcc16221169037c39bac93
EXPORTER_SECRET a7fba2ee83a29ccd4c0ef0dbec451eda6a2dc693c52db12d77c30d15ca4de9bc 4e4a971ab810ebecb717deaea39f860a18ab868b3010a2ba29916eb5f03e4f7a
CLIENT_TRAFFIC_SECRET_0 6b579347b6209b46468d8e58d4c77340ef9af9516eec4cd4c03851bbd3439fc2 a8159c15d1cb2abf42f2348df4d1f15195b0b0a4f8462b2efa09f2bb0fc9cb23
SERVER_TRAFFIC_SECRET_0 6b579347b6209b46468d8e58d4c77340ef9af9516eec4cd4c03851bbd3439fc2 f7b3d805c6ccbff046bd5543b902f0d11eb08ada8b9253cbc5909d6c64bcddbe
EXPORTER_SECRET 6b579347b6209b46468d8e58d4c77340ef9af9516eec4cd4c03851bbd3439fc2 b5d4329799e79a496bb3dc163fa0f2a1c83123a17fc4357a35a2b3149e0a54fb
CLIENT_TRAFFIC_SECRET_0 5dccff0158f47933428339f0b83e4f5090b3287a814187af6269f3e865bda517 8752efd4ceeea69c6455de0014ce6bc00a520a6eaf226ae29b626878c6b6728a
SERVER_TRAFFIC_SECRET_0 5dccff0158f47933428339f0b83e4f5090b3287a814187af6269f3e865bda517 31e81717df69bc2dc4ff2e1e44382f8b2791c1603a68d9a8562fad5013eae730
EXPORTER_SECRET 5dccff0158f47933428339f0b83e4f5090b3287a814187af6269f3e865bda517 b42f7d493cf1825f1cf8caa57f64d40c2a374558d5f9d119ce82ab4dfa973bec
CLIENT_TRAFFIC_SECRET_0 cacf148ec5df7520693eb86b75eb18d005ad2e83b63aa4c193fff27066163942 4f76e0aa794363938ad24fcbb05329be415a158ee35c425866a217bd87828bd6
SERVER_TRAFFIC_SECRET_0 cacf148ec5df7520693eb86b75eb18d005ad2e83b63aa4c193fff27066163942 1f5abd9146857fd13b28073a5a560d90fdc98cb4d3a16e09c8b19195643d9c98
EXPORTER_SECRET cacf148ec5df7520693eb86b75eb18d005ad2e83b63aa4c193fff27066163942 c6015e78a8c024ff19de16d5882f1061553c2c8d0799271d41affb7f71a38bfa
