CLIENT_HANDSHAKE_TRAFFIC_SECRET 722acece5cfc9144f1377470a64d755bb8e32cc858d88f3d450769d7ce459621 23e9ac0e6e10e9444908516bdfeb1cc293c73ed4f9aba0e0e2f9af44477dcc06
SERVER_HANDSHAKE_TRAFFIC_SECRET 722acece5cfc9144f1377470a64d755bb8e32cc858d88f3d450769d7ce459621 13057cfb67461dea18da38bf43b7e9412c1ddc4f50b8a900d5a26d36f930fbc5
CLIENT_TRAFFIC_SECRET_0 722acece5cfc9144f1377470a64d755bb8e32cc858d88f3d450769d7ce459621 020a9522650e3d9d05e735371144fe82f35b2476dd5456ddfda96cde8678ac3f
SERVER_TRAFFIC_SECRET_0 722acece5cfc9144f1377470a64d755bb8e32cc858d88f3d450769d7ce459621 4ce186b37e5b717927e6d1e47cf75ff51379590d8bf45bf0f00f52feeb63eebd
EXPORTER_SECRET 722acece5cfc9144f1377470a64d755bb8e32cc858d88f3d450769d7ce459621 58d8188a52a9cdbd8f534c2d7c53d0c0ac4cd33b86cc35ceab5adbfebd1697e2
CLIENT_HANDSHAKE_TRAFFIC_SECRET 4343ac76ad794688a4dc061bbc8b0ad7b2554758a035eb9370ccdf54ab4d1fc4 fa1f4196966f3edcc1711db16f1c17736413bfc6c0b4f5d47cb936d4996034bf
SERVER_HANDSHAKE_TRAFFIC_SECRET 4343ac76ad794688a4dc061bbc8b0ad7b2554758a035eb9370ccdf54ab4d1fc4 256b429ee8e9d10499c6f19ff9cad2d47e63753a6bcc6b9c8090059d47df0575
CLIENT_HANDSHAKE_TRAFFIC_SECRET 733f107ce5e6b47570b4b918dcd6e6756063495c6e58046b604f2f78d0425e42 f16551808fc261dd7eba66eb75642e035e400f5faaf45e5e19a69229268b0b3d
SERVER_HANDSHAKE_TRAFFIC_SECRET 733f107ce5e6b47570b4b918dcd6e6756063495c6e58046b604f2f78d0425e42 94e0fd2d6fcddf71e914e1436939e66512bc8bcb69d1ec2dd5806052bdf83e74
CLIENT_TRAFFIC_SECRET_0 4343ac76ad794688a4dc061bbc8b0ad7b2554758a035eb9370ccdf54ab4d1fc4 ba9c1a347e8835db70debdbd0fd0789ed7de4c6cd8158a6c5117e3581c1ba975
SERVER_TRAFFIC_SECRET_0 4343ac76ad794688a4dc061bbc8b0ad7b2554758a035eb9370ccdf54ab4d1fc4 c80e6802e16da788735823dbf2431828a7580253a7b04642de9915d76f7d3f02
EXPORTER_SECRET 4343ac76ad794688a4dc061bbc8b0ad7b2554758a035eb9370ccdf54ab4d1fc4 946f3cc6fc10c380f72b6e21d391c3cd083a7f2efda5d4b10a2ac5f164fca990
CLIENT_TRAFFIC_SECRET_0 733f107ce5e6b47570b4b918dcd6e6756063495c6e58046b604f2f78d0425e42 b566636026213b469f4c3ed117e93e37e84195ffe1bf3fd8d6e68fe11000f021
SERVER_TRAFFIC_SECRET_0 733f107ce5e6b47570b4b918dcd6e6756063495c6e58046b604f2f78d0425e42 589243333ca2be6ac78a57f5625a67957599db69f7387365738008567385a5c1
EXPORTER_SECRET 733f107ce5e6b47570b4b918dcd6e6756063495c6e58046b604f2f78d0425e42 cb9b46a64e2d5d1a7e945ecf9e2a7802acf2dd0127766e2923987eebe635fab2
CLIENT_HANDSHAKE_TRAFFIC_SECRET 06a0ef4b3f3d6a4517d34f64d315e111f97152db88d24c467cbacaf87ed4da82 e1e875112331017ef2267b9d0f806bb829b5e1c854d3667541ff675c4c0e810b
SERVER_HANDSHAKE_TRAFFIC_SECRET 06a0ef4b3f3d6a4517d34f64d315e111f97152db88d24c467cbacaf87ed4da82 4b8cf92be67b9e3778878d9c4f71052d415f0b1009af2d0d1051ddd3f9612b02
CLIENT_HANDSHAKE_TRAFFIC_SECRET bea8843d8f07e83048e01d1e03a9a0e22ead9e14a299b4c53617fcf2ad04f92d b43cd24d46935c1562d3cddc451d0eed8f957df3c0c38e6538e7557d75b51543
SERVER_HANDSHAKE_TRAFFIC_SECRET bea8843d8f07e83048e01d1e03a9a0e22ead9e14a299b4c53617fcf2ad04f92d 439d8af3465264535532ba829b079fab5dc276392fc37a2e9b426d2d93ea58b6
CLIENT_TRAFFIC_SECRET_0 06a0ef4b3f3d6a4517d34f64d315e111f97152db88d24c467cbacaf87ed4da82 9d75a1bf61761db174fbbf7a2c38f1d0c8001bb20672a4e78a364e29b535b604
SERVER_TRAFFIC_SECRET_0 06a0ef4b3f3d6a4517d34f64d315e111f97152db88d24c467cbacaf87ed4da82 527a3525fcb8b9dc53a7e440a6381c7217b3f0a37c93fd74b7d9587ab5f57c84
EXPORTER_SECRET 06a0ef4b3f3d6a4517d34f64d315e111f97152db88d24c467cbacaf87ed4da82 8108e7fdcb906e41946094b70c9c349c6c0fdd66796f95a32e6ac2a8526caf9a
CLIENT_HANDSHAKE_TRAFFIC_SECRET 61019a64a0226e5aa29288279986d8f3c93618c87ea72a33ba8fdd31433d670c a8d197a131594fddb4903dc8d0a18aea01810b07316411e95e2df06bec2951f3
SERVER_HANDSHAKE_TRAFFIC_SECRET 61019a64a0226e5aa29288279986d8f3c93618c87ea72a33ba8fdd31433d670c 5380736238e8346d7da94dc0f8d1cdfa738a16babb3e8fe3c23638f8cc229f20
CLIENT_TRAFFIC_SECRET_0 bea8843d8f07e83048e01d1e03a9a0e22ead9e14a299b4c53617fcf2ad04f92d 879693fd9e7de3578b3c087eb946529c83c5f1ad7732e010d80ff4e78c38f6a7
SERVER_TRAFFIC_SECRET_0 bea8843d8f07e83048e01d1e03a9a0e22ead9e14a299b4c53617fcf2ad04f92d ad0a03ec2aa7170619501d82dd50de058b7bed8a59aa65cb29c78229f3502bfe
EXPORTER_SECRET bea8843d8f07e83048e01d1e03a9a0e22ead9e14a299b4c53617fcf2ad04f92d 695b02ed9fe284dbbb0180dc1211ac2157e5f66406c355a077817d8b7afae370
CLIENT_TRAFFIC_SECRET_0 61019a64a0226e5aa29288279986d8f3c93618c87ea72a33ba8fdd31433d670c 6032ee1d5ab4ffc0db9c9194c47ab3e307c69d5141d20ed74dc71c9a720bfc13
SERVER_TRAFFIC_SECRET_0 61019a64a0226e5aa29288279986d8f3c93618c87ea72a33ba8fdd31433d670c 53d6ef128e00b756497a1a09b611f8a7da0d9050ed6f98b6f0dae754b8d60007
EXPORTER_SECRET 61019a64a0226e5aa29288279986d8f3c93618c87ea72a33ba8fdd31433d670c 36fccf8bc055a9f70f379b228c4d134ccf4c7c663ce4228a82e22f2ad744f7ea
CLIENT_HANDSHAKE_TRAFFIC_SECRET 7ddd7097925750d9d914eb1717e2b681e1dfa8cc2089c80f6497e461cd2d2891 d4fc8b9c8e2e5681a1c112af503ad2be744f50b0caca9eed2225a214cc06cbee
SERVER_HANDSHAKE_TRAFFIC_SECRET 7ddd7097925750d9d914eb1717e2b681e1dfa8cc2089c80f6497e461cd2d2891 9c91230472ab37894622f16c914910bcc156f91679848aaa70c830ee64842278
CLIENT_TRAFFIC_SECRET_0 7ddd7097925750d9d914eb1717e2b681e1dfa8cc2089c80f6497e461cd2d2891 b22033d109e546e2337943f21fb4e231d80966b2196a8932c4c78c58dc5c6ed4
SERVER_TRAFFIC_SECRET_0 7ddd7097925750d9d914eb1717e2b681e1dfa8cc2089c80f6497e461cd2d2891 2b1cb22485c5e8f50179ef4c459031803c44452c583e250a437e596fb56f771d
EXPORTER_SECRET 7ddd7097925750d9d914eb1717e2b681e1dfa8cc2089c80f6497e461cd2d2891 352c84450ba45303941288195b10dd7cd5d074d7085afa7aba2adf3429994998
CLIENT_HANDSHAKE_TRAFFIC_SECRET 687387e6dd0fb69d95dd9600e21e82af8b70ea257d1dab1c830f60e1539ef8b4 c5b295f3f2ad41ba8ee6e403cc470cb4a6dcc30cefb7664e8fee248cf05a9d9f
SERVER_HANDSHAKE_TRAFFIC_SECRET 687387e6dd0fb69d95dd9600e21e82af8b70ea257d1dab1c830f60e1539ef8b4 2539c323226bb111fe611b8ff61f95faace124f2201001230514ec2323e9feb7
CLIENT_TRAFFIC_SECRET_0 687387e6dd0fb69d95dd9600e21e82af8b70ea257d1dab1c830f60e1539ef8b4 17a484f33f511ce03ac7db77e20d46df625b74d71990e3414c3fe1367e18be47
SERVER_TRAFFIC_SECRET_0 687387e6dd0fb69d95dd9600e21e82af8b70ea257d1dab1c830f60e1539ef8b4 019322b424a2241209fc6d84df540700f7e3aeab18570e01d65d5d1e03e5a9d2
EXPORTER_SECRET 687387e6dd0fb69d95dd9600e21e82af8b70ea257d1dab1c830f60e1539ef8b4 0f1543294ce7b1cf774d27e54bf597a2e215f0acad4763a5507891db8f93c058
