CLIENT_HANDSHAKE_TRAFFIC_SECRET 589060dc66f148ee439aad845240303bc8be4b8c25e8c55a59a348cfabd1930d baa3c953d6879acba5567684d295410af3dc66d394e8fedc51d40bd1ee017543
SERVER_HANDSHAKE_TRAFFIC_SECRET 589060dc66f148ee439aad845240303bc8be4b8c25e8c55a59a348cfabd1930d 693c1160d1e26a74121a25e02196c8e8eb9ecb00e96e030261b3bde35a65ad04
CLIENT_TRAFFIC_SECRET_0 589060dc66f148ee439aad845240303bc8be4b8c25e8c55a59a348cfabd1930d b7328e4873b67f32f02510d592bbc9abf6cf21dd5b79d120c12f54d682e9601c
SERVER_TRAFFIC_SECRET_0 589060dc66f148ee439aad845240303bc8be4b8c25e8c55a59a348cfabd1930d 80a09135c48a8acc7d0740fb1390bb512e37645e4349ae3a952d270b9652175f
EXPORTER_SECRET 589060dc66f148ee439aad845240303bc8be4b8c25e8c55a59a348cfabd1930d 1922c8c6baafedc62051b1a4c401604af0196b5513b92294a6d0e7e3dc77eb6c
CLIENT_HANDSHAKE_TRAFFIC_SECRET 79ff11bcac13b32c6a20ac4886446a22b8719d1b5db4c65be3818a665bb0a71b 3c15c39707064d95d1e04afaf5ab01f81457daccade4f8ef75b79625acbcda72
SERVER_HANDSHAKE_TRAFFIC_SECRET 79ff11bcac13b32c6a20ac4886446a22b8719d1b5db4c65be3818a665bb0a71b f58e62c1e395b60aa044487c69128dd75d5f18f05cad45df3001d2e1c7526862
CLIENT_HANDSHAKE_TRAFFIC_SECRET 9724d68857b77c68c601626e37aaa9548a7e934fb6a94d76aaebdcad1c4a4a01 df6197d9e6adabcd91bdd2e13e8e7506d019c70df03070f1e63be4b3c2f64270
SERVER_HANDSHAKE_TRAFFIC_SECRET 9724d68857b77c68c601626e37aaa9548a7e934fb6a94d76aaebdcad1c4a4a01 00b1f339c940eed761e0a7f1750de3d90dbb58b3aa0310c31ecab26f7c36f109
CLIENT_HANDSHAKE_TRAFFIC_SECRET 153e49df52a5cfea89dd97137e232c2be4c9e58500ac940fe3a06b1e89bc0811 0ab4f193d3280db00953e99d66a6c0c6818967560229e334eec9a9826c5f95c2
SERVER_HANDSHAKE_TRAFFIC_SECRET 153e49df52a5cfea89dd97137e232c2be4c9e58500ac940fe3a06b1e89bc0811 4cdb29c7d87f83647668a9dafabe84ac73d5c04c308385a9bf9a34c9977c0b5a
CLIENT_HANDSHAKE_TRAFFIC_SECRET b1670823099e7ffe4bf36f9e2b48d48666a55ba3afc990bb42a172d633b795f6 3de0a9ef6967bdbd887818441c09c1dc50369855e9f8c71af889c435f0b5b478
SERVER_HANDSHAKE_TRAFFIC_SECRET b1670823099e7ffe4bf36f9e2b48d48666a55ba3afc990bb42a172d633b795f6 33ed6dbceb4b287a9f7ad921a4c23a273a365d7e73f4a9fdcd7492b2ba8f3820
CLIENT_HANDSHAKE_TRAFFIC_SECRET bba289c769d2f3a6a75e299734613fdd2e6485010eba905ca9674828dbfbadbf e9587466c49e4b2ebdba348cd7afdc98b79a179ff97f181c4015df4bb657f2d9
SERVER_HANDSHAKE_TRAFFIC_SECRET bba289c769d2f3a6a75e299734613fdd2e6485010eba905ca9674828dbfbadbf 4a9bd6c239b8964e20afb586ce438db35de47eb3498d8b3bfeb4528aac265506
CLIENT_HANDSHAKE_TRAFFIC_SECRET 6d5af7a32539d4d08c57463cda277612ad4db4f8b6a0dc4d9b6c6d32dd168c88 990f27931a2a69d7bddd01800a573fbe67ff21ecf14188468b37b4aa7ab50ecb
SERVER_HANDSHAKE_TRAFFIC_SECRET 6d5af7a32539d4d08c57463cda277612ad4db4f8b6a0dc4d9b6c6d32dd168c88 65052f4505eaf45ddb8772a9f2830314e33723f814bdda38e75e24f5bbf64240
CLIENT_HANDSHAKE_TRAFFIC_SECRET 7d7b87271d42bb47a256c0cb9befab4fbd23cde691ae537cb1c52b8f6645ab89 bfe35f9057923e1ebf9a29342b04e0e149070d0236ddfcba18023ad3fd401d0a
SERVER_HANDSHAKE_TRAFFIC_SECRET 7d7b87271d42bb47a256c0cb9befab4fbd23cde691ae537cb1c52b8f6645ab89 12911d92e5f44b0762d0f16cc939da401133b44a3477f6d944f46269905547df
CLIENT_TRAFFIC_SECRET_0 79ff11bcac13b32c6a20ac4886446a22b8719d1b5db4c65be3818a665bb0a71b 30aeb73252650922506fbcaa7176702415ec2d53a5b806e58ce1b740eadc17dc
SERVER_TRAFFIC_SECRET_0 79ff11bcac13b32c6a20ac4886446a22b8719d1b5db4c65be3818a665bb0a71b aadb12562322a23d78b0c4def8ae5a26464c1d66ce14f44e6c17f7456a901109
EXPORTER_SECRET 79ff11bcac13b32c6a20ac4886446a22b8719d1b5db4c65be3818a665bb0a71b a112618c4a93cd84bbb1358dc4d99c94c24fd9a9a68736059c4c12ba600afc5c
CLIENT_TRAFFIC_SECRET_0 9724d68857b77c68c601626e37aaa9548a7e934fb6a94d76aaebdcad1c4a4a01 8305ec25ea74225e25c3b601df4caad39b0a624f163a81da1c615c9c3638c502
SERVER_TRAFFIC_SECRET_0 9724d68857b77c68c601626e37aaa9548a7e934fb6a94d76aaebdcad1c4a4a01 3102e730c36c1b129e46816ebedea8cc55fdba0b50101322f5d213a987e6b5f3
EXPORTER_SECRET 9724d68857b77c68c601626e37aaa9548a7e934fb6a94d76aaebdcad1c4a4a01 9b722e175913a8579839eeb9b91e3f747f41ed9f2784312c5233920aabe95ccb
CLIENT_TRAFFIC_SECRET_0 153e49df52a5cfea89dd97137e232c2be4c9e58500ac940fe3a06b1e89bc0811 6c12aca290c9ca5d39b6ce3fcbbcde79cfb01cb43c63f89caa335441d8a8ec9b
SERVER_TRAFFIC_SECRET_0 153e49df52a5cfea89dd97137e232c2be4c9e58500ac940fe3a06b1e89bc0811 872f64f3de262095fee5008e7963f1f830a6aa56dbe18cc4f8a29ab46a78e8f8
EXPORTER_SECRET 153e49df52a5cfea89dd97137e232c2be4c9e58500ac940fe3a06b1e89bc0811 056ababef594d8f0f3df4b26cea46810efaaf3192f5135f0b179d4dec0769122
CLIENT_TRAFFIC_SECRET_0 bba289c769d2f3a6a75e299734613fdd2e6485010eba905ca9674828dbfbadbf e54d457dfca511f0780f9c0a414cafff2c41e0ac95c58cc310d91716d611a3f9
SERVER_TRAFFIC_SECRET_0 bba289c769d2f3a6a75e299734613fdd2e6485010eba905ca9674828dbfbadbf 2c8312395d1a87c46702bba224224c34f5e277a0240eb02d5c59a0ee337a6006
EXPORTER_SECRET bba289c769d2f3a6a75e299734613fdd2e6485010eba905ca9674828dbfbadbf cc7d477b19060ecbbb9089e429d340481c294a9ab2993e055258f05517329cf0
CLIENT_TRAFFIC_SECRET_0 b1670823099e7ffe4bf36f9e2b48d48666a55ba3afc990bb42a172d633b795f6 0b92553ba4551dec1adc8f0bd04b4ff161ab8418e8c4fcee0081964cc3fb163e
SERVER_TRAFFIC_SECRET_0 b1670823099e7ffe4bf36f9e2b48d48666a55ba3afc990bb42a172d633b795f6 a9a673c9c2a4964d77778c3f38c8080d9e2c615a3fc379c5ba21bbe3de698b7d
EXPORTER_SECRET b1670823099e7ffe4bf36f9e2b48d48666a55ba3afc990bb42a172d633b795f6 3291c45c039c94016fdb3cd70f1937c6eb90aa33b4bce7d2c2589cd71239e1a9
CLIENT_TRAFFIC_SECRET_0 6d5af7a32539d4d08c57463cda277612ad4db4f8b6a0dc4d9b6c6d32dd168c88 7983b9cb67db6f349c8598c5585cc07407d3a22bfbc108ba55df43ce48354692
SERVER_TRAFFIC_SECRET_0 6d5af7a32539d4d08c57463cda277612ad4db4f8b6a0dc4d9b6c6d32dd168c88 8c29cd8b4af404f03b7cb5ac4df7cd7fc94d9b215e4fec0f1e9170415691b28f
EXPORTER_SECRET 6d5af7a32539d4d08c57463cda277612ad4db4f8b6a0dc4d9b6c6d32dd168c88 0fda1fc46549782581e0152a4e78cd6d09b11be94fabbc7887e79361333379ab
CLIENT_TRAFFIC_SECRET_0 7d7b87271d42bb47a256c0cb9befab4fbd23cde691ae537cb1c52b8f6645ab89 b4c864751fa2c252095326e85e31a1a7cca1ff7ed601524e8a9983809256ffbe
SERVER_TRAFFIC_SECRET_0 7d7b87271d42bb47a256c0cb9befab4fbd23cde691ae537cb1c52b8f6645ab89 1cdd8d67c5d589cfbe069b5f83af4246e2cc28b708e4401724636dc0f1951664
EXPORTER_SECRET 7d7b87271d42bb47a256c0cb9befab4fbd23cde691ae537cb1c52b8f6645ab89 2f4850c1b610b01ac1c1c269f21487747d329d92d768b3e612bfc178b73c7e5f
CLIENT_HANDSHAKE_TRAFFIC_SECRET c497864a03cb49566876d35b07428ed137788933e14ec25ff700de40bc026747 91c3b7534e7642815ae7687882ce885f1d4f1cd3b4b34b098efb6dd0cdb8815f
SERVER_HANDSHAKE_TRAFFIC_SECRET c497864a03cb49566876d35b07428ed137788933e14ec25ff700de40bc026747 6bb56dd7b1aa2dc3573bed9e3505e6dc16c522aceb468f51696534e56a6a69d3
CLIENT_TRAFFIC_SECRET_0 c497864a03cb49566876d35b07428ed137788933e14ec25ff700de40bc026747 1c7aed14fe2f49ac87ded7b39c4b29ff0a5179df27fec1fb87686c1b0b829129
SERVER_TRAFFIC_SECRET_0 c497864a03cb49566876d35b07428ed137788933e14ec25ff700de40bc026747 d9ce7af57dc6981aa32253f7794c71c540d7659e695fb071ea0b39ca8d75233b
EXPORTER_SECRET c497864a03cb49566876d35b07428ed137788933e14ec25ff700de40bc026747 3749e2940adba3235db9b71219c74d2b82b473cdceab3b0c3e621d4dc003f58d
