CLIENT_HANDSHAKE_TRAFFIC_SECRET c60134087e671da16059f80a73b8742768144550b31bb6d57a556334308e7af1 923415f2c1bf4b96275770ff105465cc9c93fbff1d833cf97873d7c8fee666eb
SERVER_HANDSHAKE_TRAFFIC_SECRET c60134087e671da16059f80a73b8742768144550b31bb6d57a556334308e7af1 a4f9ca58be7f21c6e31564ded5be5585ba426fed67e3098ed5d3c2854253eea4
CLIENT_TRAFFIC_SECRET_0 c60134087e671da16059f80a73b8742768144550b31bb6d57a556334308e7af1 9422d8f55a37a9c022eb9c5c22d3cf3956141e4c0f059ba94a51ef04c6756eea
SERVER_TRAFFIC_SECRET_0 c60134087e671da16059f80a73b8742768144550b31bb6d57a556334308e7af1 30b83535ed9191e1f8071c8798617457c6e175e9c37ab23bb5fb83e12cbea7bc
EXPORTER_SECRET c60134087e671da16059f80a73b8742768144550b31bb6d57a556334308e7af1 3c40e990bc502d929354c8e9bc868639688e1619072b78004a1694ecf78b7276
CLIENT_HANDSHAKE_TRAFFIC_SECRET 88836e7e42f790d3e216f61aede5ce6fe6e8a0094cc565179c3e5e909eeff7c7 c6ddb79b341c08efcbf8089564b66718c70e863a984a009891d420cd9096da2d
SERVER_HANDSHAKE_TRAFFIC_SECRET 88836e7e42f790d3e216f61aede5ce6fe6e8a0094cc565179c3e5e909eeff7c7 66a642dc111661273db6543177f5c943844d04b619be2c3a310468526eb40cb8
CLIENT_HANDSHAKE_TRAFFIC_SECRET dbadbffd3862cee943b4fe51559f3bd2f6d7270de9aaf02cce166acc62b4a43d 6f5921a15f8ec3b78f4842f859bc6521199a32329768e6a1b0140dd240074e23
SERVER_HANDSHAKE_TRAFFIC_SECRET dbadbffd3862cee943b4fe51559f3bd2f6d7270de9aaf02cce166acc62b4a43d f01d0614829657d57fd5ec8c31b2408acedb3863eea8f4504503d5ffe2ec78f9
CLIENT_HANDSHAKE_TRAFFIC_SECRET 55bcb61a325b1249b6e489054696a72c5f259b947676496ab0b197db059ea062 22eea900f727a3f75a6fcd2d3b859bea1f1061dbb2cad391a2bc20211beb627b
SERVER_HANDSHAKE_TRAFFIC_SECRET 55bcb61a325b1249b6e489054696a72c5f259b947676496ab0b197db059ea062 7d7690296a1ccb84a300fdba12a1367cd4118b5d1f145dda70fddbce8020d6f4
CLIENT_HANDSHAKE_TRAFFIC_SECRET 7ff9160e97549ba1f71fbb6a55a0102714aa4f32215f7977bab8347f732cce3e 5978724e41f8bbfcd1c0a6606d2c6b0131582139a5d0955ba4264d179d7d925e
SERVER_HANDSHAKE_TRAFFIC_SECRET 7ff9160e97549ba1f71fbb6a55a0102714aa4f32215f7977bab8347f732cce3e 9350e3a2ef7e3df3b8bfac5951c06f621839ecf453ed1df6fa9639f22bbd8dc3
CLIENT_HANDSHAKE_TRAFFIC_SECRET d8d3567e4447d3d4cd95b93ef3fd2439630ce0c7e8b6979b945109408e72e901 3b320bb46e9c463b4a66c14c64c0f9c3e8908df1337d5d3262aa8680cd9d0395
SERVER_HANDSHAKE_TRAFFIC_SECRET d8d3567e4447d3d4cd95b93ef3fd2439630ce0c7e8b6979b945109408e72e901 19ec33b61ef9d695f327c8f7a4c5d05a182d47cddc46daa3213d1217cfc760a3
CLIENT_HANDSHAKE_TRAFFIC_SECRET 0eec809202178dc470e696e227652f4d65e0ef2afdb687e4bf1c53567438bbc1 203f18faa5527b56928abea039fc78641393a2fd1898761bdbc051ad645dc683
SERVER_HANDSHAKE_TRAFFIC_SECRET 0eec809202178dc470e696e227652f4d65e0ef2afdb687e4bf1c53567438bbc1 4c6f8e89fab1ec1850ce68c9f763f72409500f408af799b99d9938e2449bbafa
CLIENT_HANDSHAKE_TRAFFIC_SECRET 5f526e43da77e5f4639f4ac7c61d2474f1f2cf550c77fb0aa859a6eb709d3aa0 a8beedd0536b6801493886ef073920c5645897f8162ec7de2bf9e1e2a57dd63a
SERVER_HANDSHAKE_TRAFFIC_SECRET 5f526e43da77e5f4639f4ac7c61d2474f1f2cf550c77fb0aa859a6eb709d3aa0 48b05071286d92f4a857dc6b6ce750d0c0a65373dbb7bfde26460e309241555e
CLIENT_HANDSHAKE_TRAFFIC_SECRET c0b4751ce653ec927d617573cb5ae40fcd051704703ccc14ac2ff19d55d43fe6 7fc7d40f1fc086b8ef94f0f87f1df27fdd29723893c2d08ccd653468754c8602
SERVER_HANDSHAKE_TRAFFIC_SECRET c0b4751ce653ec927d617573cb5ae40fcd051704703ccc14ac2ff19d55d43fe6 47120577200b2cd11e3402bd0acbbf4a262d5227edd19ce0df718fe0659f8366
CLIENT_HANDSHAKE_TRAFFIC_SECRET 4f6deb79f23e2e6b54e67f13591aba57d06ca3cae5d8bb7aa0df920412b3ca79 d1fe9f2fcd8820ec3748a34e30e3887c60deebbf8354adfcd399ce1b0da5e344
SERVER_HANDSHAKE_TRAFFIC_SECRET 4f6deb79f23e2e6b54e67f13591aba57d06ca3cae5d8bb7aa0df920412b3ca79 460616541fb89a3c089752ecef19a699a0199e4304f8b3b3b4d15d4d510512d0
CLIENT_HANDSHAKE_TRAFFIC_SECRET f50de8f3eb10e27a612fc5a4e796e2d0edd0ad513d52e33b87012cad4c239d83 78f17bef6a651835f7ecfc99a09d1049349fbf379a7c820a2431018399e02b74
SERVER_HANDSHAKE_TRAFFIC_SECRET f50de8f3eb10e27a612fc5a4e796e2d0edd0ad513d52e33b87012cad4c239d83 2557e5d65cbf95976f394deb6550e169c02a58bab0c52eb210498f1ddd77f4c0
CLIENT_HANDSHAKE_TRAFFIC_SECRET 7c6b5e658c23219f9c00d65b4b4365d6ca76ce0cdb65c399b5f70ce965e84dc4 6a6b1868f8407d3c63103b1ad1b16bbf0d1ea99a80e58f5b701cccdafd6a938d
SERVER_HANDSHAKE_TRAFFIC_SECRET 7c6b5e658c23219f9c00d65b4b4365d6ca76ce0cdb65c399b5f70ce965e84dc4 9d42a35d8dc2ba22373e5ce0387b67b72b95807982ac23aa836f5755b38c50b1
CLIENT_TRAFFIC_SECRET_0 88836e7e42f790d3e216f61aede5ce6fe6e8a0094cc565179c3e5e909eeff7c7 a7cc7f2975db14f2a5de5b712810d953c16abcfb959a2b81422b33648958b6cb
SERVER_TRAFFIC_SECRET_0 88836e7e42f790d3e216f61aede5ce6fe6e8a0094cc565179c3e5e909eeff7c7 e005e9dce5cc933561bfd8d00e27a1a3fade5df6ad87831eb0c55b3a3595fd66
EXPORTER_SECRET 88836e7e42f790d3e216f61aede5ce6fe6e8a0094cc565179c3e5e909eeff7c7 80728cd7a8439be9e437aa64fb7ad764667a07bc398f117d0255e0ceb09a013d
CLIENT_TRAFFIC_SECRET_0 dbadbffd3862cee943b4fe51559f3bd2f6d7270de9aaf02cce166acc62b4a43d 2c247be270690ecb0ffb53b469828185706144213023e82f25565d03b8906067
SERVER_TRAFFIC_SECRET_0 dbadbffd3862cee943b4fe51559f3bd2f6d7270de9aaf02cce166acc62b4a43d dccbe755f589bed1f0fc3ff65cfac9ddc40108efacda8f16a0750aa00bfb9061
EXPORTER_SECRET dbadbffd3862cee943b4fe51559f3bd2f6d7270de9aaf02cce166acc62b4a43d 45e0ccfd659eb9147e6b177c44ccea7253da0629889fce8393d961754f857c32
CLIENT_TRAFFIC_SECRET_0 55bcb61a325b1249b6e489054696a72c5f259b947676496ab0b197db059ea062 783afcfa024e34b0e272f211e6f725ccbb76c8ac0a41d160612c8f0b652d8c2c
SERVER_TRAFFIC_SECRET_0 55bcb61a325b1249b6e489054696a72c5f259b947676496ab0b197db059ea062 497888d783ec7e21ebb30feeeaea19c0e9be3f266020fcbac95db4875073a64c
EXPORTER_SECRET 55bcb61a325b1249b6e489054696a72c5f259b947676496ab0b197db059ea062 5704e047333d6834738999488ff7b1111816a5eabdd7c1b00ce986e20945360b
CLIENT_HANDSHAKE_TRAFFIC_SECRET ba89dbe9ba0f848ce5ef8b57ebf2e52c0939b1380cee5bc31c5b8d7931d748b1 883a5156cc2641a44996fb3e2083054ed1446827eb157bf8cdce51ca2450354b
CLIENT_TRAFFIC_SECRET_0 7ff9160e97549ba1f71fbb6a55a0102714aa4f32215f7977bab8347f732cce3e c18653a9f5b69eb8115e5bed1f436137437be40f37d55a6cc5325d772989127a
SERVER_HANDSHAKE_TRAFFIC_SECRET ba89dbe9ba0f848ce5ef8b57ebf2e52c0939b1380cee5bc31c5b8d7931d748b1 6266236fe2d10c75ac0c2e901f1da2c37b00c1c08e06dfc72a6d07f53e00d573
SERVER_TRAFFIC_SECRET_0 7ff9160e97549ba1f71fbb6a55a0102714aa4f32215f7977bab8347f732cce3e 4f3b6a66f25202d6942423f8121a9257e42b2050275f9216aa364ec9dacc02e7
EXPORTER_SECRET 7ff9160e97549ba1f71fbb6a55a0102714aa4f32215f7977bab8347f732cce3e 3c5e782302a180ae8cb43ad7925de619369d549c95e8764bbe21b8e67f6d912f
CLIENT_TRAFFIC_SECRET_0 d8d3567e4447d3d4cd95b93ef3fd2439630ce0c7e8b6979b945109408e72e901 cbc8a583662066a413b0a88231c4a6bab13a3a2ccc045fb3a3d4087fe5c78ee9
SERVER_TRAFFIC_SECRET_0 d8d3567e4447d3d4cd95b93ef3fd2439630ce0c7e8b6979b945109408e72e901 2308609307a8012bdfa4f02bf02ec95a46a558256a1ce26a8539c46e0a9c2b12
EXPORTER_SECRET d8d3567e4447d3d4cd95b93ef3fd2439630ce0c7e8b6979b945109408e72e901 3b2af353faabdd130a7e3afffbd2046171df9a858c8c56bcb3c24228d9e8db85
CLIENT_TRAFFIC_SECRET_0 0eec809202178dc470e696e227652f4d65e0ef2afdb687e4bf1c53567438bbc1 2faacf9ee054452a8ce719ee90f7f8f062f5ab0f06e00a3b7fed5f9f3964ddaf
SERVER_TRAFFIC_SECRET_0 0eec809202178dc470e696e227652f4d65e0ef2afdb687e4bf1c53567438bbc1 25cc33b4de73a33e5e428029989b9bcf8517b3a88e0bc4f1083ae3af32f37f5f
EXPORTER_SECRET 0eec809202178dc470e696e227652f4d65e0ef2afdb687e4bf1c53567438bbc1 b8aa83b890218f8362eca3cfc8ed92eb411690989c7df883b20fa3da8c8006ff
CLIENT_TRAFFIC_SECRET_0 5f526e43da77e5f4639f4ac7c61d2474f1f2cf550c77fb0aa859a6eb709d3aa0 207cccc797127e175d4574193749eef14533104e3df328701fec344f6804b651
SERVER_TRAFFIC_SECRET_0 5f526e43da77e5f4639f4ac7c61d2474f1f2cf550c77fb0aa859a6eb709d3aa0 fe85b6b49e84056b9815a52f874f991d1c3c382f80c3ee03aa5644523e2229e2
EXPORTER_SECRET 5f526e43da77e5f4639f4ac7c61d2474f1f2cf550c77fb0aa859a6eb709d3aa0 f285ccca9e0404fc2b5e94e681e9171fd7116bbde5874f5a30b7d05fbf61660a
CLIENT_TRAFFIC_SECRET_0 4f6deb79f23e2e6b54e67f13591aba57d06ca3cae5d8bb7aa0df920412b3ca79 68fdc229fddd1cb9e381d119debcfba725f99acc22f4e6b7cdb03c9cf3f456b7
SERVER_TRAFFIC_SECRET_0 4f6deb79f23e2e6b54e67f13591aba57d06ca3cae5d8bb7aa0df920412b3ca79 eab6b1ba001f7d2f1bc3aed34d5c6c6d8188b971b933fee7402ac77d31d71952
EXPORTER_SECRET 4f6deb79f23e2e6b54e67f13591aba57d06ca3cae5d8bb7aa0df920412b3ca79 8853c33dad52e356869f24cba445ca75ad2301b94bc267629f14c07e16044807
CLIENT_TRAFFIC_SECRET_0 c0b4751ce653ec927d617573cb5ae40fcd051704703ccc14ac2ff19d55d43fe6 085aba9d1f1d45019fec9d451f8c02f2d3598793df9a89608ea90fd4efe39c63
SERVER_TRAFFIC_SECRET_0 c0b4751ce653ec927d617573cb5ae40fcd051704703ccc14ac2ff19d55d43fe6 dfaffc3881bcdf362b5b4ce8481a3cb7e32bbe63a8a7ffcb4c9e3cefc7e596a5
EXPORTER_SECRET c0b4751ce653ec927d617573cb5ae40fcd051704703ccc14ac2ff19d55d43fe6 bc6f53a56a6791e3d6b176049aacd8191937736ad279b0c91d16fb0d8b75a2ab
CLIENT_TRAFFIC_SECRET_0 f50de8f3eb10e27a612fc5a4e796e2d0edd0ad513d52e33b87012cad4c239d83 c240ee3b97afb377f25e6af091699a500ed4b1a9e09576ef39cf0c0bc228901a
SERVER_TRAFFIC_SECRET_0 f50de8f3eb10e27a612fc5a4e796e2d0edd0ad513d52e33b87012cad4c239d83 c93fc2d33d228f0312d28dc5ea6760fcec25c88c1a63bde81e741064871a3f84
EXPORTER_SECRET f50de8f3eb10e27a612fc5a4e796e2d0edd0ad513d52e33b87012cad4c239d83 6334b835d8b80acf0819775e7d541d871d4fd5b8d36d76fdb4a889aacb295dfd
CLIENT_TRAFFIC_SECRET_0 7c6b5e658c23219f9c00d65b4b4365d6ca76ce0cdb65c399b5f70ce965e84dc4 1fbd99523f879f83fbf10de1cef2a7c2291c1459d0e261aaa677b9da096c014f
SERVER_TRAFFIC_SECRET_0 7c6b5e658c23219f9c00d65b4b4365d6ca76ce0cdb65c399b5f70ce965e84dc4 29d5994b0fd4f8d820493e6ae2c7d2de34928b35005a68510ebf2541cbb1a65b
EXPORTER_SECRET 7c6b5e658c23219f9c00d65b4b4365d6ca76ce0cdb65c399b5f70ce965e84dc4 716fd171cb2be715806299fa132b96c1568de18f91f84b7a9afb814d5711a885
CLIENT_TRAFFIC_SECRET_0 ba89dbe9ba0f848ce5ef8b57ebf2e52c0939b1380cee5bc31c5b8d7931d748b1 d4a2553864f810dd04dcb6a42d44555f9a9ef82f4698a646b03e1b97597ce683
SERVER_TRAFFIC_SECRET_0 ba89dbe9ba0f848ce5ef8b57ebf2e52c0939b1380cee5bc31c5b8d7931d748b1 66ea4664f4c05434fd22f4eefca330001cf18fac231ca431e6b97fc6f4aa78b6
EXPORTER_SECRET ba89dbe9ba0f848ce5ef8b57ebf2e52c0939b1380cee5bc31c5b8d7931d748b1 5925978f93494b8f299f9a22ac359945efafad06788e57a9da4c727b1fb48ba5
