CLIENT_HANDSHAKE_TRAFFIC_SECRET 009bd7552a22c46646397d25b64232a5ffef3009fbcc7271127c31e4611eccea 516a2b6fa3384a462af225964a2a07726116d79d10a0c05a731643f227ecdf29
SERVER_HANDSHAKE_TRAFFIC_SECRET 009bd7552a22c46646397d25b64232a5ffef3009fbcc7271127c31e4611eccea 94a5d87bfbd1b3ab5c2f2b995e966912e795d00f3f78d64581528725319892d6
CLIENT_TRAFFIC_SECRET_0 009bd7552a22c46646397d25b64232a5ffef3009fbcc7271127c31e4611eccea fda0196fbbc2307782ce6532af4f3e687c0367267f08d63abd4221d4f18c5c26
SERVER_TRAFFIC_SECRET_0 009bd7552a22c46646397d25b64232a5ffef3009fbcc7271127c31e4611eccea 0fcc056492fc80af641223f4b09ec49a4698fe148330c3444c2afbc7d79a49aa
EXPORTER_SECRET 009bd7552a22c46646397d25b64232a5ffef3009fbcc7271127c31e4611eccea 299ffe2a50d7238c3203b59e32c48fb99c414466d5fed1705878533fbd8f0966
CLIENT_HANDSHAKE_TRAFFIC_SECRET 412973a9506ab357c8d36234d76a19ed92c9468007e062aee200e99ae34601f8 bf1cf9425773984f1588279747bc11bb8c8cc5f44aa960d716f8d0440a8fe7b0
CLIENT_HANDSHAKE_TRAFFIC_SECRET 857dfd47f901ab5c9ddd943c6e6e860794af4fcce204547a8232ae6e09b0b080 fb5c0fc5e52d0f2c868cbea9842f5769f4fe44c98628bb6f3aafd34c5793ed47
SERVER_HANDSHAKE_TRAFFIC_SECRET 412973a9506ab357c8d36234d76a19ed92c9468007e062aee200e99ae34601f8 2cf4b26ea64ba45b7bf433b15d1e6d93b41a38ee4cdd9a36d118a56c3fe134d2
SERVER_HANDSHAKE_TRAFFIC_SECRET 857dfd47f901ab5c9ddd943c6e6e860794af4fcce204547a8232ae6e09b0b080 12c1057d2a938e5feaab88e727bd2ff77620125ebf289916e6f2afaaa83b6f8d
CLIENT_HANDSHAKE_TRAFFIC_SECRET bad5205cd4da0c90738b9c11959c5f4875a8bd9039df056ccc82c68f4047b8e8 e694d654897fde55ba6258f816bb72269d28fadcacc714c2fdbbe79307423375
SERVER_HANDSHAKE_TRAFFIC_SECRET bad5205cd4da0c90738b9c11959c5f4875a8bd9039df056ccc82c68f4047b8e8 1becbc6607b022d68e4499cb0b0f5c500c7fd443a3f8d3534b2961063e0b0727
CLIENT_HANDSHAKE_TRAFFIC_SECRET 8527be0e8511bc3c6e20324dbac7a652b2581ed6fb9ac708fb5dfa7e9a6aef37 0259f413df9ca62cb41b76b56eaca82dd1f5d9752f8ade970c66a632b6cd19e8
SERVER_HANDSHAKE_TRAFFIC_SECRET 8527be0e8511bc3c6e20324dbac7a652b2581ed6fb9ac708fb5dfa7e9a6aef37 b50be84457559e9b941683e382a774545892c8f44634616ec34fe4e09f2fc033
CLIENT_HANDSHAKE_TRAFFIC_SECRET 0c468aebce2725a944f591d976cedd9e4a58f91eba7611892f0835e37c2970f0 c94124a53b60da3b569e47a0fb15b15282b72a19e8b0c784fbdf78ff3bba2ab1
SERVER_HANDSHAKE_TRAFFIC_SECRET 0c468aebce2725a944f591d976cedd9e4a58f91eba7611892f0835e37c2970f0 89b40a1c85fc5d36738d04a716547132de8dc4967fe7be51336db2da721dd006
CLIENT_HANDSHAKE_TRAFFIC_SECRET 0517ed23579ab1e4320542f9e6ac5d1d876bef0b9c15c1ca77ff4f71b0cf17f6 7eb0b537b3ae601d1764ff6c8f0a41bc60596ed00b3ac7dbc4343e50e05a6f81
SERVER_HANDSHAKE_TRAFFIC_SECRET 0517ed23579ab1e4320542f9e6ac5d1d876bef0b9c15c1ca77ff4f71b0cf17f6 5d76035dcd2c28ad914ea2d6f43429376341588afad210bbe417927d2861785d
CLIENT_HANDSHAKE_TRAFFIC_SECRET 6e43700170ae4c989864b432ec84b4fafb01cd358b1c7da15ab5b5ac5ee618e0 fbf275070e15f2bf57695d31fdc5281fd4751e9bc86d3d69e9097bd40b115e6a
SERVER_HANDSHAKE_TRAFFIC_SECRET 6e43700170ae4c989864b432ec84b4fafb01cd358b1c7da15ab5b5ac5ee618e0 9f970cd3f75a14f4e13fb094ebb43d8eab4c64b820aeae114610dfe134a18360
CLIENT_HANDSHAKE_TRAFFIC_SECRET 17770e6d373d684590e8c010dbfbb2270c786a9461018e8342f163e04e9038f1 d4b6c41d62a9af336ef52e3635eb0629755cf816a8f8eaf4a81b43216c5a9992
SERVER_HANDSHAKE_TRAFFIC_SECRET 17770e6d373d684590e8c010dbfbb2270c786a9461018e8342f163e04e9038f1 d3c590627e5b656cc911c79c03735dc561282db6c2bfeb6fa8ac726110dc7fcd
CLIENT_TRAFFIC_SECRET_0 412973a9506ab357c8d36234d76a19ed92c9468007e062aee200e99ae34601f8 5cbcef8eb97b4988b3eb2ed5417c337bc5c4b1618db3f43fd35345bf89616a43
SERVER_TRAFFIC_SECRET_0 412973a9506ab357c8d36234d76a19ed92c9468007e062aee200e99ae34601f8 47d672bf29bed4c3fc55081228196f71fca19187cb177fe30de8a6be86abbbd7
CLIENT_TRAFFIC_SECRET_0 857dfd47f901ab5c9ddd943c6e6e860794af4fcce204547a8232ae6e09b0b080 2213166bc51c0b1223c7682ae3763b617310f23d1af34f8515d70b6fdea25567
EXPORTER_SECRET 412973a9506ab357c8d36234d76a19ed92c9468007e062aee200e99ae34601f8 17bd734f6f92a194e3ff7465aceb8d913091201c7d23ff0a0a7ba1d57c95bb1d
SERVER_TRAFFIC_SECRET_0 857dfd47f901ab5c9ddd943c6e6e860794af4fcce204547a8232ae6e09b0b080 8fa0c621890f7eed46c76abb8523d1c08b78bcb81bb590a23c32fcce1d75dd6f
EXPORTER_SECRET 857dfd47f901ab5c9ddd943c6e6e860794af4fcce204547a8232ae6e09b0b080 56361290ef3da433b142a1864ecd04963fead81793754ec3067eb3a76f688698
CLIENT_TRAFFIC_SECRET_0 bad5205cd4da0c90738b9c11959c5f4875a8bd9039df056ccc82c68f4047b8e8 b3b261e66e7483e559bbc3ae4e018225b01624e48146cad404da0b88260b6150
SERVER_TRAFFIC_SECRET_0 bad5205cd4da0c90738b9c11959c5f4875a8bd9039df056ccc82c68f4047b8e8 799894cee1621ed265f93c8e26db012475877eed447974cd8953a4ad2d84c2d2
EXPORTER_SECRET bad5205cd4da0c90738b9c11959c5f4875a8bd9039df056ccc82c68f4047b8e8 c3423df4b159b4c070f7338fb3cdb9235b46e161868b99487f8c7697bf4ac6cc
CLIENT_TRAFFIC_SECRET_0 8527be0e8511bc3c6e20324dbac7a652b2581ed6fb9ac708fb5dfa7e9a6aef37 95697b8a4e741eba423cc3faa01faabb00730710dfc276e9e8c7f46a047cd054
SERVER_TRAFFIC_SECRET_0 8527be0e8511bc3c6e20324dbac7a652b2581ed6fb9ac708fb5dfa7e9a6aef37 5e0d06fa0fc4e3098425c4bebc17b72f7f044e0b2b58b6e397dae49cf266ea72
EXPORTER_SECRET 8527be0e8511bc3c6e20324dbac7a652b2581ed6fb9ac708fb5dfa7e9a6aef37 2de9d55fdd3abffe6bb22fb9f39802696b9f2bc3ce4d132b79a40a8ed8b56a39
CLIENT_TRAFFIC_SECRET_0 0c468aebce2725a944f591d976cedd9e4a58f91eba7611892f0835e37c2970f0 bdf05e146eb54614fcd2c3e8eb5a8f7a59a275f9bc838cb1979a1484c9c92dbd
SERVER_TRAFFIC_SECRET_0 0c468aebce2725a944f591d976cedd9e4a58f91eba7611892f0835e37c2970f0 e090bd95009561c530065d8c7afa48a42a5f887752b513e59e283065be39c158
EXPORTER_SECRET 0c468aebce2725a944f591d976cedd9e4a58f91eba7611892f0835e37c2970f0 00d5dd2b0fed7d23e860370b2cbb3e727a3e40b9f3c368aa24254349554e3ecd
CLIENT_TRAFFIC_SECRET_0 0517ed23579ab1e4320542f9e6ac5d1d876bef0b9c15c1ca77ff4f71b0cf17f6 6715b812ceaa25da1e0c85af564f3f9698f3a0c54a362dde0a613601298fb2a1
SERVER_TRAFFIC_SECRET_0 0517ed23579ab1e4320542f9e6ac5d1d876bef0b9c15c1ca77ff4f71b0cf17f6 3c3512dc58620e6e788707c5936b692f507fac7ac78e992a0186033950ae9ba6
EXPORTER_SECRET 0517ed23579ab1e4320542f9e6ac5d1d876bef0b9c15c1ca77ff4f71b0cf17f6 08ad5eb3065275f049e25b11f5fdd08e1818bf78f07f11216585fee3e0ca9f23
CLIENT_TRAFFIC_SECRET_0 6e43700170ae4c989864b432ec84b4fafb01cd358b1c7da15ab5b5ac5ee618e0 ff9d5d11dafada8d62c89bce0a23eff75c515aa2fef71a7edd7826296ab177ce
SERVER_TRAFFIC_SECRET_0 6e43700170ae4c989864b432ec84b4fafb01cd358b1c7da15ab5b5ac5ee618e0 1d23611f6dfdd00238ed4701a3d9b7d6d2488193c03a4e384fac7f84eb93554f
EXPORTER_SECRET 6e43700170ae4c989864b432ec84b4fafb01cd358b1c7da15ab5b5ac5ee618e0 026cc08a75b232476c85179a5e409c34a1e1bdba388d2411271239b4b164a588
CLIENT_TRAFFIC_SECRET_0 17770e6d373d684590e8c010dbfbb2270c786a9461018e8342f163e04e9038f1 0141b6be0916d5c761f8f180956f5e131e4627000c853a96d9d54072a713a28e
SERVER_TRAFFIC_SECRET_0 17770e6d373d684590e8c010dbfbb2270c786a9461018e8342f163e04e9038f1 541432c4b7e5a67fd73c9b1ccb550927d79f2b9fafb86a2d10a7ba3aa7683307
EXPORTER_SECRET 17770e6d373d684590e8c010dbfbb2270c786a9461018e8342f163e04e9038f1 1fcfaed651ccc413a495647373ccd74d7096b99961610862edbcead0996d68f5
