CLIENT_HANDSHAKE_TRAFFIC_SECRET 47b177a333f0aeb212eb7dfc45e2a2583e795fc276c353c05ea28a13912ea186 59107abbfb973ed28fa6c4f069f0e0fdfb55559c0cfcde82ef2f6391f21e8e42
SERVER_HANDSHAKE_TRAFFIC_SECRET 47b177a333f0aeb212eb7dfc45e2a2583e795fc276c353c05ea28a13912ea186 7914f7d7d651959c47776f95991fc716a713adfd419073b8042d50c07d53d440
CLIENT_TRAFFIC_SECRET_0 47b177a333f0aeb212eb7dfc45e2a2583e795fc276c353c05ea28a13912ea186 12c01b52401f3ff77e758239415ba62adf5a19297bc6e3e1ffed4a1fe470fa62
SERVER_TRAFFIC_SECRET_0 47b177a333f0aeb212eb7dfc45e2a2583e795fc276c353c05ea28a13912ea186 5d33868c7bff2bdb2eaafb176a0ab9eb4fa6c5ce7e4c43812b54c12993fcdebc
EXPORTER_SECRET 47b177a333f0aeb212eb7dfc45e2a2583e795fc276c353c05ea28a13912ea186 50ed8272ab6ff25a507b58324d3bef92581f36791782e27e4d3016cc6a87fc6c
CLIENT_HANDSHAKE_TRAFFIC_SECRET 3f9a0fb3cf16e40336c29bfb8d48b656af42584cea294db4af21bb9364ebe4ec 5ab6de74a3054c431c87caf296c3f37904478b0ef9ca9f6714f9ced1fbd3aa88
SERVER_HANDSHAKE_TRAFFIC_SECRET 3f9a0fb3cf16e40336c29bfb8d48b656af42584cea294db4af21bb9364ebe4ec bd8c560479d548e45e9d43c7e7922269606bbbc547dce189d56cfe0000d2835d
CLIENT_HANDSHAKE_TRAFFIC_SECRET b62b50d788ec23eb65e16eb0ae656d2048c27167961e3b61db02c065d72ddcd8 94f30abed78aa00c5cf046843d1d55e331300315adc6bad57cad6d0daddf1d80
SERVER_HANDSHAKE_TRAFFIC_SECRET b62b50d788ec23eb65e16eb0ae656d2048c27167961e3b61db02c065d72ddcd8 860b5ea4c9fe6531d88a34b248dd0c02fb4e8ae5c18b2672c125e5573f7affe3
CLIENT_HANDSHAKE_TRAFFIC_SECRET cfaccb7bb59e5158b99f5448e720a1fb1fe8ee724fde25f3b3b13277267037d3 d2dfc9c7ba48a431d6667194db05199a6c9454417d625469247b40effb3b6e26
SERVER_HANDSHAKE_TRAFFIC_SECRET cfaccb7bb59e5158b99f5448e720a1fb1fe8ee724fde25f3b3b13277267037d3 22b7dbe80f2be7c6e25d2eb82c8aa518b4c6cad54770190539701683221ba669
CLIENT_HANDSHAKE_TRAFFIC_SECRET 22bb1bd498fbac0cbfa0e76770e99ded55405fd39d1e7ed687a2451b8a742c58 c9f5df91572590bd85f524c418184515a606cc30aa9e7132c7de5ec06d6d773e
SERVER_HANDSHAKE_TRAFFIC_SECRET 22bb1bd498fbac0cbfa0e76770e99ded55405fd39d1e7ed687a2451b8a742c58 eebc7d413b09bdeced530489b3c3c508f851225487ea66dd94a59906239d390f
CLIENT_HANDSHAKE_TRAFFIC_SECRET 3b02524faf3c78b135cb8109e1c020a66e56e76fd8d266c8654444156cd943ce 837b1725fca4b25c4ce898117781b099288f237b07a0bf9002c0a942f17ae78c
SERVER_HANDSHAKE_TRAFFIC_SECRET 3b02524faf3c78b135cb8109e1c020a66e56e76fd8d266c8654444156cd943ce 4d1aeb243261c74f981157a1fd121061bcea6c3c859f1628ebec74e9b248b271
CLIENT_HANDSHAKE_TRAFFIC_SECRET 96ee9d606dcc7321055c8c26f7b2554dbf12804c7f8ae9590519fbd53e1c0437 dfe64fb12b2a036d74b92f2df4174aa4a62e52d98ed80b4a4ed4ce102929f4fe
SERVER_HANDSHAKE_TRAFFIC_SECRET 96ee9d606dcc7321055c8c26f7b2554dbf12804c7f8ae9590519fbd53e1c0437 4057b6b626b9f61aecc363a64aeebba6f7d94021adad072860a250ac3a1d4731
CLIENT_HANDSHAKE_TRAFFIC_SECRET 3728603e9dca0d7692504a9ac010fbce549860ae9d9a50a4edfe282d77f4d6dc 7adcb3495aa1ffb90e7ef799f15e2c2ae66e46bb24150bb4bfa59ed0e46279e2
SERVER_HANDSHAKE_TRAFFIC_SECRET 3728603e9dca0d7692504a9ac010fbce549860ae9d9a50a4edfe282d77f4d6dc 8b43d1bba5c2b225d21e8d8b00f5ae7c162e09a25a3f2bcf85ffd3e8ad0dd12c
CLIENT_HANDSHAKE_TRAFFIC_SECRET c69b138a5becb312232338fd671e80eb52bbcad58d11dade47421af95e68909d 174123cdf5da2567d61bc35c8d67f179c0a5b4f5aff5065210ae223382f92e54
SERVER_HANDSHAKE_TRAFFIC_SECRET c69b138a5becb312232338fd671e80eb52bbcad58d11dade47421af95e68909d 94e6422a044f0cf957eb46239d76cfad4ad398dc51a932dbb140df07305840ba
CLIENT_HANDSHAKE_TRAFFIC_SECRET 208cbfe7f04867dc35047a79a751560e91cdb70d14739c9eab33dabe07eb88f9 023552b6226fe87ab8d161c84f66091d997e04875ea8b4653e012cbdb7b3d13a
SERVER_HANDSHAKE_TRAFFIC_SECRET 208cbfe7f04867dc35047a79a751560e91cdb70d14739c9eab33dabe07eb88f9 211e81de0d5f01fd86c93faed3435f8d4594fd9585b3b37a2f9d66bffe946413
CLIENT_HANDSHAKE_TRAFFIC_SECRET 54bedbd184d678ecccac79b77dc30a454c08b03e93a05593b824046d9ad5cfc7 43c354a1e6b3a4e6d6faf094b0b05785cfbf7fb63904e98725b13c666f6ac78b
SERVER_HANDSHAKE_TRAFFIC_SECRET 54bedbd184d678ecccac79b77dc30a454c08b03e93a05593b824046d9ad5cfc7 1c98bf0006868d928bc1d7db8678373d1e9de0398fa1e7b1b86e7546d075549a
CLIENT_TRAFFIC_SECRET_0 3f9a0fb3cf16e40336c29bfb8d48b656af42584cea294db4af21bb9364ebe4ec 76f3d10675f36b487871ecc60ffb304bf2bb70df42d3f45c5fa17647752634af
SERVER_TRAFFIC_SECRET_0 3f9a0fb3cf16e40336c29bfb8d48b656af42584cea294db4af21bb9364ebe4ec 9ac3e821e9e272602e8902620b6cb61f96a120d1812247d8a1386562cebaf0fd
EXPORTER_SECRET 3f9a0fb3cf16e40336c29bfb8d48b656af42584cea294db4af21bb9364ebe4ec 91de5c1303691b760beb01f8f3d6f96258bb98a231305d599f9db155a2d3a108
CLIENT_HANDSHAKE_TRAFFIC_SECRET d1742ffe7330af4a1b084b345f0771585e63983c94dd019708f7ce98542a71eb 4e6d1821b5baa4ba8066da0757a8d776c6c88305509001ba923a52d5ab341e79
SERVER_HANDSHAKE_TRAFFIC_SECRET d1742ffe7330af4a1b084b345f0771585e63983c94dd019708f7ce98542a71eb 4e44dfb48c97795dc4578e0332ab63942ecadc51be04952ddc0dc5302a24961a
CLIENT_TRAFFIC_SECRET_0 b62b50d788ec23eb65e16eb0ae656d2048c27167961e3b61db02c065d72ddcd8 7e2fff7df45b0c00108ed63b60e71844a04614d0214b9b1518281dbeb2c4eb77
SERVER_TRAFFIC_SECRET_0 b62b50d788ec23eb65e16eb0ae656d2048c27167961e3b61db02c065d72ddcd8 897fb01a23caf8e06fc89972022afa10eb3bd0cc8f42e4136d8a31208e6f4119
EXPORTER_SECRET b62b50d788ec23eb65e16eb0ae656d2048c27167961e3b61db02c065d72ddcd8 36ed8d733f0b4ae92d98cb1a784ec3d892e9df54d345ea5665b21f011f272b7f
CLIENT_TRAFFIC_SECRET_0 cfaccb7bb59e5158b99f5448e720a1fb1fe8ee724fde25f3b3b13277267037d3 536014a9bd984169952644cee37afd7d631c337199518eaff721d004d6e88d6f
SERVER_TRAFFIC_SECRET_0 cfaccb7bb59e5158b99f5448e720a1fb1fe8ee724fde25f3b3b13277267037d3 8c5853694171197e06641c3747a571bdefd0d7d9e707af393c09e477a6749450
EXPORTER_SECRET cfaccb7bb59e5158b99f5448e720a1fb1fe8ee724fde25f3b3b13277267037d3 9adcc6abdf88a7d0b2d62eb8dc4ca86958dad280da83ed930a10959880c081b3
CLIENT_TRAFFIC_SECRET_0 22bb1bd498fbac0cbfa0e76770e99ded55405fd39d1e7ed687a2451b8a742c58 01a6d82a33a99fef07e9b2cfee74d72bdb8968c14e37889dbb6b83abdec968bf
SERVER_TRAFFIC_SECRET_0 22bb1bd498fbac0cbfa0e76770e99ded55405fd39d1e7ed687a2451b8a742c58 da314a3da77ba6a5012ba50b166a0ad3ae596a8bbd513835aacfb40e7b380780
EXPORTER_SECRET 22bb1bd498fbac0cbfa0e76770e99ded55405fd39d1e7ed687a2451b8a742c58 15e5bbbdcc0647a116135e5157a2c111a55354d379b3e1699d502c129eed70d2
CLIENT_TRAFFIC_SECRET_0 3b02524faf3c78b135cb8109e1c020a66e56e76fd8d266c8654444156cd943ce e5a29236aec4b1cf3c58152f2bac902af8ee41eeb5f6028fb47947bfc9188f86
SERVER_TRAFFIC_SECRET_0 3b02524faf3c78b135cb8109e1c020a66e56e76fd8d266c8654444156cd943ce e968fb8ae6f226c9e8e0b04c9f4a4df4022d89c630fe508a8d4df054caad4813
EXPORTER_SECRET 3b02524faf3c78b135cb8109e1c020a66e56e76fd8d266c8654444156cd943ce 0e6079cd80a091a8b8b4358a2496ae8ef9d4b7d199c2ee2993c47bc5aee63dbc
CLIENT_TRAFFIC_SECRET_0 3728603e9dca0d7692504a9ac010fbce549860ae9d9a50a4edfe282d77f4d6dc c8779df0746890d380f31c965ba03c85fbec480f70687d23875d204f732f675b
SERVER_TRAFFIC_SECRET_0 3728603e9dca0d7692504a9ac010fbce549860ae9d9a50a4edfe282d77f4d6dc 690b344f7bbb25904ee6e0d530ff2ed16fc644814a83e52c79c9432191c138d5
EXPORTER_SECRET 3728603e9dca0d7692504a9ac010fbce549860ae9d9a50a4edfe282d77f4d6dc cdcf0e34777902ba83caacc0fadd8401160bdfaa68efbaec464ac43c37c9a63c
CLIENT_TRAFFIC_SECRET_0 96ee9d606dcc7321055c8c26f7b2554dbf12804c7f8ae9590519fbd53e1c0437 52ace38bc7182213cbc570a86fedb2adb80974db8396960ce26026790100a82a
SERVER_TRAFFIC_SECRET_0 96ee9d606dcc7321055c8c26f7b2554dbf12804c7f8ae9590519fbd53e1c0437 55e1b8098094749cf6f9cad17e03b30118b0b8b03c985754d9bf3de916acc6af
EXPORTER_SECRET 96ee9d606dcc7321055c8c26f7b2554dbf12804c7f8ae9590519fbd53e1c0437 293e0b1290eb6524baeab8629679966a53604b1838e963dd353820acdb81ac5e
CLIENT_TRAFFIC_SECRET_0 c69b138a5becb312232338fd671e80eb52bbcad58d11dade47421af95e68909d 60d34f3d9c270c6e5522f246e77eb6679a976594fb580d2c7a24e0460a3e4571
SERVER_TRAFFIC_SECRET_0 c69b138a5becb312232338fd671e80eb52bbcad58d11dade47421af95e68909d 7475897a0cebdad67c55cc6c37a1f1ed95efb06a00ed758cf08d4c180624d296
EXPORTER_SECRET c69b138a5becb312232338fd671e80eb52bbcad58d11dade47421af95e68909d 841577cddbc429ec5a759be1d841bf12d7114f9514bd7875af71a9541b51dc99
CLIENT_TRAFFIC_SECRET_0 208cbfe7f04867dc35047a79a751560e91cdb70d14739c9eab33dabe07eb88f9 cde7f88917493a8d703f950cc6dfcc89721d95dae256d01a1780f713fbad3fd1
SERVER_TRAFFIC_SECRET_0 208cbfe7f04867dc35047a79a751560e91cdb70d14739c9eab33dabe07eb88f9 97928ed949feba4bcace859ad146a6545391ca2a734c15f5dd6bfdb74df9fbec
EXPORTER_SECRET 208cbfe7f04867dc35047a79a751560e91cdb70d14739c9eab33dabe07eb88f9 95dd89c1eb23af1f50a52ff009283c33b223caf673b16468ad5b8e2186cc2e07
CLIENT_TRAFFIC_SECRET_0 54bedbd184d678ecccac79b77dc30a454c08b03e93a05593b824046d9ad5cfc7 0b08a95bf08920b2f25e3c57f3043def8fc4827847f786079a0f7d22543795f1
SERVER_TRAFFIC_SECRET_0 54bedbd184d678ecccac79b77dc30a454c08b03e93a05593b824046d9ad5cfc7 bac1a540a559403897223f2b1988b974b7fbf6ff101e858a2ac6f7c111eea0de
EXPORTER_SECRET 54bedbd184d678ecccac79b77dc30a454c08b03e93a05593b824046d9ad5cfc7 0ced37c5df194070d18130270dea8632a03d392a1fbee16f261baa09b899bb35
CLIENT_TRAFFIC_SECRET_0 d1742ffe7330af4a1b084b345f0771585e63983c94dd019708f7ce98542a71eb ed3b6c45c1293bbe901ad5b4ac1ceb9598290cdd717b468c595a341aefd5fcdc
SERVER_TRAFFIC_SECRET_0 d1742ffe7330af4a1b084b345f0771585e63983c94dd019708f7ce98542a71eb 2e3ec8bea5d2902286e40180d8a1f6cd0ff9921a202d081c747cb92d5e2f0181
EXPORTER_SECRET d1742ffe7330af4a1b084b345f0771585e63983c94dd019708f7ce98542a71eb baf16b9cd2e7654c2c901bd51c602cc6718d0042efb9e7a551d047edd95418ba
CLIENT_HANDSHAKE_TRAFFIC_SECRET 1cd8b54af9227f7d1a20b1876ec7ffbe783aee61b9df846f3dd18729aa73dbf0 2a0189a65db700fa948e86d3fdc15991ba96ff7786909e5f500a172cc8bfc8f5
SERVER_HANDSHAKE_TRAFFIC_SECRET 1cd8b54af9227f7d1a20b1876ec7ffbe783aee61b9df846f3dd18729aa73dbf0 ffac4d4d5ce54fe25696780e69b2f5186a3539726cb52e988368abb5845a104c
CLIENT_TRAFFIC_SECRET_0 1cd8b54af9227f7d1a20b1876ec7ffbe783aee61b9df846f3dd18729aa73dbf0 6088e71e3cdb9f5caa746b5d19b33a42860f0448b4f116aa4f140722fd832f22
SERVER_TRAFFIC_SECRET_0 1cd8b54af9227f7d1a20b1876ec7ffbe783aee61b9df846f3dd18729aa73dbf0 a20467c46d40696fa0798d8b2df93f1e2b72e3080f3840cb55829ca68bc78f7f
EXPORTER_SECRET 1cd8b54af9227f7d1a20b1876ec7ffbe783aee61b9df846f3dd18729aa73dbf0 52d5eccbb453aad9f4d9fb91a2f9a81f7ee288d4feea752b74c93878b0ea9c34
