CLIENT_HANDSHAKE_TRAFFIC_SECRET f4b691952a1b3bf46e197e0f68c01af2f74db4c076bc0f6cb31f1e0c5e61139f c66f921d39797ec0aed1bbe44205a718f9052978f900acb0fe26b3e5fa06cc6d
SERVER_HANDSHAKE_TRAFFIC_SECRET f4b691952a1b3bf46e197e0f68c01af2f74db4c076bc0f6cb31f1e0c5e61139f 71095bc261f632c52ee52ea74e638ae01549711e7d378a5feb79ba03a41c7854
CLIENT_TRAFFIC_SECRET_0 f4b691952a1b3bf46e197e0f68c01af2f74db4c076bc0f6cb31f1e0c5e61139f 8fd50ee85366e0b2150b64a1a63c8415c15a3d597f500854aa9abb1afa785154
SERVER_TRAFFIC_SECRET_0 f4b691952a1b3bf46e197e0f68c01af2f74db4c076bc0f6cb31f1e0c5e61139f 9db4fa5023c4442135838f0c0795b69874d995313febccf303295d214aab04d3
EXPORTER_SECRET f4b691952a1b3bf46e197e0f68c01af2f74db4c076bc0f6cb31f1e0c5e61139f 4fbcaae621fd5e3bef6ebef383be7f7c1101f7b10499d5f4f31bbf1c9797ed68
CLIENT_HANDSHAKE_TRAFFIC_SECRET 3dab5f526019647a8b5d26d9080dd83dba5a2f6ecaa201ad644dcea52bc1b027 4b2755171668442e43a54695f1809238591bba60eac3df188fe7618e7a6645d3
SERVER_HANDSHAKE_TRAFFIC_SECRET 3dab5f526019647a8b5d26d9080dd83dba5a2f6ecaa201ad644dcea52bc1b027 dc07a8ec353a6f190cdb8c02a2c9886ae61110330b53cae6cd65c072a088c47d
CLIENT_HANDSHAKE_TRAFFIC_SECRET d72a87d5f7606b0779e89fd6da36f8b71eb6b110afc9e6afb7522f2f51e129c1 fe30b4b64139b595ccacc1deeaf2a1c3f86fe8ed263afa5ff0eae38686b1d457
SERVER_HANDSHAKE_TRAFFIC_SECRET d72a87d5f7606b0779e89fd6da36f8b71eb6b110afc9e6afb7522f2f51e129c1 3823ccd2f8420c3bd654a984ce525d269b2774a252db15095361904996a94d30
CLIENT_HANDSHAKE_TRAFFIC_SECRET 6bd981b00f2ff75b724412a5e37f5ad2eb5411dd5639bdf32097b291631660fd 7e39b7e6bd1b12b7e264ea2b0fdf2e03bb478ed8161e7f98cc0e1b2d8610f715
SERVER_HANDSHAKE_TRAFFIC_SECRET 6bd981b00f2ff75b724412a5e37f5ad2eb5411dd5639bdf32097b291631660fd 011fe4d6f68511f321442d285e69a60e0ed0b80806224eabe55817cffd9e41b9
CLIENT_HANDSHAKE_TRAFFIC_SECRET 90ae57eaab623f5bc4e5c0758a95d873da9c7886696d45604c0e837f47d2f880 867c79139c4a64a58b6ee5b0332b842616d4eec27dcaee9dd54e0cc01403cad5
SERVER_HANDSHAKE_TRAFFIC_SECRET 90ae57eaab623f5bc4e5c0758a95d873da9c7886696d45604c0e837f47d2f880 6716e19c5fd8e43071a1edcb1a3770c2060c1623b0e894e6f265c919e1e0519e
CLIENT_HANDSHAKE_TRAFFIC_SECRET 8600d6a9cc2f162e77edbc56b09bc7c22ee59ce93599767fedfed7fb8ce59f43 1b07655bf221cb912e7271de995e18f404aa3d11f977cf04d0b3508ffcd18f5d
SERVER_HANDSHAKE_TRAFFIC_SECRET 8600d6a9cc2f162e77edbc56b09bc7c22ee59ce93599767fedfed7fb8ce59f43 6936d751abb77c76b2064132edf115d239c5d60b09dc1d4db9b34ab96ac23164
CLIENT_TRAFFIC_SECRET_0 3dab5f526019647a8b5d26d9080dd83dba5a2f6ecaa201ad644dcea52bc1b027 146c6a41bda67a75167a988815457a2be28b9c441f2a3b035e7c1022608bac54
SERVER_TRAFFIC_SECRET_0 3dab5f526019647a8b5d26d9080dd83dba5a2f6ecaa201ad644dcea52bc1b027 94e20349adf57ea99883e3500ad747ada7a0238722010590dfd072c3c35f4178
EXPORTER_SECRET 3dab5f526019647a8b5d26d9080dd83dba5a2f6ecaa201ad644dcea52bc1b027 3ad553097a4f492a852e89576db8bcdca063a45bc16dea8629cedbc1df5004c7
CLIENT_TRAFFIC_SECRET_0 6bd981b00f2ff75b724412a5e37f5ad2eb5411dd5639bdf32097b291631660fd 17e3de65d86392977974ee55c33e3048ba2297a4b101c46b0b1e21729203a2d6
SERVER_TRAFFIC_SECRET_0 6bd981b00f2ff75b724412a5e37f5ad2eb5411dd5639bdf32097b291631660fd 70702ef4c03a68bda2390aa52b91b3d024ac2a515ae8dcf763b148d2e12822d7
EXPORTER_SECRET 6bd981b00f2ff75b724412a5e37f5ad2eb5411dd5639bdf32097b291631660fd 9bb73e094fb59283edc4c36d8836782e72c199daac12b9adbb762f97a126ac12
CLIENT_TRAFFIC_SECRET_0 d72a87d5f7606b0779e89fd6da36f8b71eb6b110afc9e6afb7522f2f51e129c1 24e4b842fcd5733d8861fe7e41ee135c1f9853dfb053dea2b0ac0efdd4c11295
SERVER_TRAFFIC_SECRET_0 d72a87d5f7606b0779e89fd6da36f8b71eb6b110afc9e6afb7522f2f51e129c1 c0579e9276cb2ab580a0eba78b17f54e258352e125d984ffba4ab8a119ab3a34
EXPORTER_SECRET d72a87d5f7606b0779e89fd6da36f8b71eb6b110afc9e6afb7522f2f51e129c1 26b988c201ecce10f3854dcdd14cc3e64afec36f7073ab76dfaec05cfc4d61d1
CLIENT_TRAFFIC_SECRET_0 90ae57eaab623f5bc4e5c0758a95d873da9c7886696d45604c0e837f47d2f880 354e3514beef4fa20293065005f0a1c22fa8e9b520e2cb0b04111fb39e49701b
SERVER_TRAFFIC_SECRET_0 90ae57eaab623f5bc4e5c0758a95d873da9c7886696d45604c0e837f47d2f880 7782f7c99e2d30e5ff5fafffb130c022f88d98e7911dba89342434099ab17dda
EXPORTER_SECRET 90ae57eaab623f5bc4e5c0758a95d873da9c7886696d45604c0e837f47d2f880 1491d1f9c13f0610c1bdb37b40e9156f9f23c00e75573f1a10a75797f10bda15
CLIENT_TRAFFIC_SECRET_0 8600d6a9cc2f162e77edbc56b09bc7c22ee59ce93599767fedfed7fb8ce59f43 6f4da108cdc3cde1c659551a000e2de412e25c80caeb62d0d9d7131705c4af52
SERVER_TRAFFIC_SECRET_0 8600d6a9cc2f162e77edbc56b09bc7c22ee59ce93599767fedfed7fb8ce59f43 c75d25d1a7f44f9738958e203b74d01eb7849bd37adb11ef46652641668b5029
EXPORTER_SECRET 8600d6a9cc2f162e77edbc56b09bc7c22ee59ce93599767fedfed7fb8ce59f43 8e4fc51e28159908089246bce3e9cc2cb5eb5044daaeeeef8c30858b3435b5df
CLIENT_HANDSHAKE_TRAFFIC_SECRET dca84efbda9b73e6671155425417bfc55fc5a99acf3bcf425115fc745e92b95f 0199815dd947f83fc0bf48327e6c47d5fb71c1cb24c16ebdc8363fc7ef099d59
SERVER_HANDSHAKE_TRAFFIC_SECRET dca84efbda9b73e6671155425417bfc55fc5a99acf3bcf425115fc745e92b95f 4d3c4a33f86af5d943fbf1efa01f8d88f07abe7b83b11b25922306564d3d34d8
CLIENT_TRAFFIC_SECRET_0 dca84efbda9b73e6671155425417bfc55fc5a99acf3bcf425115fc745e92b95f 7d56676a5eaef0fa3b462dde6607db1da55958574981bee8b21ba1b19587fa55
SERVER_TRAFFIC_SECRET_0 dca84efbda9b73e6671155425417bfc55fc5a99acf3bcf425115fc745e92b95f 04fd251331810c2d3359a1682d98ecb830e25cbd9e3accd09e5686ca45db1fc4
EXPORTER_SECRET dca84efbda9b73e6671155425417bfc55fc5a99acf3bcf425115fc745e92b95f 39217a581092fc807d8c4305aa75bc15ba1e7ed713b6696eaffb26856cd7b642
