CLIENT_HANDSHAKE_TRAFFIC_SECRET 91ec4aef1a5c0f9d920c94463592278221fb8fdc7e7384aabf059037387c9008 1b77605c8892cfbcc323ed627f0167d375ed62300ef7da8a43b8aa2f4ad5553a
SERVER_HANDSHAKE_TRAFFIC_SECRET 91ec4aef1a5c0f9d920c94463592278221fb8fdc7e7384aabf059037387c9008 c4baab65be2e97259a4feb8fb919aaa6046137a9dacfce557bc11f5072ef3236
CLIENT_TRAFFIC_SECRET_0 91ec4aef1a5c0f9d920c94463592278221fb8fdc7e7384aabf059037387c9008 34bf3863297c9088c99888affdaed21418e7997918dda48d1d9324c36136234d
SERVER_TRAFFIC_SECRET_0 91ec4aef1a5c0f9d920c94463592278221fb8fdc7e7384aabf059037387c9008 6cf344472040062b88c61bc0d418d272915f917c4584a7d06ee70d2192398769
EXPORTER_SECRET 91ec4aef1a5c0f9d920c94463592278221fb8fdc7e7384aabf059037387c9008 1dd389f0b8b352c7ddc2d6aea6ebe64fe8a93aa1314faa9b45ce030d0c9a204d
CLIENT_HANDSHAKE_TRAFFIC_SECRET d2fb83c6087c9456e9c7ccdaf5d0fc6bf06e7adef4fcf36827840a354144658f c865db5876bbf6d4f703e87cd22d25ee68ea06fb868591e2ff6beec480e1c7a0
SERVER_HANDSHAKE_TRAFFIC_SECRET d2fb83c6087c9456e9c7ccdaf5d0fc6bf06e7adef4fcf36827840a354144658f 551539627f71aec92b4521d4a823f3e65362fcbd9b04f8be8d75b8f36732f58b
CLIENT_HANDSHAKE_TRAFFIC_SECRET a4f7d6f3e35127778f03371388625da5a4ca85492d05c752e6b8a8b8d92d8346 2334475f724e90a47d5b19b8d10ba7815ef6f8c2b8a16f8043ce969126b3ae03
SERVER_HANDSHAKE_TRAFFIC_SECRET a4f7d6f3e35127778f03371388625da5a4ca85492d05c752e6b8a8b8d92d8346 6e686ac37e38c57156b22ba5ddd0d7c9b923a6510703028e5b6fdc7f7034ddde
CLIENT_HANDSHAKE_TRAFFIC_SECRET 0129bac370409d97c770463e8a5be7619b9de8d144ae9e931d4131c64787f336 dc3a2f49f70ad621ecf46daf832462af8fab84d4101c8ef0dff6f1118cb7786d
SERVER_HANDSHAKE_TRAFFIC_SECRET 0129bac370409d97c770463e8a5be7619b9de8d144ae9e931d4131c64787f336 ba873bd8f8da7aea74cb7fbe800b763c632cf1ec29df0640664ca5ee8c530c5d
CLIENT_TRAFFIC_SECRET_0 d2fb83c6087c9456e9c7ccdaf5d0fc6bf06e7adef4fcf36827840a354144658f 06f99a9dff5bd072384e294f879b899177d56eac1c35d330013e51b73820c3b4
SERVER_TRAFFIC_SECRET_0 d2fb83c6087c9456e9c7ccdaf5d0fc6bf06e7adef4fcf36827840a354144658f 4802a337247c27c9cafb483c3a0b7ed61b201e901ab587b4d0e5e333506d9593
EXPORTER_SECRET d2fb83c6087c9456e9c7ccdaf5d0fc6bf06e7adef4fcf36827840a354144658f 3b4e6e3f1957f7cc9892411c54f813de144c0cd96c494676486d1b08cdd24832
CLIENT_TRAFFIC_SECRET_0 a4f7d6f3e35127778f03371388625da5a4ca85492d05c752e6b8a8b8d92d8346 45713b6304a7eb5510d25905af6f98b1e82813ebfd710ae646fc9d74fbaa31be
SERVER_TRAFFIC_SECRET_0 a4f7d6f3e35127778f03371388625da5a4ca85492d05c752e6b8a8b8d92d8346 15cfe964b4722d3a827d23e141bf3c46f08c3c93a287514684ad7c3ecf3f64c6
EXPORTER_SECRET a4f7d6f3e35127778f03371388625da5a4ca85492d05c752e6b8a8b8d92d8346 e430dc56c0ca68f350958ffd917178172e65f9890b5b1e82c013b38b5e09fe4b
CLIENT_TRAFFIC_SECRET_0 0129bac370409d97c770463e8a5be7619b9de8d144ae9e931d4131c64787f336 b00a7c07796fcacdcc7d10009d8bfb779a68e48a341fd9dae858772a387c0c97
SERVER_TRAFFIC_SECRET_0 0129bac370409d97c770463e8a5be7619b9de8d144ae9e931d4131c64787f336 8bda93dbc3f1ddc45554811656cbc862c1b372841c491ab8b146b69e782ef7bc
EXPORTER_SECRET 0129bac370409d97c770463e8a5be7619b9de8d144ae9e931d4131c64787f336 d918a2a50fe824862f889a2446a65eb4cbca120ae018ba3bfc2a0a7b4f6246e8
