CLIENT_HANDSHAKE_TRAFFIC_SECRET cf20e78a22cfc4be691e659fdeffb50f812cac6b024fd46efc42f09a7be19611 cbf3c6646dc1d3724a382a6e514f4e2821472d89557d98874ffd81cb1b0fae5e
SERVER_HANDSHAKE_TRAFFIC_SECRET cf20e78a22cfc4be691e659fdeffb50f812cac6b024fd46efc42f09a7be19611 d541f8f5d15d60a3e89eebfc069fc517ab7181a0577276acf827d226ca707ff4
CLIENT_TRAFFIC_SECRET_0 cf20e78a22cfc4be691e659fdeffb50f812cac6b024fd46efc42f09a7be19611 7665929f193130b49191fe47e3d7e8c2333644fb0d95a8b9ef7d4d43eee9a250
SERVER_TRAFFIC_SECRET_0 cf20e78a22cfc4be691e659fdeffb50f812cac6b024fd46efc42f09a7be19611 841324f20957ab7e19ced54123eb0d93c66b6f3df4e17bf978866abf5ce4db9e
EXPORTER_SECRET cf20e78a22cfc4be691e659fdeffb50f812cac6b024fd46efc42f09a7be19611 a4a4910206a4d0751e4a0b0e7e2d22e98b0223b9d1bbfa72f1b4537c6a10211a
CLIENT_HANDSHAKE_TRAFFIC_SECRET 357abc24151c9a5e3d6bac7e51742d22e2cc23aa817fe4277ce864b661a70b2a 02711250cb7b0cf90e7778c29a38012dc990230c4cbdc29839fe78f6919f770c
SERVER_HANDSHAKE_TRAFFIC_SECRET 357abc24151c9a5e3d6bac7e51742d22e2cc23aa817fe4277ce864b661a70b2a ecede4ded229cf8baf7664c1220bca30efee92870bb643f0135ebd4f3566e037
CLIENT_TRAFFIC_SECRET_0 357abc24151c9a5e3d6bac7e51742d22e2cc23aa817fe4277ce864b661a70b2a dd878adfe6432db5923a0238aa944f830bbdf9894fd6746dc4ac0609d994b44c
SERVER_TRAFFIC_SECRET_0 357abc24151c9a5e3d6bac7e51742d22e2cc23aa817fe4277ce864b661a70b2a 801f44bee73eac05490a1c9fea44b978ee51f67a22a144b4fabc9f21cd9d4c6b
EXPORTER_SECRET 357abc24151c9a5e3d6bac7e51742d22e2cc23aa817fe4277ce864b661a70b2a a844f62e14f77fec2cc8215642bab500b4fe38ba5b4a8c97313abb9811a0b328
CLIENT_HANDSHAKE_TRAFFIC_SECRET 7b1ca8c84df0282a204e571c8aaa7300c25410f45fcd18be9c01367b61c2a707 416788ff1e3ed384ae24bf4b0f7134245277c389552453b6d40a7d324c4cef4a
SERVER_HANDSHAKE_TRAFFIC_SECRET 7b1ca8c84df0282a204e571c8aaa7300c25410f45fcd18be9c01367b61c2a707 f8ab2f877f31e46912fc7a6ae0307057a9632e4aa428976f034bac0b1f9b7765
CLIENT_HANDSHAKE_TRAFFIC_SECRET 5ae3710ff140571c98a99596c8b533288a8e61a49d0c4334d44cdc2670c7d272 7d05f9c36ce16ea4b72236f9468096a2fad51bac5f80bd0bf22f342b68de54cc
SERVER_HANDSHAKE_TRAFFIC_SECRET 5ae3710ff140571c98a99596c8b533288a8e61a49d0c4334d44cdc2670c7d272 18ee54a49d1018ceaad8ed27ce8179e8e0c743cac54d794a7ef8fc6e7ee13c5c
CLIENT_TRAFFIC_SECRET_0 7b1ca8c84df0282a204e571c8aaa7300c25410f45fcd18be9c01367b61c2a707 55a446c6505ff9da50c42f5c276af43549168b42d4c522a020b8bc2ad9f656cf
SERVER_TRAFFIC_SECRET_0 7b1ca8c84df0282a204e571c8aaa7300c25410f45fcd18be9c01367b61c2a707 c969f31ecbac721ceefa7fd13857c578954d794cdc14b41ae05987d15d1f109c
EXPORTER_SECRET 7b1ca8c84df0282a204e571c8aaa7300c25410f45fcd18be9c01367b61c2a707 8d02f5a2f89322b6b2cc7cd1cea087f00fedfed496b436fe010f88eb12de6334
CLIENT_TRAFFIC_SECRET_0 5ae3710ff140571c98a99596c8b533288a8e61a49d0c4334d44cdc2670c7d272 ec5294ab4f736969988deccabf7cd23c9520e4124ef4dac256396c9fb95a13b1
SERVER_TRAFFIC_SECRET_0 5ae3710ff140571c98a99596c8b533288a8e61a49d0c4334d44cdc2670c7d272 b49fe6509a9a01ceb8756e51042d49af14d567b88000321e2fe48e0a43313aed
EXPORTER_SECRET 5ae3710ff140571c98a99596c8b533288a8e61a49d0c4334d44cdc2670c7d272 4c169268468431a497029ee44bdd99df1b498b52486cb8fa6429c5319a758c6b
CLIENT_HANDSHAKE_TRAFFIC_SECRET 150ed56795aa3495d3b03e247b4a8924e905c84b284c6a72ac8b645d960c93c6 a546a48b0fc207b9082bbea6fbd550ed7afb77e385b8a2dfd596d0e586c0fb12
SERVER_HANDSHAKE_TRAFFIC_SECRET 150ed56795aa3495d3b03e247b4a8924e905c84b284c6a72ac8b645d960c93c6 9168e95d41098f409b929dddbf01d785f3259affd6ba65bd037590d717fccda3
CLIENT_TRAFFIC_SECRET_0 150ed56795aa3495d3b03e247b4a8924e905c84b284c6a72ac8b645d960c93c6 6d6f4dfebf2498e86d38366fb316cd3d33cd834eaac9f919bd3138885057c30f
SERVER_TRAFFIC_SECRET_0 150ed56795aa3495d3b03e247b4a8924e905c84b284c6a72ac8b645d960c93c6 08fb64aa1d891c62d878319d72fe6c2477c7ac638f1a52e22189ae3ab8844f20
EXPORTER_SECRET 150ed56795aa3495d3b03e247b4a8924e905c84b284c6a72ac8b645d960c93c6 10374d8d97e8c51e2cec9c05b84a5e49f2ae84f287d37eb9d3701989c6ed0625
CLIENT_HANDSHAKE_TRAFFIC_SECRET d55cd823c8b495f55647e161f2619e592c0111bd68fd0d6d5f7c96eba7feaba8 96afe3b812ed07921bdf5473d347cc67f8d66857e6749cfa08802bb41553c067
SERVER_HANDSHAKE_TRAFFIC_SECRET d55cd823c8b495f55647e161f2619e592c0111bd68fd0d6d5f7c96eba7feaba8 d1592464e0370f8e0413026166f2d959244156431cabd7bb50aaaea53eb6f2d9
CLIENT_TRAFFIC_SECRET_0 d55cd823c8b495f55647e161f2619e592c0111bd68fd0d6d5f7c96eba7feaba8 dee7849ac2f9894a1d1949e032d9cced2ef3e0fc1531a58dfeb882808962c11e
SERVER_TRAFFIC_SECRET_0 d55cd823c8b495f55647e161f2619e592c0111bd68fd0d6d5f7c96eba7feaba8 d59b474726a399b6042c8e255f0cb3fea083587c551efdd090fae5315b3a14e0
EXPORTER_SECRET d55cd823c8b495f55647e161f2619e592c0111bd68fd0d6d5f7c96eba7feaba8 359681692fe725f59b39272e9031f5a81c42f7013b6997a494da87c77d5b3400
