CLIENT_HANDSHAKE_TRAFFIC_SECRET 91ef48eb5f5da1eae2d43c3990034cd77d62693f58fa45662225781a81dcfc16 11ccaeee661ad4868f2088e565e993a3480d221e25e6d37c8bab30b9e54e2ea2
SERVER_HANDSHAKE_TRAFFIC_SECRET 91ef48eb5f5da1eae2d43c3990034cd77d62693f58fa45662225781a81dcfc16 8b6d82ef269d4f4b37136b7540efd60575c1924e07e2013fb3702416e86f72d3
CLIENT_TRAFFIC_SECRET_0 91ef48eb5f5da1eae2d43c3990034cd77d62693f58fa45662225781a81dcfc16 7d5b587a2853c988baf47e66aef22cfaf82a3a5b7855056a195a1fec0637fe14
SERVER_TRAFFIC_SECRET_0 91ef48eb5f5da1eae2d43c3990034cd77d62693f58fa45662225781a81dcfc16 9be859a3eb59328e9b46c28a2c98f0da95be7c8a567ec6e7357ae5b0baf07580
EXPORTER_SECRET 91ef48eb5f5da1eae2d43c3990034cd77d62693f58fa45662225781a81dcfc16 26b0a463e3d77dd0339d6055b7a0f5aa8770cf6149995c0b4d354140cebe9055
CLIENT_HANDSHAKE_TRAFFIC_SECRET a4b90c24af7f5528397d9b0f3e01521f6db1fa62d6d6d77e1680526e8656f0bf 7a114bac4010452cb4bb12d0469e2135650c44941e4232ad4e5475f41be792ea
SERVER_HANDSHAKE_TRAFFIC_SECRET a4b90c24af7f5528397d9b0f3e01521f6db1fa62d6d6d77e1680526e8656f0bf 302057882430471110a87ee7b7c21a02510edd4836efe096da936e008ec53a38
CLIENT_HANDSHAKE_TRAFFIC_SECRET 1c84f7c54ad5d937fae399cb1b9fca49e63d151ae5652202856a2bd5c1df73c6 5d25d43a13b358a4fa76b04163dc01bf6376afeef75cd0a46fa1ddfacf641dba
SERVER_HANDSHAKE_TRAFFIC_SECRET 1c84f7c54ad5d937fae399cb1b9fca49e63d151ae5652202856a2bd5c1df73c6 bf98c4c88e9aa9f015181aba0e61c20eeea62d221d7578b8c646b9f7ffd6fb07
CLIENT_HANDSHAKE_TRAFFIC_SECRET d2c92c34e877e3b6437a9aba9c635bada133e1514c42a881d5510f324b17288b 526389a269f8b06d6a86b11ad0534819c4e603be747236439dd2fefb17358f89
SERVER_HANDSHAKE_TRAFFIC_SECRET d2c92c34e877e3b6437a9aba9c635bada133e1514c42a881d5510f324b17288b 6c75aaa9a06f20aa8d9a568b0610b475f8203b326604b8ecffd09ce58e75ee0b
CLIENT_TRAFFIC_SECRET_0 a4b90c24af7f5528397d9b0f3e01521f6db1fa62d6d6d77e1680526e8656f0bf 6043f2d870749888a79c684511cf220287ecc58fddeeda2ee75e6107ef2c8373
SERVER_TRAFFIC_SECRET_0 a4b90c24af7f5528397d9b0f3e01521f6db1fa62d6d6d77e1680526e8656f0bf 017559dc4598be158d952dffb348460b649b634d6fbdab4b1a6eb4e6e2ca2578
EXPORTER_SECRET a4b90c24af7f5528397d9b0f3e01521f6db1fa62d6d6d77e1680526e8656f0bf 5c484745ab02b525fb65125dee89ce7e3b1e6fa9e33dce4f63ec7503c50d7707
CLIENT_TRAFFIC_SECRET_0 1c84f7c54ad5d937fae399cb1b9fca49e63d151ae5652202856a2bd5c1df73c6 da6e608f355f573853ef68c22be79514791b080ee7cc031819fb70e170a14681
SERVER_TRAFFIC_SECRET_0 1c84f7c54ad5d937fae399cb1b9fca49e63d151ae5652202856a2bd5c1df73c6 0863bfc44f72840bb9635bb2be9fcc58d3a89d154ef1ec1fc2f3caa7ef4d519f
EXPORTER_SECRET 1c84f7c54ad5d937fae399cb1b9fca49e63d151ae5652202856a2bd5c1df73c6 fb992770a7f3fc72bb17f3096bdb50ba84d03873cd98b7a2b7372c416670dae4
CLIENT_TRAFFIC_SECRET_0 d2c92c34e877e3b6437a9aba9c635bada133e1514c42a881d5510f324b17288b 1c939cf2653bf1ad3b98559d45f4f873289844a41b8d104bdd54b33e03ab9f6b
SERVER_TRAFFIC_SECRET_0 d2c92c34e877e3b6437a9aba9c635bada133e1514c42a881d5510f324b17288b de07c3dd3e70ab2c9cc760c481215abe3bef51fe669419c4887164cd26b2d83c
EXPORTER_SECRET d2c92c34e877e3b6437a9aba9c635bada133e1514c42a881d5510f324b17288b 2b4bf54002d5c234d39869b997e7e5329a8cc8dc8a228df654cacab4ca1292bf
