CLIENT_HANDSHAKE_TRAFFIC_SECRET c9bc5f70c6f9e9366a81be146e2de1e0f32a6df3693593d86095d2da33bcf355 baac9f14f4ef3d0b2d5819bc18d51906588d6e3fd7b60c375d07c5d7f45b2933
SERVER_HANDSHAKE_TRAFFIC_SECRET c9bc5f70c6f9e9366a81be146e2de1e0f32a6df3693593d86095d2da33bcf355 f637984f0730b152ed5cfe8d87126559012fb36e17bc0a035f51212eeb157f97
CLIENT_TRAFFIC_SECRET_0 c9bc5f70c6f9e9366a81be146e2de1e0f32a6df3693593d86095d2da33bcf355 b5c75f89865c8f94d8bdbcdd9bd161c691fdd43440614938a92bb21b159fc6c2
SERVER_TRAFFIC_SECRET_0 c9bc5f70c6f9e9366a81be146e2de1e0f32a6df3693593d86095d2da33bcf355 21c824c11c0ce891db1ec0fe5c649d1b7f6d0243b0bca4c45c82376b80c97d44
EXPORTER_SECRET c9bc5f70c6f9e9366a81be146e2de1e0f32a6df3693593d86095d2da33bcf355 b69753e3a4f4baa625880924aec58b99e59d1bf0458636bd41a0b2bb053ad968
CLIENT_HANDSHAKE_TRAFFIC_SECRET f048171f47866dd7559dcb183bdcb4f001dd4c369f3cd1e0c048e6843b6d7ba3 6f72546615ce8df6611457bb6fb1156856e43d49cdeef9c9d7fc41dd90ebab88
SERVER_HANDSHAKE_TRAFFIC_SECRET f048171f47866dd7559dcb183bdcb4f001dd4c369f3cd1e0c048e6843b6d7ba3 7467e28bc471d97c0ebb20c222e26ed0656bd107f41968d81a55246fe80139fb
CLIENT_TRAFFIC_SECRET_0 f048171f47866dd7559dcb183bdcb4f001dd4c369f3cd1e0c048e6843b6d7ba3 bef07e5600354ad0d5c6484554fa31e4e311a29338c630d530c34221a4a40a84
SERVER_TRAFFIC_SECRET_0 f048171f47866dd7559dcb183bdcb4f001dd4c369f3cd1e0c048e6843b6d7ba3 4d16e3b04a315ec31ed9919b0040a4285fdec02b8705ee9b1c227ddfdb531545
EXPORTER_SECRET f048171f47866dd7559dcb183bdcb4f001dd4c369f3cd1e0c048e6843b6d7ba3 2417a1041c5007af4fc5fe8942c2a3ca76c2b1b0becff11e81d03917ee876593
CLIENT_HANDSHAKE_TRAFFIC_SECRET 4cdf8214f8ea758f22b0db2ec3eebc76af8ec86f040255e73d06b62a6f9645eb 315d129412470234fcf8d0363257dba0fc2a86c24686afb3d2cd4504540bcb72
CLIENT_HANDSHAKE_TRAFFIC_SECRET 02fd34aaca5fc1742886136585537d0ed7a203fc8c4693901045598d11138c4b b7876244ac1ba4ebb1c4a2c46229470db91b8838b482e466b70af3bbeef3c561
SERVER_HANDSHAKE_TRAFFIC_SECRET 4cdf8214f8ea758f22b0db2ec3eebc76af8ec86f040255e73d06b62a6f9645eb a6f2f1c42dae141aaf853220ca39dfecb33b443b4571343b35e5643eef29706a
SERVER_HANDSHAKE_TRAFFIC_SECRET 02fd34aaca5fc1742886136585537d0ed7a203fc8c4693901045598d11138c4b 2fbfbe900e20e946e58c8b279c65be9c58effb7639e453acc5da2fc4bb86bdba
CLIENT_TRAFFIC_SECRET_0 4cdf8214f8ea758f22b0db2ec3eebc76af8ec86f040255e73d06b62a6f9645eb a8b1f85662d81c4f4c6df1e19e43df98e863a2069ade8b266274de6d751ad038
SERVER_TRAFFIC_SECRET_0 4cdf8214f8ea758f22b0db2ec3eebc76af8ec86f040255e73d06b62a6f9645eb ad4629eafe4d147453dbdace7c0241363871d59b173865f2b8c76b37bc77a7d7
CLIENT_TRAFFIC_SECRET_0 02fd34aaca5fc1742886136585537d0ed7a203fc8c4693901045598d11138c4b 242def9fb470edc3754272bdd5f7df76d0ccf18969bdfd98cf4540d756b62d59
EXPORTER_SECRET 4cdf8214f8ea758f22b0db2ec3eebc76af8ec86f040255e73d06b62a6f9645eb 6dd4076e6fc2ec751c83f9383ba104acd6e302ac1a73d12aa92ae8687c881e7c
SERVER_TRAFFIC_SECRET_0 02fd34aaca5fc1742886136585537d0ed7a203fc8c4693901045598d11138c4b d5dea6f6b5c7d8705f19b1397bd554687cd8f0188a518a8f346a9cb760ecb977
EXPORTER_SECRET 02fd34aaca5fc1742886136585537d0ed7a203fc8c4693901045598d11138c4b 9cfae36845ea1eeda34e3ac5f9f687ae5dc2b6cbab451bf87b4134ee5a4e47e5
CLIENT_HANDSHAKE_TRAFFIC_SECRET a07845f8e4331cfa56a59e7d2b38de53cb3aa9d0d67022e2c404e0450d9e594f d5b63ec5d1ae87e77b2f4873678d232cebcb9b62c8e9ad257016456d3def693c
SERVER_HANDSHAKE_TRAFFIC_SECRET a07845f8e4331cfa56a59e7d2b38de53cb3aa9d0d67022e2c404e0450d9e594f 49cb2eb200640ea2586612133c3d6c698746dd5a040340465c9b0d81df17c816
CLIENT_HANDSHAKE_TRAFFIC_SECRET 7c0288f7792e35e3f5917a7dcef0f5ea991ffe942224c76d92bd38c4d91005c7 614a705472412563d115a30fa9ae24f7ac86123a1ae59cee547d8bed332c8f55
SERVER_HANDSHAKE_TRAFFIC_SECRET 7c0288f7792e35e3f5917a7dcef0f5ea991ffe942224c76d92bd38c4d91005c7 329b54972536799905461a3e42a8061cd4ac3691a4baef43d827727de87b9c2e
CLIENT_TRAFFIC_SECRET_0 a07845f8e4331cfa56a59e7d2b38de53cb3aa9d0d67022e2c404e0450d9e594f dcea52c1888f704a99696d63f784f3dc24e3a8a472c975b6100c3890dce87b04
SERVER_TRAFFIC_SECRET_0 a07845f8e4331cfa56a59e7d2b38de53cb3aa9d0d67022e2c404e0450d9e594f 6d85c2dfa74494b334ef96638b60b9c768a05243b4aba7e26479de2aaaf27a0f
EXPORTER_SECRET a07845f8e4331cfa56a59e7d2b38de53cb3aa9d0d67022e2c404e0450d9e594f 7d878b1e39cfbcb423d15d19f3fd1d4a13091e5b8db4105b10b77eee4f0a0f8c
CLIENT_TRAFFIC_SECRET_0 7c0288f7792e35e3f5917a7dcef0f5ea991ffe942224c76d92bd38c4d91005c7 a2a9a4fcd1defffaf02a9668a9c92dda618e595c43a150f5f13fdcf44d94cbb9
SERVER_TRAFFIC_SECRET_0 7c0288f7792e35e3f5917a7dcef0f5ea991ffe942224c76d92bd38c4d91005c7 bc827c3588f45e9be2253623759feeaaad007074e98b4267093e8434aa85049f
EXPORTER_SECRET 7c0288f7792e35e3f5917a7dcef0f5ea991ffe942224c76d92bd38c4d91005c7 15d8a618749fc8b1e7f0a5569017ec822e1f51010675444129aacdaa77b02a2c
CLIENT_HANDSHAKE_TRAFFIC_SECRET 67509924bb188359ba546e2bcec899fa89e39d2407081bbcfbaadedd81793f1f 382659d76a628c2427d43fef02728d690e96e1ca7e733774b268290b3f3e9f3a
SERVER_HANDSHAKE_TRAFFIC_SECRET 67509924bb188359ba546e2bcec899fa89e39d2407081bbcfbaadedd81793f1f 100e3ec5ccfacd19b087049b5490dad2802437895b1495f48ba9dcdc9aae2239
CLIENT_HANDSHAKE_TRAFFIC_SECRET a3870d2045585570ea99cba9a1104173d95d57423c4befd0699a2ff61d77f3da 845a74a4e5cb39192098ecd65e6b7a79b8c3a6e1af646b58eba67af78aa00a1c
SERVER_HANDSHAKE_TRAFFIC_SECRET a3870d2045585570ea99cba9a1104173d95d57423c4befd0699a2ff61d77f3da 5a87cceef39bf858a09eed5cd534432d59f46117f582386c0fcef19f0dbeda6f
CLIENT_TRAFFIC_SECRET_0 67509924bb188359ba546e2bcec899fa89e39d2407081bbcfbaadedd81793f1f 6e2e3fa311ae3418d8725b4aec25707282f9043cf8bd1ce34a00276e39892158
SERVER_TRAFFIC_SECRET_0 67509924bb188359ba546e2bcec899fa89e39d2407081bbcfbaadedd81793f1f 4ae85c7450bb63e097fa3ed57eab22ec72ed8c4037f0a0403c3ec8244a80875c
EXPORTER_SECRET 67509924bb188359ba546e2bcec899fa89e39d2407081bbcfbaadedd81793f1f e69fdfc3e1090a5f2895b7da1afd3abbc2550bf91471e5bd7312af34fa35de61
CLIENT_TRAFFIC_SECRET_0 a3870d2045585570ea99cba9a1104173d95d57423c4befd0699a2ff61d77f3da 731dd27f567d4a4897547ba9092a89adea680de20a023ce336264ac37057baf0
SERVER_TRAFFIC_SECRET_0 a3870d2045585570ea99cba9a1104173d95d57423c4befd0699a2ff61d77f3da 324c1012f21187b8fa87be8a04291bcd977d4814b3feaec8f499eea0c37c9898
EXPORTER_SECRET a3870d2045585570ea99cba9a1104173d95d57423c4befd0699a2ff61d77f3da 3fc61685df31fa0723522f5ec9f355eeefba90f393908bc22019cf7867e3b0f8
CLIENT_HANDSHAKE_TRAFFIC_SECRET e1836f79d1591605948cd921c2483f894ab0ef054b47dd41539799266142bf78 9253343cee27db78dacb86e05843bdfd0c4bd53315c4688f015475432ed6d49f
SERVER_HANDSHAKE_TRAFFIC_SECRET e1836f79d1591605948cd921c2483f894ab0ef054b47dd41539799266142bf78 725248a511505d154073bc22b50ff6694f1ab17bb3152d07b26d9e661658de11
CLIENT_TRAFFIC_SECRET_0 e1836f79d1591605948cd921c2483f894ab0ef054b47dd41539799266142bf78 53aba9930fba0d17deac979b3f9df7589f9e217d3f28c1b38e6c968c3b8726c8
SERVER_TRAFFIC_SECRET_0 e1836f79d1591605948cd921c2483f894ab0ef054b47dd41539799266142bf78 462c492348ed202e7433489488f12bfd20889b5e3551aa3b25fbd3727c9b56cd
EXPORTER_SECRET e1836f79d1591605948cd921c2483f894ab0ef054b47dd41539799266142bf78 f5b6e9b6b30e744f39695f44ea349c5d592ad990279b95c9e4c089027417242b
