CLIENT_HANDSHAKE_TRAFFIC_SECRET e134becbf04f4ef40767795c5f7b67885f165a266eeb4af68e0b52d83d3445ab 68906ca0c0041410d8153f997fd8371d334bc0c4c2a1818f8ddb993c5aab5685
SERVER_HANDSHAKE_TRAFFIC_SECRET e134becbf04f4ef40767795c5f7b67885f165a266eeb4af68e0b52d83d3445ab 0129baa9fe0cfb69bab06a2181b4e9187bd78e04ea2cd3ab2439a02ae95425ea
CLIENT_TRAFFIC_SECRET_0 e134becbf04f4ef40767795c5f7b67885f165a266eeb4af68e0b52d83d3445ab 8de97ca35d9f29597482749a55fef1d36bf2c5e851fac831e9770ff6994c5bd4
SERVER_TRAFFIC_SECRET_0 e134becbf04f4ef40767795c5f7b67885f165a266eeb4af68e0b52d83d3445ab b0d8d96a84ed23f054e20d0edd277bdc3aab05e6bca38dc7b7474519cf2e0970
EXPORTER_SECRET e134becbf04f4ef40767795c5f7b67885f165a266eeb4af68e0b52d83d3445ab 10d5e7c2d9185cb76df0adc03e8b0e1189cac5fbf4de8004576cd595d6b9c579
CLIENT_HANDSHAKE_TRAFFIC_SECRET e2be96a3bf03f7321e5ec347bd3b33a593bfda419a4d13cf636ad1e91cf9b5c7 d25594ff8ffabc50ecce858feac5f3ced8ca19a985410411829a52b3b12bdf77
SERVER_HANDSHAKE_TRAFFIC_SECRET e2be96a3bf03f7321e5ec347bd3b33a593bfda419a4d13cf636ad1e91cf9b5c7 e0a527f81123d90b0cc2252ebf8de622917ae33c433863e0d7a55f399b653778
CLIENT_TRAFFIC_SECRET_0 e2be96a3bf03f7321e5ec347bd3b33a593bfda419a4d13cf636ad1e91cf9b5c7 34b89a246ee1bcfc3b800250b3562f9d4fbf1d52ca6d37be2fc63505cdf20c9d
SERVER_TRAFFIC_SECRET_0 e2be96a3bf03f7321e5ec347bd3b33a593bfda419a4d13cf636ad1e91cf9b5c7 4eb3612eed08d5b318fe471aa9c17ef20a66b61e59ddca387b559db397eeca93
EXPORTER_SECRET e2be96a3bf03f7321e5ec347bd3b33a593bfda419a4d13cf636ad1e91cf9b5c7 ce885074d524b2cbc6ccedeeae1631b979b103af5912f1a932f6921d69dcf230
CLIENT_HANDSHAKE_TRAFFIC_SECRET 1bde44ee7d6753e352d25bb536dc31ad63ea9298f13e0ed2eae11d72c7c5f608 d1aa965a59a6df38459e26b34edc8af5fefe7b026fa50343ba27204a3bd4056b
SERVER_HANDSHAKE_TRAFFIC_SECRET 1bde44ee7d6753e352d25bb536dc31ad63ea9298f13e0ed2eae11d72c7c5f608 dee6e3203fe95eac0cbf570941c258543188f6147909621fac39f71e53f6338f
CLIENT_TRAFFIC_SECRET_0 1bde44ee7d6753e352d25bb536dc31ad63ea9298f13e0ed2eae11d72c7c5f608 5b3987761228cb31c41171a317af0726ea509ded94b6e839f35c6975f39d90d5
SERVER_TRAFFIC_SECRET_0 1bde44ee7d6753e352d25bb536dc31ad63ea9298f13e0ed2eae11d72c7c5f608 b5fb3737661a6cd92c7adf66400f78d8f1a5bbbf6d1f01b8441b014d81fc1459
EXPORTER_SECRET 1bde44ee7d6753e352d25bb536dc31ad63ea9298f13e0ed2eae11d72c7c5f608 0f78d50ffd273a9843c66e3a501c46486705bc20e48d3d7d7557a202bbdde11a
CLIENT_HANDSHAKE_TRAFFIC_SECRET b9c31d795d1cc84bf1ff1035bc30948a1e4c678b0e0d2d030a8f1882296d20b3 ee584e1c86fae087a8e6f425047ab9dc6d468485cd762262708bc91e6fe64b55
SERVER_HANDSHAKE_TRAFFIC_SECRET b9c31d795d1cc84bf1ff1035bc30948a1e4c678b0e0d2d030a8f1882296d20b3 28ad1ee4a86b08b62091b1f2b0de65fa05092e9d7cffb6a449909731c292a7eb
CLIENT_TRAFFIC_SECRET_0 b9c31d795d1cc84bf1ff1035bc30948a1e4c678b0e0d2d030a8f1882296d20b3 6126278441893664f40fb503cc9682959564bcb7188904664122a483f8f3ffe8
SERVER_TRAFFIC_SECRET_0 b9c31d795d1cc84bf1ff1035bc30948a1e4c678b0e0d2d030a8f1882296d20b3 c4e57f032d4535e143521d2477a6d2ab8521a2b1c59c7ec7e3beb74cff412484
EXPORTER_SECRET b9c31d795d1cc84bf1ff1035bc30948a1e4c678b0e0d2d030a8f1882296d20b3 e15a634f264ad25dcd0943c0b79aaa58a19f2744e1ea5af30c1b89e8abf662f0
