CLIENT_HANDSHAKE_TRAFFIC_SECRET 1086479799539249229eb8d4d8dcdc70ce1ef468281dbff3793de6ae01892f3d a440bebcd3778794bf957d01996a907a68b7cd2a129b7b3e0e66e04c534d0b76
SERVER_HANDSHAKE_TRAFFIC_SECRET 1086479799539249229eb8d4d8dcdc70ce1ef468281dbff3793de6ae01892f3d c23e56566ec9d9319c157ca64b67efe29d8f1c6300baf7f1d8312ead0fb5a8f0
CLIENT_TRAFFIC_SECRET_0 1086479799539249229eb8d4d8dcdc70ce1ef468281dbff3793de6ae01892f3d 548c741f9bb813dc55f033300207bf04748b9058b75b46725606caa255274e30
SERVER_TRAFFIC_SECRET_0 1086479799539249229eb8d4d8dcdc70ce1ef468281dbff3793de6ae01892f3d 1072d3e69e1e4eabe86a156b79f14d280fbb7bcba0631d2cbbdc3daef84bf1d9
EXPORTER_SECRET 1086479799539249229eb8d4d8dcdc70ce1ef468281dbff3793de6ae01892f3d 3acd902ca8c22c18a8796253c1ec851a58e0d8dfb44c63ad696419d64448bd04
CLIENT_HANDSHAKE_TRAFFIC_SECRET 4a54eab9b2b471519507a44c842ff6eb73c78aa15833f57e679bbb24348313bf ffd5b6e1fea4f0c060074d2b3da5e12eb5f420c7a120bc2e9531b922b7332ba5
SERVER_HANDSHAKE_TRAFFIC_SECRET 4a54eab9b2b471519507a44c842ff6eb73c78aa15833f57e679bbb24348313bf 5d780c9b0f89d808073f80b2b3d918e706bb19b78fdbfbae04cb400ebdf4529f
CLIENT_TRAFFIC_SECRET_0 4a54eab9b2b471519507a44c842ff6eb73c78aa15833f57e679bbb24348313bf 7fb7220c6d295f430518ba4189eeb172d03bc34946e84d9221181fe5ea1194cc
SERVER_TRAFFIC_SECRET_0 4a54eab9b2b471519507a44c842ff6eb73c78aa15833f57e679bbb24348313bf 373945617474b9ba016c3d1259b1d100d6ca0d63b88f16b2d7fca03680764129
EXPORTER_SECRET 4a54eab9b2b471519507a44c842ff6eb73c78aa15833f57e679bbb24348313bf 97118a8e8b4b61e76260b4dc24e25cc980102fe1b1580ddcad3e183abcec4505
CLIENT_HANDSHAKE_TRAFFIC_SECRET 30d5be697de22bd3b3c516cf916352c5b89da837450daf28bbed41ba02df3398 372f1ef3f8ac91aee2c84d1ee1c1008c0e8d4a8d54e2407004913e443ffceacb
SERVER_HANDSHAKE_TRAFFIC_SECRET 30d5be697de22bd3b3c516cf916352c5b89da837450daf28bbed41ba02df3398 c10cae9becf44d1a80fd9107b6b5fae7a8b92cb72c29f1134e760b216217b4ce
CLIENT_HANDSHAKE_TRAFFIC_SECRET 76b229da927d1076e4b9cd7445ea3a6976148de4ef03333ef54b011591cd56c4 775942466c2aee121624aea50ef0966cbc580a9eb434ac8d6a32557e14a545f2
SERVER_HANDSHAKE_TRAFFIC_SECRET 76b229da927d1076e4b9cd7445ea3a6976148de4ef03333ef54b011591cd56c4 86b9c270aed7c2443c94eb54cc206653bf09830d3e0f2f4a5ae42c52d716f01f
CLIENT_HANDSHAKE_TRAFFIC_SECRET 71f826df3a62b62729d3e4846186824c27fc527a5ae003e536876c783b83c792 71134620e98dba5663167f48ef5d5775aaeebab703044aec8a88b8945395d015
SERVER_HANDSHAKE_TRAFFIC_SECRET 71f826df3a62b62729d3e4846186824c27fc527a5ae003e536876c783b83c792 97b4f7ae36c9a24244b687c079fca4d0c53c7aa5b97c6c36d165315b5805f19b
CLIENT_TRAFFIC_SECRET_0 30d5be697de22bd3b3c516cf916352c5b89da837450daf28bbed41ba02df3398 3c0c6be55d8ce6b326bffd9f86fc68cbb2ae61a9ea9533d1fa9e22a4d95b1951
SERVER_TRAFFIC_SECRET_0 30d5be697de22bd3b3c516cf916352c5b89da837450daf28bbed41ba02df3398 40dbe511c1fa45af9c9dd9fbc81459d5ce0920a322ede92789c5bfde89be9112
EXPORTER_SECRET 30d5be697de22bd3b3c516cf916352c5b89da837450daf28bbed41ba02df3398 342b4d6e0b9a9bdd9257160d7697d57098c68ba908ab427278e2dfed06c03888
CLIENT_TRAFFIC_SECRET_0 76b229da927d1076e4b9cd7445ea3a6976148de4ef03333ef54b011591cd56c4 91132601c8c21dd6bb8400052cd9843e7ff269f2360fab7d11430d13b90a7bea
SERVER_TRAFFIC_SECRET_0 76b229da927d1076e4b9cd7445ea3a6976148de4ef03333ef54b011591cd56c4 1a2e355cbd8fbc678facdca89c3844bf3987b724f9e5a465b050b05f374bb59e
EXPORTER_SECRET 76b229da927d1076e4b9cd7445ea3a6976148de4ef03333ef54b011591cd56c4 34bc6e0c34fe27e5afe5511ce283865e0172d7f7d843fb8dfc8eb5388eb756c5
CLIENT_TRAFFIC_SECRET_0 71f826df3a62b62729d3e4846186824c27fc527a5ae003e536876c783b83c792 139d22f015f8a004a348add8d7c87bde882a0f2e1bf32f364d24eb880315f928
SERVER_TRAFFIC_SECRET_0 71f826df3a62b62729d3e4846186824c27fc527a5ae003e536876c783b83c792 96c72a3763730e74cd610ddf99c088368a3000cf08bd4daf16f487a4444e42a9
EXPORTER_SECRET 71f826df3a62b62729d3e4846186824c27fc527a5ae003e536876c783b83c792 731b1598a95780fca40272fad506656453be4957b1d22b67256278985ccefbe9
CLIENT_HANDSHAKE_TRAFFIC_SECRET 435eff8ca8deaa1f43545e399c0cb3768d2d5346435752b7f576ea9d18b9e4b5 f1af4d335b05688459cfbc968f5676c8430a95c42fbc162bd414631bd66ab027
SERVER_HANDSHAKE_TRAFFIC_SECRET 435eff8ca8deaa1f43545e399c0cb3768d2d5346435752b7f576ea9d18b9e4b5 d96f5c84d0490c0568ea1756e57d7c766a82d3610b1010bfce72c91c1a4ec461
CLIENT_TRAFFIC_SECRET_0 435eff8ca8deaa1f43545e399c0cb3768d2d5346435752b7f576ea9d18b9e4b5 956172a1d82b83003a45b06e4e4faa57bf9f3eefdf83e7a2e72b3d97cb329c82
SERVER_TRAFFIC_SECRET_0 435eff8ca8deaa1f43545e399c0cb3768d2d5346435752b7f576ea9d18b9e4b5 6cad33bd3652de0e2841d6f315ecb0c25d2d06de10974bf346b4839614046d49
EXPORTER_SECRET 435eff8ca8deaa1f43545e399c0cb3768d2d5346435752b7f576ea9d18b9e4b5 7060871db7e8480cdcf86a1a7c76166ac9da067533fca6b6b6e4d5e3386ce27d
