CLIENT_HANDSHAKE_TRAFFIC_SECRET e5219341c6218923cb5eddd45aa6ab9312bf983518c1eaa1ef22566ae5e61a9f b4e50c05b2a1706ada1b25d6b4b8bdb892c047a9f8258ae6a5f205757e4d1592
SERVER_HANDSHAKE_TRAFFIC_SECRET e5219341c6218923cb5eddd45aa6ab9312bf983518c1eaa1ef22566ae5e61a9f 7428928447941f2c1be951411d941cd04b939d477a8054af351e11de4b21d0cb
CLIENT_TRAFFIC_SECRET_0 e5219341c6218923cb5eddd45aa6ab9312bf983518c1eaa1ef22566ae5e61a9f 58392ce6acedea02edaf1294e7fb15f02b1461487f0c220901b7cb7179aca320
SERVER_TRAFFIC_SECRET_0 e5219341c6218923cb5eddd45aa6ab9312bf983518c1eaa1ef22566ae5e61a9f 34ae85a5ed3a4cdb2f2d89febea65d619471985ca4849024a32597acc1019319
EXPORTER_SECRET e5219341c6218923cb5eddd45aa6ab9312bf983518c1eaa1ef22566ae5e61a9f 67a1aac26f07f1c47d72e69efe9253208bbbb383510635a68caffb1d096525bf
CLIENT_HANDSHAKE_TRAFFIC_SECRET 7f1a9fe6cb5e2c52d2c3f5d1617bef6ce6b8d60f2555422d19ff43aec5535066 7b78ee5df54c594c87574683e08404536ef3b3c41cc0866e0b9e8a5340180acc
SERVER_HANDSHAKE_TRAFFIC_SECRET 7f1a9fe6cb5e2c52d2c3f5d1617bef6ce6b8d60f2555422d19ff43aec5535066 9d5e85a664c627cc5f001baa2d61100563f5ccba952107b705c7181ee2ce6cc1
CLIENT_TRAFFIC_SECRET_0 7f1a9fe6cb5e2c52d2c3f5d1617bef6ce6b8d60f2555422d19ff43aec5535066 8176ee00b325dd469dde6df7c5565ca2e33fd2dd516a378f35555a558dfd61d2
SERVER_TRAFFIC_SECRET_0 7f1a9fe6cb5e2c52d2c3f5d1617bef6ce6b8d60f2555422d19ff43aec5535066 9959322884cc451aae85c246a3a475ba4f31653c70142d6ba5e3a3b40e2ff895
EXPORTER_SECRET 7f1a9fe6cb5e2c52d2c3f5d1617bef6ce6b8d60f2555422d19ff43aec5535066 5cdcb716e18382f20a02bb70e84512c007f126b3465f01d34b0b4ed80006fb5f
CLIENT_HANDSHAKE_TRAFFIC_SECRET 038afd2684b24377d4cfacb5214297208dbfd69b205e00d04b6f94a797f1edf5 fcbc6c53b4e61fdda137ee005d8718b012307884a466cfc1098f3d5403629324
SERVER_HANDSHAKE_TRAFFIC_SECRET 038afd2684b24377d4cfacb5214297208dbfd69b205e00d04b6f94a797f1edf5 d46f79bae757eca1b127af119ab2b43fb7c40f9981f006a4d54317f22ea7dc28
CLIENT_TRAFFIC_SECRET_0 038afd2684b24377d4cfacb5214297208dbfd69b205e00d04b6f94a797f1edf5 322c9635dfbcd7d8203849a81bf14b532c7ae288e1d3f11e1c4143ba483ac07c
SERVER_TRAFFIC_SECRET_0 038afd2684b24377d4cfacb5214297208dbfd69b205e00d04b6f94a797f1edf5 242267f07ebff6fc11d528ca9d16db1909a221ee5ca6a6d0aa5821e9f2f2eaee
EXPORTER_SECRET 038afd2684b24377d4cfacb5214297208dbfd69b205e00d04b6f94a797f1edf5 594528a9f8a13482ea7ef1fc06a9fb3efab91f648b33c490f4cbef49d212751e
CLIENT_HANDSHAKE_TRAFFIC_SECRET 54402dfb65c0f034bd4462b604561d2b1bb1086c5ebb3115ca81d27dd7324b47 fddc4acb4906d819431e56be36ffa255842d5e91c3cb91e0dd8d6dc540f5e93f
SERVER_HANDSHAKE_TRAFFIC_SECRET 54402dfb65c0f034bd4462b604561d2b1bb1086c5ebb3115ca81d27dd7324b47 05b15a9f55a36508d3986a3b2edbc863cfa7ea74b6a7bc82d24ec20a2a686ff5
CLIENT_TRAFFIC_SECRET_0 54402dfb65c0f034bd4462b604561d2b1bb1086c5ebb3115ca81d27dd7324b47 88c277529b3321770f49bb6a3959ce0395a94c16762776b176077ec3413505ca
SERVER_TRAFFIC_SECRET_0 54402dfb65c0f034bd4462b604561d2b1bb1086c5ebb3115ca81d27dd7324b47 c5788c2c09994b60d00318d1f8e58cdbbcfdf010b53bcb871874ff1f059864cf
EXPORTER_SECRET 54402dfb65c0f034bd4462b604561d2b1bb1086c5ebb3115ca81d27dd7324b47 6f47f492be6c32e90fc7e7083bd7199f8f593e4dd4b979516d5b0a1201aeb930
