CLIENT_HANDSHAKE_TRAFFIC_SECRET b616b680223f50fd488997519a554e5ce978bcd74ab614398a8ff02b992ed459 2ca6e4611ab95000f5b90f342749dad3e2d486475c625c77d2ed7861418dab05
SERVER_HANDSHAKE_TRAFFIC_SECRET b616b680223f50fd488997519a554e5ce978bcd74ab614398a8ff02b992ed459 c1fc8440104652e2c513b473c6d5af35f1afae887c51f830c3769d9cfda25d4d
CLIENT_TRAFFIC_SECRET_0 b616b680223f50fd488997519a554e5ce978bcd74ab614398a8ff02b992ed459 e1bd524df13fbb5301fdc9a1f4fb03fd38f34d38ed15e1ca1acdd83910be0257
SERVER_TRAFFIC_SECRET_0 b616b680223f50fd488997519a554e5ce978bcd74ab614398a8ff02b992ed459 8a890849a3b4e4cf63da43aa733f547fa0aad10d00c2282917ff4ad1d927c2e1
EXPORTER_SECRET b616b680223f50fd488997519a554e5ce978bcd74ab614398a8ff02b992ed459 c5bb3f37a72017cced876bf69e122e1e2bbf6d774bf8517682fb14b80c687210
CLIENT_HANDSHAKE_TRAFFIC_SECRET 4fc68cc2c7e3efc746d1ef202df57ba31cf65b67964a32294092e2b73b12205c 1899ddbf1323ca8f18639d7d90897d3f62ed289d0412dbc282b7a3d3312ab335
SERVER_HANDSHAKE_TRAFFIC_SECRET 4fc68cc2c7e3efc746d1ef202df57ba31cf65b67964a32294092e2b73b12205c f4b9290afbbe764caca36b0d369c01d2dd1e727cda502c190504f12417808d4a
CLIENT_HANDSHAKE_TRAFFIC_SECRET 2469371a1da6f6c870673705cc5eb8d4226c7381611b71bc78feb56d10bcf865 6c6fe13699c8f6d289ac7612b409d08f1c666ce9c554ba83b86828385634e215
CLIENT_HANDSHAKE_TRAFFIC_SECRET 6dc203ccff28a6856795efbee924d81bac7d9409953dead6574a6f708c23f1b0 cde3bb22c1f37183a482adc5ec723c260969a97ce4fdcd3a8ad9072c12adfcbf
SERVER_HANDSHAKE_TRAFFIC_SECRET 2469371a1da6f6c870673705cc5eb8d4226c7381611b71bc78feb56d10bcf865 32bfc552d9201879cdb4e2fa9193bfa3d544defe7ba63c50b71e7e67b43e4501
SERVER_HANDSHAKE_TRAFFIC_SECRET 6dc203ccff28a6856795efbee924d81bac7d9409953dead6574a6f708c23f1b0 2cf1a19b3dd669382ad26119841bba1a35880225a8ccaed166552c868296010f
CLIENT_TRAFFIC_SECRET_0 4fc68cc2c7e3efc746d1ef202df57ba31cf65b67964a32294092e2b73b12205c 79888da552142de6f393e36ceb6d513317b83fe2129d022e64ad3502b8cb2963
CLIENT_TRAFFIC_SECRET_0 2469371a1da6f6c870673705cc5eb8d4226c7381611b71bc78feb56d10bcf865 05808c9045b9fd049c47ad93deca4206ef254dd8725cf843f65cbd49aeea2ab2
SERVER_TRAFFIC_SECRET_0 4fc68cc2c7e3efc746d1ef202df57ba31cf65b67964a32294092e2b73b12205c b9c86fff6ec72775060338d11fc1449aa192cb97d8dd49e0ffc3efd1b3eb850e
SERVER_TRAFFIC_SECRET_0 2469371a1da6f6c870673705cc5eb8d4226c7381611b71bc78feb56d10bcf865 ae530721cac11b487dcced6970b2467ebe3d77c0dfbb1ca509032dc12df9fb62
EXPORTER_SECRET 4fc68cc2c7e3efc746d1ef202df57ba31cf65b67964a32294092e2b73b12205c 5d09d0c2bad4c38271df7d322645aaa38bc828d89f62e39ec20af0046293dda2
EXPORTER_SECRET 2469371a1da6f6c870673705cc5eb8d4226c7381611b71bc78feb56d10bcf865 706230c3bbcffa900a8cb74406bfc1ee176fc713a45c32de727e18a847bf4d53
CLIENT_TRAFFIC_SECRET_0 6dc203ccff28a6856795efbee924d81bac7d9409953dead6574a6f708c23f1b0 6f60c53c3c2e2fc2dfeb0a7c551628c059dd984f8bbe7b6f1c2142c1d401d368
SERVER_TRAFFIC_SECRET_0 6dc203ccff28a6856795efbee924d81bac7d9409953dead6574a6f708c23f1b0 14d759fadf42a85dfe2c0fddd9911cc6e2936ca617ad8a0c51f90c316f6a79f1
EXPORTER_SECRET 6dc203ccff28a6856795efbee924d81bac7d9409953dead6574a6f708c23f1b0 509b23ec3b3b542fcf20f7f70df326fadb1dfa3e8c910c03a306db2234ad9268
