CLIENT_HANDSHAKE_TRAFFIC_SECRET 3f339fee6587316b97c772636791298bc7c6a89a349b28b0aa4acf032b9bc104 a122db31d81dc59138f9f493a781ef6ee5cce2f31e6d9baa593f63de803470e0
SERVER_HANDSHAKE_TRAFFIC_SECRET 3f339fee6587316b97c772636791298bc7c6a89a349b28b0aa4acf032b9bc104 6972cbc2651f2beb8e85e0ea69a563f9f7034bf00c6c460d142867291b726e9b
CLIENT_TRAFFIC_SECRET_0 3f339fee6587316b97c772636791298bc7c6a89a349b28b0aa4acf032b9bc104 17ea906d89354a6032ec3049a80841babfead3611f3957a3a7940075bbc26575
SERVER_TRAFFIC_SECRET_0 3f339fee6587316b97c772636791298bc7c6a89a349b28b0aa4acf032b9bc104 e4f721215289499cb81bf820799cababf8268259b0ee0d878a5befc3c92042c7
EXPORTER_SECRET 3f339fee6587316b97c772636791298bc7c6a89a349b28b0aa4acf032b9bc104 8de34e9b496d5edc7396799c71ec05f03cafdc8190190f897333999dadde5a23
CLIENT_HANDSHAKE_TRAFFIC_SECRET fa1ce3ebef14966402d545fe1ef440298b6388a3351d463cc63a7192fc387b0f ad56f542f51ac61c17801982976a2cdd64ee88fba1019181d9be75d9214ea797
SERVER_HANDSHAKE_TRAFFIC_SECRET fa1ce3ebef14966402d545fe1ef440298b6388a3351d463cc63a7192fc387b0f 865012c115362889c3e8f89952350292b8514d05f8082dbcd97dd90332aa0d7e
CLIENT_TRAFFIC_SECRET_0 fa1ce3ebef14966402d545fe1ef440298b6388a3351d463cc63a7192fc387b0f bffedf22ae6df7707b086aaf57cd704cb8eab447b4b1266d7da91725f9004c1b
SERVER_TRAFFIC_SECRET_0 fa1ce3ebef14966402d545fe1ef440298b6388a3351d463cc63a7192fc387b0f 60018d186df626212234864594ff835cde487f4d7b68e200a8b57540a4d9211f
EXPORTER_SECRET fa1ce3ebef14966402d545fe1ef440298b6388a3351d463cc63a7192fc387b0f b8e5807ea320b28df0f0f8d3d89f801eea92f126005a83cff27f621d7f7130d9
CLIENT_HANDSHAKE_TRAFFIC_SECRET b78cf0da5aa7fb662da6f04479b30b013abf0d776dba6c404b22e0efb25ebec3 3a5746f227099c2796dc2959066e294ea96d70d2d833128555d00256bde396e5
SERVER_HANDSHAKE_TRAFFIC_SECRET b78cf0da5aa7fb662da6f04479b30b013abf0d776dba6c404b22e0efb25ebec3 4fa6409bd3b2cf6f3d31e974fafacec2b3b6203662485f350cd7359f050ddecc
CLIENT_TRAFFIC_SECRET_0 b78cf0da5aa7fb662da6f04479b30b013abf0d776dba6c404b22e0efb25ebec3 8e1d5efdf33ec6d2f8715be0178821ec221dcab312047a00a5bedbe16d15797c
SERVER_TRAFFIC_SECRET_0 b78cf0da5aa7fb662da6f04479b30b013abf0d776dba6c404b22e0efb25ebec3 999921eb61b84152ed1a741c54fc2afeba9f3efa06f0a7260bf8a462ab955775
EXPORTER_SECRET b78cf0da5aa7fb662da6f04479b30b013abf0d776dba6c404b22e0efb25ebec3 07b61cb2f328953e6f9c417df65828b98478de570f700afa186be09acc15fc47
CLIENT_HANDSHAKE_TRAFFIC_SECRET c00fe90c8bc9b27ad98bdf9c538a508826c4a1f861f81c5eb03427e5b7186a2e e4d916be4eb1df507b6ad3627312c5f20144f3a3ca75cea5db93fe0710e204da
SERVER_HANDSHAKE_TRAFFIC_SECRET c00fe90c8bc9b27ad98bdf9c538a508826c4a1f861f81c5eb03427e5b7186a2e b758224d85d89d8ae6e138baa39e4f1a22ade65fe88f1f63b9b2c5db9a616d16
CLIENT_HANDSHAKE_TRAFFIC_SECRET 03f7097991fa89ee2750a8bef801135d2ecb9a5da52f3ffc56bc9a7a1d4e90b2 e32e3c938814232211989d803a3474bd8dc7ebbbcd600e4f34e085c0f803e05b
SERVER_HANDSHAKE_TRAFFIC_SECRET 03f7097991fa89ee2750a8bef801135d2ecb9a5da52f3ffc56bc9a7a1d4e90b2 1b474989f7bd00e6c7632e6ccee5987ca2384c9070e5d495308308abc3d8a67b
CLIENT_HANDSHAKE_TRAFFIC_SECRET d0fc7e13e2e2728b41e19cbd0886f5753f2583983ddae60ca232532f0628dba0 64838747cc63feb9f47df61a20ad14c34f4c39f668257d17dca5ae86b2513031
SERVER_HANDSHAKE_TRAFFIC_SECRET d0fc7e13e2e2728b41e19cbd0886f5753f2583983ddae60ca232532f0628dba0 dc2fb6a7f67b875c1b6b835f3d21fa8c3d187211d30ca9c346a5ad0bf92d44c9
CLIENT_TRAFFIC_SECRET_0 c00fe90c8bc9b27ad98bdf9c538a508826c4a1f861f81c5eb03427e5b7186a2e 731af612d238bfe4c4b34c4401d6ff68937a5dc47629672b0457903e958ecbe2
SERVER_TRAFFIC_SECRET_0 c00fe90c8bc9b27ad98bdf9c538a508826c4a1f861f81c5eb03427e5b7186a2e 8688c5f5c44813e7fa8f217e5b1316b06bfba9b0810cf92215af277d738bb16b
EXPORTER_SECRET c00fe90c8bc9b27ad98bdf9c538a508826c4a1f861f81c5eb03427e5b7186a2e 79820f2a732ca02c9791aa8bfb703bcbc0c1ca726e9077066a4400c0c43a44ec
CLIENT_TRAFFIC_SECRET_0 03f7097991fa89ee2750a8bef801135d2ecb9a5da52f3ffc56bc9a7a1d4e90b2 ed4a1bbcd565719aec589e2f6d92de6a8e3cb800735bf3e970bb76c43bda98b6
SERVER_TRAFFIC_SECRET_0 03f7097991fa89ee2750a8bef801135d2ecb9a5da52f3ffc56bc9a7a1d4e90b2 b19ac08bb0c300797335852fe116690c9f9faec3a82875c0da9f6bd9c059f4cb
EXPORTER_SECRET 03f7097991fa89ee2750a8bef801135d2ecb9a5da52f3ffc56bc9a7a1d4e90b2 54db2288d2ea8b53ccb22a4195c43317ec7f90c814eda83ddd67eb484f44b839
CLIENT_TRAFFIC_SECRET_0 d0fc7e13e2e2728b41e19cbd0886f5753f2583983ddae60ca232532f0628dba0 e44b8c953dbc5580cea972e6594d6ed31fade289108a2d8209137280351738fc
SERVER_TRAFFIC_SECRET_0 d0fc7e13e2e2728b41e19cbd0886f5753f2583983ddae60ca232532f0628dba0 7b113125ccb132ce04bae60a66ecab25eee92d330f8cbadf28f33a113ee74daa
EXPORTER_SECRET d0fc7e13e2e2728b41e19cbd0886f5753f2583983ddae60ca232532f0628dba0 be7e8661d4fb3a4438f3e5235707414f6ee59df4e20e346c7c0d5b37bb2b817e
CLIENT_HANDSHAKE_TRAFFIC_SECRET b5a9558c03350e92b8ab4d6b90eb3dfa57a9f1cabff5df83b5eb1ee8e0195b9d 8dc4cc8f7d005e31dcbb5bcce7905be10442d708f20d58209f83ece3a6cb6d30
SERVER_HANDSHAKE_TRAFFIC_SECRET b5a9558c03350e92b8ab4d6b90eb3dfa57a9f1cabff5df83b5eb1ee8e0195b9d 404bcdbca41bf02a04b7ed08c8e0eedc031adbfa49f3478506a4261ebb225ca7
CLIENT_HANDSHAKE_TRAFFIC_SECRET 99dbd301b6ee586cf1da2a7c32ee6267cba8a2d8ac321239667656201299e189 b9a9ef5e5c4ac7069c5ca077665b8dcc657b2cf729f9c6cd8572b6d9e2cf281f
SERVER_HANDSHAKE_TRAFFIC_SECRET 99dbd301b6ee586cf1da2a7c32ee6267cba8a2d8ac321239667656201299e189 25ba53d624f4294e3a2411726f478a906a88d0290928faeee0ab5d23846c40b8
CLIENT_TRAFFIC_SECRET_0 99dbd301b6ee586cf1da2a7c32ee6267cba8a2d8ac321239667656201299e189 7ec96fad588e67e8309b18c285fe9cbc6fd0900e0049ba267c49cc67b40993d9
CLIENT_TRAFFIC_SECRET_0 b5a9558c03350e92b8ab4d6b90eb3dfa57a9f1cabff5df83b5eb1ee8e0195b9d e6f8d29a69418554ed2248828d27b53570306d0898d10a65b2ecde6495b57ed7
SERVER_TRAFFIC_SECRET_0 99dbd301b6ee586cf1da2a7c32ee6267cba8a2d8ac321239667656201299e189 b3197b997c42aa34abd6f4e4c86968f35ab75727d038f7ef0717bcef4cd74ebf
SERVER_TRAFFIC_SECRET_0 b5a9558c03350e92b8ab4d6b90eb3dfa57a9f1cabff5df83b5eb1ee8e0195b9d d4af3c12330187ca45956ac8c38c1a663e0b85a37f50f0fd52b3e01875d3c340
EXPORTER_SECRET 99dbd301b6ee586cf1da2a7c32ee6267cba8a2d8ac321239667656201299e189 14031122a5ca3898bd60d386687bd10acfd3e6d2c1cb0661c32a859f52f876a4
EXPORTER_SECRET b5a9558c03350e92b8ab4d6b90eb3dfa57a9f1cabff5df83b5eb1ee8e0195b9d 334fc5e960ac805c19d00eec8f6c99a79dd5882728b222c19fe334fa58149902
CLIENT_HANDSHAKE_TRAFFIC_SECRET d60268839daa036c39e3a830e632b7e1a86eb5b0905b5b5354c069d99a0e842c c954ab47264cb8475c3d90273a687a26748f309b7f02fa78f9f642df7b31f505
SERVER_HANDSHAKE_TRAFFIC_SECRET d60268839daa036c39e3a830e632b7e1a86eb5b0905b5b5354c069d99a0e842c c8ecb3b8832874ce97c251f381536a49d4500694172740b30493a98b8bef1629
CLIENT_TRAFFIC_SECRET_0 d60268839daa036c39e3a830e632b7e1a86eb5b0905b5b5354c069d99a0e842c 8c94364c63802b0ee58e289e4736e28561e3bc76fc0d98e873a7d5be9de841c5
SERVER_TRAFFIC_SECRET_0 d60268839daa036c39e3a830e632b7e1a86eb5b0905b5b5354c069d99a0e842c 607048f3cefef6f07e03f3d279dd216a915cdcda10eb52454f4192abb93eb54f
EXPORTER_SECRET d60268839daa036c39e3a830e632b7e1a86eb5b0905b5b5354c069d99a0e842c aa2560bf2ac911b50ba878e5da6f43e6957fdfe78ef60b9352f594872f281c22
CLIENT_HANDSHAKE_TRAFFIC_SECRET b0795c00014576afe03010038ccdc96e444326e6142ef6232d65110fc48670c7 6942f7e3a65517d4463e01c42b966b82eaa0ebc72fd150f794689ff2ef22f216
SERVER_HANDSHAKE_TRAFFIC_SECRET b0795c00014576afe03010038ccdc96e444326e6142ef6232d65110fc48670c7 ac062a26a987872613ead362648938667548bf3eec85ded5fdb6e80496039ef7
CLIENT_TRAFFIC_SECRET_0 b0795c00014576afe03010038ccdc96e444326e6142ef6232d65110fc48670c7 06274a831756537fcd2b618914d20d7e8a9d66fccbee157f6604b6daadd5c497
SERVER_TRAFFIC_SECRET_0 b0795c00014576afe03010038ccdc96e444326e6142ef6232d65110fc48670c7 3b31274ec21548ddf763ac38375653ed88dc3e9212bb1bc8f6710880485692ee
EXPORTER_SECRET b0795c00014576afe03010038ccdc96e444326e6142ef6232d65110fc48670c7 4f69c0dbf1cfa08e8cf5ea7e80ec249c6d09e5854c1e6a3fc4a2dfe2d2285aee
CLIENT_HANDSHAKE_TRAFFIC_SECRET f89e253af54a08ba54fd400657974c95ea8d227b8a07c447ab2d249f4738818d 630ae5345d94305346fb4f69ddc2130ffb5c548675006f64a888a617bdcfc265
SERVER_HANDSHAKE_TRAFFIC_SECRET f89e253af54a08ba54fd400657974c95ea8d227b8a07c447ab2d249f4738818d 6b79597c4f042304f1d08222c6a3988d250b75708df527b9010038abd0fd191f
CLIENT_TRAFFIC_SECRET_0 f89e253af54a08ba54fd400657974c95ea8d227b8a07c447ab2d249f4738818d 163c21c5344d6a050ec941379ede27921d057f13209df0cb93574b0aa8178f5e
SERVER_TRAFFIC_SECRET_0 f89e253af54a08ba54fd400657974c95ea8d227b8a07c447ab2d249f4738818d a8a4ab1a70343e3c89b079b7949c4a2796dac696f655c34826d2fb4fce043cc0
EXPORTER_SECRET f89e253af54a08ba54fd400657974c95ea8d227b8a07c447ab2d249f4738818d 9fbdfcf15bea90a91c04bbdef59e120b5574c3ad840b6dd28d5bddb01b73e4de
