CLIENT_HANDSHAKE_TRAFFIC_SECRET f1af1c05dbc66cf46d62f92098faca86fdd725072d4856659ee001fc08b0e2a8 f3cd6ebed88c710a6239cb0a16ae5c3bc4396ce3ac5623fa89d417505ba955b6
SERVER_HANDSHAKE_TRAFFIC_SECRET f1af1c05dbc66cf46d62f92098faca86fdd725072d4856659ee001fc08b0e2a8 1c428649c4004b0886e1504de322e2384aa85713a9186933f5d14b74df2b96da
CLIENT_TRAFFIC_SECRET_0 f1af1c05dbc66cf46d62f92098faca86fdd725072d4856659ee001fc08b0e2a8 10e52e98ef2f50d8fcdbe98e9455b4a5b205a6e57c0626c956aa8e00dc1a0b04
SERVER_TRAFFIC_SECRET_0 f1af1c05dbc66cf46d62f92098faca86fdd725072d4856659ee001fc08b0e2a8 18d13d54e4fd0f4c89456f6ed06cdc0f4d4a15e5712742b93c6e1c36bd1eadb8
EXPORTER_SECRET f1af1c05dbc66cf46d62f92098faca86fdd725072d4856659ee001fc08b0e2a8 6462174282a30490e5a6f1a3f2d0433ff91a1c0c567dcbb6032f2688a0cf22a8
CLIENT_HANDSHAKE_TRAFFIC_SECRET 54861d45a345fc5c4dcf9411d36120c60e5f8f01ec82f15315b4fb985ee9862d 2ffa09b4f5107253718767cdebd92601afdb26071d1e8d21e72803cae5fa59b7
SERVER_HANDSHAKE_TRAFFIC_SECRET 54861d45a345fc5c4dcf9411d36120c60e5f8f01ec82f15315b4fb985ee9862d 4abcd10b637b89e7cce39be366408af0edf886776610053aaba2b3738e307a35
CLIENT_HANDSHAKE_TRAFFIC_SECRET 598dbd8031b79760ffa29ebae38add7889aad5e5c53cc7281179a1211c55093e 925e6587a84af4f4f537c8802631d5984311781292a01aba007f8558ea8364c4
SERVER_HANDSHAKE_TRAFFIC_SECRET 598dbd8031b79760ffa29ebae38add7889aad5e5c53cc7281179a1211c55093e ffebaad63662058159c3ab1cc34dc4df18b9853d3e4e2e02ed4af450379c917d
CLIENT_HANDSHAKE_TRAFFIC_SECRET c9bbed9c64ec785ce47d4c7c1fffcf39bbe1a59dbe5d8bb5d3f0307fcd02d93b a5d346c2892fd61c1f009b34365195d1ef6fe9dfe5dd15a716f7fa027662c9db
SERVER_HANDSHAKE_TRAFFIC_SECRET c9bbed9c64ec785ce47d4c7c1fffcf39bbe1a59dbe5d8bb5d3f0307fcd02d93b c808b6062de8c21f95f6dd56d0f343af87fe3caa0e27701af4231a2cccdd7b6a
CLIENT_HANDSHAKE_TRAFFIC_SECRET ddb9d7256d09ec04c087ffa66b01ac418171681444ab7cb7e43c2125463db4a2 ac86d3126b34000cb29890e80af591561ca545b9f8fe0f7a428b63df6d3143d0
SERVER_HANDSHAKE_TRAFFIC_SECRET ddb9d7256d09ec04c087ffa66b01ac418171681444ab7cb7e43c2125463db4a2 e1f577a74c36369fa13679293a854b338383d0af42232b7b550a80c6953e6bfd
CLIENT_HANDSHAKE_TRAFFIC_SECRET ae0867dade4b26d57570230e0ff7a49de9d0722775224ac66327aa8632cb7c8f f60222efc49de777a6bf5c172dc3ab61714fea6536d1590acdc9d0527bac6a15
SERVER_HANDSHAKE_TRAFFIC_SECRET ae0867dade4b26d57570230e0ff7a49de9d0722775224ac66327aa8632cb7c8f 6056c420f8cd0e474e9f1bf71ee38d90f16796ae05b9e40bade1808ed903bdc6
CLIENT_HANDSHAKE_TRAFFIC_SECRET 598dc6dec567f129025ffb68e9dde2f38b13f7c4f7d536ee890024d8a530fd98 c1565ba95949912035dcb38a3365f6f09cdde96b7405b98f332eec21f1a21b20
SERVER_HANDSHAKE_TRAFFIC_SECRET 598dc6dec567f129025ffb68e9dde2f38b13f7c4f7d536ee890024d8a530fd98 c3e0711e04eb84c32688ec6524fe56471210bb059cc38e30c7905e4ad062b9ab
CLIENT_TRAFFIC_SECRET_0 54861d45a345fc5c4dcf9411d36120c60e5f8f01ec82f15315b4fb985ee9862d 21f8df4d521d043ef3aca94c942d414194cc3684724cac557797971f4848a97f
SERVER_TRAFFIC_SECRET_0 54861d45a345fc5c4dcf9411d36120c60e5f8f01ec82f15315b4fb985ee9862d c745f2fbfa4b0be4b4fce7d0b02264f4a1ff41086b6e4a2951a7085c24988c89
EXPORTER_SECRET 54861d45a345fc5c4dcf9411d36120c60e5f8f01ec82f15315b4fb985ee9862d 97729f9ed8e7b184d41bc1dcb5b82dca8b225006c9104bfb3cff1838576b345b
CLIENT_TRAFFIC_SECRET_0 598dbd8031b79760ffa29ebae38add7889aad5e5c53cc7281179a1211c55093e 2785a21d58b116cfa0101624ebceb963f5e920e86953e54b6b486e81991e12e7
SERVER_TRAFFIC_SECRET_0 598dbd8031b79760ffa29ebae38add7889aad5e5c53cc7281179a1211c55093e 1f0426491335d9bab77aa7b1db4a12acca24004634355c31528aae6d6a62a008
EXPORTER_SECRET 598dbd8031b79760ffa29ebae38add7889aad5e5c53cc7281179a1211c55093e ce42d0523f73491889dba63f3463461cf264f9688600bf1e23754c35506f383d
CLIENT_TRAFFIC_SECRET_0 c9bbed9c64ec785ce47d4c7c1fffcf39bbe1a59dbe5d8bb5d3f0307fcd02d93b 5e70f2d2c747921661f5ecf2e71f672cd717535d55334c29df876a5186ca5e62
SERVER_TRAFFIC_SECRET_0 c9bbed9c64ec785ce47d4c7c1fffcf39bbe1a59dbe5d8bb5d3f0307fcd02d93b 0502dc1dc4eeaaafbcadeb36cbf7cbf9b49d12700baf4b7d6ef37a75635e2ad6
EXPORTER_SECRET c9bbed9c64ec785ce47d4c7c1fffcf39bbe1a59dbe5d8bb5d3f0307fcd02d93b b627b76730a09c9d27d1bc11ae56a72af57c69a740cd236eab78a5871f6ae2ff
CLIENT_TRAFFIC_SECRET_0 ddb9d7256d09ec04c087ffa66b01ac418171681444ab7cb7e43c2125463db4a2 374cb200a87e95a97ab437a78058d5196d815b660b4bf5e29497ebdea1ad96ec
SERVER_TRAFFIC_SECRET_0 ddb9d7256d09ec04c087ffa66b01ac418171681444ab7cb7e43c2125463db4a2 9765f798d425dff3551ea256e820ef3a783a04619d0ebd2a75eecd1fd2e526f9
EXPORTER_SECRET ddb9d7256d09ec04c087ffa66b01ac418171681444ab7cb7e43c2125463db4a2 ed2fa8022839f43b73e6b499e1d5e222c35ce8bc35c2cf383552f0c5295c5398
CLIENT_TRAFFIC_SECRET_0 ae0867dade4b26d57570230e0ff7a49de9d0722775224ac66327aa8632cb7c8f c7e830075d52b2956349aa1b9387ab3d7f8f463d9ed4e37a76833cf84f26c2e5
SERVER_TRAFFIC_SECRET_0 ae0867dade4b26d57570230e0ff7a49de9d0722775224ac66327aa8632cb7c8f 908f33fcce03b9ce31794ad1f436b2e6f0d43e80c1c9bbc33fc9f569d90aa1b8
EXPORTER_SECRET ae0867dade4b26d57570230e0ff7a49de9d0722775224ac66327aa8632cb7c8f aa1009d95c55f8ba6f91f5ffe19b4d10d6a6dd69664d9071ddd9c3d6a979c9bb
CLIENT_TRAFFIC_SECRET_0 598dc6dec567f129025ffb68e9dde2f38b13f7c4f7d536ee890024d8a530fd98 9e8d5176d2b6a2e706b35fe8269942e7e0f34686303e920cbc3fa2e255181ea4
SERVER_TRAFFIC_SECRET_0 598dc6dec567f129025ffb68e9dde2f38b13f7c4f7d536ee890024d8a530fd98 699d2d48bd70ad85136da817203b8095be47ddec4a1b460bc4a3eeafd28ece3f
EXPORTER_SECRET 598dc6dec567f129025ffb68e9dde2f38b13f7c4f7d536ee890024d8a530fd98 e4a5c55bc0b4af3a4a6af78afb4202554d56b7c32e5cee3b1667bcf69175ab73
