CLIENT_HANDSHAKE_TRAFFIC_SECRET 604d7eec1e398260d47a242b8d51ce8ca8bcc10a5cfe21f2301fd835045c8e25 88515236bc35083c22cf1f86c1225d287d66332a75d24230329cbc08d9be0ca8
SERVER_HANDSHAKE_TRAFFIC_SECRET 604d7eec1e398260d47a242b8d51ce8ca8bcc10a5cfe21f2301fd835045c8e25 4f2da96f70224c5d264d5205198b8aa1109c5a89e91ed31d35217cf3efe2c863
CLIENT_TRAFFIC_SECRET_0 604d7eec1e398260d47a242b8d51ce8ca8bcc10a5cfe21f2301fd835045c8e25 bbe35f22727e17f7cfe3c421dda15a1892184741dd2635715bf92cca447e46bc
SERVER_TRAFFIC_SECRET_0 604d7eec1e398260d47a242b8d51ce8ca8bcc10a5cfe21f2301fd835045c8e25 3aae03c0bcfc1b4f0b8850d2b6ccd67b05007515148c8361706ea191703683bd
EXPORTER_SECRET 604d7eec1e398260d47a242b8d51ce8ca8bcc10a5cfe21f2301fd835045c8e25 c296ef09167575309090dbb4ddd55e03cea869b5dec2a2614bd2de62bcd23d2f
CLIENT_HANDSHAKE_TRAFFIC_SECRET 24314a27597ad70d38dbae57004cf85618bbd0771210ab9dfea60d5ba0e07a5c 03f0726fbdcf081d613603708ac9ef984191ca111ea5d5e1215e5aa02ed646a4
SERVER_HANDSHAKE_TRAFFIC_SECRET 24314a27597ad70d38dbae57004cf85618bbd0771210ab9dfea60d5ba0e07a5c 4b12f333b57769f89fd6245a4e10175a4e45ebbede8af0467f85a556936f0af1
CLIENT_TRAFFIC_SECRET_0 24314a27597ad70d38dbae57004cf85618bbd0771210ab9dfea60d5ba0e07a5c 79dc89d17a3a1f1038ec5469f03311d6f741f282713b55488f4b6c87bf67e49a
SERVER_TRAFFIC_SECRET_0 24314a27597ad70d38dbae57004cf85618bbd0771210ab9dfea60d5ba0e07a5c 12e6043030e9ebe587714df87f03ed4c6b5731748441df3a5adf642588d608c4
EXPORTER_SECRET 24314a27597ad70d38dbae57004cf85618bbd0771210ab9dfea60d5ba0e07a5c 8a4b36d24baeca01d87e0e4dd14ba3d28c61b2c09fafee9b4be498eba7b8ab21
CLIENT_HANDSHAKE_TRAFFIC_SECRET bf1825f220baae791526f180ef37c970d2dcc72424d79728619f3be1ec6d36ad 912fb26c7ed6520b448ad1f7bbab15474cfb4fa87be8af1ccd9f8b63250889fa
SERVER_HANDSHAKE_TRAFFIC_SECRET bf1825f220baae791526f180ef37c970d2dcc72424d79728619f3be1ec6d36ad 236c382d7e8b02af6ca9aa40689a310999b0f9cd826823dc92b8b7e9aac22c09
CLIENT_HANDSHAKE_TRAFFIC_SECRET 1bb5148ebd42e5ffd4a62cdbbe4f363264741b1e9ff3937375618932c78fcfc5 d7364a138787ecdf582a784a1fbdf686a1e2329d9960de04cd7de49a457cf09e
SERVER_HANDSHAKE_TRAFFIC_SECRET 1bb5148ebd42e5ffd4a62cdbbe4f363264741b1e9ff3937375618932c78fcfc5 158e931bbdd2d44b1cab572f926c8b3419ba1f1567d909e21ee1ad7def561e77
CLIENT_HANDSHAKE_TRAFFIC_SECRET 7b838e0a95243ba1ba90d8a2f811c1c3436bb49fa34777f14fca7b71cc114fa8 6f4ef87e1beaf05e5490b4d790ef0d186e87f65b31537feccff2391615ec3f23
SERVER_HANDSHAKE_TRAFFIC_SECRET 7b838e0a95243ba1ba90d8a2f811c1c3436bb49fa34777f14fca7b71cc114fa8 587000f55de7cd8314bf14317bf3c3fb8a330c51856b3a7a6e904c442eb6720a
CLIENT_TRAFFIC_SECRET_0 bf1825f220baae791526f180ef37c970d2dcc72424d79728619f3be1ec6d36ad 82a43846a8ebfccaa83ff510be2e4b743594da5d9d8850f2525c212e1f8aaf09
SERVER_TRAFFIC_SECRET_0 bf1825f220baae791526f180ef37c970d2dcc72424d79728619f3be1ec6d36ad 00b6121e231cf48352d701c56cfd0f8d6735ab693b22f26f9d0c8049f79a960d
EXPORTER_SECRET bf1825f220baae791526f180ef37c970d2dcc72424d79728619f3be1ec6d36ad 3ffac24596e6fbe09371501b5c52a26b1c6a810db4615f49e3ef0e1949b8ba4d
CLIENT_TRAFFIC_SECRET_0 1bb5148ebd42e5ffd4a62cdbbe4f363264741b1e9ff3937375618932c78fcfc5 bfbe6892be3d5f176054c773027196418916523d4e2516d780246bbde103d235
SERVER_TRAFFIC_SECRET_0 1bb5148ebd42e5ffd4a62cdbbe4f363264741b1e9ff3937375618932c78fcfc5 92ca6d6a94ecc761650d079c2f3922fe5eb1156396e5f6c969d9b98f52f2f24e
EXPORTER_SECRET 1bb5148ebd42e5ffd4a62cdbbe4f363264741b1e9ff3937375618932c78fcfc5 942f4ce354adb0c6270156ec526016e6134e688ac58338049bb49710746a3358
CLIENT_TRAFFIC_SECRET_0 7b838e0a95243ba1ba90d8a2f811c1c3436bb49fa34777f14fca7b71cc114fa8 fcfbfe59625d0213ea9acfeee9c85f312275a4b6e513efa7ee51c5a2a7bf8a8e
SERVER_TRAFFIC_SECRET_0 7b838e0a95243ba1ba90d8a2f811c1c3436bb49fa34777f14fca7b71cc114fa8 de7b275350d3892db0eb417978a3d267622c2b9c3d3a120ed5690718d7722ae4
EXPORTER_SECRET 7b838e0a95243ba1ba90d8a2f811c1c3436bb49fa34777f14fca7b71cc114fa8 a5dfd9640ff32ecd42ef473d36a12641fc88cb22a914e5e96e742e9da182e312
CLIENT_HANDSHAKE_TRAFFIC_SECRET 81432b5eee9df0bbf3995dbfb140e495228e902f367fc990bc748a9ca4ae0cb4 a1998f00fa3216877f71cf061c414312cd307259ade16fada3314126c8188051
SERVER_HANDSHAKE_TRAFFIC_SECRET 81432b5eee9df0bbf3995dbfb140e495228e902f367fc990bc748a9ca4ae0cb4 69ca0090bf6c0b08d1195a97f25b8e45e05278feac0ded044cb2b873bcf15bae
CLIENT_HANDSHAKE_TRAFFIC_SECRET 06d1854442f5bafbc59929d7410dc8ddb28c523c1e26e43ba8e5c2ebb642d3e9 77f398b31c8549550a856cafd9e5e4332efd1d3e8693dec5d19a7d13e12bf70e
CLIENT_HANDSHAKE_TRAFFIC_SECRET 5b66b5b6873c37ef8ccdb9386541d7fae3eccf800747b72565eb98270792dc46 eab01aa8d4608eefbd849b0cd376eb8e9d8a71e9204058e5a55270c29886556a
SERVER_HANDSHAKE_TRAFFIC_SECRET 06d1854442f5bafbc59929d7410dc8ddb28c523c1e26e43ba8e5c2ebb642d3e9 2e6a3267e368dcc2df39d2aa17998277d5cd83408a377e50ba9547b0ef408409
SERVER_HANDSHAKE_TRAFFIC_SECRET 5b66b5b6873c37ef8ccdb9386541d7fae3eccf800747b72565eb98270792dc46 92945e179b68f694cd6b133f905518963f7bf378e1a757d8d68dee781e5a9699
CLIENT_HANDSHAKE_TRAFFIC_SECRET 377fd690915162a4c2e88ccabdbbd8e191980061bf59648ddf4be253f0300309 c1abab1d6b1f0df4d27c10ab0dff3d793b315921f51c3adda4bfce51d33cf70a
SERVER_HANDSHAKE_TRAFFIC_SECRET 377fd690915162a4c2e88ccabdbbd8e191980061bf59648ddf4be253f0300309 1faa38bb3f225a3662b6f3dc74b61bccea1df74e7b05c8dc0d15eec11aa6a8cf
CLIENT_TRAFFIC_SECRET_0 81432b5eee9df0bbf3995dbfb140e495228e902f367fc990bc748a9ca4ae0cb4 5b5395cf1dc5f2e227d6e4c642c66bfbc01cefa1cd5ce2848bde6d9bf2cd482c
SERVER_TRAFFIC_SECRET_0 81432b5eee9df0bbf3995dbfb140e495228e902f367fc990bc748a9ca4ae0cb4 97fda5d07db6c72651cf807ed89d00980fac116dc959e24ff9060a9137f4072c
EXPORTER_SECRET 81432b5eee9df0bbf3995dbfb140e495228e902f367fc990bc748a9ca4ae0cb4 c77d8e50ae2c589ccf3708ef16fef26e710216a467bb53d8048feaf2a1d8fcf7
CLIENT_TRAFFIC_SECRET_0 06d1854442f5bafbc59929d7410dc8ddb28c523c1e26e43ba8e5c2ebb642d3e9 0cab5f63e21ffefe6c08bdde4344b3797249e30ed6b617ca67c11dc8db638042
CLIENT_TRAFFIC_SECRET_0 5b66b5b6873c37ef8ccdb9386541d7fae3eccf800747b72565eb98270792dc46 e1fab4a72aadeed3171280c9045bf23313afff9f1753cf0b7b83ec5f9a5a79e1
SERVER_TRAFFIC_SECRET_0 06d1854442f5bafbc59929d7410dc8ddb28c523c1e26e43ba8e5c2ebb642d3e9 7a0e9f2c12ce2cbe42bac6dcecd4b3e2a2bb229bd33013a44c71abb22daa4599
SERVER_TRAFFIC_SECRET_0 5b66b5b6873c37ef8ccdb9386541d7fae3eccf800747b72565eb98270792dc46 71beb8518b691eaa7d1cd9737c20d0d409419962a63a6120a2a17d995d965e59
EXPORTER_SECRET 06d1854442f5bafbc59929d7410dc8ddb28c523c1e26e43ba8e5c2ebb642d3e9 e68325518f50a7c0d49bedeaf1e01b9790b776876af5092e4f717bf11a5886bf
EXPORTER_SECRET 5b66b5b6873c37ef8ccdb9386541d7fae3eccf800747b72565eb98270792dc46 d7f920e6e0c6943057a0b35720ed264f9988b7a9a41ae8b44246e369701980c6
CLIENT_TRAFFIC_SECRET_0 377fd690915162a4c2e88ccabdbbd8e191980061bf59648ddf4be253f0300309 38515663722e3b372853e757544ae38f3a9c122f57e39984a0f4d739aa7d1d92
SERVER_TRAFFIC_SECRET_0 377fd690915162a4c2e88ccabdbbd8e191980061bf59648ddf4be253f0300309 abdf7fb2128f68f264960ff63cec1d70e1dd47a499a926c39f35024d2c32026e
EXPORTER_SECRET 377fd690915162a4c2e88ccabdbbd8e191980061bf59648ddf4be253f0300309 0ac1225db683cdaa0154facd5f68edac0449e5135525c1d084982a3201e43241
CLIENT_HANDSHAKE_TRAFFIC_SECRET 5f211c19f1f6d2c49162fe8a726b850cbfa28ee6acd50d70bdd5873e8d194d5e 928ba348e2ff22d2669110b0fc15c9fd2ece89c1678a31a302886eb7ad17dbf9
SERVER_HANDSHAKE_TRAFFIC_SECRET 5f211c19f1f6d2c49162fe8a726b850cbfa28ee6acd50d70bdd5873e8d194d5e 74472e738d61567d332f7a6a242777638b0a4f405b293e7219eb3e7515168dc8
CLIENT_HANDSHAKE_TRAFFIC_SECRET a29e2ac1fe7bc06e788e996f878fc2a2e8936ad970a5d3951b0b3ba8e48af69e 9a5d5de46bb3a9de94fa4ac94a32f0e18c8474ad06d695444c2b890fc838a117
CLIENT_TRAFFIC_SECRET_0 5f211c19f1f6d2c49162fe8a726b850cbfa28ee6acd50d70bdd5873e8d194d5e bd5d27e53ad29128281af955afc2875395046a27f0ae7960121b398c98ea6386
SERVER_HANDSHAKE_TRAFFIC_SECRET a29e2ac1fe7bc06e788e996f878fc2a2e8936ad970a5d3951b0b3ba8e48af69e 6f2ac868da0a7e81b4fec7dfd0078e878b31a2cf71c288c4cdbfa48fdbc96f78
SERVER_TRAFFIC_SECRET_0 5f211c19f1f6d2c49162fe8a726b850cbfa28ee6acd50d70bdd5873e8d194d5e a03650ecab5c75b6da7c370d2db91d8a0007142a1aa4d442e6fd705509ac4c49
EXPORTER_SECRET 5f211c19f1f6d2c49162fe8a726b850cbfa28ee6acd50d70bdd5873e8d194d5e 5637c15ecaf44f66faa14e060c18cb7ac366427c7c251aa918e44b1189708848
CLIENT_HANDSHAKE_TRAFFIC_SECRET b54d714e3f44a224a01472cc0041f2826d0ba875582208421fedab411015e782 3fa72dd06f881fcdea1d419637918e63ade065f2d2452d638360f5083f43c125
SERVER_HANDSHAKE_TRAFFIC_SECRET b54d714e3f44a224a01472cc0041f2826d0ba875582208421fedab411015e782 ac2ac43259e99371c6278a4c5590d854960532598e5766a2f3df657e9da9246c
CLIENT_TRAFFIC_SECRET_0 a29e2ac1fe7bc06e788e996f878fc2a2e8936ad970a5d3951b0b3ba8e48af69e 0347a5cd6c8bfd4723986cc8d82de88393569837640a71b3ea0004804de6a614
SERVER_TRAFFIC_SECRET_0 a29e2ac1fe7bc06e788e996f878fc2a2e8936ad970a5d3951b0b3ba8e48af69e 868709ed46b2d6cba90819630aa947229d3265dad4acbe3c67183160be0e5785
EXPORTER_SECRET a29e2ac1fe7bc06e788e996f878fc2a2e8936ad970a5d3951b0b3ba8e48af69e 11b28f051b631cf94c7d5ac88ea2657c9eb8023127387b431ff5734d780a2a19
CLIENT_TRAFFIC_SECRET_0 b54d714e3f44a224a01472cc0041f2826d0ba875582208421fedab411015e782 3cccfd60ab3fa3ea57776c8b2e8b3a0ccd0544834ea764bfebec77136eba256e
SERVER_TRAFFIC_SECRET_0 b54d714e3f44a224a01472cc0041f2826d0ba875582208421fedab411015e782 2aa83cfb6388faadf6a6fb9bea4cd24f3828a7570729cdd29da9b26b43412c65
EXPORTER_SECRET b54d714e3f44a224a01472cc0041f2826d0ba875582208421fedab411015e782 797cc75c5e6679d507e66a5ec84d96553f58ac2aea4d24c6000b84a7176fd68f
CLIENT_HANDSHAKE_TRAFFIC_SECRET 479aaddbef8dde9d85205232f971c77442b887872f1f8feca03e6fb0bc3ba990 1c7486f687c0f3e515bae1e466c1754914acdfece8b70ab6f37c278ea9c3ff2e
SERVER_HANDSHAKE_TRAFFIC_SECRET 479aaddbef8dde9d85205232f971c77442b887872f1f8feca03e6fb0bc3ba990 fb28dcf57dc058114d5212d43de4944fe6b7a083c98012e7005fa236cd88d4df
CLIENT_TRAFFIC_SECRET_0 479aaddbef8dde9d85205232f971c77442b887872f1f8feca03e6fb0bc3ba990 63a922c82f32449c4511f5f98210e59a74b23c7ac7847a181bae516bd1f5e520
SERVER_TRAFFIC_SECRET_0 479aaddbef8dde9d85205232f971c77442b887872f1f8feca03e6fb0bc3ba990 21c916e823c57ec149ed2611d36748513ba246eefa16ee8fb9176bacbacc9a7e
EXPORTER_SECRET 479aaddbef8dde9d85205232f971c77442b887872f1f8feca03e6fb0bc3ba990 fa4eb5fcc12cd1cd28648b948c7ff106bcc7760d7c5bf765770e217d13f3030b
CLIENT_HANDSHAKE_TRAFFIC_SECRET bfc87331e86347c3589e660aa8c331d7da695e7574085dd859ac8090c633e507 e8ef2bcd2da7f00749356a63439c040995f808edebe79c2215a24cde2d36d113
SERVER_HANDSHAKE_TRAFFIC_SECRET bfc87331e86347c3589e660aa8c331d7da695e7574085dd859ac8090c633e507 cfd8f0c96acaa5acd0fe2c9c4290b79c878b55a21eb35322bc359056d7cd2f1b
CLIENT_HANDSHAKE_TRAFFIC_SECRET b822d026d0e659d3b7c2cd43439dc128286b93425c189a1bc077237ca05b0089 9e6f3ef65bb3b2ed063add6baa6b0afea4cfe7fe59e2d00f554cb7bcdf446d0f
SERVER_HANDSHAKE_TRAFFIC_SECRET b822d026d0e659d3b7c2cd43439dc128286b93425c189a1bc077237ca05b0089 d3705458b8a45e8dbf9e60bccc4a2ebf384fbaeb76e77788d89e44584b4ee91b
CLIENT_TRAFFIC_SECRET_0 bfc87331e86347c3589e660aa8c331d7da695e7574085dd859ac8090c633e507 0ccccbbbf4807699ba4bddc82c1eee40d2e084b8ffc8c582f46fbcb620703be8
SERVER_TRAFFIC_SECRET_0 bfc87331e86347c3589e660aa8c331d7da695e7574085dd859ac8090c633e507 c22dc62d2617b63f1fa7110f74bfc38ebe60ba4bac91a835a08f34c5f549c8e0
CLIENT_TRAFFIC_SECRET_0 b822d026d0e659d3b7c2cd43439dc128286b93425c189a1bc077237ca05b0089 f2834eb95552fdf53bac484ff72ac25ee3c618986c181b349a00a9ae73d61f15
EXPORTER_SECRET bfc87331e86347c3589e660aa8c331d7da695e7574085dd859ac8090c633e507 82491b26c4ca240fc34f7fb0656939c1a2d8c089d4c9b1e03f344129e17524d3
SERVER_TRAFFIC_SECRET_0 b822d026d0e659d3b7c2cd43439dc128286b93425c189a1bc077237ca05b0089 ef50f1bbaf90812e1581982caaa6000edb15b8079110d6071976f5f0832160cc
EXPORTER_SECRET b822d026d0e659d3b7c2cd43439dc128286b93425c189a1bc077237ca05b0089 d76d5ffd447eec51a9525d968a0cb6b23692c3b72d9cd0145ad25757fa9b37f1
CLIENT_HANDSHAKE_TRAFFIC_SECRET 8341eaa072358f6b060d9a6580c44e2bf7287c645ca4164a41e94557022bd3f9 6bd69613f4a72184b07de96b50ad886a63cf1ed7100707f19e439dc76d4da887
SERVER_HANDSHAKE_TRAFFIC_SECRET 8341eaa072358f6b060d9a6580c44e2bf7287c645ca4164a41e94557022bd3f9 112a9a36ea53606c51ea8ccb42c28187aa759357e32d5e9125edf5d3ba3dddd4
CLIENT_TRAFFIC_SECRET_0 8341eaa072358f6b060d9a6580c44e2bf7287c645ca4164a41e94557022bd3f9 bef4f39e431d5121f674223993df16916de4ca66c6623492b0ca477f51275cce
SERVER_TRAFFIC_SECRET_0 8341eaa072358f6b060d9a6580c44e2bf7287c645ca4164a41e94557022bd3f9 2fb53ce925b67a54284d2e4c483263c8fe7e79654722c4e1570db6811ee8354f
EXPORTER_SECRET 8341eaa072358f6b060d9a6580c44e2bf7287c645ca4164a41e94557022bd3f9 e7bf31619bf150e68c97bbbf1f4c61e17bf93b91121e43ecc5b6bcf76abb91e6
