CLIENT_HANDSHAKE_TRAFFIC_SECRET b851c7fbb321da9b04db514f46efd0eca29640ce43374600f9d48901bb1f1e2b 0a071ea63f0f8d78f7c8317ddcceb144c8e71dfa579f82275f2ffb8fd9bcf3a4
SERVER_HANDSHAKE_TRAFFIC_SECRET b851c7fbb321da9b04db514f46efd0eca29640ce43374600f9d48901bb1f1e2b d24eb6568a27a838e2cff265a4f7539203f89bbaa03e2da45aba0cfcfd0a4ebb
CLIENT_TRAFFIC_SECRET_0 b851c7fbb321da9b04db514f46efd0eca29640ce43374600f9d48901bb1f1e2b 7ffbef1348b2549b4fff03e3716cefc3b0d32cce7b6a32c6c1d717182d422467
SERVER_TRAFFIC_SECRET_0 b851c7fbb321da9b04db514f46efd0eca29640ce43374600f9d48901bb1f1e2b 9d315af55a95a06a92faf05b2ec3810b175f17705c630333c5efec3a951f5239
EXPORTER_SECRET b851c7fbb321da9b04db514f46efd0eca29640ce43374600f9d48901bb1f1e2b 2ba2b80442249c7a2e4d1af62a71ae8a4629b131948ed113cf9e63b50528a006
CLIENT_HANDSHAKE_TRAFFIC_SECRET 2a44bc91bd155f74d7bb1c6d9f6021eef3aba8bfe7fe9b10e4e73d39e9641c8f 869f7edb5b50b4b7fa9d64bfdc11892f080462f46d4304c8bce958890bf43e89
SERVER_HANDSHAKE_TRAFFIC_SECRET 2a44bc91bd155f74d7bb1c6d9f6021eef3aba8bfe7fe9b10e4e73d39e9641c8f aa8042fd43e766e95180bdbe30afec5543562f13570741c559abc5f3c0d6fce6
CLIENT_HANDSHAKE_TRAFFIC_SECRET 7c1ef27757ef9607c7d4eb444e91d98347244a846a59a1721ed3f20b3c2b1cf3 9c513659ebd0f3ef463dc914d85c6a5778c5c41cf885076092937f21ef9b6db3
SERVER_HANDSHAKE_TRAFFIC_SECRET 7c1ef27757ef9607c7d4eb444e91d98347244a846a59a1721ed3f20b3c2b1cf3 9a657da98f65d0e618c9aa7222de2c5762f4cc4f8bf84e53d6a8f8ae2eaaf100
CLIENT_TRAFFIC_SECRET_0 2a44bc91bd155f74d7bb1c6d9f6021eef3aba8bfe7fe9b10e4e73d39e9641c8f 935362cd70a424278346f9f24d44c44434196a28c212358b2055dbff29da9914
SERVER_TRAFFIC_SECRET_0 2a44bc91bd155f74d7bb1c6d9f6021eef3aba8bfe7fe9b10e4e73d39e9641c8f 77e66150c63b787dd353d11ce1b96f2bab39e41a77a7198a134eea7eda475afc
EXPORTER_SECRET 2a44bc91bd155f74d7bb1c6d9f6021eef3aba8bfe7fe9b10e4e73d39e9641c8f 3e761d356bbf740b28595e7c681dd3a73c20022931dc390c259b224cbd995646
CLIENT_TRAFFIC_SECRET_0 7c1ef27757ef9607c7d4eb444e91d98347244a846a59a1721ed3f20b3c2b1cf3 657f75334ae7db06b2d8f161cbec0038f58290aa82a9a49b2bbb2002b316e09d
SERVER_TRAFFIC_SECRET_0 7c1ef27757ef9607c7d4eb444e91d98347244a846a59a1721ed3f20b3c2b1cf3 01c1da7fafab1d62145f384c0b1784fc703d52b84b65f01e0a4849246aaff4a6
EXPORTER_SECRET 7c1ef27757ef9607c7d4eb444e91d98347244a846a59a1721ed3f20b3c2b1cf3 ff59008de96a83742a07f665eb0366ab2ebec935b5bfe5b730f8d0d6eee8ab31
CLIENT_HANDSHAKE_TRAFFIC_SECRET 0c230001577ab6604ce0585725a04d232d62bdfef3f1e86932e03125e3403f29 b95f278a4c34ff00fa40ea04a2a2f72a4a92560391f202d2c6e13b5dc03547da
SERVER_HANDSHAKE_TRAFFIC_SECRET 0c230001577ab6604ce0585725a04d232d62bdfef3f1e86932e03125e3403f29 970d6a8f2df347567ef2f10298a0cac59c6817d662cbd786f35b76d56e5e0956
CLIENT_HANDSHAKE_TRAFFIC_SECRET bbce8b62024df853ae578e1bf106035ef1fbb05bb1bf7102b342fd384da9bd68 b8abfa99b078bb332997154be83f2d251c699e3eca583b7bb1100da303a910a7
SERVER_HANDSHAKE_TRAFFIC_SECRET bbce8b62024df853ae578e1bf106035ef1fbb05bb1bf7102b342fd384da9bd68 16e4187c4a41b3c5ebae936e3aceb8903292ebea429ba854abdb4cbe3b25329a
CLIENT_HANDSHAKE_TRAFFIC_SECRET eac15ca68cad7eb90714237d98ed30294f11902c6fba2bfa4ae73dc3bbae7fcc 08bac5e19ccd74557f55f2b03dc512861d06ca130b725b7aa46a690cb6710569
SERVER_HANDSHAKE_TRAFFIC_SECRET eac15ca68cad7eb90714237d98ed30294f11902c6fba2bfa4ae73dc3bbae7fcc 16f8dd60eb4637e74ba20cae015d104563790ddc0f4e4d6e7d4da6565f97c6d4
CLIENT_TRAFFIC_SECRET_0 0c230001577ab6604ce0585725a04d232d62bdfef3f1e86932e03125e3403f29 84731900b13c0fdacc209c7f03cbddb1ae63371b41e99bdb0d0ac8e1de5e39cd
SERVER_TRAFFIC_SECRET_0 0c230001577ab6604ce0585725a04d232d62bdfef3f1e86932e03125e3403f29 0550416e2922fe89635ffa51d8f6aed204536daff0398fa3d7e449f955d7dc96
EXPORTER_SECRET 0c230001577ab6604ce0585725a04d232d62bdfef3f1e86932e03125e3403f29 53d3126e8a79803e11e3ba0db00e3da083576d20383b899dcaf4805e66261358
CLIENT_HANDSHAKE_TRAFFIC_SECRET 53a37ecfa42fa5c15844f70e165dcb76771c49ae686771d8c847f7a6712769f9 da0315c7e9ddc7c6fb2925fcd3a4648509cb521dd6b4bd606875856777da1068
SERVER_HANDSHAKE_TRAFFIC_SECRET 53a37ecfa42fa5c15844f70e165dcb76771c49ae686771d8c847f7a6712769f9 6327e2d59cf665b31dddf2131a19f049b3f03597d878af188f5d85e4ad3a8c7f
CLIENT_HANDSHAKE_TRAFFIC_SECRET 6cc1e76576d0a0acffaf800faf43ba9931e5e156afb3195e35ea0b6c47ba085a e8342c723313c651f47493cb178ab10c01c12bb1783b8e27ce6152ef3e1f992f
CLIENT_TRAFFIC_SECRET_0 eac15ca68cad7eb90714237d98ed30294f11902c6fba2bfa4ae73dc3bbae7fcc f554d9721936e00a6e19736ff8e125642970241079126db21212831b1ad9c8b1
CLIENT_TRAFFIC_SECRET_0 bbce8b62024df853ae578e1bf106035ef1fbb05bb1bf7102b342fd384da9bd68 2a3a75acf23679a1fd5aae896264427101dc039c51e1e3a41b11283443a5847f
CLIENT_HANDSHAKE_TRAFFIC_SECRET c4b25682bf4dbe233824e6d85187fdff0c33d8765b143cfce77529a53ef3f3cf 65722edff5568b86d2abb2e46aa81d21588b25ccb98399850af203edab3d55ed
SERVER_HANDSHAKE_TRAFFIC_SECRET 6cc1e76576d0a0acffaf800faf43ba9931e5e156afb3195e35ea0b6c47ba085a 253973de27a5750be4ae28ba34b1217e7eb28b922f158a7418dd4948d37ff43c
SERVER_TRAFFIC_SECRET_0 eac15ca68cad7eb90714237d98ed30294f11902c6fba2bfa4ae73dc3bbae7fcc f8525519d66c0839aa08108e0d9eebff028881982630e1ed5d86f52aa3bf4e27
SERVER_TRAFFIC_SECRET_0 bbce8b62024df853ae578e1bf106035ef1fbb05bb1bf7102b342fd384da9bd68 4d21b6e946a5470d78a2afd4f89cf462fba9d719859a7552b6417bced53e61c7
EXPORTER_SECRET eac15ca68cad7eb90714237d98ed30294f11902c6fba2bfa4ae73dc3bbae7fcc 0e933595fa3350f0edc501288466256f347d5049916bf949dd46205e125e2099
SERVER_HANDSHAKE_TRAFFIC_SECRET c4b25682bf4dbe233824e6d85187fdff0c33d8765b143cfce77529a53ef3f3cf b76b3df4a8f6093ee28bd7ab6c2b2e81243661d7f6d1e5aff64ca050eb6d93b1
EXPORTER_SECRET bbce8b62024df853ae578e1bf106035ef1fbb05bb1bf7102b342fd384da9bd68 1287f8398d19781d5b561220d8d82de6fe745b483a1fd111a9bd8a7900cbbd20
CLIENT_TRAFFIC_SECRET_0 53a37ecfa42fa5c15844f70e165dcb76771c49ae686771d8c847f7a6712769f9 1263e12e388cd1c34d3b0ffa252fbd495cd2ea7b6d34aecbc7380d6e094ae64a
SERVER_TRAFFIC_SECRET_0 53a37ecfa42fa5c15844f70e165dcb76771c49ae686771d8c847f7a6712769f9 80ac7ebefa671e37d70923a057166291a7101b7f12571079472a9c6168c9da8e
CLIENT_TRAFFIC_SECRET_0 c4b25682bf4dbe233824e6d85187fdff0c33d8765b143cfce77529a53ef3f3cf 2af597b76f02896b4bac4121e0660b30727d999e34b86aa4d9d8be34eb15992d
SERVER_TRAFFIC_SECRET_0 c4b25682bf4dbe233824e6d85187fdff0c33d8765b143cfce77529a53ef3f3cf deec5e303a88a58b797b7c330e1c670c1cdc2b197554bf5ef2ab217038fff4bf
EXPORTER_SECRET c4b25682bf4dbe233824e6d85187fdff0c33d8765b143cfce77529a53ef3f3cf a6656cc16cfe3f2134a9fb46adf10310dfdd43a55427cf986ebc85d3673c965f
EXPORTER_SECRET 53a37ecfa42fa5c15844f70e165dcb76771c49ae686771d8c847f7a6712769f9 56b12863a9d81814ed1fc49029de44147ffc653cf87e61e677d7c3055bdfaf1e
CLIENT_TRAFFIC_SECRET_0 6cc1e76576d0a0acffaf800faf43ba9931e5e156afb3195e35ea0b6c47ba085a 5472169a5fa0b6002d0d4d6af5a717656fa59d7bc572683d7cd108e5e3b40b7a
SERVER_TRAFFIC_SECRET_0 6cc1e76576d0a0acffaf800faf43ba9931e5e156afb3195e35ea0b6c47ba085a 8ab033c595ed7b2157ed4753cfa76a936c7e8f9206fb4aadf8edeb8b3078a625
EXPORTER_SECRET 6cc1e76576d0a0acffaf800faf43ba9931e5e156afb3195e35ea0b6c47ba085a 1a0acc1c80040e2ff00123491de799b46ee22dc0f403d1795fb804e8c51caae3
