CLIENT_HANDSHAKE_TRAFFIC_SECRET 6b33c683c2d4662df0f7e6b99b063c61cc4aa6c1400f680f54817d5121d871d3 525970fb2c26abe82d689920486725866369296cfd1b87af83d2dfa13899e005
SERVER_HANDSHAKE_TRAFFIC_SECRET 6b33c683c2d4662df0f7e6b99b063c61cc4aa6c1400f680f54817d5121d871d3 2c6faa283fa61be4cda8fe674943a0054e1339c8cad4823f3cff1f29f80b45d0
CLIENT_TRAFFIC_SECRET_0 6b33c683c2d4662df0f7e6b99b063c61cc4aa6c1400f680f54817d5121d871d3 bab6dbd2cf373b6b6d2cb5f40b1883bea130810c60b07b280ddc65699f72565a
SERVER_TRAFFIC_SECRET_0 6b33c683c2d4662df0f7e6b99b063c61cc4aa6c1400f680f54817d5121d871d3 5a584a2e1df3d17976587f92f9b727bf58a9c8c9165167787d6d2b002ea227de
EXPORTER_SECRET 6b33c683c2d4662df0f7e6b99b063c61cc4aa6c1400f680f54817d5121d871d3 8253aaa17ecdaf51371fb3d1e99581c6a043a4c1b50bb840ea4f04c645bd57f6
CLIENT_HANDSHAKE_TRAFFIC_SECRET 9d9c7c3871445cb8f1747c7108a8ab5516a59ff53c701643f086239ab02ca0c7 82943ec04eca1cb5879e473b74fc5fcccc71fda44f98e3fdaa1e7a28cb3c5e06
SERVER_HANDSHAKE_TRAFFIC_SECRET 9d9c7c3871445cb8f1747c7108a8ab5516a59ff53c701643f086239ab02ca0c7 230624500b3c776ce2ee8bcf11fd1a0eb5756526a040705e4d38f8e1d430a7f3
CLIENT_TRAFFIC_SECRET_0 9d9c7c3871445cb8f1747c7108a8ab5516a59ff53c701643f086239ab02ca0c7 49042c4645b4bf49cb7cb50b48bc30939e635b37468714cd7abf895035cb36fc
SERVER_TRAFFIC_SECRET_0 9d9c7c3871445cb8f1747c7108a8ab5516a59ff53c701643f086239ab02ca0c7 b6430dae9ab8aecd24e5bb22465825d11fd8d681776973c27fd261aab7062c66
EXPORTER_SECRET 9d9c7c3871445cb8f1747c7108a8ab5516a59ff53c701643f086239ab02ca0c7 c494a20fa132254d79bfea4b7bee0c69e2982e53cfd29a10d5d9ddd0b5d60a9b
CLIENT_HANDSHAKE_TRAFFIC_SECRET 8669cd9699e21f2d4015ca444b2c179da147ab4cc8fb112f95526d3fa8016465 b8f9e61b584eacec17039834d02df0f2f6aa6125feb7a028f2b36ef1f7aa2771
SERVER_HANDSHAKE_TRAFFIC_SECRET 8669cd9699e21f2d4015ca444b2c179da147ab4cc8fb112f95526d3fa8016465 994a843f133ae622e9290c7e2679d44fb63aaee01a8f18bc06cf554edf67596a
CLIENT_HANDSHAKE_TRAFFIC_SECRET 5d3e9a7ddc3f23a6a4ec141a3dce1dc5d599cd651391672857de2b7ef32eeb85 2b97770110872f46460b5b6ebf2e2973e29a828c66a77f5ab3e520cb54def402
SERVER_HANDSHAKE_TRAFFIC_SECRET 5d3e9a7ddc3f23a6a4ec141a3dce1dc5d599cd651391672857de2b7ef32eeb85 9213c5200bc79ed442b2ae0ffb56cbf8e61acda8ac0297e99da602d3d1ef589e
CLIENT_TRAFFIC_SECRET_0 8669cd9699e21f2d4015ca444b2c179da147ab4cc8fb112f95526d3fa8016465 a57c2e5511b2b77ccfb7f2858189d78151480cf0164ceda56498e41e3ed18bfd
SERVER_TRAFFIC_SECRET_0 8669cd9699e21f2d4015ca444b2c179da147ab4cc8fb112f95526d3fa8016465 2ea255bfff6b8811ca1c47bd95385989277c766651b7eec5d640bcd959092119
EXPORTER_SECRET 8669cd9699e21f2d4015ca444b2c179da147ab4cc8fb112f95526d3fa8016465 23761c24e8ea8eea4ce7b0da278a2df063fa1ff82bb3455a4af4a9a16e28612c
CLIENT_TRAFFIC_SECRET_0 5d3e9a7ddc3f23a6a4ec141a3dce1dc5d599cd651391672857de2b7ef32eeb85 89039b0ce227d16a48bc5c8cd2c4ff0606da2dad70edc97c7d571f78691f0d67
SERVER_TRAFFIC_SECRET_0 5d3e9a7ddc3f23a6a4ec141a3dce1dc5d599cd651391672857de2b7ef32eeb85 21c6ec55e29ab4652008760f8ad062cc1f31fac3c1a2507a52a1b6c8fc4f56a5
EXPORTER_SECRET 5d3e9a7ddc3f23a6a4ec141a3dce1dc5d599cd651391672857de2b7ef32eeb85 d58ee469d38f8dbf8b7e18682a76b0b8ee276aaef0028e79c54646bcb940e180
CLIENT_HANDSHAKE_TRAFFIC_SECRET 49c736fd484d55ff17f7516a62221229307fa425f68cf44fe75ab37de5557c06 0663c0541b33f932e32bea0455e92427f262d3732369c2a210c98154dbeaee39
CLIENT_HANDSHAKE_TRAFFIC_SECRET c5d205d4790072036800d5afd9687a47376ca75ea7fa3af913da9954514ca05f 3b56ea0e618bc40cfe3e31eedac726a6a9004377359fd7e07e65916121fabd46
SERVER_HANDSHAKE_TRAFFIC_SECRET 49c736fd484d55ff17f7516a62221229307fa425f68cf44fe75ab37de5557c06 ffd44ae82cca459fce51de82b75b47258e6601c707cc5bf59e3990872899c1ea
SERVER_HANDSHAKE_TRAFFIC_SECRET c5d205d4790072036800d5afd9687a47376ca75ea7fa3af913da9954514ca05f da822fb5874762aab6631bccbd0a43e6cb5b0895c5c87cb08ffac840db13053e
CLIENT_TRAFFIC_SECRET_0 49c736fd484d55ff17f7516a62221229307fa425f68cf44fe75ab37de5557c06 736c8feb340210ab514f0c6775fc2eb912d8a517e54537cd48e3c4d97b296338
SERVER_TRAFFIC_SECRET_0 49c736fd484d55ff17f7516a62221229307fa425f68cf44fe75ab37de5557c06 81f61195c337029155cc47d5829d3e50026fe68f13e567769b9707284f3bda7b
EXPORTER_SECRET 49c736fd484d55ff17f7516a62221229307fa425f68cf44fe75ab37de5557c06 12775a3d444c49e2409df60f2d3fa3fbf23197ced20e6ef1197090a43c6468a8
CLIENT_TRAFFIC_SECRET_0 c5d205d4790072036800d5afd9687a47376ca75ea7fa3af913da9954514ca05f 0e65d1f8d4e03dd26078c085d45d49cf767f64578c0b03bb0d6bf4eb8528037d
CLIENT_HANDSHAKE_TRAFFIC_SECRET c7dccee7bdd5930375a9d08f9f830833b5ca6b072d5002d25b5c82da2225284a 746a03c7b9a3e156ac5a1d832cc2947fd1ba121dd6d6b6a06d35ab841133c4a8
SERVER_TRAFFIC_SECRET_0 c5d205d4790072036800d5afd9687a47376ca75ea7fa3af913da9954514ca05f ce76b208e3da0614f130a0bb228158664d127f6fec3e8a6daf6297de82d83d38
SERVER_HANDSHAKE_TRAFFIC_SECRET c7dccee7bdd5930375a9d08f9f830833b5ca6b072d5002d25b5c82da2225284a 699d2218a00e67f339108ca5d45c99a5a7aabb8fe6bda7a74e135e7bfe320203
CLIENT_HANDSHAKE_TRAFFIC_SECRET 768e28ec080d55abafe142b8b7510eb9251e4b4a0b2e4518726cf11acb3cba71 d6ac66a1e8fbaf119f66fd8e6e0c9bd7c90145d975dc8941940df6a77301ff99
SERVER_HANDSHAKE_TRAFFIC_SECRET 768e28ec080d55abafe142b8b7510eb9251e4b4a0b2e4518726cf11acb3cba71 b361de67b53898e62cc6fe581820f4ff497a22b508f7c10c7accdfc4847192c8
EXPORTER_SECRET c5d205d4790072036800d5afd9687a47376ca75ea7fa3af913da9954514ca05f 59d3288d455544d313013df8b2091de9005e38095c3c6578fc243df00f0a69e3
CLIENT_TRAFFIC_SECRET_0 c7dccee7bdd5930375a9d08f9f830833b5ca6b072d5002d25b5c82da2225284a 36e57eb933f7f70bce39467156fee730185e1f9e558745075953fc4a4468062c
SERVER_TRAFFIC_SECRET_0 c7dccee7bdd5930375a9d08f9f830833b5ca6b072d5002d25b5c82da2225284a e16d237ffc92c2dcd5ba5027557ea3c994d21d2764052eb7a81a3b8acd7b190b
EXPORTER_SECRET c7dccee7bdd5930375a9d08f9f830833b5ca6b072d5002d25b5c82da2225284a f16ac2ee2aa9c199ee29e91c6e7b433af853f9417bdbfb4a8f724e90b72e2a55
CLIENT_TRAFFIC_SECRET_0 768e28ec080d55abafe142b8b7510eb9251e4b4a0b2e4518726cf11acb3cba71 651e9ddf3bc47bdb640fc00a2e0b7d000ee61e1675e67b54bdaaac80ee307a21
SERVER_TRAFFIC_SECRET_0 768e28ec080d55abafe142b8b7510eb9251e4b4a0b2e4518726cf11acb3cba71 5907909f66afe3aa0744532db0f33e4ae79326518279e8c9ce7fa5aebddd7e96
EXPORTER_SECRET 768e28ec080d55abafe142b8b7510eb9251e4b4a0b2e4518726cf11acb3cba71 0aaf788dc5d23a15e18c6fe802e4fb7b68471e6f6b923ca65883e7556cf924d5
CLIENT_HANDSHAKE_TRAFFIC_SECRET 80f7726d77f7b22c25077359ae4087a0c657cf4a0eebb12bc2fe5ba356aa3443 bef606eb78a3478b2e7ae36e69505cbe640e88f51bdcc905c39aa0dc68ecf8df
SERVER_HANDSHAKE_TRAFFIC_SECRET 80f7726d77f7b22c25077359ae4087a0c657cf4a0eebb12bc2fe5ba356aa3443 913e76ed52ab64bcd16a615557856ab7fb8673bdeff78531b835d2710f67b30f
CLIENT_HANDSHAKE_TRAFFIC_SECRET ebe5a0e6123715788e693f4fd697028c83c273f897976437f9b01bea9c2d6a50 15d5c2c127d145ff1151046bade4dbf1a99e85fca6f89d715fd4508f7acec5ba
SERVER_HANDSHAKE_TRAFFIC_SECRET ebe5a0e6123715788e693f4fd697028c83c273f897976437f9b01bea9c2d6a50 de5235f1108e053aefb1704c5502724afe7c914adf3c14d6c78b94be91dbed22
CLIENT_TRAFFIC_SECRET_0 80f7726d77f7b22c25077359ae4087a0c657cf4a0eebb12bc2fe5ba356aa3443 6c9ec4c885753410e90c4b0373b59e2fbcdd9081d359096ed33a834848f9d147
SERVER_TRAFFIC_SECRET_0 80f7726d77f7b22c25077359ae4087a0c657cf4a0eebb12bc2fe5ba356aa3443 d1b21d472e6d264ffdb1a3188fd031825ab02c389879a85664607b2965334c6c
EXPORTER_SECRET 80f7726d77f7b22c25077359ae4087a0c657cf4a0eebb12bc2fe5ba356aa3443 9f4525697abd3f14fb2f89c65f9b69cddb7107464c79cc403b0e6e8974a8463b
CLIENT_TRAFFIC_SECRET_0 ebe5a0e6123715788e693f4fd697028c83c273f897976437f9b01bea9c2d6a50 4da3d6a5d739931c85c8895a84ae86e2d47b76ec8041af8674492663296c7f58
SERVER_TRAFFIC_SECRET_0 ebe5a0e6123715788e693f4fd697028c83c273f897976437f9b01bea9c2d6a50 fabf41aa1ac5d06ae01d8be546b41dd39b922c1535062460cea60a461ec2fba6
EXPORTER_SECRET ebe5a0e6123715788e693f4fd697028c83c273f897976437f9b01bea9c2d6a50 6ee55a91420548a887c4296e393e7319e365613139fc4fdc3da442578be46d3c
CLIENT_HANDSHAKE_TRAFFIC_SECRET 018628493fa6f0d22aaa224b26184dc7d30b06fd11474a2dde11732521570268 ca78a9f630024c62bad6257cbb98ab9fab2e50dfe0090e5e2639178df3f63ce8
SERVER_HANDSHAKE_TRAFFIC_SECRET 018628493fa6f0d22aaa224b26184dc7d30b06fd11474a2dde11732521570268 1bebc2f4c8e39bedba487006080890068f6eb11018494f3afeb639f36a5af161
CLIENT_TRAFFIC_SECRET_0 018628493fa6f0d22aaa224b26184dc7d30b06fd11474a2dde11732521570268 62eb0c97eb333921bf41b393bff5599b00805dca01e1bae0d0f32a13574e38b0
SERVER_TRAFFIC_SECRET_0 018628493fa6f0d22aaa224b26184dc7d30b06fd11474a2dde11732521570268 b950f48d5681d5cd6552fe7555f4b75b67976c2262ee03ecdc9b701f7392c004
EXPORTER_SECRET 018628493fa6f0d22aaa224b26184dc7d30b06fd11474a2dde11732521570268 3622589befcdd2ff2980e5e00665dd7a3c58d1e91a82648def7cb5c9573ef5fe
CLIENT_HANDSHAKE_TRAFFIC_SECRET 24de3062bd2e8c3529e03f73df55dbdcd03eb996d26689d95859810011b093e2 2748a406708f3804cfc49a5d89874698076ca23670d26f58cd9242cbda8cdd77
SERVER_HANDSHAKE_TRAFFIC_SECRET 24de3062bd2e8c3529e03f73df55dbdcd03eb996d26689d95859810011b093e2 168bbbe997af90ce1f1fb572c8ff39fbb752c44476b0b578c00e68ce89c86308
CLIENT_HANDSHAKE_TRAFFIC_SECRET 047cdc5cc5bf0e603958435aae2b8b66cdeb8f91383dab69701ea8b10ae72dbf ec70382e75bddc90f48250ee62eee2967e39bb69ff696537543122c03250e148
SERVER_HANDSHAKE_TRAFFIC_SECRET 047cdc5cc5bf0e603958435aae2b8b66cdeb8f91383dab69701ea8b10ae72dbf d686ae0687003082d58874c68c7ba4a5d825d4189f8f4b2e87288a0810b24eb1
CLIENT_TRAFFIC_SECRET_0 24de3062bd2e8c3529e03f73df55dbdcd03eb996d26689d95859810011b093e2 2079156518ec380d7b91b2934c4a4ce4fc44301898933326752f815ce3f7b446
SERVER_TRAFFIC_SECRET_0 24de3062bd2e8c3529e03f73df55dbdcd03eb996d26689d95859810011b093e2 db95cd96fdd7a68a9b72275c8376449c4c4a1b57580a1a5334aad0ed1ca9091d
EXPORTER_SECRET 24de3062bd2e8c3529e03f73df55dbdcd03eb996d26689d95859810011b093e2 fe3c0d5db321c4d4f86f0049be5ec590612f53a729ec0165ed58574fe7d0a5fd
CLIENT_TRAFFIC_SECRET_0 047cdc5cc5bf0e603958435aae2b8b66cdeb8f91383dab69701ea8b10ae72dbf 9f4005f4f9b9a7b83d0911a4889fa6d54b47cdcfdfe8c7e9132be51bd1c52640
SERVER_TRAFFIC_SECRET_0 047cdc5cc5bf0e603958435aae2b8b66cdeb8f91383dab69701ea8b10ae72dbf 701df68a714efeddf1721fda4becfadce1705a7bc984cb3aec756a30218c4faf
EXPORTER_SECRET 047cdc5cc5bf0e603958435aae2b8b66cdeb8f91383dab69701ea8b10ae72dbf d65736476e59629f4c2d157ce238a2f781bc4f4e11bcd3ccd70b2e0a75ac175f
CLIENT_HANDSHAKE_TRAFFIC_SECRET 9e848a3fbef94cf76df4f8beb2a60c04edb12092913a24cf12bd97043af2b8ad 6e27f72b21fc324fb5b00fcd6fa1b56ce66c90b9e31133fdbc228c7f82ba59ae
SERVER_HANDSHAKE_TRAFFIC_SECRET 9e848a3fbef94cf76df4f8beb2a60c04edb12092913a24cf12bd97043af2b8ad a16e461d17722038076cbce8824eaf63cb95717eb698f8a17f3e2393a80349fc
CLIENT_TRAFFIC_SECRET_0 9e848a3fbef94cf76df4f8beb2a60c04edb12092913a24cf12bd97043af2b8ad f639ad904679cbb00b153f0f25fde5a4facad979ebf8fefd9eaec11aa1c687ef
SERVER_TRAFFIC_SECRET_0 9e848a3fbef94cf76df4f8beb2a60c04edb12092913a24cf12bd97043af2b8ad 9a6293c7b6c84185f820c671007a2600911e55d085b369c4a33472892fbf0816
EXPORTER_SECRET 9e848a3fbef94cf76df4f8beb2a60c04edb12092913a24cf12bd97043af2b8ad 1feec72a7a76d08983851be257344623e63fae91ff6c6d0ee0aca68591564106
