CLIENT_HANDSHAKE_TRAFFIC_SECRET e15712265f3d03d5472ae252ca7c28bfcf4e7a90957dd1fbe4ac018059a55bd3 7448ffcf1b1b8256b74c6b328f0826551057edb6527657d3cca294c1a65fd6b0
SERVER_HANDSHAKE_TRAFFIC_SECRET e15712265f3d03d5472ae252ca7c28bfcf4e7a90957dd1fbe4ac018059a55bd3 c6069eb2a4d49a1add2cc0a26b508c853f2f1f9803625a43664f64a681225468
CLIENT_TRAFFIC_SECRET_0 e15712265f3d03d5472ae252ca7c28bfcf4e7a90957dd1fbe4ac018059a55bd3 1cd3a298eaa77d1ba2a1bb51aa452ca282039b102fc5ffb697b764d1ad9bd97c
SERVER_TRAFFIC_SECRET_0 e15712265f3d03d5472ae252ca7c28bfcf4e7a90957dd1fbe4ac018059a55bd3 e3b2920efd8865e0e7b6382ccca0e43da7975546da4ecc5ea64c02877de337bc
EXPORTER_SECRET e15712265f3d03d5472ae252ca7c28bfcf4e7a90957dd1fbe4ac018059a55bd3 2e54ec353acc3212762afe63bcc05e54356418df52b8faade7336be5967c9a95
CLIENT_HANDSHAKE_TRAFFIC_SECRET f5e2c99e2e17b312ade3e29bde989be41c0bc4f4ccdce545d541149382f1c16e c2003518b0287f9ce5162579e454cf4c60753591e45c8c182e1aa1dc77636812
SERVER_HANDSHAKE_TRAFFIC_SECRET f5e2c99e2e17b312ade3e29bde989be41c0bc4f4ccdce545d541149382f1c16e df2491499526511e2bb198c521cb971ad52e444867c901547290967572749017
CLIENT_HANDSHAKE_TRAFFIC_SECRET 69c1d79ce306758d9aee1ff7715057ba06f5d6ca9a1860935477b312d6638d06 5945f95977cb9bc3b30d32cb71cac1ed4a59c68e3e8ed596492a53cda96a883d
SERVER_HANDSHAKE_TRAFFIC_SECRET 69c1d79ce306758d9aee1ff7715057ba06f5d6ca9a1860935477b312d6638d06 86388f4159f67cf25171960be90648485ad9b2416da1c8f4419ded003a95307a
CLIENT_TRAFFIC_SECRET_0 f5e2c99e2e17b312ade3e29bde989be41c0bc4f4ccdce545d541149382f1c16e f0e9250b9734d0bfb476425f46005ec1cdc9cbc298e7ddfc72f4ec8d459faec5
SERVER_TRAFFIC_SECRET_0 f5e2c99e2e17b312ade3e29bde989be41c0bc4f4ccdce545d541149382f1c16e 189327dfaf43e1894ab6595041f13c3ee4ceafc9ea5d221771360a77cae940c1
EXPORTER_SECRET f5e2c99e2e17b312ade3e29bde989be41c0bc4f4ccdce545d541149382f1c16e efc4aeb06b453e6c4403a2ed46ede5a2309a641e3e0b9e6801d9f589e49b7467
CLIENT_TRAFFIC_SECRET_0 69c1d79ce306758d9aee1ff7715057ba06f5d6ca9a1860935477b312d6638d06 064b51c66dfe7b7784aff1167d053899f8f37dc91e4e1641eb2cb65ac964c53b
SERVER_TRAFFIC_SECRET_0 69c1d79ce306758d9aee1ff7715057ba06f5d6ca9a1860935477b312d6638d06 66eff1bd4ef9df5def29cb0a5db655181aa765cf4879aa9e118f1f3179400ee3
EXPORTER_SECRET 69c1d79ce306758d9aee1ff7715057ba06f5d6ca9a1860935477b312d6638d06 6e1eaca5cabb351334a3b294f8310298a7b54ee953729581608a66d03ef93764
CLIENT_HANDSHAKE_TRAFFIC_SECRET a532ab06fbcd3120685cadd13bd4cd3e2f18893cda2b487ee53a95a87a59e0a0 05fa1d9dc0f74627070548e9aeb4ec548432163eec45188ed4fe55e2cf1101b9
SERVER_HANDSHAKE_TRAFFIC_SECRET a532ab06fbcd3120685cadd13bd4cd3e2f18893cda2b487ee53a95a87a59e0a0 0953f1c69400cb8e554814d85876f867a76db2bd7b5e8086d3a67e3e7f0d1d4d
CLIENT_HANDSHAKE_TRAFFIC_SECRET 45d48a1e4a90a1af12cb48279e31aee13cd89fec2d1c4b99ea11f7818041c812 9c025f78781a3e6b32671f30fdae7eb818207e55150b95cdc2ac6daf02f415b7
SERVER_HANDSHAKE_TRAFFIC_SECRET 45d48a1e4a90a1af12cb48279e31aee13cd89fec2d1c4b99ea11f7818041c812 986db168e295cec084d81a2a40680ad557bdb70263d6b36b64c04421534513ff
CLIENT_TRAFFIC_SECRET_0 a532ab06fbcd3120685cadd13bd4cd3e2f18893cda2b487ee53a95a87a59e0a0 82143ca45831f9d825d698a21c0620c5e2cd07e116b7c42041ea4d2aec36c453
SERVER_TRAFFIC_SECRET_0 a532ab06fbcd3120685cadd13bd4cd3e2f18893cda2b487ee53a95a87a59e0a0 f1456c17092b948252214148f7bd4893ac24b1b13f7a5e7b3077feaed916138d
EXPORTER_SECRET a532ab06fbcd3120685cadd13bd4cd3e2f18893cda2b487ee53a95a87a59e0a0 7eed80755c3b0d38a2d1bf2f204e277ac08213b2a9e1e9e7a524058ba3891a34
CLIENT_HANDSHAKE_TRAFFIC_SECRET eb3f1ae83e158602b1c94a8b3b7e6de4478105d1d0b36d5e3c068d0ec9f44eac 999b11f5edccc4dd3d78c1a549fce58a39d9f56eacd2e65b293cfecbb7beeb8f
SERVER_HANDSHAKE_TRAFFIC_SECRET eb3f1ae83e158602b1c94a8b3b7e6de4478105d1d0b36d5e3c068d0ec9f44eac f1bfb77e77ca2c05afd4296f8f5a10ff8ce1e653986f2e39e4f23680b30ff93e
CLIENT_TRAFFIC_SECRET_0 45d48a1e4a90a1af12cb48279e31aee13cd89fec2d1c4b99ea11f7818041c812 ea8ad62b6089799a510345bf51ee515a8aa54759495fe62c27529c2636ce35c6
SERVER_TRAFFIC_SECRET_0 45d48a1e4a90a1af12cb48279e31aee13cd89fec2d1c4b99ea11f7818041c812 012cf3254fa1131765764abe477cce1adeea4ffbc64eac036cc766416440beec
EXPORTER_SECRET 45d48a1e4a90a1af12cb48279e31aee13cd89fec2d1c4b99ea11f7818041c812 af84a9ab58decf22d7ad8a9677c9c381f2dc2e61d2e92ec2ac8f40134d0938a1
CLIENT_TRAFFIC_SECRET_0 eb3f1ae83e158602b1c94a8b3b7e6de4478105d1d0b36d5e3c068d0ec9f44eac 33337564ab57fb6297f6d7848e142406715b296e5f54fac44d26013e67729291
SERVER_TRAFFIC_SECRET_0 eb3f1ae83e158602b1c94a8b3b7e6de4478105d1d0b36d5e3c068d0ec9f44eac 613e9f6638a1797ca894149d9c7efeb389f4bd72384589bb912c1303f6041c27
EXPORTER_SECRET eb3f1ae83e158602b1c94a8b3b7e6de4478105d1d0b36d5e3c068d0ec9f44eac 61a204fa49ce119efe76f795cd00a365c90ef443eec1bbc0a9a6f70540e72710
CLIENT_HANDSHAKE_TRAFFIC_SECRET 904b1ee7c9d6f906401c919a279acdc91f09bad92fb9483eca4443d2b68b49fe e88cf6beebcbc09b65ab0f9c30cb3d4cc27884618899125fc683083c3f66a5c3
CLIENT_HANDSHAKE_TRAFFIC_SECRET 60a5e542274201c52c990039efea712f1cc02eae16bbfe1666624fe94606e9f0 2b9b64b7b81dafd2ef97c9964353f27083e69e9acfe836ac69c17427bf5fdfad
SERVER_HANDSHAKE_TRAFFIC_SECRET 904b1ee7c9d6f906401c919a279acdc91f09bad92fb9483eca4443d2b68b49fe 9fe2d9242479293d1889103428302e152507ace0ad0bb4168ca485efb55f6774
SERVER_HANDSHAKE_TRAFFIC_SECRET 60a5e542274201c52c990039efea712f1cc02eae16bbfe1666624fe94606e9f0 981de861e82caf8e6b8e4ae689f19d0a7c1126a8d05b07e755032381b42c1b20
CLIENT_HANDSHAKE_TRAFFIC_SECRET e72957aa52c88198a72d788f385336fa770d1fdb17b1621a527e0ae4e81cb292 4f6a0d9b4cfa542570f06b8f524a55fedee6135b0ead3bcc9bc9e629e690b174
SERVER_HANDSHAKE_TRAFFIC_SECRET e72957aa52c88198a72d788f385336fa770d1fdb17b1621a527e0ae4e81cb292 7a83e39a168806e9f01d6a2078d59ffb04b57647993f6c253c30af2527331448
CLIENT_TRAFFIC_SECRET_0 904b1ee7c9d6f906401c919a279acdc91f09bad92fb9483eca4443d2b68b49fe c86ad83d51ee87549b35a6d9fe398777e547a1764c4a6bae9ec520ebf7f6f05c
CLIENT_TRAFFIC_SECRET_0 60a5e542274201c52c990039efea712f1cc02eae16bbfe1666624fe94606e9f0 04283d2eebbd7fca7cb688b68f3acb6c9576a6f892fc615c62652fc040b040da
SERVER_TRAFFIC_SECRET_0 904b1ee7c9d6f906401c919a279acdc91f09bad92fb9483eca4443d2b68b49fe bcb007283aad80fcc73d3f965f4314c586604989e95b8c3468311acca42116d6
SERVER_TRAFFIC_SECRET_0 60a5e542274201c52c990039efea712f1cc02eae16bbfe1666624fe94606e9f0 d21796e55dc191d407bc6fc0f6cc441fbfef8f661a06d2ba3d53a3451e4fa134
CLIENT_TRAFFIC_SECRET_0 e72957aa52c88198a72d788f385336fa770d1fdb17b1621a527e0ae4e81cb292 6b8269377f94a7a2e643d69817ecccd6c73526b4a4b70558b2df8e16b8367ed1
EXPORTER_SECRET 904b1ee7c9d6f906401c919a279acdc91f09bad92fb9483eca4443d2b68b49fe 060aa188e99aac63d33df2057dd0e73d63d5ae1b78fb824df6ebb8dbccb66aba
SERVER_TRAFFIC_SECRET_0 e72957aa52c88198a72d788f385336fa770d1fdb17b1621a527e0ae4e81cb292 eb64dd740fd2cb66e982539c8e93c497cafd2c55df4c9ba26c779f1cde0fec5c
EXPORTER_SECRET 60a5e542274201c52c990039efea712f1cc02eae16bbfe1666624fe94606e9f0 0502bd8562beb1aeb08bf368fb3eaba75d2de76bef70aea6d67dc95e06552b0a
EXPORTER_SECRET e72957aa52c88198a72d788f385336fa770d1fdb17b1621a527e0ae4e81cb292 21178509e5351fe15ac279639ad5bc9500dd31095b6f203363150753313605d9
CLIENT_HANDSHAKE_TRAFFIC_SECRET 850644815f514995ba60881d6b93e73b942b22af45cde4682a0fe41d79633da3 d01daff69f150df62a95cd6af8866290ea23cd492c0dbafe277579bd5d64b966
SERVER_HANDSHAKE_TRAFFIC_SECRET 850644815f514995ba60881d6b93e73b942b22af45cde4682a0fe41d79633da3 f722ace2dc4242eab7eec962f085f9c41ce7384eed4ac8b7933439f10494181e
CLIENT_TRAFFIC_SECRET_0 850644815f514995ba60881d6b93e73b942b22af45cde4682a0fe41d79633da3 735f7de18feb54a5a237029a5900baa58b0db9d38524a69039422d52242f6288
SERVER_TRAFFIC_SECRET_0 850644815f514995ba60881d6b93e73b942b22af45cde4682a0fe41d79633da3 7ceb751909f0bd97e2fec22dac2b1d4fb1e6bb3160c045a7885ee825f31db00a
EXPORTER_SECRET 850644815f514995ba60881d6b93e73b942b22af45cde4682a0fe41d79633da3 7be642008e6da518baa86d4b35246ed712de9f49b6da7fa6250850f71df5db97
CLIENT_HANDSHAKE_TRAFFIC_SECRET 5b1ad4dc496887943c86095022111803106790439b9d668137f73500c4e0e824 e9b0a207c479d85d90e91f6fb914b083e9553b812a10f4be889fdc8b46430995
SERVER_HANDSHAKE_TRAFFIC_SECRET 5b1ad4dc496887943c86095022111803106790439b9d668137f73500c4e0e824 7567ece8067724722e714fb09ae080009e44017f1f2bcbcf3c99c5b9ee0f6f69
CLIENT_TRAFFIC_SECRET_0 5b1ad4dc496887943c86095022111803106790439b9d668137f73500c4e0e824 751b6343ba64887a8244c3b03e11a89b4b074ebd542476cddeefcabdd84807c7
SERVER_TRAFFIC_SECRET_0 5b1ad4dc496887943c86095022111803106790439b9d668137f73500c4e0e824 0366e0590c9dfa02f358370c342bfec7f2f2fe8f05b0548d54315fac6c57df96
EXPORTER_SECRET 5b1ad4dc496887943c86095022111803106790439b9d668137f73500c4e0e824 2a5f9c4ce0d9d98b19c3dca7cba6cff58c83088eaaab0bd07e9cdd23eb0138a3
CLIENT_HANDSHAKE_TRAFFIC_SECRET f45df5c8ede051c55bfe0a234e623950ceb9b39407c71f93a2ce1289a20ec20a 71473f1d7b55efa4ea3cc726fd947daf2e936a716216996e732b2f1e73158805
SERVER_HANDSHAKE_TRAFFIC_SECRET f45df5c8ede051c55bfe0a234e623950ceb9b39407c71f93a2ce1289a20ec20a 7cd587ab1895fa2cec7134bd27af9ff6d905f3d48c1280c49c9aae37a96f6f63
CLIENT_TRAFFIC_SECRET_0 f45df5c8ede051c55bfe0a234e623950ceb9b39407c71f93a2ce1289a20ec20a 5405667df17ea38455b4dfe1ed1433b495d6795682b19c13614f2c62fb2251f5
SERVER_TRAFFIC_SECRET_0 f45df5c8ede051c55bfe0a234e623950ceb9b39407c71f93a2ce1289a20ec20a c8f49c5dd39122bd006db48b9d13c7a561acbc62f239eba1874edca9869dc7e8
EXPORTER_SECRET f45df5c8ede051c55bfe0a234e623950ceb9b39407c71f93a2ce1289a20ec20a 3b71a14f435d82f3db71bdd03a0fec915814ebfdecf977358b386eb5533dfc4b
CLIENT_HANDSHAKE_TRAFFIC_SECRET 9dcaca99bf78ad2417e8dc0d417b6385fc41ba5cdc4227dd97e206b430fc72ce 3d8c85fe9b5c106634739499fd9000c9a49fabdcad3b7a5d93573ca4994cb004
SERVER_HANDSHAKE_TRAFFIC_SECRET 9dcaca99bf78ad2417e8dc0d417b6385fc41ba5cdc4227dd97e206b430fc72ce 460cf31ba0157af4102118fa9a17dbb6baed6fe55a1d5c32bebf7c7b871b428c
CLIENT_TRAFFIC_SECRET_0 9dcaca99bf78ad2417e8dc0d417b6385fc41ba5cdc4227dd97e206b430fc72ce 759a7a654a44fc1bfbfc6a67f07666decfdce72cd8404cdbbbbd48278591192e
SERVER_TRAFFIC_SECRET_0 9dcaca99bf78ad2417e8dc0d417b6385fc41ba5cdc4227dd97e206b430fc72ce 537644298cc2b709417aeb9ee6aa243279a825ac87fed65cfca3709940a86617
EXPORTER_SECRET 9dcaca99bf78ad2417e8dc0d417b6385fc41ba5cdc4227dd97e206b430fc72ce 1987ed4201bf52e178a2fa667d945199d5a4777266b9cd09cbbca1261d0a17ef
