CLIENT_HANDSHAKE_TRAFFIC_SECRET df729d8b67ba2e616986209184ed92322d298074c6bf494518f10b552fe3d723 7b8ae3f1f93c3625f0282bcfa13672cd928093a6a86a7d55218bd73dfa75fba6
SERVER_HANDSHAKE_TRAFFIC_SECRET df729d8b67ba2e616986209184ed92322d298074c6bf494518f10b552fe3d723 596bd8b838b8f8aef7c4f990007430db64759298c1926c26d0ec17f022138b2b
CLIENT_TRAFFIC_SECRET_0 df729d8b67ba2e616986209184ed92322d298074c6bf494518f10b552fe3d723 cc431241c633014ef83aa97b61f4fd25f5b67cc816b61c9ece0f47932d2dd9df
SERVER_TRAFFIC_SECRET_0 df729d8b67ba2e616986209184ed92322d298074c6bf494518f10b552fe3d723 9352ae6ca30513fa289fa4604fb86107c7d029d613b04666d2739233ddcae76a
EXPORTER_SECRET df729d8b67ba2e616986209184ed92322d298074c6bf494518f10b552fe3d723 e4b083763eb150d5ae19c4589ff9377350c5880088b91d223888cdfc2d955ba0
CLIENT_HANDSHAKE_TRAFFIC_SECRET 5a0fb4f348db9c6fa7808779ee9be345fbb10213d42682cbe0b727bfc95b2f31 9e28d2cbb450186cee75ed6bc4cf2990bee4f62612d14ce3ce1c2adab5f359e6
SERVER_HANDSHAKE_TRAFFIC_SECRET 5a0fb4f348db9c6fa7808779ee9be345fbb10213d42682cbe0b727bfc95b2f31 b3cea93d588aae68f53f6482a256256ee5d05d76e268293bc2e50cb7234d08bf
CLIENT_HANDSHAKE_TRAFFIC_SECRET 4bfe5365434f5996e3739b638f89b1cc95a59f3055c97b9dd255327252764dc3 cb07ef88928ae203238eda1df3a24e673c40e70c393b54b35a729e422b48109d
SERVER_HANDSHAKE_TRAFFIC_SECRET 4bfe5365434f5996e3739b638f89b1cc95a59f3055c97b9dd255327252764dc3 a845371e17efbc3d50fe255c2921b95d6c3232352cf8b6624b2c95b7b62a54ac
CLIENT_TRAFFIC_SECRET_0 5a0fb4f348db9c6fa7808779ee9be345fbb10213d42682cbe0b727bfc95b2f31 f376dd145b56a6ea6540b22d7d967bf27cd3a03157494514af543b3e655174dd
SERVER_TRAFFIC_SECRET_0 5a0fb4f348db9c6fa7808779ee9be345fbb10213d42682cbe0b727bfc95b2f31 2e71923dc2447e2705183bda4d984ec8575088cf6ca48c93d31c2c3f87e8c806
EXPORTER_SECRET 5a0fb4f348db9c6fa7808779ee9be345fbb10213d42682cbe0b727bfc95b2f31 d7fb4416caa1337722f3a65a7f84da1852fb35c810b7400f774ec10e65fea1c6
CLIENT_TRAFFIC_SECRET_0 4bfe5365434f5996e3739b638f89b1cc95a59f3055c97b9dd255327252764dc3 40671b40dabc1b108208eb3ce22b8773ed55d4b8e6d83aa38d5e23a79a067058
SERVER_TRAFFIC_SECRET_0 4bfe5365434f5996e3739b638f89b1cc95a59f3055c97b9dd255327252764dc3 bacc02579520b85511b990a815bd9bfd8edb5faa0bd9cca8030ecd6532c927ec
EXPORTER_SECRET 4bfe5365434f5996e3739b638f89b1cc95a59f3055c97b9dd255327252764dc3 81e11982ca9df43f65b34942731c18cab268ad0e218345313086f2f4278de0ae
CLIENT_HANDSHAKE_TRAFFIC_SECRET 9df8b862aff1eaf51ddf1430f889f012928ba2fa41fd43b5ea28ca56f16bf078 9b3c4dfafbd0c53457080d578a97765197a969976886fa56f5511e96e94169f7
SERVER_HANDSHAKE_TRAFFIC_SECRET 9df8b862aff1eaf51ddf1430f889f012928ba2fa41fd43b5ea28ca56f16bf078 92ad4d1be54f8b2ae82c01f005e93f392fcb34360fa60f86456e06a57a810edf
CLIENT_TRAFFIC_SECRET_0 9df8b862aff1eaf51ddf1430f889f012928ba2fa41fd43b5ea28ca56f16bf078 16efbba50a9b97f002814a781133ce8f46c5f16aa8e157263150e45386efc90d
SERVER_TRAFFIC_SECRET_0 9df8b862aff1eaf51ddf1430f889f012928ba2fa41fd43b5ea28ca56f16bf078 fd7ca72d74da02a49a7ebad2b226923ccd7cf81b118a68253041963d46eb249c
EXPORTER_SECRET 9df8b862aff1eaf51ddf1430f889f012928ba2fa41fd43b5ea28ca56f16bf078 640bca7893ad28224e9369f44c5f8a2a236833ceccd99f9b94e0709bf16658ea
