CLIENT_HANDSHAKE_TRAFFIC_SECRET 6bd961ca00f13b533cea7ede0bc8ca0efb33f78291a0b2e785fadd1a247632d3 7572eb6df4ca6fbf483e5a98ac0c3e06d493589ff573fcfe1d44aaec00081354
SERVER_HANDSHAKE_TRAFFIC_SECRET 6bd961ca00f13b533cea7ede0bc8ca0efb33f78291a0b2e785fadd1a247632d3 d5788663ad0cfbde7fe941fe1a79cc9bd39cddc9e9b79b5ae3a68f7f727942c0
CLIENT_TRAFFIC_SECRET_0 6bd961ca00f13b533cea7ede0bc8ca0efb33f78291a0b2e785fadd1a247632d3 82d65c90170919482e74f39ec22ce861c5dec4eb596b6279a07eaeb957c75d37
SERVER_TRAFFIC_SECRET_0 6bd961ca00f13b533cea7ede0bc8ca0efb33f78291a0b2e785fadd1a247632d3 49d8b92ac1705714ce1caa8cd70de1e1d2ee3dcb0aa79edf6597752b2f04b7cd
EXPORTER_SECRET 6bd961ca00f13b533cea7ede0bc8ca0efb33f78291a0b2e785fadd1a247632d3 24ad8c2e2f415eed739102fd8be2c3a360a6c708f18cbcab255042fbc28e7b46
CLIENT_HANDSHAKE_TRAFFIC_SECRET 0a2a76bc3d7076ea668a678739c8271004546364533140b408c80c240ddcad6e 821fb6fd39fc351f2b4290b984cd983d0863f765209339e2fd567907db2b7fd8
SERVER_HANDSHAKE_TRAFFIC_SECRET 0a2a76bc3d7076ea668a678739c8271004546364533140b408c80c240ddcad6e a279a914f95865c79e47e7c69be0a80adc95b8156659ec82494ba4460e89c4fe
CLIENT_HANDSHAKE_TRAFFIC_SECRET 032622c9dd6af0de32da33a85b0a13325c46ce1dcc96a2dd3fb215413d46bcba aa7b19f715da6babaafee700817b776b793c8fe25114d96241bdb5b9a96a62de
SERVER_HANDSHAKE_TRAFFIC_SECRET 032622c9dd6af0de32da33a85b0a13325c46ce1dcc96a2dd3fb215413d46bcba 64301c423c0cb97cde07867a2a5a7912d585f27939a199bf5f5cf7b7bdf234a6
CLIENT_HANDSHAKE_TRAFFIC_SECRET b20fb93abf7aaee9dbe9c1e67b312eb36699f73b21ef3f78caf4f9e1264c5784 54b981bb2748eb1a0f427c19b0a4540efcbf7d5c169355b625b60e0046d82912
SERVER_HANDSHAKE_TRAFFIC_SECRET b20fb93abf7aaee9dbe9c1e67b312eb36699f73b21ef3f78caf4f9e1264c5784 a2751ed5e98453fa2dd4d51f7bd30b13de4cc89d6e19d14e4b3ef51a1d934364
CLIENT_HANDSHAKE_TRAFFIC_SECRET 551019402f4d676a8f376221303ba462833b8a2be029b6b1bdd94f1b1080740a bec2bd7fc86f18a9919452de2cdbf5d42301f99553329cbaa1b2d9e1201f8804
SERVER_HANDSHAKE_TRAFFIC_SECRET 551019402f4d676a8f376221303ba462833b8a2be029b6b1bdd94f1b1080740a f978cbbd6114f0c7263ee2faed9661b50704d8d1d80ef6a572f53adfcc29f54d
CLIENT_HANDSHAKE_TRAFFIC_SECRET db8e2f531fb4d68a6856ca082d2044143d1172e79d5d801ca81affa09ed33b7f 5da01673697aecd9d8f1dcbf968b05ea3b4d8e90891a03d567486dd88dec94f1
SERVER_HANDSHAKE_TRAFFIC_SECRET db8e2f531fb4d68a6856ca082d2044143d1172e79d5d801ca81affa09ed33b7f cff5702c0d6cacbb8dcbb95c0dd5544ccfe1ac51eae750e440dd50f1c3fe8b0d
CLIENT_HANDSHAKE_TRAFFIC_SECRET ea4c5630c56490d449a61a4e6b4e87db803e414407907c0f398843c7cbd7462f 745c96ea53edcd0970ff3da225eec71f6e82746fdf2150673ade084276608f0c
SERVER_HANDSHAKE_TRAFFIC_SECRET ea4c5630c56490d449a61a4e6b4e87db803e414407907c0f398843c7cbd7462f 9223f59f9b4b106f5e83a346fd83450bb4acff7d2624a4a642db1d45e643eed0
CLIENT_HANDSHAKE_TRAFFIC_SECRET 3c98db1670b98506d186bf1c784cda94a00026c750d8ea4dece9108f8b24450a 0f8a6a8b7fb9ab77c79552b7cbbb7c39f795297ac25d90df86024854e2c34fe7
SERVER_HANDSHAKE_TRAFFIC_SECRET 3c98db1670b98506d186bf1c784cda94a00026c750d8ea4dece9108f8b24450a 5429698c15128073526a0b547bc9417135e15cc6b4626198030fe5adbe0fc101
CLIENT_HANDSHAKE_TRAFFIC_SECRET aac9488c7d10597eb9b8b2b973d35f736bfd394c28eda28e035224b36efe6ada 0e4ea3d7ac35cd9bda7c8a8d42dbd9b9e938e4d1bf9c722ae8804abcae4d03cb
SERVER_HANDSHAKE_TRAFFIC_SECRET aac9488c7d10597eb9b8b2b973d35f736bfd394c28eda28e035224b36efe6ada 8c59184d77fadc1eab8d6f9c7d0acb916b2a5e76f4b54d05adca7d2dd20aa4b9
CLIENT_HANDSHAKE_TRAFFIC_SECRET e03e43cf1d3923bbcc0ce87f383f39c4a4e8f68a233cea3528027148713d2ea1 a01a5c72fcbbf42b2702dc858f2c836d514846c6cb80b5585acbccaa1d8dda96
SERVER_HANDSHAKE_TRAFFIC_SECRET e03e43cf1d3923bbcc0ce87f383f39c4a4e8f68a233cea3528027148713d2ea1 28c4094f70516cdff21609e2d06f9cf5b245a6cef6e8f42d9e40812e2107ba11
CLIENT_HANDSHAKE_TRAFFIC_SECRET 0e5ccc5c1514374a1082d6a109837df69b04558dfcba5ecf2602f29f8b6e6e01 34260c8eba25c5a1931433e090e56a98834b891919c35fe50f41564cd02699d7
SERVER_HANDSHAKE_TRAFFIC_SECRET 0e5ccc5c1514374a1082d6a109837df69b04558dfcba5ecf2602f29f8b6e6e01 1d0b41273a9605ae476f995adaa303684577bd0d5d3d3c6f459bcee32d914136
CLIENT_TRAFFIC_SECRET_0 0a2a76bc3d7076ea668a678739c8271004546364533140b408c80c240ddcad6e 79b8c49797024f5ddeb3ec3aa286bcc3ed6f88428e321e8b3641cfbe335fa866
SERVER_TRAFFIC_SECRET_0 0a2a76bc3d7076ea668a678739c8271004546364533140b408c80c240ddcad6e 737870cddabd960093a5d0bf0609ed5d89e5f9c99184fca2919a7c53962ab8aa
EXPORTER_SECRET 0a2a76bc3d7076ea668a678739c8271004546364533140b408c80c240ddcad6e 81d2f84a57e0d47df928a6e2f4e10eb14958f3e97cf61ead44388fe19b802aba
CLIENT_HANDSHAKE_TRAFFIC_SECRET 42c31ebad6b64906f35875b1d2b528b34d64672084ba6c0efef3cb0370057db8 96f9e568e6f60aceed0d4639ae6beaf89e5bb2d02466e858c578e627a68d7f23
SERVER_HANDSHAKE_TRAFFIC_SECRET 42c31ebad6b64906f35875b1d2b528b34d64672084ba6c0efef3cb0370057db8 6cf1cc5373b19483a6b223aa06586ffa64e80ea5ab4d931525ee9bc19357ec80
CLIENT_TRAFFIC_SECRET_0 032622c9dd6af0de32da33a85b0a13325c46ce1dcc96a2dd3fb215413d46bcba 05987ccd989bc986bcff242c3150b022601b7d30976aa8fe4c786f5539efec60
SERVER_TRAFFIC_SECRET_0 032622c9dd6af0de32da33a85b0a13325c46ce1dcc96a2dd3fb215413d46bcba bae691f71fc4f914b0d6b5e3b1714723300e93fd70584499feb3283249ce8ed7
EXPORTER_SECRET 032622c9dd6af0de32da33a85b0a13325c46ce1dcc96a2dd3fb215413d46bcba 6ab521f7927c833c00d41b82419d534a958c7f07b7f5055ee56a40a4dfc50f20
CLIENT_TRAFFIC_SECRET_0 b20fb93abf7aaee9dbe9c1e67b312eb36699f73b21ef3f78caf4f9e1264c5784 0ff74cb7cb33aeb7b7bcfddcaf6fb3e54fa396c938dcdb40ce03c61421df7dc7
CLIENT_TRAFFIC_SECRET_0 551019402f4d676a8f376221303ba462833b8a2be029b6b1bdd94f1b1080740a 2bccfe01a35c22009a3d3c0f0037a889c93ded77aa69faab3083959441417a50
SERVER_TRAFFIC_SECRET_0 b20fb93abf7aaee9dbe9c1e67b312eb36699f73b21ef3f78caf4f9e1264c5784 2eae726fb30d7baa64aa1434397d826d9629849cfcbd52c9e6b585f2323434a0
SERVER_TRAFFIC_SECRET_0 551019402f4d676a8f376221303ba462833b8a2be029b6b1bdd94f1b1080740a 0b4e78405377c747619ec6718122b35fd1a99248f7295d2a346cfcf5aba967ac
EXPORTER_SECRET b20fb93abf7aaee9dbe9c1e67b312eb36699f73b21ef3f78caf4f9e1264c5784 06888d2093ba3c19acd4e2bceef67124040f0e5e005bd1d7d313ff20eb372de8
EXPORTER_SECRET 551019402f4d676a8f376221303ba462833b8a2be029b6b1bdd94f1b1080740a 1c3bb7b9b8e8dc408d64d199ab370549efc76122e596ed5c049d7c44024a440f
CLIENT_HANDSHAKE_TRAFFIC_SECRET 8fb90132fd297d5f4e36f0234542786f7448f27e1a6dfc4ff47e616d3f6722a2 1092414db99ef27dafac896f56c63c9c148fd9dfde412600dcfbd0035ee20919
SERVER_HANDSHAKE_TRAFFIC_SECRET 8fb90132fd297d5f4e36f0234542786f7448f27e1a6dfc4ff47e616d3f6722a2 2fc508b229edb2306acf8495024e6d0bd56a9a3688180506007b3fdc010db74b
CLIENT_HANDSHAKE_TRAFFIC_SECRET f0086a22b4f6062858524e8ce9508b9b2349c6e83e31be86f75044ffbf8597fc 74cf2621c9c0e7caa8dcfef40e310d902151205b5b3b105229e901a3b197c8a6
SERVER_HANDSHAKE_TRAFFIC_SECRET f0086a22b4f6062858524e8ce9508b9b2349c6e83e31be86f75044ffbf8597fc 472d80dfbcf0480be53aacd292e46eaaba35d322b170a3f41896384ce8c0ef4d
CLIENT_TRAFFIC_SECRET_0 db8e2f531fb4d68a6856ca082d2044143d1172e79d5d801ca81affa09ed33b7f f73683343ae230e55f2b93009b276c7c9ee9e792c41dc91c2b83312e67a2160f
SERVER_TRAFFIC_SECRET_0 db8e2f531fb4d68a6856ca082d2044143d1172e79d5d801ca81affa09ed33b7f 9612c9bbedb7672d9c0ab2fab45f847ee06f10691ced3153f97d9e52cdbe5ff3
EXPORTER_SECRET db8e2f531fb4d68a6856ca082d2044143d1172e79d5d801ca81affa09ed33b7f da1c64f277651c6a8192de04f9824c6bef3b7dcc9ca14dae1bde5741f2a13daa
CLIENT_TRAFFIC_SECRET_0 ea4c5630c56490d449a61a4e6b4e87db803e414407907c0f398843c7cbd7462f ca405fed76be73135b97c70a561d14447d7837a880c785175aeda1056b7f91c4
SERVER_TRAFFIC_SECRET_0 ea4c5630c56490d449a61a4e6b4e87db803e414407907c0f398843c7cbd7462f b9bc2f63b20428b5a75596e305256faa5cec8dfb5568bcbde66ccf4a4c4165dc
EXPORTER_SECRET ea4c5630c56490d449a61a4e6b4e87db803e414407907c0f398843c7cbd7462f 4e05fece7b2186e7510301254e567e3d5a10e03b457531459e91d24523e37b04
CLIENT_TRAFFIC_SECRET_0 3c98db1670b98506d186bf1c784cda94a00026c750d8ea4dece9108f8b24450a db7eebffc06f19d086616ca569a3e69d7013fadbe3be756db7af83aa9c8effae
SERVER_TRAFFIC_SECRET_0 3c98db1670b98506d186bf1c784cda94a00026c750d8ea4dece9108f8b24450a 42f97282e327431fe66d33d007b7ff8325d4bfc3fb3b754ed5e560faa8f0e5f6
EXPORTER_SECRET 3c98db1670b98506d186bf1c784cda94a00026c750d8ea4dece9108f8b24450a 41657a128d743ceed8c317224ada5544a3e2029de25ab1f73c4fda56abb7e691
CLIENT_TRAFFIC_SECRET_0 aac9488c7d10597eb9b8b2b973d35f736bfd394c28eda28e035224b36efe6ada 71db00ba7ba40071c5af8b91c0c2d0624a5d60ac01ebca22e331e2231cfc6863
SERVER_TRAFFIC_SECRET_0 aac9488c7d10597eb9b8b2b973d35f736bfd394c28eda28e035224b36efe6ada b444042a820fd257d5d60ed8dfce00a90b0fd54e398278c61af6e072620b5124
CLIENT_TRAFFIC_SECRET_0 0e5ccc5c1514374a1082d6a109837df69b04558dfcba5ecf2602f29f8b6e6e01 678762c6730741689b8d850baa4df31df38af8292e28d2658c94a252325e9ec8
EXPORTER_SECRET aac9488c7d10597eb9b8b2b973d35f736bfd394c28eda28e035224b36efe6ada 8444db8c6e853a07192e32dd692c587422046c4a725699dc87a9a707326816e9
SERVER_TRAFFIC_SECRET_0 0e5ccc5c1514374a1082d6a109837df69b04558dfcba5ecf2602f29f8b6e6e01 9d819b8919be0ca2b972f99b86f7e74dc5b3ae23a7b1cd61b1a33746d0f32d25
EXPORTER_SECRET 0e5ccc5c1514374a1082d6a109837df69b04558dfcba5ecf2602f29f8b6e6e01 67b873fbe2f77234d420c39807068361018e776c177b58e7c813e55a25c2d90b
CLIENT_TRAFFIC_SECRET_0 e03e43cf1d3923bbcc0ce87f383f39c4a4e8f68a233cea3528027148713d2ea1 afbad0805ce0c278a0baea51f75de1cd6dfceda036283aa21897c495609d3ff7
SERVER_TRAFFIC_SECRET_0 e03e43cf1d3923bbcc0ce87f383f39c4a4e8f68a233cea3528027148713d2ea1 847ef9b4e2429c1f9f5ebe53b66930499b7319baa8f88505fbec9cdf0b2015e2
EXPORTER_SECRET e03e43cf1d3923bbcc0ce87f383f39c4a4e8f68a233cea3528027148713d2ea1 919802361bca64ca2d1fb4620278c5b938e2d8fad52b11d51d4c50b894af4ca3
CLIENT_TRAFFIC_SECRET_0 42c31ebad6b64906f35875b1d2b528b34d64672084ba6c0efef3cb0370057db8 65e97b1f8a5853b64fa3d34bcc3ef88d9e7395b0123359ce6dcd300435b36c51
SERVER_TRAFFIC_SECRET_0 42c31ebad6b64906f35875b1d2b528b34d64672084ba6c0efef3cb0370057db8 80d0932f919f65e726b17ec7b54bd75fee5260b25f60f77014782f14609baafb
EXPORTER_SECRET 42c31ebad6b64906f35875b1d2b528b34d64672084ba6c0efef3cb0370057db8 aa085bf891f53e1e5bd4a433d2fc1016cc0f13bbe252aae6ec2be10e204f9e8b
CLIENT_TRAFFIC_SECRET_0 f0086a22b4f6062858524e8ce9508b9b2349c6e83e31be86f75044ffbf8597fc fefad26f2869c75d24a66e0678676c1ae6d1d1a6aa50721ea4cde3b288afdd7e
SERVER_TRAFFIC_SECRET_0 f0086a22b4f6062858524e8ce9508b9b2349c6e83e31be86f75044ffbf8597fc e5aa7a2f5c1d2a16a24e5d3a3155c5b6a2bfce97fbbfc61a3938f52dc6de0a1e
EXPORTER_SECRET f0086a22b4f6062858524e8ce9508b9b2349c6e83e31be86f75044ffbf8597fc 376c3eff0fce691aaa34ae7330c702012db6667949f418f52cb99087e78a5973
CLIENT_TRAFFIC_SECRET_0 8fb90132fd297d5f4e36f0234542786f7448f27e1a6dfc4ff47e616d3f6722a2 1910855a2a7e4eaf8493b0307102a30e9f06701391b2b328165c0b3b5d9cb9e0
SERVER_TRAFFIC_SECRET_0 8fb90132fd297d5f4e36f0234542786f7448f27e1a6dfc4ff47e616d3f6722a2 47f6971cb80ead6854d6be02dae5f75d94427d56075247aa05dea80e39e1549b
EXPORTER_SECRET 8fb90132fd297d5f4e36f0234542786f7448f27e1a6dfc4ff47e616d3f6722a2 cf718d3d32880c86a5941de2eb03a119de08b1dd225cda3250b69c5c1845c2f5
CLIENT_HANDSHAKE_TRAFFIC_SECRET b40d566ad12c8e372519ea86bddd96bc97dae9608fb29da6ac4bbcb83d5fefd6 7f8767c67943ef3bef959c2e0de17df2b7fb5a2d8868c765ae8fe6d07a31a1d7
SERVER_HANDSHAKE_TRAFFIC_SECRET b40d566ad12c8e372519ea86bddd96bc97dae9608fb29da6ac4bbcb83d5fefd6 370548f44d5035edd3ed7550055344979fcb2a6dbe107fb846a483efe5e9387c
CLIENT_HANDSHAKE_TRAFFIC_SECRET e9db83993e48257858308016efae41c247297d336f50e4b41d660754d43a7a76 6eeacca0e0e3b3d1a95899847b29ea16968a5b1c833a43cc34c3628354dbca8d
SERVER_HANDSHAKE_TRAFFIC_SECRET e9db83993e48257858308016efae41c247297d336f50e4b41d660754d43a7a76 20c4a5047e57e9fd2d19cb98133030874cb55f7f3ea119d9de30f407047661f1
CLIENT_TRAFFIC_SECRET_0 b40d566ad12c8e372519ea86bddd96bc97dae9608fb29da6ac4bbcb83d5fefd6 fd59d173919690c140e2a4ee93a88f17a9ebeaba26a7539702332b84adc7925e
SERVER_TRAFFIC_SECRET_0 b40d566ad12c8e372519ea86bddd96bc97dae9608fb29da6ac4bbcb83d5fefd6 1c76483899d92ee7edbda191852e91bdb8f407a51af8bb5026c14a896124035f
EXPORTER_SECRET b40d566ad12c8e372519ea86bddd96bc97dae9608fb29da6ac4bbcb83d5fefd6 4bb55a45e2e1fdaf4ce2d907aba020f305b1bc6b6a31a62af6f45bc91ffede8d
CLIENT_TRAFFIC_SECRET_0 e9db83993e48257858308016efae41c247297d336f50e4b41d660754d43a7a76 0a6d1f120244a8e0a29321662a00ece0455ad9b5e64cd6f1e4f64b177f5a2a1e
SERVER_TRAFFIC_SECRET_0 e9db83993e48257858308016efae41c247297d336f50e4b41d660754d43a7a76 24c4a0e94dd42dfb09d478f7a7e333e3a4707b668470e02292be70cb39d902b7
EXPORTER_SECRET e9db83993e48257858308016efae41c247297d336f50e4b41d660754d43a7a76 d01d56b5bae26c7c08043d459ea74d8074eb590181beda8aa146a257182aa28b
