CLIENT_HANDSHAKE_TRAFFIC_SECRET 58c3292252e55b4b2db69ad4e633f2d473b622557933a8a57d9cd1a9697cd10b b3feadbdb7a5c3fcbd4ab96081f0d2a50eb7980124a9e814bf3c583e812fd074
SERVER_HANDSHAKE_TRAFFIC_SECRET 58c3292252e55b4b2db69ad4e633f2d473b622557933a8a57d9cd1a9697cd10b 61876d5c36da0a79ae9113a79cad344f3b918920537fdfa8e6354b0bd57312b4
CLIENT_TRAFFIC_SECRET_0 58c3292252e55b4b2db69ad4e633f2d473b622557933a8a57d9cd1a9697cd10b e8253f027d3fe9ef60b09012e24b4b5fa432f79093bdd69295d2037a750f4084
SERVER_TRAFFIC_SECRET_0 58c3292252e55b4b2db69ad4e633f2d473b622557933a8a57d9cd1a9697cd10b 757034424bc728303a37d43fda8006d552c346c3890aeb93b5c777654225028d
EXPORTER_SECRET 58c3292252e55b4b2db69ad4e633f2d473b622557933a8a57d9cd1a9697cd10b 138c06639fcd7f61a688eeea9947c751cf4705aa69876439af9e594fc0e6da34
CLIENT_HANDSHAKE_TRAFFIC_SECRET 931b0adaeb2d8f44d73706f1d6d2317ef63ba7adbf1386592a7a78c6ff460188 d3fe2e67a8b3a5d06996841561042cb4d702cb46f035471ebc4d4264b0590688
SERVER_HANDSHAKE_TRAFFIC_SECRET 931b0adaeb2d8f44d73706f1d6d2317ef63ba7adbf1386592a7a78c6ff460188 d23408cceb9fd741c94bee5a8547081eed8df35b846038086fbf8a40bc561329
CLIENT_HANDSHAKE_TRAFFIC_SECRET cb56458e6e5aab635b85381563b8b02bc432ea050255f9700e30660e36b7fbdd f05d01945c0be1665f09e2a5d34f6c25ff38e67256253a90a6cec5b8bc1c8371
SERVER_HANDSHAKE_TRAFFIC_SECRET cb56458e6e5aab635b85381563b8b02bc432ea050255f9700e30660e36b7fbdd 9dd213e95c053f666138ddd99593c26dcc450113c18d25036d5c195760cfef17
CLIENT_HANDSHAKE_TRAFFIC_SECRET 2d8c81cc90a0f0db7aa8ab341572407c493d64ed288cd6bede8fa4db5531266d 6422faa7fb1cecbb9ba1d17b359450634ccc92405538e91524aae83dce8c9567
SERVER_HANDSHAKE_TRAFFIC_SECRET 2d8c81cc90a0f0db7aa8ab341572407c493d64ed288cd6bede8fa4db5531266d 0a1cbfca4c93960bbb0e5a496958bd9f3eb91dee6ffffe68c8c7e408b6195c16
CLIENT_HANDSHAKE_TRAFFIC_SECRET 0972b31959009ca43f852e93ce3bbbcf0edd12d00cb9c40fbaf4e5c9e747a8b9 d7fb166436a70bde0343f739fb568873faa76b0d63ea48c46c42fd675d0275f7
SERVER_HANDSHAKE_TRAFFIC_SECRET 0972b31959009ca43f852e93ce3bbbcf0edd12d00cb9c40fbaf4e5c9e747a8b9 078d8aa8cf6d942f4a7b33c3af84ccdf75f5ddbe42815ba7252a25f0c126070f
CLIENT_HANDSHAKE_TRAFFIC_SECRET 861dd68c53885add11b036fbce699b4760ce2e187b4f2ad15c2f7f3363164b77 64785cb4d807927fe4e0af4d1a98929a848e7d169ae966f20f85d8a0de5213e2
SERVER_HANDSHAKE_TRAFFIC_SECRET 861dd68c53885add11b036fbce699b4760ce2e187b4f2ad15c2f7f3363164b77 ded59e1dbfd27d6f5829eb0cc08cae2ef06d5797b267107d2ec0058ca0cff819
CLIENT_TRAFFIC_SECRET_0 931b0adaeb2d8f44d73706f1d6d2317ef63ba7adbf1386592a7a78c6ff460188 0fcf48e43e5009f6621c3182a8db4eb7157da69f582a2dca9e877894a6254574
SERVER_TRAFFIC_SECRET_0 931b0adaeb2d8f44d73706f1d6d2317ef63ba7adbf1386592a7a78c6ff460188 66cde01ab2b581a5e69758643128153c17165424f15ce1290e9781afb19358e9
EXPORTER_SECRET 931b0adaeb2d8f44d73706f1d6d2317ef63ba7adbf1386592a7a78c6ff460188 425cb9fe947b4feb36b4e75f39a7485113209473b19064916024be02a9757b32
CLIENT_TRAFFIC_SECRET_0 cb56458e6e5aab635b85381563b8b02bc432ea050255f9700e30660e36b7fbdd 5910b0209f72717e402f16d512320e742cbf981fb07120cdc2da48fe41c4dacd
SERVER_TRAFFIC_SECRET_0 cb56458e6e5aab635b85381563b8b02bc432ea050255f9700e30660e36b7fbdd 5aa9d6b7ca0dd2dc56d7bb12fa42e6328f3b5877160c277564b8dad5f670ae43
EXPORTER_SECRET cb56458e6e5aab635b85381563b8b02bc432ea050255f9700e30660e36b7fbdd 58f1333c05d5cf94fcca7e553cbbeee55281bd1840f68f6604af624eeabd4328
CLIENT_TRAFFIC_SECRET_0 2d8c81cc90a0f0db7aa8ab341572407c493d64ed288cd6bede8fa4db5531266d 2654ff63034e22cd0072df594e1a5ddbf8d9c2bdac230fba41d507d516fb1a79
SERVER_TRAFFIC_SECRET_0 2d8c81cc90a0f0db7aa8ab341572407c493d64ed288cd6bede8fa4db5531266d d3a838846cd34727f39fd16f2735ca5ea11f760a10cc3f685c0fc16a655a1af7
EXPORTER_SECRET 2d8c81cc90a0f0db7aa8ab341572407c493d64ed288cd6bede8fa4db5531266d be3498c1a4e792fe5ad7763686af3759b098973a473c5b20e4061422c07679a8
CLIENT_TRAFFIC_SECRET_0 0972b31959009ca43f852e93ce3bbbcf0edd12d00cb9c40fbaf4e5c9e747a8b9 762d4149d38a82c9e9a9f3a97cf2b75de2e356463069ffde52a0fe850d68d882
SERVER_TRAFFIC_SECRET_0 0972b31959009ca43f852e93ce3bbbcf0edd12d00cb9c40fbaf4e5c9e747a8b9 01c5a76126cf9bb801f79ec3a95333e1c98702601d3ad912f2e9929f55046000
EXPORTER_SECRET 0972b31959009ca43f852e93ce3bbbcf0edd12d00cb9c40fbaf4e5c9e747a8b9 e5334f64ac0383144ea171905e871c7f90a288e53b42b39fbec097cb14a2166a
CLIENT_TRAFFIC_SECRET_0 861dd68c53885add11b036fbce699b4760ce2e187b4f2ad15c2f7f3363164b77 4b3c6203a594104320b57548410e6971e6bc0d5e309ee13be3c5295f68d78b46
SERVER_TRAFFIC_SECRET_0 861dd68c53885add11b036fbce699b4760ce2e187b4f2ad15c2f7f3363164b77 004e44143f8edd3f959fd59c427532bcad98c5c4c71b27c7527c722398aaa7c3
EXPORTER_SECRET 861dd68c53885add11b036fbce699b4760ce2e187b4f2ad15c2f7f3363164b77 9756601ed3f5b4733134de5f5233d992853984f0e5341dd5692d812181463794
