CLIENT_HANDSHAKE_TRAFFIC_SECRET 0ab41fa1f2b9f566e3161dca9642892e91c37740ac677c4e7164936f1ed464f5 21932c146199f800f84dc6e904f1d8302e8638cb9630df7b9c08fbb74d1a4ad5
SERVER_HANDSHAKE_TRAFFIC_SECRET 0ab41fa1f2b9f566e3161dca9642892e91c37740ac677c4e7164936f1ed464f5 93f5b40ce7ae8a490833c1b5ba88da2b6bc069831901ceb4b8d0e2396a96b56e
CLIENT_TRAFFIC_SECRET_0 0ab41fa1f2b9f566e3161dca9642892e91c37740ac677c4e7164936f1ed464f5 f45b2c09dddf3add87c20a3fcc02f15273b8ebb8052a497f3bbb5dbc5f845250
SERVER_TRAFFIC_SECRET_0 0ab41fa1f2b9f566e3161dca9642892e91c37740ac677c4e7164936f1ed464f5 f3082be18853f91214dd9fd1281d3b7d8652f2c1bd67cfcb059802db004359d0
EXPORTER_SECRET 0ab41fa1f2b9f566e3161dca9642892e91c37740ac677c4e7164936f1ed464f5 e61e59e871a5ceb6c8b6b1b683cee8a44d77e725923da6fe008095e45f7c17b9
CLIENT_HANDSHAKE_TRAFFIC_SECRET 1985b647d1078804c04729ce612d30228db1bb1ae2d6febe85df2db540f50103 c3d89f64bacc46398766aa52440c537e3db11509183620195fa3118e3e57db8a
SERVER_HANDSHAKE_TRAFFIC_SECRET 1985b647d1078804c04729ce612d30228db1bb1ae2d6febe85df2db540f50103 1c8600a00c6e29e0d2e3901ed0d31d0fe6c70dd3bd1c93a84d0c49beaf24e740
CLIENT_HANDSHAKE_TRAFFIC_SECRET a6f24f59ba95f555b57e67e7466210818891d83d6163cea08cc8a3140d2aea3f 6dda8e929968cd2495f2688510688f44a82503395635a42c87d2269588574596
SERVER_HANDSHAKE_TRAFFIC_SECRET a6f24f59ba95f555b57e67e7466210818891d83d6163cea08cc8a3140d2aea3f f8dc9380deb73ab3cb4f32dc9717ebc0cbaaca61d1f6c3b3e62975af4ffe2ed4
CLIENT_HANDSHAKE_TRAFFIC_SECRET 2dfacc0ef97bd75bf85eb63730a09fc1142c6f7acb514cb723439447b63bd512 ebedb048df2548451c22bc9a3e22388d6452b8fcced92687a0d862e6fabd61e2
SERVER_HANDSHAKE_TRAFFIC_SECRET 2dfacc0ef97bd75bf85eb63730a09fc1142c6f7acb514cb723439447b63bd512 5762fa23788d9608f396a9e63f65eb931ef2fdf1f476e7ffa1b0f135092a6b4a
CLIENT_HANDSHAKE_TRAFFIC_SECRET 6eddcf89fda6990eb5b46b4cc71b423d788267d056a2bd005de132885fa54edf 44d7ec9084e3b68e87588e77110309d23c2bb5dee030ead5de1452561be7d01d
SERVER_HANDSHAKE_TRAFFIC_SECRET 6eddcf89fda6990eb5b46b4cc71b423d788267d056a2bd005de132885fa54edf a5ec032ee12ebf32da156fbf02b5d9234ae4fdf180325d93d4bc0ef55c7da603
CLIENT_HANDSHAKE_TRAFFIC_SECRET 813999ca0a8c6c7f1c031a4760e1989a48600a4e4ed8464d9efee3990b5b1816 cd51e733e74b8134dcce53c9838c033e1967afbdf7e6286c6f2c76146599291a
SERVER_HANDSHAKE_TRAFFIC_SECRET 813999ca0a8c6c7f1c031a4760e1989a48600a4e4ed8464d9efee3990b5b1816 40e770a9cf577d8ef0477c07e697b2ba953b9b6f7dff39e350fed806e5df39f3
CLIENT_HANDSHAKE_TRAFFIC_SECRET 240e9a40242b452cb78edcbb0533001e4dc48d3687d57a37b699d783c2ba6820 dc2218eaef0f5d4045582fc358c9293b89ad98f40d87377616c8e141c13597bb
SERVER_HANDSHAKE_TRAFFIC_SECRET 240e9a40242b452cb78edcbb0533001e4dc48d3687d57a37b699d783c2ba6820 581c11a30802aad81e20c79f6a6e6ec2a4a3a48305e5d37a394351706824d68e
CLIENT_HANDSHAKE_TRAFFIC_SECRET 994664ba350385e5929f5eac5d4c08d0ed6083b750cd1d1dd120c01fdefceca1 df0740fd7596ab46f441deb42a8ebe4f64be90b75f88f3d7f676fb4a6053ba65
SERVER_HANDSHAKE_TRAFFIC_SECRET 994664ba350385e5929f5eac5d4c08d0ed6083b750cd1d1dd120c01fdefceca1 21702d79ca81a39f113b56f81b5a3344b6a55f7983665f0d12442dc484b26668
CLIENT_HANDSHAKE_TRAFFIC_SECRET cf4c1066b4d9c846d3c9c3cc0747c00a1c4e861d6d2746ccb41229045096395d 56468979aee13fb5929d4a572aeccecc7652ae21352ed1d67d34ff9951fce026
SERVER_HANDSHAKE_TRAFFIC_SECRET cf4c1066b4d9c846d3c9c3cc0747c00a1c4e861d6d2746ccb41229045096395d 90f87be5b4b3f512fbaa94cb2bdd67c83b35fae3af42c87d5c8d3772fc78cac4
CLIENT_HANDSHAKE_TRAFFIC_SECRET e2145eaef4f48a5c5f0fc309b6d3aac43cbcd27691de24daa2f63bf57500687e 6ccf8656a587fcde9e7586f90e2c3fb240dd01a482352ce242a883808fc52f37
SERVER_HANDSHAKE_TRAFFIC_SECRET e2145eaef4f48a5c5f0fc309b6d3aac43cbcd27691de24daa2f63bf57500687e 14e68ecaea2d725661d31ee5917d8e471ce70ceba69194cb2e285c222d9eec37
CLIENT_TRAFFIC_SECRET_0 1985b647d1078804c04729ce612d30228db1bb1ae2d6febe85df2db540f50103 18a594b4e3cd1de58b81740f9657023d588fc73707505ccdff5e10be2cdcf65e
SERVER_TRAFFIC_SECRET_0 1985b647d1078804c04729ce612d30228db1bb1ae2d6febe85df2db540f50103 46e5601903ba5e2fded0da770f8b6725ba34a171d03412c7b909acda84c996e0
EXPORTER_SECRET 1985b647d1078804c04729ce612d30228db1bb1ae2d6febe85df2db540f50103 96b61df753befc3d5dce4b164ce904ec445b60d19d71482dd9df2fcb54c91a38
CLIENT_TRAFFIC_SECRET_0 a6f24f59ba95f555b57e67e7466210818891d83d6163cea08cc8a3140d2aea3f d3531a98963019b0b7dab8dc04281ab2e5f5c191876f25187571b90533110dc6
SERVER_TRAFFIC_SECRET_0 a6f24f59ba95f555b57e67e7466210818891d83d6163cea08cc8a3140d2aea3f 6717106fd4f373515f508df1f25f1e856df4391f670d502c65e0d31cb73b505c
EXPORTER_SECRET a6f24f59ba95f555b57e67e7466210818891d83d6163cea08cc8a3140d2aea3f c0136bb84ac6b53d8e7edc7fe22e3b655ae0b179db141367175e1d5f5c7260a5
CLIENT_HANDSHAKE_TRAFFIC_SECRET 5123b0f2b1bd1686759e62d82c1eba976fefb476da7eea367459a62ac617b19a e5d42adf75747a7d8d65bdf3ed2bd70fd9aaf34edee301b9dd6e574dc99b0db2
SERVER_HANDSHAKE_TRAFFIC_SECRET 5123b0f2b1bd1686759e62d82c1eba976fefb476da7eea367459a62ac617b19a 3e966457beaee2572292ef00093371e2d6cbaf6c1460ad1b2dd16c24762ce61a
CLIENT_TRAFFIC_SECRET_0 2dfacc0ef97bd75bf85eb63730a09fc1142c6f7acb514cb723439447b63bd512 78c574b5c6e2d800d5e377c631d980744c7f4a817f87bceab381a7e28fee7d07
SERVER_TRAFFIC_SECRET_0 2dfacc0ef97bd75bf85eb63730a09fc1142c6f7acb514cb723439447b63bd512 92502b76654a4e7075e1a6a465fe2d856d8e63f3f0d35d0e18393fc4fa648a6f
EXPORTER_SECRET 2dfacc0ef97bd75bf85eb63730a09fc1142c6f7acb514cb723439447b63bd512 b96c08e3249a41de82bc7f15279841987e0d46db76581a7034a3e54579237911
CLIENT_TRAFFIC_SECRET_0 6eddcf89fda6990eb5b46b4cc71b423d788267d056a2bd005de132885fa54edf 526ecb5e86d1a74a2983b4e01c0a2bd4753e2f428874cf165c64db1e8509dda8
SERVER_TRAFFIC_SECRET_0 6eddcf89fda6990eb5b46b4cc71b423d788267d056a2bd005de132885fa54edf 89b8d31f6c7b26d79ae25fbaaed1a65a5344b1e55de44b605cbc256a22ee3416
EXPORTER_SECRET 6eddcf89fda6990eb5b46b4cc71b423d788267d056a2bd005de132885fa54edf dacdc24d14688a37e34cec26c7f36b38f77d9b1556ff71e032d6bc3a2431426d
CLIENT_TRAFFIC_SECRET_0 813999ca0a8c6c7f1c031a4760e1989a48600a4e4ed8464d9efee3990b5b1816 90c2b3cb1a30e029e8a6d8967f0f2df9f7d5755e78efe07eb16795784ffdcf9c
SERVER_TRAFFIC_SECRET_0 813999ca0a8c6c7f1c031a4760e1989a48600a4e4ed8464d9efee3990b5b1816 1cc588882298c4ae5ee9fa3fb1ab2038b2936e97e59007440171506b2f230cf1
EXPORTER_SECRET 813999ca0a8c6c7f1c031a4760e1989a48600a4e4ed8464d9efee3990b5b1816 3127252f896af38904a95d33afdd26a2f39667d7649a0088199698557ac98de1
CLIENT_TRAFFIC_SECRET_0 240e9a40242b452cb78edcbb0533001e4dc48d3687d57a37b699d783c2ba6820 db2583bed75b3b11407c5067f809a31977946ecb642542e54d7bb96038ace70a
SERVER_TRAFFIC_SECRET_0 240e9a40242b452cb78edcbb0533001e4dc48d3687d57a37b699d783c2ba6820 f062a5b6ba77a2e61c05f592511cab651ff9f8c8fc219ff7eb6aad2b5e4b04ae
EXPORTER_SECRET 240e9a40242b452cb78edcbb0533001e4dc48d3687d57a37b699d783c2ba6820 a192ce8149ccba6e8e81816c6acc06301f229d27d92d0fb77421d8471ae951c1
CLIENT_TRAFFIC_SECRET_0 994664ba350385e5929f5eac5d4c08d0ed6083b750cd1d1dd120c01fdefceca1 c0faed33d2171aad1b9cfd57b3dfe8b48deaf1b4628d8ea51f39f00c972aabb8
SERVER_TRAFFIC_SECRET_0 994664ba350385e5929f5eac5d4c08d0ed6083b750cd1d1dd120c01fdefceca1 7d68cb2f667713a7fb9bcd90ef4115e4b53b672d81614770001b017ee40bb57c
EXPORTER_SECRET 994664ba350385e5929f5eac5d4c08d0ed6083b750cd1d1dd120c01fdefceca1 ab08cbc9e910455218a7b67474712335f983dc01fb8157717ab73b6cdf851c45
CLIENT_HANDSHAKE_TRAFFIC_SECRET e33a31e43f3d9938e1c82cb338713a49bf779d5364ac1ec1b1ff3e77f298c5f1 f7bb4f5de58e94b7337ab886ea36a7640231abc5581ab47b4628d71a9bf39c45
SERVER_HANDSHAKE_TRAFFIC_SECRET e33a31e43f3d9938e1c82cb338713a49bf779d5364ac1ec1b1ff3e77f298c5f1 f1db2642b091920726c99137762ca7c8458a5b97bb798907ba67cd63152bd295
CLIENT_TRAFFIC_SECRET_0 e2145eaef4f48a5c5f0fc309b6d3aac43cbcd27691de24daa2f63bf57500687e 21feff4fed0e66184295efb32a41d2e588e844f0a14cc863008d5209e4695c62
SERVER_TRAFFIC_SECRET_0 e2145eaef4f48a5c5f0fc309b6d3aac43cbcd27691de24daa2f63bf57500687e 215933f8f3f9117372f30429156436ada066444b5fb74f1b9e24ce23cf93383a
EXPORTER_SECRET e2145eaef4f48a5c5f0fc309b6d3aac43cbcd27691de24daa2f63bf57500687e 6354a6c767c85fd1160f6bb6a2a471147bf2b6686f661bbff86c9a494fd2c734
CLIENT_TRAFFIC_SECRET_0 cf4c1066b4d9c846d3c9c3cc0747c00a1c4e861d6d2746ccb41229045096395d 160a69ecda14ff012c3bb0e7097f683cacc8395f619025b4cfab624716adb030
SERVER_TRAFFIC_SECRET_0 cf4c1066b4d9c846d3c9c3cc0747c00a1c4e861d6d2746ccb41229045096395d 8f5db50a9581121c806d340bf20f28dc4723403859a3a7598d63d1143ea084e3
EXPORTER_SECRET cf4c1066b4d9c846d3c9c3cc0747c00a1c4e861d6d2746ccb41229045096395d a65055024df1424cdd6603439d4713fd8bde6df77af91c67485e4ecffc0ad303
CLIENT_TRAFFIC_SECRET_0 5123b0f2b1bd1686759e62d82c1eba976fefb476da7eea367459a62ac617b19a 708fddf459dc6241a135c4b658f116e73c2c8f46eb63bd324abe6d4b734f4536
SERVER_TRAFFIC_SECRET_0 5123b0f2b1bd1686759e62d82c1eba976fefb476da7eea367459a62ac617b19a 253fee1824c22c69bf812a19b5d71109a8130fe0afdd42511168c69a5ddbdb07
EXPORTER_SECRET 5123b0f2b1bd1686759e62d82c1eba976fefb476da7eea367459a62ac617b19a ff3439128d79439871e7dc95bfd6da01172f81e4fd10d57a1679b6b7a18d4749
CLIENT_TRAFFIC_SECRET_0 e33a31e43f3d9938e1c82cb338713a49bf779d5364ac1ec1b1ff3e77f298c5f1 3b86803b28ce5d7556e96c7b7b556cb61cae4090a8e7a8795d48e8081f895084
SERVER_TRAFFIC_SECRET_0 e33a31e43f3d9938e1c82cb338713a49bf779d5364ac1ec1b1ff3e77f298c5f1 8b0557ab4eca97ec2a5cf8fc6f7639437e6e1a656e009dfc9e473ff60a12fbd0
EXPORTER_SECRET e33a31e43f3d9938e1c82cb338713a49bf779d5364ac1ec1b1ff3e77f298c5f1 77ce8940054c9be4355e3a878ef9b56b48f41b328bb044d8ac5680f7a8a7aec0
