CLIENT_HANDSHAKE_TRAFFIC_SECRET bf4b37b9dab5f50dc0053e6d2bcb3c7538bdf509345b31ca05619558bda71d28 f382d124433ed926fe5b57e09f834863833e573dfda3a33412acb677824db66b
SERVER_HANDSHAKE_TRAFFIC_SECRET bf4b37b9dab5f50dc0053e6d2bcb3c7538bdf509345b31ca05619558bda71d28 a882856bdb9bc0820449bec5cd6c42ac7377b30b5f74b2e0803f29922d2d2b01
CLIENT_TRAFFIC_SECRET_0 bf4b37b9dab5f50dc0053e6d2bcb3c7538bdf509345b31ca05619558bda71d28 95d9e8489055d7d34aef7a0668a23b395b19dbda291e070566faa0828b4e5e9d
SERVER_TRAFFIC_SECRET_0 bf4b37b9dab5f50dc0053e6d2bcb3c7538bdf509345b31ca05619558bda71d28 fa768eed4b909abc5b718cbbd1c461cb5bce097c661e6c59f0a0867d1978cf94
EXPORTER_SECRET bf4b37b9dab5f50dc0053e6d2bcb3c7538bdf509345b31ca05619558bda71d28 ae3dddd577a7ddf4b2904574e864ce23d823422eb4644c98acffcae4a948ce0c
CLIENT_HANDSHAKE_TRAFFIC_SECRET f0ed18291a85196bdacf0cdf74d3c4b3fd7e789dbf3ea3b98177dbca8089a055 a6d44ff539689e87ded49aa85f050fa6bfdf9a4802ebc0d85295f707b0263ba7
SERVER_HANDSHAKE_TRAFFIC_SECRET f0ed18291a85196bdacf0cdf74d3c4b3fd7e789dbf3ea3b98177dbca8089a055 0fae8eb762ea86aa87d2ffe6fb6a530d29b85382a0b7c9d1c0f23658d83c5cfd
CLIENT_TRAFFIC_SECRET_0 f0ed18291a85196bdacf0cdf74d3c4b3fd7e789dbf3ea3b98177dbca8089a055 0dcdc8cb920e0d3329c4c6829c6347aebbbb1dd6e7385ee0157883bc361a9c54
SERVER_TRAFFIC_SECRET_0 f0ed18291a85196bdacf0cdf74d3c4b3fd7e789dbf3ea3b98177dbca8089a055 804a1844e35b3549fa9365accdd280823405680ccc6a7913e29631252770354f
EXPORTER_SECRET f0ed18291a85196bdacf0cdf74d3c4b3fd7e789dbf3ea3b98177dbca8089a055 9e26d5b54b097dbe78599f9de144511af07b04e0f55d36997ce527e71da3c788
CLIENT_HANDSHAKE_TRAFFIC_SECRET 83683a121db73c11b241975fb2ca1cb748228fff430cb5871045ea011a66ee8d 2f3171f31d2f0e957e088ddde912df07d68d12a198edb78dc185b4b6ed31f78a
SERVER_HANDSHAKE_TRAFFIC_SECRET 83683a121db73c11b241975fb2ca1cb748228fff430cb5871045ea011a66ee8d fa606336605e1350694cd0cb635553227b72ae6d14e9b066880313087a8c1e29
CLIENT_HANDSHAKE_TRAFFIC_SECRET 8abaca13e5baef534fe3116394e25e98ccc45ce1ad22e269d5f126d02c0c25ea e98d84b8dc76cc6e207be3ddeaaa9960e2c9581d85bd60c5cca31c81da4969f8
CLIENT_HANDSHAKE_TRAFFIC_SECRET dbffb899a5e6b35789cf9cb5702988b759e108647313362ba446c8999a14f624 ec793b0c8112a7f404619d2d08148138ec722c55f31a2ccdddf556be38cfe0a9
SERVER_HANDSHAKE_TRAFFIC_SECRET 8abaca13e5baef534fe3116394e25e98ccc45ce1ad22e269d5f126d02c0c25ea aeb9b246354c1ac4506340a6ba222a2fa72c4283ac5739c07f3679d5038867dd
SERVER_HANDSHAKE_TRAFFIC_SECRET dbffb899a5e6b35789cf9cb5702988b759e108647313362ba446c8999a14f624 f9d1362bb6d41f857bb422af8fc75360bc0e08911e1e9d2878bae1fdb199236a
CLIENT_TRAFFIC_SECRET_0 83683a121db73c11b241975fb2ca1cb748228fff430cb5871045ea011a66ee8d 7c261f4a6496387b44888dcb512294aee54db4a6235db8630e3de07d0d1d2228
SERVER_TRAFFIC_SECRET_0 83683a121db73c11b241975fb2ca1cb748228fff430cb5871045ea011a66ee8d 7d05d95b86b60e9593a663d7f5174b2d9fa222664b76ab2e73d0ecd8113c6e2f
EXPORTER_SECRET 83683a121db73c11b241975fb2ca1cb748228fff430cb5871045ea011a66ee8d 9cfede8574259323c3684101a65dcd06328c9b3bd464e87b8a4beff4122fcf9c
CLIENT_TRAFFIC_SECRET_0 8abaca13e5baef534fe3116394e25e98ccc45ce1ad22e269d5f126d02c0c25ea 416104e48d93f510a532db850b415bb89f3493bb7f859ea027409de8c5deaff0
CLIENT_TRAFFIC_SECRET_0 dbffb899a5e6b35789cf9cb5702988b759e108647313362ba446c8999a14f624 00946bfda35224ac1b593fa0c821c7c1e8d0483cabff500e2b5b406477d3da10
SERVER_TRAFFIC_SECRET_0 8abaca13e5baef534fe3116394e25e98ccc45ce1ad22e269d5f126d02c0c25ea 9e7ad97535b2e43c25a914626ebcdfffb5fc3b1c92a4207c10c898a42b2da763
SERVER_TRAFFIC_SECRET_0 dbffb899a5e6b35789cf9cb5702988b759e108647313362ba446c8999a14f624 d2b5565986236511ea1925b9ce01f347866c94e0f6cff97c98ed2e2256307b1c
EXPORTER_SECRET 8abaca13e5baef534fe3116394e25e98ccc45ce1ad22e269d5f126d02c0c25ea c3074a769f4fbe0314c73715b41d4f7022598f1b0596b0edf8aefd2744110498
EXPORTER_SECRET dbffb899a5e6b35789cf9cb5702988b759e108647313362ba446c8999a14f624 72becc42ab7c385a8317ff723f669ba1ec76e092efd1a0e2508741d6f3cba171
