CLIENT_HANDSHAKE_TRAFFIC_SECRET be4de27017ff02c451d727fd67c7399dceb97b4fb4b623bf55263f2611683b00 f7f6afd5e1dbdce3221170948fc6820ff470d408eb2ccebce3bbfb69429cf02c
SERVER_HANDSHAKE_TRAFFIC_SECRET be4de27017ff02c451d727fd67c7399dceb97b4fb4b623bf55263f2611683b00 551da9eb06ca8cd1d704845c5c26a836aba4f1e6cc27ab6b22071cf4340a7cd0
CLIENT_TRAFFIC_SECRET_0 be4de27017ff02c451d727fd67c7399dceb97b4fb4b623bf55263f2611683b00 bad8da7d96a25e6c423baf552f2fd6956b3a72dbe660c309a9f75dde1b86cb3b
SERVER_TRAFFIC_SECRET_0 be4de27017ff02c451d727fd67c7399dceb97b4fb4b623bf55263f2611683b00 10c3f4c1304ddd2adb35dc596455bb3f633b19d4e78940fc56a8b61001e3bd30
EXPORTER_SECRET be4de27017ff02c451d727fd67c7399dceb97b4fb4b623bf55263f2611683b00 3aff01c985b9d8ddf48220d5662a91eca977416fefc1f8964b61d9c53c3db14d
CLIENT_HANDSHAKE_TRAFFIC_SECRET d14ccf50be46d4ec1f5c50fd527d38eeb4c5e5eadd7be672286146677eff9066 d67a3f547fdef81f474ebbe4dd605b668b9e5bf1b8768700812c02e2750379e5
SERVER_HANDSHAKE_TRAFFIC_SECRET d14ccf50be46d4ec1f5c50fd527d38eeb4c5e5eadd7be672286146677eff9066 abb26b3ea28e31a3ce25fda10dc94bd17661031c1051a396e0a37b7968250ecf
CLIENT_HANDSHAKE_TRAFFIC_SECRET 36bda9c59e8a8b5eb134e9a98eb655edc58d890939d458647302649ad46b54ca 82efc7b1dd1d7ed4382dfa5f820fc180aabd500c1fcab91db9cb52356d8c7b1a
SERVER_HANDSHAKE_TRAFFIC_SECRET 36bda9c59e8a8b5eb134e9a98eb655edc58d890939d458647302649ad46b54ca 310397bcfa5638379cbd75704bf0beabdeb0452ff6a934576416eb7a55089559
CLIENT_HANDSHAKE_TRAFFIC_SECRET 659a7db4fde5349a0b885f8e9386e49034de7ff09427aab4082da5039f1b5380 67172886d7f308e29ab3327e3d34ff0839c3842737ef3f2eaaab20917ab8a154
SERVER_HANDSHAKE_TRAFFIC_SECRET 659a7db4fde5349a0b885f8e9386e49034de7ff09427aab4082da5039f1b5380 a3cb4a01c830e9a716548705e264819197bfa5b05c963c60a7bcb464be571674
CLIENT_HANDSHAKE_TRAFFIC_SECRET 54d77e709e2ecbc03d574acd0463e6026d26254f4b7136013f9eaed59b5a1914 d5b210769b5657bf4a299f70ceebb326d09e88520385147e9d0737cb6bb213d2
SERVER_HANDSHAKE_TRAFFIC_SECRET 54d77e709e2ecbc03d574acd0463e6026d26254f4b7136013f9eaed59b5a1914 d32d32ffe8955a23a8a2a6d514b33eccc0ec973245ebcc63ac657b8a2483e525
CLIENT_HANDSHAKE_TRAFFIC_SECRET 22962da8dca8c542180f708e52a6ed639b5bb032fa0a6af1980e19d86e2de4a5 4c801f96177651172907fbd37f952f85415f5ba157e1dbedfb18e53af879738d
SERVER_HANDSHAKE_TRAFFIC_SECRET 22962da8dca8c542180f708e52a6ed639b5bb032fa0a6af1980e19d86e2de4a5 0eeb38c2a522f0d308366d61b5a2bb25c40f89829e04ba6559810a106ff74449
CLIENT_HANDSHAKE_TRAFFIC_SECRET 55e80d3c5abe8710d504023df4c57eb9e7666b7ef1cae491ec5520a9a7372ffd 6ef674d418a2900806bc00e629c8063079e24e9cb85633cd8faac17ae5b53e64
CLIENT_HANDSHAKE_TRAFFIC_SECRET 82c6daa150d308cd078ca4d9d5762ac97fe7bfca825a7f9469881c6aea624015 f7a0dc1bd6da010d7ddd2ea2608b7a52ee0ba3d949a273979a71822ef030f80e
SERVER_HANDSHAKE_TRAFFIC_SECRET 55e80d3c5abe8710d504023df4c57eb9e7666b7ef1cae491ec5520a9a7372ffd e0366ccb8a820e1abd4d24857551cb5c99ee292352f0c38e52796e3100795e63
SERVER_HANDSHAKE_TRAFFIC_SECRET 82c6daa150d308cd078ca4d9d5762ac97fe7bfca825a7f9469881c6aea624015 6bf192e6f85cb63c232fb80891a6f40311130dc071549857bedf6cc4588d134a
CLIENT_HANDSHAKE_TRAFFIC_SECRET 48d1edacc1f7429eec427d5763a97781ada21dc6a5881571ea8f4f40bbfe7ff6 2ad5e8a668e5cef02ba0c25fce3efbe97085eeb223fe8c5d6471aca628ad94b5
SERVER_HANDSHAKE_TRAFFIC_SECRET 48d1edacc1f7429eec427d5763a97781ada21dc6a5881571ea8f4f40bbfe7ff6 1c3c7370c516c9e24890ac949cdf34555fdbd2946264986c83686ceb04a4ff20
CLIENT_HANDSHAKE_TRAFFIC_SECRET d68fe0eaead87d025b4f9344dee3ee411cf5c3f75f8027d1042fcbd6f7348161 78af65ec7136831e853ba72e94cd97a505617449f1063b6d4bba083f2c9d5b6c
SERVER_HANDSHAKE_TRAFFIC_SECRET d68fe0eaead87d025b4f9344dee3ee411cf5c3f75f8027d1042fcbd6f7348161 ac163be35da9719fd8dd47e29dbee8228937ea45ceddd19151c3c9ce48c67c35
CLIENT_TRAFFIC_SECRET_0 d14ccf50be46d4ec1f5c50fd527d38eeb4c5e5eadd7be672286146677eff9066 7f8507a462018eb56e22e61fd6f1b2f241745788a2ce63e10fd7bdb87ed9c5e8
SERVER_TRAFFIC_SECRET_0 d14ccf50be46d4ec1f5c50fd527d38eeb4c5e5eadd7be672286146677eff9066 e78f1ac4c98319d81f984bf0cc68a243fc418b0ed5320409623f38969bde0a7c
CLIENT_HANDSHAKE_TRAFFIC_SECRET 55516ea2397c4a319f2b694d27e4868e3b11137ec409e7c4c60081ec52eb3b89 41b83aa9e890cf7615617b5c876fdc38d0add79a67bbee8c0a111949333b826f
EXPORTER_SECRET d14ccf50be46d4ec1f5c50fd527d38eeb4c5e5eadd7be672286146677eff9066 6a086130005d52747ac99436609192efad22b0da5d03e46c72a8c65f1aec5a30
SERVER_HANDSHAKE_TRAFFIC_SECRET 55516ea2397c4a319f2b694d27e4868e3b11137ec409e7c4c60081ec52eb3b89 23f8da48d5b3429fea65fe2379156a3ede1e04e29db37d83197cabe2aebb4ead
CLIENT_TRAFFIC_SECRET_0 36bda9c59e8a8b5eb134e9a98eb655edc58d890939d458647302649ad46b54ca 0a6370b914bed0397471f00e95d5b6e07b7a620319241378018ad9cc6995c517
SERVER_TRAFFIC_SECRET_0 36bda9c59e8a8b5eb134e9a98eb655edc58d890939d458647302649ad46b54ca 3342993665551c2175b9354d5fdc58cbd422e1ddf3645273889cd290dd034b3b
EXPORTER_SECRET 36bda9c59e8a8b5eb134e9a98eb655edc58d890939d458647302649ad46b54ca 3ea9302b0270a6040453fc78e1ab68503352d52eecc74118015c180235ecfedc
CLIENT_HANDSHAKE_TRAFFIC_SECRET 4a626f3ca192329880a430c7b0bef77ddc95fa0bb2508a7e823ad3e7c19b19ee 11b558c5985b156edbd365c62484ee09a3158accefdb631ba8354f1576414883
SERVER_HANDSHAKE_TRAFFIC_SECRET 4a626f3ca192329880a430c7b0bef77ddc95fa0bb2508a7e823ad3e7c19b19ee e27ebb3cd6644ba989ca18d11e74a6ebe9bac5c9192a8c2aac2099f25bf51834
CLIENT_TRAFFIC_SECRET_0 659a7db4fde5349a0b885f8e9386e49034de7ff09427aab4082da5039f1b5380 a4c1f2b15f698a1b71d77c695a8dc55543cb9784e06f0e19d35ec0ce451274e8
SERVER_TRAFFIC_SECRET_0 659a7db4fde5349a0b885f8e9386e49034de7ff09427aab4082da5039f1b5380 8e4486771ee7599217e5693872fbd4d00cd2174acea9c2be34a0856dc08cee61
EXPORTER_SECRET 659a7db4fde5349a0b885f8e9386e49034de7ff09427aab4082da5039f1b5380 0e3ca6a37d44ddd56517cf1086a70628f89417e9e384a6b192d6903f374c7f4c
CLIENT_HANDSHAKE_TRAFFIC_SECRET 497fb887b9cd5c3e6dee721140ba12ffce2134ed9bb5d5c1c8eda24f9c274522 602b3d99599d0d44d50273dfd2ac61756020672b5e20471da11bb79d7e3d809a
SERVER_HANDSHAKE_TRAFFIC_SECRET 497fb887b9cd5c3e6dee721140ba12ffce2134ed9bb5d5c1c8eda24f9c274522 c6e142e3cc80069654c2125ec3fd8a16fd8f4a6f50ea8417022731a6b4179205
CLIENT_TRAFFIC_SECRET_0 54d77e709e2ecbc03d574acd0463e6026d26254f4b7136013f9eaed59b5a1914 e09fb7707d5f2b75cb06dad461d462f7dd0631ffd76989ad19facf39abe59cc3
SERVER_TRAFFIC_SECRET_0 54d77e709e2ecbc03d574acd0463e6026d26254f4b7136013f9eaed59b5a1914 7735f344c14296dd8fd592c0be2adf6f5a6832f68241dce69ce938c706e250ed
EXPORTER_SECRET 54d77e709e2ecbc03d574acd0463e6026d26254f4b7136013f9eaed59b5a1914 ebebeb6cf5dabdbe54a8cfd3710df9452459744d3bc563c9b8b8a363f5d0df66
CLIENT_HANDSHAKE_TRAFFIC_SECRET e30efb1ca20b5851b4e18df6dd09a006d88719bd7c70079f0517cd25fb78bb2c 036ff3e2990c1c36edad3aef0ce5710caa14cfa073e8a78571ba22f6b171b18b
SERVER_HANDSHAKE_TRAFFIC_SECRET e30efb1ca20b5851b4e18df6dd09a006d88719bd7c70079f0517cd25fb78bb2c 1e37ddc6070db90f3e0e0bf5f939e739536cdf22dca2b04f14692d36652e6848
CLIENT_HANDSHAKE_TRAFFIC_SECRET 7f2ee724ada9771415aa92f591a65dfe1158b3c1286eaccd3a2bed63b516bc2b 7a427a60991a87558aa094f456e74a27aeaa056e0795eb6827fcbe721353f8ca
SERVER_HANDSHAKE_TRAFFIC_SECRET 7f2ee724ada9771415aa92f591a65dfe1158b3c1286eaccd3a2bed63b516bc2b ea015deea36f40e109778494d3a85c56ac78058e794df00f0c800a95f8b7ac4b
CLIENT_TRAFFIC_SECRET_0 22962da8dca8c542180f708e52a6ed639b5bb032fa0a6af1980e19d86e2de4a5 11bb00facadb83ef2dec6b87ee5fbd095591fc8879df1416755b4c27eea74635
SERVER_TRAFFIC_SECRET_0 22962da8dca8c542180f708e52a6ed639b5bb032fa0a6af1980e19d86e2de4a5 3dcf46281c9e39b84503517f30742cb17df716280cecf1ce9348439a7cb3032e
EXPORTER_SECRET 22962da8dca8c542180f708e52a6ed639b5bb032fa0a6af1980e19d86e2de4a5 d7754155fd1d05fedfd510290febabddddef00a0fc5c4223e9415414554a0b3a
CLIENT_TRAFFIC_SECRET_0 82c6daa150d308cd078ca4d9d5762ac97fe7bfca825a7f9469881c6aea624015 2119deefebbf0538ffaa81560f25c58af0e41783b899f04be2d2782d8a4cef1f
SERVER_TRAFFIC_SECRET_0 82c6daa150d308cd078ca4d9d5762ac97fe7bfca825a7f9469881c6aea624015 c1230f92572555177a085621f49bf69b2ea782b0c7ffcdb360fb362f54e9314f
EXPORTER_SECRET 82c6daa150d308cd078ca4d9d5762ac97fe7bfca825a7f9469881c6aea624015 20a4c122f568861fea1d2ff8f231c923f2efd8cb5ed5915b960ad9ba8a38fcf8
CLIENT_TRAFFIC_SECRET_0 55e80d3c5abe8710d504023df4c57eb9e7666b7ef1cae491ec5520a9a7372ffd 1ec77f13db98dd77f118e47adf0e326549dd2a8cc4b149960848b4650af824ff
SERVER_TRAFFIC_SECRET_0 55e80d3c5abe8710d504023df4c57eb9e7666b7ef1cae491ec5520a9a7372ffd 1067225b051e784708a26094c5119b6ec4540b471ec6395e6aa6d9d8d8677f59
EXPORTER_SECRET 55e80d3c5abe8710d504023df4c57eb9e7666b7ef1cae491ec5520a9a7372ffd 28e8d7ea3f2b7947522a1de12c33d8a117885f914fe8e146a9c4e05c17870bb2
CLIENT_TRAFFIC_SECRET_0 48d1edacc1f7429eec427d5763a97781ada21dc6a5881571ea8f4f40bbfe7ff6 d26b12658ccb4c4843e4a47d31247bc20bdf291a115e031c7f53ae4f4183cf84
SERVER_TRAFFIC_SECRET_0 48d1edacc1f7429eec427d5763a97781ada21dc6a5881571ea8f4f40bbfe7ff6 092af0bec5a1662733fab63e17993de6d1aaa3689c1ad2aaeb3eaaac3b890463
EXPORTER_SECRET 48d1edacc1f7429eec427d5763a97781ada21dc6a5881571ea8f4f40bbfe7ff6 f293d77257b36f038fd530e95df648dd03e2d5b08db2a7cdfd2c4d76aff8a2d3
CLIENT_TRAFFIC_SECRET_0 d68fe0eaead87d025b4f9344dee3ee411cf5c3f75f8027d1042fcbd6f7348161 c7ad43fc782a61492467c24aa22bacc8fd89d7fc0fa7375a3d6e9ec9b51767c6
SERVER_TRAFFIC_SECRET_0 d68fe0eaead87d025b4f9344dee3ee411cf5c3f75f8027d1042fcbd6f7348161 83d34ed338609ce330e4645450ca7ad518bdfa564960a917d55c673452a18afc
EXPORTER_SECRET d68fe0eaead87d025b4f9344dee3ee411cf5c3f75f8027d1042fcbd6f7348161 383bffe158742e5f5eeffb5d00d3f3c92d3cd96b35f7136f06a18285d72a7b09
CLIENT_TRAFFIC_SECRET_0 55516ea2397c4a319f2b694d27e4868e3b11137ec409e7c4c60081ec52eb3b89 dfc45b959fda31300af69d334314a8780c7d416f61a90c17e511c022e6805d9c
SERVER_TRAFFIC_SECRET_0 55516ea2397c4a319f2b694d27e4868e3b11137ec409e7c4c60081ec52eb3b89 20ffd47caac31fe2a3dbc36088a0a05d6624295c73b1332ea216832b737497d1
EXPORTER_SECRET 55516ea2397c4a319f2b694d27e4868e3b11137ec409e7c4c60081ec52eb3b89 5c5ea27ce738c74152045bb2f2783db63ada8dd99ed31245e37091390fb179f3
CLIENT_TRAFFIC_SECRET_0 4a626f3ca192329880a430c7b0bef77ddc95fa0bb2508a7e823ad3e7c19b19ee bc145ad510491878952b6d3c05714e76af6f93a2e48ab8180edb7ac009876355
SERVER_TRAFFIC_SECRET_0 4a626f3ca192329880a430c7b0bef77ddc95fa0bb2508a7e823ad3e7c19b19ee 692a1cc271793ccef0ec9119ecd03f5ccbba51f2e0a2c5f66b1b77a9b4b7d63a
EXPORTER_SECRET 4a626f3ca192329880a430c7b0bef77ddc95fa0bb2508a7e823ad3e7c19b19ee a2f3973fff63b45717a1cf756a7efbc630e88946dca87d45235f1c2e677785d9
CLIENT_TRAFFIC_SECRET_0 497fb887b9cd5c3e6dee721140ba12ffce2134ed9bb5d5c1c8eda24f9c274522 12a07a9adbba0d03cdc6ad86a311537b46900a2c0749ff3aa175ab0450b16f14
SERVER_TRAFFIC_SECRET_0 497fb887b9cd5c3e6dee721140ba12ffce2134ed9bb5d5c1c8eda24f9c274522 c2c3abedc987ce996c847f9acf97764e0c9650a3181a384d0d3789551c7732a9
EXPORTER_SECRET 497fb887b9cd5c3e6dee721140ba12ffce2134ed9bb5d5c1c8eda24f9c274522 d784af82b24a73be606e301e55367454c427a5066bf51194f543ec67f8ae2690
CLIENT_TRAFFIC_SECRET_0 e30efb1ca20b5851b4e18df6dd09a006d88719bd7c70079f0517cd25fb78bb2c e1a649b3fb744ed2a843639d15d2c823f522d076c107a182141b8e0f8b32061b
SERVER_TRAFFIC_SECRET_0 e30efb1ca20b5851b4e18df6dd09a006d88719bd7c70079f0517cd25fb78bb2c dc4f9512340c1c2154118501db542073adfae79d5258cfddf3482fe9d05f9ceb
EXPORTER_SECRET e30efb1ca20b5851b4e18df6dd09a006d88719bd7c70079f0517cd25fb78bb2c 8dc847c98efad0dad9914e5f6dff8523fb9d7abfa49cf1a2b2754a59a98b8e5c
CLIENT_TRAFFIC_SECRET_0 7f2ee724ada9771415aa92f591a65dfe1158b3c1286eaccd3a2bed63b516bc2b d6aecd3b669290281e79d90cbcb3b814878304a399276a9dcf4b9ae7271f3707
SERVER_TRAFFIC_SECRET_0 7f2ee724ada9771415aa92f591a65dfe1158b3c1286eaccd3a2bed63b516bc2b 8b0b42c702fa4e5c4c92078706db7b609709f00fa14fe94057a340023f6c06cd
EXPORTER_SECRET 7f2ee724ada9771415aa92f591a65dfe1158b3c1286eaccd3a2bed63b516bc2b b9af8ebe2010b7cf2e20e634d932dfe69579c37a025a50b772bbd7630deb927d
CLIENT_HANDSHAKE_TRAFFIC_SECRET 296bf515e36636903cdb27c80ab5921a41d4f96678b35e6bb6bf43231935167b 896011441b1b9a093eb658b7037642d1c3070c7b6ff7cd20e99af3cca77497de
SERVER_HANDSHAKE_TRAFFIC_SECRET 296bf515e36636903cdb27c80ab5921a41d4f96678b35e6bb6bf43231935167b f2ddbed98c8eeb840ff394d1e9303630aa7563488a60e27346861c30106b8d94
CLIENT_TRAFFIC_SECRET_0 296bf515e36636903cdb27c80ab5921a41d4f96678b35e6bb6bf43231935167b 80d268dedd2fa3195b2fa6253b6233d018524f15bde713b867a42d061f6f1967
SERVER_TRAFFIC_SECRET_0 296bf515e36636903cdb27c80ab5921a41d4f96678b35e6bb6bf43231935167b 8bba0ec088a562c7bbdd2bc5f14aa38d220992d922472bbf34a1e831df7d95c1
EXPORTER_SECRET 296bf515e36636903cdb27c80ab5921a41d4f96678b35e6bb6bf43231935167b 8eb67d06b7da93dbf4b5d65a2e41fd44eb02f685351b9f85694e09406b5b04bb
