CLIENT_HANDSHAKE_TRAFFIC_SECRET a31781c60e72b4d8ae6889b8d7c7836b85db3fdcb4877fb790fa10499517f9a6 f30a1907f0b1e32bc4e7fdefea6def92643f56ba1defa0432ea658f429074d6b
SERVER_HANDSHAKE_TRAFFIC_SECRET a31781c60e72b4d8ae6889b8d7c7836b85db3fdcb4877fb790fa10499517f9a6 90229b0274fe6873ca0ecc0e7f1a6c2a0c18340b298318981d427e1678e8e95e
CLIENT_TRAFFIC_SECRET_0 a31781c60e72b4d8ae6889b8d7c7836b85db3fdcb4877fb790fa10499517f9a6 d8505cf66de59352f6009a1fcd2f556b6300df957b236ac87f32ab75c022c337
SERVER_TRAFFIC_SECRET_0 a31781c60e72b4d8ae6889b8d7c7836b85db3fdcb4877fb790fa10499517f9a6 3624d986675dc9ce67d741ea3584734964c343f588c672b0d9cbb77e81e18463
EXPORTER_SECRET a31781c60e72b4d8ae6889b8d7c7836b85db3fdcb4877fb790fa10499517f9a6 49f24e51990364ca73859dcabd72c2e18523b175f3035a0ee98c0b61a36b5090
CLIENT_HANDSHAKE_TRAFFIC_SECRET 5b017e497ea0f848f43ac272df65d37913f9d8bf61b8aa38cf85575535ba29ac d564819bc24e82346b7f1385f957e390ea333f67bb0180b0f966272fce5906e5
SERVER_HANDSHAKE_TRAFFIC_SECRET 5b017e497ea0f848f43ac272df65d37913f9d8bf61b8aa38cf85575535ba29ac 2e12d6f25d95b9d0c426f08477379d57ddbc92c82cd648cbf6e6206b8e056ad1
CLIENT_HANDSHAKE_TRAFFIC_SECRET 128b3b3396d2657dcbd652e556c23898f4f3ead1fae8832597a24d8faca906c8 bff2f6d9cd393f4f1c00372537e98201aa0ff2d78c1703bb0b8430fe7fc9d1da
SERVER_HANDSHAKE_TRAFFIC_SECRET 128b3b3396d2657dcbd652e556c23898f4f3ead1fae8832597a24d8faca906c8 69c818fb797b9d6edc153bf879dd36f11580ad22d72d02c5066b6e5433652349
CLIENT_HANDSHAKE_TRAFFIC_SECRET 20a857f829fe032ca7560c2e12a9726361c3fe172bce5eea1259b99f4ef524ec 8f7d31c49088508f3ef0b677c69a56ad628f54a93c5340b69d7bb3a4bfd27d70
SERVER_HANDSHAKE_TRAFFIC_SECRET 20a857f829fe032ca7560c2e12a9726361c3fe172bce5eea1259b99f4ef524ec ba7ed9a9381af0fa5c8d416a2de5d02b26cf0b164e609ed863d89792e550fea1
CLIENT_HANDSHAKE_TRAFFIC_SECRET 26bd4dbf7c9e9f09be6dc49915644f913229ac94ce0b3826563486166448167c 47a80eae74e253c5821b0f4d6aebc0c0b2e9f28bd5a0589fba123b36a4b8fa4e
SERVER_HANDSHAKE_TRAFFIC_SECRET 26bd4dbf7c9e9f09be6dc49915644f913229ac94ce0b3826563486166448167c 128071299d84e4ba81e494ee360db15d5d88c949ecb0271416b74d2ddc0d6c9c
CLIENT_HANDSHAKE_TRAFFIC_SECRET 85a4c6e910a53cbc25540fb35952f847e78644336b725758e2f7e7cda1d1363d 14d37d1fc57511895ebd3eb5bdd983602eda4eec01121773bc09374f38d05c47
SERVER_HANDSHAKE_TRAFFIC_SECRET 85a4c6e910a53cbc25540fb35952f847e78644336b725758e2f7e7cda1d1363d 4bcfbf7fcb4946fb661948bf1d107c496243cb0099575d676cd4b4c407b87387
CLIENT_HANDSHAKE_TRAFFIC_SECRET f8c35ec2a8222cd2adff69c9af350c1a04c393cdb258a5088acc948e95e4a2c5 f8dacb1557aa32421460de5bc5b96bec26d0dde658ddb3d2b654e98860b8fc54
SERVER_HANDSHAKE_TRAFFIC_SECRET f8c35ec2a8222cd2adff69c9af350c1a04c393cdb258a5088acc948e95e4a2c5 4a966cf245d1507fd66ed9b6f4a579e1f9195dbb42adab5d2ea17108bd6b2e04
CLIENT_TRAFFIC_SECRET_0 5b017e497ea0f848f43ac272df65d37913f9d8bf61b8aa38cf85575535ba29ac 19b6812a166ed80e1659c6bf156484ed24b01b521dec022dc7003bdcc59e5c04
SERVER_TRAFFIC_SECRET_0 5b017e497ea0f848f43ac272df65d37913f9d8bf61b8aa38cf85575535ba29ac e8437f3c2544152a9f9e6208d275f65e1ea39999d61483a4bf203ea19128b0aa
EXPORTER_SECRET 5b017e497ea0f848f43ac272df65d37913f9d8bf61b8aa38cf85575535ba29ac 1f9f0a719ca84aff1e60e8ac1de867643b8371a5c954019a1e9447763631db90
CLIENT_TRAFFIC_SECRET_0 128b3b3396d2657dcbd652e556c23898f4f3ead1fae8832597a24d8faca906c8 3ab08733c839b4416fb23d444b1d29071db24f9cd9ef179cdfd7def209372eaf
SERVER_TRAFFIC_SECRET_0 128b3b3396d2657dcbd652e556c23898f4f3ead1fae8832597a24d8faca906c8 b4e92d83840899a9b18cfac2939e0296fb87a500d639ef457e26308d2e06559d
EXPORTER_SECRET 128b3b3396d2657dcbd652e556c23898f4f3ead1fae8832597a24d8faca906c8 d0e114b1cc3f9243a498cb675fc420b86e22ba196615a813927ed559bee26e74
CLIENT_TRAFFIC_SECRET_0 20a857f829fe032ca7560c2e12a9726361c3fe172bce5eea1259b99f4ef524ec c0565c4b3f2ea80814b4d9d1067b427034afe2130b3f5f11458e212459203144
SERVER_TRAFFIC_SECRET_0 20a857f829fe032ca7560c2e12a9726361c3fe172bce5eea1259b99f4ef524ec fde3f2bc9f95fbc67921279fe297b3031cfaaf02be356f30cec3d5ef4b6f50ef
EXPORTER_SECRET 20a857f829fe032ca7560c2e12a9726361c3fe172bce5eea1259b99f4ef524ec cf6c3eddee7ee2950758fa61af3d7ac2c8faf5c8b44c9e4fe61addd0e9070644
CLIENT_TRAFFIC_SECRET_0 26bd4dbf7c9e9f09be6dc49915644f913229ac94ce0b3826563486166448167c 1b70006912d1fd1ccd38ad238d7f4ffeacaee825850ef90ef576cedb0c3b74df
SERVER_TRAFFIC_SECRET_0 26bd4dbf7c9e9f09be6dc49915644f913229ac94ce0b3826563486166448167c 05596fc60f7033fda47d7485006c4dca1aa0d810d8fe049efd623aef96e86cff
EXPORTER_SECRET 26bd4dbf7c9e9f09be6dc49915644f913229ac94ce0b3826563486166448167c f9cadfd2dcff40c211ee45b42f64fe09aaaf632d03548f8ee38947c2e3563169
CLIENT_TRAFFIC_SECRET_0 85a4c6e910a53cbc25540fb35952f847e78644336b725758e2f7e7cda1d1363d b2e302c8721a0d2558c9bccc66555aa0a4acf1728f4843f2126c241061480d02
SERVER_TRAFFIC_SECRET_0 85a4c6e910a53cbc25540fb35952f847e78644336b725758e2f7e7cda1d1363d 80196f98d163a83e6d9ceec75a958ae1a5a5ed34a6d79fd7b5e6d52f9f65414a
EXPORTER_SECRET 85a4c6e910a53cbc25540fb35952f847e78644336b725758e2f7e7cda1d1363d 91ed2c2cff5f2b28df94eb7e5150abb51b64679b4d374af2bebfebdf4d368b68
CLIENT_TRAFFIC_SECRET_0 f8c35ec2a8222cd2adff69c9af350c1a04c393cdb258a5088acc948e95e4a2c5 000cfe2bd55f6cb3e0305d0e7caee3771ff24e53d4dcfd6ca99aadb3b2d103dc
SERVER_TRAFFIC_SECRET_0 f8c35ec2a8222cd2adff69c9af350c1a04c393cdb258a5088acc948e95e4a2c5 2aa4434466068b07a35196b2f9e35485547de9c523998f2644a114a9774518a9
EXPORTER_SECRET f8c35ec2a8222cd2adff69c9af350c1a04c393cdb258a5088acc948e95e4a2c5 7a133e78ca59c97eb9e0470822c5a6973df9a662cbb5144e5b384f3cdd07f7ee
CLIENT_HANDSHAKE_TRAFFIC_SECRET 2c2ca487006662de5d308073b185019276574591b6af9bedb62e3bf9da0b832f fc68c712dd5b3c6b8f34fa55288aa13cd76cf9a528bb9cd7ebda0abf3aac13b9
SERVER_HANDSHAKE_TRAFFIC_SECRET 2c2ca487006662de5d308073b185019276574591b6af9bedb62e3bf9da0b832f 46a341ba7d949f3e796a025861e59f314ce9a939e632b997dcaabf6f1804605f
CLIENT_TRAFFIC_SECRET_0 2c2ca487006662de5d308073b185019276574591b6af9bedb62e3bf9da0b832f 730f053fde3b78e0fa7f3fefdd9eca98e4d48d27f97dbcb6ef824d7ab6d81176
SERVER_TRAFFIC_SECRET_0 2c2ca487006662de5d308073b185019276574591b6af9bedb62e3bf9da0b832f d725754fe0368a75de92110b2da2ccbb0fafe09a75b63b58d8afa46801bccffc
EXPORTER_SECRET 2c2ca487006662de5d308073b185019276574591b6af9bedb62e3bf9da0b832f 2528bee250ac86a80e0da98e00ecc54b8950a33c4798b33f4236e472cdf2762a
