CLIENT_HANDSHAKE_TRAFFIC_SECRET a61bf2367bc78605b268bc608ae0270181281a874c997fc5941a2c3c0b05402c 9c4efbb7611529e6c22f17f7d0d3f4dbec6545b9bdc85967e732b60a50e31b5a
SERVER_HANDSHAKE_TRAFFIC_SECRET a61bf2367bc78605b268bc608ae0270181281a874c997fc5941a2c3c0b05402c 2ccfb0d2da728bfc44f2926d9034394ee62917d88d066007dca23c4ac8d45b75
CLIENT_TRAFFIC_SECRET_0 a61bf2367bc78605b268bc608ae0270181281a874c997fc5941a2c3c0b05402c 006ed5f9a87af4f108c58f79e3f117f870107a9294c63e68dd19b8d37806fde2
SERVER_TRAFFIC_SECRET_0 a61bf2367bc78605b268bc608ae0270181281a874c997fc5941a2c3c0b05402c 20b663e170e21cdd3a5b74bc052503631b74cbcf9671e7eb7ae46f3e07880fb4
EXPORTER_SECRET a61bf2367bc78605b268bc608ae0270181281a874c997fc5941a2c3c0b05402c 6395b235bed0de5784a17fc27b11fbae5aa1a70909a9239a360300ea6f6ff413
CLIENT_HANDSHAKE_TRAFFIC_SECRET 87178ff943069548005e774da44b483d85181c0789cbea527fc25bc1783ee784 e5117758a803cda96bc11592d5cf2bc7b711f8b4e9a1795d65e209b5a17f92d7
SERVER_HANDSHAKE_TRAFFIC_SECRET 87178ff943069548005e774da44b483d85181c0789cbea527fc25bc1783ee784 925aa0c8a17067c5607d3eaee7e796d7609d4bfc09b89771080f87c9918e04f4
CLIENT_TRAFFIC_SECRET_0 87178ff943069548005e774da44b483d85181c0789cbea527fc25bc1783ee784 db9a7ac2517987a708c9c27ec16851f2369238eebce54b0e6fe610f31b535016
SERVER_TRAFFIC_SECRET_0 87178ff943069548005e774da44b483d85181c0789cbea527fc25bc1783ee784 0f093399d9fb5f008af501ef2bb8ea2fba200c8c9f27a7483b30d9965fc80904
EXPORTER_SECRET 87178ff943069548005e774da44b483d85181c0789cbea527fc25bc1783ee784 10d964d03bc667263ef4216c7d952bd4b868d4205163798e735f4052cb1bd057
CLIENT_HANDSHAKE_TRAFFIC_SECRET 78116308892c5a9a5038fb79e21d6b41a922fa42e995ccf669e2b66ec6e889e6 b9b2e32f595dae795d6521225db3846623339f2433c16d1665410b26b937f503
SERVER_HANDSHAKE_TRAFFIC_SECRET 78116308892c5a9a5038fb79e21d6b41a922fa42e995ccf669e2b66ec6e889e6 6f3524a7c9129f3be3b6767fd07d46cb38de2729fb6ae13cb120860105a160f6
CLIENT_TRAFFIC_SECRET_0 78116308892c5a9a5038fb79e21d6b41a922fa42e995ccf669e2b66ec6e889e6 659c5d9bba1e246753f7a5cf1bddcbe86db202701cc541538a49443449515310
SERVER_TRAFFIC_SECRET_0 78116308892c5a9a5038fb79e21d6b41a922fa42e995ccf669e2b66ec6e889e6 ae80004526310d544be2f4802604f4bfe4a0f950d06de86e5f7f0bb708905295
EXPORTER_SECRET 78116308892c5a9a5038fb79e21d6b41a922fa42e995ccf669e2b66ec6e889e6 3dce36e811872edec9ff8148a2e3f339d71a16a72583cdc8ca21d1d9b3c3fe7a
CLIENT_HANDSHAKE_TRAFFIC_SECRET 2484a81896cd0491a6b48be3b05dfee803ad33027d69b8260cd14553fbc2a1c8 ba183a54155e28fb0fd111f27caf9390001e5b09ab72ff88ab907279e6cb70e7
SERVER_HANDSHAKE_TRAFFIC_SECRET 2484a81896cd0491a6b48be3b05dfee803ad33027d69b8260cd14553fbc2a1c8 a05cdc1d79cd4593209484e821f89e53f79370da859c55f4f061e57fb5c9822d
CLIENT_TRAFFIC_SECRET_0 2484a81896cd0491a6b48be3b05dfee803ad33027d69b8260cd14553fbc2a1c8 dc2e561c6d59d89f36283c3088f6fdcd13dc5a8f7101d723d2f20e3b74b07e45
SERVER_TRAFFIC_SECRET_0 2484a81896cd0491a6b48be3b05dfee803ad33027d69b8260cd14553fbc2a1c8 fff01faebfa7e6453092129e05188a4120cee3bbd08960cbe667501f0db2263c
EXPORTER_SECRET 2484a81896cd0491a6b48be3b05dfee803ad33027d69b8260cd14553fbc2a1c8 adce5126db70b58a1283e5703e6af7f472d9e93debda0b4b26afa2bf7d57955a
CLIENT_HANDSHAKE_TRAFFIC_SECRET db3c6e9b1832ca4cde116b5a4be863bbdb5496ea59bafa7c403a4a57175119df bf1d197b1b62bf26af0ed3f6192bbf61db7e86a36027ddde86e2e3ab5885ef64
SERVER_HANDSHAKE_TRAFFIC_SECRET db3c6e9b1832ca4cde116b5a4be863bbdb5496ea59bafa7c403a4a57175119df dc83f7db90380ab54bc647f981ad6c7d9868beea85c64dfda766ede64237c7e8
CLIENT_HANDSHAKE_TRAFFIC_SECRET 79dd61dbf21249c8a3fef0f52da6530071604f3fc058f8fbf37dfe5df39f109b 9671ec26ea70321dfdb47f03ea0c72a00690b5557800b17951afaa981090c70b
SERVER_HANDSHAKE_TRAFFIC_SECRET 79dd61dbf21249c8a3fef0f52da6530071604f3fc058f8fbf37dfe5df39f109b d289dab9a4525bfabf503c7f799bb580cbeee077706494adc99408fa30a9e234
CLIENT_HANDSHAKE_TRAFFIC_SECRET be7ed8c03c87329f4f59ca48d4b8404b4cf132c9a9c656b5ef8e16d3abdec078 45b5f2676c6cbae3d3cff0faf55d4e87fd741d0029f557db60bab0100d75950e
SERVER_HANDSHAKE_TRAFFIC_SECRET be7ed8c03c87329f4f59ca48d4b8404b4cf132c9a9c656b5ef8e16d3abdec078 9a7c3f26f3b99c110eb64aa4af793de9e68e1e9db1156d28c672ca6b54100ae2
CLIENT_TRAFFIC_SECRET_0 db3c6e9b1832ca4cde116b5a4be863bbdb5496ea59bafa7c403a4a57175119df e2a007ea2b250b19a397a83527050db5dc4706576975a67328c49e45c245063b
SERVER_TRAFFIC_SECRET_0 db3c6e9b1832ca4cde116b5a4be863bbdb5496ea59bafa7c403a4a57175119df a221edf5489b41509a701a8055a937f8c3afb52870d2a0c2604e707d5f98f057
EXPORTER_SECRET db3c6e9b1832ca4cde116b5a4be863bbdb5496ea59bafa7c403a4a57175119df 8367df73e7a5303dd7d0d8e959cc5eb7ba401456e03c2061b5825c89e7a8d64a
CLIENT_TRAFFIC_SECRET_0 79dd61dbf21249c8a3fef0f52da6530071604f3fc058f8fbf37dfe5df39f109b 96b19dacc8bd86d1b85be12b8d9a74f8f20801d8a269b635d07068ddbf17b907
SERVER_TRAFFIC_SECRET_0 79dd61dbf21249c8a3fef0f52da6530071604f3fc058f8fbf37dfe5df39f109b e9f0bff54c41309030a5d9e18ea567381248d8e2ca582e1dcbee9ca595236dbe
EXPORTER_SECRET 79dd61dbf21249c8a3fef0f52da6530071604f3fc058f8fbf37dfe5df39f109b 13f0124250d6be0d37047c4f29a475f76ec0319c0271873cc76f571074dfb756
CLIENT_HANDSHAKE_TRAFFIC_SECRET 33e9b5f4259a201812e4dde663faf1e1910fcbfb35f5ac234b8728d2cd10fb12 2b5fb3eae2857d9dde9ff2146cf9bdc777d8bd59e6f26f9109d5582560f4908b
SERVER_HANDSHAKE_TRAFFIC_SECRET 33e9b5f4259a201812e4dde663faf1e1910fcbfb35f5ac234b8728d2cd10fb12 026e4f65050a1765da26e65fa46167752460e19c180631016abe6c96dda26662
CLIENT_TRAFFIC_SECRET_0 be7ed8c03c87329f4f59ca48d4b8404b4cf132c9a9c656b5ef8e16d3abdec078 90917a5b50b59ac6fc61beaf93be21f9bbd6de989a6ad10ceb512b07377238a1
SERVER_TRAFFIC_SECRET_0 be7ed8c03c87329f4f59ca48d4b8404b4cf132c9a9c656b5ef8e16d3abdec078 c00f53cbce642470c6c2372ca9f73d46c906ab76b7120dccf225cdf216683e3b
EXPORTER_SECRET be7ed8c03c87329f4f59ca48d4b8404b4cf132c9a9c656b5ef8e16d3abdec078 dd520dbd61e93cf3b271660ac09c242340fbfe62d48cdff15042dd169f97ce79
CLIENT_TRAFFIC_SECRET_0 33e9b5f4259a201812e4dde663faf1e1910fcbfb35f5ac234b8728d2cd10fb12 dbdb00f2536789cc7631ccb98c2bac00e0d0d22adaa25e72a52c911da622fc0f
SERVER_TRAFFIC_SECRET_0 33e9b5f4259a201812e4dde663faf1e1910fcbfb35f5ac234b8728d2cd10fb12 2ba4bff02c41c00358cbd65427b1829592872d780c725b98235c6c74abbae505
EXPORTER_SECRET 33e9b5f4259a201812e4dde663faf1e1910fcbfb35f5ac234b8728d2cd10fb12 e84c237a86d30cacdeb531b37f533e0d2742755658c2e2663f2dad0f97ed3838
CLIENT_HANDSHAKE_TRAFFIC_SECRET e821239d424cc409f258545e63a28c4c3bce10f301c13647f495115d968d060a 0d42f9394013237b2528ea7baea1cfec26577503e5ec975db52b5d3aa9837de8
CLIENT_HANDSHAKE_TRAFFIC_SECRET 9527b27d3165988de56dd8b49fbbe20d464e613206d8a9262736eddebe4cb818 a8d3d1a08b61da4fb81030b7af5858482ef8a00fb7eb118ede13cdb578f30de6
CLIENT_HANDSHAKE_TRAFFIC_SECRET 17ada03f09d49c229185f21656f1653c86f048af1dd3b103a3431b57bbcac782 25972389fd5c09185eb5a10d8efa6b03d73b10dfd68c2edce2dd735d3b268238
CLIENT_HANDSHAKE_TRAFFIC_SECRET 3e54db3bbdf8ee1c93be215305f9e20108e990870dc1bd21303f454949b199f9 b5601303f894e46b7f58cd1129caef9db22cbffe6146e5bdbbc4043ac253d023
SERVER_HANDSHAKE_TRAFFIC_SECRET e821239d424cc409f258545e63a28c4c3bce10f301c13647f495115d968d060a f080671189f16a1b352f60eb7130bc762b9569d5a9a1f7d5a5ebe37b2c9f4307
SERVER_HANDSHAKE_TRAFFIC_SECRET 9527b27d3165988de56dd8b49fbbe20d464e613206d8a9262736eddebe4cb818 c7d792111d233820b716faa0768227ae16e3cd8f499a00a414107d46afda672d
SERVER_HANDSHAKE_TRAFFIC_SECRET 17ada03f09d49c229185f21656f1653c86f048af1dd3b103a3431b57bbcac782 74d10d948b80612c6275c4dd8be2bc270dacda6526662f10610c2e9db321bf19
SERVER_HANDSHAKE_TRAFFIC_SECRET 3e54db3bbdf8ee1c93be215305f9e20108e990870dc1bd21303f454949b199f9 762399139de96128a56d9d9a4933d3055516a7cb5c06ec0a2ca2699e3ce93811
CLIENT_TRAFFIC_SECRET_0 3e54db3bbdf8ee1c93be215305f9e20108e990870dc1bd21303f454949b199f9 818aeeeb7177621ee1c63d0933d7fccd5f767f267cc0b56f3d51ad5c7e68e2fa
SERVER_TRAFFIC_SECRET_0 3e54db3bbdf8ee1c93be215305f9e20108e990870dc1bd21303f454949b199f9 2c93a13d42cbf356e3d82a1fa3f4098bd9d86d493d159642dba883b62660ff79
EXPORTER_SECRET 3e54db3bbdf8ee1c93be215305f9e20108e990870dc1bd21303f454949b199f9 5dec762693e8316a42badcbe0ce6701177fc5e54ffe21ecbb732643a01288425
CLIENT_TRAFFIC_SECRET_0 9527b27d3165988de56dd8b49fbbe20d464e613206d8a9262736eddebe4cb818 68ca0e94175338a4d28a1475f51ec4a73d62856da2ed44418873f4c115807c03
SERVER_TRAFFIC_SECRET_0 9527b27d3165988de56dd8b49fbbe20d464e613206d8a9262736eddebe4cb818 b3f8dae453b45f2c73949bc54fc3dbaa61522e1203442338b842b4c7452e4ed7
EXPORTER_SECRET 9527b27d3165988de56dd8b49fbbe20d464e613206d8a9262736eddebe4cb818 2afe45ff240a12ae5e110eafe7c7ff9be213dc039e20ca3e9887c1fa0d26b07e
CLIENT_TRAFFIC_SECRET_0 17ada03f09d49c229185f21656f1653c86f048af1dd3b103a3431b57bbcac782 0aec67d1434552bc5218f429666ab8deb0884b2982c7aee4a354682ebf073822
SERVER_TRAFFIC_SECRET_0 17ada03f09d49c229185f21656f1653c86f048af1dd3b103a3431b57bbcac782 14129e6c16d68421661611c629c8efa7ca347520c7f2deac3cf12946c2ec523f
EXPORTER_SECRET 17ada03f09d49c229185f21656f1653c86f048af1dd3b103a3431b57bbcac782 dbc1731c0673165228ea134ff741716ede184cfb707e87f3dea3086e46bed25b
CLIENT_TRAFFIC_SECRET_0 e821239d424cc409f258545e63a28c4c3bce10f301c13647f495115d968d060a 974b49bdad18b8aaf18768f572413967e6c33d1b3dab68d6b2d7b6b87f369f18
SERVER_TRAFFIC_SECRET_0 e821239d424cc409f258545e63a28c4c3bce10f301c13647f495115d968d060a 5b5bc6dd57ac5602c713283d2e3a11cf3975752cc10403b83da61fe6060dffe8
EXPORTER_SECRET e821239d424cc409f258545e63a28c4c3bce10f301c13647f495115d968d060a 48bea7d435777ca2b6bd5e40f679c9ce9f15332f965307066393f1f089a473bf
CLIENT_HANDSHAKE_TRAFFIC_SECRET 21d74da92715bdee0c34b403a8f4c35824607d8364bbc60cbda188b44484d6fb 17bef8d28348e62d92c44198c39f9d7dc12a85a37e25eba1888a037237b6881d
SERVER_HANDSHAKE_TRAFFIC_SECRET 21d74da92715bdee0c34b403a8f4c35824607d8364bbc60cbda188b44484d6fb 593e58c0c18fc41e4d6ec11ac235c06ca762f27fc287d9a049d9489c5d4e19a8
CLIENT_TRAFFIC_SECRET_0 21d74da92715bdee0c34b403a8f4c35824607d8364bbc60cbda188b44484d6fb 9ebca9eb935c1be4390b4f5d8fa48d70ebca2976b7ee1792ef4ff0c6f8f06555
SERVER_TRAFFIC_SECRET_0 21d74da92715bdee0c34b403a8f4c35824607d8364bbc60cbda188b44484d6fb 41e71d7020634d52e3f4da0cbeac08edc4fde7d3b23eb4e351df04f042b8714e
EXPORTER_SECRET 21d74da92715bdee0c34b403a8f4c35824607d8364bbc60cbda188b44484d6fb 3bfbfa552f7b57231f40a9d0108c6179647de57bdbe1f558ed3b5b2e6a79acbb
CLIENT_HANDSHAKE_TRAFFIC_SECRET 660d281a7a9f7038d0b8b81d20a19a3b3140f142b39fb84d9055c16ed4179184 eb3bebbc655cd02e8479c309db086ea1df175796244deae2ceca40c85f2e496b
SERVER_HANDSHAKE_TRAFFIC_SECRET 660d281a7a9f7038d0b8b81d20a19a3b3140f142b39fb84d9055c16ed4179184 3b748f58328feb63ad267c0a411d49a62862f5627355dcaaaba7dc9f5ce85170
CLIENT_TRAFFIC_SECRET_0 660d281a7a9f7038d0b8b81d20a19a3b3140f142b39fb84d9055c16ed4179184 295803b7a254802ae66f983a2c0c8e2a3180a5dad6b3a1f863a8a9178c9f4cb7
SERVER_TRAFFIC_SECRET_0 660d281a7a9f7038d0b8b81d20a19a3b3140f142b39fb84d9055c16ed4179184 46fc764aae484c529d5e44573dcea405ae45efb2a74027edf4013b7dcb320487
EXPORTER_SECRET 660d281a7a9f7038d0b8b81d20a19a3b3140f142b39fb84d9055c16ed4179184 6ef66f8aae3976db2dc7baf4d5d6ead80fb3420c31e596feed6fb1ff39338456
