CLIENT_HANDSHAKE_TRAFFIC_SECRET a9c703b1f2a1a46053d1a360ee520e2a69293048fc4a0876a411fee9ad828e65 aa71346c78e7977b223fc04af25fbaa1718bc929939bf463b89ca8b3dbaa2080
SERVER_HANDSHAKE_TRAFFIC_SECRET a9c703b1f2a1a46053d1a360ee520e2a69293048fc4a0876a411fee9ad828e65 e4bb45433239e67d79792db47e03513ee9b6082c88847aa47645dd6e4e85eecf
CLIENT_TRAFFIC_SECRET_0 a9c703b1f2a1a46053d1a360ee520e2a69293048fc4a0876a411fee9ad828e65 0aa4743d6ecd79541d96e3b5c345ddd4b44029b6c76092dc728864c480855900
SERVER_TRAFFIC_SECRET_0 a9c703b1f2a1a46053d1a360ee520e2a69293048fc4a0876a411fee9ad828e65 bbf2e6275a5789f2d31c9b47fc88c30c88cddbac3537ed7b69795e81eb473f9d
EXPORTER_SECRET a9c703b1f2a1a46053d1a360ee520e2a69293048fc4a0876a411fee9ad828e65 c9b68041f0e9d6120ebff6c5d241ae396ec0d4ca0551eacb2bd44207d242073a
CLIENT_HANDSHAKE_TRAFFIC_SECRET d1c15bdcb9f7d88fbb1bf9f9194aaf424e8ae8e72f4c992bf81d46b17fd137de 4315bf58ac1bd59dc8ce92dedf58e4cf6826692fec90465127f30042ffeb21f5
SERVER_HANDSHAKE_TRAFFIC_SECRET d1c15bdcb9f7d88fbb1bf9f9194aaf424e8ae8e72f4c992bf81d46b17fd137de 9a03d89aaf5dc87aae4f3e8b6c1a3463d767b942c3441133d7521811674a40fa
CLIENT_HANDSHAKE_TRAFFIC_SECRET 524150fc891f9cd32c2dfccfd32638be2acd77b3e728a62c395854fad9120f1a e1cb98f9fbed52b6d1d029ebb58f014779145f6b3942d39082607c112997049e
SERVER_HANDSHAKE_TRAFFIC_SECRET 524150fc891f9cd32c2dfccfd32638be2acd77b3e728a62c395854fad9120f1a 3269f88a343e4abf4319ae9850d57866d4f77753c2f4a6d67dd61848face3c3b
CLIENT_TRAFFIC_SECRET_0 d1c15bdcb9f7d88fbb1bf9f9194aaf424e8ae8e72f4c992bf81d46b17fd137de 9462292c0d9f04575f5b525798cce58f84e206a937ab6e818dda40b7c2c1550e
SERVER_TRAFFIC_SECRET_0 d1c15bdcb9f7d88fbb1bf9f9194aaf424e8ae8e72f4c992bf81d46b17fd137de 7e53a8c5f4b865d4fb4b2433e4b85cf2598e04b438ff30867563cb9a9633a45d
EXPORTER_SECRET d1c15bdcb9f7d88fbb1bf9f9194aaf424e8ae8e72f4c992bf81d46b17fd137de 047c07090e3dbf67e499d12fc87227d2457f9a812197a9146ac009c9f4ba654b
CLIENT_HANDSHAKE_TRAFFIC_SECRET d1ca34199114685627264cff60a85e3c24e4544eb48255e93c4b6f7bb50f4d57 58faf558a7f2b612193749b78866e6cf14c4502a63537188e844e8281dda75c6
SERVER_HANDSHAKE_TRAFFIC_SECRET d1ca34199114685627264cff60a85e3c24e4544eb48255e93c4b6f7bb50f4d57 9d08b05512fa623da053fdd24722d3a14483ceb8491f368f4d7e09bd197b1cc6
CLIENT_TRAFFIC_SECRET_0 524150fc891f9cd32c2dfccfd32638be2acd77b3e728a62c395854fad9120f1a 22e922d8386453d36128df9982f0dd63ffe4bde97059ac8da031831f7d0539f4
SERVER_TRAFFIC_SECRET_0 524150fc891f9cd32c2dfccfd32638be2acd77b3e728a62c395854fad9120f1a 6e4d07dd296c757452d8a818f28c2faa2130a64ff8240e1b205a6c2c5e24396d
EXPORTER_SECRET 524150fc891f9cd32c2dfccfd32638be2acd77b3e728a62c395854fad9120f1a 2d7d7981b61f8afad68443ecb7e44a4743c0b76dd02bf1d5a7ce6fb1ddc2d4e5
CLIENT_TRAFFIC_SECRET_0 d1ca34199114685627264cff60a85e3c24e4544eb48255e93c4b6f7bb50f4d57 86e7f51020b513f74a2e54df3e56023ec613c4e5b2eae16a15cbaeb4c304aef4
SERVER_TRAFFIC_SECRET_0 d1ca34199114685627264cff60a85e3c24e4544eb48255e93c4b6f7bb50f4d57 069a4e815fec0ec3f1560b83ff827c211d11b2de601dfcfd0d115ae7ab417ce3
EXPORTER_SECRET d1ca34199114685627264cff60a85e3c24e4544eb48255e93c4b6f7bb50f4d57 33085d174bfaafdb507e85d61a559a37eec9e2b260ad7bb4c52369fcef0ace63
CLIENT_HANDSHAKE_TRAFFIC_SECRET bf54b5de2d49c9063100a660460f637d70e44336089aeb4c8f243a92c12f9a60 3cfd44c2c9e2f3ca44970cb3b2e8445d10a86c690218b91f13e767811ec2fa85
SERVER_HANDSHAKE_TRAFFIC_SECRET bf54b5de2d49c9063100a660460f637d70e44336089aeb4c8f243a92c12f9a60 9f0bf8f96fb9a5ca5c6fefc921c977ecf864de01b680188135ff098deeecdb20
CLIENT_HANDSHAKE_TRAFFIC_SECRET d738df6252c2320cf7f25b62dfba12339876dd71c221bd84649467607ca73d50 3b3ec62a3dfd5a9dc4dcf8162a902474462a3db39e213a4f0deb1d358a004a74
SERVER_HANDSHAKE_TRAFFIC_SECRET d738df6252c2320cf7f25b62dfba12339876dd71c221bd84649467607ca73d50 63b7f53a0f23764af8ec273f24e6c8722f32d47d0f1a6f2ce856d4a0ffa8d744
CLIENT_TRAFFIC_SECRET_0 d738df6252c2320cf7f25b62dfba12339876dd71c221bd84649467607ca73d50 e4947016ae2da6074de5d3c5a9e5d11e0ad81953b6cb6662d2639d066391675f
SERVER_TRAFFIC_SECRET_0 d738df6252c2320cf7f25b62dfba12339876dd71c221bd84649467607ca73d50 f25e7ab0db7ede52a0a3e32b0bf6975dd99eb250cf32d72111437b759104841d
EXPORTER_SECRET d738df6252c2320cf7f25b62dfba12339876dd71c221bd84649467607ca73d50 d8f6d75800c647c28eee14e8a8e2e664a45dad1b21f4cc234744d8e0a15be53c
CLIENT_HANDSHAKE_TRAFFIC_SECRET e49e61db2f560333ff2d3e09fc82273182cbe14cca15887533b8e076903ee14a 8ea8b7e4df95030fa9808f4ef166d87d194735a19ea5ffabf46413ed58b2d63d
CLIENT_TRAFFIC_SECRET_0 bf54b5de2d49c9063100a660460f637d70e44336089aeb4c8f243a92c12f9a60 224541d22aabff1be67cfc1bb6ffd24e3f913e5ad336e704e667c3c8048c9cb3
SERVER_HANDSHAKE_TRAFFIC_SECRET e49e61db2f560333ff2d3e09fc82273182cbe14cca15887533b8e076903ee14a 20e78effd59724d89e6d5dde047534f9e1adf2056b9dcdbd61e7da69df3af640
SERVER_TRAFFIC_SECRET_0 bf54b5de2d49c9063100a660460f637d70e44336089aeb4c8f243a92c12f9a60 1f50b850c164c8c40275581175975f4670750158fa993c7a6c6b950be57f09e8
EXPORTER_SECRET bf54b5de2d49c9063100a660460f637d70e44336089aeb4c8f243a92c12f9a60 e9e3feb856a74c8fab2c7bd3050765dc73af976ed082638ac35c6c0ab121dd05
CLIENT_TRAFFIC_SECRET_0 e49e61db2f560333ff2d3e09fc82273182cbe14cca15887533b8e076903ee14a c224636566ab12ac5e3de422f14f7edd952cd238b65120ede5bbae75e04b544c
SERVER_TRAFFIC_SECRET_0 e49e61db2f560333ff2d3e09fc82273182cbe14cca15887533b8e076903ee14a 3a38bf2bb5116ffafe8324fe7c57779491b8cfe2e13e1d49b92a2abfe853c211
EXPORTER_SECRET e49e61db2f560333ff2d3e09fc82273182cbe14cca15887533b8e076903ee14a fa6059fe7f9aad05979e70e0ebfcb591989f42118fc94b1d28661ebd29129c09
CLIENT_HANDSHAKE_TRAFFIC_SECRET be19ee355ce57550673b47022a9a7228abf96dcd94b9d2b444d17ea909095b11 ac1d15d6718f3534909626e18af62be314704d1c2d643814aef2ff01407b9d74
SERVER_HANDSHAKE_TRAFFIC_SECRET be19ee355ce57550673b47022a9a7228abf96dcd94b9d2b444d17ea909095b11 f0ef7286c0e52833a6e655e6adc9638211156eaadb349bc103e75d762ec09d9c
CLIENT_HANDSHAKE_TRAFFIC_SECRET 09bac2d8b70630d880eaa109edafdc27dc7108d328a81aff9f090bb35735df35 4643bdcabd3ea26ebb315a52b373e4cd2f140434472f28a8b9d22b75d3d8c3a9
SERVER_HANDSHAKE_TRAFFIC_SECRET 09bac2d8b70630d880eaa109edafdc27dc7108d328a81aff9f090bb35735df35 e11fc31ec0dfb640c053c04c3f4cd3e23f2c746ba53eb04b3621b903a44f3de3
CLIENT_TRAFFIC_SECRET_0 be19ee355ce57550673b47022a9a7228abf96dcd94b9d2b444d17ea909095b11 dd483da536fb6ee467532ae4de5b7359f64f6e66e31cb67e226a2252e0f2bbb5
SERVER_TRAFFIC_SECRET_0 be19ee355ce57550673b47022a9a7228abf96dcd94b9d2b444d17ea909095b11 f4b950433805045d6701801faa9a441f0006a5da41d68b1ec8be0c59d739a28c
EXPORTER_SECRET be19ee355ce57550673b47022a9a7228abf96dcd94b9d2b444d17ea909095b11 22fce5bb24f174e31dd9d538e34821047524db79b5fcdcd9f7c5c2ac70e96550
CLIENT_TRAFFIC_SECRET_0 09bac2d8b70630d880eaa109edafdc27dc7108d328a81aff9f090bb35735df35 d0d3887739b7dc50061be1295621a8f66e6d0df5979de8f6c1e61052a4c2dc29
CLIENT_HANDSHAKE_TRAFFIC_SECRET c5830be0fd7e2c46070df4c13e7fc98b4096f73ec8bcbdfc9302d8bda7aa5d0f e6820fe10fdab495dbd48681b1062282225524d562faca1d8ba8bb99196f2001
SERVER_HANDSHAKE_TRAFFIC_SECRET c5830be0fd7e2c46070df4c13e7fc98b4096f73ec8bcbdfc9302d8bda7aa5d0f 6b05b9f220e3119a6d3d1ee73daee638658ea4a5b4798cd639ba5d3f42687b13
SERVER_TRAFFIC_SECRET_0 09bac2d8b70630d880eaa109edafdc27dc7108d328a81aff9f090bb35735df35 2a3b25e05fd9b06faf2c5dadeb50ce5fb8da830f962f691b2ef4412958a2f6b1
EXPORTER_SECRET 09bac2d8b70630d880eaa109edafdc27dc7108d328a81aff9f090bb35735df35 52ca3c37f9061a19a2da293e01f9108c9115b2cbd13c5d241fdc2203718fd578
CLIENT_HANDSHAKE_TRAFFIC_SECRET 1fd150420d76ba730e0c7945a913d0d0ab9705d7f0787e170da616c2b58153ae 7e647b25ab0fd6f644f426a3ac7c124e527d5c7582ed709c7aa0360602b805c2
SERVER_HANDSHAKE_TRAFFIC_SECRET 1fd150420d76ba730e0c7945a913d0d0ab9705d7f0787e170da616c2b58153ae f1b5bcbb6e06445134270ab5d16c3a6174c0addb23d292697d77abe37fe7fc54
CLIENT_TRAFFIC_SECRET_0 c5830be0fd7e2c46070df4c13e7fc98b4096f73ec8bcbdfc9302d8bda7aa5d0f 30ef88422becac5c1831dbf2e87f17b1549cbad9b360d5fa68ae73f282124ef8
SERVER_TRAFFIC_SECRET_0 c5830be0fd7e2c46070df4c13e7fc98b4096f73ec8bcbdfc9302d8bda7aa5d0f f5c852b11ae5e7f94c914bc739eb4056e087237c4d72eaea18bbc282d62f7346
EXPORTER_SECRET c5830be0fd7e2c46070df4c13e7fc98b4096f73ec8bcbdfc9302d8bda7aa5d0f 7c400aa25939549d96f5267d54fb3bb05bc1f40882f8c99190170da8c1ce7c6d
CLIENT_TRAFFIC_SECRET_0 1fd150420d76ba730e0c7945a913d0d0ab9705d7f0787e170da616c2b58153ae 9086b4de2eb9cf09fada7333baf7b77f0f2189ae6325a306c1caf2dff1c7d986
SERVER_TRAFFIC_SECRET_0 1fd150420d76ba730e0c7945a913d0d0ab9705d7f0787e170da616c2b58153ae d8af495b4484519b7b1eec8d578f7cf10ddbbd7d47499341108a4a97a922cc26
EXPORTER_SECRET 1fd150420d76ba730e0c7945a913d0d0ab9705d7f0787e170da616c2b58153ae f50aaa7b95ce26579270230cce4a9c23890c66bff63f62ca0024661c651fc714
CLIENT_HANDSHAKE_TRAFFIC_SECRET ed076735809d139a43d0bbbf8f329f390001cbbaf7aaebcc83ed09c0ea6e7507 40a96f8f2c0f1dcac2237a9c77c2403f288b497656951e858793ec2d5dfbf1e9
SERVER_HANDSHAKE_TRAFFIC_SECRET ed076735809d139a43d0bbbf8f329f390001cbbaf7aaebcc83ed09c0ea6e7507 ad56dd779a76784a3cda304abffc6c817c0c03b642a21d74032e7f2d335fc7b0
CLIENT_TRAFFIC_SECRET_0 ed076735809d139a43d0bbbf8f329f390001cbbaf7aaebcc83ed09c0ea6e7507 9de5ba56c7305ff89e8241efb8cc4ec18f5e096e705ce7ae01f147959c44cc98
SERVER_TRAFFIC_SECRET_0 ed076735809d139a43d0bbbf8f329f390001cbbaf7aaebcc83ed09c0ea6e7507 160b96e31b4edc24ec5cde89fbe4cffa3700fb4a2e873cd1d5f50d646cb54dc4
EXPORTER_SECRET ed076735809d139a43d0bbbf8f329f390001cbbaf7aaebcc83ed09c0ea6e7507 bd48aaac4507b2e62f2e726bda6d254c83c02969a1e994bc44ef2822fc9b273a
