CLIENT_HANDSHAKE_TRAFFIC_SECRET d357e90ef52fcfa9b2c795f8ddad369257c09013c3c1e3db6467e3cb347f0e86 4ea933d570f2552335e4f773590f8799773f95db6c0cea353f7744e4f74ef570
SERVER_HANDSHAKE_TRAFFIC_SECRET d357e90ef52fcfa9b2c795f8ddad369257c09013c3c1e3db6467e3cb347f0e86 f7179ea2841deca85793d63e24a00c0ecec2dea9e5eb31d12e66fcc34e3f5198
CLIENT_TRAFFIC_SECRET_0 d357e90ef52fcfa9b2c795f8ddad369257c09013c3c1e3db6467e3cb347f0e86 4efc2475b54217bda989433e8779c03585072c81b98f9a68ddc25d1d26141d0f
SERVER_TRAFFIC_SECRET_0 d357e90ef52fcfa9b2c795f8ddad369257c09013c3c1e3db6467e3cb347f0e86 ee6336034a35b1f57eb283108875c8e184a1befb613660a9e787264d76bc29e4
EXPORTER_SECRET d357e90ef52fcfa9b2c795f8ddad369257c09013c3c1e3db6467e3cb347f0e86 1c4ca1e6264979faf2f13467fb30c19e526e74b2e2a3d433cb55751c699d1748
CLIENT_HANDSHAKE_TRAFFIC_SECRET af37f86f46118478869b7e8b1f99e6d97ee619bc289aad28dab387ff73f27475 9e1837c728bca2f66f0bc6fc136988ae944fc26d7fd1b065e9fed954ec6bbcfe
SERVER_HANDSHAKE_TRAFFIC_SECRET af37f86f46118478869b7e8b1f99e6d97ee619bc289aad28dab387ff73f27475 d40a28947396f43d040bd11221e2973f5f0b9374825136a84bce025a328e35c2
CLIENT_TRAFFIC_SECRET_0 af37f86f46118478869b7e8b1f99e6d97ee619bc289aad28dab387ff73f27475 34c4f17bd12a43f6064ba9db7679fa1ead0eb4dac3c521ea9f4c4222ed5f1045
SERVER_TRAFFIC_SECRET_0 af37f86f46118478869b7e8b1f99e6d97ee619bc289aad28dab387ff73f27475 09d4c39c64d6be62c5b28c2f23f11fdf490f7e0ad8152721fb519a5af689458d
EXPORTER_SECRET af37f86f46118478869b7e8b1f99e6d97ee619bc289aad28dab387ff73f27475 c1956034604eafaea843dad4a426ce2763620ccf5dbd5d122e9f8d853d780ba1
CLIENT_HANDSHAKE_TRAFFIC_SECRET 7f77b14698c1ffadadcea336790a606bfcf915e6cf632882d82e640ec0f87244 81b33ea770aada576268da92dd5eb8a781f5305b415cb8b93a4d4f5695377934
SERVER_HANDSHAKE_TRAFFIC_SECRET 7f77b14698c1ffadadcea336790a606bfcf915e6cf632882d82e640ec0f87244 fe59313bef06ea0e3ba03a8e436855b3272a5b125ab049acc43e6bb08b5ff22c
CLIENT_HANDSHAKE_TRAFFIC_SECRET bf144fb105904fb8c26afec44344ccb92500c82eddf81b751de082d15a782514 7d89231b7e763234e7cb80a5bc5c8851a4aaee123f096887f46932845b65af7a
SERVER_HANDSHAKE_TRAFFIC_SECRET bf144fb105904fb8c26afec44344ccb92500c82eddf81b751de082d15a782514 e4ee092a73a5fc24e88f67c441eb0125e26115b73ede0b535a3ea40e27037725
CLIENT_HANDSHAKE_TRAFFIC_SECRET 3afec81ddcf860baef2c1b33688fbe8c9500bbb177e03cab4f23e74dc867f656 4e64d27b1dbbd4ccb8d38721c5a84011f3ce7cd523dad4031abdba552f9e245a
SERVER_HANDSHAKE_TRAFFIC_SECRET 3afec81ddcf860baef2c1b33688fbe8c9500bbb177e03cab4f23e74dc867f656 878ee9d1f7919a195754ab1d1fe99a46c7d1e2b7286533c5772a3afb92e9d5ae
CLIENT_TRAFFIC_SECRET_0 7f77b14698c1ffadadcea336790a606bfcf915e6cf632882d82e640ec0f87244 86d0ac4d4f74d0a622a0e4a7d63269e486eb833111172413ad8b32d2693f31ed
SERVER_TRAFFIC_SECRET_0 7f77b14698c1ffadadcea336790a606bfcf915e6cf632882d82e640ec0f87244 f3ae4fbbc9c21e9d9e819c31b2671ff69df411fa8925abd2459a2a3be0b2028e
EXPORTER_SECRET 7f77b14698c1ffadadcea336790a606bfcf915e6cf632882d82e640ec0f87244 8430622a5516982891f96c4249b67118dda223b8a93b4d89910279bb5811d1a3
CLIENT_HANDSHAKE_TRAFFIC_SECRET 99dfe630abfde39775017161b440b99ff5cddfc6ff04e0b97d0019ad899d703f 3fdd39ac6fa66e0e9434b3c2fde52ace62d82b1bba9d9226fc2477844156aa1a
SERVER_HANDSHAKE_TRAFFIC_SECRET 99dfe630abfde39775017161b440b99ff5cddfc6ff04e0b97d0019ad899d703f a20859653a4d7d585864e24aec4639fc362070078bb63fc39fe15158bd882382
CLIENT_TRAFFIC_SECRET_0 bf144fb105904fb8c26afec44344ccb92500c82eddf81b751de082d15a782514 bde378f09027de52499c1410444841f401388034ba593ac7bf865edae5e509dd
SERVER_TRAFFIC_SECRET_0 bf144fb105904fb8c26afec44344ccb92500c82eddf81b751de082d15a782514 62ecf89eaef72c71d8765eff4714450d9adb4aaf9ad0409f5a14732e8d701d21
EXPORTER_SECRET bf144fb105904fb8c26afec44344ccb92500c82eddf81b751de082d15a782514 9fb39ef8cec586b58e7872104b96359ae7908ba7d80eb9ad00ea113a99d06766
CLIENT_TRAFFIC_SECRET_0 3afec81ddcf860baef2c1b33688fbe8c9500bbb177e03cab4f23e74dc867f656 d91a13255b59492a7143d1842b027d1c4839db5d4c63d6ebd0acba62646b2760
SERVER_TRAFFIC_SECRET_0 3afec81ddcf860baef2c1b33688fbe8c9500bbb177e03cab4f23e74dc867f656 a7465a9bf91e685909673164840ca79f95bd9d7c193645c406e7f5b647a53213
EXPORTER_SECRET 3afec81ddcf860baef2c1b33688fbe8c9500bbb177e03cab4f23e74dc867f656 d73ea4eddbeaaabe31c4c5818d7f902c644aa63807bdc1d564127ecca7785866
CLIENT_TRAFFIC_SECRET_0 99dfe630abfde39775017161b440b99ff5cddfc6ff04e0b97d0019ad899d703f 3060f43ff9a7859441dd56426e659a6ce6c2a8bf2317405af9740f9ab1c54762
SERVER_TRAFFIC_SECRET_0 99dfe630abfde39775017161b440b99ff5cddfc6ff04e0b97d0019ad899d703f 4c72a508b929302ee75e3f827fab5bfb23c70c0bf9d7b5064374488e5ef6ed13
EXPORTER_SECRET 99dfe630abfde39775017161b440b99ff5cddfc6ff04e0b97d0019ad899d703f 552810baff850173cb3e4ba82beb4e3c4e3cffc981a0a980ce3b0ced38dfdf6e
CLIENT_HANDSHAKE_TRAFFIC_SECRET 91f87530af3aedca5b080d8391163bcc3c489e69e0928f53588b257d0d042b6d e386f1aebd20b108c7d4bfedbd31da9bac44e1c0190c7abbe8cd0b7a402b1a86
SERVER_HANDSHAKE_TRAFFIC_SECRET 91f87530af3aedca5b080d8391163bcc3c489e69e0928f53588b257d0d042b6d 858dd40c36014692d4ed4dc2a0adf3f0969686f20e2d3dc3ded3c8c8198994f4
CLIENT_HANDSHAKE_TRAFFIC_SECRET 9c79f8861c0551ae197c7a051d0ad95df9e1f86188f11e2994713b7902eded19 21e5f9070850de8a270d71494ab6eea72a0eac7ec8bcf4567a6a76517e319230
SERVER_HANDSHAKE_TRAFFIC_SECRET 9c79f8861c0551ae197c7a051d0ad95df9e1f86188f11e2994713b7902eded19 4f23e3aa988ef91c3cbcd0436a0e0b7c7fe347d573d8b8d3493ea848c502d667
CLIENT_TRAFFIC_SECRET_0 91f87530af3aedca5b080d8391163bcc3c489e69e0928f53588b257d0d042b6d b467776672cbab3c0d79f85cb6bd12b337a249b3f2294659c11c8d19b8ea1705
SERVER_TRAFFIC_SECRET_0 91f87530af3aedca5b080d8391163bcc3c489e69e0928f53588b257d0d042b6d 28403e8f3335b1e23e88781ff9f9949c0146ced51ec11cbe123a1c3480a3503a
EXPORTER_SECRET 91f87530af3aedca5b080d8391163bcc3c489e69e0928f53588b257d0d042b6d 62287ab2ea7654a29ab30f6891efc410cb5707246719fad1219f85c915cb70c8
CLIENT_TRAFFIC_SECRET_0 9c79f8861c0551ae197c7a051d0ad95df9e1f86188f11e2994713b7902eded19 bb9c52a12d811492ff9c9fe47b0ccc749f79839b2dbb343ded8e21c283386eeb
SERVER_TRAFFIC_SECRET_0 9c79f8861c0551ae197c7a051d0ad95df9e1f86188f11e2994713b7902eded19 c9a23f8abcf6da9cb6c40ef4e7ef7b00f83fc66c9525dd20f4dcb00471487459
EXPORTER_SECRET 9c79f8861c0551ae197c7a051d0ad95df9e1f86188f11e2994713b7902eded19 e971d93f873c4a120deb6ab62cfa0c8c6816873175a2f7e4e29c038ec8e4f9b5
