CLIENT_HANDSHAKE_TRAFFIC_SECRET f99d0533ed059f2af18b664524526be14e7816245f1b2b4fa9ced35ec3867702 ab68012e1393f40539c9c08e9ced3515283498ed081fe3d7c18ef2f2498b2eea
SERVER_HANDSHAKE_TRAFFIC_SECRET f99d0533ed059f2af18b664524526be14e7816245f1b2b4fa9ced35ec3867702 d4d285b09dfb999bfb7129f92ef4502f2f23645baea4783ab7eb9993a8e39622
CLIENT_TRAFFIC_SECRET_0 f99d0533ed059f2af18b664524526be14e7816245f1b2b4fa9ced35ec3867702 82a551de871dd0d39281d529fbbab48eff77bab9a5ebdbabb4836f60a1e146d3
SERVER_TRAFFIC_SECRET_0 f99d0533ed059f2af18b664524526be14e7816245f1b2b4fa9ced35ec3867702 ba9c19619ff1d5a5820aa88ef63b9858f8262ab42e588f38d474c764b567368b
EXPORTER_SECRET f99d0533ed059f2af18b664524526be14e7816245f1b2b4fa9ced35ec3867702 0a15bdefc178274491d04a9abf92f6538ef4f614337f4dfb47616fb53dea5545
CLIENT_HANDSHAKE_TRAFFIC_SECRET 1624996283abc54f06aed23d7edda54fb286ec7ae26a000e94500807baafeee7 ed67399a4019e8baf537c3843492014a16438dd1266e1f55bf5499b56cab26ef
SERVER_HANDSHAKE_TRAFFIC_SECRET 1624996283abc54f06aed23d7edda54fb286ec7ae26a000e94500807baafeee7 4df601dcafd3ed0a0ec5289652c043a431bfa2e8a4cd82ce4790a2390ddedbcf
CLIENT_HANDSHAKE_TRAFFIC_SECRET 78bc5c4a8b4a19a41c85113ddd4fbc3da3b1f391d95c9b5c48c7bf9613331eb0 575285a67e83127d5834c3ccd56da0dbbd40fd754acba41236d489c041448160
SERVER_HANDSHAKE_TRAFFIC_SECRET 78bc5c4a8b4a19a41c85113ddd4fbc3da3b1f391d95c9b5c48c7bf9613331eb0 6d7654c662531ea8d9af0b413438dfecad1b6690919f6a3926c2e242148f3aaf
CLIENT_HANDSHAKE_TRAFFIC_SECRET a160cc816326aae103febeb2c4381023f40583da447064d65f30d7e3fc31a1ec 376f44991b16ad6f07f9cd4885ac46f3f95d8892c40677474016af74455ca1f0
SERVER_HANDSHAKE_TRAFFIC_SECRET a160cc816326aae103febeb2c4381023f40583da447064d65f30d7e3fc31a1ec 1ba367a5f1bbced10a3770565ae3f8a81255fab618f103a10b92315e75638483
CLIENT_HANDSHAKE_TRAFFIC_SECRET f9df7e1a67c432c2f1451c5dfd3caf0c33b166d729b28ccdfb4a5f5729b5be55 a0a83432b5404f5fd605fef5df213a4a69099dc130ca59dbf962d5dc035d9fc5
SERVER_HANDSHAKE_TRAFFIC_SECRET f9df7e1a67c432c2f1451c5dfd3caf0c33b166d729b28ccdfb4a5f5729b5be55 25a99b0b69cf5c55a70f37d98dda0d6a4aae5559469557b07f91bae73970caa1
CLIENT_HANDSHAKE_TRAFFIC_SECRET 4804dd9e4ced9e37fef23b92853fc62d61147f29593ad8e2c0e5abc0b6048634 54001f7186ecfd93405c7b212adc4ab95752e309059d1e61540a3f7968b39939
SERVER_HANDSHAKE_TRAFFIC_SECRET 4804dd9e4ced9e37fef23b92853fc62d61147f29593ad8e2c0e5abc0b6048634 c5f6792c0adb740bab8c6cc5412d3f8e7c25047570fed4f8d3494121893bb205
CLIENT_HANDSHAKE_TRAFFIC_SECRET 46ccd81918620416990ab6a2a081b3db184ecad975d0c4165b1ed4ef5ae13388 639756c6e995e937aca627a0abd2935c53f4b0e5f2b5d7a6e5f04683a9e23ee7
SERVER_HANDSHAKE_TRAFFIC_SECRET 46ccd81918620416990ab6a2a081b3db184ecad975d0c4165b1ed4ef5ae13388 83b93ee68d0cde1e77cfbb9f7cb19994382a6c2b583df0247076ffb3f318c7f8
CLIENT_HANDSHAKE_TRAFFIC_SECRET caf35a47863a30d3bff7fa9ea0a85215a2691d645975d067db4dd6d229d4a737 62921ea528d55356990b96a56a0a96a6b9bdf897aca63ceb6b81151a2c379a57
SERVER_HANDSHAKE_TRAFFIC_SECRET caf35a47863a30d3bff7fa9ea0a85215a2691d645975d067db4dd6d229d4a737 0a0eb9eb8b68cb0fd13fec34ee934c36e54d81f5f60b14ec4bba8d058e82bb8a
CLIENT_HANDSHAKE_TRAFFIC_SECRET 8c2e837a0ed7c8d976ae5418e100727679918db6c73369d1c30550cfdd4ae311 26a145718283e14aff32a158f87f7e64d759aaaeb76ba3545ed7954f40ee00fe
SERVER_HANDSHAKE_TRAFFIC_SECRET 8c2e837a0ed7c8d976ae5418e100727679918db6c73369d1c30550cfdd4ae311 b94efe3da8df58c5bc5414b5058b359aae6bb593080ef1a64cca0d4a50c4731a
CLIENT_TRAFFIC_SECRET_0 1624996283abc54f06aed23d7edda54fb286ec7ae26a000e94500807baafeee7 851c187f295e331c0dc94a5f0475e25dfe222c707c7efba5cb6962b081532e9f
SERVER_TRAFFIC_SECRET_0 1624996283abc54f06aed23d7edda54fb286ec7ae26a000e94500807baafeee7 7082a339138e343a40b3e00311fe191497879c31760b38e9fed0a27c50f93aa1
EXPORTER_SECRET 1624996283abc54f06aed23d7edda54fb286ec7ae26a000e94500807baafeee7 c05ec3a17c51d240c56843117c72eeb29de5587d39f28d5df4d231036d7729ad
CLIENT_HANDSHAKE_TRAFFIC_SECRET 30562d275578aae7cd1912640553ec012bc64eb4d32c7e10ad33668766596dc7 6b7924685c13e761f0da58cb6288043b48313b1dc3706b419fbb768f14211778
SERVER_HANDSHAKE_TRAFFIC_SECRET 30562d275578aae7cd1912640553ec012bc64eb4d32c7e10ad33668766596dc7 398845e4e946fd379665b001d2d375f093714ff17963babd0581465e81e426ad
CLIENT_HANDSHAKE_TRAFFIC_SECRET 66e8a9163332ea7b94a1a6902afc33dd7c325c6c34532df01b9a33b1f68954cf 72a1e00607cea0caf38c652c61838962c6aa03bacbaa531fde7f090514705170
SERVER_HANDSHAKE_TRAFFIC_SECRET 66e8a9163332ea7b94a1a6902afc33dd7c325c6c34532df01b9a33b1f68954cf 638da768500770fef045b7f44a47dfb9035691a8af64ee59a4179066fd8716a2
CLIENT_HANDSHAKE_TRAFFIC_SECRET c89e3123361d6f7f32a7b44c6245a5b417f25700fa80c622145174fc87032c44 46292a934984046390a4b368ddbf3894e1b50011faca1b0c033531c8cfc3526f
CLIENT_HANDSHAKE_TRAFFIC_SECRET e8a7b9e2734c1b9c4055424d0032c8d991ce7a2218dafb861ca73e40604d6258 6d02aed2dc1b8c93f2ee1df4e3d7a085a097d20f3137fc7a7a4ecb897cb6db91
SERVER_HANDSHAKE_TRAFFIC_SECRET c89e3123361d6f7f32a7b44c6245a5b417f25700fa80c622145174fc87032c44 9bb3cab8349a68e185313c2573557d2023ef9ad95cc3a0ee6ffb5e39f07b92f0
SERVER_HANDSHAKE_TRAFFIC_SECRET e8a7b9e2734c1b9c4055424d0032c8d991ce7a2218dafb861ca73e40604d6258 e0a34f0fdcd6a2d78d2a2a39e163f879e87c71514b93969b754927709172de6e
CLIENT_TRAFFIC_SECRET_0 a160cc816326aae103febeb2c4381023f40583da447064d65f30d7e3fc31a1ec 642cf65a356f9a9483c8c7af28c2aef7ac06f1eb51587c88adf3088fad129eb1
SERVER_TRAFFIC_SECRET_0 a160cc816326aae103febeb2c4381023f40583da447064d65f30d7e3fc31a1ec 018c6262cde5790da859006293b83c15316c919dd336997d0cce3abc367137ab
EXPORTER_SECRET a160cc816326aae103febeb2c4381023f40583da447064d65f30d7e3fc31a1ec 9e6cbd8f3c6a720191470227b2c7b03ef873ca63b9b5eba680c3e00083d56b3e
CLIENT_TRAFFIC_SECRET_0 78bc5c4a8b4a19a41c85113ddd4fbc3da3b1f391d95c9b5c48c7bf9613331eb0 08b32cca5610d10d3ef7c934bd9aafbdbed7466ab129234d6e599a59f1627286
SERVER_TRAFFIC_SECRET_0 78bc5c4a8b4a19a41c85113ddd4fbc3da3b1f391d95c9b5c48c7bf9613331eb0 e3614bad11a06914ba3d2324245cf3146daf28bc435f3c8e54d817e7d76b3409
EXPORTER_SECRET 78bc5c4a8b4a19a41c85113ddd4fbc3da3b1f391d95c9b5c48c7bf9613331eb0 944f2f3fa5a610d14358ff15a0d464d3a8d413492cc47b6adf3102f7da11639b
CLIENT_TRAFFIC_SECRET_0 f9df7e1a67c432c2f1451c5dfd3caf0c33b166d729b28ccdfb4a5f5729b5be55 7d6cfdf96de086d7846f8a8723fad67aea9913a7d8a7647129ff6407ac736f18
SERVER_TRAFFIC_SECRET_0 f9df7e1a67c432c2f1451c5dfd3caf0c33b166d729b28ccdfb4a5f5729b5be55 cb964ef2335ee6c5e51f3fac2a4076d2fac5ff952e23feca99f0964cbda66221
EXPORTER_SECRET f9df7e1a67c432c2f1451c5dfd3caf0c33b166d729b28ccdfb4a5f5729b5be55 3dd1ea51f7c11ccfb92759eacd7d6d6a2c9b5ed4312068b4875b1687e9b550d7
CLIENT_HANDSHAKE_TRAFFIC_SECRET 25c08e544835cd18f1d39ed7aeb9f23483f02a0f18061be6df6ddc5dddd25ad5 eabe15de9c23683f144330252c9095e2bb222e4b71c7007e97048adca296eb99
SERVER_HANDSHAKE_TRAFFIC_SECRET 25c08e544835cd18f1d39ed7aeb9f23483f02a0f18061be6df6ddc5dddd25ad5 65591cde31bbdeadd3f2b4f9262732d5b361b81bf3c911f75110ac367c2dc574
CLIENT_TRAFFIC_SECRET_0 4804dd9e4ced9e37fef23b92853fc62d61147f29593ad8e2c0e5abc0b6048634 e6913fc624b2e2765ccf26d9c0033a6dd8ca960e506c2030c39dfa4a674deb43
SERVER_TRAFFIC_SECRET_0 4804dd9e4ced9e37fef23b92853fc62d61147f29593ad8e2c0e5abc0b6048634 3629981857f612d29fa70121433cb9c98314602049826d513013552493ce56ac
EXPORTER_SECRET 4804dd9e4ced9e37fef23b92853fc62d61147f29593ad8e2c0e5abc0b6048634 076de7b75acd7933f710abedbd219608df52e8b0e1a1226f7ac9bc95b1c24fc6
CLIENT_TRAFFIC_SECRET_0 46ccd81918620416990ab6a2a081b3db184ecad975d0c4165b1ed4ef5ae13388 bb0330d61771a6c295488cb791339ef352d16a44407bd6ccf89f9ee639b50c00
SERVER_TRAFFIC_SECRET_0 46ccd81918620416990ab6a2a081b3db184ecad975d0c4165b1ed4ef5ae13388 4619516a877d49b03e06e9530ac474130f5915243bbc13ae645cf66ee57caea4
EXPORTER_SECRET 46ccd81918620416990ab6a2a081b3db184ecad975d0c4165b1ed4ef5ae13388 a9bdb7e89bb6785ebafe2b118aa54600f0116e7eb3549b45b398c00a01554da8
CLIENT_TRAFFIC_SECRET_0 caf35a47863a30d3bff7fa9ea0a85215a2691d645975d067db4dd6d229d4a737 7bba43ca990d95ccf1e7bba96dc114885edad268776587e0e391f2752a536d7e
SERVER_TRAFFIC_SECRET_0 caf35a47863a30d3bff7fa9ea0a85215a2691d645975d067db4dd6d229d4a737 5bbf21639fe3a55920aae1b3d482582e0aa7f5f32606ad847850834b3daf7dd9
EXPORTER_SECRET caf35a47863a30d3bff7fa9ea0a85215a2691d645975d067db4dd6d229d4a737 9bc851d39d019313244950d329465128a9522f2092b6a156e653ae7c968c7e55
CLIENT_TRAFFIC_SECRET_0 8c2e837a0ed7c8d976ae5418e100727679918db6c73369d1c30550cfdd4ae311 dc8f43405d146e80fe7c2d316ad7a64e24de0a5f4aa49f930310de5f02567231
SERVER_TRAFFIC_SECRET_0 8c2e837a0ed7c8d976ae5418e100727679918db6c73369d1c30550cfdd4ae311 1dd7f855e3c3dbc3127deab4d0e737c59359c5eb316f65ccb7dad38a7bb46e06
EXPORTER_SECRET 8c2e837a0ed7c8d976ae5418e100727679918db6c73369d1c30550cfdd4ae311 0077e3b0c73d41583140a4c0afa7cf8780493d0b6271abfcf360eea471795296
CLIENT_TRAFFIC_SECRET_0 30562d275578aae7cd1912640553ec012bc64eb4d32c7e10ad33668766596dc7 f77c3616c361fc672e43a57330f0c70b6fc4b9332ffc68e04be2f847f94c8146
SERVER_TRAFFIC_SECRET_0 30562d275578aae7cd1912640553ec012bc64eb4d32c7e10ad33668766596dc7 a6e9aa13f526c6633984190078b5c7596f7eaa7126018db0e050f617ca0cf0ea
EXPORTER_SECRET 30562d275578aae7cd1912640553ec012bc64eb4d32c7e10ad33668766596dc7 8d0e5c4b84b158179734455646d0a2bc1ef884cf5c1832807cd13e40f71a3ecd
CLIENT_TRAFFIC_SECRET_0 66e8a9163332ea7b94a1a6902afc33dd7c325c6c34532df01b9a33b1f68954cf f9cf6073d649016fcd6d251ab424d252a93fd79644e8209bba2926940a926492
SERVER_TRAFFIC_SECRET_0 66e8a9163332ea7b94a1a6902afc33dd7c325c6c34532df01b9a33b1f68954cf 879bf2e699365d6caf2323910ea8249baf5c941347fd5356e056610fe17ddc0a
EXPORTER_SECRET 66e8a9163332ea7b94a1a6902afc33dd7c325c6c34532df01b9a33b1f68954cf 506ef81d56bfd53f1466e465e822a92ef76508f5f1dd2773e6495ffae1079d2b
CLIENT_TRAFFIC_SECRET_0 c89e3123361d6f7f32a7b44c6245a5b417f25700fa80c622145174fc87032c44 c16c2dcfcded995c88e1bfc82cee929099f5a3ac3882216d827d75cadac7c894
SERVER_TRAFFIC_SECRET_0 c89e3123361d6f7f32a7b44c6245a5b417f25700fa80c622145174fc87032c44 538cbb0760450149d1458131f3069ee46b9790e700b4d9ffb4358a261eb32d00
EXPORTER_SECRET c89e3123361d6f7f32a7b44c6245a5b417f25700fa80c622145174fc87032c44 ffd0828bff2b77966a76a08f31e51653e0650bc048e61fc5d98f1fd35f6f2a2b
CLIENT_TRAFFIC_SECRET_0 e8a7b9e2734c1b9c4055424d0032c8d991ce7a2218dafb861ca73e40604d6258 fb172ab5d0e5720c83ef7e40c6130fcd6cd134176cab2b773fcba64603e42394
SERVER_TRAFFIC_SECRET_0 e8a7b9e2734c1b9c4055424d0032c8d991ce7a2218dafb861ca73e40604d6258 4fe1d4cdd2fb48358f3c89f1505a409e0a075dc7b09ab41bd5d8d95e08a12b6d
EXPORTER_SECRET e8a7b9e2734c1b9c4055424d0032c8d991ce7a2218dafb861ca73e40604d6258 90ed34a678a408983d6628254f89a574ae87220a6c9cb1aeec174733154bf728
CLIENT_TRAFFIC_SECRET_0 25c08e544835cd18f1d39ed7aeb9f23483f02a0f18061be6df6ddc5dddd25ad5 5f31d52e7103b88b0dfe6a3b3238c3402ae96213af51039707f308cf55ea8646
SERVER_TRAFFIC_SECRET_0 25c08e544835cd18f1d39ed7aeb9f23483f02a0f18061be6df6ddc5dddd25ad5 a528a00032c81da7217b8c0d020ceeb075b52662b0e8cf148b8302654808a1e8
EXPORTER_SECRET 25c08e544835cd18f1d39ed7aeb9f23483f02a0f18061be6df6ddc5dddd25ad5 f59173a22bfce46dc30bc8f07bd97f01920bccf9f3611cfb9389c7bedd9e3734
