CLIENT_HANDSHAKE_TRAFFIC_SECRET f7a848c2df18ae4a4c0297650821b0368e61903e649ff5880ff06b8a36568091 32b3acd70f46234387a4b73f7f0ed92b6895892b407398d4f2d359f93ecfcb8a
SERVER_HANDSHAKE_TRAFFIC_SECRET f7a848c2df18ae4a4c0297650821b0368e61903e649ff5880ff06b8a36568091 1a0c9164542ff1c6bdb43c35a9252d9140083f7b3308188cb1d8c8ebb0a6d35b
CLIENT_TRAFFIC_SECRET_0 f7a848c2df18ae4a4c0297650821b0368e61903e649ff5880ff06b8a36568091 eb276950c007211d30c2d64c6babfed78c04cf1808e0c29710a531ca5d9e834d
SERVER_TRAFFIC_SECRET_0 f7a848c2df18ae4a4c0297650821b0368e61903e649ff5880ff06b8a36568091 d8076026d7c4b82cfa2c937f5e8da7eed2ce1c513255c053c47ccd50a2fec946
EXPORTER_SECRET f7a848c2df18ae4a4c0297650821b0368e61903e649ff5880ff06b8a36568091 8f00af59c8ceccbfc5e87301145fcf2b51f08b71d8988da06c0918c8fce33932
CLIENT_HANDSHAKE_TRAFFIC_SECRET 045a1a9b657c52af08ab1e98fa2365b226ce2017364b272b8520fed383581db0 4062fe91d340b5d86854ef646f901250551a95ebb26f48ed32dfd0442cc957a8
SERVER_HANDSHAKE_TRAFFIC_SECRET 045a1a9b657c52af08ab1e98fa2365b226ce2017364b272b8520fed383581db0 2836a71ae0080dac756083b377e62471e54c5ad1921eb4b64ed453ba592b22b0
CLIENT_HANDSHAKE_TRAFFIC_SECRET c24c4b53a92b68b70bc2175ec2655878844f7d7e7138fb87b018f853bab9a59b 17e4ce4e0b53662fc4184cfaa72a847744e9b717281a1fe03f80f9291ef8dc1c
SERVER_HANDSHAKE_TRAFFIC_SECRET c24c4b53a92b68b70bc2175ec2655878844f7d7e7138fb87b018f853bab9a59b 1e18e69210ca739b101c890746ed82ab814de111f9135786d47fa05694ab1f8b
CLIENT_HANDSHAKE_TRAFFIC_SECRET ceb12e64df63d1e1537176fe284f5e7f00cd247f5c5a9d3cd536e088234f9214 2a151ec1ef669d7f6a498d01f4a0bc02c6c12fca46f16213165f94d3ac01c503
SERVER_HANDSHAKE_TRAFFIC_SECRET ceb12e64df63d1e1537176fe284f5e7f00cd247f5c5a9d3cd536e088234f9214 21c8ab313fc7647591bbc3bfc20608e4624fa03937814e4846f8991c487d7d9d
CLIENT_HANDSHAKE_TRAFFIC_SECRET 81383ae83c17be76434e885cdd16d6174b2d92a2038292046cedbc6de6a03059 7d95c3b808c1a8d60d3f90c83cb9641d0e8c540473c795e6a8da79aa81dd4391
SERVER_HANDSHAKE_TRAFFIC_SECRET 81383ae83c17be76434e885cdd16d6174b2d92a2038292046cedbc6de6a03059 e6c055419d553934f8dff95ab10a70fa60120ba9d33203cb08b1deb61e27215f
CLIENT_HANDSHAKE_TRAFFIC_SECRET f0af510145699f8316e1b3bf52fa6d8912ee5de578a4b96040d96a1f41ed9ec1 0f7841c42423bec06cbd47dbca388f4b2f39856b16d413348454bdbc8a19d177
SERVER_HANDSHAKE_TRAFFIC_SECRET f0af510145699f8316e1b3bf52fa6d8912ee5de578a4b96040d96a1f41ed9ec1 62eda7bd25e78b234a3cef9171345c588918c4e4c73e62231cb3840e2f7ca43a
CLIENT_HANDSHAKE_TRAFFIC_SECRET 62a80efd152289e6ea84716a31fb7f9728fdfb4a23e6cb39884308fa2bfa9d71 059d27e322c73f3c7776cb20ee4e475a8e1922971cad9b8cb6fb0d0e12aa3cd5
SERVER_HANDSHAKE_TRAFFIC_SECRET 62a80efd152289e6ea84716a31fb7f9728fdfb4a23e6cb39884308fa2bfa9d71 f23443e7b5ea21c4f8c1dafaef091311d14be7238c12fc8672dd9a89650a3ba4
CLIENT_HANDSHAKE_TRAFFIC_SECRET 779d5506050fb0d0e1a6d631ec778d1cdd012fd4c7cf16c908629a168bdce38f 1c01f638a0c61a07a1e98d07c4253afd065adc6082a97d62eb32866ebf7d21b7
SERVER_HANDSHAKE_TRAFFIC_SECRET 779d5506050fb0d0e1a6d631ec778d1cdd012fd4c7cf16c908629a168bdce38f 7bad17e3e3ad9daa758311c33a350abe7d4535a6111415d8b75824435c87e4f7
CLIENT_HANDSHAKE_TRAFFIC_SECRET 48d8b5087d73f1cab4b9360db3d386369840298a1506c1c39715a8f9dc993743 918c381882ced522d02309aee514b2c01e4840779ac9fc8d6203d1a7e44772b9
SERVER_HANDSHAKE_TRAFFIC_SECRET 48d8b5087d73f1cab4b9360db3d386369840298a1506c1c39715a8f9dc993743 52ab5954b957adefe81453ef804df65eafbf619032173096727b838fdcbf1892
CLIENT_HANDSHAKE_TRAFFIC_SECRET 342de49f8c038929a15ed600afb7310fd0e215945ad47f9c499b2e5108ead369 08a0d0322b6750612c28c5789aca04344eb1d672829f36371221df91e286d453
SERVER_HANDSHAKE_TRAFFIC_SECRET 342de49f8c038929a15ed600afb7310fd0e215945ad47f9c499b2e5108ead369 1648367a713486d91e950dfd638be98b5968dc2da43a4946f85b46b53e164ebc
CLIENT_HANDSHAKE_TRAFFIC_SECRET 75810ea471df46e48191decc12210ea5836c32e4ebeeb31590e374a873be7fcd dc5966d0b5dd20acd7d2de552e5eac0a59a2810448bcd05319ce0782a3e4fb1b
SERVER_HANDSHAKE_TRAFFIC_SECRET 75810ea471df46e48191decc12210ea5836c32e4ebeeb31590e374a873be7fcd 660a41cef1467fd474b0616d0d2bb25e55bda198cf875a199bd3a00ecb012d4d
CLIENT_HANDSHAKE_TRAFFIC_SECRET e13d03dd00b63c8dc37056b948095e6dcf180b67d5798baa7f7d0de09b06ed62 488254454b7feb1e433c008df679f2cdc8b07078dbe4024fd8068a1424344614
SERVER_HANDSHAKE_TRAFFIC_SECRET e13d03dd00b63c8dc37056b948095e6dcf180b67d5798baa7f7d0de09b06ed62 753878f06ccd271deb29e0c9e99e9c5285a71c562cfeef543665d026e78574e9
CLIENT_TRAFFIC_SECRET_0 045a1a9b657c52af08ab1e98fa2365b226ce2017364b272b8520fed383581db0 88d010332b4a712c595147175b65e9e6cfb306ef0c665b7348ec451e97be4181
SERVER_TRAFFIC_SECRET_0 045a1a9b657c52af08ab1e98fa2365b226ce2017364b272b8520fed383581db0 bcb62542b1954bc84c658af09f9efd0bc349a13bbeddc048c9a48afa7df9c751
EXPORTER_SECRET 045a1a9b657c52af08ab1e98fa2365b226ce2017364b272b8520fed383581db0 3a2aff6c90caa209132d6f2a77165d8d65ae638876ffdfa8f7923d6a88a71ab9
CLIENT_TRAFFIC_SECRET_0 c24c4b53a92b68b70bc2175ec2655878844f7d7e7138fb87b018f853bab9a59b f2d55cd6ed3a6923eb9a7915e9e1d691f7a32318f7c965ecb27f63e7d4fae9d3
SERVER_TRAFFIC_SECRET_0 c24c4b53a92b68b70bc2175ec2655878844f7d7e7138fb87b018f853bab9a59b b866e4ffcb51820e91d4af1c4fb6126b53e4d008e2d07b3bf52d73301267adb2
EXPORTER_SECRET c24c4b53a92b68b70bc2175ec2655878844f7d7e7138fb87b018f853bab9a59b d698a768572d69834c567cce854c962a425c964b7c7b9878a2bf3b62a746a458
CLIENT_TRAFFIC_SECRET_0 ceb12e64df63d1e1537176fe284f5e7f00cd247f5c5a9d3cd536e088234f9214 5f478b6766fbc16bb84a8221013bc312adbc85c81aee04eec516deef3eebde25
SERVER_TRAFFIC_SECRET_0 ceb12e64df63d1e1537176fe284f5e7f00cd247f5c5a9d3cd536e088234f9214 55b4a0b4e607f8f4d9ae435b679f18162c5a83468cabe672f89cb96c5ae18cb7
EXPORTER_SECRET ceb12e64df63d1e1537176fe284f5e7f00cd247f5c5a9d3cd536e088234f9214 4927e7b5f4cc3b7c0475af93e857ceebd4d5cda317bd459ab5e60a3f5eef7b1c
CLIENT_TRAFFIC_SECRET_0 f0af510145699f8316e1b3bf52fa6d8912ee5de578a4b96040d96a1f41ed9ec1 b095ba4a2fa8f948a73d19bfb7bcaf35706ddbc2093173fcd59eb9e7fc5772fb
SERVER_TRAFFIC_SECRET_0 f0af510145699f8316e1b3bf52fa6d8912ee5de578a4b96040d96a1f41ed9ec1 cc8e87caedab015a174d0456ef96ee7d28b7fc4e9f62222c0e8b0f425b2b53a9
EXPORTER_SECRET f0af510145699f8316e1b3bf52fa6d8912ee5de578a4b96040d96a1f41ed9ec1 4e458743cca432ddf8b5af2f478f883147a1eef2e49275944c31805a9d4fb8fd
CLIENT_TRAFFIC_SECRET_0 81383ae83c17be76434e885cdd16d6174b2d92a2038292046cedbc6de6a03059 ed32ebf36560e39749ae6b0df379d76e37ca85fbad1e4576cd44ef047e7a1b90
SERVER_TRAFFIC_SECRET_0 81383ae83c17be76434e885cdd16d6174b2d92a2038292046cedbc6de6a03059 eb3c3298e549e20a7df40c55c4aac56cdabc6629b065d9fabdd8d737e7a23edc
EXPORTER_SECRET 81383ae83c17be76434e885cdd16d6174b2d92a2038292046cedbc6de6a03059 061aa920b1067138a23ac5813626e0461fcc84ab8a0f1fd1fc3fd9137528a4de
CLIENT_HANDSHAKE_TRAFFIC_SECRET 4d72311d6777cbb1f52d3a37b5e3949843afe721a31bfd04f597dbfc40365785 481b580e8b5a9e219760e3483dbd5447897149abeb38a7520e6cb6a29f2ea241
SERVER_HANDSHAKE_TRAFFIC_SECRET 4d72311d6777cbb1f52d3a37b5e3949843afe721a31bfd04f597dbfc40365785 2f0fb4f9b7a7505b6d8bf3374be66a381298f578b32316d8548dc78c78c8baf4
CLIENT_TRAFFIC_SECRET_0 779d5506050fb0d0e1a6d631ec778d1cdd012fd4c7cf16c908629a168bdce38f 67732bc136ef2ebf7e7c8ae80e2e3204c74455ef4f94efbd63630a12e52a1ee8
CLIENT_TRAFFIC_SECRET_0 62a80efd152289e6ea84716a31fb7f9728fdfb4a23e6cb39884308fa2bfa9d71 4bdad7d05a0512cf6e43dbd0388bc72e0ba40381b6e6f18c37d716d8d891498e
SERVER_TRAFFIC_SECRET_0 779d5506050fb0d0e1a6d631ec778d1cdd012fd4c7cf16c908629a168bdce38f aeb56399f747dee3693778900d43b160c6bc89e63f40c38a44523893362f09b9
SERVER_TRAFFIC_SECRET_0 62a80efd152289e6ea84716a31fb7f9728fdfb4a23e6cb39884308fa2bfa9d71 df97619682eced1bb1c3febf6a7305c3ca15b810360be36ee90911432e251eff
EXPORTER_SECRET 779d5506050fb0d0e1a6d631ec778d1cdd012fd4c7cf16c908629a168bdce38f 978d24fed7f15bf7c608f47cb1ecbe29211f7d6a1946f8f02eae6ccfe1f07764
EXPORTER_SECRET 62a80efd152289e6ea84716a31fb7f9728fdfb4a23e6cb39884308fa2bfa9d71 b5069c96df6c5d3266f7f883e95a56d14628a2c4601f4a224d69012a0136b440
CLIENT_TRAFFIC_SECRET_0 48d8b5087d73f1cab4b9360db3d386369840298a1506c1c39715a8f9dc993743 47e81c6607dbc6ae6f55434299c079d572388429aea267becebe6e94ef701591
SERVER_TRAFFIC_SECRET_0 48d8b5087d73f1cab4b9360db3d386369840298a1506c1c39715a8f9dc993743 52ea12da150f6771da3c08088959321d02c49858a2e710cce2ad9e879f905027
EXPORTER_SECRET 48d8b5087d73f1cab4b9360db3d386369840298a1506c1c39715a8f9dc993743 96d3a7afa5d4a9ab082c19825e004e5a55a44a197c1c6f700448812f726eba34
CLIENT_TRAFFIC_SECRET_0 75810ea471df46e48191decc12210ea5836c32e4ebeeb31590e374a873be7fcd beb693ebd85b953e0b303f2eeeae6cc41ab8e0a5e2cd29bac3202dabe71e1e74
SERVER_TRAFFIC_SECRET_0 75810ea471df46e48191decc12210ea5836c32e4ebeeb31590e374a873be7fcd 55aa1a54c1e39c57a53425009724fa0dfa31da4d05fdfbfe10095c726f6b4f9c
EXPORTER_SECRET 75810ea471df46e48191decc12210ea5836c32e4ebeeb31590e374a873be7fcd 0c4abf39020b5145122e8d04e4bfe7442f84130248493a799cbf61b26753cfb9
CLIENT_TRAFFIC_SECRET_0 e13d03dd00b63c8dc37056b948095e6dcf180b67d5798baa7f7d0de09b06ed62 c0684b9103f7bc2cf79932e666da94ab1084ab94c21f055d32a0a7721955a240
SERVER_TRAFFIC_SECRET_0 e13d03dd00b63c8dc37056b948095e6dcf180b67d5798baa7f7d0de09b06ed62 8430e0b5b6a92ce28f0d05f43220a0aa5533358cf65111f3a4f6b97bd6224302
EXPORTER_SECRET e13d03dd00b63c8dc37056b948095e6dcf180b67d5798baa7f7d0de09b06ed62 5a6087769803dce3b7c3e72387f4fbc999a1d188ee741da2788ee0ba778a4f81
CLIENT_TRAFFIC_SECRET_0 342de49f8c038929a15ed600afb7310fd0e215945ad47f9c499b2e5108ead369 28a4560441fe5f30298603f33c367e1de576893a09c66e3bc7f4649da6b62fe2
SERVER_TRAFFIC_SECRET_0 342de49f8c038929a15ed600afb7310fd0e215945ad47f9c499b2e5108ead369 83b989b136753001f4dcbda3cf86671ca342f235e41dae27f14e2afcd43b4c6e
EXPORTER_SECRET 342de49f8c038929a15ed600afb7310fd0e215945ad47f9c499b2e5108ead369 517df2538e2818c1aa6391c672c577f33db4fb14b39901c72d1d954d1aec3130
CLIENT_TRAFFIC_SECRET_0 4d72311d6777cbb1f52d3a37b5e3949843afe721a31bfd04f597dbfc40365785 89de8596c4f2e0d637a353a54ef4319c8219d034971576ffb0dfef1ed8358e33
SERVER_TRAFFIC_SECRET_0 4d72311d6777cbb1f52d3a37b5e3949843afe721a31bfd04f597dbfc40365785 0d12e7b5e70b438e9db52c5766f5cf5dcb0d9abf9ae086eec96a09640d589ac2
EXPORTER_SECRET 4d72311d6777cbb1f52d3a37b5e3949843afe721a31bfd04f597dbfc40365785 23217e522af864d6c17802873508ccee46995172eb71d5fff164d74df660c204
