CLIENT_HANDSHAKE_TRAFFIC_SECRET 0c17ea5b1957f26dd34b3c111b8fc41bfbdadbe271730171957ff11b0bdf5383 241a385458b11f0fb47720166596b557c622408f50899b6a359f0d5ba088330e
SERVER_HANDSHAKE_TRAFFIC_SECRET 0c17ea5b1957f26dd34b3c111b8fc41bfbdadbe271730171957ff11b0bdf5383 958dbd2192a588d957ca28b713417a90dce71f65fae40d3fcbdfbafa96083004
CLIENT_TRAFFIC_SECRET_0 0c17ea5b1957f26dd34b3c111b8fc41bfbdadbe271730171957ff11b0bdf5383 93dba6c2407dd615916aa1332c76707bfcf5ad36fa6394fd80a4e7489d8f580e
SERVER_TRAFFIC_SECRET_0 0c17ea5b1957f26dd34b3c111b8fc41bfbdadbe271730171957ff11b0bdf5383 ff1a298d61029f80ac02b278b95ac1346b6f9daff7e55d119e455b1503e3b602
EXPORTER_SECRET 0c17ea5b1957f26dd34b3c111b8fc41bfbdadbe271730171957ff11b0bdf5383 c234a55e96f6e950b5a2d453c3d2e7d6754a36ccfa656d5e065182532e8ec95b
CLIENT_HANDSHAKE_TRAFFIC_SECRET eba431b233ebc663f86e20747dd9827c062d5c7fa778c292a21712067278c231 c05ca4a8ad698e1ef14e4846797b486a151da8918ce65df8ae248f28eeda7a83
SERVER_HANDSHAKE_TRAFFIC_SECRET eba431b233ebc663f86e20747dd9827c062d5c7fa778c292a21712067278c231 859d922d939f10675d11cfabbc49b0d9630252afeaa7fba426519a74f4a05fb2
CLIENT_HANDSHAKE_TRAFFIC_SECRET 883af641a974be7922a8e7c4e8cfb78a2553b3ce3d9ed963aea443cccf5e50df abc10a4b985ed703c3b3a1452709e3719c51c1c1d8220892b9238c0f0e63540c
CLIENT_HANDSHAKE_TRAFFIC_SECRET 123ba92f473f47fbcff597f0630f76bafb1ca618dace6520543fc4353c991ee6 ce5dbb1b1a15415e4d6f1fb76f9461c814b2e2b9cfba4e3e24cc85c582654a6d
SERVER_HANDSHAKE_TRAFFIC_SECRET 883af641a974be7922a8e7c4e8cfb78a2553b3ce3d9ed963aea443cccf5e50df 8788c5847a6e56b9c71930007f14f8d4686031373acfc68fc5847f419ba521f1
SERVER_HANDSHAKE_TRAFFIC_SECRET 123ba92f473f47fbcff597f0630f76bafb1ca618dace6520543fc4353c991ee6 97b92ca02c1420974d56ec4e890ae198b5c5eb3876e5d2cf59149316a4e8ca22
CLIENT_HANDSHAKE_TRAFFIC_SECRET e06808c48fe002761e3a70612b9265c74227f9ecd239b55d7b2e7bc891ffebdc 495d738fd6af66fde7604092cbff9bbbb020b7e7bebae92259dbbbd1780f2ad9
SERVER_HANDSHAKE_TRAFFIC_SECRET e06808c48fe002761e3a70612b9265c74227f9ecd239b55d7b2e7bc891ffebdc 4da64f0c97100f980dd30ba94291c6763ecec7def2faaa379b1acfd18ab5ee8e
CLIENT_HANDSHAKE_TRAFFIC_SECRET c05af2d26c8be7733e4028db5be3f2b31676d71efc4ac752d08bd36a3ec33c67 6b36e4e518d10f32a30c723cb4f1076b4c766e333efe6084d80fd458b4173098
SERVER_HANDSHAKE_TRAFFIC_SECRET c05af2d26c8be7733e4028db5be3f2b31676d71efc4ac752d08bd36a3ec33c67 ce0d42953ddc6d1712cfad844b939b524acf67697ccf32d9bc94604dc918f958
CLIENT_HANDSHAKE_TRAFFIC_SECRET c023368ee7890ac6db6b4e6a1dea7d5ebd2211971d5a8c642bcb8605bd25c720 3032efe56703d8e659ad3dcb4f0be72772935105de7d02908d56c3d8e38710d4
SERVER_HANDSHAKE_TRAFFIC_SECRET c023368ee7890ac6db6b4e6a1dea7d5ebd2211971d5a8c642bcb8605bd25c720 a855e1ddf5f90ad348ce122c33f98f799c8829c170a1fda92cb32ee6147b13a9
CLIENT_TRAFFIC_SECRET_0 eba431b233ebc663f86e20747dd9827c062d5c7fa778c292a21712067278c231 ee3c06b6f5f7c05eb257e1a30026c1c323422b2ccbdcb6035ce1908df8292076
SERVER_TRAFFIC_SECRET_0 eba431b233ebc663f86e20747dd9827c062d5c7fa778c292a21712067278c231 ad535b1d5eb32d6ee7de176d75a11e7129d30b53698918b9aa7f0d7462bee859
EXPORTER_SECRET eba431b233ebc663f86e20747dd9827c062d5c7fa778c292a21712067278c231 a51545458aa49cb9ef6462307faeed7f04d7a104314a6a59611db19dc7454301
CLIENT_TRAFFIC_SECRET_0 123ba92f473f47fbcff597f0630f76bafb1ca618dace6520543fc4353c991ee6 463dba0b95d0c387d0acab40f3bd7a6d15c23fc485f27f12b38e9795c960d310
SERVER_TRAFFIC_SECRET_0 123ba92f473f47fbcff597f0630f76bafb1ca618dace6520543fc4353c991ee6 53876430be537f02b09e2cd4993361b8b85167445b1b2910f4810a77255e8644
CLIENT_TRAFFIC_SECRET_0 883af641a974be7922a8e7c4e8cfb78a2553b3ce3d9ed963aea443cccf5e50df c9ff30fb3cf393bee5552e0a07194f20c99868e6dc7daab975305dc93c896544
EXPORTER_SECRET 123ba92f473f47fbcff597f0630f76bafb1ca618dace6520543fc4353c991ee6 043f7b22af4497ac22ccaa2383ffb460084c065f98818e8926b72e52bc9ac7a1
SERVER_TRAFFIC_SECRET_0 883af641a974be7922a8e7c4e8cfb78a2553b3ce3d9ed963aea443cccf5e50df 22c9dee80addb528012989cc0865c2e4407eb86e6d647ec62fc5f77f766949e6
EXPORTER_SECRET 883af641a974be7922a8e7c4e8cfb78a2553b3ce3d9ed963aea443cccf5e50df de8dc07eeec3001d9b8b9aaad07fa5c3afc6b1ee25b90937576f3d89a1fa87ac
CLIENT_TRAFFIC_SECRET_0 e06808c48fe002761e3a70612b9265c74227f9ecd239b55d7b2e7bc891ffebdc 7cf42f7fd7b06a67b8db49c262bc0080a3165a511657a52e53b6047e30b65501
SERVER_TRAFFIC_SECRET_0 e06808c48fe002761e3a70612b9265c74227f9ecd239b55d7b2e7bc891ffebdc 9c57efdb2ea823d2442c71d48795f85db5d222936163a427a1e6f8c8d7e3f632
EXPORTER_SECRET e06808c48fe002761e3a70612b9265c74227f9ecd239b55d7b2e7bc891ffebdc 096486647a045ca624f758abde884979b6acdc6cba04bad6a67c859f9e9e1cac
CLIENT_TRAFFIC_SECRET_0 c05af2d26c8be7733e4028db5be3f2b31676d71efc4ac752d08bd36a3ec33c67 f3fe4770bca40a94b82d946bd28e6f75b1aed92fffc8d110dd9c5d2c9a7454f4
SERVER_TRAFFIC_SECRET_0 c05af2d26c8be7733e4028db5be3f2b31676d71efc4ac752d08bd36a3ec33c67 ba352759e82002afd7361badcc4c0b7104f359187eae697ec3ce5a0f379f7fc8
EXPORTER_SECRET c05af2d26c8be7733e4028db5be3f2b31676d71efc4ac752d08bd36a3ec33c67 e371c3abcc6c86edc7266d990cb5f30988479c3e3d97afbe42addf6bb32c0b43
CLIENT_TRAFFIC_SECRET_0 c023368ee7890ac6db6b4e6a1dea7d5ebd2211971d5a8c642bcb8605bd25c720 a27308e8fdc84bfed90504f0eee8232062a04d91ba90dbcfe4907b069b701284
SERVER_TRAFFIC_SECRET_0 c023368ee7890ac6db6b4e6a1dea7d5ebd2211971d5a8c642bcb8605bd25c720 62976ba261dc7d8905ed4469f999c7efe4a862727f04d997f57d8032272395ee
EXPORTER_SECRET c023368ee7890ac6db6b4e6a1dea7d5ebd2211971d5a8c642bcb8605bd25c720 26bdbd9741ff3d1ebbd17d94672e48d445a763f763cc151f749add0248d88238
CLIENT_HANDSHAKE_TRAFFIC_SECRET 2b851405c179d6f260a00a710883971e3fd5e84f4090088bd99c66dbb8455775 d220fc897956b41796d885e557a32ed6a02b45b74c1652a1ef41ef182913fc12
SERVER_HANDSHAKE_TRAFFIC_SECRET 2b851405c179d6f260a00a710883971e3fd5e84f4090088bd99c66dbb8455775 043e08a0ee3218095d34fea08ecd396a1f55c36aecef45d993596f9eb8e3b5ca
CLIENT_TRAFFIC_SECRET_0 2b851405c179d6f260a00a710883971e3fd5e84f4090088bd99c66dbb8455775 028d2c7cbb38e5fa2e8cd21f84c91f21cf91a0552c48939023a84d8ae34fb53e
SERVER_TRAFFIC_SECRET_0 2b851405c179d6f260a00a710883971e3fd5e84f4090088bd99c66dbb8455775 82f022afc736a6f7d085840781b50bdca27c43f4844149e9edba05938b1dbdc5
EXPORTER_SECRET 2b851405c179d6f260a00a710883971e3fd5e84f4090088bd99c66dbb8455775 5f7b3ab2e9c45b0b7de250095571130eb7db2db4df000a6f93886f0d38624fae
