CLIENT_HANDSHAKE_TRAFFIC_SECRET feb63835fa4b54990cc5d294a9a7236eca6e3147b910ee47368a43b4328d13cf 024a8dddf56b3aea49077c20885cf427a5aa8c2f2175ceb70ba297b17a2a0468
SERVER_HANDSHAKE_TRAFFIC_SECRET feb63835fa4b54990cc5d294a9a7236eca6e3147b910ee47368a43b4328d13cf e22e797026220fae58e97f60c372b9c4fda336b4f010b1054d7eb5d93c5e7134
CLIENT_TRAFFIC_SECRET_0 feb63835fa4b54990cc5d294a9a7236eca6e3147b910ee47368a43b4328d13cf ce05014bbb030af9b0301ef6be9a0fabd74e4451fa0e8df2d12ea9b93fad507c
SERVER_TRAFFIC_SECRET_0 feb63835fa4b54990cc5d294a9a7236eca6e3147b910ee47368a43b4328d13cf 9c41eb500560c22a150229ea5401acdb5022b5ed529f2d7f2af2fd1f2b50bb0e
EXPORTER_SECRET feb63835fa4b54990cc5d294a9a7236eca6e3147b910ee47368a43b4328d13cf 19ed08b025f5570d295528c8f922669b85bf0cb054addbfe4ac26637fb48b564
CLIENT_HANDSHAKE_TRAFFIC_SECRET 299faad7f1fa487535f03bd65a564735e5ceaf52be829c726d7eb775326f3305 19e7ef8c3112a7b7502eae9d66df21c4e7f41b6c1bbb8134d3c7864a3af2e976
SERVER_HANDSHAKE_TRAFFIC_SECRET 299faad7f1fa487535f03bd65a564735e5ceaf52be829c726d7eb775326f3305 3722495d0b5d2764a285fe0f0abcc82a669dd8e623e49d28c4a0ae41b3965dba
CLIENT_HANDSHAKE_TRAFFIC_SECRET 9c9ca0f4ae2b92d65bdae80dd9895830bfde390b425683e3a6b5e8dc0136233e 24edefd034bf3a1622d2b82ed96065fb5b2e90bd9ac750ca20bce1e0aaab5c2d
SERVER_HANDSHAKE_TRAFFIC_SECRET 9c9ca0f4ae2b92d65bdae80dd9895830bfde390b425683e3a6b5e8dc0136233e 93504ff21b082afc1d597b0e0058e9bffa65e173791367eeb6f20d38fdab927d
CLIENT_HANDSHAKE_TRAFFIC_SECRET df4af66e5c462da6ca30048fc72113144283ae62eb980c4f1703ebb98ac577ee 8168f80017bb0b9b71f68de2827606abae07ba84f2f8b527cdca39b51086bea3
SERVER_HANDSHAKE_TRAFFIC_SECRET df4af66e5c462da6ca30048fc72113144283ae62eb980c4f1703ebb98ac577ee 78a74c20aa396d03e1efa53c3d8721d5d5e90eaa10ce60b2ec29a4c0d043cea2
CLIENT_TRAFFIC_SECRET_0 299faad7f1fa487535f03bd65a564735e5ceaf52be829c726d7eb775326f3305 44416e702829c9a1ea8adf20d86cab6f668066de2645a865fdf1751464690647
SERVER_TRAFFIC_SECRET_0 299faad7f1fa487535f03bd65a564735e5ceaf52be829c726d7eb775326f3305 51764a655c988d9d704b2db5d915cb76ea4f8861817e4fd89fc5ebfb6d29bf8b
EXPORTER_SECRET 299faad7f1fa487535f03bd65a564735e5ceaf52be829c726d7eb775326f3305 1b2d5fb52516eaa8074f75c9bae83159495703c8bc6d87a1388ad52b3747f4cd
CLIENT_TRAFFIC_SECRET_0 9c9ca0f4ae2b92d65bdae80dd9895830bfde390b425683e3a6b5e8dc0136233e 2904b8bea25f4f3598c12340495d443adcad9fafb0f9f50fa3783a9d166d69d3
SERVER_TRAFFIC_SECRET_0 9c9ca0f4ae2b92d65bdae80dd9895830bfde390b425683e3a6b5e8dc0136233e dc8dc856f25bea11f9e8080fc2dc8be0bf1bdca6ff1a1c2c0e732b2389b196a1
EXPORTER_SECRET 9c9ca0f4ae2b92d65bdae80dd9895830bfde390b425683e3a6b5e8dc0136233e 298f5e7b903ab6636ad4777d507a6e87850bb7f6b0c33e53778de08d2fe5ffbb
CLIENT_TRAFFIC_SECRET_0 df4af66e5c462da6ca30048fc72113144283ae62eb980c4f1703ebb98ac577ee 83525d63337b802df5703900f150e8616eb5d4ef1ba80c6c9b8147d548b074f3
SERVER_TRAFFIC_SECRET_0 df4af66e5c462da6ca30048fc72113144283ae62eb980c4f1703ebb98ac577ee 413373c282701f13a4e60f02c5552d1d4f74d08afc398eefa85fd651212b5848
EXPORTER_SECRET df4af66e5c462da6ca30048fc72113144283ae62eb980c4f1703ebb98ac577ee 1a078dd9b5ac3ff38f44e3950f9073f34ed47912e38075a507cb2d40fb614a55
