CLIENT_HANDSHAKE_TRAFFIC_SECRET 442f8d258fe63fb7ab3cb65003e4ff53a73ced7d04f7486593d89e2e2d7ac72e 9e49e1cb3f3933323bb31db2cfe7d7bbbc0b5e168315e0c146082d6358dcaa90
SERVER_HANDSHAKE_TRAFFIC_SECRET 442f8d258fe63fb7ab3cb65003e4ff53a73ced7d04f7486593d89e2e2d7ac72e 807765e29effc0bac364072ccc6bf186ec4d56688f55ab09926880080d36d15c
CLIENT_TRAFFIC_SECRET_0 442f8d258fe63fb7ab3cb65003e4ff53a73ced7d04f7486593d89e2e2d7ac72e 15cf2543575cddcdb3c24e32dc554551900e847856b350fa82a6652060e0c46f
SERVER_TRAFFIC_SECRET_0 442f8d258fe63fb7ab3cb65003e4ff53a73ced7d04f7486593d89e2e2d7ac72e 1b729ea1c41de47b9a8c815885d80f05ca4034544c06446fbad894adb666c324
EXPORTER_SECRET 442f8d258fe63fb7ab3cb65003e4ff53a73ced7d04f7486593d89e2e2d7ac72e 034413a0d01bdc6e9f4d87896d48cfdbcc2aa37c4a25ceddfee37923f52149e3
CLIENT_HANDSHAKE_TRAFFIC_SECRET 00962852b17d308f589e9bd816bbafb5e79d490141c06cd10bc54c87bb1139b6 264a201cfc863b7e7263bf50d2c461bf7ca1cd295f3c36c282191cc7b4c7630f
SERVER_HANDSHAKE_TRAFFIC_SECRET 00962852b17d308f589e9bd816bbafb5e79d490141c06cd10bc54c87bb1139b6 5573dce9f20367e65589c2870086f919e54ebd36d748b2adc9fc8eb76821356e
CLIENT_TRAFFIC_SECRET_0 00962852b17d308f589e9bd816bbafb5e79d490141c06cd10bc54c87bb1139b6 efe3aa1cf8872e44bcc8f9b3c2de553855e4bc37f5574161c01ee70b11203f46
SERVER_TRAFFIC_SECRET_0 00962852b17d308f589e9bd816bbafb5e79d490141c06cd10bc54c87bb1139b6 946b7b4d806da2d87c7b1f301a01bf23c1ebb15b931ad6aeddb67bf2854ae1c9
EXPORTER_SECRET 00962852b17d308f589e9bd816bbafb5e79d490141c06cd10bc54c87bb1139b6 f1bb2eb8891d9f83b52a9d273c560142398bac7fb4b22be59455b1bcca1a71ef
CLIENT_HANDSHAKE_TRAFFIC_SECRET fed778aa4ea0b4f4a39973cd5a1090dc3990423cf042215779e03b094c7dd38f 2dee1b3e8eed9039b71a5485d8dda4f6a2c45ef4509c6f5845eccf679d1f6d42
SERVER_HANDSHAKE_TRAFFIC_SECRET fed778aa4ea0b4f4a39973cd5a1090dc3990423cf042215779e03b094c7dd38f ef6f376b7e92ab30e520fb0734afd02262f4f1e237745aef1a5c91ac47dfa5a5
CLIENT_HANDSHAKE_TRAFFIC_SECRET fd11cdd38c48ae7bd76e30fd2c055e49f0fc3f407a972294f71afd70d665b572 fb9fe3bdb42605a85f66ff353364ddc1fb15baf9c58e1d796319e8137512e4be
SERVER_HANDSHAKE_TRAFFIC_SECRET fd11cdd38c48ae7bd76e30fd2c055e49f0fc3f407a972294f71afd70d665b572 fdd9e8703af32ceac791609f8a06bef46e374ec33e86e4f6d6fedd8b4ba08a26
CLIENT_TRAFFIC_SECRET_0 fed778aa4ea0b4f4a39973cd5a1090dc3990423cf042215779e03b094c7dd38f 371a1e58bbb5c571889ad9f37efdfd874fcc5d5cf9521866f21b426db616c00f
SERVER_TRAFFIC_SECRET_0 fed778aa4ea0b4f4a39973cd5a1090dc3990423cf042215779e03b094c7dd38f 7b08860f2034cace37a1075a903c62e47b9a277969eeb2c07c6ff7064129d114
EXPORTER_SECRET fed778aa4ea0b4f4a39973cd5a1090dc3990423cf042215779e03b094c7dd38f 7ceed0e59feb4316f2debc4a6e0ef33863516567745f8642d7719233d9bf16bb
CLIENT_HANDSHAKE_TRAFFIC_SECRET 4d2b36823edf673027bd158076e450dcf266b61b1e298a1200492612f017f6e3 1b308364af023fee9cf19b66ea961f017110c65d7c8bea9f6e8ab3ca9c1f3ae4
SERVER_HANDSHAKE_TRAFFIC_SECRET 4d2b36823edf673027bd158076e450dcf266b61b1e298a1200492612f017f6e3 26285db3c0e176587ae93dc95da250be8598038ca0d7477e4b136ca452bbc07f
CLIENT_HANDSHAKE_TRAFFIC_SECRET 7c3667d6567b5800702bbfc605dde110849faaafdaeb0f701a4e076428caf1b5 efb9d0b453864243fe3030457aa2b7927b5ca6d23ebe7d32b4bf86b7e96fc9c1
CLIENT_HANDSHAKE_TRAFFIC_SECRET 6589f0f000acc1a7f399bde16ecb05308acacd45cc38cb1bb5f56787d2f004db 103a78c3c221d1852318600b4b58f9517333b5c76db369ef659ce622ceaa6397
SERVER_HANDSHAKE_TRAFFIC_SECRET 6589f0f000acc1a7f399bde16ecb05308acacd45cc38cb1bb5f56787d2f004db 0703a46fafc7213f20a4bd30edd004f53d20faf1211e5bdd7e7cb04d93e5acb7
SERVER_HANDSHAKE_TRAFFIC_SECRET 7c3667d6567b5800702bbfc605dde110849faaafdaeb0f701a4e076428caf1b5 9e618404da8d25e3885184b00ee2821548ea31790152654b6d5abc8442375e7e
CLIENT_TRAFFIC_SECRET_0 fd11cdd38c48ae7bd76e30fd2c055e49f0fc3f407a972294f71afd70d665b572 a29196a79daa2b75fc103253f77a8d619f12efc82507c7e372697cff3be0c206
SERVER_TRAFFIC_SECRET_0 fd11cdd38c48ae7bd76e30fd2c055e49f0fc3f407a972294f71afd70d665b572 a8c7c3635eaba44d19b7966d5ec66f5fd6a784b1c8f3a3d0f8300c75e2cd767b
EXPORTER_SECRET fd11cdd38c48ae7bd76e30fd2c055e49f0fc3f407a972294f71afd70d665b572 cb4dd3233784de12745c8067724f4fe31b14ec09087d8c988880b9c57ea6f2ec
CLIENT_TRAFFIC_SECRET_0 4d2b36823edf673027bd158076e450dcf266b61b1e298a1200492612f017f6e3 275bb18a49e7628e9712043d5a4ff9079dbf893b06e9088fd5b2151a675b80b8
SERVER_TRAFFIC_SECRET_0 4d2b36823edf673027bd158076e450dcf266b61b1e298a1200492612f017f6e3 d8dace5d0a43c04ad62d5b393c21c95ed06f7d4b2d05449af796172eac027ec1
EXPORTER_SECRET 4d2b36823edf673027bd158076e450dcf266b61b1e298a1200492612f017f6e3 73226b4e3c20e815828a895295ef8886edefc5a7ef777e68cded9cd9e5b69d3e
CLIENT_HANDSHAKE_TRAFFIC_SECRET 4aa20838f0895da38695a31308a73381a419c3bfee7ba2857eb4f7fc316b01d0 0a0a5b93ef3411b9d578a11850c13a8909f7a73d16acbc3083f1a081ce80bdea
SERVER_HANDSHAKE_TRAFFIC_SECRET 4aa20838f0895da38695a31308a73381a419c3bfee7ba2857eb4f7fc316b01d0 e002378b2584bff5f64a3c8e045713afc9ca423d023502c94013307d00e525cc
CLIENT_TRAFFIC_SECRET_0 6589f0f000acc1a7f399bde16ecb05308acacd45cc38cb1bb5f56787d2f004db 2d8b410fd3f835073ad59387964f9dac86ba0e8210d6f02164bd94191d606079
SERVER_TRAFFIC_SECRET_0 6589f0f000acc1a7f399bde16ecb05308acacd45cc38cb1bb5f56787d2f004db 602e6a3d072a3eb8aa408c17d353efb876e3cbec535ad632503148767382829c
EXPORTER_SECRET 6589f0f000acc1a7f399bde16ecb05308acacd45cc38cb1bb5f56787d2f004db c24978c819f6ae26e38ae5d852cd2dea217a4c9b54bcb20982a4921214d98f17
CLIENT_HANDSHAKE_TRAFFIC_SECRET cbdda98946cfbeeead1cfd92479039489c94828e915ced9bc5db1dd344968e9d b540014ad5d202b89fba5df3186c41c8c9e40798875c737ccee1f77cf7e8f7b7
CLIENT_TRAFFIC_SECRET_0 4aa20838f0895da38695a31308a73381a419c3bfee7ba2857eb4f7fc316b01d0 46cde4be5fbd33163506284367e6704d55da395c4ae86ed91d4bee2ef4cc940f
SERVER_HANDSHAKE_TRAFFIC_SECRET cbdda98946cfbeeead1cfd92479039489c94828e915ced9bc5db1dd344968e9d 26eb6a867695100608d66b63962ca594e6f7b604f986620de23487941b6c7867
SERVER_TRAFFIC_SECRET_0 4aa20838f0895da38695a31308a73381a419c3bfee7ba2857eb4f7fc316b01d0 0c8b088022098cebe05ac031424874df14f94c2477cde4399e23b5f7ec3fbb2e
EXPORTER_SECRET 4aa20838f0895da38695a31308a73381a419c3bfee7ba2857eb4f7fc316b01d0 e76d51c2dd2f3bb70be43690351ff7d3de3e71b273e920651f05425dab999678
CLIENT_HANDSHAKE_TRAFFIC_SECRET e987e2f77865db831b9f4736df2ff0567bcdb8904e16cd40225d03a2dcbdc690 b2e650cbe0a7e5be129acc9a20f373e85aaddcfb2a61d4659ea195a7b099dbaf
SERVER_HANDSHAKE_TRAFFIC_SECRET e987e2f77865db831b9f4736df2ff0567bcdb8904e16cd40225d03a2dcbdc690 072e6d8f68ede1d3c13a1aceeaf1dfac5263b9c6f0df13406744a4e466eacafe
CLIENT_TRAFFIC_SECRET_0 cbdda98946cfbeeead1cfd92479039489c94828e915ced9bc5db1dd344968e9d f3129ba686a4e050725631d965712d0c6bdb1d9f17a6c3788a667ee60e82f842
SERVER_TRAFFIC_SECRET_0 cbdda98946cfbeeead1cfd92479039489c94828e915ced9bc5db1dd344968e9d 5c6424de71c19f8c97c93f686e4df8bf43202db0b026558361d23bd42d8bb906
EXPORTER_SECRET cbdda98946cfbeeead1cfd92479039489c94828e915ced9bc5db1dd344968e9d d5a39e3a1381f7fcf9dc14ca776c4e31700401642a84e8ef3ad729cb3a98b528
CLIENT_HANDSHAKE_TRAFFIC_SECRET abe9cc7732481a245af63e76ef105f077e16e0282359c285b982623f90059ba2 2bfdf9cc04beae45327723256443b34ca6e203d97b73ece6979fb14c82636949
SERVER_HANDSHAKE_TRAFFIC_SECRET abe9cc7732481a245af63e76ef105f077e16e0282359c285b982623f90059ba2 e38a1828d2142407df4bc230de01f167d886ae0fb8038ab7e5fdf06381b6b1c8
CLIENT_TRAFFIC_SECRET_0 e987e2f77865db831b9f4736df2ff0567bcdb8904e16cd40225d03a2dcbdc690 9f92b194b807312da501f976067f529f0e58805ae453f5113747ae68871ebdd0
SERVER_TRAFFIC_SECRET_0 e987e2f77865db831b9f4736df2ff0567bcdb8904e16cd40225d03a2dcbdc690 316311077bb7bd33c25af910ea3cead394d222a3720054f8217ee2a1a1b133db
EXPORTER_SECRET e987e2f77865db831b9f4736df2ff0567bcdb8904e16cd40225d03a2dcbdc690 00299cb08e54ad6fea88131461aeeeead83eccec89c0fa2a05fb9aff5c3f72f9
CLIENT_TRAFFIC_SECRET_0 abe9cc7732481a245af63e76ef105f077e16e0282359c285b982623f90059ba2 5183ba28a0b70315e7542b5545e24a3169a2ea0e7ab470fa66637b620504069e
SERVER_TRAFFIC_SECRET_0 abe9cc7732481a245af63e76ef105f077e16e0282359c285b982623f90059ba2 461c41f81a0560153ad72a3d0e19b0c04559bac5f116daaa0efc901be95d25f7
CLIENT_HANDSHAKE_TRAFFIC_SECRET e094bcaf719702d5fd93e365cc8e14f81c4106734fd5e958896907046ce7192e 14ff082fa0edf59b5d57eb9d286f2f02fc30604a294e847b05a974b34cc9ec1a
SERVER_HANDSHAKE_TRAFFIC_SECRET e094bcaf719702d5fd93e365cc8e14f81c4106734fd5e958896907046ce7192e eb238ba8a5eb1e8aca6eef8485022c916562917525922a583a42577b0df3635c
EXPORTER_SECRET abe9cc7732481a245af63e76ef105f077e16e0282359c285b982623f90059ba2 c7d9da1f55272bd80326428203d088284ef4eaca511f7f8faafdaf8cb0dfee91
CLIENT_TRAFFIC_SECRET_0 e094bcaf719702d5fd93e365cc8e14f81c4106734fd5e958896907046ce7192e 30a4f204514afca90b2d76583b9417779cf11acacc6c8770b80df6a9e16c3ca1
SERVER_TRAFFIC_SECRET_0 e094bcaf719702d5fd93e365cc8e14f81c4106734fd5e958896907046ce7192e 57c2b8d6884da122fa4be7bc4e60755037de138327239a88b23c465f4c4da0ac
EXPORTER_SECRET e094bcaf719702d5fd93e365cc8e14f81c4106734fd5e958896907046ce7192e 738e08c257d26d5a29bf70062c90be53395b672a34bc0db1f55c47b1f51524f1
CLIENT_TRAFFIC_SECRET_0 7c3667d6567b5800702bbfc605dde110849faaafdaeb0f701a4e076428caf1b5 c28dfd5ba2f66fe53464c76dbb3b7dec8182ae3a2e92ddd6ab20d4a5e1adb95f
SERVER_TRAFFIC_SECRET_0 7c3667d6567b5800702bbfc605dde110849faaafdaeb0f701a4e076428caf1b5 7455563b79ddae92d73575aeba6d82a36c11ee585fd2016279e381abe0f709f0
CLIENT_HANDSHAKE_TRAFFIC_SECRET 99b311d61faa75d3f3d2f3040ed1276618a6389632a3e3f3bbbfe7415eb47b53 4d89580099a888c6a08d77c6e1631b2629dd9646e030769d64fd4c45c8bdab8f
SERVER_HANDSHAKE_TRAFFIC_SECRET 99b311d61faa75d3f3d2f3040ed1276618a6389632a3e3f3bbbfe7415eb47b53 d912ce0858b3c06b46d068bddb82ed65d5725bdaad2b0585a74d60cbd9297175
EXPORTER_SECRET 7c3667d6567b5800702bbfc605dde110849faaafdaeb0f701a4e076428caf1b5 35fcf7bc48de56151634581cd7c289c29172a034848c318d7d914d709e81aaaa
CLIENT_TRAFFIC_SECRET_0 99b311d61faa75d3f3d2f3040ed1276618a6389632a3e3f3bbbfe7415eb47b53 fa325e1673acbaac2d6eeeb2a10c956b0efb407ced1834f076fc3bf0211b60e7
SERVER_TRAFFIC_SECRET_0 99b311d61faa75d3f3d2f3040ed1276618a6389632a3e3f3bbbfe7415eb47b53 5b3f3bbd2ee079e148f89f67095cb9ead01468dae2b6701fb3ed9aa9484e0f32
EXPORTER_SECRET 99b311d61faa75d3f3d2f3040ed1276618a6389632a3e3f3bbbfe7415eb47b53 4f98a008c6ad14ff7818cd6861d2dd7ee4865b47c9150c282898f52a27e08d01
CLIENT_HANDSHAKE_TRAFFIC_SECRET 5b426825776caac4d1d05213012501ef7991486e5293ccfacac9ab76e85670cd c21b88bd160c9bdb81ceffdc782da40b35d9299811c4bac92fe7a58f1697e920
SERVER_HANDSHAKE_TRAFFIC_SECRET 5b426825776caac4d1d05213012501ef7991486e5293ccfacac9ab76e85670cd 22998fce95bb94b4ea62d728c597aadede0ceeb575d603305e8e5fbcdd3e1135
CLIENT_TRAFFIC_SECRET_0 5b426825776caac4d1d05213012501ef7991486e5293ccfacac9ab76e85670cd fe8448f5a2c49a27fa7d9a0b7c8858d7f35e47273d0c1ec0c05a5ab5a9ce7470
SERVER_TRAFFIC_SECRET_0 5b426825776caac4d1d05213012501ef7991486e5293ccfacac9ab76e85670cd 1b5b1913e2f7b69c0d58b4ea0bdcff2dfad86305a679614fbc15654497d3d39d
EXPORTER_SECRET 5b426825776caac4d1d05213012501ef7991486e5293ccfacac9ab76e85670cd 2b1aaf8fe04a546504fe511f1c0db3fbbaffefa3179a01cd0215e7d9adace0f1
CLIENT_HANDSHAKE_TRAFFIC_SECRET 582e702be097fa033c0f0a7603b2550cdf56e3b91889a1b292fc7a3d36482afa 0b08116816b8345786ea2282bba82ed593116acfd62838259575337beff532df
SERVER_HANDSHAKE_TRAFFIC_SECRET 582e702be097fa033c0f0a7603b2550cdf56e3b91889a1b292fc7a3d36482afa ad47f3158aa5a44fe44e7b8308b8c2d2ddf3bb67445fa0f34a7bcab80a388a7f
CLIENT_TRAFFIC_SECRET_0 582e702be097fa033c0f0a7603b2550cdf56e3b91889a1b292fc7a3d36482afa abbd29b75918eaed9d83727e8dc2a83a78691beef64db1b43a6f4912421809b5
SERVER_TRAFFIC_SECRET_0 582e702be097fa033c0f0a7603b2550cdf56e3b91889a1b292fc7a3d36482afa 77b78a4230e777bbd2ef740b055ce5e7201206e50862e4a0b26890f2d80d1bcc
EXPORTER_SECRET 582e702be097fa033c0f0a7603b2550cdf56e3b91889a1b292fc7a3d36482afa a6fafca7be70cf748c779569827538b9257b2cf6ba64b8510db9a04abd209348
CLIENT_HANDSHAKE_TRAFFIC_SECRET a7d1be947e0be5a4138e433c7dd000845c28682f0e9edf5fabf3727c09a6c2d7 5e43a2756db8198369da4d731a0b5f7e67c3b39980df1b34aa902f834d57be20
SERVER_HANDSHAKE_TRAFFIC_SECRET a7d1be947e0be5a4138e433c7dd000845c28682f0e9edf5fabf3727c09a6c2d7 15ab646ae549bbfc1ba1d28a4d68b44bf5b257875261291477405fc307539ebc
CLIENT_TRAFFIC_SECRET_0 a7d1be947e0be5a4138e433c7dd000845c28682f0e9edf5fabf3727c09a6c2d7 236e75e895a7b56581d75379540a6b8160591cda54e67c8568b9d0b47a42e886
SERVER_TRAFFIC_SECRET_0 a7d1be947e0be5a4138e433c7dd000845c28682f0e9edf5fabf3727c09a6c2d7 89786d2403d3d460e281e9b777a6ecc7c1b6bac441e2f53375cbf1d3254502e9
EXPORTER_SECRET a7d1be947e0be5a4138e433c7dd000845c28682f0e9edf5fabf3727c09a6c2d7 4c0d7a8493936e3fb40fb55e0629adb4f4f87255841fbded9b76dd3e96da8bb3
