CLIENT_HANDSHAKE_TRAFFIC_SECRET b17d814ed1db93ccb692e7387e9805089a5e5edc21c5e03aa1ff07f31025f558 c85c7060fc99929a1967c510bd4ed96a5a1c5c09f2486b019aa4ca3bb8c5cda4
SERVER_HANDSHAKE_TRAFFIC_SECRET b17d814ed1db93ccb692e7387e9805089a5e5edc21c5e03aa1ff07f31025f558 0a4c19bbec7fd4eed7cc82034a2de53e9500b7fb89235fb800e595a66e4b8698
CLIENT_TRAFFIC_SECRET_0 b17d814ed1db93ccb692e7387e9805089a5e5edc21c5e03aa1ff07f31025f558 b4dc897fdedcbd173b7ff7ac01bef5d2cdb2c9d397505ffa5c6f20391f1c9564
SERVER_TRAFFIC_SECRET_0 b17d814ed1db93ccb692e7387e9805089a5e5edc21c5e03aa1ff07f31025f558 8d7eed0de0fe22006af5ce78d247d863d04609b9f5d5010a3c3c6f4836a9ddc3
EXPORTER_SECRET b17d814ed1db93ccb692e7387e9805089a5e5edc21c5e03aa1ff07f31025f558 5f6a0f88c31590a7cfdddb2ab7a5cdd564b4321447cf1cf294be0d634d9a9507
CLIENT_HANDSHAKE_TRAFFIC_SECRET c5e9344f4638a1d6fc6c5e124d593a7316c1bed64538c8318c393f9c0e498844 b44968aca62a178d98a10c7c0bba8f8a4f61786cc1ebf70b1523afbf63c822db
SERVER_HANDSHAKE_TRAFFIC_SECRET c5e9344f4638a1d6fc6c5e124d593a7316c1bed64538c8318c393f9c0e498844 1a350035b82a6f4a143fd36a15931e625c14625b2a5b6161062da866466bb39b
CLIENT_HANDSHAKE_TRAFFIC_SECRET c7669203684f0ad5a53b482520a894b762ddb5f07d4a014e96eec84b4be1a65a 23f803993839dffe5490010a492d2e5f2e3ad7356e6944194505ec69744ef476
SERVER_HANDSHAKE_TRAFFIC_SECRET c7669203684f0ad5a53b482520a894b762ddb5f07d4a014e96eec84b4be1a65a 593f14a28549bfe6238e825d24341b93e5eb8efe7e1e50b5ba301fe24d73a4b3
CLIENT_TRAFFIC_SECRET_0 c5e9344f4638a1d6fc6c5e124d593a7316c1bed64538c8318c393f9c0e498844 91285d147a6c816bd8015c39cbded36938657578690947e0c624574736e38468
SERVER_TRAFFIC_SECRET_0 c5e9344f4638a1d6fc6c5e124d593a7316c1bed64538c8318c393f9c0e498844 8e8b3aa1f715265b7da9334fdd32286bf5cea94ef6d313cd40d97aff2100a4bb
EXPORTER_SECRET c5e9344f4638a1d6fc6c5e124d593a7316c1bed64538c8318c393f9c0e498844 39bb291c976ccd95c3405619c1ecbd51ae19b9d1fa8b8a9b32afb8f5dbc03b0d
CLIENT_TRAFFIC_SECRET_0 c7669203684f0ad5a53b482520a894b762ddb5f07d4a014e96eec84b4be1a65a ce204ee887fe477f49bbf4a3b0748392d1c19524d4a013e5a2c70ed318f1531f
SERVER_TRAFFIC_SECRET_0 c7669203684f0ad5a53b482520a894b762ddb5f07d4a014e96eec84b4be1a65a fc887e7f42987267875f4bcf8172a6c11203bb79968d8a792f3542970c042bde
EXPORTER_SECRET c7669203684f0ad5a53b482520a894b762ddb5f07d4a014e96eec84b4be1a65a 265b3d228dcc35c526c171d8c6d170dcabbdf273fa89cabefda7f71441aa41a5
CLIENT_HANDSHAKE_TRAFFIC_SECRET cb44cfdd9c6613c3a9c3816ab01cffb386ab658b68c400c5410bc6104007ab10 1b59baeaa6731f37306d3e5b2dc6f626b14d2fb894f327b006c2dd20e1f7131a
SERVER_HANDSHAKE_TRAFFIC_SECRET cb44cfdd9c6613c3a9c3816ab01cffb386ab658b68c400c5410bc6104007ab10 a80c2f3b5f8a912ff2d1e0f709db562bc85b8a8fe49553af7f50ebc57d9f59b5
CLIENT_TRAFFIC_SECRET_0 cb44cfdd9c6613c3a9c3816ab01cffb386ab658b68c400c5410bc6104007ab10 0798977172581cc871bc0a1b7e20004ccab2526612c38313defdee6db599c71d
SERVER_TRAFFIC_SECRET_0 cb44cfdd9c6613c3a9c3816ab01cffb386ab658b68c400c5410bc6104007ab10 64ba1d2f44c3ef7c31a6220723e08a0e159f337e78d1d77d46cdb9443ec26826
EXPORTER_SECRET cb44cfdd9c6613c3a9c3816ab01cffb386ab658b68c400c5410bc6104007ab10 19ce877d682ea9afb8c643c7a01ccce9ebc2db764e965b54e3071ab9ffc09dc0
CLIENT_HANDSHAKE_TRAFFIC_SECRET f73e65b31548ba28f798a379e5b81ebef52da3c3faec9d9f9bd87bfd668da837 b0a95d5173065dd0f3219a3a7e6898c9e3cedcc3abbd251d6726dc83233f035f
SERVER_HANDSHAKE_TRAFFIC_SECRET f73e65b31548ba28f798a379e5b81ebef52da3c3faec9d9f9bd87bfd668da837 8965bbd694e4275f4df5abb51bf921f0c8b7353e59c813689699c1937a2ef714
CLIENT_HANDSHAKE_TRAFFIC_SECRET 300c2b1114065b603f6a47ecb98278902d04550d8d4cb3a9434ae5ff532f1398 cbed84fac532827f1f457aa8af68f76199750191f0eb3c948671ced0afe1c35c
SERVER_HANDSHAKE_TRAFFIC_SECRET 300c2b1114065b603f6a47ecb98278902d04550d8d4cb3a9434ae5ff532f1398 a02255d867b7c110c9ad4d8bc4487ebed31f0c7786379b508165bb7552f8efba
CLIENT_HANDSHAKE_TRAFFIC_SECRET febfe201950391fa9fe7d55254c4686c440861cff6b390cf611466a223531783 8c15eaf11ac306dd223d767c63ce1954bc2367650394c793fa861825d936fe33
SERVER_HANDSHAKE_TRAFFIC_SECRET febfe201950391fa9fe7d55254c4686c440861cff6b390cf611466a223531783 6f17abd44f23088d8d0670898c632b5a3f7d8585f4b2832ce7450f8dd988c14a
CLIENT_HANDSHAKE_TRAFFIC_SECRET a44f12eb2c32b967aefca573804b43382eb8dcd1a263dd980b64962df716bb7e 75ca642c805e6962b5e87dec765e2b529bd451d12ee8e6712e7955df6a7dabf2
SERVER_HANDSHAKE_TRAFFIC_SECRET a44f12eb2c32b967aefca573804b43382eb8dcd1a263dd980b64962df716bb7e 6f47df811961660f7bcaebae8ce67bf4655e3e94fba356ae0a60888bd4de57e0
CLIENT_TRAFFIC_SECRET_0 300c2b1114065b603f6a47ecb98278902d04550d8d4cb3a9434ae5ff532f1398 96dc8cfec40d4143c3401dc454a185e5bc1f8b1974f63e1c584051efb57de76a
SERVER_TRAFFIC_SECRET_0 300c2b1114065b603f6a47ecb98278902d04550d8d4cb3a9434ae5ff532f1398 020fa2daa6484669d2e753aeed372af261e74fa798eca2b5dd45b7d90358c165
EXPORTER_SECRET 300c2b1114065b603f6a47ecb98278902d04550d8d4cb3a9434ae5ff532f1398 d38de90f7757a29d59889cbf3358c9ac2ae108c8ba5ee3e80b3b821a1160dced
CLIENT_HANDSHAKE_TRAFFIC_SECRET 508478b9893afe0d0af15087f4e8c3985379164138f624407452ba177c34508e 234d0c78b5846606588240e51c9a93c773f742ac03a5da7086a39aca31028f7c
SERVER_HANDSHAKE_TRAFFIC_SECRET 508478b9893afe0d0af15087f4e8c3985379164138f624407452ba177c34508e b08cb87d6c728c30a47fa421586bf3dbcbe713310ef71d70e545d71a8af368cc
CLIENT_TRAFFIC_SECRET_0 f73e65b31548ba28f798a379e5b81ebef52da3c3faec9d9f9bd87bfd668da837 4de5bb2b65a7b0a246426396709280af596e6d20c330e33ddf795c00da891709
SERVER_TRAFFIC_SECRET_0 f73e65b31548ba28f798a379e5b81ebef52da3c3faec9d9f9bd87bfd668da837 557e3ff956f7395e325eebf4ab6487ff9056292de01b2e4f1c9396c411116852
EXPORTER_SECRET f73e65b31548ba28f798a379e5b81ebef52da3c3faec9d9f9bd87bfd668da837 b22c5d0f21a9bbf9b6e57bb41d767ca0bef28438ce58ea5e89d0b7c2d08e3d9f
CLIENT_TRAFFIC_SECRET_0 febfe201950391fa9fe7d55254c4686c440861cff6b390cf611466a223531783 c63ce9017dbf78d517ed9a23d813b21845f1650aa6ec788c80b31e4b7f85b3de
SERVER_TRAFFIC_SECRET_0 febfe201950391fa9fe7d55254c4686c440861cff6b390cf611466a223531783 8e7c106503f6a82a1c26e76cdbac7dcb6bb03da1ea99991821a701cf63003dd6
EXPORTER_SECRET febfe201950391fa9fe7d55254c4686c440861cff6b390cf611466a223531783 d4fb4ebe66e3eb9afb7919e25f599d39b3f430504ce041908c3458e8171c32de
CLIENT_TRAFFIC_SECRET_0 a44f12eb2c32b967aefca573804b43382eb8dcd1a263dd980b64962df716bb7e ffe4e6a88e552e7246034875964264b89da1189470d99c52d996a1ecfa1951f3
SERVER_TRAFFIC_SECRET_0 a44f12eb2c32b967aefca573804b43382eb8dcd1a263dd980b64962df716bb7e 36dff8f15c4497d19a9254cf81b5ec1b7ceafdfc51debdedc59429a0db525609
EXPORTER_SECRET a44f12eb2c32b967aefca573804b43382eb8dcd1a263dd980b64962df716bb7e 1cc6abd3ade8b0bcdc30a430c2924baf4bb12da77e2ca110d2515880faa73e67
CLIENT_TRAFFIC_SECRET_0 508478b9893afe0d0af15087f4e8c3985379164138f624407452ba177c34508e 85217a86da3bde2e8d6c4e30b300ae0607f00fcc02301b20f536f5545177ff5b
SERVER_TRAFFIC_SECRET_0 508478b9893afe0d0af15087f4e8c3985379164138f624407452ba177c34508e 5b708f9a64816ee5e56ec4a2c32dc191f21b4f5296893b206aec7ed2fa2003b4
EXPORTER_SECRET 508478b9893afe0d0af15087f4e8c3985379164138f624407452ba177c34508e 8ca214d2c908e09166b584a9551037c2ae25b8dc54a03141404a58329e9f1b3f
CLIENT_HANDSHAKE_TRAFFIC_SECRET 625372ef434c8f0d8638a02386ab5c56d3c760ec1c0271a0a52690a2bbf3c41d 7e9109a95a6f30430f9dae10f05e59bdc46248528174b027dcee3f35ed27296b
SERVER_HANDSHAKE_TRAFFIC_SECRET 625372ef434c8f0d8638a02386ab5c56d3c760ec1c0271a0a52690a2bbf3c41d d553f31e3a4c8bc22d62a40129e756d05c2f152d63cf392909353a1b3091ae39
CLIENT_TRAFFIC_SECRET_0 625372ef434c8f0d8638a02386ab5c56d3c760ec1c0271a0a52690a2bbf3c41d afe370a2e7a37736847426423960c3867f29c352689ca55045c9723bc82bafcd
SERVER_TRAFFIC_SECRET_0 625372ef434c8f0d8638a02386ab5c56d3c760ec1c0271a0a52690a2bbf3c41d 6300c8058a79cf254b63f11c4cd714dc862a2f4466b0bbf6d3da92b304506bda
EXPORTER_SECRET 625372ef434c8f0d8638a02386ab5c56d3c760ec1c0271a0a52690a2bbf3c41d 5f8d285971a75c44811b33cda865c1b734e30b82348836ab1eb3547cf2148d9b
