CLIENT_HANDSHAKE_TRAFFIC_SECRET 8e579a6402d2b32f5ba8f7aa43dc16c5e53bb296458660368a6cbd6a1a96b554 55ed6fb1c931f95bd7e4848f40dee9490011bd5234fda1fa1870290c43bb6ec6
SERVER_HANDSHAKE_TRAFFIC_SECRET 8e579a6402d2b32f5ba8f7aa43dc16c5e53bb296458660368a6cbd6a1a96b554 1173200cd4f1b81de030383d358bbb9fbb44a9e16d6d38eb0de98e6062c3aef9
CLIENT_TRAFFIC_SECRET_0 8e579a6402d2b32f5ba8f7aa43dc16c5e53bb296458660368a6cbd6a1a96b554 ad5752fd80f1d39a99f2ba48807a674a803966e17a3435d1890144d03490cb7f
SERVER_TRAFFIC_SECRET_0 8e579a6402d2b32f5ba8f7aa43dc16c5e53bb296458660368a6cbd6a1a96b554 fdebe5c2c0f6c0feaabd6cbc2ccfd14216d0d1046adbef92776217e6ebb93b99
EXPORTER_SECRET 8e579a6402d2b32f5ba8f7aa43dc16c5e53bb296458660368a6cbd6a1a96b554 5605b7440791006c4aac3db39a89dbd6809a3c87d3f0bbe21aad1b7bd4afd4e0
CLIENT_HANDSHAKE_TRAFFIC_SECRET a51ceb7c174d73fc4627ae67b63e4ce2292e6f2651fc77698c7b3e9bceb646b2 0b30b6f102835472edd9d523b3c17861cc9fb0980f4ffdb8fee28f5a5c919409
SERVER_HANDSHAKE_TRAFFIC_SECRET a51ceb7c174d73fc4627ae67b63e4ce2292e6f2651fc77698c7b3e9bceb646b2 f2b9082ea7b307fcd3a8cde6a3e1798334c1f9cdb4238001159804d3a4b14386
CLIENT_HANDSHAKE_TRAFFIC_SECRET 28bf4ed8450eff269f0f54a6ab6dc75d395ab1ce877292b290f2b544c727917f 70d4143eae4b3933e5fe748cbe287f8a87c3bd90407da4d0218c8b157d47d91f
SERVER_HANDSHAKE_TRAFFIC_SECRET 28bf4ed8450eff269f0f54a6ab6dc75d395ab1ce877292b290f2b544c727917f 9e76d7fe252216888dd5a8ce9bcb0d09ec6fcacc5f5e0a6b34231ab3b651bc9e
CLIENT_TRAFFIC_SECRET_0 a51ceb7c174d73fc4627ae67b63e4ce2292e6f2651fc77698c7b3e9bceb646b2 59580f8a934c9ba5cd47be6bb1732ba0e171806b696b857e3900ad857f726c76
SERVER_TRAFFIC_SECRET_0 a51ceb7c174d73fc4627ae67b63e4ce2292e6f2651fc77698c7b3e9bceb646b2 575146533fa95d6e57f4ca3bee3f53182fbee296ee6316e832c6d67694efa1fa
EXPORTER_SECRET a51ceb7c174d73fc4627ae67b63e4ce2292e6f2651fc77698c7b3e9bceb646b2 bf5a270559ab4e0cc641b7d6e1e910a4b927df8a95d857b4739fb21aabd18f93
CLIENT_TRAFFIC_SECRET_0 28bf4ed8450eff269f0f54a6ab6dc75d395ab1ce877292b290f2b544c727917f aba54e287a5d77502f6c15fe6037f3ef3a26abd0fa7f2198d1992c0067167faa
SERVER_TRAFFIC_SECRET_0 28bf4ed8450eff269f0f54a6ab6dc75d395ab1ce877292b290f2b544c727917f 911f95c20d4afbe70a48653494680238cf0cd4443ca584c0bea345b2ea3441a7
EXPORTER_SECRET 28bf4ed8450eff269f0f54a6ab6dc75d395ab1ce877292b290f2b544c727917f 3376a8ba020f23d4cd86594b84ee46f4b37a500072604897a3c93a41264c289a
CLIENT_HANDSHAKE_TRAFFIC_SECRET 82334f364ea6d5672f3c9b3a0e443880bf6d4cd355190e42eed1aa5b9e3dd4b4 4fb4d27c88086b75510d01a6c16bd1d53ca0381a92fc396c9942a3ca3f72d099
SERVER_HANDSHAKE_TRAFFIC_SECRET 82334f364ea6d5672f3c9b3a0e443880bf6d4cd355190e42eed1aa5b9e3dd4b4 01ae87afaca739238a7a6c6328262bfe4bbfa3f57558cfe096dbab737f8f6941
CLIENT_TRAFFIC_SECRET_0 82334f364ea6d5672f3c9b3a0e443880bf6d4cd355190e42eed1aa5b9e3dd4b4 b32cc92237fa53a3b6477b9d847c06452688aba3611e70feb082037bc807ce0f
SERVER_TRAFFIC_SECRET_0 82334f364ea6d5672f3c9b3a0e443880bf6d4cd355190e42eed1aa5b9e3dd4b4 2bfe4714cb8baa165a494400e946da57c4cb2bf4cd40744ec2eca9a1e7e50ed5
EXPORTER_SECRET 82334f364ea6d5672f3c9b3a0e443880bf6d4cd355190e42eed1aa5b9e3dd4b4 a6781717f6dfed54f62a1b4bde68da871011a914368d4b2dc26ea2bd60ac7029
CLIENT_HANDSHAKE_TRAFFIC_SECRET 756367a205bb9a6e6d3df4d30dc12daf6abec8b1ddb0539a6a651d39c96624a0 8e799a6e8fbea69fb9d561e7269902a76f2da07cbaed20e7e7f8d6190c2b4077
SERVER_HANDSHAKE_TRAFFIC_SECRET 756367a205bb9a6e6d3df4d30dc12daf6abec8b1ddb0539a6a651d39c96624a0 ac073a4dc33f419a0461ea5948d27b4f03b7142774141cae501bdda34c2a9478
CLIENT_TRAFFIC_SECRET_0 756367a205bb9a6e6d3df4d30dc12daf6abec8b1ddb0539a6a651d39c96624a0 484e19103c3883a07672958467d045555ed1818fb2dd7b9c5be66cb6b2fd57cb
SERVER_TRAFFIC_SECRET_0 756367a205bb9a6e6d3df4d30dc12daf6abec8b1ddb0539a6a651d39c96624a0 b8cbe818d09fda99098bc4794a41f99b7c1a40470bbea5c8365b3705206b2c44
EXPORTER_SECRET 756367a205bb9a6e6d3df4d30dc12daf6abec8b1ddb0539a6a651d39c96624a0 29a489cf07e2e304613ba70d9e66c783000d9fde5f52e146283540f93b263569
CLIENT_HANDSHAKE_TRAFFIC_SECRET da3c1cc417491dc85675d0adc2ef5bd0e02ccb8e04c641a634b632997ede861e 41e4286f9c101066d941afac03f7d2c4c6b0025a250efec14ff577e7c8c43e02
SERVER_HANDSHAKE_TRAFFIC_SECRET da3c1cc417491dc85675d0adc2ef5bd0e02ccb8e04c641a634b632997ede861e 7c54c6b92ee06b8a6dd52622b17af6f5957fa822e50342dc1ce1affdb091ed5c
CLIENT_TRAFFIC_SECRET_0 da3c1cc417491dc85675d0adc2ef5bd0e02ccb8e04c641a634b632997ede861e 37d5d6428a71fc80a82006633192f53712c9173254d499ee13311f4f8dde2025
SERVER_TRAFFIC_SECRET_0 da3c1cc417491dc85675d0adc2ef5bd0e02ccb8e04c641a634b632997ede861e c52dcfed8b7f814930b69eb7709f40742566ea6e4720335e05418e1941072552
EXPORTER_SECRET da3c1cc417491dc85675d0adc2ef5bd0e02ccb8e04c641a634b632997ede861e 3dc35bc3a5fff2a94cc174ebf69a27337deb2c06af9e2b31dd65e59aa3dbdf2f
