CLIENT_HANDSHAKE_TRAFFIC_SECRET c4695c2b64e84a86ce86564959dd1600713fbc0036ebf6e1e6ef90db6190f51f 6289c1598d96ff03d2fe8678360a17283cb49d7ffd7b0d67897d706402f5f4a6
SERVER_HANDSHAKE_TRAFFIC_SECRET c4695c2b64e84a86ce86564959dd1600713fbc0036ebf6e1e6ef90db6190f51f 005a1d5245abf344059ec310ec83ff88fc3998792711bbc075657231a5a8df1e
CLIENT_TRAFFIC_SECRET_0 c4695c2b64e84a86ce86564959dd1600713fbc0036ebf6e1e6ef90db6190f51f 5ec0ebda23ad8a623438c1a44fc2a6adbdc06505112bcae6ae25a121f9457431
SERVER_TRAFFIC_SECRET_0 c4695c2b64e84a86ce86564959dd1600713fbc0036ebf6e1e6ef90db6190f51f 4df41eafc6ae6240dd66176b1d49387ea0ad3edc7bb98b6138ca33bfd6e69764
EXPORTER_SECRET c4695c2b64e84a86ce86564959dd1600713fbc0036ebf6e1e6ef90db6190f51f 1afa02f319bd72b3c7e5ac39ae6c533aefb65c240960bd69bb54ee50bf7a4f02
CLIENT_HANDSHAKE_TRAFFIC_SECRET e5a74832fa79237c55aa860ca81ebbf590e09b797261da8ab711439a60bae5a5 3221e0157c235e8f3848b2cd22cc7319caee74b5037079e71c831c4378fca8d1
SERVER_HANDSHAKE_TRAFFIC_SECRET e5a74832fa79237c55aa860ca81ebbf590e09b797261da8ab711439a60bae5a5 4d22aec523e7be496df122eb0fd0c5a6d92c4b62c1ac9cf7f8f1e24308ab0816
CLIENT_TRAFFIC_SECRET_0 e5a74832fa79237c55aa860ca81ebbf590e09b797261da8ab711439a60bae5a5 898fbb5ef06dc7030251ba3591e3970437675825183a0e9f24194cd9a926fcf0
SERVER_TRAFFIC_SECRET_0 e5a74832fa79237c55aa860ca81ebbf590e09b797261da8ab711439a60bae5a5 60a810e01c88e2bd0a78135eb8e23c7b0b38f9377c6405bb2eb11c78a70e1912
EXPORTER_SECRET e5a74832fa79237c55aa860ca81ebbf590e09b797261da8ab711439a60bae5a5 b1b91f7b273831870726983f467370e371db0087088762d3a1e09af7e244a6e8
CLIENT_HANDSHAKE_TRAFFIC_SECRET ea78184caa65be38d2e81d5527d1e87ca01024687b0087cff9c595c49cd8d9cd bb4445fb71e12b503e3d3ae8d74ff061de953e560113fff8c8ddba7c1af492b2
SERVER_HANDSHAKE_TRAFFIC_SECRET ea78184caa65be38d2e81d5527d1e87ca01024687b0087cff9c595c49cd8d9cd 0ab756ba0f3a39f46b86cc421e0ea2ff34460bcf326797af403d3f967331fcd3
CLIENT_HANDSHAKE_TRAFFIC_SECRET 966d08d64cbf57c5594e94a7efa23f3ba085e86409f57c5a24d53ded097baa9a f30384b923e6ae27ee2313ad963ba1ed79cd2b09b992c65be3d4972c018b03db
SERVER_HANDSHAKE_TRAFFIC_SECRET 966d08d64cbf57c5594e94a7efa23f3ba085e86409f57c5a24d53ded097baa9a efce23af9882ee0463d86f95ba793f558d6a6be9661cec1dc2b877fc66c9559d
CLIENT_TRAFFIC_SECRET_0 966d08d64cbf57c5594e94a7efa23f3ba085e86409f57c5a24d53ded097baa9a a4e17d6f713a35228bd005d146e45a50bce538a99e579a35f0dd6f50141a2b2c
SERVER_TRAFFIC_SECRET_0 966d08d64cbf57c5594e94a7efa23f3ba085e86409f57c5a24d53ded097baa9a c86d5f76a3aec431b7c6cd7b6049383a3fa5496169c1031ddf7d20ba9f99ff9c
CLIENT_TRAFFIC_SECRET_0 ea78184caa65be38d2e81d5527d1e87ca01024687b0087cff9c595c49cd8d9cd 3b54c29ec95c76f50cd3e197e3b30e476e6e75c0eaed12cd54dafaa329b82847
EXPORTER_SECRET 966d08d64cbf57c5594e94a7efa23f3ba085e86409f57c5a24d53ded097baa9a f9aff1fb6c9b4f2a187d4a6740e40ad00848176755d75cb8672f358778355daa
SERVER_TRAFFIC_SECRET_0 ea78184caa65be38d2e81d5527d1e87ca01024687b0087cff9c595c49cd8d9cd 6954d9d6ca6e01764c178755176276a06f17b89f33254081e31471b3995b21bd
EXPORTER_SECRET ea78184caa65be38d2e81d5527d1e87ca01024687b0087cff9c595c49cd8d9cd a41c5ea76f7ba7b8ac199018893a47d0c4a7487274540fb2835bbfb3f4101db4
CLIENT_HANDSHAKE_TRAFFIC_SECRET bba8d6922d5c912ace338a70ed0fbd93895986a51833b8454ee81e91ce519472 9b27de0f51b3a252489ae21c6715730cd99380a5550bb81b60a5f17d3e19ad1b
SERVER_HANDSHAKE_TRAFFIC_SECRET bba8d6922d5c912ace338a70ed0fbd93895986a51833b8454ee81e91ce519472 080e92f9a1ce6913673265c2e469f48985e8e37f5d5a91eb407f55542937c7b4
CLIENT_HANDSHAKE_TRAFFIC_SECRET f051f45a6de56601067aa57c988ef1864e6651d3cfbac3e5f883bf71819c611d cca293b2f008c5d6b7da15cad7845162a773c9cc8a1228deb4b758c081fe0790
SERVER_HANDSHAKE_TRAFFIC_SECRET f051f45a6de56601067aa57c988ef1864e6651d3cfbac3e5f883bf71819c611d 269e185e5ea159920f58296cbb00592d5079050c1f94944404541515c88ec8ca
CLIENT_TRAFFIC_SECRET_0 bba8d6922d5c912ace338a70ed0fbd93895986a51833b8454ee81e91ce519472 760bc160e171b0ceb0a4be4b726da9f0d6876eda70ebd74858a2201452b1ee96
SERVER_TRAFFIC_SECRET_0 bba8d6922d5c912ace338a70ed0fbd93895986a51833b8454ee81e91ce519472 c8fa5d33d79ea3e7a1d3b9dfa293372fb7d4bd2bea582a9adcefd9c2bf3ee636
EXPORTER_SECRET bba8d6922d5c912ace338a70ed0fbd93895986a51833b8454ee81e91ce519472 cc95ffecaf406f83970bc76b929d0fd09f09db683e21ed5a5e0ebbdce33b2405
CLIENT_TRAFFIC_SECRET_0 f051f45a6de56601067aa57c988ef1864e6651d3cfbac3e5f883bf71819c611d 4ea49092af6786c226b5aa44dc9c76b3a52818a8ca2bbbbb0d7e3f27d793319d
SERVER_TRAFFIC_SECRET_0 f051f45a6de56601067aa57c988ef1864e6651d3cfbac3e5f883bf71819c611d 18708351e6ed389bcb06ac2bb2cea4716fca7a409655cd44eb796d0180c73c12
EXPORTER_SECRET f051f45a6de56601067aa57c988ef1864e6651d3cfbac3e5f883bf71819c611d a13900378042656bdca188b57ddcd575c6adc578c7a6f55e754fa3d084770dff
