CLIENT_HANDSHAKE_TRAFFIC_SECRET 243870cad932d7337a46f4ca2736c66b96661c192150149e60c3ee6edb1978f3 ee13f74af627f8bab29b8e4b1f39f99d5c2e99899f4223e6831387047a280957
SERVER_HANDSHAKE_TRAFFIC_SECRET 243870cad932d7337a46f4ca2736c66b96661c192150149e60c3ee6edb1978f3 6121d2aee9e8dc96ec75920e7f9f382a293a25dffeb109442c4dec970375ca4e
CLIENT_TRAFFIC_SECRET_0 243870cad932d7337a46f4ca2736c66b96661c192150149e60c3ee6edb1978f3 a86ed719c52f8dbede90c71cf108da84c127fd7e705748cb82b5a60f87a4dffb
SERVER_TRAFFIC_SECRET_0 243870cad932d7337a46f4ca2736c66b96661c192150149e60c3ee6edb1978f3 9d322fa79e2ae268283f4ec4176b945d7aa50a7f5fd84fc85af2b810a0acc85b
EXPORTER_SECRET 243870cad932d7337a46f4ca2736c66b96661c192150149e60c3ee6edb1978f3 efe85828f1aff9c7b152e95a1840753cd6aed05d757f648ffed53132d592e0dd
CLIENT_HANDSHAKE_TRAFFIC_SECRET 6d607996868fa90455e2d12f3b44be523ee70281ca59e7c82f8faae4a36c5f57 786897c80ed4d967a214e39bf8a7fdf90775f619b55cb88e839357427685067c
SERVER_HANDSHAKE_TRAFFIC_SECRET 6d607996868fa90455e2d12f3b44be523ee70281ca59e7c82f8faae4a36c5f57 b41cc3ca28f9cdc7592840cef8b1d79194236af73191a860e4584c5a2038c9cd
CLIENT_HANDSHAKE_TRAFFIC_SECRET 7cbbf40f825f7d405e667399252a486342ec8a643751ffb2d0caf87192531536 5534f7d3ab28f98f79bc01173e41ab212041462b71f23c18907ed4a09bf88c26
SERVER_HANDSHAKE_TRAFFIC_SECRET 7cbbf40f825f7d405e667399252a486342ec8a643751ffb2d0caf87192531536 691fc85b573a9717c76d2e5f6d9f81f4058a4c32801f792cfa7601431478eba6
CLIENT_TRAFFIC_SECRET_0 6d607996868fa90455e2d12f3b44be523ee70281ca59e7c82f8faae4a36c5f57 19aa6e0c2fab7e81a857cfbc7f862c1994a21100d375eeb5ea112257bdaed907
SERVER_TRAFFIC_SECRET_0 6d607996868fa90455e2d12f3b44be523ee70281ca59e7c82f8faae4a36c5f57 5400e8f614b5273cc6eb39939c36f47d1ac0b966c3c43cdfba433d4f5d0e8489
EXPORTER_SECRET 6d607996868fa90455e2d12f3b44be523ee70281ca59e7c82f8faae4a36c5f57 b46a6a058d11cb2b21795d506e97921ed892974afafc7e5a5a6738b2c95ce6e1
CLIENT_HANDSHAKE_TRAFFIC_SECRET 121c46e0ace1b344f6829fa53afc748dd293dce3825d721f3396d9f462fe714e db92f2f41f28de650bf41bc799481dceadef695786d1b79212fd41981d3b94d1
SERVER_HANDSHAKE_TRAFFIC_SECRET 121c46e0ace1b344f6829fa53afc748dd293dce3825d721f3396d9f462fe714e bf065e8bfa4c50c0ed6e188d4485cab837b47cd0ef5578f6bb15cf17d318c45d
CLIENT_TRAFFIC_SECRET_0 7cbbf40f825f7d405e667399252a486342ec8a643751ffb2d0caf87192531536 b4f675c97d5f69e1eb8328861209c74c115892d29ab750d583b78f436f730642
CLIENT_TRAFFIC_SECRET_0 121c46e0ace1b344f6829fa53afc748dd293dce3825d721f3396d9f462fe714e 6c9603cf7feadb21d63ff2aec0f3237b6846b1668a48605ba0aea3403248d9c1
CLIENT_HANDSHAKE_TRAFFIC_SECRET 195af818f4b1d4f4264075e0550de0b1e5f6eb1ba8905b72f19deed13fc03056 e66ec9280599b8403da44e93a67fe11ce0652ba127a11382d87a92acbb651cf5
SERVER_TRAFFIC_SECRET_0 7cbbf40f825f7d405e667399252a486342ec8a643751ffb2d0caf87192531536 ebf5609e0e0c8acb88de7c0f6f747b2cb9f9671cb8832d1d53b2fb68a2f3a582
SERVER_TRAFFIC_SECRET_0 121c46e0ace1b344f6829fa53afc748dd293dce3825d721f3396d9f462fe714e 30562f7833bbc5f6f223aaea10f997b2a3df8989aa62621d660f8bc8e97d5629
SERVER_HANDSHAKE_TRAFFIC_SECRET 195af818f4b1d4f4264075e0550de0b1e5f6eb1ba8905b72f19deed13fc03056 795a8bd47b23796df5f3a62a9904163a3065d056468d302aacfeadab20dedc61
EXPORTER_SECRET 121c46e0ace1b344f6829fa53afc748dd293dce3825d721f3396d9f462fe714e 46bc35241a4ba0497a1b3e53fc56e74bcb2bf44880f931f6b0d4cf560dd8071a
EXPORTER_SECRET 7cbbf40f825f7d405e667399252a486342ec8a643751ffb2d0caf87192531536 fbb15951ce0215e9b45e0f3c70e554395dbf1c1f10cd2a5832c7c7c6fa97f54e
CLIENT_HANDSHAKE_TRAFFIC_SECRET 4c6a8be370bf276963edbe0bdabae05fdebacae67d19b0d0492b14750312553d 2c7afa7501f52d8a6013cfa970a7812384e0675d69f9f0b516000cf267ef3e3b
SERVER_HANDSHAKE_TRAFFIC_SECRET 4c6a8be370bf276963edbe0bdabae05fdebacae67d19b0d0492b14750312553d 5051e3eee2365b3d78260b586689bf7a81cce37daca8d19b1033574286675f7d
CLIENT_TRAFFIC_SECRET_0 195af818f4b1d4f4264075e0550de0b1e5f6eb1ba8905b72f19deed13fc03056 ce4a2d4d0a13d45a780601c14f39f772cf90d237dc8712c86f5c222d1c3daf13
SERVER_TRAFFIC_SECRET_0 195af818f4b1d4f4264075e0550de0b1e5f6eb1ba8905b72f19deed13fc03056 88435a11f11a5e46c22b14a224f1eb8bf8ba3598179e4029706bfb3ab6028726
EXPORTER_SECRET 195af818f4b1d4f4264075e0550de0b1e5f6eb1ba8905b72f19deed13fc03056 f905bb2460367e4111074f279fa85d1689ed758ef9e34d1628c8eff67603fd92
CLIENT_HANDSHAKE_TRAFFIC_SECRET bcad64eb9c4dab96dc882f9f8957429b7a303fca28cb34c3674ed712eaccf547 a4485590f7d5f60944b0f2cec2e101ebe79881a70113c3db3f4c99a800ce10f9
SERVER_HANDSHAKE_TRAFFIC_SECRET bcad64eb9c4dab96dc882f9f8957429b7a303fca28cb34c3674ed712eaccf547 56a88fd81a53276fca3891c4a05f75e8b75bea6341cad4f941e7749473431152
CLIENT_TRAFFIC_SECRET_0 4c6a8be370bf276963edbe0bdabae05fdebacae67d19b0d0492b14750312553d d060c71f570d48cd04fb6e7d3dde0015ad5b3134c4cdf5b0d7f979bd9122f651
SERVER_TRAFFIC_SECRET_0 4c6a8be370bf276963edbe0bdabae05fdebacae67d19b0d0492b14750312553d e4636d8539b24773d562709069517426a89e41e1391b5a90825b90732b413c32
EXPORTER_SECRET 4c6a8be370bf276963edbe0bdabae05fdebacae67d19b0d0492b14750312553d 4462847f1cbe2a560d999f430069330628c6a96714d73df62f283fd936de1818
CLIENT_HANDSHAKE_TRAFFIC_SECRET 077da97401454a03ad616bc11be9cd6307c28cdbeb99ef30cfdd936c691c003e c92e0fe3c28af5fa4973fa8378edc8f96154a85bff617c88fd7782db111dfb09
SERVER_HANDSHAKE_TRAFFIC_SECRET 077da97401454a03ad616bc11be9cd6307c28cdbeb99ef30cfdd936c691c003e a6470cec76734d1615b56d38854abdce61fb762724d470bd87f9759db233f3eb
CLIENT_TRAFFIC_SECRET_0 bcad64eb9c4dab96dc882f9f8957429b7a303fca28cb34c3674ed712eaccf547 dfe666d2f2f72eb4a30d1070b73aa2c873d900d639b64cb543342685fe5ce20b
SERVER_TRAFFIC_SECRET_0 bcad64eb9c4dab96dc882f9f8957429b7a303fca28cb34c3674ed712eaccf547 39c7fe28e54eb428c4afd4f6e40b91212476ac50f3d52602edfaf7d8d3eb91e8
EXPORTER_SECRET bcad64eb9c4dab96dc882f9f8957429b7a303fca28cb34c3674ed712eaccf547 f0e4378e48a351bee39e59bf89d7eb1d2c2ae9606464328bd33b3f0cb9141fa1
CLIENT_HANDSHAKE_TRAFFIC_SECRET 7771c76d931099a41aed5314011b1a25c9d8b31bca07da4f9ed4d0e9207c6bec 90623ae0f7d2397e65da23aea9903921060012c74c5fb715d27bff0f5b4366c0
SERVER_HANDSHAKE_TRAFFIC_SECRET 7771c76d931099a41aed5314011b1a25c9d8b31bca07da4f9ed4d0e9207c6bec 85642cb8626b517502900e8819add4432cb9a1cf3018d0d61fa7468633230fd6
CLIENT_HANDSHAKE_TRAFFIC_SECRET 11dd58771edd62fb9bfbbe343baaf84651da5ae652059bcfdade8376a1c23c21 1196e19933f6b848414b1a1b2f5320606762a1d169fca653e47cfaf4bb763836
SERVER_HANDSHAKE_TRAFFIC_SECRET 11dd58771edd62fb9bfbbe343baaf84651da5ae652059bcfdade8376a1c23c21 5bef6cecad0d79475da11334cb242783557c97daa96cf8084ad6d1af759660e1
CLIENT_TRAFFIC_SECRET_0 077da97401454a03ad616bc11be9cd6307c28cdbeb99ef30cfdd936c691c003e fde0152a205c30f1df5b7c70b21b567dd9158b1d038fdc50a82ce28e3ae561c4
SERVER_TRAFFIC_SECRET_0 077da97401454a03ad616bc11be9cd6307c28cdbeb99ef30cfdd936c691c003e db22afde32ab244d5a1d000ddf8d8b4525079ceb9a71b1cd93cb0fd54ec652f9
EXPORTER_SECRET 077da97401454a03ad616bc11be9cd6307c28cdbeb99ef30cfdd936c691c003e fbc5c43366f3d4d16f3df78f045388d436013901a0a3d40f6d08d7c285d30d54
CLIENT_TRAFFIC_SECRET_0 7771c76d931099a41aed5314011b1a25c9d8b31bca07da4f9ed4d0e9207c6bec ea060fa208284131358a1bd9ab77d0a629c52127bac652671013856259ea4b37
SERVER_TRAFFIC_SECRET_0 7771c76d931099a41aed5314011b1a25c9d8b31bca07da4f9ed4d0e9207c6bec f16df59dedf627ef9303c4b64814b89d5b992de605fc8cc868650c31f53d8821
EXPORTER_SECRET 7771c76d931099a41aed5314011b1a25c9d8b31bca07da4f9ed4d0e9207c6bec 7712475f40fdb8702e0fe106d55243a611b9c8d6247100cd0296687b75e62652
CLIENT_TRAFFIC_SECRET_0 11dd58771edd62fb9bfbbe343baaf84651da5ae652059bcfdade8376a1c23c21 0408152b87a54e8e44372013df8f6ffd1e40d0d90cde164c8b62e0145de226d1
SERVER_TRAFFIC_SECRET_0 11dd58771edd62fb9bfbbe343baaf84651da5ae652059bcfdade8376a1c23c21 1dafc44e01425e929faaa8d53acc3ae3d6dd6e8b2b498cda0eca9e5243c96496
EXPORTER_SECRET 11dd58771edd62fb9bfbbe343baaf84651da5ae652059bcfdade8376a1c23c21 a440b5993ce24cd03554a233c8acabcde11ab31802c3d2fd18ec07e1ba9fa9e8
CLIENT_HANDSHAKE_TRAFFIC_SECRET f45b007f631d4bbd1129b806a1f2beaa33e7b03423a97be7976c9c663188dfb0 44e6db339c888a992d997dc90918bf5db74652faaaaaf898e1df2ff352008333
SERVER_HANDSHAKE_TRAFFIC_SECRET f45b007f631d4bbd1129b806a1f2beaa33e7b03423a97be7976c9c663188dfb0 448aa50f0a8a006421484be8f1c904f497b1c4ae1d9ad6983f3e73ef17fb6b65
CLIENT_TRAFFIC_SECRET_0 f45b007f631d4bbd1129b806a1f2beaa33e7b03423a97be7976c9c663188dfb0 0f50c3bdf2a11873690349df50e94985c21d7a534feb04eb4678a3fe5f69fea1
SERVER_TRAFFIC_SECRET_0 f45b007f631d4bbd1129b806a1f2beaa33e7b03423a97be7976c9c663188dfb0 ada3e3696dbfece71406f403df9698901599cb50a9d4d7a077c4552ff9544ae3
EXPORTER_SECRET f45b007f631d4bbd1129b806a1f2beaa33e7b03423a97be7976c9c663188dfb0 691bff6cd24742792aa7ad24958c0f8dd06dd4edbb16d5076317187ba772ec3f
CLIENT_HANDSHAKE_TRAFFIC_SECRET c17f89a05472e7c96c41c7915b18a9e1b964a70ef6f6cae99f01516c19345bfd 03e7a13c021f20fff4478e2fba9269c0f22fa2c15d330a7c41c8bed787538bbf
SERVER_HANDSHAKE_TRAFFIC_SECRET c17f89a05472e7c96c41c7915b18a9e1b964a70ef6f6cae99f01516c19345bfd 9fe4403a6b29316b8812bfebc65d7ef07fcbc189babc83e9647b17f39b4a2399
CLIENT_TRAFFIC_SECRET_0 c17f89a05472e7c96c41c7915b18a9e1b964a70ef6f6cae99f01516c19345bfd 21e70fe199cedfa5ad71e95345ee4c68185ddbe5baa3aa97070637a698c09f13
SERVER_TRAFFIC_SECRET_0 c17f89a05472e7c96c41c7915b18a9e1b964a70ef6f6cae99f01516c19345bfd 9db576af8b8403a07562de6fc16bdaf97306913cf76c87525e0906b0ee68cdc5
EXPORTER_SECRET c17f89a05472e7c96c41c7915b18a9e1b964a70ef6f6cae99f01516c19345bfd dd4df26f0f6afec55fd09af18fa5c30307f1244c4737281d32f4e6b840ef2e0d
