CLIENT_HANDSHAKE_TRAFFIC_SECRET 3f4154ad6de67b5bae68143d336eedcd1aa55612dadf1813c3b8b8b0991bf12e 88eeb142caf52008e277b2bf2ee740293c91ef491a68e8717f6446e503d063da
SERVER_HANDSHAKE_TRAFFIC_SECRET 3f4154ad6de67b5bae68143d336eedcd1aa55612dadf1813c3b8b8b0991bf12e e88f63b26d49ed9aac85b3d8ae3aaa36eb1c7e967843e60ecaecb3d30e2d6b16
CLIENT_TRAFFIC_SECRET_0 3f4154ad6de67b5bae68143d336eedcd1aa55612dadf1813c3b8b8b0991bf12e 3398a8f70cf37fc1d726907589ba11dc020ab1f47e3ae4ffd36ad1a4ec0fd011
SERVER_TRAFFIC_SECRET_0 3f4154ad6de67b5bae68143d336eedcd1aa55612dadf1813c3b8b8b0991bf12e 5aa31e6613a9432a2816a48207a5141ca6e2c4d6fb844ffeb312d6c5ea45a5ea
EXPORTER_SECRET 3f4154ad6de67b5bae68143d336eedcd1aa55612dadf1813c3b8b8b0991bf12e 368d4609fe68ce5a6057dd6357b807b85af66efff0581dddcaba822d3e4565ec
CLIENT_HANDSHAKE_TRAFFIC_SECRET e9bfbf5ba74354ebb0cc7f4b7778dd219176f8a1d98194f6ef506d6a644391c2 b7f08a5378821644c048b1b12a6954b66d2e6f7acd0bca488d37a6ef87b06066
SERVER_HANDSHAKE_TRAFFIC_SECRET e9bfbf5ba74354ebb0cc7f4b7778dd219176f8a1d98194f6ef506d6a644391c2 d822dfe3a74152c32da7c1dd9d6f03183947deca00fd85e89bbfc3d4263b1818
CLIENT_HANDSHAKE_TRAFFIC_SECRET bc6afa44ef3dbb90c9b2e77eefdc32a6bc01f7cd45e7c8ba824f355272b88c1c 316afd3c43501a6779b245b3a84b17eac4e48ab6e5bd3301295aea25a4a6e8ed
CLIENT_TRAFFIC_SECRET_0 e9bfbf5ba74354ebb0cc7f4b7778dd219176f8a1d98194f6ef506d6a644391c2 b2287d50de6911583ac4e2803f576a1c51b8e20e298a73955a2e88d8ebd5c29f
SERVER_HANDSHAKE_TRAFFIC_SECRET bc6afa44ef3dbb90c9b2e77eefdc32a6bc01f7cd45e7c8ba824f355272b88c1c 938fc42f456b61e65cde979fe06392125a9258a4ed04c174c987d951730c25f9
SERVER_TRAFFIC_SECRET_0 e9bfbf5ba74354ebb0cc7f4b7778dd219176f8a1d98194f6ef506d6a644391c2 8f749b25d078642218ce536caeeaca8e371c713afd4b14476118c105d98a9cca
EXPORTER_SECRET e9bfbf5ba74354ebb0cc7f4b7778dd219176f8a1d98194f6ef506d6a644391c2 22ddee39481a9192d92c7de1c1200a7c4f2133088a2247df8c6e62e043053ad3
CLIENT_HANDSHAKE_TRAFFIC_SECRET f324ffb4b8d210015a954ef0f19a00172ab0ed688cf0ef269b64ad636bcfb548 beb6bb59a8169d6fb04b3ccca66fc35083f541cce5f6bf0236c44f94bcbe4744
SERVER_HANDSHAKE_TRAFFIC_SECRET f324ffb4b8d210015a954ef0f19a00172ab0ed688cf0ef269b64ad636bcfb548 24dbf46aad4db2c68f710276ddbd1ad364ab8a1003d4aeff4ef2205f32473c70
CLIENT_TRAFFIC_SECRET_0 bc6afa44ef3dbb90c9b2e77eefdc32a6bc01f7cd45e7c8ba824f355272b88c1c 2507176bba43b7604107bc33e8d878566b23fb4463ef03bd10cea214197395c8
SERVER_TRAFFIC_SECRET_0 bc6afa44ef3dbb90c9b2e77eefdc32a6bc01f7cd45e7c8ba824f355272b88c1c 7ecaf3acc12d120275c7f456895f7247160a35207a0cc633d8cb68d0852f3221
EXPORTER_SECRET bc6afa44ef3dbb90c9b2e77eefdc32a6bc01f7cd45e7c8ba824f355272b88c1c 6fa9d41626ac61041c8d6a7db8cd8d37f317201c758ff8970962f8805bfc6998
CLIENT_TRAFFIC_SECRET_0 f324ffb4b8d210015a954ef0f19a00172ab0ed688cf0ef269b64ad636bcfb548 1a059595c13eb4f7d840d5f27fe6fc2fae8a3c79bf1de4f963fba7c43b99ad0e
SERVER_TRAFFIC_SECRET_0 f324ffb4b8d210015a954ef0f19a00172ab0ed688cf0ef269b64ad636bcfb548 a8a40f27b2b2532898a93a12a35e96ac511c516975da364415fd7d5a76d90f8e
EXPORTER_SECRET f324ffb4b8d210015a954ef0f19a00172ab0ed688cf0ef269b64ad636bcfb548 451018964d5e80abe6e1b9fb1c0cf631d1ddc833265c5161a039666d284c2a37
CLIENT_HANDSHAKE_TRAFFIC_SECRET e76ae365434c8405dd727e4855de910d4a19bfc6c83b0397db08483f51cb8eaa ee1834c602f27162c608874c613ee6a9022b071ae9ebe13a002c4d77d621a2c0
SERVER_HANDSHAKE_TRAFFIC_SECRET e76ae365434c8405dd727e4855de910d4a19bfc6c83b0397db08483f51cb8eaa d0c5a256c42a156dcdb35c699db985ca2be360bd2f23a071932e1be4cc21e03e
CLIENT_TRAFFIC_SECRET_0 e76ae365434c8405dd727e4855de910d4a19bfc6c83b0397db08483f51cb8eaa 07df11b2dceeb81001838f6d9726244087e7747b37942ba2a8fd6a2473a671e0
SERVER_TRAFFIC_SECRET_0 e76ae365434c8405dd727e4855de910d4a19bfc6c83b0397db08483f51cb8eaa ee2f491ae84bae6d54369f47dd83d4e5e559ef41dc9a2f9efb576be4c83688b2
EXPORTER_SECRET e76ae365434c8405dd727e4855de910d4a19bfc6c83b0397db08483f51cb8eaa a2b52feee8e5878b688d11ba558586f5474d2126bd6aae2f7645b1be5dc4e9f0
CLIENT_HANDSHAKE_TRAFFIC_SECRET 4ed856a2b1c4797ee058fb7fd88063e89b0da9e532b2bbd95cb002f202b3e9a9 fac042933201d2f6d12a52745d84ec75f4e8917a077fdc03630298cb0828ed1b
SERVER_HANDSHAKE_TRAFFIC_SECRET 4ed856a2b1c4797ee058fb7fd88063e89b0da9e532b2bbd95cb002f202b3e9a9 fb56cce84cb5dde6b7e9969130b6b628963dd06b4cdcbaae7d2fe17988272256
CLIENT_TRAFFIC_SECRET_0 4ed856a2b1c4797ee058fb7fd88063e89b0da9e532b2bbd95cb002f202b3e9a9 82899ed4a76360c9457583483337e71cd23a2fd956c2ba5fc408e950ec806686
SERVER_TRAFFIC_SECRET_0 4ed856a2b1c4797ee058fb7fd88063e89b0da9e532b2bbd95cb002f202b3e9a9 8d164618ef6d69e3399074b52b22dc07fd5516966d176cce2decbb71df4daffc
EXPORTER_SECRET 4ed856a2b1c4797ee058fb7fd88063e89b0da9e532b2bbd95cb002f202b3e9a9 ac9c101e420b043c9eb0a1d43d9109ad11b492734a7ec76d98f5474522e03126
CLIENT_HANDSHAKE_TRAFFIC_SECRET d937be5ce65f95714d2f57030d5a9200f8f5570c6175bc3bbb93308db630889f 72ecce60abc528ac822a240e56ed77ff6443ac6b5d1f9533088c6a7c59a7bcf9
SERVER_HANDSHAKE_TRAFFIC_SECRET d937be5ce65f95714d2f57030d5a9200f8f5570c6175bc3bbb93308db630889f c463eedb0cb63a8d01e23d57a6249af0c9242609e8c6fa991d5efc105213f2e6
CLIENT_HANDSHAKE_TRAFFIC_SECRET 0b53d1edbea84c598840605de9c43b2e4756438f536799ef490d17d03ae040bc 2b7ba40849dc64417b6f5d4e896da52d37a23c5cc250fb9bb5b89dead3f008c0
SERVER_HANDSHAKE_TRAFFIC_SECRET 0b53d1edbea84c598840605de9c43b2e4756438f536799ef490d17d03ae040bc 559a8b0ddd01031658fbb34aacc5c3fa79609378e9717d34ac81088e3c537e8f
CLIENT_TRAFFIC_SECRET_0 d937be5ce65f95714d2f57030d5a9200f8f5570c6175bc3bbb93308db630889f 7db146faa94a8701261bc5d4dcc0c787b5e1a2f1bbdafbfaa3c6ebb194c284f1
SERVER_TRAFFIC_SECRET_0 d937be5ce65f95714d2f57030d5a9200f8f5570c6175bc3bbb93308db630889f 430231e4a82b0a0b23cd7c0443122d2e570857d188554497fe0871d70d74649b
EXPORTER_SECRET d937be5ce65f95714d2f57030d5a9200f8f5570c6175bc3bbb93308db630889f 562af76b8c594c256edb453d678acfa0984f86cca33a0515b8f43c607b54184d
CLIENT_TRAFFIC_SECRET_0 0b53d1edbea84c598840605de9c43b2e4756438f536799ef490d17d03ae040bc 23fcf1a009ae995d41cdd397c1bd6d3fe6a714d17204e88cd7ef050576315acf
SERVER_TRAFFIC_SECRET_0 0b53d1edbea84c598840605de9c43b2e4756438f536799ef490d17d03ae040bc 3d5932d06ef7ba3700db55a42827eecffddefe895003421fb3d4325d5e7c123f
EXPORTER_SECRET 0b53d1edbea84c598840605de9c43b2e4756438f536799ef490d17d03ae040bc 27adbda67e35659b5dabdb310ed3ca39d19beb4bedec2afdaa0aec0a13215dcd
