CLIENT_HANDSHAKE_TRAFFIC_SECRET 0f6e43bf7e9088fd26e8b9ecb94f9cdd471c85bfd8592cd9b455b024dbb60944 5c9a56295be2c4b6ca39f38684c3f4f6a55315ab70fe71d916a2b604ea0d55ef
SERVER_HANDSHAKE_TRAFFIC_SECRET 0f6e43bf7e9088fd26e8b9ecb94f9cdd471c85bfd8592cd9b455b024dbb60944 7df17ee0fa8160ac6f43fa9e8257899dc0230b2607cb9cd293b94fa48631970d
CLIENT_TRAFFIC_SECRET_0 0f6e43bf7e9088fd26e8b9ecb94f9cdd471c85bfd8592cd9b455b024dbb60944 c1f87c901ba044414d0e00cf71c4ed5d720324631374fb9e35b1b9226ba33dfe
SERVER_TRAFFIC_SECRET_0 0f6e43bf7e9088fd26e8b9ecb94f9cdd471c85bfd8592cd9b455b024dbb60944 28b1b6b66e52ffbe6fe41033294c286aba6e23dfa9c7cad36f19ad1fc16ba440
EXPORTER_SECRET 0f6e43bf7e9088fd26e8b9ecb94f9cdd471c85bfd8592cd9b455b024dbb60944 ccfb62bceb53b7d348b4d4a421262bd3a9ca9642fdd1c05ebc1f64f3e7b0ad20
CLIENT_HANDSHAKE_TRAFFIC_SECRET 24071cfeea55e7148166469e2d623b6bf1f021dbf48e29742eb7b049d87a3067 2745bdc1ddd05b195c6e261747cb0597f8e1c04c1dd30297aaea3ead8de03cec
SERVER_HANDSHAKE_TRAFFIC_SECRET 24071cfeea55e7148166469e2d623b6bf1f021dbf48e29742eb7b049d87a3067 3c18bc84a116af41f47efe028be4f9c6521d288746d6861bb6c4fc2256a116f4
CLIENT_HANDSHAKE_TRAFFIC_SECRET 3ac8b04a30a2291185c23e61b15c363af47fe2baa3e92fc27cba91fdd69a8135 bb16b6da4f32b718f63308aecfd44193951cdd3a1e7e6d1d59b1c937b708ef81
SERVER_HANDSHAKE_TRAFFIC_SECRET 3ac8b04a30a2291185c23e61b15c363af47fe2baa3e92fc27cba91fdd69a8135 96eb55c5aa9f3e18ae2bb2764e2771e5073aa326c9bb5bc6565bb59e41a87f4b
CLIENT_TRAFFIC_SECRET_0 24071cfeea55e7148166469e2d623b6bf1f021dbf48e29742eb7b049d87a3067 1aa35bb3bec7432f45c4244c53002f5106f7eb6950738247550ce3cb3a95d894
SERVER_TRAFFIC_SECRET_0 24071cfeea55e7148166469e2d623b6bf1f021dbf48e29742eb7b049d87a3067 4cbedb0a9b9c5e978a05c98fc8fdd913efd769c11681f5d018d68cd8fa50cae7
EXPORTER_SECRET 24071cfeea55e7148166469e2d623b6bf1f021dbf48e29742eb7b049d87a3067 0f0b2ad661a95e8216a4b6dcb8791b52efe43e4af7f53c21407da256035d6562
CLIENT_HANDSHAKE_TRAFFIC_SECRET 379514b8cec5d890960d03da8e1795a53ffaeb43ff480ba7afbd8b64fad3eb07 f9e3012c479566484ccdcd7fc6f2f32c377e452b523923d5f9114270a6685224
SERVER_HANDSHAKE_TRAFFIC_SECRET 379514b8cec5d890960d03da8e1795a53ffaeb43ff480ba7afbd8b64fad3eb07 211c05b667a6e50cd58d8b036d560fab9edd0db7e5885df5e3c6ab78c04582af
CLIENT_TRAFFIC_SECRET_0 3ac8b04a30a2291185c23e61b15c363af47fe2baa3e92fc27cba91fdd69a8135 e4c6d560b187d760df697d079e4c3858cd98155515b1c9b0c756ced514b67351
SERVER_TRAFFIC_SECRET_0 3ac8b04a30a2291185c23e61b15c363af47fe2baa3e92fc27cba91fdd69a8135 b89f1396ca5823917eec09b3b70562e95bdf0bfe091dc1c1170b2bec5cb5c73f
EXPORTER_SECRET 3ac8b04a30a2291185c23e61b15c363af47fe2baa3e92fc27cba91fdd69a8135 470142b6986cec1159ab977e857efe436307363f475a4d20f7420ac5b759cd6b
CLIENT_TRAFFIC_SECRET_0 379514b8cec5d890960d03da8e1795a53ffaeb43ff480ba7afbd8b64fad3eb07 14ffe861c5aa740b289b51e83a58f5c570fc14734099dfc93ec6e08de078b313
SERVER_TRAFFIC_SECRET_0 379514b8cec5d890960d03da8e1795a53ffaeb43ff480ba7afbd8b64fad3eb07 d39a8a36af49e4267306ba49fe6ff919f548caf242d946ec9d4d7ef0814d7d93
EXPORTER_SECRET 379514b8cec5d890960d03da8e1795a53ffaeb43ff480ba7afbd8b64fad3eb07 4722e96a8fc6c41a5089913f42033514e68bd66ce73254e8c4cb5a0b7f405f5e
CLIENT_HANDSHAKE_TRAFFIC_SECRET 9b78f367f4b632551cf186bedd6d04353caf68ce3f956233a9efc9fbb8f0e90a d28e75f2078c0c2bf72deaad7e76411a1dda178a14d61dd0415ad6d159cfcf3a
SERVER_HANDSHAKE_TRAFFIC_SECRET 9b78f367f4b632551cf186bedd6d04353caf68ce3f956233a9efc9fbb8f0e90a 853d4ab0a8cf8b1dbb40fa6a500737a00da4bdfee4bd8d3e4d9cbdad19d0724c
CLIENT_TRAFFIC_SECRET_0 9b78f367f4b632551cf186bedd6d04353caf68ce3f956233a9efc9fbb8f0e90a 4f0cd197fabd137555be51fd9895dd2e7cde91f12e77bf93a4f67b4e82512051
CLIENT_HANDSHAKE_TRAFFIC_SECRET 47331686112b496dfaba216ce998a2e795bb202ac6e63ddd1b397cb38ec6c809 19c58ec96f9a6c1453cb378cae1a8fff9b5cba067bb554d8c8882be756c2a555
SERVER_TRAFFIC_SECRET_0 9b78f367f4b632551cf186bedd6d04353caf68ce3f956233a9efc9fbb8f0e90a d4c9c98f6685b87817a5dc16c004e03078790f780be071423490c70df5f8527f
SERVER_HANDSHAKE_TRAFFIC_SECRET 47331686112b496dfaba216ce998a2e795bb202ac6e63ddd1b397cb38ec6c809 fab370886154b4768f3971205ed470402cfa75b0d5f191a3c3b75952bd794e4b
EXPORTER_SECRET 9b78f367f4b632551cf186bedd6d04353caf68ce3f956233a9efc9fbb8f0e90a 3db6adea41cb96b66a583218ebb02d44c3628628d610ec683fa123c9c8562c56
CLIENT_HANDSHAKE_TRAFFIC_SECRET ba213d1335dc94bf74465fd5e27c33a47eb52a103b13dfbe281e2bc4f5dce179 8e4b6308765cc12a9568279e5067b022864d9c35b379a14f4aa133d8e3137f31
SERVER_HANDSHAKE_TRAFFIC_SECRET ba213d1335dc94bf74465fd5e27c33a47eb52a103b13dfbe281e2bc4f5dce179 8c6e70ecce1a33fa47cf79b4e085e6bc5524538919ac9b571ae953a7c104e3a2
CLIENT_HANDSHAKE_TRAFFIC_SECRET 99d69a5b71b895b9787950b323768277ee78f22fae4f3d9505e672e2842d299d c85add0c031ff484de48cf08d5d3e14f99b5d3f791f8525ec7ad16f65f2ea60c
SERVER_HANDSHAKE_TRAFFIC_SECRET 99d69a5b71b895b9787950b323768277ee78f22fae4f3d9505e672e2842d299d 83ffeab43e70fdb13938fdeba313465a54a6a1ae2c9ff0b9b591e95fc8529af5
CLIENT_TRAFFIC_SECRET_0 ba213d1335dc94bf74465fd5e27c33a47eb52a103b13dfbe281e2bc4f5dce179 d728f7692ba225fa2acf87e3d0eed917015efe21865d8aecb34e1ce759a225f9
SERVER_TRAFFIC_SECRET_0 ba213d1335dc94bf74465fd5e27c33a47eb52a103b13dfbe281e2bc4f5dce179 0cf4184f26d9e5e607008a7bfd7c23b65930c68998fcf74715948cf6cbad19fc
EXPORTER_SECRET ba213d1335dc94bf74465fd5e27c33a47eb52a103b13dfbe281e2bc4f5dce179 3fb15e3a62a87d0d9ce6a7c1a5dc46a9dbf78e0d7f50d60085642f28194e307a
CLIENT_TRAFFIC_SECRET_0 47331686112b496dfaba216ce998a2e795bb202ac6e63ddd1b397cb38ec6c809 757b86fe50dc464cd7bd177f778b5ebf26a865d53d38bdcf94a03fe5a236acab
SERVER_TRAFFIC_SECRET_0 47331686112b496dfaba216ce998a2e795bb202ac6e63ddd1b397cb38ec6c809 4788cd3b3d239a83e101a051d4533866adb6912162d61bf425892dff93484b92
EXPORTER_SECRET 47331686112b496dfaba216ce998a2e795bb202ac6e63ddd1b397cb38ec6c809 5dc8eec1e0ed20076dc178f3f6ea0a3fcb1e225fc4fbc8cd85f7813a9e0bfee4
CLIENT_TRAFFIC_SECRET_0 99d69a5b71b895b9787950b323768277ee78f22fae4f3d9505e672e2842d299d e6585427bfedc1df1a90f89355ed305e37af30df5b6dda5cad04382c0b94bc50
SERVER_TRAFFIC_SECRET_0 99d69a5b71b895b9787950b323768277ee78f22fae4f3d9505e672e2842d299d 785fcaf16eee8d260231d1dcb2f6e824ab38b3ec1ed15547b9e73c1cc8601367
EXPORTER_SECRET 99d69a5b71b895b9787950b323768277ee78f22fae4f3d9505e672e2842d299d b728a1646a291b40ea9e19bf5f4658a729a7810f4774da34b431abf46b854022
CLIENT_HANDSHAKE_TRAFFIC_SECRET cebc9f0d43ed5d0879ea5625ad062ebae8cdbda7a99c4f3a35f8d641b5a171cc 3c61f261d9881ea8b3e4fb643b2fdf74e4f0d51214c02a9b1d2e713a84dbae9a
SERVER_HANDSHAKE_TRAFFIC_SECRET cebc9f0d43ed5d0879ea5625ad062ebae8cdbda7a99c4f3a35f8d641b5a171cc 95b1a0dcc5faf15ab1d376eb63999a004f0a1779c49c12a33f9eb427d613d066
CLIENT_TRAFFIC_SECRET_0 cebc9f0d43ed5d0879ea5625ad062ebae8cdbda7a99c4f3a35f8d641b5a171cc 08f235443f9e1cdd952530d0a4f7c5eb7c0eee46966f9a10e4ba562770f14a06
SERVER_TRAFFIC_SECRET_0 cebc9f0d43ed5d0879ea5625ad062ebae8cdbda7a99c4f3a35f8d641b5a171cc c9948368bc2b398ffc1d947c47bdfc7278f3366c7b40daa962793dbe0c5a89d6
EXPORTER_SECRET cebc9f0d43ed5d0879ea5625ad062ebae8cdbda7a99c4f3a35f8d641b5a171cc 4b33dd2e736e162e9ee7ecf3902b038392bbf3497340547aa14da8ce86625afe
CLIENT_HANDSHAKE_TRAFFIC_SECRET d1c134a5f2d89118638acd598414b4468e969cf43c12d7d3bc79021d292d09a7 7d4d2e9a39e565cee018d89cfd648f67fac60ab7f2b90ca41ed58a1c299e7722
SERVER_HANDSHAKE_TRAFFIC_SECRET d1c134a5f2d89118638acd598414b4468e969cf43c12d7d3bc79021d292d09a7 1edf031c1fc72d1f392649fde653ae0d5a14d86809b8d9a5290c9ea6d637400f
CLIENT_TRAFFIC_SECRET_0 d1c134a5f2d89118638acd598414b4468e969cf43c12d7d3bc79021d292d09a7 4deccdaa08f103956a2ff312ce4b6acf5108256242d42177ef31f8cb2e1d18d6
CLIENT_HANDSHAKE_TRAFFIC_SECRET b1d4f7d713f84b505db98c5303759dbf609d2de793fd8322348e236c2bae77fd 0068a44c542ee238f1231983da01a3f119ba60a252f569f84ad18c3401cfb3d1
SERVER_HANDSHAKE_TRAFFIC_SECRET b1d4f7d713f84b505db98c5303759dbf609d2de793fd8322348e236c2bae77fd 45c2dd6cd16dffd680a94419746a4875230515a60ed5679c2a201e93fc7b887f
SERVER_TRAFFIC_SECRET_0 d1c134a5f2d89118638acd598414b4468e969cf43c12d7d3bc79021d292d09a7 7bbe043448cb34923b518a3cf600f715e22f39b40d6a38a0856299447a9d7689
EXPORTER_SECRET d1c134a5f2d89118638acd598414b4468e969cf43c12d7d3bc79021d292d09a7 a50755803048384500d1763f446015ceab0ed9f9d9c349bd66daa8601d660607
CLIENT_HANDSHAKE_TRAFFIC_SECRET 8444b76d9418ced1029ccf19e8f6adae4f9de79fd08d8e3bf7a4bdaf16e795d3 70edb68760039a139157fd23f972b706c40bf8c2f835eaa794456c44edb8dbc4
SERVER_HANDSHAKE_TRAFFIC_SECRET 8444b76d9418ced1029ccf19e8f6adae4f9de79fd08d8e3bf7a4bdaf16e795d3 8d34f88a264dec152d52589a98b0afaf4f763275829f366744ba3cc5f7cb94d6
CLIENT_TRAFFIC_SECRET_0 b1d4f7d713f84b505db98c5303759dbf609d2de793fd8322348e236c2bae77fd 7e0252a21c60afb9d965c1bf9e6df49de90917a12bb32ba4acac2df079a67645
SERVER_TRAFFIC_SECRET_0 b1d4f7d713f84b505db98c5303759dbf609d2de793fd8322348e236c2bae77fd bd1b468f059e6193ca82c14674a8031898e3794273d86cddc9e277dff17bd146
EXPORTER_SECRET b1d4f7d713f84b505db98c5303759dbf609d2de793fd8322348e236c2bae77fd 3248b2d2a5a47d9d6fd232fd4289399686cb69de33d6c645d1e4bac23f0e7b9f
CLIENT_TRAFFIC_SECRET_0 8444b76d9418ced1029ccf19e8f6adae4f9de79fd08d8e3bf7a4bdaf16e795d3 0b1df314c1011197d5d3bc932187c3426e6c42dae55b138648f77c4bba989a2e
SERVER_TRAFFIC_SECRET_0 8444b76d9418ced1029ccf19e8f6adae4f9de79fd08d8e3bf7a4bdaf16e795d3 8911b4cb10281ff3a465ed1e54c7a23c47f74b0c78f5855e287029bdd0e8a2ce
EXPORTER_SECRET 8444b76d9418ced1029ccf19e8f6adae4f9de79fd08d8e3bf7a4bdaf16e795d3 8b3aaa0527f2c0a31c767075382fe907692ce3db74dfb9af547eaea29632ee8b
CLIENT_HANDSHAKE_TRAFFIC_SECRET 4f77f659d69d669a153ba816af6c227ad02829917c923ede43a88dd2f78501e7 3dd4570eb6f47c1002f3ed1b09350c749fad080aa6586082dc39b5306f583b7f
SERVER_HANDSHAKE_TRAFFIC_SECRET 4f77f659d69d669a153ba816af6c227ad02829917c923ede43a88dd2f78501e7 410e32ebd317b6b444e94f11aa93f002aeaeb1750003515c8f2b0b76b9b61933
CLIENT_HANDSHAKE_TRAFFIC_SECRET f07155ffd957fb3bcdfb2d956ac71109e913b1bac8d74a93333734c2f6116b48 86ee56a02375c6c9197fd63151469929e9b0001a0593c5bae61b79126a9b6895
SERVER_HANDSHAKE_TRAFFIC_SECRET f07155ffd957fb3bcdfb2d956ac71109e913b1bac8d74a93333734c2f6116b48 c46a210fd17f05a96da5fa5c377c01205e9351e9d026def58c38a570b600e7cd
CLIENT_HANDSHAKE_TRAFFIC_SECRET 041647448e1637d4ee1d1be0283b5eacc4d3a121539ec253660a4390dedf62e7 7d2b8e662c3d8668e23eff6c9c6420949ced227a8270392a0feb0baa6e0ce0e9
SERVER_HANDSHAKE_TRAFFIC_SECRET 041647448e1637d4ee1d1be0283b5eacc4d3a121539ec253660a4390dedf62e7 00ddaa2425d6b0e72a347033acc908aa0923ff3faed771c32ca31ebd01e33c08
CLIENT_TRAFFIC_SECRET_0 f07155ffd957fb3bcdfb2d956ac71109e913b1bac8d74a93333734c2f6116b48 2b4806a9d1053edcc764329f4f1b03cc6c9a792d99b47f3a9247ffea227f3d07
SERVER_TRAFFIC_SECRET_0 f07155ffd957fb3bcdfb2d956ac71109e913b1bac8d74a93333734c2f6116b48 b2109855019e68ab5a020137f66642a29608432173d0871fc489dfe9f8c5198d
EXPORTER_SECRET f07155ffd957fb3bcdfb2d956ac71109e913b1bac8d74a93333734c2f6116b48 cd725b65fc1feb8320d7837b43dda1897321c0691448563a9397084f6b731e86
CLIENT_TRAFFIC_SECRET_0 041647448e1637d4ee1d1be0283b5eacc4d3a121539ec253660a4390dedf62e7 b95a96931a40d8ff361c2499f44292f0c72ebf6b9f939e81a0223fa411c5b122
SERVER_TRAFFIC_SECRET_0 041647448e1637d4ee1d1be0283b5eacc4d3a121539ec253660a4390dedf62e7 496332cc7232068407a4be0781e4b41bd422abf3b2ac6a5abead6f4d51a7ee89
EXPORTER_SECRET 041647448e1637d4ee1d1be0283b5eacc4d3a121539ec253660a4390dedf62e7 6e279690a91a90be643a14b03dc9dc108081e5b8bdc537cf930c2e19f621a247
CLIENT_TRAFFIC_SECRET_0 4f77f659d69d669a153ba816af6c227ad02829917c923ede43a88dd2f78501e7 6dda4544aa61599d7b1d57af112c7094c0157992f9bcc18a5342e79c07d5af6a
SERVER_TRAFFIC_SECRET_0 4f77f659d69d669a153ba816af6c227ad02829917c923ede43a88dd2f78501e7 732e7d219d04fa3e38f82956282d0846d60593c8d4f29a94aff4d136217663a0
EXPORTER_SECRET 4f77f659d69d669a153ba816af6c227ad02829917c923ede43a88dd2f78501e7 d0c0bf482d82ecf6c5c7b0df5b972694660f1d0e7a9c3cac361cb3263dc10971
CLIENT_HANDSHAKE_TRAFFIC_SECRET 0b322fbf18cd74ea109dfcff783db3ce08c68dcea2c23aba81e860b677858ffc 41faa72ca6ef32cb01257216ef57bedfe37660c1b662a4226a83d5e2bc87aa6d
SERVER_HANDSHAKE_TRAFFIC_SECRET 0b322fbf18cd74ea109dfcff783db3ce08c68dcea2c23aba81e860b677858ffc c09039b9633b98b2ec220c92512d1f3522cbbcbab1a48af40451747f3553ce6b
CLIENT_TRAFFIC_SECRET_0 0b322fbf18cd74ea109dfcff783db3ce08c68dcea2c23aba81e860b677858ffc 5fda77b5d7a7eefd5ccad00eaa292807fdf0cac1c060c61d5322b5c26796f74f
SERVER_TRAFFIC_SECRET_0 0b322fbf18cd74ea109dfcff783db3ce08c68dcea2c23aba81e860b677858ffc e524d42179299d96a26124d8cefed97bd577445c56b1d784884bb5822e6065d3
EXPORTER_SECRET 0b322fbf18cd74ea109dfcff783db3ce08c68dcea2c23aba81e860b677858ffc 10943a3914459cc0e48f57aa41f8f70806539642056842d0c2229c95d3daa90b
