CLIENT_HANDSHAKE_TRAFFIC_SECRET 5ae5385073535aeb7e159fdac6ce62f105b516cac387224ae3ac6ce34fa15c5d d43d3d61c811dba32b3acfd3430811f1c3a2576f5e5f3fed833b0a43800a1892
SERVER_HANDSHAKE_TRAFFIC_SECRET 5ae5385073535aeb7e159fdac6ce62f105b516cac387224ae3ac6ce34fa15c5d 3c2408753dbe30bd0fbe22c7f4660a416112ac5cc74d56f19ceec004f4bd74c2
CLIENT_TRAFFIC_SECRET_0 5ae5385073535aeb7e159fdac6ce62f105b516cac387224ae3ac6ce34fa15c5d dbef1aa31e9053166936c40636e84c4ec29bcd504e906e4c666bdbe62514a7d3
SERVER_TRAFFIC_SECRET_0 5ae5385073535aeb7e159fdac6ce62f105b516cac387224ae3ac6ce34fa15c5d 4e8ecec3ffd3b0a72ec67db842f337ddb766f4ec08367b12eaadf02591bc37f4
EXPORTER_SECRET 5ae5385073535aeb7e159fdac6ce62f105b516cac387224ae3ac6ce34fa15c5d a5b26b536847257a492c7ca722040d6f9cfa27719347165a5aa7dfecd67234fc
CLIENT_HANDSHAKE_TRAFFIC_SECRET 4e80b1ef5791378a9a75ae3bf22421d154098ed89e06f70c59a546805be97c67 a47f3b1105eb27896b9f483ceee4c2a7b884b77d6e000e1590e394d155636d4b
SERVER_HANDSHAKE_TRAFFIC_SECRET 4e80b1ef5791378a9a75ae3bf22421d154098ed89e06f70c59a546805be97c67 e70cb26fa69dc3d7553fc14642fb145fe7f8a3a8b5702d3cd2d0e4959c0d7a1c
CLIENT_TRAFFIC_SECRET_0 4e80b1ef5791378a9a75ae3bf22421d154098ed89e06f70c59a546805be97c67 8caf5ce436d411de7bb562a4d84d7cf185fea8d9f75950ca2063cb97a7fdbe94
SERVER_TRAFFIC_SECRET_0 4e80b1ef5791378a9a75ae3bf22421d154098ed89e06f70c59a546805be97c67 16a980ebe40fe094b17748e410ef52d604a69a60a8df8bdcf32094a573ba6127
EXPORTER_SECRET 4e80b1ef5791378a9a75ae3bf22421d154098ed89e06f70c59a546805be97c67 48236a75d73da4c248df8dcfd2cd76576f05780266f972f0585968684c37779d
CLIENT_HANDSHAKE_TRAFFIC_SECRET d2ae6b5b7e09bcdaf4582ba0d91ff76f10e860aefce509410014a41927fdb003 df05cce986ce9a12c6f63930fdc6f90ef60ed1996a2738abc0c4a8ad45cc0277
SERVER_HANDSHAKE_TRAFFIC_SECRET d2ae6b5b7e09bcdaf4582ba0d91ff76f10e860aefce509410014a41927fdb003 5d64f2299f4501695cc2874134198762a8e076ea7a95dcb4515c38eaddd101c8
CLIENT_HANDSHAKE_TRAFFIC_SECRET d67a4ec5e6b078d89209bccb7a2faf49593f3a04641ed9abef05319f63bdba25 80ab8f44e394f76c723a8c9918a68c6271574aefeb1f7f93699023cd2d29380b
SERVER_HANDSHAKE_TRAFFIC_SECRET d67a4ec5e6b078d89209bccb7a2faf49593f3a04641ed9abef05319f63bdba25 1c527137a502e08c9f9f9310a5f1fe1a83033b56d31001f508134fff0d478e99
CLIENT_HANDSHAKE_TRAFFIC_SECRET 827e51468179e3f479036dc0694ca71dc5759cff9b287ebcc08e4eab4d022f20 4e591ec919d41f4489c2fcfe8381c09a6d73078dc4c5d646d0599b05bbb44473
SERVER_HANDSHAKE_TRAFFIC_SECRET 827e51468179e3f479036dc0694ca71dc5759cff9b287ebcc08e4eab4d022f20 5ae6167cdef2931999c43bc8b7862eaca51ebe44e1b9faf8b5d3c1a8dfecea1f
CLIENT_TRAFFIC_SECRET_0 d2ae6b5b7e09bcdaf4582ba0d91ff76f10e860aefce509410014a41927fdb003 8862c1d405ffd775ce96dedd86c922b35fad6be670eed6f987942bc87f9ce09c
SERVER_TRAFFIC_SECRET_0 d2ae6b5b7e09bcdaf4582ba0d91ff76f10e860aefce509410014a41927fdb003 0c5e9addde1b26aec9519721abbe694b4c6f766eef2e9cc363d413521685aa5f
CLIENT_TRAFFIC_SECRET_0 d67a4ec5e6b078d89209bccb7a2faf49593f3a04641ed9abef05319f63bdba25 99613ddb2f40847f7fddf7ba2d603b1e62e6a31715b2e990739c5aa60c47c627
SERVER_TRAFFIC_SECRET_0 d67a4ec5e6b078d89209bccb7a2faf49593f3a04641ed9abef05319f63bdba25 0c733136b4a3f765b9104f6d5a57c5b071ccb2500816b77f1c55f30de2befa3f
EXPORTER_SECRET d67a4ec5e6b078d89209bccb7a2faf49593f3a04641ed9abef05319f63bdba25 ca9d1ae42ddab7f1fadd452555117277e66ba3d94b403832474e0648244a6483
EXPORTER_SECRET d2ae6b5b7e09bcdaf4582ba0d91ff76f10e860aefce509410014a41927fdb003 08743e633ec42ec81911d2694e4db399873cbe4b64730bd88ebd25423b6ec33b
CLIENT_HANDSHAKE_TRAFFIC_SECRET 771cea2497fc124028a5516083ec7539c9e29a6558d3c0e302f56c166169730b 71b18db9141bc489db0d8fd70e619489dd8a59d1b08f8d78e261ae5593011540
SERVER_HANDSHAKE_TRAFFIC_SECRET 771cea2497fc124028a5516083ec7539c9e29a6558d3c0e302f56c166169730b 3649ea64e770122972e63165c798d24bbc35d3b9dd4e894ce7027c781a890e5c
CLIENT_TRAFFIC_SECRET_0 827e51468179e3f479036dc0694ca71dc5759cff9b287ebcc08e4eab4d022f20 97d233d6adc8c0d3a37aa9f4f1bc59843ff93dd540609d1eaf779e34c6142441
SERVER_TRAFFIC_SECRET_0 827e51468179e3f479036dc0694ca71dc5759cff9b287ebcc08e4eab4d022f20 14748a06f6c7f7f2242097c0ec7abc55135bf5b98bdc6a1745b83d6f2552608f
EXPORTER_SECRET 827e51468179e3f479036dc0694ca71dc5759cff9b287ebcc08e4eab4d022f20 2cae221041c3f9fba5b470f745df1040bd6a6efd1ef9eeecba8b40ef87ea9e6d
CLIENT_TRAFFIC_SECRET_0 771cea2497fc124028a5516083ec7539c9e29a6558d3c0e302f56c166169730b 2f4d41a7a3d40bf89f23e166568402815ed28e1c72f7c33823269a44cf5d4554
SERVER_TRAFFIC_SECRET_0 771cea2497fc124028a5516083ec7539c9e29a6558d3c0e302f56c166169730b 1919bac331b14748f8421bf3ee675d1e419cdb67648248664032b39960f91028
EXPORTER_SECRET 771cea2497fc124028a5516083ec7539c9e29a6558d3c0e302f56c166169730b 30a211ca72398ae4460451ff841c81efb94ec21bdb5d11c9c562c374625e95e7
CLIENT_HANDSHAKE_TRAFFIC_SECRET 8f439214773606e86531b059675f0bb999a51451e92ac0ed0dac6d7e90b9df02 6c0036e5c9d4cb5135414391f8ebc89796b9485a1de0cc1acab4a154959529cb
SERVER_HANDSHAKE_TRAFFIC_SECRET 8f439214773606e86531b059675f0bb999a51451e92ac0ed0dac6d7e90b9df02 bb33109e8b9acb399fcf2383b168344442ade53160e61bbd9e0a372e6ff90da8
CLIENT_HANDSHAKE_TRAFFIC_SECRET b3557a3b8fa0294e48cea07f71a9aca4543b93020225be721f7495ba9a38cc26 8e9b65a9ac99dc5c523dbd96014512609faba73899650e99ebd89b60b454f6c9
SERVER_HANDSHAKE_TRAFFIC_SECRET b3557a3b8fa0294e48cea07f71a9aca4543b93020225be721f7495ba9a38cc26 499d99836c8fbfc9d03b4cdbf39b322639d2a845052659a877ee30020e265228
CLIENT_TRAFFIC_SECRET_0 8f439214773606e86531b059675f0bb999a51451e92ac0ed0dac6d7e90b9df02 eafc5c1a2862f2b242af02667a1d861c69af2de4ec607e13adfe111c964e6024
SERVER_TRAFFIC_SECRET_0 8f439214773606e86531b059675f0bb999a51451e92ac0ed0dac6d7e90b9df02 3cc47a54919f98d1b9c00d42a8dc410e06b2629352d32c06ce26f2a7a55d2f43
EXPORTER_SECRET 8f439214773606e86531b059675f0bb999a51451e92ac0ed0dac6d7e90b9df02 8ca559d86ffc44befbbdf23ec85ac80da3600edcb7ecc611ad0457b445cbbab7
CLIENT_TRAFFIC_SECRET_0 b3557a3b8fa0294e48cea07f71a9aca4543b93020225be721f7495ba9a38cc26 f861fa230fbd120d6a69c9777961c2ae4c0baa5216fb614f2fd43f44aa77af9f
SERVER_TRAFFIC_SECRET_0 b3557a3b8fa0294e48cea07f71a9aca4543b93020225be721f7495ba9a38cc26 89f3d1993a52a41cf15457805ce4885e0b0c1954528e0a9ad903eab591784b13
EXPORTER_SECRET b3557a3b8fa0294e48cea07f71a9aca4543b93020225be721f7495ba9a38cc26 dda862168f58ae39f4416164f26fd65ddb409760fc1d258a78c824a521700cfa
CLIENT_HANDSHAKE_TRAFFIC_SECRET db33d90fa93be28fdd2e91f67bb7555d5c3cea318faa00d6234dad115834f20b fb9a0e6c4256c9d279b74284382f8a92dd22711598f33904b42e211bdb40b7ba
SERVER_HANDSHAKE_TRAFFIC_SECRET db33d90fa93be28fdd2e91f67bb7555d5c3cea318faa00d6234dad115834f20b 28b5879ec6389199a2bab6176437aa212a981c284cf25afd1f24bc9ae1e7eb5e
CLIENT_TRAFFIC_SECRET_0 db33d90fa93be28fdd2e91f67bb7555d5c3cea318faa00d6234dad115834f20b b62412a4df671af8f0d2785733dc5e6021531d0b67bd36ebed0e83afbdde6179
SERVER_TRAFFIC_SECRET_0 db33d90fa93be28fdd2e91f67bb7555d5c3cea318faa00d6234dad115834f20b 09919095f69c41d24d53e6527c40aa4a909c8991736ee4116304b1ad2f02028e
EXPORTER_SECRET db33d90fa93be28fdd2e91f67bb7555d5c3cea318faa00d6234dad115834f20b 77c9d791590c7002259baad0335e28f0fc5ae2072c298de47d70e591148589f5
CLIENT_HANDSHAKE_TRAFFIC_SECRET ced86c084d8ccd24538dc79fe5e90a6c52fb14a8d7eca53ac04873f86ab44155 2c545dec623d29a45c8e3e07d6a2c85654651d0d5a3030654fff9d7ca44022be
SERVER_HANDSHAKE_TRAFFIC_SECRET ced86c084d8ccd24538dc79fe5e90a6c52fb14a8d7eca53ac04873f86ab44155 44742d1cfccddd4c25129c05b3cd11d47bd42b758d53e279985706dc38877718
CLIENT_HANDSHAKE_TRAFFIC_SECRET 5f07aa2820d38e84d51d273bdb9c385d789ecebc5b24e2ce6ee6d7a7532c7660 edafa20e8bdd951173208edeb5d79cd162cd2da57ca535b3cc66194bdd1c48dd
SERVER_HANDSHAKE_TRAFFIC_SECRET 5f07aa2820d38e84d51d273bdb9c385d789ecebc5b24e2ce6ee6d7a7532c7660 16f95464e0b9b00f0da9a271e8fe9a053bc562449cc463e239c06f4b6a31b0fc
CLIENT_HANDSHAKE_TRAFFIC_SECRET 561c71ef7e69581a91e6bc2d9f91dcd3ae9c9c588ef657a2fb92b32f550046e3 027c9858d3d8fc152e7ae58d6da6cb606ff67a41783842e961f652556ba5a35b
SERVER_HANDSHAKE_TRAFFIC_SECRET 561c71ef7e69581a91e6bc2d9f91dcd3ae9c9c588ef657a2fb92b32f550046e3 84c47cc16edbbecbe5f68543c312fd71f8759fc7804d63cc362a5a79fbc89cef
CLIENT_TRAFFIC_SECRET_0 5f07aa2820d38e84d51d273bdb9c385d789ecebc5b24e2ce6ee6d7a7532c7660 f945509d4490e957def2968c22ad7aa2e40ed045fb78a3b32000fa0cb38756b8
SERVER_TRAFFIC_SECRET_0 5f07aa2820d38e84d51d273bdb9c385d789ecebc5b24e2ce6ee6d7a7532c7660 711fe52451d2102679b887792eeb98a39649bb513f44ecc9393b23499b6d7dca
CLIENT_TRAFFIC_SECRET_0 ced86c084d8ccd24538dc79fe5e90a6c52fb14a8d7eca53ac04873f86ab44155 d8cb49bcd0056dfdaabd7b21cab07967c0485a07d21eec025e3a5a611e6248ca
EXPORTER_SECRET 5f07aa2820d38e84d51d273bdb9c385d789ecebc5b24e2ce6ee6d7a7532c7660 9d72925cf35f728d81370e4af22201bec92b4496a7c511df8a6295466ea90151
SERVER_TRAFFIC_SECRET_0 ced86c084d8ccd24538dc79fe5e90a6c52fb14a8d7eca53ac04873f86ab44155 af21224c0700652458aff800701ca43b68fae629698db74c6c523c825f61024f
EXPORTER_SECRET ced86c084d8ccd24538dc79fe5e90a6c52fb14a8d7eca53ac04873f86ab44155 759e9603df61f7efea0e7cc6e4dd72c934fedaaf4f4ff16a2acc01e27f9b6d85
CLIENT_TRAFFIC_SECRET_0 561c71ef7e69581a91e6bc2d9f91dcd3ae9c9c588ef657a2fb92b32f550046e3 24f4c87473003d8e90e80714eb775aeebc31f0050071cf85811da75780f7cc6f
SERVER_TRAFFIC_SECRET_0 561c71ef7e69581a91e6bc2d9f91dcd3ae9c9c588ef657a2fb92b32f550046e3 01fd627cd55c3f243a19f396518c3bb0264a45a3d683417785c0045c53cbf10e
EXPORTER_SECRET 561c71ef7e69581a91e6bc2d9f91dcd3ae9c9c588ef657a2fb92b32f550046e3 a0c67d5fb9cc983161fc947ce9880f29f25df3da24137bb073c957e313f1a18e
