CLIENT_HANDSHAKE_TRAFFIC_SECRET a1e07a291ce662d3c9dc26aab272b6641e0b3e1166574e2d354e3f2f8a3c58d2 bba7a79f4f9147423aeb95f9fcc4af0b708d93a5467469164da2879aad98cb30
SERVER_HANDSHAKE_TRAFFIC_SECRET a1e07a291ce662d3c9dc26aab272b6641e0b3e1166574e2d354e3f2f8a3c58d2 a3758e7ffa35e2abb8f67c47dce9b3bc00fc1ae1b7b4bcd2e5e16a868d1f3c0c
CLIENT_TRAFFIC_SECRET_0 a1e07a291ce662d3c9dc26aab272b6641e0b3e1166574e2d354e3f2f8a3c58d2 5bf9ba14a312dd088e1b178476c13888cdd5ddfcdfdbdd2a0269f8f0c5e8e521
SERVER_TRAFFIC_SECRET_0 a1e07a291ce662d3c9dc26aab272b6641e0b3e1166574e2d354e3f2f8a3c58d2 672d295c0dacd449ac6eaebc3e572f96d29b014a17194dc628bf17e0762885f0
EXPORTER_SECRET a1e07a291ce662d3c9dc26aab272b6641e0b3e1166574e2d354e3f2f8a3c58d2 273190e8134b34b502358eb9d5a42c72ee7783e265e37e61aa0dfdaea883d73a
CLIENT_HANDSHAKE_TRAFFIC_SECRET b18d904fa7e2fd9d0686aa1acd414c7274bd52edfc8dbd5e676fd7e5f1d91752 18e9beab22cba0c3d6de4c8faf84689ca23176d1c792dc6538af831b0c542e60
SERVER_HANDSHAKE_TRAFFIC_SECRET b18d904fa7e2fd9d0686aa1acd414c7274bd52edfc8dbd5e676fd7e5f1d91752 8841718418f303b891967083c417e3b6eb4f2b8779fa8309798dc4f87ca74859
CLIENT_TRAFFIC_SECRET_0 b18d904fa7e2fd9d0686aa1acd414c7274bd52edfc8dbd5e676fd7e5f1d91752 c3a70c98ba8a4d203325bdceb63fd132ba1821bc460cb84218b2b24a8e030ae7
SERVER_TRAFFIC_SECRET_0 b18d904fa7e2fd9d0686aa1acd414c7274bd52edfc8dbd5e676fd7e5f1d91752 c4398cacd09766064c8a3f1a8489c3a1588152a52e96e0d23a07bd0ae07b7248
EXPORTER_SECRET b18d904fa7e2fd9d0686aa1acd414c7274bd52edfc8dbd5e676fd7e5f1d91752 66202e95fedf6b8c08ede82a9e183dd2d629c61f6394572bbea02e66d70423fe
CLIENT_HANDSHAKE_TRAFFIC_SECRET de3db64aaf4432c386a8e9c0dfee8cf7368141f8f2b423e6ae96fd9a83954f3b 74465aeba7dca0a639b811aafd0f76e10df1d4fbff27072f4df1190141a5d0f7
CLIENT_HANDSHAKE_TRAFFIC_SECRET 575a82720f7eb22007827f36bf92a08f8a50c3d88a0600c4fc15dce6d0496255 83d35b8bb97f49a6a8d9d7a34b4de79359a293ae6663d69df383bcb86044c0aa
SERVER_HANDSHAKE_TRAFFIC_SECRET de3db64aaf4432c386a8e9c0dfee8cf7368141f8f2b423e6ae96fd9a83954f3b be1bc23595e114b37283ba73270fb3bfe078e719150fc0755cca8c7dbe2110c2
SERVER_HANDSHAKE_TRAFFIC_SECRET 575a82720f7eb22007827f36bf92a08f8a50c3d88a0600c4fc15dce6d0496255 b16cca45620168a87c066c8f7cf334c4563e6ca5c80bdb1dc1dee313f2314cec
CLIENT_TRAFFIC_SECRET_0 de3db64aaf4432c386a8e9c0dfee8cf7368141f8f2b423e6ae96fd9a83954f3b 1cd44243c3989ef9528449ee9599ddc2e607921e6a83b001dd6eca38ebf347d7
SERVER_TRAFFIC_SECRET_0 de3db64aaf4432c386a8e9c0dfee8cf7368141f8f2b423e6ae96fd9a83954f3b 5b45c5beeb2f06a48ce50108ddde49ff38e7619448e0010ebb1f29ae659f8c8e
EXPORTER_SECRET de3db64aaf4432c386a8e9c0dfee8cf7368141f8f2b423e6ae96fd9a83954f3b ba456ada5bab465370df8e502d2849d20005d7bc465dcbbdc71be3e3e7d38324
CLIENT_TRAFFIC_SECRET_0 575a82720f7eb22007827f36bf92a08f8a50c3d88a0600c4fc15dce6d0496255 bdf0ef67e8598136f336573bfd96678f8a730e3846d56ce1e6368bba7fbcee62
SERVER_TRAFFIC_SECRET_0 575a82720f7eb22007827f36bf92a08f8a50c3d88a0600c4fc15dce6d0496255 0acd4e5bde7fc69e66007a6f7aa46778d3961e7b896c99f8959e0377591544c4
EXPORTER_SECRET 575a82720f7eb22007827f36bf92a08f8a50c3d88a0600c4fc15dce6d0496255 0ba3b36a7f831270ba95c3aabdd34b2d09fb82c92b76f5171d163ce162e0c732
CLIENT_HANDSHAKE_TRAFFIC_SECRET a0a9b6ea8cf13042d0d11089160dda218bcbf73ef385fe06e14505a38564b53c b9509e00681ce5b5b86b683eb4b166a00ce1b806a9eb7fdbf316e2fa37df28e5
SERVER_HANDSHAKE_TRAFFIC_SECRET a0a9b6ea8cf13042d0d11089160dda218bcbf73ef385fe06e14505a38564b53c bb6b0288fcb6278840bce60b1bdd0b0fdb6ef577119aee41df162f8584e49a80
CLIENT_TRAFFIC_SECRET_0 a0a9b6ea8cf13042d0d11089160dda218bcbf73ef385fe06e14505a38564b53c 45900305bc3d163a07b6e36ded52a5a0826a00faa99500fad0c077f0824886fe
SERVER_TRAFFIC_SECRET_0 a0a9b6ea8cf13042d0d11089160dda218bcbf73ef385fe06e14505a38564b53c dba1780aa66b91939f32d2c1fd88aa80a8dec27528bcb8c2ec8cd85e937909cc
EXPORTER_SECRET a0a9b6ea8cf13042d0d11089160dda218bcbf73ef385fe06e14505a38564b53c 31f5e2974ee1f74770f444ce0e70b99d5c5d85b3fd8ae26963e8d242673343e3
CLIENT_HANDSHAKE_TRAFFIC_SECRET 9bc2340039e1cf440621d6a1ae93021e7454bf8895a86272b05c8dfa813de181 14f9f81f586edf37c93601328cf73c23abe434ed572269c1c2c8174746544d7d
SERVER_HANDSHAKE_TRAFFIC_SECRET 9bc2340039e1cf440621d6a1ae93021e7454bf8895a86272b05c8dfa813de181 ed5aa43f8754235ac1618fca42d10ec9841f16716117d6806fffb11280feb303
CLIENT_HANDSHAKE_TRAFFIC_SECRET c54bbc699415e5553b5798939093b23830b1d036308f01fbf6fea37f578dc564 805646c9749eb49098216576ec229fdf6cac9e8f5796d4017c4a93cf514dfa49
SERVER_HANDSHAKE_TRAFFIC_SECRET c54bbc699415e5553b5798939093b23830b1d036308f01fbf6fea37f578dc564 d280769356139320fa5e3bbc1c31866b32b0425a3883deca8ff319993d9bcdbd
CLIENT_HANDSHAKE_TRAFFIC_SECRET 528e42e1387ce83d47bdcce96b9ef6ce73c366403bb8c4e3ec4d20f732be3c59 ea55a1cda44626aeb1399a27f5051cf6a361182550d69985c88f348f3d714de2
SERVER_HANDSHAKE_TRAFFIC_SECRET 528e42e1387ce83d47bdcce96b9ef6ce73c366403bb8c4e3ec4d20f732be3c59 a3248436dc9565d32f1c7158a39695350a7098982acc303061333c964a1e77a0
CLIENT_HANDSHAKE_TRAFFIC_SECRET a80a98e4d898d06c0300f697e4887fcd176c28a1f1787b848c279f6ab5be1984 c2bfc537a559214cdc6710f80fb112f640d0f8712b4a68f47f6db0e02e20968b
SERVER_HANDSHAKE_TRAFFIC_SECRET a80a98e4d898d06c0300f697e4887fcd176c28a1f1787b848c279f6ab5be1984 f19feb87139710494b2a29b14204dbf68888f76fd852d056cf377a45cd7a9a5e
CLIENT_TRAFFIC_SECRET_0 528e42e1387ce83d47bdcce96b9ef6ce73c366403bb8c4e3ec4d20f732be3c59 6d9c2ff4f0d8d3aa9439cb1a7583c7f0b4dc8a94410cc4406de8f934cce83bc1
CLIENT_TRAFFIC_SECRET_0 9bc2340039e1cf440621d6a1ae93021e7454bf8895a86272b05c8dfa813de181 059f45f2daecb058590be1fd65d64907f6024c2072bc148703beca03281e4d50
SERVER_TRAFFIC_SECRET_0 528e42e1387ce83d47bdcce96b9ef6ce73c366403bb8c4e3ec4d20f732be3c59 3e1df1f9ee735941c4ae94efb5762fd919111eb7f8b78885d0fc97a91f3e482d
SERVER_TRAFFIC_SECRET_0 9bc2340039e1cf440621d6a1ae93021e7454bf8895a86272b05c8dfa813de181 17b1f7d7955e82ca44fc7f504fe53a33452b2e197815eb5fd65b5d0c1faef53d
EXPORTER_SECRET 528e42e1387ce83d47bdcce96b9ef6ce73c366403bb8c4e3ec4d20f732be3c59 f518439df7d1f5d9bc89b152549aa807c76c26b766ffe82399a186c9a46890f3
CLIENT_TRAFFIC_SECRET_0 c54bbc699415e5553b5798939093b23830b1d036308f01fbf6fea37f578dc564 129a9f82db91348f73580b7217d678d7e59a6c6483d4988b57f30734ed111ba2
EXPORTER_SECRET 9bc2340039e1cf440621d6a1ae93021e7454bf8895a86272b05c8dfa813de181 05b18e156d7a367301957a7591a8ec4cb09e2952e5784a1af648dbf3e11d8618
SERVER_TRAFFIC_SECRET_0 c54bbc699415e5553b5798939093b23830b1d036308f01fbf6fea37f578dc564 38b670986357cf2254f0846fc4514d4295182b2e85ade7e597f7ba66f02ac69e
EXPORTER_SECRET c54bbc699415e5553b5798939093b23830b1d036308f01fbf6fea37f578dc564 7749e4da4a13e516c84b19e1c687edbdfd39f542bc3277b8e2e1229fce5ed927
CLIENT_TRAFFIC_SECRET_0 a80a98e4d898d06c0300f697e4887fcd176c28a1f1787b848c279f6ab5be1984 933cd8d89e5145f1ae0923856270cc113ca0338529399bb1b5003f9c5edc2c84
SERVER_TRAFFIC_SECRET_0 a80a98e4d898d06c0300f697e4887fcd176c28a1f1787b848c279f6ab5be1984 74c4eae15999426c25ab28533bb2b5d13af35fe99f4e43b31ca467bae9e9325a
EXPORTER_SECRET a80a98e4d898d06c0300f697e4887fcd176c28a1f1787b848c279f6ab5be1984 739ae7c27de5389b177ff54aec7e6200d341063baa69f1abc2fa4afa023f9cc4
CLIENT_HANDSHAKE_TRAFFIC_SECRET c88727e70e580265a6fd186da98ba0b92c057961ba54fd544baad535fde84bc2 b5c8ce94aa8dec1150461ff8a59e44d029f9ecc033dc69ab195c03a6dbcb88e4
SERVER_HANDSHAKE_TRAFFIC_SECRET c88727e70e580265a6fd186da98ba0b92c057961ba54fd544baad535fde84bc2 0c205e3eaa66915618e46a7a43f466b226b5191e50ec0a80f78564cb5135c4e2
CLIENT_TRAFFIC_SECRET_0 c88727e70e580265a6fd186da98ba0b92c057961ba54fd544baad535fde84bc2 a5a73616d43350867c44888e8729a074b82eab1d6394219189e6fee9f38b521a
SERVER_TRAFFIC_SECRET_0 c88727e70e580265a6fd186da98ba0b92c057961ba54fd544baad535fde84bc2 4b9bc127722e7af0ea184c97552cc16cca98543937561fbbb12a607e062fa9c4
EXPORTER_SECRET c88727e70e580265a6fd186da98ba0b92c057961ba54fd544baad535fde84bc2 20f54673a62184e8aade8288383ab21054a946f319b93e03f5297a45bbfa9c1f
