CLIENT_HANDSHAKE_TRAFFIC_SECRET 5f6ffd0d0ed29c1b0d146444761290494a373f300d15a886d23b5d9ba975a769 ac707e4c9c69457932d29b92f3de9f49694eabd2032c72367dc95839908ebf70
SERVER_HANDSHAKE_TRAFFIC_SECRET 5f6ffd0d0ed29c1b0d146444761290494a373f300d15a886d23b5d9ba975a769 b3c902bef7f7ef346feeee7cf3d629a919b2825cbf91abde11bce2838735f8b1
CLIENT_TRAFFIC_SECRET_0 5f6ffd0d0ed29c1b0d146444761290494a373f300d15a886d23b5d9ba975a769 f2f5ccb5f28f07548d795fc7e8c52a01b59afb2237833d77f5e0ea2654adb09e
SERVER_TRAFFIC_SECRET_0 5f6ffd0d0ed29c1b0d146444761290494a373f300d15a886d23b5d9ba975a769 8ef9d8f645446eae6ca8543807ed68e7920eef34af1cc4a8f88863115bbc234d
EXPORTER_SECRET 5f6ffd0d0ed29c1b0d146444761290494a373f300d15a886d23b5d9ba975a769 4247e65e91e1e496f2f76d5878f0cc397cc6148997c9d6d6d5d6be7be4d45fe9
CLIENT_HANDSHAKE_TRAFFIC_SECRET 750f61b59b458651eb3fc287afec4c04a6e8ce713e581687a160553e6cbcbdcf 6e80735b82a1d5de9bf2dd7e1f2647629bf144a5b3b7acfe992efc2dce8988d3
SERVER_HANDSHAKE_TRAFFIC_SECRET 750f61b59b458651eb3fc287afec4c04a6e8ce713e581687a160553e6cbcbdcf 96befbaa4c0def0ffbea511ce1d0b0906bbb2d4e44e01e25c18ce17f4203db50
CLIENT_HANDSHAKE_TRAFFIC_SECRET d9c953cd4f9c788ca08074880a6f984a98f5bff18adca8fec297969df38fbbc8 c31c10f5bb1a69d4e7ac623f19e182aa5a7cea08d4e658fa25c4637344faec6c
SERVER_HANDSHAKE_TRAFFIC_SECRET d9c953cd4f9c788ca08074880a6f984a98f5bff18adca8fec297969df38fbbc8 22893dd3e5af4db95977a693b0cfaf30ac57e02a8525a88f3cc66828e0da2cd4
CLIENT_HANDSHAKE_TRAFFIC_SECRET 4941945ce9b2a63b59f2985cf9085210df73481aaa88e7e894114a0625da8664 ae3919b6b221c2bc3ac27cb79f192d7eab270560903ea90591dd87c3913bdf33
SERVER_HANDSHAKE_TRAFFIC_SECRET 4941945ce9b2a63b59f2985cf9085210df73481aaa88e7e894114a0625da8664 5debc70fa16ed8e8440792c857d632945613bfdb9e78af88fae2620be2364731
CLIENT_HANDSHAKE_TRAFFIC_SECRET 6d1498a79ccec3b1594a3aee572aba1b6e97bcb4e02273a36c8d6773bf7462e8 0aa94788833ddda9e45300a5e2008862e51fc4cb72d116cd96c3333f8c7eabb8
SERVER_HANDSHAKE_TRAFFIC_SECRET 6d1498a79ccec3b1594a3aee572aba1b6e97bcb4e02273a36c8d6773bf7462e8 8793ee5e18342d2e71f774986897eeaef1266b3a20698e2958f3b68baebbc1b0
CLIENT_HANDSHAKE_TRAFFIC_SECRET 371ba28005f39c99ced76358bf779ae34ec4e0d8d067fdd03adcc3acd6fd1c6f 5e2745a82063ae7f3cea2f3d60c8ed21b16d7ab61c47e5195e8223f55e40370d
SERVER_HANDSHAKE_TRAFFIC_SECRET 371ba28005f39c99ced76358bf779ae34ec4e0d8d067fdd03adcc3acd6fd1c6f fc888b8dfd013c5f763f1acec5ae90bd3633097228210ee892a82881fdedda02
CLIENT_TRAFFIC_SECRET_0 750f61b59b458651eb3fc287afec4c04a6e8ce713e581687a160553e6cbcbdcf a622fa78f968b91dba6f3a92c3aced1a599fe32c340c3ec796c909cf237de354
SERVER_TRAFFIC_SECRET_0 750f61b59b458651eb3fc287afec4c04a6e8ce713e581687a160553e6cbcbdcf faf1788db688a325464d8abc5f8a65ba80d9360fd6987ba02ca05d4d0da0fe21
EXPORTER_SECRET 750f61b59b458651eb3fc287afec4c04a6e8ce713e581687a160553e6cbcbdcf cb5e23cd5c220ae6e128a421ab50389f8cb935e484004928d1f229b38a411722
CLIENT_TRAFFIC_SECRET_0 4941945ce9b2a63b59f2985cf9085210df73481aaa88e7e894114a0625da8664 4d972f3600f7d261be8472d3f8d49dbca7e64da663d7427ecdf56e1550eb5e6f
SERVER_TRAFFIC_SECRET_0 4941945ce9b2a63b59f2985cf9085210df73481aaa88e7e894114a0625da8664 2a3c677bc8a49deaad66ad29dd565a3c6a7b6bc3887d13a648a877e0c9ffe376
EXPORTER_SECRET 4941945ce9b2a63b59f2985cf9085210df73481aaa88e7e894114a0625da8664 d62a0dfb84a7c6bd6ba432c64c9e4986f4ce4957793d6a902b404b136195c340
CLIENT_TRAFFIC_SECRET_0 6d1498a79ccec3b1594a3aee572aba1b6e97bcb4e02273a36c8d6773bf7462e8 d7ff08cee246d4b906bea2cd929ce30ce1afd1c3f2265289c4625a2a770213c8
SERVER_TRAFFIC_SECRET_0 6d1498a79ccec3b1594a3aee572aba1b6e97bcb4e02273a36c8d6773bf7462e8 04a96edc1af75c5145a91df893ec749483d215fb8e7781cd3b89adc1697e4ba4
EXPORTER_SECRET 6d1498a79ccec3b1594a3aee572aba1b6e97bcb4e02273a36c8d6773bf7462e8 978912ceb202aba205e43e71a0f2ac86da0ccac85087b3ce428b2e3b6643f09c
CLIENT_TRAFFIC_SECRET_0 d9c953cd4f9c788ca08074880a6f984a98f5bff18adca8fec297969df38fbbc8 0e760030c3972c918b50a1694ad4e369a3c142f6c713b4cecc30951904736b09
SERVER_TRAFFIC_SECRET_0 d9c953cd4f9c788ca08074880a6f984a98f5bff18adca8fec297969df38fbbc8 ef324ae6ab093e504bcc14fe2e7130e8e20f1f85d883cb10518dd9bdfe05457f
EXPORTER_SECRET d9c953cd4f9c788ca08074880a6f984a98f5bff18adca8fec297969df38fbbc8 7a34e835662c034779160ab81c232df42e7152ab0d3d921143e27607199fdbed
CLIENT_TRAFFIC_SECRET_0 371ba28005f39c99ced76358bf779ae34ec4e0d8d067fdd03adcc3acd6fd1c6f ad90cdd484fad9a8cdcb0d6bfe3730832ec02be5606f627cafac06023786be10
SERVER_TRAFFIC_SECRET_0 371ba28005f39c99ced76358bf779ae34ec4e0d8d067fdd03adcc3acd6fd1c6f 29029207d04e3723bee75637712d81caa15ce8bb469e38187fb72248a8eba143
EXPORTER_SECRET 371ba28005f39c99ced76358bf779ae34ec4e0d8d067fdd03adcc3acd6fd1c6f 3e8ebdec3b513b73d849e90b372e4aa3299d41be609fd7c6448ac9494eedbabd
