CLIENT_HANDSHAKE_TRAFFIC_SECRET 6ad5b235e30d942ba645825010a5a5259f03451303b106a1f6b572b2f423838a 1280f6ff7e555239a17260aedf4e6af866bbdd8b22f76c40aead18d459eb1306
SERVER_HANDSHAKE_TRAFFIC_SECRET 6ad5b235e30d942ba645825010a5a5259f03451303b106a1f6b572b2f423838a 431efd3496d96f25c8547cbddb0ca567edc329c4fac8b9180658f3e9c4aa11e3
CLIENT_TRAFFIC_SECRET_0 6ad5b235e30d942ba645825010a5a5259f03451303b106a1f6b572b2f423838a 9ed8594b067dfd53a6440dc10e171963f9db411bfa9ead9778e8475d0fcd4f68
SERVER_TRAFFIC_SECRET_0 6ad5b235e30d942ba645825010a5a5259f03451303b106a1f6b572b2f423838a 770f9c961c930d9d2f32620d3c9d355cfc64666b97e369e6c79522da605009e9
EXPORTER_SECRET 6ad5b235e30d942ba645825010a5a5259f03451303b106a1f6b572b2f423838a 5f7bb5618c098623606f0e992cb4bbf3928994a249c4d5dca26790bed777167e
CLIENT_HANDSHAKE_TRAFFIC_SECRET 125ac9d284ef0d116cf484ece14edf1c01c41b23a0bfc1e83c41050415a429b8 fc345b453ddba2a8cc62605623a1ac0c99738d043c5b3cf234e63064c503134f
SERVER_HANDSHAKE_TRAFFIC_SECRET 125ac9d284ef0d116cf484ece14edf1c01c41b23a0bfc1e83c41050415a429b8 10f6231085a2ded346ea3862fd14e3e7a7ffcbd190bafbf6073523263e7aac56
CLIENT_HANDSHAKE_TRAFFIC_SECRET e957b5f8bb92b18a88c644a20fbc387ac1fa3033cb63106f76b4e3eea1651915 5a495348765a188adcf07de73c61af29b98d953b7b43ae00d75f57d5b57078b0
SERVER_HANDSHAKE_TRAFFIC_SECRET e957b5f8bb92b18a88c644a20fbc387ac1fa3033cb63106f76b4e3eea1651915 bc281a858168b6d74b33f3f9d8a639a0e79f31d5b243acc5b3f62aef9b6cd133
CLIENT_HANDSHAKE_TRAFFIC_SECRET 5c716f84095fe2b090df0cc57c0ed702e8b9e683a2cb4259a67618ddf65ba7e4 da2dd47308d945660ff031d0b3e90bb9adf4f1dca1319e472dc2d6d56c5afe76
SERVER_HANDSHAKE_TRAFFIC_SECRET 5c716f84095fe2b090df0cc57c0ed702e8b9e683a2cb4259a67618ddf65ba7e4 fd99b271ea42374c58044877dd44de0c131cd19afcafbc12e524b09a4ae1ecea
CLIENT_TRAFFIC_SECRET_0 125ac9d284ef0d116cf484ece14edf1c01c41b23a0bfc1e83c41050415a429b8 f5b937500ced3831939110c46aa5e8ae3dd8ff144ae5e5ecfed21970f9acd9e7
SERVER_TRAFFIC_SECRET_0 125ac9d284ef0d116cf484ece14edf1c01c41b23a0bfc1e83c41050415a429b8 e27d4296b26ef7c171565beb28e03da2c478c274d23b97d77f4ea4a132825720
EXPORTER_SECRET 125ac9d284ef0d116cf484ece14edf1c01c41b23a0bfc1e83c41050415a429b8 31ce105e00cd769e4cd44860c12fe7e31b71d13d7f890e52f8f1a665f4f973a6
CLIENT_TRAFFIC_SECRET_0 e957b5f8bb92b18a88c644a20fbc387ac1fa3033cb63106f76b4e3eea1651915 406d8315ad578ea54695d18f269cb59d9c397ff74462fbb716a8179690db48c2
SERVER_TRAFFIC_SECRET_0 e957b5f8bb92b18a88c644a20fbc387ac1fa3033cb63106f76b4e3eea1651915 fdb5cd3ff34666a93592e6357763776d1370279754fb024d0714e68b639d420c
EXPORTER_SECRET e957b5f8bb92b18a88c644a20fbc387ac1fa3033cb63106f76b4e3eea1651915 13b8487001df48eb3150eeec5f89c84a3c0ab3038505d5112433da8c9a870f07
CLIENT_TRAFFIC_SECRET_0 5c716f84095fe2b090df0cc57c0ed702e8b9e683a2cb4259a67618ddf65ba7e4 0ad2886d75f9d2741ead2aae69ff55b44ed12be898f4d71c0e742a165b4fcbcc
SERVER_TRAFFIC_SECRET_0 5c716f84095fe2b090df0cc57c0ed702e8b9e683a2cb4259a67618ddf65ba7e4 68f7bfa7c0661f1cb6091c86745cb344152277f43c64610a0f453ee1df8e0e55
EXPORTER_SECRET 5c716f84095fe2b090df0cc57c0ed702e8b9e683a2cb4259a67618ddf65ba7e4 e80c3687a7f57549578fb62999729f9a162d3d096f1bfc6d9302ae71a9eab557
CLIENT_HANDSHAKE_TRAFFIC_SECRET f45d3de2ef448240dbe16af951d470052079e2b0194f8d490a781b9cfea0ec55 1d250554d89f40e615bc5a5cb4528cc5c3fc316cfb6d659c71350fc87a5e9304
SERVER_HANDSHAKE_TRAFFIC_SECRET f45d3de2ef448240dbe16af951d470052079e2b0194f8d490a781b9cfea0ec55 2fa1d2c1cc16149d1e19a2050c939af9699ec413ea4575d979177bb8b40ce732
CLIENT_HANDSHAKE_TRAFFIC_SECRET 1405972be36a52e34db0761a7197f1a05e56ce3c2ef19552022362bf43bded24 cc58fd3dde9358d81d2e2067be59e94ea69cddf31627610fbd898550d902a7b5
SERVER_HANDSHAKE_TRAFFIC_SECRET 1405972be36a52e34db0761a7197f1a05e56ce3c2ef19552022362bf43bded24 691bef17370bf01b5bac9e525b4d51a793b42a4e540c462afdcbb8d2b4c308fd
CLIENT_TRAFFIC_SECRET_0 1405972be36a52e34db0761a7197f1a05e56ce3c2ef19552022362bf43bded24 227cfab18c10575de6c6477ace9a29180f5bf0f61c9307a8d2968c391d032086
SERVER_TRAFFIC_SECRET_0 1405972be36a52e34db0761a7197f1a05e56ce3c2ef19552022362bf43bded24 bf7178a416f6592f70027775eab89cac0c1b986a4ea10de96b76afb8f247e3d5
EXPORTER_SECRET 1405972be36a52e34db0761a7197f1a05e56ce3c2ef19552022362bf43bded24 3f369288641f9b962d517994a9a59c1d0cd51c2f2a41c313f1916f4bece11dc9
CLIENT_TRAFFIC_SECRET_0 f45d3de2ef448240dbe16af951d470052079e2b0194f8d490a781b9cfea0ec55 009ab5c7c4f0543cb78ff271e4ef0f63111cc1383f4997c0ec6dd60613f9249a
SERVER_TRAFFIC_SECRET_0 f45d3de2ef448240dbe16af951d470052079e2b0194f8d490a781b9cfea0ec55 1ca2fa862e33058df21742f067c7659bae31a8ff0933ecb00d85e494cdc5abf8
EXPORTER_SECRET f45d3de2ef448240dbe16af951d470052079e2b0194f8d490a781b9cfea0ec55 acd1dc29d804fea2d5b3e6b3b39729264d3bde4fea56eaa9cd59e8a7227e63d1
CLIENT_HANDSHAKE_TRAFFIC_SECRET 6af45443957cf746523fde61171a5ca4fde0b241f3c6992108e1510918a7c370 dd3d6ef5df079c4a51e34b4c9b6185f5b58787747428121c953af027fb3d8ee0
SERVER_HANDSHAKE_TRAFFIC_SECRET 6af45443957cf746523fde61171a5ca4fde0b241f3c6992108e1510918a7c370 26fd1c45a7cadc347caaf64c9b3f922260184347eb0d9faba79e95eb725d633f
CLIENT_TRAFFIC_SECRET_0 6af45443957cf746523fde61171a5ca4fde0b241f3c6992108e1510918a7c370 54747f7aa44f0361f58e0904d1f04cd60f6b4d271475f65426a6bc1faa658444
SERVER_TRAFFIC_SECRET_0 6af45443957cf746523fde61171a5ca4fde0b241f3c6992108e1510918a7c370 d85711e5a62ed86b625a5af9d7cf58beddeb1664e200830d4e6f95a0f88f8b65
EXPORTER_SECRET 6af45443957cf746523fde61171a5ca4fde0b241f3c6992108e1510918a7c370 e78d0ba6ae1f3c7a8fa40a16e40422caefcae22f4e979b3339c23688ce3dfb7c
