CLIENT_HANDSHAKE_TRAFFIC_SECRET f8503e4010cd2a45fb56a2aaeb0391ddba3b231accfeadd288bbad7e77887bd3 a1fbdc3027cf6134a349af2eff2ebea4b93b8a2f6086804bfd859b7d6b4c028e
SERVER_HANDSHAKE_TRAFFIC_SECRET f8503e4010cd2a45fb56a2aaeb0391ddba3b231accfeadd288bbad7e77887bd3 f103edae792137669b58184efbae69d13a0aa377e41b6473ece546340793e86a
CLIENT_TRAFFIC_SECRET_0 f8503e4010cd2a45fb56a2aaeb0391ddba3b231accfeadd288bbad7e77887bd3 bae30026a273947ca9bc90fae337a1c5a365bdaa62d47a0a302c943c54eea8e3
SERVER_TRAFFIC_SECRET_0 f8503e4010cd2a45fb56a2aaeb0391ddba3b231accfeadd288bbad7e77887bd3 f459edceacb30d5fcbdfca4a45e591cfcf542c1573b861c9b85054c7032551ee
EXPORTER_SECRET f8503e4010cd2a45fb56a2aaeb0391ddba3b231accfeadd288bbad7e77887bd3 d259dc60ec57924b7f656d4648d96c8270cae0caa102a6ab5e5d6a929bc516e5
CLIENT_HANDSHAKE_TRAFFIC_SECRET 61a23b54e6677d7768c5918241f4a59882883a509dfcb0178b37be0d69b298ac 3beec829a874882ea75c63d9d04ce6b7ca319dadfe7a66b6739a41a55f9f3cf2
CLIENT_HANDSHAKE_TRAFFIC_SECRET 60e3631231c9f86c7c05bb7fac5f2d54bc1934316b5e35a1278225191190f0c1 206d5f5630cc446d423c023398a497446ae9d336b9551ffcfac47c26031d775d
SERVER_HANDSHAKE_TRAFFIC_SECRET 61a23b54e6677d7768c5918241f4a59882883a509dfcb0178b37be0d69b298ac 4625dd9f3a3e1b3a7784ec9177ef284a8521cbecff26e20725df106ef9b8872f
SERVER_HANDSHAKE_TRAFFIC_SECRET 60e3631231c9f86c7c05bb7fac5f2d54bc1934316b5e35a1278225191190f0c1 132a7e5164e14ab9e9ad6e5088d7e1a08ca3d8447931da72072cf1f44f900417
CLIENT_HANDSHAKE_TRAFFIC_SECRET bfd9580bf610d3b1cde0d5d39748e5150a982e1b0bf06716c535b950fa77a2fc 423a08555b50033bc721d699b83d0caf18147e8ede0cc96d308e973cb953d3cf
SERVER_HANDSHAKE_TRAFFIC_SECRET bfd9580bf610d3b1cde0d5d39748e5150a982e1b0bf06716c535b950fa77a2fc 70926395785e166e1f74926505ecdd9b07e7001ddae966713de7df8d0bbb4e5f
CLIENT_HANDSHAKE_TRAFFIC_SECRET 97486c6b866f8514244186cfdc5dff314cd64420be48ee5b4a96b840301363be 0d712c0b112e3684b965db4df9e02349ede51361e02a0429b38d022068c8bafa
SERVER_HANDSHAKE_TRAFFIC_SECRET 97486c6b866f8514244186cfdc5dff314cd64420be48ee5b4a96b840301363be df1500917514596923f271d1564f692da569ba1f52a4d495c2b1af51be6ba0fe
CLIENT_HANDSHAKE_TRAFFIC_SECRET 0c1b8ecc697b2eb93ee450885c14aebe24594122db04f76b89685b60761a117c 44b95a849af2e8e82bd727c62d3db80c33f803a47bd4a6eb4e99ad8d00d58fed
SERVER_HANDSHAKE_TRAFFIC_SECRET 0c1b8ecc697b2eb93ee450885c14aebe24594122db04f76b89685b60761a117c 65e40fd813b19b5035354591a33c14f54b5011e81e391dedb187a91a6954bd7f
CLIENT_HANDSHAKE_TRAFFIC_SECRET 18930561b05323fbdacb931daebd3f8bc4501fde3de6285b86c9e0293803e6d9 a07612a768878f698af21f4c801a7954076c7feb3a8527d2eb40fa79aeafccb0
SERVER_HANDSHAKE_TRAFFIC_SECRET 18930561b05323fbdacb931daebd3f8bc4501fde3de6285b86c9e0293803e6d9 9d13b1504963c5cf86f4fb168ecda6e31603d602deb77c9a677cef510b2ed8b6
CLIENT_TRAFFIC_SECRET_0 61a23b54e6677d7768c5918241f4a59882883a509dfcb0178b37be0d69b298ac aced4cdfa15f5acd93d275b45d7597a9e32aa49baa814b1ddb52c33f2b6f2b36
SERVER_TRAFFIC_SECRET_0 61a23b54e6677d7768c5918241f4a59882883a509dfcb0178b37be0d69b298ac 698778b2b3193797301ae6af67352eb369358672435c8c472acd5aef1747e583
EXPORTER_SECRET 61a23b54e6677d7768c5918241f4a59882883a509dfcb0178b37be0d69b298ac ddc4e0c5dbf24e1653400e495749195401414dea0400cd2831509efe904dc1e3
CLIENT_TRAFFIC_SECRET_0 60e3631231c9f86c7c05bb7fac5f2d54bc1934316b5e35a1278225191190f0c1 7abd5f038b76a1e52e85db701c5142b227a5968f9a01415fb24f225761a58abc
SERVER_TRAFFIC_SECRET_0 60e3631231c9f86c7c05bb7fac5f2d54bc1934316b5e35a1278225191190f0c1 e8c8d66e79b746bf3007d5d207a05b6873c8919ccd6b27c2e9a239a1d7b49a7f
EXPORTER_SECRET 60e3631231c9f86c7c05bb7fac5f2d54bc1934316b5e35a1278225191190f0c1 9792cb4016d1b2baf3dc81878a4dc8d70ab83bc671e5d1c3176c691a1cbd38a1
CLIENT_TRAFFIC_SECRET_0 bfd9580bf610d3b1cde0d5d39748e5150a982e1b0bf06716c535b950fa77a2fc ece59bc5d4c73e2513871755490bcad2c2420827c3fab948165fdb67a4d5e571
SERVER_TRAFFIC_SECRET_0 bfd9580bf610d3b1cde0d5d39748e5150a982e1b0bf06716c535b950fa77a2fc 970ee8a3fc6f889a809a99b3b823c2a5357523d47c4d73f7525655347bbeed62
EXPORTER_SECRET bfd9580bf610d3b1cde0d5d39748e5150a982e1b0bf06716c535b950fa77a2fc 732efce1d9272bb2b583aaddc17e417cff3398475fc5d63f40df364f50518a2f
CLIENT_TRAFFIC_SECRET_0 0c1b8ecc697b2eb93ee450885c14aebe24594122db04f76b89685b60761a117c 1b9a0eabe44ace97615221c75837b2f9b3961988e0191f808dc02702c9f8c894
SERVER_TRAFFIC_SECRET_0 0c1b8ecc697b2eb93ee450885c14aebe24594122db04f76b89685b60761a117c 15effda5fc49bf2a50318cf424cb291744feb649daeeb0745e48779df73a809f
EXPORTER_SECRET 0c1b8ecc697b2eb93ee450885c14aebe24594122db04f76b89685b60761a117c 1a31f4ebf987ada48ec5d5676e1dcad002bf9826a0db3f78097df25ed06f29d0
CLIENT_TRAFFIC_SECRET_0 97486c6b866f8514244186cfdc5dff314cd64420be48ee5b4a96b840301363be 915dede321ea6d34cea45869a113ad38e74ec287cfefb25bc6f2449a5835e21e
SERVER_TRAFFIC_SECRET_0 97486c6b866f8514244186cfdc5dff314cd64420be48ee5b4a96b840301363be 9a1751f2d99accaee1779561c4d8e79ac426e1008571d530b05e598bc4e3494b
EXPORTER_SECRET 97486c6b866f8514244186cfdc5dff314cd64420be48ee5b4a96b840301363be ce6813cf937d0cfee6b3f3f0b885b2f2ca780797137dd32fd4585628fa4a35fd
CLIENT_HANDSHAKE_TRAFFIC_SECRET 2d0cc84a8fe273515c0a0ee9bfd40b5631e8caf1e46a99a0bd7c0189667ed954 72cac7127a40986b2dc30a619b2127501bcfc7877c2f435e13017de01628d1e9
SERVER_HANDSHAKE_TRAFFIC_SECRET 2d0cc84a8fe273515c0a0ee9bfd40b5631e8caf1e46a99a0bd7c0189667ed954 dc7a37cfc8ee84bad8ecff36a9f4d0d3764084b250809abb75c1b54bcb219776
CLIENT_TRAFFIC_SECRET_0 18930561b05323fbdacb931daebd3f8bc4501fde3de6285b86c9e0293803e6d9 0a85af779a31a48057b292d84115b920436f2f0ab170dcc16637b42b28754dd9
SERVER_TRAFFIC_SECRET_0 18930561b05323fbdacb931daebd3f8bc4501fde3de6285b86c9e0293803e6d9 a47fc1ec59af5252f426edd254cce7f374c418899f883bd9571f9e5c32448052
EXPORTER_SECRET 18930561b05323fbdacb931daebd3f8bc4501fde3de6285b86c9e0293803e6d9 e54a0f610465fa469d9d936ffdf89a32a41db21f4b9e40ff9167735088d84b45
CLIENT_TRAFFIC_SECRET_0 2d0cc84a8fe273515c0a0ee9bfd40b5631e8caf1e46a99a0bd7c0189667ed954 0b7512fd81bb25a5774d1f6f79ff0de20af9694b96fa5059588d4421e7041ffa
SERVER_TRAFFIC_SECRET_0 2d0cc84a8fe273515c0a0ee9bfd40b5631e8caf1e46a99a0bd7c0189667ed954 83647a53b7d1a82c892ad6af0b4ebd663ab309d7ae732f202050413195c46dc2
EXPORTER_SECRET 2d0cc84a8fe273515c0a0ee9bfd40b5631e8caf1e46a99a0bd7c0189667ed954 bce35031706d0571a87a0fb7161d54ce64386e0de0b52e0b9542b3144e18707d
