CLIENT_HANDSHAKE_TRAFFIC_SECRET d60ef69fc73cb39db59d53b808fe7be8aea33b1bc7099604f0bcd30b8f43b4b2 7bf08ecf3cdbd819725561d17ca773c3b1346b7925e11dd85f21900857bba227
SERVER_HANDSHAKE_TRAFFIC_SECRET d60ef69fc73cb39db59d53b808fe7be8aea33b1bc7099604f0bcd30b8f43b4b2 2d1608d7acdd46d8eef376deeb682a1c050ec3908076c8e2c02e01638b25267d
CLIENT_TRAFFIC_SECRET_0 d60ef69fc73cb39db59d53b808fe7be8aea33b1bc7099604f0bcd30b8f43b4b2 982ff566b096776b1648caff62149a093b0cb705fedf8d8283dac0fafc4a3c90
SERVER_TRAFFIC_SECRET_0 d60ef69fc73cb39db59d53b808fe7be8aea33b1bc7099604f0bcd30b8f43b4b2 ff9f21fc6796823ded194bde2caeda5e184010e4bd4107fd3956b8ce6c2f5aee
EXPORTER_SECRET d60ef69fc73cb39db59d53b808fe7be8aea33b1bc7099604f0bcd30b8f43b4b2 53f2ab6d7b2cdfc8636074f16927a0a6e68ded2856c838c4fcd4f766d929247f
CLIENT_HANDSHAKE_TRAFFIC_SECRET 4796e35a602da65086092363d27c146f31b138f2a6cb31243db40c3452afc56a 8cdc1319336b6861536efbc6800fb659dce0d745804f6f44c19571b87dfa709e
SERVER_HANDSHAKE_TRAFFIC_SECRET 4796e35a602da65086092363d27c146f31b138f2a6cb31243db40c3452afc56a 13410424ab91375f0cfbf28bb2ea53b593d99771e872f10158a755681a2b5b12
CLIENT_TRAFFIC_SECRET_0 4796e35a602da65086092363d27c146f31b138f2a6cb31243db40c3452afc56a d698e3f22becc48834222cbc09d39f9f74a0e836a4456eb49c33331d015c7dd9
SERVER_TRAFFIC_SECRET_0 4796e35a602da65086092363d27c146f31b138f2a6cb31243db40c3452afc56a 1a8d28171bd122a89df97c1952a04bff74be6762d54794f5bd93da872852ac5d
EXPORTER_SECRET 4796e35a602da65086092363d27c146f31b138f2a6cb31243db40c3452afc56a 3008c6466f1eb73d75b47e277a3bc96589be17f5f0eae8526e5291f0ce35b6e7
CLIENT_HANDSHAKE_TRAFFIC_SECRET a61d531c9a9b8f47c5df1ab8d3d7c25c627d9a4576253b873a46c09a85ad5ad0 9c5e4f2d8c56eac28acab1a9f77d3dcb4607ceb3508c707833255132732d5bb2
SERVER_HANDSHAKE_TRAFFIC_SECRET a61d531c9a9b8f47c5df1ab8d3d7c25c627d9a4576253b873a46c09a85ad5ad0 a47f758f8a6e01113b2ba5c38557ad4b28393b2b70e18ea597420119a430121e
CLIENT_HANDSHAKE_TRAFFIC_SECRET 9187840461523f6e9f43586568f910bc07ab00a9639b0a39170677d4e9e6ffae 1092532b5b31df6f1c9a4d6189c14dcab8e95f95c9dc52105329092cdf7191b0
SERVER_HANDSHAKE_TRAFFIC_SECRET 9187840461523f6e9f43586568f910bc07ab00a9639b0a39170677d4e9e6ffae e944683dcc691908c60d1e9337837d5098231b5213d7f7094c5dcc1cd8c621d5
CLIENT_HANDSHAKE_TRAFFIC_SECRET 4b725e908f52fbb1bccd5bbe77db53db5770b7931a161bdbafe3caf5a5466619 e4b848ef093ec71d1b9e80ed3284613ec85c96c711453021d6e25d124ec93ee5
SERVER_HANDSHAKE_TRAFFIC_SECRET 4b725e908f52fbb1bccd5bbe77db53db5770b7931a161bdbafe3caf5a5466619 54f75b2d95fb54cc97e354e25d85f8c6635760be20f6dd9613cb26699d0ddec7
CLIENT_TRAFFIC_SECRET_0 a61d531c9a9b8f47c5df1ab8d3d7c25c627d9a4576253b873a46c09a85ad5ad0 b1c6193a5c652312c5f2ae6397ace404bc29986b5fb941b3bb8ff4920acb92ff
SERVER_TRAFFIC_SECRET_0 a61d531c9a9b8f47c5df1ab8d3d7c25c627d9a4576253b873a46c09a85ad5ad0 2a6422673da11ba9166b2ce8b91b0cf19299fc88b95c49b51cca40fdbd30d306
EXPORTER_SECRET a61d531c9a9b8f47c5df1ab8d3d7c25c627d9a4576253b873a46c09a85ad5ad0 96b2fc54bfa7ee7ad8296be20daa33e9e8803eda138eb372e9149f4c46984e66
CLIENT_HANDSHAKE_TRAFFIC_SECRET 2ec8d0a9fa581f1afb93416b0cac042fc3ae9431624a9116dbdff964399d9f1e db661a535e3d05af2aaa4c1212bdab0e70d1eb3a1c9eaaca684b579b1faf1809
SERVER_HANDSHAKE_TRAFFIC_SECRET 2ec8d0a9fa581f1afb93416b0cac042fc3ae9431624a9116dbdff964399d9f1e 547b455e31d65da9fe1f031432ed85df64e05fc7e0a9703fc2e42db443e36f37
CLIENT_TRAFFIC_SECRET_0 9187840461523f6e9f43586568f910bc07ab00a9639b0a39170677d4e9e6ffae f87bbbdeca872c4e136d450e5cdebce26c021e9ac9dddafcdb1803b1f02fd17b
CLIENT_HANDSHAKE_TRAFFIC_SECRET 492c9701a7c90089f9e41fe96ea64a10062a3a28ed53faba1d3ef1a4dfebb5f4 7f6075b0c6906f433e31077e1687abc0b649558fdfc6a2201a4f5322d1ac0518
SERVER_TRAFFIC_SECRET_0 9187840461523f6e9f43586568f910bc07ab00a9639b0a39170677d4e9e6ffae aac333a31396814301abf8f54bab36b068c20ccf875d5b60986a136729b071f3
SERVER_HANDSHAKE_TRAFFIC_SECRET 492c9701a7c90089f9e41fe96ea64a10062a3a28ed53faba1d3ef1a4dfebb5f4 567101e0768ae554f8863aa4296bbc0199919cf25fc86dccb3ec8e9ec76ae3fc
EXPORTER_SECRET 9187840461523f6e9f43586568f910bc07ab00a9639b0a39170677d4e9e6ffae 1bf1c14efb7e9328ecb5f810c2b27045e744734097b0b8a4395517f6ab1c91bd
CLIENT_HANDSHAKE_TRAFFIC_SECRET fcf49823e538006b727aaee0a35e0b81e5be0a878d18ababcf85ec9a51b55923 ad2b1ad6b26c97768d15a05d219b75f7367d7876bbdfc8e073392673ff51c62b
CLIENT_HANDSHAKE_TRAFFIC_SECRET ca09fbe27dc4009ef0017ae99871d1d31e2540fc303baff42ae728b69e17c5e1 1eba969b980a09b0e994ccb13fcb34a214eaa5ca992fb4136e43ed871817870d
SERVER_HANDSHAKE_TRAFFIC_SECRET fcf49823e538006b727aaee0a35e0b81e5be0a878d18ababcf85ec9a51b55923 43d208cf6f38e1a8acd372de0da547a80a25587dee3c2d2397cd771bc08d3cf0
SERVER_HANDSHAKE_TRAFFIC_SECRET ca09fbe27dc4009ef0017ae99871d1d31e2540fc303baff42ae728b69e17c5e1 0aa12faf40b17fb3858c1d497c1bd21abdf36b281bf19099a17c8b2278da7f29
CLIENT_TRAFFIC_SECRET_0 4b725e908f52fbb1bccd5bbe77db53db5770b7931a161bdbafe3caf5a5466619 c820b3ecb56e13dc23a54583f36146b1e6a7713e340329d87e57cec77bb3e669
SERVER_TRAFFIC_SECRET_0 4b725e908f52fbb1bccd5bbe77db53db5770b7931a161bdbafe3caf5a5466619 3ad8333d63cd27442b494085ed0951c454c2c386ae436971144d3a64a1108832
EXPORTER_SECRET 4b725e908f52fbb1bccd5bbe77db53db5770b7931a161bdbafe3caf5a5466619 5e221be18a1e68085065e14c9cae551a44beae3781f8a9f480639fbf7f264aad
CLIENT_TRAFFIC_SECRET_0 2ec8d0a9fa581f1afb93416b0cac042fc3ae9431624a9116dbdff964399d9f1e a632aee4d1b0dbc032e884b9ee7306f9c4d981088c561d3d70bcf4508f1eced1
SERVER_TRAFFIC_SECRET_0 2ec8d0a9fa581f1afb93416b0cac042fc3ae9431624a9116dbdff964399d9f1e 91138cb313cb9ebd83977d3619a1cf79ab839bbe4ba512c11a5ce1cf54a5010e
EXPORTER_SECRET 2ec8d0a9fa581f1afb93416b0cac042fc3ae9431624a9116dbdff964399d9f1e 19c65f5925d0a4f3672a66cfbce61f87c86d3fc5f6e90f9ad58a28054e22fe29
CLIENT_TRAFFIC_SECRET_0 fcf49823e538006b727aaee0a35e0b81e5be0a878d18ababcf85ec9a51b55923 d4933a97b950456a7d6b527046eed295a16cf1b9f95d4ec1e4f2c752cc0ac7d8
CLIENT_TRAFFIC_SECRET_0 492c9701a7c90089f9e41fe96ea64a10062a3a28ed53faba1d3ef1a4dfebb5f4 56d69228be728147494b58e0730ffbe64186940185a026953f58b09e0e40399e
SERVER_TRAFFIC_SECRET_0 fcf49823e538006b727aaee0a35e0b81e5be0a878d18ababcf85ec9a51b55923 6519d6475c26b011fe41edc989d5134c6f4cd472b8eeb9caf38b6c75a18dd198
SERVER_TRAFFIC_SECRET_0 492c9701a7c90089f9e41fe96ea64a10062a3a28ed53faba1d3ef1a4dfebb5f4 1743be9330e9edf3989a79bb378caa22e7f8463a6ad85a4056337bd6b2ebbeb1
EXPORTER_SECRET fcf49823e538006b727aaee0a35e0b81e5be0a878d18ababcf85ec9a51b55923 1e5097467238c91924e16bc7473ffcc2fe052a5ef193e0f771f4f780e64ed448
EXPORTER_SECRET 492c9701a7c90089f9e41fe96ea64a10062a3a28ed53faba1d3ef1a4dfebb5f4 b0ececc8b2df31d6df7f11d2e49243aceba0542d20f9c3bbf206d4611cec993c
CLIENT_TRAFFIC_SECRET_0 ca09fbe27dc4009ef0017ae99871d1d31e2540fc303baff42ae728b69e17c5e1 085efab8d197d0d2a7574e9ca1e8c7aa3e76edec2dd046ea45feafe81da9bee1
SERVER_TRAFFIC_SECRET_0 ca09fbe27dc4009ef0017ae99871d1d31e2540fc303baff42ae728b69e17c5e1 4defd932878c13d482b759e3867fc7024462013d76e21af886660fa0caeca0ed
EXPORTER_SECRET ca09fbe27dc4009ef0017ae99871d1d31e2540fc303baff42ae728b69e17c5e1 b8060f6799f8b1ad6f2a23ef4df9abf34b557efbf1270cfc76c2da18f88733d3
