CLIENT_HANDSHAKE_TRAFFIC_SECRET c8ac97cbba66ebb34a36b3cd3d9eb61d83b8b2203b95d17e8e7e4fb65105811a 2248042e1464d0f48b7046d55b4757d7bedb75392b4777aa5e57072de05ea086
SERVER_HANDSHAKE_TRAFFIC_SECRET c8ac97cbba66ebb34a36b3cd3d9eb61d83b8b2203b95d17e8e7e4fb65105811a b71bfb436cc1857ea1979c82d6a1aa3ce31ca2ff5bf24f916deae8f6079069b0
CLIENT_TRAFFIC_SECRET_0 c8ac97cbba66ebb34a36b3cd3d9eb61d83b8b2203b95d17e8e7e4fb65105811a 34841c4e2ebddca9d466933b57a8e1dcf1b2036411a15bbf5d3a49a4e1e71da1
SERVER_TRAFFIC_SECRET_0 c8ac97cbba66ebb34a36b3cd3d9eb61d83b8b2203b95d17e8e7e4fb65105811a 38a01b75283207be589fdeb56cfc0833edfdb3bb024e8ec6ce635607d03bbf4e
EXPORTER_SECRET c8ac97cbba66ebb34a36b3cd3d9eb61d83b8b2203b95d17e8e7e4fb65105811a 1c2a78f5a11f6cfedd5b73db0e9b911bc172b1444f81e4792f66df3f2e194aec
CLIENT_HANDSHAKE_TRAFFIC_SECRET 336c8333b9b070d7e6b1e2df7203bd5d613ff7d263760a06f536de561b7cfa3c d16733e4cc9241491d1a842f84903664375788beb228f861fe63b98f6f31128e
SERVER_HANDSHAKE_TRAFFIC_SECRET 336c8333b9b070d7e6b1e2df7203bd5d613ff7d263760a06f536de561b7cfa3c 68a062dcbf5cdcf77ed204e220df16e247cdc93eeb0e1ae85cc6678e3ad66530
CLIENT_TRAFFIC_SECRET_0 336c8333b9b070d7e6b1e2df7203bd5d613ff7d263760a06f536de561b7cfa3c a7cf4d19e9f47ce39e3ca5a6ac9edf7c981e547f0d1305e78f36f8cd1993f204
SERVER_TRAFFIC_SECRET_0 336c8333b9b070d7e6b1e2df7203bd5d613ff7d263760a06f536de561b7cfa3c 5da518e524838e7306cf281572adbf8e2025f7d9a29e8b3aab987eb13b3b3175
EXPORTER_SECRET 336c8333b9b070d7e6b1e2df7203bd5d613ff7d263760a06f536de561b7cfa3c f121e2b8b8148dcdd3a0a2c5ed60c4d3a2bbcd9e113356d140237eacbc1ffe6f
CLIENT_HANDSHAKE_TRAFFIC_SECRET a2bf0ac625e5219feec58562c432a185686bdab542653986962dc4b56f646e55 d5957fa41c5876264eb3e4f419acac63f069ff663d86210101ae85246cc06362
SERVER_HANDSHAKE_TRAFFIC_SECRET a2bf0ac625e5219feec58562c432a185686bdab542653986962dc4b56f646e55 8584bf5615a63cd0e24d7e09db714865a8f905408de497e19fb760cb83766a56
CLIENT_TRAFFIC_SECRET_0 a2bf0ac625e5219feec58562c432a185686bdab542653986962dc4b56f646e55 3b7f58174230e4a0fca4808183bc9b32502051300e87ceff8adfdbe35a5f2012
SERVER_TRAFFIC_SECRET_0 a2bf0ac625e5219feec58562c432a185686bdab542653986962dc4b56f646e55 a1f7bc4510be9183ba74757a94c34665610a4bae1c8d7fc79a3b37c179301c62
EXPORTER_SECRET a2bf0ac625e5219feec58562c432a185686bdab542653986962dc4b56f646e55 c921cbb03764a1d962d76684f8bc54955f498c805dab28d71078d1c9453be14c
CLIENT_HANDSHAKE_TRAFFIC_SECRET 5b0784920d5b5fc90e5a0bb174a59809a142ddad7cae2c0c0ef568a1338c81a3 5288bb62017a2ea2d73be0f0620d78630bac232f8a01032fc2ae804cabf1b363
SERVER_HANDSHAKE_TRAFFIC_SECRET 5b0784920d5b5fc90e5a0bb174a59809a142ddad7cae2c0c0ef568a1338c81a3 6dacf5af9e3c41448b25209f464d6323287c0b14b410782a35ff3a2823a0cd97
CLIENT_HANDSHAKE_TRAFFIC_SECRET 54dd0cbc68c42199197936032e568be7dbfe6fa12d900cbbe939ca1cd28bddb1 60311562fed14075204f1e699e6870a1389b313e9c067ad001e5c2b34b716626
SERVER_HANDSHAKE_TRAFFIC_SECRET 54dd0cbc68c42199197936032e568be7dbfe6fa12d900cbbe939ca1cd28bddb1 a76def5c586e7fc753dec0f0919075ca3361fc689c68ed06ec30d483036ab79a
CLIENT_HANDSHAKE_TRAFFIC_SECRET c62793c638a08b774e3b4ab53f433e67b1186e4310209c8129be7792a48d93d4 35f3958221c6de80dbde9c664f292d5ca7bc37e6c1d87d2ec47e3281cb91961b
CLIENT_HANDSHAKE_TRAFFIC_SECRET 161ffe6366bec2d86a855943b735ac5ef354bb167d1b342b3b623d64eed87af0 4c469a78c28bae0c41323f2e019f008e8edb05407d178d1d01dedf5631def723
SERVER_HANDSHAKE_TRAFFIC_SECRET c62793c638a08b774e3b4ab53f433e67b1186e4310209c8129be7792a48d93d4 503febbf458552cf7630289613f81228a9088ccdde8a1022fafa0c96b9a8fb33
SERVER_HANDSHAKE_TRAFFIC_SECRET 161ffe6366bec2d86a855943b735ac5ef354bb167d1b342b3b623d64eed87af0 a204574d48cde7998b992407a6e0baf4b46cb02045b45f2aa49e35ab299813c5
CLIENT_TRAFFIC_SECRET_0 5b0784920d5b5fc90e5a0bb174a59809a142ddad7cae2c0c0ef568a1338c81a3 2ec0819afba5a830fe3973741797ae49e3c669cca4ef341ea9744a2927cb9e4f
SERVER_TRAFFIC_SECRET_0 5b0784920d5b5fc90e5a0bb174a59809a142ddad7cae2c0c0ef568a1338c81a3 f98667c2b55fa7290c99af5e6accbbcffc5e885a025258ac848f6f8b4c7685b3
EXPORTER_SECRET 5b0784920d5b5fc90e5a0bb174a59809a142ddad7cae2c0c0ef568a1338c81a3 f1fd1a22084a5dc161bde256dd5d730e9dc8bc4a3f0f17cb82297d43d86d8440
CLIENT_TRAFFIC_SECRET_0 54dd0cbc68c42199197936032e568be7dbfe6fa12d900cbbe939ca1cd28bddb1 b02377d5e2133dc0a3085e9390e2e1b18569e001082e411abd2f3ab958abc717
SERVER_TRAFFIC_SECRET_0 54dd0cbc68c42199197936032e568be7dbfe6fa12d900cbbe939ca1cd28bddb1 91111eda5c86009176867d3c12a6124c1484e023d677509aba4e8e33c0cddf82
CLIENT_TRAFFIC_SECRET_0 c62793c638a08b774e3b4ab53f433e67b1186e4310209c8129be7792a48d93d4 9373f5331f9166648bd3eecf8952dc3eee28598b4b9a75e8b72173cdce7a9bdb
CLIENT_TRAFFIC_SECRET_0 161ffe6366bec2d86a855943b735ac5ef354bb167d1b342b3b623d64eed87af0 10e12b353a21ad2cdea3eec43347322ff7a594249e1b1408384b647ff42e87cd
EXPORTER_SECRET 54dd0cbc68c42199197936032e568be7dbfe6fa12d900cbbe939ca1cd28bddb1 ba1df07f17a64c083e4b89410826dcde192443403224c5edaeea29abd817cb04
SERVER_TRAFFIC_SECRET_0 c62793c638a08b774e3b4ab53f433e67b1186e4310209c8129be7792a48d93d4 a2534e053cffba9f758fba9d6f808c8ea85dee8b0940d71c48d63e52b8b5d8f8
SERVER_TRAFFIC_SECRET_0 161ffe6366bec2d86a855943b735ac5ef354bb167d1b342b3b623d64eed87af0 e4858330938f233b48413500e7f49c02c1a973ac383dcf01a1cd79391b712572
EXPORTER_SECRET c62793c638a08b774e3b4ab53f433e67b1186e4310209c8129be7792a48d93d4 d583bd54426706d25578310613be4395a0a6854a530fc90ed35c3f37d43cd406
EXPORTER_SECRET 161ffe6366bec2d86a855943b735ac5ef354bb167d1b342b3b623d64eed87af0 053aef3a229e17e34ad382d6a7bf36e61e9c31032cb2db7b4365fd7b739d150c
