CLIENT_HANDSHAKE_TRAFFIC_SECRET e79ef2d0978bbbf274cf9e15432341c6019869045b62ce3b42a0199d1f653426 251a3ebffcaad26c38f8d0b60f0fcb1c97648e8dc2c18b07e2f17a0439a7caea
SERVER_HANDSHAKE_TRAFFIC_SECRET e79ef2d0978bbbf274cf9e15432341c6019869045b62ce3b42a0199d1f653426 21e24e24363ef3df2f4c12d60524c3e1a009788611670fc5e4d774083a367de7
CLIENT_TRAFFIC_SECRET_0 e79ef2d0978bbbf274cf9e15432341c6019869045b62ce3b42a0199d1f653426 d56a9819091db682b7e84e7c055b4b829e8cf98df73c4a023704202d107ca13d
SERVER_TRAFFIC_SECRET_0 e79ef2d0978bbbf274cf9e15432341c6019869045b62ce3b42a0199d1f653426 d3ab9abb2946d49adb5faf329d744b93480f9e802bb6ccd72b0bc2c56d512850
EXPORTER_SECRET e79ef2d0978bbbf274cf9e15432341c6019869045b62ce3b42a0199d1f653426 983aab24e2b7f3814a6bd15d26bc0caaf18fd26e09008353532530bd1eed32b9
CLIENT_HANDSHAKE_TRAFFIC_SECRET 57d7a7e6aca5b76ff705a1e2b5389e2ec83bdd708356a4a7f5fe1520a6165f46 b42bafe37b2c770aa044ae440c8efb26c5403bcd012a21401dc1186629f11a3b
SERVER_HANDSHAKE_TRAFFIC_SECRET 57d7a7e6aca5b76ff705a1e2b5389e2ec83bdd708356a4a7f5fe1520a6165f46 5613c62a1226f5dd33979b0c03f3349c1e00aa86540aac9b151cb79d522a5d74
CLIENT_HANDSHAKE_TRAFFIC_SECRET f9440c147f09cd2d006c8fa11dbf1dc2c84b47c0aa3cbfc72b639668596ca935 14149b99f4a3492d1cb87621d7ba57159fa14d9dc6e7fd3c7e27085c52096adf
SERVER_HANDSHAKE_TRAFFIC_SECRET f9440c147f09cd2d006c8fa11dbf1dc2c84b47c0aa3cbfc72b639668596ca935 3ff47ffe956d174d944d9a6f7cdca3fa9701b457f43a11d756da66321cb93d9d
CLIENT_HANDSHAKE_TRAFFIC_SECRET 373f11350c2aa8b26069c99b1ad3152f0e1f1ba3e0b520094bd7ec0cdab30383 c85555948b5884fd6926d930dd1f41db0d118a1532c95be96bb2a3dd949a872d
SERVER_HANDSHAKE_TRAFFIC_SECRET 373f11350c2aa8b26069c99b1ad3152f0e1f1ba3e0b520094bd7ec0cdab30383 c75ab6054b4c1ffc8914b30e7b5bd4aec13b4fc3b534433ecb819fd48913999f
CLIENT_HANDSHAKE_TRAFFIC_SECRET 3d8e1543ccabef4fb2b1d2bf54b0a04ccb93c00466c8ff4647db88dd9292de97 a5365c6381142b8faaec85a8db7ddf7ad0bdf6710a5a68cb0a78eaec7e71bb62
SERVER_HANDSHAKE_TRAFFIC_SECRET 3d8e1543ccabef4fb2b1d2bf54b0a04ccb93c00466c8ff4647db88dd9292de97 bb9c9ca5ba3a5736eb33d0a50e4841d1a4f191a19b46060c8adfef1b47f52407
CLIENT_HANDSHAKE_TRAFFIC_SECRET 60e6cea8c241edeff49476e138f60c56d43d17a9c1bd6e6354f4be9d3bcba723 e8ebcca18aa89fbfc48460ca0ef7f883f5bc136cc7408d8df66988e27850c6b6
CLIENT_HANDSHAKE_TRAFFIC_SECRET 17239062dc54d14203d3b709f31c774121f36f1b8c00d8e9682f85259fffc937 9785d7886efa80bbc06510264b133f653e0bfbe6691255326c4088d291c97e58
SERVER_HANDSHAKE_TRAFFIC_SECRET 60e6cea8c241edeff49476e138f60c56d43d17a9c1bd6e6354f4be9d3bcba723 b654af0cc22d7d69d87f2a80a2b4b97da6a98117dcb5cb007e8ce988d8a5b8ae
SERVER_HANDSHAKE_TRAFFIC_SECRET 17239062dc54d14203d3b709f31c774121f36f1b8c00d8e9682f85259fffc937 ab37f2860fcdbdcc22d57d6b7b687b8ade60ff25bcac4013fab61a1cd7c471c3
CLIENT_HANDSHAKE_TRAFFIC_SECRET b4794395edbd5dda420505d811b5673ca47bee7cfd773625d5d2d5eab6213a23 a3311b112903a75796b47b2c3412bb5ca1ba833991c7f9aa8ff91fc8bb854e4a
SERVER_HANDSHAKE_TRAFFIC_SECRET b4794395edbd5dda420505d811b5673ca47bee7cfd773625d5d2d5eab6213a23 4effd362ee550a8d413a6a32c492527d8cb95334280e896fe6ce0adb14fa22bc
CLIENT_HANDSHAKE_TRAFFIC_SECRET 1a0b308fe35ef67369088c76a457677e7d595df6ed48855291bcfd34eb763bd1 0b52ef341dc4d61aabfbacc462be8ce13ad6dd5eaa4dfa5a36852c21afa9d2d8
SERVER_HANDSHAKE_TRAFFIC_SECRET 1a0b308fe35ef67369088c76a457677e7d595df6ed48855291bcfd34eb763bd1 e5e73124cde83b3dbc3286328e35c0a429eaf0f83d3c6200d985092e3a669443
CLIENT_HANDSHAKE_TRAFFIC_SECRET 514fbcea4ba51209afac9915087b6463c23fc5188a2bf6f392e4df26027847e2 14d0e3ef0f16de1cc02edc796913d6ae4416c8969ccfaacc3dc1470621bba689
CLIENT_TRAFFIC_SECRET_0 57d7a7e6aca5b76ff705a1e2b5389e2ec83bdd708356a4a7f5fe1520a6165f46 0f69281b1eced90ae6ba76a66d737f800564b826406a038b53d087b184b37caa
SERVER_HANDSHAKE_TRAFFIC_SECRET 514fbcea4ba51209afac9915087b6463c23fc5188a2bf6f392e4df26027847e2 21ac64d896c37b3c5d11985604784c821afeff89bca843927be6f1d063e4ae19
SERVER_TRAFFIC_SECRET_0 57d7a7e6aca5b76ff705a1e2b5389e2ec83bdd708356a4a7f5fe1520a6165f46 ac9cdcfb5e250b2817402bc4eaf0d8904155743812f4511629ed10e04e2b101d
EXPORTER_SECRET 57d7a7e6aca5b76ff705a1e2b5389e2ec83bdd708356a4a7f5fe1520a6165f46 f46331fb6c386c99fab339a971b258b2052b0548965b9d32c190554569cc93a0
CLIENT_HANDSHAKE_TRAFFIC_SECRET 4bda4e0641b21c51c313c2aa0f59d4d0ed204b4483d73af77574be95dddb2aa5 0f5799e041f61da81db6e11cc70246cc83c082e7e48f364ba9122a3a50cb976b
SERVER_HANDSHAKE_TRAFFIC_SECRET 4bda4e0641b21c51c313c2aa0f59d4d0ed204b4483d73af77574be95dddb2aa5 887b3794e638e01e7fbd81b1a768027bff6989da937efcc0979c07590276f180
CLIENT_TRAFFIC_SECRET_0 f9440c147f09cd2d006c8fa11dbf1dc2c84b47c0aa3cbfc72b639668596ca935 99aa659bba07faa23dda973f244258e1cb83e3f4fb4b820ff5c4a7b81f377433
SERVER_TRAFFIC_SECRET_0 f9440c147f09cd2d006c8fa11dbf1dc2c84b47c0aa3cbfc72b639668596ca935 621ddbbc9c547c4252de0ec868f28fce282ad5a2fa0a3180caa036be4fd0cc29
EXPORTER_SECRET f9440c147f09cd2d006c8fa11dbf1dc2c84b47c0aa3cbfc72b639668596ca935 7ef6982c223fbbc87a724e8db3a736fde7c3c17906036ebae97807ed41b0c985
CLIENT_TRAFFIC_SECRET_0 373f11350c2aa8b26069c99b1ad3152f0e1f1ba3e0b520094bd7ec0cdab30383 46174fc0485ee0323df1f8da603b8aa75593d65f741c920a8ddd09bf6eeff91d
SERVER_TRAFFIC_SECRET_0 373f11350c2aa8b26069c99b1ad3152f0e1f1ba3e0b520094bd7ec0cdab30383 d2f387191662eb2b7bc4d3c728f055d0586baede0e8464ddb628d6366e91021c
EXPORTER_SECRET 373f11350c2aa8b26069c99b1ad3152f0e1f1ba3e0b520094bd7ec0cdab30383 d7bd99cf95d2ef6beb9c8ebf86afd9908c24cff0e6ae9c82caef4478d980bb40
CLIENT_HANDSHAKE_TRAFFIC_SECRET ab34ff2df21d914b0cb5b2327a16d1a887cb5f3aef1589db49d606d35ad858d3 02c5fa6dd061abf80226911ac8248efd8a9f59cdeb1b83e7683965afe432761b
SERVER_HANDSHAKE_TRAFFIC_SECRET ab34ff2df21d914b0cb5b2327a16d1a887cb5f3aef1589db49d606d35ad858d3 3a0bb558094255338e15534502fb0cd5a9089e6ece603566eb386c7ecdd6e95d
CLIENT_TRAFFIC_SECRET_0 3d8e1543ccabef4fb2b1d2bf54b0a04ccb93c00466c8ff4647db88dd9292de97 de3f4859cac8fbcb6a225133c0d4dd2969b55f0ef1634baa660b06af0fc838b1
SERVER_TRAFFIC_SECRET_0 3d8e1543ccabef4fb2b1d2bf54b0a04ccb93c00466c8ff4647db88dd9292de97 419cf4d89da747ed873d5af8d72904b4277a887ed73e64618ea504007fe7bc1c
EXPORTER_SECRET 3d8e1543ccabef4fb2b1d2bf54b0a04ccb93c00466c8ff4647db88dd9292de97 b39f642a56166937b2a88c9d9df7b0c1dadcf1c07bbac051488b25310451c529
CLIENT_TRAFFIC_SECRET_0 17239062dc54d14203d3b709f31c774121f36f1b8c00d8e9682f85259fffc937 863104203951389e1ffc220464fc66318b7f0b1cbaa6691f7a0c427e181b82d4
SERVER_TRAFFIC_SECRET_0 17239062dc54d14203d3b709f31c774121f36f1b8c00d8e9682f85259fffc937 0d9e823e54532aadae9a7efab214e0909a2297eadf8f6aa22f1a819ca767997a
EXPORTER_SECRET 17239062dc54d14203d3b709f31c774121f36f1b8c00d8e9682f85259fffc937 57241d72d6bead45ea2410e931395650be271fe272ba24c3b4bcd6d1acc7b27f
CLIENT_TRAFFIC_SECRET_0 60e6cea8c241edeff49476e138f60c56d43d17a9c1bd6e6354f4be9d3bcba723 3ced5e6aaf4911c7933b45d2cbc0ada26e2edda3530bbbb2d7808d19a000bbdb
SERVER_TRAFFIC_SECRET_0 60e6cea8c241edeff49476e138f60c56d43d17a9c1bd6e6354f4be9d3bcba723 fa793c34e0f236f350295dc1823e1b4d8f4a7a93c37cb3be38340aa260137144
EXPORTER_SECRET 60e6cea8c241edeff49476e138f60c56d43d17a9c1bd6e6354f4be9d3bcba723 7ad8bd534757d4bf5dffa79adcb260a6b36e5f75a15290dd185ad68fd4cbaed3
CLIENT_TRAFFIC_SECRET_0 b4794395edbd5dda420505d811b5673ca47bee7cfd773625d5d2d5eab6213a23 72c9345f11b91448fe9435afed90eb9d6fa9ef68d53bc70d52cff2a0e6ae7cb9
SERVER_TRAFFIC_SECRET_0 b4794395edbd5dda420505d811b5673ca47bee7cfd773625d5d2d5eab6213a23 2616d963c4e3ae08d3e20636895da3c018324d38248b3e4b7774b5300a17f7a7
EXPORTER_SECRET b4794395edbd5dda420505d811b5673ca47bee7cfd773625d5d2d5eab6213a23 0fcbc377ebe9f5d8c3748ca90de90a07d266f97b6a7e5adb5bbef46c99cccac5
CLIENT_TRAFFIC_SECRET_0 1a0b308fe35ef67369088c76a457677e7d595df6ed48855291bcfd34eb763bd1 2767dfdec6e48a7a5ea766401a26b3d1bf515cbccd2917e88ed28d3277b9aa8f
SERVER_TRAFFIC_SECRET_0 1a0b308fe35ef67369088c76a457677e7d595df6ed48855291bcfd34eb763bd1 b73cc3306a7fde04fae13987264a5c32b9364a4a2c7be2a2481ffa609151ea39
EXPORTER_SECRET 1a0b308fe35ef67369088c76a457677e7d595df6ed48855291bcfd34eb763bd1 a6738b57b99ea4208b4f9207b266db23367c9e0fa36534207a3f9353d3332f9d
CLIENT_TRAFFIC_SECRET_0 514fbcea4ba51209afac9915087b6463c23fc5188a2bf6f392e4df26027847e2 50a5894a41bbb84a2630e5f4c5934ee1f1cb88f09c085abd7994bad4fd5b6d19
SERVER_TRAFFIC_SECRET_0 514fbcea4ba51209afac9915087b6463c23fc5188a2bf6f392e4df26027847e2 ff0b02baf3dffd1a15ffb5d4dd765776a900757d5eb9bdb70be6bb50f29c0911
EXPORTER_SECRET 514fbcea4ba51209afac9915087b6463c23fc5188a2bf6f392e4df26027847e2 c8b7897ae4b4467bfebdb5de13053615dc9f743220805cfa8c980af1a0d61b4f
CLIENT_TRAFFIC_SECRET_0 4bda4e0641b21c51c313c2aa0f59d4d0ed204b4483d73af77574be95dddb2aa5 8a86af05e0a95e44a838e04c93d156a14e4a32f82ddc75f104a06e4dc9f9d57e
SERVER_TRAFFIC_SECRET_0 4bda4e0641b21c51c313c2aa0f59d4d0ed204b4483d73af77574be95dddb2aa5 ae36dd3ff6799fdf194b7382b83077d495c7d478f6de3593b04f36a37e5b2269
EXPORTER_SECRET 4bda4e0641b21c51c313c2aa0f59d4d0ed204b4483d73af77574be95dddb2aa5 f90689ab35a84cb1545d99c08a623cbcc00d3e12aa88e49d958ac7897b4c121f
CLIENT_TRAFFIC_SECRET_0 ab34ff2df21d914b0cb5b2327a16d1a887cb5f3aef1589db49d606d35ad858d3 812ec42ee25ef9424e0a72da728b39adbd979c580ef756045dc82794dbb565e2
SERVER_TRAFFIC_SECRET_0 ab34ff2df21d914b0cb5b2327a16d1a887cb5f3aef1589db49d606d35ad858d3 04fcc371ba2ebd4cdee8935ee8a2a52635e81c648115b43bfa1e3809610c339b
EXPORTER_SECRET ab34ff2df21d914b0cb5b2327a16d1a887cb5f3aef1589db49d606d35ad858d3 0b887a4c7a812d0f32f8047ff0bd16ce436b1c4318660dc54174bae107ee7927
CLIENT_HANDSHAKE_TRAFFIC_SECRET bd57ba52fdecad66f56dda2fc47a96f15e2556b08f844099b7a96447221efc38 2a02862dc987eb8a6bf2fed17317945bfc4bcbe30477117b52500f98713b43b4
SERVER_HANDSHAKE_TRAFFIC_SECRET bd57ba52fdecad66f56dda2fc47a96f15e2556b08f844099b7a96447221efc38 2475453c9e5e1d73c3d0e701410a73ae55fae9175dcee8ea3ea6bf2b64f75916
CLIENT_TRAFFIC_SECRET_0 bd57ba52fdecad66f56dda2fc47a96f15e2556b08f844099b7a96447221efc38 616fff1c717143df5edb66d8cf9ba23ff216c6a15d3c96d91233e0ab40e60463
SERVER_TRAFFIC_SECRET_0 bd57ba52fdecad66f56dda2fc47a96f15e2556b08f844099b7a96447221efc38 33f01e81cb052604fad4d75721cb8be52f3d8d8bb2ae1aa06493045c7545ef9c
EXPORTER_SECRET bd57ba52fdecad66f56dda2fc47a96f15e2556b08f844099b7a96447221efc38 69c28a0d66bdeeb0d44befacca95567836f2ca42bef4d583468b9fb45a7b108f
