CLIENT_HANDSHAKE_TRAFFIC_SECRET e55e6ddb7294461f0ab73c293ce7d7678e995e9fb59bab7d73622e51ecce5977 58d2ddb35fb1bdc81a87a3e8e8d0bec53ae63408673ea4e9547af464d8aaa684
SERVER_HANDSHAKE_TRAFFIC_SECRET e55e6ddb7294461f0ab73c293ce7d7678e995e9fb59bab7d73622e51ecce5977 bef327377eba973b7474d0ac6878d10af26726df708660025e3780eab2aee24c
CLIENT_TRAFFIC_SECRET_0 e55e6ddb7294461f0ab73c293ce7d7678e995e9fb59bab7d73622e51ecce5977 2fa1d7f142cab0e3c824cee7739d7aa46e388a3604773a18e377bc3bc1bbf2b0
SERVER_TRAFFIC_SECRET_0 e55e6ddb7294461f0ab73c293ce7d7678e995e9fb59bab7d73622e51ecce5977 1bbb722dd015c7ee932d9f5eda2caf6f0a8a2c83014b4317f47c1be64e0985f8
EXPORTER_SECRET e55e6ddb7294461f0ab73c293ce7d7678e995e9fb59bab7d73622e51ecce5977 c39d8b2701289303c89885abea9375147ab57ea9f293a3f6316691fbe0ab6152
CLIENT_HANDSHAKE_TRAFFIC_SECRET 7e5ea56c6992b78e4cf742f0855df70ec4260a4bf66f53c6c61be8986fa691af 8b00ec2ee85bac289825643f1b154e818a45fe7dc8a0958b2dd1f86d686bafdd
SERVER_HANDSHAKE_TRAFFIC_SECRET 7e5ea56c6992b78e4cf742f0855df70ec4260a4bf66f53c6c61be8986fa691af 2f4c6c2655de7022e74513df721f723d9776d53b1c423c9e13227ebbcfac36b6
CLIENT_TRAFFIC_SECRET_0 7e5ea56c6992b78e4cf742f0855df70ec4260a4bf66f53c6c61be8986fa691af 14c57f6d5979ce02e38eb061cc52425b02c5cc17885a976a6d29fc2be727e095
SERVER_TRAFFIC_SECRET_0 7e5ea56c6992b78e4cf742f0855df70ec4260a4bf66f53c6c61be8986fa691af a40931d787aea743e770be54cd69de3f4b7e82b2448af7cb0896c954a0d6e032
EXPORTER_SECRET 7e5ea56c6992b78e4cf742f0855df70ec4260a4bf66f53c6c61be8986fa691af fe3e2e22046a2e70ccaa923ba10d7f9553a7d9ffddb880a018f7810e1a38ef25
CLIENT_HANDSHAKE_TRAFFIC_SECRET 8d1bdf49e69ee71190c8388972288220673af71a62b77b55deebb5355fe6a2d0 01af8eee853aa07e79be40d7ed7588708810a2e3ac83a69e734be41cdb2b5770
SERVER_HANDSHAKE_TRAFFIC_SECRET 8d1bdf49e69ee71190c8388972288220673af71a62b77b55deebb5355fe6a2d0 33bb4ccc55a7dee66ad83b3a475caa8c50837e0949ec6a17ee7a03c768a0791b
CLIENT_HANDSHAKE_TRAFFIC_SECRET 28debcfc9b87d4f5a95927415d3a16a4f86c85f3a01cfc28158f904f74be4119 52d6d8459e43b62a71e8889ca1d26e8fc417947f3fbe9b35c549dd5406a84df9
SERVER_HANDSHAKE_TRAFFIC_SECRET 28debcfc9b87d4f5a95927415d3a16a4f86c85f3a01cfc28158f904f74be4119 284bf76089b25cdf54d32a09d153797cb088f313e099581c51973ca11db15aba
CLIENT_TRAFFIC_SECRET_0 8d1bdf49e69ee71190c8388972288220673af71a62b77b55deebb5355fe6a2d0 59ccb6e343a0005393ad20f50703a998bef17240e8bb9c8961f705927a1d2cbc
SERVER_TRAFFIC_SECRET_0 8d1bdf49e69ee71190c8388972288220673af71a62b77b55deebb5355fe6a2d0 821a8c3bd5d376b8a3d6605d388a9e9c7ba70ae763a6d2278d98c94dde957be7
EXPORTER_SECRET 8d1bdf49e69ee71190c8388972288220673af71a62b77b55deebb5355fe6a2d0 77a41da85598ee85231feb5e9cff335c06629cb44c9f3bbf9c03d515522f090e
CLIENT_TRAFFIC_SECRET_0 28debcfc9b87d4f5a95927415d3a16a4f86c85f3a01cfc28158f904f74be4119 31f2e959b6182a174569208ec5d8815858e46a9cda34b1562195a8405c70afd2
SERVER_TRAFFIC_SECRET_0 28debcfc9b87d4f5a95927415d3a16a4f86c85f3a01cfc28158f904f74be4119 513ba7a802a5eedce5f295c7c812b6a9b05e67ac2734a531b37e799e5e9b6478
EXPORTER_SECRET 28debcfc9b87d4f5a95927415d3a16a4f86c85f3a01cfc28158f904f74be4119 19eb932cdfaf8cd51059b8052468eff4dbbafab4f57df4b5b17edf94887e3acd
CLIENT_HANDSHAKE_TRAFFIC_SECRET 6b4d18394a998d55b69cffd6dcf5b4c9ac3fd2c220bd956499602ccbb45a85f3 7912f73ffe341964845569772080946167b60e3a3829ad0724063aef9b0dc416
SERVER_HANDSHAKE_TRAFFIC_SECRET 6b4d18394a998d55b69cffd6dcf5b4c9ac3fd2c220bd956499602ccbb45a85f3 349a8bd3c7df5a120ad9bfad8e9f950e1c0bdc276e00ba8ede4567484317c748
CLIENT_TRAFFIC_SECRET_0 6b4d18394a998d55b69cffd6dcf5b4c9ac3fd2c220bd956499602ccbb45a85f3 231a57a8abb9a91aab8fa98da29993bed7a8cfd956d90701c53d7a6d799acfe1
SERVER_TRAFFIC_SECRET_0 6b4d18394a998d55b69cffd6dcf5b4c9ac3fd2c220bd956499602ccbb45a85f3 8c653047d88df1492fe69c2184d86f35da9fad5bbe0ca85947110274bb62972f
EXPORTER_SECRET 6b4d18394a998d55b69cffd6dcf5b4c9ac3fd2c220bd956499602ccbb45a85f3 06ee881b046fb33def02f5cd8c1b701e2653f41c8461188b49f4b89b55090f54
