CLIENT_HANDSHAKE_TRAFFIC_SECRET 6299d816ee18ddd0d983ce3a214dd831bfe1db5ad3c8ff299ee14b234fc8000a 71b3e72d33500c3d17b1cea4abf3e591c3b301c5ade1455ed0db55aacb4fb5ea
SERVER_HANDSHAKE_TRAFFIC_SECRET 6299d816ee18ddd0d983ce3a214dd831bfe1db5ad3c8ff299ee14b234fc8000a 3ba5030188bb2030f8a715a360b457113b4dcd7e191c55ee8502dcaea2d63067
CLIENT_TRAFFIC_SECRET_0 6299d816ee18ddd0d983ce3a214dd831bfe1db5ad3c8ff299ee14b234fc8000a 36905c7804ebe9b68762221e5294b5eefca2f554e7bf59e555f1aa4768ac75cd
SERVER_TRAFFIC_SECRET_0 6299d816ee18ddd0d983ce3a214dd831bfe1db5ad3c8ff299ee14b234fc8000a 7d0114acc07b8e74fe9820a0a62391d0eb994b787987229282bb61f0fa393cb8
EXPORTER_SECRET 6299d816ee18ddd0d983ce3a214dd831bfe1db5ad3c8ff299ee14b234fc8000a 42b7974a13ea5d4630be32c3f9c3f2a6b08e48b56b04507e9cee01fa46f7ab72
CLIENT_HANDSHAKE_TRAFFIC_SECRET 0ff8a7250f47f8b0315b2200f6cdd0e7656bc1a6f6459cee39c88addd21e5da5 fda512f3f0e862d9483da4f013f28389255ead98d4f4412adf4c99d0f317696b
SERVER_HANDSHAKE_TRAFFIC_SECRET 0ff8a7250f47f8b0315b2200f6cdd0e7656bc1a6f6459cee39c88addd21e5da5 6d75e3ec5a0e53fe855459c8b0f52be3628a5b9813eb9385f179057ce7579958
CLIENT_HANDSHAKE_TRAFFIC_SECRET 92d0b96c31e5fd78152114f31799159d3982a7234b489b127576a52ca580d7e9 36e20c3ba45efa1b4fcbf0e1dcf8bd91bb7d9b75e931e6791732074d41ee3a29
SERVER_HANDSHAKE_TRAFFIC_SECRET 92d0b96c31e5fd78152114f31799159d3982a7234b489b127576a52ca580d7e9 3c68de1627da07762147f2068bdd00f36d26b092dac33c8ba66a5b3a33249619
CLIENT_HANDSHAKE_TRAFFIC_SECRET 4a34db154ab44657d300ed8d7ab8d9a0726efd1c03f9ccfccbaa6a7324dd3428 28b0ab52d5496668768b694b03dc691d3b1e7de710b44e0c67fb8fdde0a2211b
SERVER_HANDSHAKE_TRAFFIC_SECRET 4a34db154ab44657d300ed8d7ab8d9a0726efd1c03f9ccfccbaa6a7324dd3428 fa8875890a91d2755a6d27d4b76530a53d324245a951812b1c81d414ddb6fbac
CLIENT_HANDSHAKE_TRAFFIC_SECRET 9d32df5a4669cd671565c5705debc5daa4b0143c2894604b74fd4b2f8e319dd4 e1df1effe24791c1f64757f27d0bf1af7a17b58001d37f1156c6d037e6924581
SERVER_HANDSHAKE_TRAFFIC_SECRET 9d32df5a4669cd671565c5705debc5daa4b0143c2894604b74fd4b2f8e319dd4 201260ff11c53f50815d3e6e9e410d8835269c516e64fea016802558ab2f225e
CLIENT_HANDSHAKE_TRAFFIC_SECRET f78016e6eaeba621fe85fa089fd908f11532858333f8d1fd1db0c7b3e360de9c ff69152e80f1148f5d40cd5745bbe962ab90ca0fe054e5c1d500295ae26601ef
SERVER_HANDSHAKE_TRAFFIC_SECRET f78016e6eaeba621fe85fa089fd908f11532858333f8d1fd1db0c7b3e360de9c 727789e1c7eed9462961bd00058b30573af495716a75ea8dc86f45a15f9ccfdd
CLIENT_HANDSHAKE_TRAFFIC_SECRET b5d850c2cff59ae526bb2db8d785f374dbe9e17d776f0db3d91d7c2f283fa412 ea062f9330143f9e8d8b34492c794e8f0efec6edf38bafa53c28d47f73cf23a0
SERVER_HANDSHAKE_TRAFFIC_SECRET b5d850c2cff59ae526bb2db8d785f374dbe9e17d776f0db3d91d7c2f283fa412 9bfe7841f90f09a6bbc7bea38a4e0ce303d1bc31c16ed2423af22c317990df03
CLIENT_TRAFFIC_SECRET_0 0ff8a7250f47f8b0315b2200f6cdd0e7656bc1a6f6459cee39c88addd21e5da5 76be8d34559054471cd2db031cf9f53361e3fe225bc2b6f1ba19733f67bb92f9
SERVER_TRAFFIC_SECRET_0 0ff8a7250f47f8b0315b2200f6cdd0e7656bc1a6f6459cee39c88addd21e5da5 fdb6852524d4b5ca2c9d39e8e319c7faab882854939502ae8a029d25ce0d8562
EXPORTER_SECRET 0ff8a7250f47f8b0315b2200f6cdd0e7656bc1a6f6459cee39c88addd21e5da5 355a3072772baefff0598e48fef7145d8dadbb23d7477e798e89b9198576a42d
CLIENT_TRAFFIC_SECRET_0 4a34db154ab44657d300ed8d7ab8d9a0726efd1c03f9ccfccbaa6a7324dd3428 24201cd40124ae523c67e143829e26ae4ea43597e4a3d492238cb2ae8cec0108
SERVER_TRAFFIC_SECRET_0 4a34db154ab44657d300ed8d7ab8d9a0726efd1c03f9ccfccbaa6a7324dd3428 8e17ffdf675a267a5646080a26a752d1fd1cb9f5899e35bc104cffed80a82c6a
EXPORTER_SECRET 4a34db154ab44657d300ed8d7ab8d9a0726efd1c03f9ccfccbaa6a7324dd3428 e5c5b009b394b4ef2a24999115dbced74d33a791a9eb2c54638eb6871658ae87
CLIENT_TRAFFIC_SECRET_0 9d32df5a4669cd671565c5705debc5daa4b0143c2894604b74fd4b2f8e319dd4 c95a56bc6597a2cde08a938a78420dd75d38c6b952263220741365c7f45ad1d4
SERVER_TRAFFIC_SECRET_0 9d32df5a4669cd671565c5705debc5daa4b0143c2894604b74fd4b2f8e319dd4 34d289ba0ad8ffe5e0683572743da5e4ebfaa79a53cc54148ddaf7d947fe3eb9
EXPORTER_SECRET 9d32df5a4669cd671565c5705debc5daa4b0143c2894604b74fd4b2f8e319dd4 e376e833e1ee93f33a12463c1f5fc52f206221171f244e1e19fa2a6261d5136f
CLIENT_TRAFFIC_SECRET_0 92d0b96c31e5fd78152114f31799159d3982a7234b489b127576a52ca580d7e9 a3b80dd965f9c5030f79a3cfe18be5979f8b9c8e3b3c7077a150a4f8af5d5cd3
SERVER_TRAFFIC_SECRET_0 92d0b96c31e5fd78152114f31799159d3982a7234b489b127576a52ca580d7e9 5395aa59fa656f317e737cf530b40372d5364c58b69866072e02434f99401308
EXPORTER_SECRET 92d0b96c31e5fd78152114f31799159d3982a7234b489b127576a52ca580d7e9 2b1c346de626c5b571062c5e17f4e2b3e143bbf6994587bcd19a524fd74d6fe7
CLIENT_TRAFFIC_SECRET_0 f78016e6eaeba621fe85fa089fd908f11532858333f8d1fd1db0c7b3e360de9c b9e8c4458315124206aa6b5db28a7c8b8bc4e249e9af6eb78167dff53374e0a6
SERVER_TRAFFIC_SECRET_0 f78016e6eaeba621fe85fa089fd908f11532858333f8d1fd1db0c7b3e360de9c 361965ca4ac19bf6d159abb400915372bc893579c2490626dc17c18aba5decf1
EXPORTER_SECRET f78016e6eaeba621fe85fa089fd908f11532858333f8d1fd1db0c7b3e360de9c ea07f01ed9488c5e38c095f47674ff3acffc836a7c8a71fb866a376cc65554cc
CLIENT_TRAFFIC_SECRET_0 b5d850c2cff59ae526bb2db8d785f374dbe9e17d776f0db3d91d7c2f283fa412 84f9e465a3512032fdd819dd8cbb83c8bcd59e9bcd437207cc16e2306f2a0508
SERVER_TRAFFIC_SECRET_0 b5d850c2cff59ae526bb2db8d785f374dbe9e17d776f0db3d91d7c2f283fa412 046f5c9f60e6c7e86b3677c7a9d2d78ebc175b4b92526b604b7623c717df4aff
EXPORTER_SECRET b5d850c2cff59ae526bb2db8d785f374dbe9e17d776f0db3d91d7c2f283fa412 9b0871be171ca716b7212092e40f2075277ba8a4a41c56723fc6becdbf043b05
