CLIENT_HANDSHAKE_TRAFFIC_SECRET 491ab0c196d5cae5daba5c31d05175449b096c4cdc9ea7814a98efa5ed810777 7f0736251dd9e60b78aeef4bb0ef76763f9bcde174ebcc353146d3a9e0d34a99
SERVER_HANDSHAKE_TRAFFIC_SECRET 491ab0c196d5cae5daba5c31d05175449b096c4cdc9ea7814a98efa5ed810777 61c3e46243e3ea9ba458bd83bf56f3b50336a807e9afba55f394db3a054f8983
CLIENT_TRAFFIC_SECRET_0 491ab0c196d5cae5daba5c31d05175449b096c4cdc9ea7814a98efa5ed810777 d319a89cb379eaea499360a748325b13b6a403f37487fe15bda7c7817ead2b5a
SERVER_TRAFFIC_SECRET_0 491ab0c196d5cae5daba5c31d05175449b096c4cdc9ea7814a98efa5ed810777 9df3fcf851ebc003ef0ef706fce6e61094a610039f4c8fd22dc8448bb015261b
EXPORTER_SECRET 491ab0c196d5cae5daba5c31d05175449b096c4cdc9ea7814a98efa5ed810777 3a01c26ed85d4939cf1b1e5176ea163cb4304d51e9d746664a88530ca392e1c0
CLIENT_HANDSHAKE_TRAFFIC_SECRET 2c477d1bb7d9be5bb461229e5f871d602df894fa4f60dadf2d4c7fad6f0cbbaf b6a3f7efe7a07e08393eac61313be5c587f1100294a48eeed1b4eb5ee85386ec
SERVER_HANDSHAKE_TRAFFIC_SECRET 2c477d1bb7d9be5bb461229e5f871d602df894fa4f60dadf2d4c7fad6f0cbbaf 3ad32f2447dc9ffe8643e8243eae8f846e7b54ec8f76d6c5586bc8683defa65d
CLIENT_TRAFFIC_SECRET_0 2c477d1bb7d9be5bb461229e5f871d602df894fa4f60dadf2d4c7fad6f0cbbaf 299fcc00ae2c5673a54f63d2577a7b6de463ded9b4d9499d081e6d4abcd70a6d
SERVER_TRAFFIC_SECRET_0 2c477d1bb7d9be5bb461229e5f871d602df894fa4f60dadf2d4c7fad6f0cbbaf 47a8743dffdd5acf9f4417f0252674601d862e38a3cd81c5c99ebc9bd8a86784
EXPORTER_SECRET 2c477d1bb7d9be5bb461229e5f871d602df894fa4f60dadf2d4c7fad6f0cbbaf c7237be03339fad234911aac4e23fa18fcb41a5ce230ff5718e6fa10bbff78d0
CLIENT_HANDSHAKE_TRAFFIC_SECRET 8f12b0052944e431fc2277fe181b2b105ad757a2e4e921ee9dd33df42d1cca48 bb3bbb391047b3033143edb3fc5b9cf912c7579f483ea17c82a92c9ffbed494e
SERVER_HANDSHAKE_TRAFFIC_SECRET 8f12b0052944e431fc2277fe181b2b105ad757a2e4e921ee9dd33df42d1cca48 0605d1927655b546b06871701e593d0b524a2dbc72561441c609828d3a4830e3
CLIENT_HANDSHAKE_TRAFFIC_SECRET 20c6788fc03db511fda35612bb9b4d42eb9f2ddecb1e74cfe63485e89ccfc6fb 81e1cc0d4a149bdc9ac2ced03912768a1391588ad5bf64a98f27bbdc75944147
SERVER_HANDSHAKE_TRAFFIC_SECRET 20c6788fc03db511fda35612bb9b4d42eb9f2ddecb1e74cfe63485e89ccfc6fb 91cf4e2ea80d60b8d1fece44b64a6f31d079e13d9f2473d7e7f6abac03f2f500
CLIENT_TRAFFIC_SECRET_0 8f12b0052944e431fc2277fe181b2b105ad757a2e4e921ee9dd33df42d1cca48 8c26ba8a6c1bb0ba03084e28edfd8a721a50bdd3afb2c2d03bc4ae31b9a70656
SERVER_TRAFFIC_SECRET_0 8f12b0052944e431fc2277fe181b2b105ad757a2e4e921ee9dd33df42d1cca48 b8a61d11d5c6a9f480ef1cb904366414fd99d7ca9dd608682d0be1535378f9a0
EXPORTER_SECRET 8f12b0052944e431fc2277fe181b2b105ad757a2e4e921ee9dd33df42d1cca48 11e08e924bf4e5ccc25893fbfc37eda32bea6bcd59b9a18fd6f5bdd4970d3665
CLIENT_HANDSHAKE_TRAFFIC_SECRET f4793d7f63468ca0ea992b71c52012a3ca393e5f41d7b3c43c2178642beac360 71f2c9a7b723fe50d1fbe2bcbf2d8dee6d86eae4921819dcbc72eb54b46f070a
SERVER_HANDSHAKE_TRAFFIC_SECRET f4793d7f63468ca0ea992b71c52012a3ca393e5f41d7b3c43c2178642beac360 3aac6c4a14e223de62666e4181b581df572f9562ff42586be5cfa85fbc6b7fdb
CLIENT_TRAFFIC_SECRET_0 20c6788fc03db511fda35612bb9b4d42eb9f2ddecb1e74cfe63485e89ccfc6fb 789629840dcb061c1f0524ccac9a3b829a472b2cce5c8e977c2d8297b1e0966b
SERVER_TRAFFIC_SECRET_0 20c6788fc03db511fda35612bb9b4d42eb9f2ddecb1e74cfe63485e89ccfc6fb 934c0602e16b63c5350405a77db6fc5cc2fbfcc917de2a14e9d31218a546c640
EXPORTER_SECRET 20c6788fc03db511fda35612bb9b4d42eb9f2ddecb1e74cfe63485e89ccfc6fb 5c64d0d7dfc36b94e188fe99354100eb70c4a53db69c40bbfeee6f5eaee949f0
CLIENT_TRAFFIC_SECRET_0 f4793d7f63468ca0ea992b71c52012a3ca393e5f41d7b3c43c2178642beac360 0acd85c968dc84b87fb9bdda3dea7ff5cf1ed955e94b546a60516a98ad01bec2
SERVER_TRAFFIC_SECRET_0 f4793d7f63468ca0ea992b71c52012a3ca393e5f41d7b3c43c2178642beac360 7dd32180ab1fa10e2a24a743d788941627bb31073bfdcf284babc5189821d187
EXPORTER_SECRET f4793d7f63468ca0ea992b71c52012a3ca393e5f41d7b3c43c2178642beac360 92a30823c0eac1d2717fc81831996d56bbd1966d1f8b3c00321e2542a39b5dc8
CLIENT_HANDSHAKE_TRAFFIC_SECRET 4b2dbeb5a037c7b9963f46822b485c1e20ce2d885759138a34523ed9fdfce89b eeea4b1be47e4df2d2e9fae342a158c294196317810632a75c4b6d9533c88262
SERVER_HANDSHAKE_TRAFFIC_SECRET 4b2dbeb5a037c7b9963f46822b485c1e20ce2d885759138a34523ed9fdfce89b da949ceadf7167522f1cb2b599ea9d837d20c8ec28b8aca727ad3447cd4cb343
CLIENT_TRAFFIC_SECRET_0 4b2dbeb5a037c7b9963f46822b485c1e20ce2d885759138a34523ed9fdfce89b e572ddb3aee28cb0d08fdb11a741b275c7855fb35d7daa044e97d4c2818c225c
SERVER_TRAFFIC_SECRET_0 4b2dbeb5a037c7b9963f46822b485c1e20ce2d885759138a34523ed9fdfce89b 3724af2b43e68ea389502838082da0f37c07b892d406ed87f61adc6030d7bcf7
EXPORTER_SECRET 4b2dbeb5a037c7b9963f46822b485c1e20ce2d885759138a34523ed9fdfce89b c8fa51f8f9d1b35ae6ced7de6f2ee0a1e2c70192da400f8dc02825d2bb690b32
CLIENT_HANDSHAKE_TRAFFIC_SECRET 0cbd944435e972f24ed9c5f21851470e9b5f39b54ffe936a13de7ac3152c5cbe 73f1aded995f389e40e64f24cae7b1811f133f53d2f915644e643c699596d999
SERVER_HANDSHAKE_TRAFFIC_SECRET 0cbd944435e972f24ed9c5f21851470e9b5f39b54ffe936a13de7ac3152c5cbe cd4449362d10638a3d8a10056c5ad332d4a67ae770c7e27948a52e507653dd49
CLIENT_HANDSHAKE_TRAFFIC_SECRET 10d80a71bf5522980d31d7a6f32d73821317da5d7e988c13230301e871075c6d 3ff430d0416f50915409fa3bf6d3a0a2be32c0c8473c12f189952a5061f0d11b
SERVER_HANDSHAKE_TRAFFIC_SECRET 10d80a71bf5522980d31d7a6f32d73821317da5d7e988c13230301e871075c6d ee80d69aca17589f80b955d589a45c36ec3d040bed6112b6d1f0916f9a4b2c16
CLIENT_HANDSHAKE_TRAFFIC_SECRET fd5efdc1ca0fcbce3ca1dc303b31e0949ec891654f5fae122771ecc7b2827396 0173718b8076437c8e8656b4c90ddd5c6fc7c978b7b3770777091f77addacb06
CLIENT_TRAFFIC_SECRET_0 0cbd944435e972f24ed9c5f21851470e9b5f39b54ffe936a13de7ac3152c5cbe 30981bf0f968a6f5d1b115f59d4f1a7fb1d6323ea64ba51d53836649c7cc81a9
SERVER_HANDSHAKE_TRAFFIC_SECRET fd5efdc1ca0fcbce3ca1dc303b31e0949ec891654f5fae122771ecc7b2827396 e84b9c67cf76a3f1087ef7b0190fcab04231d2c34c75694d01140a0a09635cbb
SERVER_TRAFFIC_SECRET_0 0cbd944435e972f24ed9c5f21851470e9b5f39b54ffe936a13de7ac3152c5cbe 9d04f12a0bad5cb0928a32abb6c2da1a71a0802bb7cc77531da4b16ec3a8fc79
EXPORTER_SECRET 0cbd944435e972f24ed9c5f21851470e9b5f39b54ffe936a13de7ac3152c5cbe e5b69ad9915b4cf431f2963f5fc458d3f2d067df537de6d8b41aa65a510c31dc
CLIENT_TRAFFIC_SECRET_0 10d80a71bf5522980d31d7a6f32d73821317da5d7e988c13230301e871075c6d 25d7a931d227aa35e9e1f239755799e5da19c8b6456baadea54ab01044b4de6c
SERVER_TRAFFIC_SECRET_0 10d80a71bf5522980d31d7a6f32d73821317da5d7e988c13230301e871075c6d 0cf493759efa56d23016cddd4c521c209a3af959d294c82583a8819a7e8cd926
EXPORTER_SECRET 10d80a71bf5522980d31d7a6f32d73821317da5d7e988c13230301e871075c6d 3d7ee76e857fb24764b2cad96e5b1d86a0a46804e65da9dd3bede5381cb4df9f
CLIENT_TRAFFIC_SECRET_0 fd5efdc1ca0fcbce3ca1dc303b31e0949ec891654f5fae122771ecc7b2827396 41e6a21ecc6d4f36022c6fde0fce538495f2accce299f11a10a07a7afc3bb3b7
SERVER_TRAFFIC_SECRET_0 fd5efdc1ca0fcbce3ca1dc303b31e0949ec891654f5fae122771ecc7b2827396 d757ba7f006a74d721913b88d2c1986076b6d885eb8d7f395cbb17ad9f2029bf
EXPORTER_SECRET fd5efdc1ca0fcbce3ca1dc303b31e0949ec891654f5fae122771ecc7b2827396 77d2e57f15b6149190e0d18891a154c7b8c33343eeddc2d81ddde6cf4210e267
CLIENT_HANDSHAKE_TRAFFIC_SECRET f02a6ce37e2ed605b3bef5fd7b94593939779531203266d6ed5ff427f12e5f4d 32195f35151ea074eb3add22fc7f421d8deb3faaf4292c3868acc040a7c04e3d
SERVER_HANDSHAKE_TRAFFIC_SECRET f02a6ce37e2ed605b3bef5fd7b94593939779531203266d6ed5ff427f12e5f4d 0de5ccf2f4730199762d01ec3648faaec9e3dbbce7088d0f058b25ded8bd4d6f
CLIENT_TRAFFIC_SECRET_0 f02a6ce37e2ed605b3bef5fd7b94593939779531203266d6ed5ff427f12e5f4d b4463653b151ef674733740ea1cd220a02f8e58b5c234123f0adb02cd188cc34
SERVER_TRAFFIC_SECRET_0 f02a6ce37e2ed605b3bef5fd7b94593939779531203266d6ed5ff427f12e5f4d 254bbe81765fbb4766f16a0f0f743f3f9906f03f3ac6cc067facbcbc40874f79
EXPORTER_SECRET f02a6ce37e2ed605b3bef5fd7b94593939779531203266d6ed5ff427f12e5f4d 6bd8f0528e2521bc2f9ce965ef14b8430747c29a5fc4a82a94fb1a02393801c9
