CLIENT_HANDSHAKE_TRAFFIC_SECRET cc5d082c6d7f1906e935885c68dd1f70053d29a58b4f8d866fbc906d734d56e7 386d3734257a9f4246bd5167f52b2c9faa6308f912e72b3d4a94ee7ff30d8eda
SERVER_HANDSHAKE_TRAFFIC_SECRET cc5d082c6d7f1906e935885c68dd1f70053d29a58b4f8d866fbc906d734d56e7 a007b4fd52f03a4c041afcba32ca50a18d10b7d69cf5352c759096033bcbb7c6
CLIENT_TRAFFIC_SECRET_0 cc5d082c6d7f1906e935885c68dd1f70053d29a58b4f8d866fbc906d734d56e7 a8793a2908c4d24fddede698b4c78e7d2359dbfe2aa8a09f72f201341171696a
SERVER_TRAFFIC_SECRET_0 cc5d082c6d7f1906e935885c68dd1f70053d29a58b4f8d866fbc906d734d56e7 2753d783a964f793860e5929e3b19b5873c5758b0727efd299f42b304e12d6f0
EXPORTER_SECRET cc5d082c6d7f1906e935885c68dd1f70053d29a58b4f8d866fbc906d734d56e7 5b732f946d18e5411a7c3b6d3c60b17f78f189384d03e8f59352ded61dc4d3fd
CLIENT_HANDSHAKE_TRAFFIC_SECRET 8167c2d6070737b9d55d60b9d862072830938ee510435b55c387a7128089684b 80c0776da5111b4c32d93f69730abff1747fc1402f4a125993351aebe1fd2c53
SERVER_HANDSHAKE_TRAFFIC_SECRET 8167c2d6070737b9d55d60b9d862072830938ee510435b55c387a7128089684b b0fa9514b9b2d78520a08bc2de9d16928561a360dd1e42a0491686e14445d629
CLIENT_HANDSHAKE_TRAFFIC_SECRET 65528b6864070c1bb67260e261966c2c0dc3051b690e16586d2acce2af6dc662 35a5b565611d5756b837ae1c65d9e8571119c5deffaa65fc1aef027ec4199f64
SERVER_HANDSHAKE_TRAFFIC_SECRET 65528b6864070c1bb67260e261966c2c0dc3051b690e16586d2acce2af6dc662 1256fc54ff6d2b123616238b032d8d5a8634e1e38aadd5edd351810fa91b3d58
CLIENT_HANDSHAKE_TRAFFIC_SECRET 35277fa7fd9df838d11cba08d29f39c71129684375d032b80e0749de7f9fc039 939eef4f8dcd072bbcd7a2f215593166770f596627bda6084de609ade0b2c813
SERVER_HANDSHAKE_TRAFFIC_SECRET 35277fa7fd9df838d11cba08d29f39c71129684375d032b80e0749de7f9fc039 9c271ab089b381c7387949e0125f7fbcf09d8eb3bbeeb4430cd94a2da58bebae
CLIENT_HANDSHAKE_TRAFFIC_SECRET 27af5120d1208fae643cceb71865740f91f3d6716a0a3e1d4560aad744126429 d8955e5c479bb36b930dc8ac54ea44ed538576e3de03a7587938dc81e03b9245
SERVER_HANDSHAKE_TRAFFIC_SECRET 27af5120d1208fae643cceb71865740f91f3d6716a0a3e1d4560aad744126429 c70adbe61180dc7526322bec3f91a9f3d4678e2d86ab3e9b090bdffe582c3249
CLIENT_HANDSHAKE_TRAFFIC_SECRET 5bead7241dfe22876cab9c36efa01f6fa3383ae9ea20ed6a3e1f14afbbd9a4c6 d7647925ebba3f3f5f45b886ac4f879fb33a043bfd93bff776191a05ff537bf5
SERVER_HANDSHAKE_TRAFFIC_SECRET 5bead7241dfe22876cab9c36efa01f6fa3383ae9ea20ed6a3e1f14afbbd9a4c6 5601a876f4a9b874b972f6b17afc321741f2c3ade27c4827e3abfbe5e8465879
CLIENT_HANDSHAKE_TRAFFIC_SECRET c4310ba9ebda48d4313c800a6df9a4ab5c8806d29412ae6c7b028819fc636571 fd39c2e0159d9b6103137122a4ebb04ffa5b5c9dbaeb89e390c2a99551c37c78
SERVER_HANDSHAKE_TRAFFIC_SECRET c4310ba9ebda48d4313c800a6df9a4ab5c8806d29412ae6c7b028819fc636571 92d35f5e1d5789eaa2a4b42a92700aa5e13fb5260c8a38f259d7acf335c42866
CLIENT_HANDSHAKE_TRAFFIC_SECRET 2dd3921fbd47853ceedb2b1c400f0b87b5915930e3bbd8bd73aa4e27192f7fea e44bde1a1501490bdcd8a56465cd523f105f451f30552bcfdabe37c11711542e
SERVER_HANDSHAKE_TRAFFIC_SECRET 2dd3921fbd47853ceedb2b1c400f0b87b5915930e3bbd8bd73aa4e27192f7fea 080e7717864504b34bb7cb0a7f2f12e45d1f323e3f423a8efc733ef9766eed80
CLIENT_HANDSHAKE_TRAFFIC_SECRET 37fbadb4ef19804bea23b8fa5f6477f8283e2ffdcd98c5e5e05c583933b447bf 0414c2548a0815c7fb1e5743a08540eb41026a29e9f15d1792046905a531856f
SERVER_HANDSHAKE_TRAFFIC_SECRET 37fbadb4ef19804bea23b8fa5f6477f8283e2ffdcd98c5e5e05c583933b447bf 9eb432d4443ee6f4f0c1812651a584a75f63a8b778b1c5b107c416e5d27864e5
CLIENT_HANDSHAKE_TRAFFIC_SECRET f5bef6d8d1796da9a5a5aea2e00069c380296478bfc0eb5c405f9792500e654a 9d5739ccb20af2474d701f4f2e5a0a99958d186a3cec0a41086f02045e0c1251
SERVER_HANDSHAKE_TRAFFIC_SECRET f5bef6d8d1796da9a5a5aea2e00069c380296478bfc0eb5c405f9792500e654a 5215da6e21f969ad54f8c140cc0cb627067462120547ca43f530446fab9011e6
CLIENT_HANDSHAKE_TRAFFIC_SECRET 3cb1a55c7ae1f8aca0c75cc770d1fdcba39a0d003b4eb9e87f0cc5a4508140e4 b132a63f3a7491ac89e02e4280052a69d36f27b50032094926c39403c6a7e29c
SERVER_HANDSHAKE_TRAFFIC_SECRET 3cb1a55c7ae1f8aca0c75cc770d1fdcba39a0d003b4eb9e87f0cc5a4508140e4 df8a757a5adc926f052b7f8919ed017b7fd8b4b19df9f93965733f8b511452d7
CLIENT_TRAFFIC_SECRET_0 8167c2d6070737b9d55d60b9d862072830938ee510435b55c387a7128089684b 5cd37974e016dccaf26bf5178d6d47f03540fcee467548a85d73599bf8a49b0c
SERVER_TRAFFIC_SECRET_0 8167c2d6070737b9d55d60b9d862072830938ee510435b55c387a7128089684b 4a9c647b11ffc0362c0a9e828fc6064de70b4dc40ed886ac96ef790c963dbb74
CLIENT_HANDSHAKE_TRAFFIC_SECRET a942fabb8913c0e9975be548adb188d83b9f2ce8b16ba0eeb8cb104b440d0e21 42cc0c83dacb6c89a6f0ec35cad9ef581935f83201c26f22895f208524935645
EXPORTER_SECRET 8167c2d6070737b9d55d60b9d862072830938ee510435b55c387a7128089684b 24f2f1e6da753d5da62b8f90518d09ce79285f1b2ef2da4363ab892cdf9ba71f
SERVER_HANDSHAKE_TRAFFIC_SECRET a942fabb8913c0e9975be548adb188d83b9f2ce8b16ba0eeb8cb104b440d0e21 355ebecfb0b192776f1b3c77362f3332e7bdc634ac00723e2ad4e6d270168339
CLIENT_TRAFFIC_SECRET_0 65528b6864070c1bb67260e261966c2c0dc3051b690e16586d2acce2af6dc662 b34dfef36168804566e1a0d76af0039d57d85596c0d70d128ccb5c18307f6d51
SERVER_TRAFFIC_SECRET_0 65528b6864070c1bb67260e261966c2c0dc3051b690e16586d2acce2af6dc662 ae3387f81660352511b01fd154ba14ec7e2e4dee973810486ca7fb3fdccd9ad6
EXPORTER_SECRET 65528b6864070c1bb67260e261966c2c0dc3051b690e16586d2acce2af6dc662 eeff0bec67ba2c21651d02284e91366ac10423c04f340205c47bf8efb7cf7db3
CLIENT_TRAFFIC_SECRET_0 35277fa7fd9df838d11cba08d29f39c71129684375d032b80e0749de7f9fc039 38713d1c80284b5292c669e7069670e463298b73512de1c1c6c7cb81fa78daac
SERVER_TRAFFIC_SECRET_0 35277fa7fd9df838d11cba08d29f39c71129684375d032b80e0749de7f9fc039 9e8095d3f4f81fca47268b05c4c7f3f0a26f932e8fb2ff774e0b194bbf417c88
CLIENT_HANDSHAKE_TRAFFIC_SECRET 8c33be6fca8cf51b1ca6bcf87eb92b1a505720490e89c2bb380c015b2a6fd6c3 5d79e0284d68a70c9fc4a15def541aed02cab556d0082c786af38f18f315e1d2
CLIENT_HANDSHAKE_TRAFFIC_SECRET db8c41c4ac4a3f437c35433615a39e2acf912451f9253cc05c799061cfd2320c 05141b34f6c256ad593e9735f0882d31b1ad7a53e6fc86081b4b2a61a595e681
EXPORTER_SECRET 35277fa7fd9df838d11cba08d29f39c71129684375d032b80e0749de7f9fc039 0ade79bb66f3bcc49b04d7a9982fcb55ad99e2d3091919b734abdd27518e645e
SERVER_HANDSHAKE_TRAFFIC_SECRET 8c33be6fca8cf51b1ca6bcf87eb92b1a505720490e89c2bb380c015b2a6fd6c3 8d1e011da71b7d4f589be1219e591e792f6cbb31cb13300d7cf36b235a04285b
SERVER_HANDSHAKE_TRAFFIC_SECRET db8c41c4ac4a3f437c35433615a39e2acf912451f9253cc05c799061cfd2320c 105dd777892ae9cfca434a3d15c91e1ae18436d6021cd3439465c2d9594bc055
CLIENT_HANDSHAKE_TRAFFIC_SECRET a557261fe763739b2923e7c48cded5ce15ae13d7151732f4d4f6b6718deedfc4 400cca30b1794971f87e04dc0382105bd8c9b86f0844b6a499780cb8396e31b9
SERVER_HANDSHAKE_TRAFFIC_SECRET a557261fe763739b2923e7c48cded5ce15ae13d7151732f4d4f6b6718deedfc4 f3c5c3807dfc433d2d18763ed7c937e3cc1007ba4525a6bab34d500ce24f8f41
CLIENT_TRAFFIC_SECRET_0 27af5120d1208fae643cceb71865740f91f3d6716a0a3e1d4560aad744126429 1cfe5ee7ff26cbeaa13d58970fe5dd07da7869c5af8ca5d06dd9063419e9beb5
SERVER_TRAFFIC_SECRET_0 27af5120d1208fae643cceb71865740f91f3d6716a0a3e1d4560aad744126429 d277e2ab14ea30a4139370d3c7ca8f3f55d46ec0cac6ce8e15d89e977be07b03
EXPORTER_SECRET 27af5120d1208fae643cceb71865740f91f3d6716a0a3e1d4560aad744126429 41df20ad168a26e74b50312bebd381fd63f03fcf2aecc969419a1cf6634c4077
CLIENT_TRAFFIC_SECRET_0 c4310ba9ebda48d4313c800a6df9a4ab5c8806d29412ae6c7b028819fc636571 27958abcca0a4d6df1aef51ad962d6983c0b15dfc1cc428f62474a109082c220
SERVER_TRAFFIC_SECRET_0 c4310ba9ebda48d4313c800a6df9a4ab5c8806d29412ae6c7b028819fc636571 77255bbdabae8bf3458312bfeaade6398b4e9c70e6c0c2a70ba6684532e40a94
EXPORTER_SECRET c4310ba9ebda48d4313c800a6df9a4ab5c8806d29412ae6c7b028819fc636571 d9cdcd8772d86a4fc51abdb2fa0946085f6d43bceea0b6420d1f8ea3ce0ccd83
CLIENT_TRAFFIC_SECRET_0 5bead7241dfe22876cab9c36efa01f6fa3383ae9ea20ed6a3e1f14afbbd9a4c6 5573f8e4fe802f0b0ca53c6c8def39bcfb53bb61ac2972220fcf031945b9267a
SERVER_TRAFFIC_SECRET_0 5bead7241dfe22876cab9c36efa01f6fa3383ae9ea20ed6a3e1f14afbbd9a4c6 bc7e744366ab8586e38b07f012842a45db017cb00ee932a1fb835e498b787230
EXPORTER_SECRET 5bead7241dfe22876cab9c36efa01f6fa3383ae9ea20ed6a3e1f14afbbd9a4c6 918ea8f03e02d355899fc240dee8b02f823c31c874d619292f23884261847df9
CLIENT_TRAFFIC_SECRET_0 2dd3921fbd47853ceedb2b1c400f0b87b5915930e3bbd8bd73aa4e27192f7fea 727b299ac75d6e62eecd22bf92d22f88071617881135ffa4e92b38ce87e6e91d
SERVER_TRAFFIC_SECRET_0 2dd3921fbd47853ceedb2b1c400f0b87b5915930e3bbd8bd73aa4e27192f7fea 271c543e07da35d4cedc514130a203a86ecabcd9a729128541bd2875f0301c91
EXPORTER_SECRET 2dd3921fbd47853ceedb2b1c400f0b87b5915930e3bbd8bd73aa4e27192f7fea 73d105a72c144e14e453153c515b6ca4e711906af350b2ebe2c7d20a08e5623e
CLIENT_TRAFFIC_SECRET_0 37fbadb4ef19804bea23b8fa5f6477f8283e2ffdcd98c5e5e05c583933b447bf a51e03387eead7e40a0dbece486b5d97ce37734aea48c3b329e66d722da34e10
SERVER_TRAFFIC_SECRET_0 37fbadb4ef19804bea23b8fa5f6477f8283e2ffdcd98c5e5e05c583933b447bf 8b055bbb91533700a569b2fbc51b7ef6dab26a68f96f85409e50ee22530fe33d
EXPORTER_SECRET 37fbadb4ef19804bea23b8fa5f6477f8283e2ffdcd98c5e5e05c583933b447bf 1d586825b7c95f2244e95ef31a64c9122196551bfd550a058d1953a0f3ed3948
CLIENT_TRAFFIC_SECRET_0 f5bef6d8d1796da9a5a5aea2e00069c380296478bfc0eb5c405f9792500e654a de916156663ab39531279bf772f4199e3b2d987316828c2afa2c46bf0bb6e9a1
SERVER_TRAFFIC_SECRET_0 f5bef6d8d1796da9a5a5aea2e00069c380296478bfc0eb5c405f9792500e654a f34640904ed5d306afe8f783f674e7fbbdc4cbc61a5594ab7b07d23cbfb5168f
EXPORTER_SECRET f5bef6d8d1796da9a5a5aea2e00069c380296478bfc0eb5c405f9792500e654a be69c59595c25414c07cdab24eb719d95641443703c95edcd6f1dbd0ee1d5a20
CLIENT_TRAFFIC_SECRET_0 3cb1a55c7ae1f8aca0c75cc770d1fdcba39a0d003b4eb9e87f0cc5a4508140e4 26253bb10f2f54060fb93d945145eae85e07a4ca219581603d74dd61091cddf7
SERVER_TRAFFIC_SECRET_0 3cb1a55c7ae1f8aca0c75cc770d1fdcba39a0d003b4eb9e87f0cc5a4508140e4 47d66554dac760b050bee523e1160b62b3ef45911f04c87d5297818f6d701238
EXPORTER_SECRET 3cb1a55c7ae1f8aca0c75cc770d1fdcba39a0d003b4eb9e87f0cc5a4508140e4 c91a99208437b88665794408dc9c6877f77505b4b163a1690c9b3c1c4f097446
CLIENT_TRAFFIC_SECRET_0 a942fabb8913c0e9975be548adb188d83b9f2ce8b16ba0eeb8cb104b440d0e21 a526a93e24799641baf622fa6abcb41c55bb5e3d94653d029fd491a2d30fb4f0
SERVER_TRAFFIC_SECRET_0 a942fabb8913c0e9975be548adb188d83b9f2ce8b16ba0eeb8cb104b440d0e21 f23a6ca55722502879395eb870c34bfeb519a95705b2c06cdd49d53fb25800cb
EXPORTER_SECRET a942fabb8913c0e9975be548adb188d83b9f2ce8b16ba0eeb8cb104b440d0e21 fe2eb8316f92eee96a2537882c78964333ee0c0eaa162f51807892034cbc147f
CLIENT_TRAFFIC_SECRET_0 db8c41c4ac4a3f437c35433615a39e2acf912451f9253cc05c799061cfd2320c 231a23cfb9030ef687abaaa3500e6b3b0c74752fc1212ddefdfcfe4ef1f30cb3
SERVER_TRAFFIC_SECRET_0 db8c41c4ac4a3f437c35433615a39e2acf912451f9253cc05c799061cfd2320c 4de22578176e0e5cc603f6a340a9b65181ba4b1ebce942025cd6577b875c7c40
EXPORTER_SECRET db8c41c4ac4a3f437c35433615a39e2acf912451f9253cc05c799061cfd2320c ccdd3ae249e04f93efe25c1c0950ba44b9c27f933b37a8f911e44137845d4691
CLIENT_TRAFFIC_SECRET_0 8c33be6fca8cf51b1ca6bcf87eb92b1a505720490e89c2bb380c015b2a6fd6c3 04675ec57b2963b56576dc9f53b42ef3f8046d1e7ca77f9ccbc1cd902ce5c449
SERVER_TRAFFIC_SECRET_0 8c33be6fca8cf51b1ca6bcf87eb92b1a505720490e89c2bb380c015b2a6fd6c3 ce4d09c98ba187d105287cd1e68c48c34394ffaccf567f9a5595748b28176280
EXPORTER_SECRET 8c33be6fca8cf51b1ca6bcf87eb92b1a505720490e89c2bb380c015b2a6fd6c3 136a1f960eb4a340c8778c2f6fec531ef9b0098e8f005c4dde59b64d8c5e4d9b
CLIENT_TRAFFIC_SECRET_0 a557261fe763739b2923e7c48cded5ce15ae13d7151732f4d4f6b6718deedfc4 e6598c9509ef15e618c331d53daf53765c3750742d0afe3ffbbdf54f203338a6
SERVER_TRAFFIC_SECRET_0 a557261fe763739b2923e7c48cded5ce15ae13d7151732f4d4f6b6718deedfc4 22b627ec3ef00711c1fda8ab8c69639a3bb8e26164506a3a30339fbfba33bedf
EXPORTER_SECRET a557261fe763739b2923e7c48cded5ce15ae13d7151732f4d4f6b6718deedfc4 d1dac893fded08297e8ed69985f21092681b095a43228d952cafd53a919f8cd9
