CLIENT_HANDSHAKE_TRAFFIC_SECRET 085233d99a286d6b7d6541bcb7e8e5a1719235051bcfcf5e3251e302f3d4c7fa 82d108c14cf6d96e737a8ce19286281cd658dcce24543fb68e566c26198a5db1
SERVER_HANDSHAKE_TRAFFIC_SECRET 085233d99a286d6b7d6541bcb7e8e5a1719235051bcfcf5e3251e302f3d4c7fa b24465672f152b597fb2f7719ef84ff20a3e41df3ca99966b2913f84f49813ab
CLIENT_TRAFFIC_SECRET_0 085233d99a286d6b7d6541bcb7e8e5a1719235051bcfcf5e3251e302f3d4c7fa 88bc4384ab2691cec6b40d17a5fa4fcb5cef2f59bd6afce2f7b5703f3149c637
SERVER_TRAFFIC_SECRET_0 085233d99a286d6b7d6541bcb7e8e5a1719235051bcfcf5e3251e302f3d4c7fa c57e1111bf8fdcf9db42587a6858176d83219d3ceeef32c58e259575768ebb27
EXPORTER_SECRET 085233d99a286d6b7d6541bcb7e8e5a1719235051bcfcf5e3251e302f3d4c7fa 21ff4ec7aa3516452eb77b53347c5a8dcc5c0d5ee784bca3d52f29c6a725a9f8
CLIENT_HANDSHAKE_TRAFFIC_SECRET 36f91996df75844488eb24e730386813443eede4c3224d38d2be6064635952e0 7ae4f84d09b1433232b9ebf18bda408c544f27716b44bc9ee582b5fbfca2fd8b
SERVER_HANDSHAKE_TRAFFIC_SECRET 36f91996df75844488eb24e730386813443eede4c3224d38d2be6064635952e0 0db7fc5f5ec64074fe532b44553e690ec5dfdb5a43b1b11ba207d8fea980ed1c
CLIENT_HANDSHAKE_TRAFFIC_SECRET 643cb8da06ce8dfa769d33e67bc6947c2f7bdeec88e2b353574b8a3e50c3ee2d e3fc5cf00a20af33d69b8603d32f4759576bee426a83e5ae12b6236232c7f441
SERVER_HANDSHAKE_TRAFFIC_SECRET 643cb8da06ce8dfa769d33e67bc6947c2f7bdeec88e2b353574b8a3e50c3ee2d 71a9332ed64c45929b070e379584cbb7499332befe539a666db30ac42af8124f
CLIENT_HANDSHAKE_TRAFFIC_SECRET ea5c175016eade6c419be53fcee569c46f64b1da0f995b9108602ea0d41f95f0 337cea1187e381cdc90dca4728b1e33ff92413d446c1d8fbb031a586942a4ea2
CLIENT_HANDSHAKE_TRAFFIC_SECRET f551218f271d29fd68763882a49ac5d76ab7521c5cd8eee440a0f9804440fce6 226ce2be6dd7ce2785fcf84df257f021906a62d17f941f771d641a6ef9a50dee
SERVER_HANDSHAKE_TRAFFIC_SECRET ea5c175016eade6c419be53fcee569c46f64b1da0f995b9108602ea0d41f95f0 3d29415e04654aa9bd4f0fe01c876a6e38650e6d4fce719a56087ed8d7222970
SERVER_HANDSHAKE_TRAFFIC_SECRET f551218f271d29fd68763882a49ac5d76ab7521c5cd8eee440a0f9804440fce6 327e35046ea30f2d707a96955f9f6d302425cb5f997459ff242f3982d482e73a
CLIENT_HANDSHAKE_TRAFFIC_SECRET 5de8aecef883bd1230d8ba622577af3858a49f3f6964333cc0012c0780330191 91f0993fa2e129818c8af2fe198c64f96a3ab997468f8df91e5f4937527a1533
SERVER_HANDSHAKE_TRAFFIC_SECRET 5de8aecef883bd1230d8ba622577af3858a49f3f6964333cc0012c0780330191 9b360f36a9292f31e0930a2e53729c5df4390cd229b09f3a3338b556351abcfe
CLIENT_HANDSHAKE_TRAFFIC_SECRET a410be165548337a85c08d882c9e453df1a6f40bb844a3edc59f266ba4b19d5d 82ad29c6ce3f3445832928b8002bea601f1e1a282c9d76558a95de7da06ea3e2
SERVER_HANDSHAKE_TRAFFIC_SECRET a410be165548337a85c08d882c9e453df1a6f40bb844a3edc59f266ba4b19d5d d22ae5d9c468de867562ee2aab60ad69d7b5b14847c1df4db740e5f0a2b3c2e5
CLIENT_HANDSHAKE_TRAFFIC_SECRET 1d3e1536013d9acf02475c50c6610f0c22c1533c3e04ece98937f98bb82cf916 fb1111851b32f8874c7b7d1b73baacc9616153a662e395c1755a192f4c97ea62
SERVER_HANDSHAKE_TRAFFIC_SECRET 1d3e1536013d9acf02475c50c6610f0c22c1533c3e04ece98937f98bb82cf916 6ec15050bfcdecfae4caeda77e61b0e07226bbc09f81bef38b3b3e9f91d7b078
CLIENT_HANDSHAKE_TRAFFIC_SECRET 754dec80e03d711e3d4b7731651639b69bd079389a0e102f758aa4e1c1eb9904 999e44042e55a637e0c675e4ef45b786aa72d650e2f2673f1cfb7768a0184616
SERVER_HANDSHAKE_TRAFFIC_SECRET 754dec80e03d711e3d4b7731651639b69bd079389a0e102f758aa4e1c1eb9904 fa9edfd7967154a37508c2e24b6dc57d7b7da81fe5b90a3679a4efb5e2992efe
CLIENT_TRAFFIC_SECRET_0 36f91996df75844488eb24e730386813443eede4c3224d38d2be6064635952e0 b9fdb2eedd9c4ac47bc3fc25665f1574262f34619ffe3fada95168ca83a2cbf4
SERVER_TRAFFIC_SECRET_0 36f91996df75844488eb24e730386813443eede4c3224d38d2be6064635952e0 f62c74bc701dd95333826d7f21a37405bebea27d7ac6dfb72aea5bd4c4461361
EXPORTER_SECRET 36f91996df75844488eb24e730386813443eede4c3224d38d2be6064635952e0 96d12b2771cabcad4fb18c7c1beb5842e63b54726e7c667bdcd5414dc540263e
CLIENT_HANDSHAKE_TRAFFIC_SECRET ca053ef51917e17e4cbc9072b7044ed0e079a63cbe333bdfe1ef16244f87e07f 76105b9a459638ec449e820c654b65c917eaf3f71ccb8d4686446c372e0854ed
SERVER_HANDSHAKE_TRAFFIC_SECRET ca053ef51917e17e4cbc9072b7044ed0e079a63cbe333bdfe1ef16244f87e07f 1f56086b1da4fe384b328b099603709c8308528d05fbf5ef9163cbf002c8070b
CLIENT_HANDSHAKE_TRAFFIC_SECRET a5f7a8284347e06f7ca6c3e120a3b6b0fc4d110d96a25688db1e458aea42776e 88edef7fae3905bd697ccb9d792fb617d34a5a111e86a362076cb1f764f4d6d1
CLIENT_TRAFFIC_SECRET_0 643cb8da06ce8dfa769d33e67bc6947c2f7bdeec88e2b353574b8a3e50c3ee2d cd89004de9f034078a4579fe132a6ccaa007693d3bf78f33ab92e5b04ae6a1ca
SERVER_HANDSHAKE_TRAFFIC_SECRET a5f7a8284347e06f7ca6c3e120a3b6b0fc4d110d96a25688db1e458aea42776e b057ed4eb9737ac32d2d29ad68a2590cd558d41a51cde139d9e00e621b312258
SERVER_TRAFFIC_SECRET_0 643cb8da06ce8dfa769d33e67bc6947c2f7bdeec88e2b353574b8a3e50c3ee2d 8140b87045252ebc433dbee882cfeffe8eaedcfb98680edda4137031b3741fa8
EXPORTER_SECRET 643cb8da06ce8dfa769d33e67bc6947c2f7bdeec88e2b353574b8a3e50c3ee2d fa68ed16de62bfcc949535285422f0a4dfce9eb2148e09b0dba6bd8ee6a573d6
CLIENT_HANDSHAKE_TRAFFIC_SECRET 5850e0577825ee2832027a9d2147582411a1a60a7abe1b932197d36ea55104d2 176bd5553c62e952253f67b0d948a7d28296e5441efe0d346f2e2944d77a4d2a
SERVER_HANDSHAKE_TRAFFIC_SECRET 5850e0577825ee2832027a9d2147582411a1a60a7abe1b932197d36ea55104d2 705d685467d0247d2100512c86ce183cb205beee7a3839902ea3bc4527daa8eb
CLIENT_HANDSHAKE_TRAFFIC_SECRET 868193d48514e867d6bc224b0ed9521cf5279463535b4d3466508d00c52b0daa 3866da9d0ee2375a0fa31a08b9e737d309b209cad1e1073e68db0eebcb2746d7
SERVER_HANDSHAKE_TRAFFIC_SECRET 868193d48514e867d6bc224b0ed9521cf5279463535b4d3466508d00c52b0daa 18f831507e1fc56f8d4b7bf8a81b1f1747a4d71eec6af350a418312685d910e6
CLIENT_TRAFFIC_SECRET_0 f551218f271d29fd68763882a49ac5d76ab7521c5cd8eee440a0f9804440fce6 5fd94896a80b4db37a75b2447beb3f2716b2ce155ac41453eb51d99aa44843ef
SERVER_TRAFFIC_SECRET_0 f551218f271d29fd68763882a49ac5d76ab7521c5cd8eee440a0f9804440fce6 82a9bf354d01d25aa4c08df3774bebc39343b4408a52d08ac74fef13d099df27
EXPORTER_SECRET f551218f271d29fd68763882a49ac5d76ab7521c5cd8eee440a0f9804440fce6 3e214c06346eb2771e2e962d60a734dc164899991b4d159ebb1492d49f780735
CLIENT_TRAFFIC_SECRET_0 5de8aecef883bd1230d8ba622577af3858a49f3f6964333cc0012c0780330191 9e45b6b69411eb85dce772eb6791b09b30661aa3613973eed1b87b1e14013fed
SERVER_TRAFFIC_SECRET_0 5de8aecef883bd1230d8ba622577af3858a49f3f6964333cc0012c0780330191 7519fd30fd24ab846de297d188ff911d3067bbd4e28ed4a2e7481c53a14c8a67
EXPORTER_SECRET 5de8aecef883bd1230d8ba622577af3858a49f3f6964333cc0012c0780330191 a8e7188f9b5fe27a2aabeb0b68f05cfea379a7e039b171ad1a77b7b07b5a65ae
CLIENT_TRAFFIC_SECRET_0 a410be165548337a85c08d882c9e453df1a6f40bb844a3edc59f266ba4b19d5d a7dfb1c9258cb9184622c23d0fb31b7b564d7e7208bfce25d9a9967ddaef9421
SERVER_TRAFFIC_SECRET_0 a410be165548337a85c08d882c9e453df1a6f40bb844a3edc59f266ba4b19d5d 6e218d8c4b96470d2fce2b6192ed6271e28e8c01691ceadd3b789cda19f568de
EXPORTER_SECRET a410be165548337a85c08d882c9e453df1a6f40bb844a3edc59f266ba4b19d5d 72da40e11881e0592f8735944e724c3463bf491b9b00137c3bb82821364cf649
CLIENT_TRAFFIC_SECRET_0 ea5c175016eade6c419be53fcee569c46f64b1da0f995b9108602ea0d41f95f0 6cad0c7d4db61ff257cf1bf60d53216ccaa31c77006c4ce96163d75c41c1cf30
SERVER_TRAFFIC_SECRET_0 ea5c175016eade6c419be53fcee569c46f64b1da0f995b9108602ea0d41f95f0 898eda7769eb3a581da2160a097eba9b0d74a0929329fffc3138c60cfc048e38
EXPORTER_SECRET ea5c175016eade6c419be53fcee569c46f64b1da0f995b9108602ea0d41f95f0 aadb4afb08d5f551d0e4ec931ef438253622e6bf7df750d00b5167ef27041550
CLIENT_HANDSHAKE_TRAFFIC_SECRET 2f3c273aa6532b05b1ee1827e0537f4c6ac183a7c6d79b49deae1667e45a1b80 7eec6e6c42ba12dd05e5ae7f317a14c64fc997cbe0d3cef07a6c004b744201eb
SERVER_HANDSHAKE_TRAFFIC_SECRET 2f3c273aa6532b05b1ee1827e0537f4c6ac183a7c6d79b49deae1667e45a1b80 e63f0051744b4b07290bb1ef3d7a40dcb6af3f582d0106191f073d2153a20dc4
CLIENT_TRAFFIC_SECRET_0 1d3e1536013d9acf02475c50c6610f0c22c1533c3e04ece98937f98bb82cf916 c035c99313e5b96f9d695fc95707ddb216a91cb44561ef3bb00d2025819ffbdb
SERVER_TRAFFIC_SECRET_0 1d3e1536013d9acf02475c50c6610f0c22c1533c3e04ece98937f98bb82cf916 dfac1d40edd769a6d0a9730295d2f6b4d02971138fcc66c09448f2777ea12501
EXPORTER_SECRET 1d3e1536013d9acf02475c50c6610f0c22c1533c3e04ece98937f98bb82cf916 f0faaf14ab3761c9805586d18f0306975aa9c6f208c2e220d130d41a7f4a44eb
CLIENT_TRAFFIC_SECRET_0 754dec80e03d711e3d4b7731651639b69bd079389a0e102f758aa4e1c1eb9904 280e97c309c515ad321a19498fcb563faaa4d5a5198a31b916329122ee32d643
SERVER_TRAFFIC_SECRET_0 754dec80e03d711e3d4b7731651639b69bd079389a0e102f758aa4e1c1eb9904 050cf6450922fe3fd7f2f7f44454cfbee2c5a1123f597de324fd0aca053de157
EXPORTER_SECRET 754dec80e03d711e3d4b7731651639b69bd079389a0e102f758aa4e1c1eb9904 242604391fccda75e72631bfe720423a2bacf337b57aabe936eab1a68f818181
CLIENT_HANDSHAKE_TRAFFIC_SECRET 418881c3840526f18c5966b049e8a14ba64a5f569079e253ab81b042087f2566 f3ab6ce08fdf397282a4c68e3e14993717d05f8acd08788ba60b83f43602e82e
SERVER_HANDSHAKE_TRAFFIC_SECRET 418881c3840526f18c5966b049e8a14ba64a5f569079e253ab81b042087f2566 5c4b4cc5ed18a61d6798443aa8f57e8e3838ff3384f16a8e7ef1a6ba507e7496
CLIENT_TRAFFIC_SECRET_0 ca053ef51917e17e4cbc9072b7044ed0e079a63cbe333bdfe1ef16244f87e07f 935659cd3cf87897b5915ba57320f159b304b6c610296ac82377fa378e5551db
SERVER_TRAFFIC_SECRET_0 ca053ef51917e17e4cbc9072b7044ed0e079a63cbe333bdfe1ef16244f87e07f d9ee9727f5b2008c87408a5094e6e80e069c2ac3c715fe7d71302aaa4ea82ff6
EXPORTER_SECRET ca053ef51917e17e4cbc9072b7044ed0e079a63cbe333bdfe1ef16244f87e07f 7c48bb722f9d997e411cb7fe4753ebaf432b75048ce2758449bfb2c5d535bdc5
CLIENT_TRAFFIC_SECRET_0 a5f7a8284347e06f7ca6c3e120a3b6b0fc4d110d96a25688db1e458aea42776e 246a3bcf121d424755e638b6eccfa25d0693554ac45cdc9ffe647c630d320425
SERVER_TRAFFIC_SECRET_0 a5f7a8284347e06f7ca6c3e120a3b6b0fc4d110d96a25688db1e458aea42776e 717ccdc1ccbdc952d559c17fa2f7180bf956f99771bc7c0a893d8ae0271afcc9
EXPORTER_SECRET a5f7a8284347e06f7ca6c3e120a3b6b0fc4d110d96a25688db1e458aea42776e 0ca8097507dd5fd79705f5d4ee5954d685ddc330da4490502875ed488c8aafaa
CLIENT_TRAFFIC_SECRET_0 5850e0577825ee2832027a9d2147582411a1a60a7abe1b932197d36ea55104d2 fc3608c7a59984bf121e0e3dea1249560203a323be318b0c7eff7daf66719b05
SERVER_TRAFFIC_SECRET_0 5850e0577825ee2832027a9d2147582411a1a60a7abe1b932197d36ea55104d2 8b79690b29d85f0fe6386d6ed34f55a8a60dbd6108ac5f2e7735cfa89ae90307
EXPORTER_SECRET 5850e0577825ee2832027a9d2147582411a1a60a7abe1b932197d36ea55104d2 1a32b8aa1b3c2c1295a2aa08cf1fa3475ce6cb22cbda125185807e6516d45bbe
CLIENT_TRAFFIC_SECRET_0 868193d48514e867d6bc224b0ed9521cf5279463535b4d3466508d00c52b0daa f3c65e913b4d0a333569c17aeb385e441b2b4479ddc9066dcadbabad1c1437d9
SERVER_TRAFFIC_SECRET_0 868193d48514e867d6bc224b0ed9521cf5279463535b4d3466508d00c52b0daa 9c7a4a61861a8fa004aba0da45f716bcfee9ca2291723e4846a9a81641c80147
EXPORTER_SECRET 868193d48514e867d6bc224b0ed9521cf5279463535b4d3466508d00c52b0daa 86dc76cac30a73d531daaabb854955a177da8b26c2f5c0256199ec6dbccf0f0a
CLIENT_TRAFFIC_SECRET_0 2f3c273aa6532b05b1ee1827e0537f4c6ac183a7c6d79b49deae1667e45a1b80 97153c721a2826db9f0e8b5bc2b2804125153854f96a03b1a0019817cd0c6924
SERVER_TRAFFIC_SECRET_0 2f3c273aa6532b05b1ee1827e0537f4c6ac183a7c6d79b49deae1667e45a1b80 1526ec2c13cdb004926ed0504e4405cf568b7e3cae0c39fbed2383a091d2c609
EXPORTER_SECRET 2f3c273aa6532b05b1ee1827e0537f4c6ac183a7c6d79b49deae1667e45a1b80 e749758935ffb36756b4462f15febb7d49c9fdcb713c494ecfd6495bfaa54863
CLIENT_TRAFFIC_SECRET_0 418881c3840526f18c5966b049e8a14ba64a5f569079e253ab81b042087f2566 2b26e03e512cc73783c5961d0fd8a02d5eade0cb9509cb5be82dd11fa7cc9a6c
SERVER_TRAFFIC_SECRET_0 418881c3840526f18c5966b049e8a14ba64a5f569079e253ab81b042087f2566 229712be1baf5f1fb43297307e111f22169a42b759d2b28f8f91365b4a462fb7
EXPORTER_SECRET 418881c3840526f18c5966b049e8a14ba64a5f569079e253ab81b042087f2566 4845d13caa51750b443e7b6d8e4d420c82f000d22c0d8a44e4fccb659c61d610
