CLIENT_HANDSHAKE_TRAFFIC_SECRET 7cb286f34678de8a7bf4c342bcb67148272813bf83926e8efa9ad13610fc44a1 e20ef9a9dc34adab47b4cb50a6dcede884113bfed7c6a992fe83910f1a1dc9f9
SERVER_HANDSHAKE_TRAFFIC_SECRET 7cb286f34678de8a7bf4c342bcb67148272813bf83926e8efa9ad13610fc44a1 e5adb5b986e88f41920360a9e1feb5ae28d864d67377e4e7890dc59d91e0bfae
CLIENT_TRAFFIC_SECRET_0 7cb286f34678de8a7bf4c342bcb67148272813bf83926e8efa9ad13610fc44a1 75ab2389c43f962a1ed6f20df3433a91260869266c391d656c9e74bda3e3c151
SERVER_TRAFFIC_SECRET_0 7cb286f34678de8a7bf4c342bcb67148272813bf83926e8efa9ad13610fc44a1 ecce05fcefe2de89620b0fed1ba199b78a401e15cda52d37a9fa70807704bc42
EXPORTER_SECRET 7cb286f34678de8a7bf4c342bcb67148272813bf83926e8efa9ad13610fc44a1 187083b65f42ee7e79e362c1810d576cb9099dd23a0de1c9d52de205a8b4f7e8
CLIENT_HANDSHAKE_TRAFFIC_SECRET 6461debb4684f2e8aadcac958d78ccb01829700cf3cd167832d30468c5cd1130 7a070be21d933885c41440859015d8f627c5f6ffa19ada4773246e755d63d6f1
SERVER_HANDSHAKE_TRAFFIC_SECRET 6461debb4684f2e8aadcac958d78ccb01829700cf3cd167832d30468c5cd1130 c9f34fda6b1e6b3aba66dff366e3f404f77be18601803e60e631869c519b944e
CLIENT_HANDSHAKE_TRAFFIC_SECRET 8f3a93a513962db6a2534dffe69fb5807dc7388d9e1151b42946ea88605406b3 d163aec484b49d53371a665b36f6efeeae9496c8101d89efa605391278b50dbd
SERVER_HANDSHAKE_TRAFFIC_SECRET 8f3a93a513962db6a2534dffe69fb5807dc7388d9e1151b42946ea88605406b3 d0d1a526ac75278564f3b6f6a01b13613563e5154097937b7ced8597902bf861
CLIENT_HANDSHAKE_TRAFFIC_SECRET 6739a8e1b2baaa57f8b3b609565746061d7dab576d8c5248b3b0f6a519cf4b07 3919347988fb7bfdcf83ca9b9457403cfc2cfed04b6e98e4bbb91d8c93286c3e
SERVER_HANDSHAKE_TRAFFIC_SECRET 6739a8e1b2baaa57f8b3b609565746061d7dab576d8c5248b3b0f6a519cf4b07 75f5440f469074e6e87f751503a766907b6621f51bc500a23e1ce235a5a2a803
CLIENT_HANDSHAKE_TRAFFIC_SECRET 7b5d993a58d0ee7bf24c4abaa607a5c818ac6b75d6f596105415290e40297f09 5404909d6a26ed7bb1e70a88daab70a0dac9ca5375651d45497cbd153e276643
CLIENT_HANDSHAKE_TRAFFIC_SECRET 89b2c172f5c21aac57cce1a3c1b0c06161f25c66f5cefc21239a428323e104e8 ef374c016336be1516fff98fbe2abb66258b95e4f9e7d8bcc124706efcdff034
SERVER_HANDSHAKE_TRAFFIC_SECRET 7b5d993a58d0ee7bf24c4abaa607a5c818ac6b75d6f596105415290e40297f09 e3f9221bfbf4138a798154278c1e1d275014b50b16d982a7ce30b9baa40c073d
SERVER_HANDSHAKE_TRAFFIC_SECRET 89b2c172f5c21aac57cce1a3c1b0c06161f25c66f5cefc21239a428323e104e8 ec9df1619d508f326c150e3e8fd6a42f6ceeb8d50dfb41666fea913950cdd76e
CLIENT_HANDSHAKE_TRAFFIC_SECRET 6687b3db887f12c8d0357a182de2d0e3ffc5613c2b5d9278ff1105eb4058c0dd cbd98d523dbc8a17ae3a0ac9e4fb24ac223a59029ad4472022e5e3d28dd388a1
SERVER_HANDSHAKE_TRAFFIC_SECRET 6687b3db887f12c8d0357a182de2d0e3ffc5613c2b5d9278ff1105eb4058c0dd 8812ddb9f1df85f4d54b938e5673c027d3ef0d02645e835ab61c930f190aa234
CLIENT_HANDSHAKE_TRAFFIC_SECRET 867cd4421a3e65712b7c1afdae8c3d5fc72d8a9a7be1f8330f2461998999340c 26a7b4793aafa12394336c8e2ed8e14672f0f6059694fbe0510e77215a5de4d7
SERVER_HANDSHAKE_TRAFFIC_SECRET 867cd4421a3e65712b7c1afdae8c3d5fc72d8a9a7be1f8330f2461998999340c d85721ef3442efa3774808ca96cc9fb408932bc6ec6a4e29540085d63ce56b55
CLIENT_HANDSHAKE_TRAFFIC_SECRET f6d3f1695057b03308a25015e851b79f035fbfa7658c4977bff89508407c60a9 b884cb0106bdb6b99ba29222a36ea30612240c51857a092a3d60979472918994
SERVER_HANDSHAKE_TRAFFIC_SECRET f6d3f1695057b03308a25015e851b79f035fbfa7658c4977bff89508407c60a9 3360629abb6fc0746772e7f6288c30ec3eef4932ed1ffdf4aabed813c113e22a
CLIENT_HANDSHAKE_TRAFFIC_SECRET 13e3f1673626df43571d6705040f60a4c753f3cdff1a245f4a2532a8a1c9f20c 5832b142330ee6d090d464eaa806bc22ba6efeed35e5868d26c4b77bccc98d69
SERVER_HANDSHAKE_TRAFFIC_SECRET 13e3f1673626df43571d6705040f60a4c753f3cdff1a245f4a2532a8a1c9f20c f99b30d65b8edcce15db468519010cc62b7977460672c498bac91926832a339f
CLIENT_HANDSHAKE_TRAFFIC_SECRET 96818840236419d2a19a62609733cdd506c4bad36d31e10b5aff6fdfb4d96cda 80f60b93f30a30e1e7af8432a29e48d49487bbe2900c78849435b59594d556e1
SERVER_HANDSHAKE_TRAFFIC_SECRET 96818840236419d2a19a62609733cdd506c4bad36d31e10b5aff6fdfb4d96cda cbf8136b9191be2c8e72dd80ccbe06a11751d23925fd6ead20e8325c8c470666
CLIENT_TRAFFIC_SECRET_0 6461debb4684f2e8aadcac958d78ccb01829700cf3cd167832d30468c5cd1130 e3fc42b626f82814640530360c8adbba8cd8c021ad3b4dc926b84a97dd642993
SERVER_TRAFFIC_SECRET_0 6461debb4684f2e8aadcac958d78ccb01829700cf3cd167832d30468c5cd1130 ce92c7a2b7d8674a0795737e9a0bf1f49ada04aa70e29d68fc921226e1681dea
EXPORTER_SECRET 6461debb4684f2e8aadcac958d78ccb01829700cf3cd167832d30468c5cd1130 04b2085e0be77e1a30d1ed350ca2534bfd9faab1c260b758be6c8c512214e75c
CLIENT_TRAFFIC_SECRET_0 8f3a93a513962db6a2534dffe69fb5807dc7388d9e1151b42946ea88605406b3 1cf8a17bae2e98b35612ce7ccb41185bd9c5e63666f1911e686b2370a224284e
SERVER_TRAFFIC_SECRET_0 8f3a93a513962db6a2534dffe69fb5807dc7388d9e1151b42946ea88605406b3 36064eca2ff68be7f2a539e24fff2e4bba64ecf857f60d08c945f435d8d0b262
EXPORTER_SECRET 8f3a93a513962db6a2534dffe69fb5807dc7388d9e1151b42946ea88605406b3 b42768b522e5854ba20b86419e91b08ce953c4fe72ed89828a5ac7a048cc0945
CLIENT_TRAFFIC_SECRET_0 6739a8e1b2baaa57f8b3b609565746061d7dab576d8c5248b3b0f6a519cf4b07 e67e174b5b0c2ac099954fc81577e52de0e4c756158b2cd1addb01a87ce470de
SERVER_TRAFFIC_SECRET_0 6739a8e1b2baaa57f8b3b609565746061d7dab576d8c5248b3b0f6a519cf4b07 d6193b616bbbdcc750b71c268183b53d458ebaf20e49f0030287588c22435ff1
EXPORTER_SECRET 6739a8e1b2baaa57f8b3b609565746061d7dab576d8c5248b3b0f6a519cf4b07 446e485777046298ae735a6ae7777f10127668d4da896696f3ebbf62f9f05fb9
CLIENT_TRAFFIC_SECRET_0 89b2c172f5c21aac57cce1a3c1b0c06161f25c66f5cefc21239a428323e104e8 21a337b98674b594cd9e448ebb3cd63cf55299daef5a8a7328a4c19e6a61ed9a
CLIENT_TRAFFIC_SECRET_0 6687b3db887f12c8d0357a182de2d0e3ffc5613c2b5d9278ff1105eb4058c0dd b46cdf7dd5666e12de33547226ad53161a56625ff7760d62209a8f9c71a1c3b0
SERVER_TRAFFIC_SECRET_0 89b2c172f5c21aac57cce1a3c1b0c06161f25c66f5cefc21239a428323e104e8 1d9e8ae5501cf9a79f05c3465824d1c15c059e577a451bf06c94d7cb36bdb04d
SERVER_TRAFFIC_SECRET_0 6687b3db887f12c8d0357a182de2d0e3ffc5613c2b5d9278ff1105eb4058c0dd 41f8408e08b77045781820fd0e286f0f5d92dcccfbc5bf7b2b627b8f69e54488
EXPORTER_SECRET 89b2c172f5c21aac57cce1a3c1b0c06161f25c66f5cefc21239a428323e104e8 efd3d4d9649d932f3c646b7913f10151c3afde412650b8d59449cecabe2cb655
EXPORTER_SECRET 6687b3db887f12c8d0357a182de2d0e3ffc5613c2b5d9278ff1105eb4058c0dd f7bdf6c0d7a43f7b129c1164ba4450bba95628a591b28920b35bafab3a0d09b7
CLIENT_TRAFFIC_SECRET_0 867cd4421a3e65712b7c1afdae8c3d5fc72d8a9a7be1f8330f2461998999340c 6626d50e25698acac8496ac9250b4268a5f9bbfdda86d23d88c9956da12292d1
CLIENT_TRAFFIC_SECRET_0 7b5d993a58d0ee7bf24c4abaa607a5c818ac6b75d6f596105415290e40297f09 b1ba2beb891ba7bd6e1586da9e3d94fd35ea719dc6ba154fb5d1c0e9d8a8dc99
SERVER_TRAFFIC_SECRET_0 867cd4421a3e65712b7c1afdae8c3d5fc72d8a9a7be1f8330f2461998999340c b872961c5b436f3547a96a03100694f2b036024b4c8c93f373869f129d6de9e7
SERVER_TRAFFIC_SECRET_0 7b5d993a58d0ee7bf24c4abaa607a5c818ac6b75d6f596105415290e40297f09 9a1d7f544c413ed4226d2e48711d782d9b11fb5b75dab6a12ec5381b719a5849
EXPORTER_SECRET 867cd4421a3e65712b7c1afdae8c3d5fc72d8a9a7be1f8330f2461998999340c 2c0c4756a9e7376e5dfc7a37938683e69a57bd0055742a9dbf1fe12e58960262
EXPORTER_SECRET 7b5d993a58d0ee7bf24c4abaa607a5c818ac6b75d6f596105415290e40297f09 ddd03b99f71c99df6f113f84238eb43fb189879b593ace9e3ccced81a322392d
CLIENT_TRAFFIC_SECRET_0 f6d3f1695057b03308a25015e851b79f035fbfa7658c4977bff89508407c60a9 465e179a3bb6b0a5cddc30d1ffd3a13b72b1592209aa2fc580a985ce308ce48b
SERVER_TRAFFIC_SECRET_0 f6d3f1695057b03308a25015e851b79f035fbfa7658c4977bff89508407c60a9 5efb3b91003bcc250493ff182e8d418ceefce6f204f589432949b27e6445f63b
EXPORTER_SECRET f6d3f1695057b03308a25015e851b79f035fbfa7658c4977bff89508407c60a9 22d5436a69c8358d942662ddcfe025724cef9685c96db09965fb8d5d729b01e8
CLIENT_TRAFFIC_SECRET_0 13e3f1673626df43571d6705040f60a4c753f3cdff1a245f4a2532a8a1c9f20c d8b2af48d37cbe5eebc0c0c347e9c525833953ab65e9dc2000f145f701167c50
SERVER_TRAFFIC_SECRET_0 13e3f1673626df43571d6705040f60a4c753f3cdff1a245f4a2532a8a1c9f20c 29a7ab8f0a363ce3a71ac8eb8c9a70de5cc34a4b2b7a3cfcd64b6cc31686eec8
EXPORTER_SECRET 13e3f1673626df43571d6705040f60a4c753f3cdff1a245f4a2532a8a1c9f20c 03c50ab394229dcaed95a96ab9a7d7d0dce53347eada8518452e9f03b0e8b088
CLIENT_TRAFFIC_SECRET_0 96818840236419d2a19a62609733cdd506c4bad36d31e10b5aff6fdfb4d96cda f2f36b482f344e2bb3feafc231eda612dce6f868d9c8e50d7513424c8c199b9c
SERVER_TRAFFIC_SECRET_0 96818840236419d2a19a62609733cdd506c4bad36d31e10b5aff6fdfb4d96cda 242fa21e9551e22592b7652799e8a19bb0fc67780e3b2776e4d26e339c13881d
EXPORTER_SECRET 96818840236419d2a19a62609733cdd506c4bad36d31e10b5aff6fdfb4d96cda f7622448667e3f7322c82dc15e073210f1bbe4453e0f3a4f4c76e740b07380c5
