CLIENT_HANDSHAKE_TRAFFIC_SECRET 13d42e5af2261e385461d6e2a87c79c4e8e0f7e7a1d855e30e7f5d03232b419f 73aaf58d943a1117e1b700ab0c7841c854444eec20586539b5f68520acaa9671
SERVER_HANDSHAKE_TRAFFIC_SECRET 13d42e5af2261e385461d6e2a87c79c4e8e0f7e7a1d855e30e7f5d03232b419f 158ec3e3fbfae39d919dd448f3131b4c944907d05855ea61f8de5fc0b38c5259
CLIENT_TRAFFIC_SECRET_0 13d42e5af2261e385461d6e2a87c79c4e8e0f7e7a1d855e30e7f5d03232b419f e6a738db1342c6d4bf2cc0a4b4103a957e0f6c68b2fc9699fbae76e19ff4c8d5
SERVER_TRAFFIC_SECRET_0 13d42e5af2261e385461d6e2a87c79c4e8e0f7e7a1d855e30e7f5d03232b419f 9965f4e35df51ddff3929ee71ac682a7c103c587d26ec94ae72b9582f1bdb15b
EXPORTER_SECRET 13d42e5af2261e385461d6e2a87c79c4e8e0f7e7a1d855e30e7f5d03232b419f 90ad94dca3b709fd8f83230f1eaa47ae9516c5a0cdc97c75106b4417896b0230
CLIENT_HANDSHAKE_TRAFFIC_SECRET 4c74b8fd63681e06b4506ffc667c30e33987ed244e92528f8f05eeb23dc40b2b d7b9f5a3908d2e9fc9138fcd22318451004c0c47a85368243105191d04ffe9bc
SERVER_HANDSHAKE_TRAFFIC_SECRET 4c74b8fd63681e06b4506ffc667c30e33987ed244e92528f8f05eeb23dc40b2b e5c7e9a3e64cd4d86aaf53ceddf107e688f735993dc55e1576d9198a6f9180b4
CLIENT_HANDSHAKE_TRAFFIC_SECRET 3771e70b74301e541e3df5009430b264d226feeb03b3144b2ad9c9f3a7c72bb0 55bd6373533a385a9f54d10d9442a6abc0c7a4445b5ab771a521baf29000fac4
SERVER_HANDSHAKE_TRAFFIC_SECRET 3771e70b74301e541e3df5009430b264d226feeb03b3144b2ad9c9f3a7c72bb0 e2d353739f6f9be31ab0345409cbf212078310e870fcef705ff544384355913d
CLIENT_HANDSHAKE_TRAFFIC_SECRET 9c0aa719505ce6afd0f0ebcb10fdc9dc13527571b56287fa2830ebc31ec162da 355c3f06e4972b84d69cfa478e0ead147b5640ff36cb4b361e0bb760628d648f
CLIENT_HANDSHAKE_TRAFFIC_SECRET fe6f5ef1cd9f1f06014f9f32efda08633f5defbc35a8b0f20edd0586bd0f531e 9c935109b7bda2653604a13e6c680a55daf672d206d42938ebbe30c94831b1df
SERVER_HANDSHAKE_TRAFFIC_SECRET 9c0aa719505ce6afd0f0ebcb10fdc9dc13527571b56287fa2830ebc31ec162da 3869fd88e4877530e295eb058e6bed15134d7fd65c96b50872c94482853d0f46
SERVER_HANDSHAKE_TRAFFIC_SECRET fe6f5ef1cd9f1f06014f9f32efda08633f5defbc35a8b0f20edd0586bd0f531e 9db0857158f94423165377e23d0f8b2bd24f4ff573d12fe391d94e212c1fdcab
CLIENT_HANDSHAKE_TRAFFIC_SECRET df02b835c3ec0a7131e37478c09bd5fdfba72002aafaf51880254569f1a20cd2 a24399793c70ae3940340b13f03ad0d52ac4cf792edb319e7114a5f22076f02c
SERVER_HANDSHAKE_TRAFFIC_SECRET df02b835c3ec0a7131e37478c09bd5fdfba72002aafaf51880254569f1a20cd2 044e71f80671158c6825c11533845a5f63e2472cee7f0a0d99d426bb99361adf
CLIENT_HANDSHAKE_TRAFFIC_SECRET a992a8fa7c92d6a6f2befe030a75387851ec8972acda00936c9ad2f521916503 5822ed51687f196b4d7310aeea8fdf9eea65b7f6adb3417ac2628de80e867e99
SERVER_HANDSHAKE_TRAFFIC_SECRET a992a8fa7c92d6a6f2befe030a75387851ec8972acda00936c9ad2f521916503 61a27b8338e3ffd32398c66ae66de84abbdbb02cb2ec299e0271d638d7dc53ed
CLIENT_HANDSHAKE_TRAFFIC_SECRET 42e92aaedbeaeb2a6210f50424545cd25184daf2a65a5d6665ae08e4404f951c 3227e2af39e2da2566b559f313a8c89cc73ca0bc1e10eef8783bf09b5790a4f7
SERVER_HANDSHAKE_TRAFFIC_SECRET 42e92aaedbeaeb2a6210f50424545cd25184daf2a65a5d6665ae08e4404f951c 6f1ce5fbbe9af4998320d8e48581058302162a16a57a063f5e7db52228b6d332
CLIENT_HANDSHAKE_TRAFFIC_SECRET 95b358db1f73fc28fad98623a51a75ab358a0157bab6527f40d34063d0f7bc77 65a592bf08b642382529ba77dc1e6e0b6b0129f448cc6bd0b0e6cce58f29cec6
SERVER_HANDSHAKE_TRAFFIC_SECRET 95b358db1f73fc28fad98623a51a75ab358a0157bab6527f40d34063d0f7bc77 50ecfae72ab9d067ae1ecfca23d1d2bfb75042b96d09f677c622c2f882131d8c
CLIENT_TRAFFIC_SECRET_0 4c74b8fd63681e06b4506ffc667c30e33987ed244e92528f8f05eeb23dc40b2b 44addcfaf856e842b26ad6c4bd1bd825454b7e382e8cd12a152671d5b66e41e2
SERVER_TRAFFIC_SECRET_0 4c74b8fd63681e06b4506ffc667c30e33987ed244e92528f8f05eeb23dc40b2b 632caed9761bc7a9d5e6553d60893f528ab5bad4fe0f01ca52222ad4233613a8
EXPORTER_SECRET 4c74b8fd63681e06b4506ffc667c30e33987ed244e92528f8f05eeb23dc40b2b 4d365915fdeeedd3b18f2492b8dfdaf92e067080ddce7abff4b9221813625ba9
CLIENT_HANDSHAKE_TRAFFIC_SECRET b07b301b7ed59ad6955c0db567ec0460a4a6d2f648fa8eec169c69d467c2b5ed f461acf7d2865aba8b89d30689bb2e64fd16eee574dfad4bb722091438cc17a2
SERVER_HANDSHAKE_TRAFFIC_SECRET b07b301b7ed59ad6955c0db567ec0460a4a6d2f648fa8eec169c69d467c2b5ed c2bc629813ffaa3203f40089b5ec61510a683929c96123d5a01c2ff8e0f47d1f
CLIENT_HANDSHAKE_TRAFFIC_SECRET a5ca22d714baeb1e9eabca7b452056e6d72d38cbec1346e5d643a162a1f34e6d a9d578aef638911a593a6be4dca519e7f4643f1134de8a07b48604a7caa1c1c3
SERVER_HANDSHAKE_TRAFFIC_SECRET a5ca22d714baeb1e9eabca7b452056e6d72d38cbec1346e5d643a162a1f34e6d b094cd3a3adb3bc6cf44a8318e9a354f2da9aded373903ea2924cff9057385fa
CLIENT_TRAFFIC_SECRET_0 3771e70b74301e541e3df5009430b264d226feeb03b3144b2ad9c9f3a7c72bb0 d79b4354b4edcff0126ca137cf3c2e9aff21a4b1e5c8919f5893910d1e2612b1
SERVER_TRAFFIC_SECRET_0 3771e70b74301e541e3df5009430b264d226feeb03b3144b2ad9c9f3a7c72bb0 7feea136791ab003a0c32eb04108d95a37029157de1457504f2578a894cee373
EXPORTER_SECRET 3771e70b74301e541e3df5009430b264d226feeb03b3144b2ad9c9f3a7c72bb0 3b5e02508103f73dca3b07f61265615515e9cd3c5a5a4ff2bc98792b8e081339
CLIENT_TRAFFIC_SECRET_0 9c0aa719505ce6afd0f0ebcb10fdc9dc13527571b56287fa2830ebc31ec162da f6fd87e8ec0c97e86a7e77022e7f6b8dd001076646820eb2024012ecb4e3bbd1
CLIENT_TRAFFIC_SECRET_0 fe6f5ef1cd9f1f06014f9f32efda08633f5defbc35a8b0f20edd0586bd0f531e 315be7e160e76108d99bc1d188da0f76b386ff8beab18fc37b542c1309a8e1ca
SERVER_TRAFFIC_SECRET_0 9c0aa719505ce6afd0f0ebcb10fdc9dc13527571b56287fa2830ebc31ec162da 505d05c8e2f4d26929d1b28b355ec1f3dc6988b44cd6df93932fd9b9baccd2c6
SERVER_TRAFFIC_SECRET_0 fe6f5ef1cd9f1f06014f9f32efda08633f5defbc35a8b0f20edd0586bd0f531e f1867a0eddae455fda00426e6ded8062d7c5bfa6fc8ff3cb6ea628449f766750
EXPORTER_SECRET 9c0aa719505ce6afd0f0ebcb10fdc9dc13527571b56287fa2830ebc31ec162da ede30ba65f1def318092c1aa39c68294e6e946c661d73b6dd24c3136678ef18d
EXPORTER_SECRET fe6f5ef1cd9f1f06014f9f32efda08633f5defbc35a8b0f20edd0586bd0f531e 18b52c70d382bd1cd27afe5f1bc7ae3a2c76a1567c4d7bad13ee3e4a20283bb6
CLIENT_TRAFFIC_SECRET_0 df02b835c3ec0a7131e37478c09bd5fdfba72002aafaf51880254569f1a20cd2 2fd10a06a4c9be21db335ae963eb96f139a30648363e3a0c386f27872d2f064d
SERVER_TRAFFIC_SECRET_0 df02b835c3ec0a7131e37478c09bd5fdfba72002aafaf51880254569f1a20cd2 6e1cb3d2484e023a809e01821c9012fc868368b3be94ddae36643e51144a033f
EXPORTER_SECRET df02b835c3ec0a7131e37478c09bd5fdfba72002aafaf51880254569f1a20cd2 346c76614d638648898eccfcf0348af171095c027dbea242113dff7e9d314fe2
CLIENT_TRAFFIC_SECRET_0 a992a8fa7c92d6a6f2befe030a75387851ec8972acda00936c9ad2f521916503 6398027406e56a7a1f81479d68338e175377cc3b0b8c2f3a246b315d2c7b35c4
SERVER_TRAFFIC_SECRET_0 a992a8fa7c92d6a6f2befe030a75387851ec8972acda00936c9ad2f521916503 81c81499cb18dd5e91be9cf8719b05ee1603da563bc06bb0351a2cdbe6bf2e1f
EXPORTER_SECRET a992a8fa7c92d6a6f2befe030a75387851ec8972acda00936c9ad2f521916503 6e4890715c071c85d94ba74f3e91e9861cd1a5eea9a33e819f63e73d93714da2
CLIENT_TRAFFIC_SECRET_0 42e92aaedbeaeb2a6210f50424545cd25184daf2a65a5d6665ae08e4404f951c 604fb7ef3ffef7cbfd700d7bc19e4b806cd9925d8a0c1c873c6ad2c22a83e7c6
SERVER_TRAFFIC_SECRET_0 42e92aaedbeaeb2a6210f50424545cd25184daf2a65a5d6665ae08e4404f951c 736f40faa37f4a756ab11170a498913daed2bda931db3d8948014699cadb18f8
EXPORTER_SECRET 42e92aaedbeaeb2a6210f50424545cd25184daf2a65a5d6665ae08e4404f951c d72b91a9d084057dcc2bc9d1b0ac8079b309108d85d7b15bff362ec6445e128a
CLIENT_TRAFFIC_SECRET_0 95b358db1f73fc28fad98623a51a75ab358a0157bab6527f40d34063d0f7bc77 0f81f2fde96462210f8e2704fbe34c50db5b240da944bc7bc7ecc24c5bf3b192
SERVER_TRAFFIC_SECRET_0 95b358db1f73fc28fad98623a51a75ab358a0157bab6527f40d34063d0f7bc77 5cc98a74a4ee5f11a32ff27a0f023a7758c97ac0584fbb2153c1eb560880e5e2
EXPORTER_SECRET 95b358db1f73fc28fad98623a51a75ab358a0157bab6527f40d34063d0f7bc77 99c210e1c01bc232a3e7aecada2c1d5bff97f1d683ee34ba6ca45f3bcec4d22c
CLIENT_TRAFFIC_SECRET_0 b07b301b7ed59ad6955c0db567ec0460a4a6d2f648fa8eec169c69d467c2b5ed e9735e6a64ff13fa4bda1933f45c4e7fc57324d98319c4492a7bb210355b9ad7
SERVER_TRAFFIC_SECRET_0 b07b301b7ed59ad6955c0db567ec0460a4a6d2f648fa8eec169c69d467c2b5ed 8ad0056eaeef932db763cfedcf254204bb1312908b94fee7ec49b9e2813144ee
EXPORTER_SECRET b07b301b7ed59ad6955c0db567ec0460a4a6d2f648fa8eec169c69d467c2b5ed 7961343c57bc24359c243dcb93a683745dfd51cfd3119f8b09d3ca43100f5318
CLIENT_TRAFFIC_SECRET_0 a5ca22d714baeb1e9eabca7b452056e6d72d38cbec1346e5d643a162a1f34e6d 61d9777ed559af02685efb8802cc1ed0bc1f9b27bd712e27ff84cec57da59c97
SERVER_TRAFFIC_SECRET_0 a5ca22d714baeb1e9eabca7b452056e6d72d38cbec1346e5d643a162a1f34e6d 2952fb06d5aca9f6da07cbec8872c9f221469656c95043a2a665bada07cbdd64
EXPORTER_SECRET a5ca22d714baeb1e9eabca7b452056e6d72d38cbec1346e5d643a162a1f34e6d 3d842935add6fd3eaccc793c565e282c053934529bb447912e85bb79dfb24e9f
CLIENT_HANDSHAKE_TRAFFIC_SECRET 5638924d0836c74fbc6fd9b36fee9c89e9cd6b875427b3f66490711de1a7845c 52ded0bcfef620e8d66c329fcaa6a02fd3583d919e5a56264243895b5dffd6a6
SERVER_HANDSHAKE_TRAFFIC_SECRET 5638924d0836c74fbc6fd9b36fee9c89e9cd6b875427b3f66490711de1a7845c 8a165099a53730edae8ecab5dddc9c66601dd427f5836fe38fcf0babbe654c2b
CLIENT_TRAFFIC_SECRET_0 5638924d0836c74fbc6fd9b36fee9c89e9cd6b875427b3f66490711de1a7845c abe1a38fc2754e4d884554aece9accea45e8860f5c94a8cd29e52d84485235e7
SERVER_TRAFFIC_SECRET_0 5638924d0836c74fbc6fd9b36fee9c89e9cd6b875427b3f66490711de1a7845c ec17254ffedacf6f7c4a5740b6e9c8b7ccf6b5b2a2a140f61982487cf0aef2d1
EXPORTER_SECRET 5638924d0836c74fbc6fd9b36fee9c89e9cd6b875427b3f66490711de1a7845c c4d4fbadf35a28f7007c865605ac86097bda57c79d61c0fe4731e53b77a234d4
