CLIENT_HANDSHAKE_TRAFFIC_SECRET 81b635db615df070a092d09addaa9ce3cb2d0cdfc4035f99346c5db894ede0f8 3724334c2e603f458e2ead8dcdd780b6fdaf56aca62de6bd19901e476674a7e9
SERVER_HANDSHAKE_TRAFFIC_SECRET 81b635db615df070a092d09addaa9ce3cb2d0cdfc4035f99346c5db894ede0f8 c69d95879eb4976364155774c9f029817eb24b144e1bffc76c473836c8c6ab35
CLIENT_TRAFFIC_SECRET_0 81b635db615df070a092d09addaa9ce3cb2d0cdfc4035f99346c5db894ede0f8 c6497a6a208502cbaf9185cee14a21382298e25627cf0a00aa1b54f403d08a42
SERVER_TRAFFIC_SECRET_0 81b635db615df070a092d09addaa9ce3cb2d0cdfc4035f99346c5db894ede0f8 d922da216ffc56cd29c85e42e1ea947d8bf8e634d9a63ade0d570881fd929103
EXPORTER_SECRET 81b635db615df070a092d09addaa9ce3cb2d0cdfc4035f99346c5db894ede0f8 005b5036da2b6f6baa137ec2bf4707ec5868e4481168a3971fede209b8efe3f2
CLIENT_HANDSHAKE_TRAFFIC_SECRET 6636755e52d03364ffc82ee2dae0565de10386a1639a94b70afe8f805175aeae 0adef5e0a88cd961ff0fdda030de96be7767d9c5a24d240cbd8a41e6d668cf93
SERVER_HANDSHAKE_TRAFFIC_SECRET 6636755e52d03364ffc82ee2dae0565de10386a1639a94b70afe8f805175aeae 962dde5599d114dbf22b09aec3b5c807e5de402428a785d67f958352cc3771cf
CLIENT_TRAFFIC_SECRET_0 6636755e52d03364ffc82ee2dae0565de10386a1639a94b70afe8f805175aeae 49fcb32af4e959a401feb54be372e66dd1d02f9f9d9ab8b740cc108efee09330
SERVER_TRAFFIC_SECRET_0 6636755e52d03364ffc82ee2dae0565de10386a1639a94b70afe8f805175aeae a9d91ebce0e4ce1ea506427972c76f770e3efc15e505678f0daf607303dc33e0
EXPORTER_SECRET 6636755e52d03364ffc82ee2dae0565de10386a1639a94b70afe8f805175aeae 871001da5afa0e9fb60dad52ad7e737256175e0fc86f9dd55b3e4f4e1474fe2a
CLIENT_HANDSHAKE_TRAFFIC_SECRET 2131ab2336a02704623ef49aca120d5d077261751460f2fddbb85ba2a5e2f357 ebaca0600acfc05a03c1016bf938ddf71ae350a3624c7bbb707e5c0a53d925d8
SERVER_HANDSHAKE_TRAFFIC_SECRET 2131ab2336a02704623ef49aca120d5d077261751460f2fddbb85ba2a5e2f357 8dca02c382d459dba5fe4384b664d0cecd3fb0a6b61ed4f0771df73a0ea83d3c
CLIENT_HANDSHAKE_TRAFFIC_SECRET aeaf063314cbd102d888a262e61647b28314c45e17a89140d6a1272a022a3b38 14dd7696b2d0d5f11e65622d804289c536e216351455dda128291888ec7b1913
SERVER_HANDSHAKE_TRAFFIC_SECRET aeaf063314cbd102d888a262e61647b28314c45e17a89140d6a1272a022a3b38 293b82b39b07d09d2ccb76ad5f6b5a6f8ac9e8bdbcd936337c411ce9ce1550ec
CLIENT_TRAFFIC_SECRET_0 2131ab2336a02704623ef49aca120d5d077261751460f2fddbb85ba2a5e2f357 813dcaa1d8381af5c06c44f0a18a52168598341227cb47c4b0035d16e9a0819c
SERVER_TRAFFIC_SECRET_0 2131ab2336a02704623ef49aca120d5d077261751460f2fddbb85ba2a5e2f357 3ca0f430636b22d5d1c49b8be7f21432c1892686fb30ccb9e00d5b08bb4a07ff
EXPORTER_SECRET 2131ab2336a02704623ef49aca120d5d077261751460f2fddbb85ba2a5e2f357 15afe08c09d6d31080a635e72c8abc4131419dc0ed73e034d77134c23ab12604
CLIENT_TRAFFIC_SECRET_0 aeaf063314cbd102d888a262e61647b28314c45e17a89140d6a1272a022a3b38 8a85cba937c73d9eebe1bb4adad389db149fde0bb06170aeef3607fe27be7d91
SERVER_TRAFFIC_SECRET_0 aeaf063314cbd102d888a262e61647b28314c45e17a89140d6a1272a022a3b38 17f3c521b007636e54694055bdf8ac3aa22599ae419ef58c7521b67565f9929f
EXPORTER_SECRET aeaf063314cbd102d888a262e61647b28314c45e17a89140d6a1272a022a3b38 0f462777eeb8c910cc981e2004e3f5319de8f79e12086328d87265b5416f2a3f
CLIENT_HANDSHAKE_TRAFFIC_SECRET f60ab7f53dfac2cb2099da5170071bdd82b82f1b9ae51956c6ce69f23f0857ab 3c2bd25fe03a4b14be08db78a732eca0b6f705328b6432a9af4ab512a52e6337
SERVER_HANDSHAKE_TRAFFIC_SECRET f60ab7f53dfac2cb2099da5170071bdd82b82f1b9ae51956c6ce69f23f0857ab 46d6d522179a86af4291d75b5ddc100a4d96ca83de71a9b904313a55a78d53f2
CLIENT_HANDSHAKE_TRAFFIC_SECRET 9b5a5ad68a9bf7014014cef8b3a57f6f88247e3ca1b6759682c9f1e13e311c72 26efa8a6f97c33b5df3ac4bdd61c1bda5d14eb90b7a7b67fc387d5e97a727326
SERVER_HANDSHAKE_TRAFFIC_SECRET 9b5a5ad68a9bf7014014cef8b3a57f6f88247e3ca1b6759682c9f1e13e311c72 34df987e18dcc99ae5d63ea73adaade0f9eb1fbfec34ab4465f7716c5233d9d4
CLIENT_HANDSHAKE_TRAFFIC_SECRET e2b778e028aeda77bb14c8ccf79908d8cdf7f872990cde2e250052c9835b1922 63a91d1fc2234dbec29044866044f262fdadeb9ad6091c03c26d664e79daded8
SERVER_HANDSHAKE_TRAFFIC_SECRET e2b778e028aeda77bb14c8ccf79908d8cdf7f872990cde2e250052c9835b1922 3fd7ee4245ec0a60240fda23d3d31693f5da9853569cd4b95e48cc11d7ea23d7
CLIENT_TRAFFIC_SECRET_0 f60ab7f53dfac2cb2099da5170071bdd82b82f1b9ae51956c6ce69f23f0857ab 03451e47d58423d85bd0fd104775afbe2bc83d902f06bf284200d86616183915
SERVER_TRAFFIC_SECRET_0 f60ab7f53dfac2cb2099da5170071bdd82b82f1b9ae51956c6ce69f23f0857ab 1c5a802382e62ae4327ed21c8899279434dddd2b874457b8875f4c10a721bd6a
EXPORTER_SECRET f60ab7f53dfac2cb2099da5170071bdd82b82f1b9ae51956c6ce69f23f0857ab c2a6cbbae0705f1613c0bdcc10bcdb99bd44412eee026f1c0e1087701dd3d789
CLIENT_TRAFFIC_SECRET_0 9b5a5ad68a9bf7014014cef8b3a57f6f88247e3ca1b6759682c9f1e13e311c72 75c778ca9add50794da79addfb44a726928c5482200bb94231e7570ba152493a
SERVER_TRAFFIC_SECRET_0 9b5a5ad68a9bf7014014cef8b3a57f6f88247e3ca1b6759682c9f1e13e311c72 eeb68c06a19c71eac44ce63a565669289cc806f78090af89d423ec368e5c4ba0
EXPORTER_SECRET 9b5a5ad68a9bf7014014cef8b3a57f6f88247e3ca1b6759682c9f1e13e311c72 3dfa73833e853c5d0979ad83c2eb382e94a8d466db6eac23df3d79fc265b12a9
CLIENT_TRAFFIC_SECRET_0 e2b778e028aeda77bb14c8ccf79908d8cdf7f872990cde2e250052c9835b1922 4b264ccf59fbf59413e67881d3d9db29ad194162a023abd7e46e8b0f9617ffe8
SERVER_TRAFFIC_SECRET_0 e2b778e028aeda77bb14c8ccf79908d8cdf7f872990cde2e250052c9835b1922 fd75cc11966bf9297e4eb3ad6170427fc9eeba073bb8076fe402fbb8c5c5bfc1
EXPORTER_SECRET e2b778e028aeda77bb14c8ccf79908d8cdf7f872990cde2e250052c9835b1922 35d87bdd4666364c3a5e1df726a67332cebf540b8d7cc160197bc399e96ef891
CLIENT_HANDSHAKE_TRAFFIC_SECRET 2c7a8c8553ff7bd61f676e9dcd0c883a8abdd0f8f7acbf8740c9c09d6430763f 5bc7f9f95e2531e4838344104e8a047b09908163cb62bd64caafffba4938d5cf
SERVER_HANDSHAKE_TRAFFIC_SECRET 2c7a8c8553ff7bd61f676e9dcd0c883a8abdd0f8f7acbf8740c9c09d6430763f d384b7e2387e41d2fdaa6daafd5baa6e21b47f90f89744f205dd02dc7a81e3b2
CLIENT_HANDSHAKE_TRAFFIC_SECRET 08b478d2d997aa0903ebe02d2fa0abab435de700323e6cf5039c2112cb69d578 d100c86315af00837a55bccf09b5621e422dfc10aad7d0533c736923da71fb35
SERVER_HANDSHAKE_TRAFFIC_SECRET 08b478d2d997aa0903ebe02d2fa0abab435de700323e6cf5039c2112cb69d578 1de7b12deffdcb30dab0b700fd30b068bd01c62888f20b1fe482567a195fbe14
CLIENT_TRAFFIC_SECRET_0 2c7a8c8553ff7bd61f676e9dcd0c883a8abdd0f8f7acbf8740c9c09d6430763f eb4acc51c7073cf4ef04d4d4798e1196bfec056cf85c9fdc48b0d2ffdd5ac4f0
CLIENT_TRAFFIC_SECRET_0 08b478d2d997aa0903ebe02d2fa0abab435de700323e6cf5039c2112cb69d578 d0f0670d6230979746c869d0333a66bd378fabc83bf2ddc4ca3d541be6bad242
SERVER_TRAFFIC_SECRET_0 2c7a8c8553ff7bd61f676e9dcd0c883a8abdd0f8f7acbf8740c9c09d6430763f 7e5b6654d94836513eb764311b3375a8f6e2f50af5051a2cf86e9dd2a4826f75
SERVER_TRAFFIC_SECRET_0 08b478d2d997aa0903ebe02d2fa0abab435de700323e6cf5039c2112cb69d578 caba2a93c652bcc8e3eba1c56b1aeb0f33e3e2a655d4dcb152b6f4b7377f4520
EXPORTER_SECRET 2c7a8c8553ff7bd61f676e9dcd0c883a8abdd0f8f7acbf8740c9c09d6430763f fcda7ee84077ebe1a2228371a65ff8800561926402495d77bfd087762da0b5e3
EXPORTER_SECRET 08b478d2d997aa0903ebe02d2fa0abab435de700323e6cf5039c2112cb69d578 1b1429941dd6c1aa28554fca9c96ab035f5844b0ff136e12596fa5dfe73baaad
CLIENT_HANDSHAKE_TRAFFIC_SECRET 741d3e7cbded0ba5c29272601c044cb713beaec9e4212d9391e87da938cc663a 5e56935ec67b415e76a19b9bb89120fd38c43efa7404105eef8eed1d0e92c024
CLIENT_HANDSHAKE_TRAFFIC_SECRET 61d4953899c53d1c732c67ca49917ec3161f5131aee6f98e859e082433b9879c 496217050e8650151278e6722213b92f2630631e8cde488532590cdacb3e5cd9
SERVER_HANDSHAKE_TRAFFIC_SECRET 741d3e7cbded0ba5c29272601c044cb713beaec9e4212d9391e87da938cc663a 6ac9d0e27b51641003c6bb2e1a5a0c29f6fcb2cab2f79c7c13040a2cc5e29b69
SERVER_HANDSHAKE_TRAFFIC_SECRET 61d4953899c53d1c732c67ca49917ec3161f5131aee6f98e859e082433b9879c fa9f06ce08a67b8526b288f5967e3c95cbff1ef42a425614b68d48faf27c7bc5
CLIENT_TRAFFIC_SECRET_0 61d4953899c53d1c732c67ca49917ec3161f5131aee6f98e859e082433b9879c 33e5cea64c53b2bbe52523ee7d21704a0d043b7fb0995a4aeaef52b2d23bdac1
SERVER_TRAFFIC_SECRET_0 61d4953899c53d1c732c67ca49917ec3161f5131aee6f98e859e082433b9879c 5715e0fef4625c2f78dac1f63a60a29c264d17adb90d27bdb34924db8f9fa7da
EXPORTER_SECRET 61d4953899c53d1c732c67ca49917ec3161f5131aee6f98e859e082433b9879c 321e84be5abac2b68b56748974279d6c2a604e495a52d49e2e7e4dca8cd0cf21
CLIENT_HANDSHAKE_TRAFFIC_SECRET 8552d43b09fdbee18d99a9e966833558b68054fcadc08f87d86cba6c7036018d aef4e569046066b286c4b6ba65b17b63527952fea5889a3f8ab660dbe26ff06e
SERVER_HANDSHAKE_TRAFFIC_SECRET 8552d43b09fdbee18d99a9e966833558b68054fcadc08f87d86cba6c7036018d 8ca16c3e60d4b4fe53d3aa13f3ccb1008077ae41b3541c5d8b42dd529f0a55cc
CLIENT_HANDSHAKE_TRAFFIC_SECRET 51e835a560fdd5053c6bb8f50f00fee2815d6d516418e5022c3cb2a30b95da14 0ea0b426fa6ad3521f619d9f5f8ae8839962d06c7c1f16943cb8396732a709d9
CLIENT_TRAFFIC_SECRET_0 741d3e7cbded0ba5c29272601c044cb713beaec9e4212d9391e87da938cc663a 477f55fcf23c734fc5cddf4b44dc899b273f251811b721441d1fa9d6aa9fff4a
SERVER_HANDSHAKE_TRAFFIC_SECRET 51e835a560fdd5053c6bb8f50f00fee2815d6d516418e5022c3cb2a30b95da14 98fd6638aa40bca63a995d212e208c2253857b2c7b4fb5480d34b56917a93265
SERVER_TRAFFIC_SECRET_0 741d3e7cbded0ba5c29272601c044cb713beaec9e4212d9391e87da938cc663a be660604815e4476b6e1c41bd8bce215aaeb83e655199328b14b5e95c871a246
EXPORTER_SECRET 741d3e7cbded0ba5c29272601c044cb713beaec9e4212d9391e87da938cc663a 24d873e9033bf3367ed743a51d249a27f899d240f26803080cc52cc2b305a69d
CLIENT_TRAFFIC_SECRET_0 8552d43b09fdbee18d99a9e966833558b68054fcadc08f87d86cba6c7036018d c4be02edbcb89a94a20153445850977d1be9753fa4426c4a199dff9db7532d9b
SERVER_TRAFFIC_SECRET_0 8552d43b09fdbee18d99a9e966833558b68054fcadc08f87d86cba6c7036018d c376597404e481006cf801a6eccedd2124225209cfff969b47fa76526c4ed475
EXPORTER_SECRET 8552d43b09fdbee18d99a9e966833558b68054fcadc08f87d86cba6c7036018d bc8ac8044fb8f9f15a704a7360873180b93099f3c5ee97580cafb27ff50048fb
CLIENT_TRAFFIC_SECRET_0 51e835a560fdd5053c6bb8f50f00fee2815d6d516418e5022c3cb2a30b95da14 d63fa10592b974e0188210085c4ac2a7b4bcd2061711ebaa4a87de83ec736418
SERVER_TRAFFIC_SECRET_0 51e835a560fdd5053c6bb8f50f00fee2815d6d516418e5022c3cb2a30b95da14 6cc14f6f4e60ab3a39f80f815d29a59a82273bba07905753ba924f2dcc0d7828
EXPORTER_SECRET 51e835a560fdd5053c6bb8f50f00fee2815d6d516418e5022c3cb2a30b95da14 c6c4fdc5228338b76736b251d6ac60636472a7297675f2286bb679db244e6b1f
CLIENT_HANDSHAKE_TRAFFIC_SECRET d8994ea783a5404249835a39496bbf5ba0f8c9e0495af372c74e4b1f1dfb2231 abb696ac2e66c7bd049f4a2a4396be8cbcfd0377f9df03908903f7a5221080c8
SERVER_HANDSHAKE_TRAFFIC_SECRET d8994ea783a5404249835a39496bbf5ba0f8c9e0495af372c74e4b1f1dfb2231 f4b17b9e9717bbb4c70a4e2bf8e304b879e4607bed12ecb591f05b5c03d2d62c
CLIENT_TRAFFIC_SECRET_0 d8994ea783a5404249835a39496bbf5ba0f8c9e0495af372c74e4b1f1dfb2231 4330abd0c524c46296f6239e87c41ac45f3a46ee5e6e55e8bc7818f1363cb772
SERVER_TRAFFIC_SECRET_0 d8994ea783a5404249835a39496bbf5ba0f8c9e0495af372c74e4b1f1dfb2231 b17820489ffa49accedbaa5c519769a6ad8b9702a16e6654f60ffa04b90b5bef
EXPORTER_SECRET d8994ea783a5404249835a39496bbf5ba0f8c9e0495af372c74e4b1f1dfb2231 9e837849385958b743ef2a0fade4335dc704c20593e74c86a507b79f62c2da1f
CLIENT_HANDSHAKE_TRAFFIC_SECRET 818d97ae6e77464e8f9c91179d52b9106c534b3d0bd68fbf7e4cd13a5935809c d6045d2a5b99afc9252d35dde71595ebdc369b1d09942b263b1c6583a384d1c8
SERVER_HANDSHAKE_TRAFFIC_SECRET 818d97ae6e77464e8f9c91179d52b9106c534b3d0bd68fbf7e4cd13a5935809c aaefba5e4a9b8476288649bfd88488127c5d466da7e020fedd50258648199984
CLIENT_TRAFFIC_SECRET_0 818d97ae6e77464e8f9c91179d52b9106c534b3d0bd68fbf7e4cd13a5935809c 57010f0164aaf362163bc961f9f16d961db3eeb595f504f134b916022df07fa0
SERVER_TRAFFIC_SECRET_0 818d97ae6e77464e8f9c91179d52b9106c534b3d0bd68fbf7e4cd13a5935809c 28b62cc080d3bf319ef45c5af854a89b6368303ecc599cc84cb3faf08a632163
EXPORTER_SECRET 818d97ae6e77464e8f9c91179d52b9106c534b3d0bd68fbf7e4cd13a5935809c bee16849b186147d70142ddc742db527271d9bbae9a902ac1216219d5f504822
