CLIENT_HANDSHAKE_TRAFFIC_SECRET b301497c5a67f52b131dcbce81e129d9a2a5a2a9e3b302bd834b020b76dcc98e 449b8c2f8534a1dc8be0a0a9f65bb81e0f3784505dd3aafcd78c390a2cc3b422
SERVER_HANDSHAKE_TRAFFIC_SECRET b301497c5a67f52b131dcbce81e129d9a2a5a2a9e3b302bd834b020b76dcc98e 7286e6ac9b30c13deaaf067a3e7c2da8377c040805b7d8cf45a1efa264c960d3
CLIENT_TRAFFIC_SECRET_0 b301497c5a67f52b131dcbce81e129d9a2a5a2a9e3b302bd834b020b76dcc98e 8942c7f6bce4498d59d16305b6fe6fc9d7f784b6e913212940aba53c432d6361
SERVER_TRAFFIC_SECRET_0 b301497c5a67f52b131dcbce81e129d9a2a5a2a9e3b302bd834b020b76dcc98e 74909a839dee2b4c9e7777b248c802eda877acf44d510784ffe0a35087928de2
EXPORTER_SECRET b301497c5a67f52b131dcbce81e129d9a2a5a2a9e3b302bd834b020b76dcc98e bd534dd4df8b0de6b2142b40a6f8629eaba11c1765b5a9e9ba8d54a5a683236c
CLIENT_HANDSHAKE_TRAFFIC_SECRET 5c2c72c609b65933a3ee9182a1b0a3551da4f623b533061ee2f961c1a5fcf4c2 2a2e3c25a8d50038a2d8d7a56567504f8a26f87723f26c59c3051b57e9ae46f5
SERVER_HANDSHAKE_TRAFFIC_SECRET 5c2c72c609b65933a3ee9182a1b0a3551da4f623b533061ee2f961c1a5fcf4c2 60b82dd9fe4d130ac2df065db67f09d109ff25739bf364fd36aa3d0ebdacdad1
CLIENT_HANDSHAKE_TRAFFIC_SECRET bde9b8e29d5448c413953ca84bfc700d8a77149eca2c8569df0dcf0869e6d758 48052333dcf230bf13639d11cd062f71026c0e86bf37b967d11b9d7ae55867bd
SERVER_HANDSHAKE_TRAFFIC_SECRET bde9b8e29d5448c413953ca84bfc700d8a77149eca2c8569df0dcf0869e6d758 08a8a7e447852e933d60450a3906603209636418931f6b2b88bf0d4f9e74326b
CLIENT_HANDSHAKE_TRAFFIC_SECRET 952837267f99ad58ce24ce18a75788ecbc23d73816700d9f362cd4d0b051fbc8 703afebffa7c93176a30869e70dd4dec7bc6d3bc229f8b7e419818b79ba3f6d2
SERVER_HANDSHAKE_TRAFFIC_SECRET 952837267f99ad58ce24ce18a75788ecbc23d73816700d9f362cd4d0b051fbc8 da3334a2c413bf39fb4129fdac3f290fa2e8104aeab3a764869d013ed8fc6bb8
CLIENT_TRAFFIC_SECRET_0 5c2c72c609b65933a3ee9182a1b0a3551da4f623b533061ee2f961c1a5fcf4c2 b7040c8dfd9e6506b4e4d3e918b4392dad1e1221eddc8434c4a6db4cb4fd83fc
SERVER_TRAFFIC_SECRET_0 5c2c72c609b65933a3ee9182a1b0a3551da4f623b533061ee2f961c1a5fcf4c2 380c87b88fff54f21683f9d0f85e3e035ce68a0d4a9bdba4e7c137c5ff7c3b4b
EXPORTER_SECRET 5c2c72c609b65933a3ee9182a1b0a3551da4f623b533061ee2f961c1a5fcf4c2 cffbee4ca4ee05d2d1b9c77a83805eb8f1319a1ae89f848c0a57e66534175e1f
CLIENT_TRAFFIC_SECRET_0 bde9b8e29d5448c413953ca84bfc700d8a77149eca2c8569df0dcf0869e6d758 00092f158874b3d86bbfe198099c95f7aa34d9a72bf568c9967411ff7d5e1369
SERVER_TRAFFIC_SECRET_0 bde9b8e29d5448c413953ca84bfc700d8a77149eca2c8569df0dcf0869e6d758 09b741769d87398dfc067536d2869b7ee5c35e532d6cfc05ee80c4e6e488c997
EXPORTER_SECRET bde9b8e29d5448c413953ca84bfc700d8a77149eca2c8569df0dcf0869e6d758 c0a45ba11c4e0127caf261c2917e6e17cd8a10bff97482cca8c74dcf2f431d78
CLIENT_TRAFFIC_SECRET_0 952837267f99ad58ce24ce18a75788ecbc23d73816700d9f362cd4d0b051fbc8 7c97190ca120c3f29bc85fed9390d7226f908572850fa9122d1f777b4c278455
SERVER_TRAFFIC_SECRET_0 952837267f99ad58ce24ce18a75788ecbc23d73816700d9f362cd4d0b051fbc8 d6374456266b762a40d9bc07e118ba4daff3b5e220c409240bbfb725d9c7ee11
EXPORTER_SECRET 952837267f99ad58ce24ce18a75788ecbc23d73816700d9f362cd4d0b051fbc8 3b4c682452ac4872d2f52af0691e74a97d9baf57cc31cf2b5c297683d55acd7d
CLIENT_HANDSHAKE_TRAFFIC_SECRET 50eaba8ab3f19ae418a0588eaa32fd501b1fa37a1db3900b2629942dcde71268 448d6756d80e169f75334c0e50a100267f601e1879ce3be8545627d57057c6d8
SERVER_HANDSHAKE_TRAFFIC_SECRET 50eaba8ab3f19ae418a0588eaa32fd501b1fa37a1db3900b2629942dcde71268 4e208c165fa41dc9cc41e35465eb05982d81d45b409c5662fccaeacfac1c5ce1
CLIENT_TRAFFIC_SECRET_0 50eaba8ab3f19ae418a0588eaa32fd501b1fa37a1db3900b2629942dcde71268 c4ad5b80b028b04455bb3ada3a8e4c40cc4d7b3a0cdd6a5b3fbb4185a704bb47
SERVER_TRAFFIC_SECRET_0 50eaba8ab3f19ae418a0588eaa32fd501b1fa37a1db3900b2629942dcde71268 a12670ad0399340674cf92b4f7a41c73268a1c6d30bac42ddcca64c8164840be
EXPORTER_SECRET 50eaba8ab3f19ae418a0588eaa32fd501b1fa37a1db3900b2629942dcde71268 a680b4715ab821394da1563fa897160cf13fd3eb455d38a185a8e2139c7a26f9
