CLIENT_HANDSHAKE_TRAFFIC_SECRET 60acc60dd620a2677572a4db883f8cd776a6400829262a604cf0fb4185f629ae 8e797a7548f4a9072972c898350996eb16d5e3eefc60b76c3181c8259bd2c1f5
SERVER_HANDSHAKE_TRAFFIC_SECRET 60acc60dd620a2677572a4db883f8cd776a6400829262a604cf0fb4185f629ae fe5b4f5a2858644973d4e8c6089d0f2ce8d6209557a73442c03f241a12348e27
CLIENT_TRAFFIC_SECRET_0 60acc60dd620a2677572a4db883f8cd776a6400829262a604cf0fb4185f629ae 0ed30244a46f3562f9af0d9e4de3605f4148dcea6fbc3f8a271eb5f1bc866669
SERVER_TRAFFIC_SECRET_0 60acc60dd620a2677572a4db883f8cd776a6400829262a604cf0fb4185f629ae 197ef49df75c4478fc4bdbea7b85e87cb25b2399037648c1f5423f8c5eeb35c9
EXPORTER_SECRET 60acc60dd620a2677572a4db883f8cd776a6400829262a604cf0fb4185f629ae 39330d12a91c22380de05b8ed8e27002aef5eff89984839e2dcc0da4f590eb68
CLIENT_HANDSHAKE_TRAFFIC_SECRET fd6416abe7c54db9bd5813529862c1a36af1f8c9c5388ff61d453c95ee6286ff 9218b523f749fb9abd553b9bcc18f1ab9c74a5aa3bd2831ed1792ead684f5cdb
SERVER_HANDSHAKE_TRAFFIC_SECRET fd6416abe7c54db9bd5813529862c1a36af1f8c9c5388ff61d453c95ee6286ff 8478e5f7f692c64939b656b7d7fbbe17fde418b3f8cdf4e7f510862eb0e6aea1
CLIENT_HANDSHAKE_TRAFFIC_SECRET cb0207c484768d0a2d90079bd2535e188e11712ab45f5fa728d945f3474754b0 1a822e6f41ca333e7bebcd0396fdecebe34b2a68705455574cb07e0b2883d3de
SERVER_HANDSHAKE_TRAFFIC_SECRET cb0207c484768d0a2d90079bd2535e188e11712ab45f5fa728d945f3474754b0 7756138e559b5f173447ab4d8a8d5d4f963f37b92503f49dc82ac4df89d94dd6
CLIENT_HANDSHAKE_TRAFFIC_SECRET 86e166f2c0b51aa700bd99546dfbb6b59f520641c7480f2e6870e95138aead09 5fc22d09d7151655d4fdf192518f672dfdf7f072792612fa2d21c8c2f857e1cb
SERVER_HANDSHAKE_TRAFFIC_SECRET 86e166f2c0b51aa700bd99546dfbb6b59f520641c7480f2e6870e95138aead09 f6a54c6eb708d3ee15c19dbbbfb022772f396a4a8f05b8409b3c1ba93a2a3d0d
CLIENT_HANDSHAKE_TRAFFIC_SECRET ff209f877285a2654bf2d27c6c879d87b66ce63ba6424665f2ec0b5f3c8d290c e2cd85ea37bfab615309094c63836b13602f75f37fccfa2b691cac888d1000ac
SERVER_HANDSHAKE_TRAFFIC_SECRET ff209f877285a2654bf2d27c6c879d87b66ce63ba6424665f2ec0b5f3c8d290c 2cca7ca588ab20cfba6ae645d21e5ea5d0624946fbe6b048aafd96825de45b20
CLIENT_HANDSHAKE_TRAFFIC_SECRET 969aa61e36a4e47c98c52147ed56cfe9fba043f91fcae1d1236be8ffc5e281e1 df8057db353f40f35f516635e81c5c94535176db8cfa2608edac2689ce18feb1
SERVER_HANDSHAKE_TRAFFIC_SECRET 969aa61e36a4e47c98c52147ed56cfe9fba043f91fcae1d1236be8ffc5e281e1 e81224bb0abdef3f6b1d2cce15703a45a12df2f20e16ad51b44916b8c3815133
CLIENT_HANDSHAKE_TRAFFIC_SECRET 779172b07ddc68aede647cc19f07daf93410fb1d91ef99ac12bbf7f2a4bb644f f69b000275c8023343956c78aeffd4df8a9be2943b6067e26826ddb38ab72be9
CLIENT_HANDSHAKE_TRAFFIC_SECRET 8bf652ca83d4c041021736d09ee68432a09c97a905cfc2be50153cd0f349190b cc5e8f9d01a32923a44cda75f34e85877adb452eccfff7dca48a92ba2297bb29
SERVER_HANDSHAKE_TRAFFIC_SECRET 779172b07ddc68aede647cc19f07daf93410fb1d91ef99ac12bbf7f2a4bb644f 59b6c19d85fc118f7f1f6fc12bc51e87b45fa360af71a82b2a670bb752b4c097
SERVER_HANDSHAKE_TRAFFIC_SECRET 8bf652ca83d4c041021736d09ee68432a09c97a905cfc2be50153cd0f349190b 54fdd863b867d8f0416a890644a5bdd20035d9ec0837b8a709ba0b8b237c1516
CLIENT_HANDSHAKE_TRAFFIC_SECRET 4d960118ecfa007127982b6013c92d8502938b81c65868a626c4f21acd6a5030 30ea99cae75dda3f0bebc1c81559f69739319118d8e4040d1427519836b5d132
SERVER_HANDSHAKE_TRAFFIC_SECRET 4d960118ecfa007127982b6013c92d8502938b81c65868a626c4f21acd6a5030 78d6c7d0805b1f504c3773933eb8578531515899486fea9508e83a5b5611381b
CLIENT_TRAFFIC_SECRET_0 fd6416abe7c54db9bd5813529862c1a36af1f8c9c5388ff61d453c95ee6286ff 7d2a43c7e91c2fd904a3349b0be85690b5acfbf5af0fef6f39cfe74a66dd9adf
SERVER_TRAFFIC_SECRET_0 fd6416abe7c54db9bd5813529862c1a36af1f8c9c5388ff61d453c95ee6286ff a667647d629fa2d2ce4193c5799c01d362bcee79bf04497f37606e48379a00b9
CLIENT_HANDSHAKE_TRAFFIC_SECRET 8108141fc7f68210bab6576c024c8a5cb36463cc944019995cd1043571157ec8 c78e12dd104f4299168976895baaa1c23aa07cc907e5dc7a7d4b2172f0d89941
EXPORTER_SECRET fd6416abe7c54db9bd5813529862c1a36af1f8c9c5388ff61d453c95ee6286ff 7286b9438688c070543fb0ae75b355ee61d43f0a4365ba423060b21dd7422bf5
SERVER_HANDSHAKE_TRAFFIC_SECRET 8108141fc7f68210bab6576c024c8a5cb36463cc944019995cd1043571157ec8 b040572af1b7ef3a99c9d2730d79b43cb1fe87663e83a8a7e84d8f4276c72123
CLIENT_TRAFFIC_SECRET_0 cb0207c484768d0a2d90079bd2535e188e11712ab45f5fa728d945f3474754b0 ee394d3b53bade2127f6bb346bd823f49ade3b9b098503ea886af7a4e281e860
SERVER_TRAFFIC_SECRET_0 cb0207c484768d0a2d90079bd2535e188e11712ab45f5fa728d945f3474754b0 c39c900bd9595c2f6421012665a9f7cea0378bc1646c808772576d98943d16b1
EXPORTER_SECRET cb0207c484768d0a2d90079bd2535e188e11712ab45f5fa728d945f3474754b0 c233002f118e170406a8a044f449bc8272f22a51c390603959a6c13718e957e2
CLIENT_TRAFFIC_SECRET_0 86e166f2c0b51aa700bd99546dfbb6b59f520641c7480f2e6870e95138aead09 58912d32496903fc6844fb75bc47a398d9984b604ac27b061ae49f5e58258329
SERVER_TRAFFIC_SECRET_0 86e166f2c0b51aa700bd99546dfbb6b59f520641c7480f2e6870e95138aead09 652f206942d0e2efe7165e2d017918cc41ac904921f8bdc841f899e314dd4502
EXPORTER_SECRET 86e166f2c0b51aa700bd99546dfbb6b59f520641c7480f2e6870e95138aead09 e364981eb117afbf8c99ee1b28077822fafbbaeff205010a9e20d3776056ce05
CLIENT_TRAFFIC_SECRET_0 ff209f877285a2654bf2d27c6c879d87b66ce63ba6424665f2ec0b5f3c8d290c 47b485708e54f3521889df8c76f479ab3f9fd05d564390793c12d51d940a42c8
SERVER_TRAFFIC_SECRET_0 ff209f877285a2654bf2d27c6c879d87b66ce63ba6424665f2ec0b5f3c8d290c 4ad025ac421f4cc76d04345c615da8ccad596bf07da6f52d4aed4e614f48ae64
EXPORTER_SECRET ff209f877285a2654bf2d27c6c879d87b66ce63ba6424665f2ec0b5f3c8d290c 80145a2b1ed332042c47619182dcba2048c89b432deacdb20bbd32410848c3fd
CLIENT_TRAFFIC_SECRET_0 969aa61e36a4e47c98c52147ed56cfe9fba043f91fcae1d1236be8ffc5e281e1 6a174194f44aa05e84fc03143661917343e055819b0f2e5bf029afa26e7606bc
SERVER_TRAFFIC_SECRET_0 969aa61e36a4e47c98c52147ed56cfe9fba043f91fcae1d1236be8ffc5e281e1 e0c388a40a23da68815af45c4b82bbd190ccdeda9056cc4c2a2158fa6cda8599
EXPORTER_SECRET 969aa61e36a4e47c98c52147ed56cfe9fba043f91fcae1d1236be8ffc5e281e1 5ca9b374b0edd4cb16fc8b1d32c5f790b960ee3b09252fa3add496e746d3cbbb
CLIENT_TRAFFIC_SECRET_0 779172b07ddc68aede647cc19f07daf93410fb1d91ef99ac12bbf7f2a4bb644f a2622ad775ace9ba477e45b97d0a2e94be4d3fb11122e3af614cac4dc93fa438
SERVER_TRAFFIC_SECRET_0 779172b07ddc68aede647cc19f07daf93410fb1d91ef99ac12bbf7f2a4bb644f df7ff5860684624f888a80398ff10cfca26412090e6bb0386a98feb8ca8b6a64
EXPORTER_SECRET 779172b07ddc68aede647cc19f07daf93410fb1d91ef99ac12bbf7f2a4bb644f 92495594d38c49b3be9a3a39091b6c5e10bc20c5e859ee78e60a18ee6ae6ba85
CLIENT_TRAFFIC_SECRET_0 4d960118ecfa007127982b6013c92d8502938b81c65868a626c4f21acd6a5030 cc469bffea088c68c5de5ca12e1f9674e7e8dbd28460053ba7b757a05a03b0b5
SERVER_TRAFFIC_SECRET_0 4d960118ecfa007127982b6013c92d8502938b81c65868a626c4f21acd6a5030 38838093e8b58624fa0123c96ad9366147df3833ace8d29acce0c71b5494c262
EXPORTER_SECRET 4d960118ecfa007127982b6013c92d8502938b81c65868a626c4f21acd6a5030 a8147ba788e381636b9e0b44eecf0d5e7f5e2c937d0e3a6b8ff70be0bd566d95
CLIENT_TRAFFIC_SECRET_0 8bf652ca83d4c041021736d09ee68432a09c97a905cfc2be50153cd0f349190b dd45e878295801c34f8f9901f910366d4ce3e41313a83cb0f7aca5d09ac463c2
SERVER_TRAFFIC_SECRET_0 8bf652ca83d4c041021736d09ee68432a09c97a905cfc2be50153cd0f349190b fc68e6984891d2f3348a4a689e6f80d40deb47310c6719c6953b70cabe828212
EXPORTER_SECRET 8bf652ca83d4c041021736d09ee68432a09c97a905cfc2be50153cd0f349190b 7c2c205f4532f6436d36e1e46c9d61e492f6dd3e2e8eb5d0b8d84dc87015c040
CLIENT_TRAFFIC_SECRET_0 8108141fc7f68210bab6576c024c8a5cb36463cc944019995cd1043571157ec8 ca2525216fe1b7da6aec69d63af16a1b3f8c5553c609aeabd2f5542d39ff6331
SERVER_TRAFFIC_SECRET_0 8108141fc7f68210bab6576c024c8a5cb36463cc944019995cd1043571157ec8 352d0f19f113c8df90ea2fce29c520c2607c4ca187d5a5b655ee1495f7f2c930
EXPORTER_SECRET 8108141fc7f68210bab6576c024c8a5cb36463cc944019995cd1043571157ec8 10cb946604da08b4a1c01e12595be00ea68972f9a907c5703552a9450ca5664f
