CLIENT_HANDSHAKE_TRAFFIC_SECRET dfbc461f16b0ef3701a067007afaa259b584cfd52c76493f483a0164cc1e897f 9cfd85b8f918780df6bd4700bf7f1c3b0aeed493843a61d4adba12e031aaf9b9
SERVER_HANDSHAKE_TRAFFIC_SECRET dfbc461f16b0ef3701a067007afaa259b584cfd52c76493f483a0164cc1e897f d69c70d455ebba0e191e5f204cc8eff3ef331cca6d09379a7fb1659537d678f2
CLIENT_TRAFFIC_SECRET_0 dfbc461f16b0ef3701a067007afaa259b584cfd52c76493f483a0164cc1e897f 28b1a6b787fe05115fc66f92be2c33d3dee87955a3dafd503d4173159275e1f4
SERVER_TRAFFIC_SECRET_0 dfbc461f16b0ef3701a067007afaa259b584cfd52c76493f483a0164cc1e897f 44390b38320b14d69817c91f83dab5b3c4040f1d8b050c43641d8d2aff6f8e5e
EXPORTER_SECRET dfbc461f16b0ef3701a067007afaa259b584cfd52c76493f483a0164cc1e897f 370cefe2e287ae441a16f1f72cef2fafa6e7ad0dd418760281919ec1b41e6f02
CLIENT_HANDSHAKE_TRAFFIC_SECRET a8ac365a3231b0a514154759d819edb9b39643c5cd9fe6bb5e0998481f9ca338 68878e0879342543b2ffb32814c99f8c5bd6dd70f06cd18bf0775c062a7667d0
SERVER_HANDSHAKE_TRAFFIC_SECRET a8ac365a3231b0a514154759d819edb9b39643c5cd9fe6bb5e0998481f9ca338 b3184d2edf617d1161073f4f870d0b6c9175ef0a73e9043bd914851be56c57b5
CLIENT_HANDSHAKE_TRAFFIC_SECRET f0bb843b626d8a52650a2a3f616038578f8b817df679172912c1bffc307fd905 6215b001523d52a733992f2c9c78c2c0638b7a0ade4fc7ba192dea7d12e169ed
SERVER_HANDSHAKE_TRAFFIC_SECRET f0bb843b626d8a52650a2a3f616038578f8b817df679172912c1bffc307fd905 718dae54333597a666101f27497b5631491c32de020add282b4d5563f2cabc3b
CLIENT_HANDSHAKE_TRAFFIC_SECRET dc617767209c9febe4145e8c5a0f41f9479fd812b23bf2b12d90ca9fb8036385 7f9904ebe214fe5ccbb38cf21dfac9591f0627bba58cb2c72c318aa6a31cf296
SERVER_HANDSHAKE_TRAFFIC_SECRET dc617767209c9febe4145e8c5a0f41f9479fd812b23bf2b12d90ca9fb8036385 dc0625810b636dcdb05a417bc38b7e96dc8548e651d9aaea6bea775bbcf07d5b
CLIENT_HANDSHAKE_TRAFFIC_SECRET c2929809d90dac0317df46830f0bba8600019f145168e97092822652a2b6c719 244cc7dc7d56f751145626401cdaeb82c18681acab7c3670e28a36c85ba8b081
SERVER_HANDSHAKE_TRAFFIC_SECRET c2929809d90dac0317df46830f0bba8600019f145168e97092822652a2b6c719 45b53de60c323863e84ce56b2afd8a773770bc75df9afbffa5b808bd3fce2d47
CLIENT_HANDSHAKE_TRAFFIC_SECRET 6cbfcc7eff9d6242dd1f453b3709ed7dd873a83ed5d6489777eebe0210d0f103 0868414bf487400993555a19b2051be05e3b5e00c40627669f2e3ea770b4ad17
SERVER_HANDSHAKE_TRAFFIC_SECRET 6cbfcc7eff9d6242dd1f453b3709ed7dd873a83ed5d6489777eebe0210d0f103 75e6d3163adbfebec40f133816598ebc3c2ff9f4a5680ca5572e4b0391f2f69d
CLIENT_HANDSHAKE_TRAFFIC_SECRET 756b6cda6ccfcab05f55cc99762ffe6e2041a1a200460e8c5b878f57c01940a6 fdb4fecb19fa76a97c7954ace3de5475da75e06623df1cd418c7b6dc63eed2e2
SERVER_HANDSHAKE_TRAFFIC_SECRET 756b6cda6ccfcab05f55cc99762ffe6e2041a1a200460e8c5b878f57c01940a6 c3baad2750105859d5cff65e5977ac4be07630d6f52cd765e2c97ede2a99e6af
CLIENT_HANDSHAKE_TRAFFIC_SECRET a0f0c07ca5249c4dfedd7c71a7a00c8a57e85bc1fbd86e47b50ef9683c421535 83632f079fad910c9a2e17cc955f0de9266cc612440a794c525af9d75a4bfd69
SERVER_HANDSHAKE_TRAFFIC_SECRET a0f0c07ca5249c4dfedd7c71a7a00c8a57e85bc1fbd86e47b50ef9683c421535 795c139080086cc04520a4401f23dd6ff68181466e75a50af41126d7404fa68e
CLIENT_HANDSHAKE_TRAFFIC_SECRET 04635d7680fbabaea9f2dc87554241d24208281286a4d67e24674a33072a6402 3c6f76c03bffc3373d789366dae787bfb6d33d78846126c35fe8c58286c09fff
SERVER_HANDSHAKE_TRAFFIC_SECRET 04635d7680fbabaea9f2dc87554241d24208281286a4d67e24674a33072a6402 f0db01ad764b35efc3b5317cf7b3da82adb742a518bbecc3df07f06d8dd214b8
CLIENT_TRAFFIC_SECRET_0 a8ac365a3231b0a514154759d819edb9b39643c5cd9fe6bb5e0998481f9ca338 9a6573afba31afd8992c51880664678a62557da3c312da4f7bafdd72d127b042
SERVER_TRAFFIC_SECRET_0 a8ac365a3231b0a514154759d819edb9b39643c5cd9fe6bb5e0998481f9ca338 0f75d15943023931d9147e1afacbadcde08dfbcd557251df36205015ee397bdf
EXPORTER_SECRET a8ac365a3231b0a514154759d819edb9b39643c5cd9fe6bb5e0998481f9ca338 2fa7aba9392ace4c6e0daddba6c0c02844a5719c64aac3b1a4df7ecee6233912
CLIENT_TRAFFIC_SECRET_0 f0bb843b626d8a52650a2a3f616038578f8b817df679172912c1bffc307fd905 3d02f2d09e068766009f6f1632484b962ddba56996834d379e5b150adde869f5
SERVER_TRAFFIC_SECRET_0 f0bb843b626d8a52650a2a3f616038578f8b817df679172912c1bffc307fd905 a4a5e3bf05e105afe7b190ad13d78129352f46e362d5008d8401197096e18429
EXPORTER_SECRET f0bb843b626d8a52650a2a3f616038578f8b817df679172912c1bffc307fd905 d7b47d71832501a40c177b94e4fa316a934d6cb46907091d6c59559fbcddab1c
CLIENT_TRAFFIC_SECRET_0 dc617767209c9febe4145e8c5a0f41f9479fd812b23bf2b12d90ca9fb8036385 a43022a4c4b2af28fbd783f115cbca088216618de178f9b9298e4448d95bc99c
SERVER_TRAFFIC_SECRET_0 dc617767209c9febe4145e8c5a0f41f9479fd812b23bf2b12d90ca9fb8036385 f91345e198d88ce0e355fd6ffaf33bf1b96b3a6188c8374bee90ea694cfefd51
EXPORTER_SECRET dc617767209c9febe4145e8c5a0f41f9479fd812b23bf2b12d90ca9fb8036385 299d90d2bc845bd1b074d6730f0e977f041f4bc9c86b3efaea7242116a5df7b2
CLIENT_TRAFFIC_SECRET_0 c2929809d90dac0317df46830f0bba8600019f145168e97092822652a2b6c719 eac6d1ce54502c7b22fc9964f1947e87120485f00281e07f7faed9d6d14ca8d3
SERVER_TRAFFIC_SECRET_0 c2929809d90dac0317df46830f0bba8600019f145168e97092822652a2b6c719 39d629d1f8e16a5506e12ede63fdf859060985f13d718e276605b6c55e41b992
EXPORTER_SECRET c2929809d90dac0317df46830f0bba8600019f145168e97092822652a2b6c719 325722599ea49300d88558d1bfeeb563c9f4099edeee48edbb1710b4589d8c7a
CLIENT_TRAFFIC_SECRET_0 6cbfcc7eff9d6242dd1f453b3709ed7dd873a83ed5d6489777eebe0210d0f103 ac4b1964b622b0207537c7e25747030f6659eb26fea034402fe4833b5d64a8e3
SERVER_TRAFFIC_SECRET_0 6cbfcc7eff9d6242dd1f453b3709ed7dd873a83ed5d6489777eebe0210d0f103 7d586d6d1665ef12103f39dfc36806fb96e62f1d22a2552992ab1b9c8ab53f01
EXPORTER_SECRET 6cbfcc7eff9d6242dd1f453b3709ed7dd873a83ed5d6489777eebe0210d0f103 1f473913e8f898facd7a4ac0ac74a3ce4d15aea1c999097198491fbbed4771ad
CLIENT_TRAFFIC_SECRET_0 756b6cda6ccfcab05f55cc99762ffe6e2041a1a200460e8c5b878f57c01940a6 40e8e00e8f5a58fccb57f1a1899442d86009b26a35c685deae416177c2e39b41
SERVER_TRAFFIC_SECRET_0 756b6cda6ccfcab05f55cc99762ffe6e2041a1a200460e8c5b878f57c01940a6 ae2126479b8cd263b35018cfd8ed7aab39b5aaedca5d93e339a8194e1ef6e76e
EXPORTER_SECRET 756b6cda6ccfcab05f55cc99762ffe6e2041a1a200460e8c5b878f57c01940a6 047a2c698a9530cf8d436d5b45cab7fb668f522752ac5b5d2a9c3fca5b95bd14
CLIENT_TRAFFIC_SECRET_0 a0f0c07ca5249c4dfedd7c71a7a00c8a57e85bc1fbd86e47b50ef9683c421535 30c8ebd74aa0497aa153c2ebb250129b64f8913f6664d8c4d2479de0b5f444f1
SERVER_TRAFFIC_SECRET_0 a0f0c07ca5249c4dfedd7c71a7a00c8a57e85bc1fbd86e47b50ef9683c421535 10c774d4ab5b2a00693e82ec7283bde8c37f17aace471635176003cf6cad02c1
EXPORTER_SECRET a0f0c07ca5249c4dfedd7c71a7a00c8a57e85bc1fbd86e47b50ef9683c421535 f23374008972825001c6a48d119c493abc6eeb61e99ec6edcfb2e1642f9de41a
CLIENT_TRAFFIC_SECRET_0 04635d7680fbabaea9f2dc87554241d24208281286a4d67e24674a33072a6402 6f4733912ac7c59c5c6aa4caec1abd1f88d6fedc8b55610b3b97bc7cbbbe4e87
SERVER_TRAFFIC_SECRET_0 04635d7680fbabaea9f2dc87554241d24208281286a4d67e24674a33072a6402 e3caf502e4495d27805ad697fff2c4397aeb4bc5375b17a5e9d7202c39325fab
EXPORTER_SECRET 04635d7680fbabaea9f2dc87554241d24208281286a4d67e24674a33072a6402 bfe5606459003620c5fe98ab2a90a8f19c52ec430587630133c77d95a8d7f5d5
