CLIENT_HANDSHAKE_TRAFFIC_SECRET 93536468331fe323d84a9a4f545690b4183322c5291a1566b5c71e12a82821e8 0582fcee1aa67773067a94d60a762f00281b59a8ae22c20de3f35000bd4ea1d7
SERVER_HANDSHAKE_TRAFFIC_SECRET 93536468331fe323d84a9a4f545690b4183322c5291a1566b5c71e12a82821e8 b5dd48a2b0527e45f1c2e77b8a3d05d92547ba63b343a625b62074c54a16b0cd
CLIENT_TRAFFIC_SECRET_0 93536468331fe323d84a9a4f545690b4183322c5291a1566b5c71e12a82821e8 1963a41d789f3cdc883f9118656518123225f16bf65bcef137e9e3ddf9541910
SERVER_TRAFFIC_SECRET_0 93536468331fe323d84a9a4f545690b4183322c5291a1566b5c71e12a82821e8 14a3146b96b15fbff9eb117bb71f622a7fec687e7ee1a1cd9d65b31e9f008b60
EXPORTER_SECRET 93536468331fe323d84a9a4f545690b4183322c5291a1566b5c71e12a82821e8 1ae07bfb499edc1c6f90947c75ad052e7067e4a38ae09e2e8cdc9d00a8fe6d55
CLIENT_HANDSHAKE_TRAFFIC_SECRET 8248a9ccb68c5fc5f73cb24eab8be3c2325e0d60a6be76eadfac7bf5787f308a 660d3bfed30a56434363affe3f3a88561892809ee60970be0f61ee7fb2fef70f
SERVER_HANDSHAKE_TRAFFIC_SECRET 8248a9ccb68c5fc5f73cb24eab8be3c2325e0d60a6be76eadfac7bf5787f308a 6e1886dfd667d0c466506fddfc7452659913cfa973901dfcfdd46a042fb87354
CLIENT_HANDSHAKE_TRAFFIC_SECRET 75fa8d61a1b6055b143d457efb1527e0be4cb904c2e60d6bcdd43468b7458030 cf0952e30278be1d1560c972a11cd73e4476c4d9e0f184d48a6c7a88d0580c90
SERVER_HANDSHAKE_TRAFFIC_SECRET 75fa8d61a1b6055b143d457efb1527e0be4cb904c2e60d6bcdd43468b7458030 4c18d6c463dc31bc049f0cdfc49f6f9e98a37a89aef385f5bc594385bc5afda1
CLIENT_HANDSHAKE_TRAFFIC_SECRET 447281abb75059b11570f66cda09a909db5473f2e006fcaef3d8efc6cc856329 60ad08b5dc459ed8009796382ed08a36561ab93685f7363fd102d0b758ffa85a
SERVER_HANDSHAKE_TRAFFIC_SECRET 447281abb75059b11570f66cda09a909db5473f2e006fcaef3d8efc6cc856329 5cfb3498ab648420f2da610b2e783b62b24038a76d7150179e3c071658bd0235
CLIENT_HANDSHAKE_TRAFFIC_SECRET f18d1bddb8fb8f33e905e735cc6088495fb1a251b71963c28a42d064d3a5cfa2 7355868c15c0694390c114d4453ecf5a7302ab8d591e5b7062c741f0c9ebd0fa
SERVER_HANDSHAKE_TRAFFIC_SECRET f18d1bddb8fb8f33e905e735cc6088495fb1a251b71963c28a42d064d3a5cfa2 f281d25850e8c517644af5167e8b1e65e54e2529d5d3a9dbb872e1d882a6d0be
CLIENT_HANDSHAKE_TRAFFIC_SECRET a4f01667472fd948a9d24dcbdae681c282e3ab9ad1d39433138dfb1c78655b94 5cf8524510fcb3f4ee40cb9ec3332f467785d6e5dcafe70faddd13b995cf7702
SERVER_HANDSHAKE_TRAFFIC_SECRET a4f01667472fd948a9d24dcbdae681c282e3ab9ad1d39433138dfb1c78655b94 174b3cf97aa52f9ba41fcde0fe27a0241d3d933bded2fa4251d0dd2acfe60af6
CLIENT_HANDSHAKE_TRAFFIC_SECRET 68cb099bcb847ce79069a1b78648d26da603ce17c4eca7b4586b409891beeab4 e375345477ea1dfd7e9b2a72beb262536651ac31f5084ae2808c7e2a8a57b0e2
SERVER_HANDSHAKE_TRAFFIC_SECRET 68cb099bcb847ce79069a1b78648d26da603ce17c4eca7b4586b409891beeab4 d91cf0d7405fd93523ffef3e235bcaef1316c9613d6dce02fd661b8a1f1b0492
CLIENT_TRAFFIC_SECRET_0 75fa8d61a1b6055b143d457efb1527e0be4cb904c2e60d6bcdd43468b7458030 95c8103f808a419113db89cc95eaa6ac3ee3a64dec15377117ab1e25614437bb
SERVER_TRAFFIC_SECRET_0 75fa8d61a1b6055b143d457efb1527e0be4cb904c2e60d6bcdd43468b7458030 9de9391b60899516daabb577db6c0a350ca90df154052f72898236385bce16b1
EXPORTER_SECRET 75fa8d61a1b6055b143d457efb1527e0be4cb904c2e60d6bcdd43468b7458030 2ea77615428a54d99dc01697b9a47831ec8c0cd7ecf68ebf565f393cc37de505
CLIENT_TRAFFIC_SECRET_0 447281abb75059b11570f66cda09a909db5473f2e006fcaef3d8efc6cc856329 05d03e17caf37a2549d58a9132f0c4805116c8b10c3140dcef1064accc460bce
SERVER_TRAFFIC_SECRET_0 447281abb75059b11570f66cda09a909db5473f2e006fcaef3d8efc6cc856329 afe08277d3052e391739f6d8b2e9dc105cb6b4375e4c6f0a458c9d3093db99e9
EXPORTER_SECRET 447281abb75059b11570f66cda09a909db5473f2e006fcaef3d8efc6cc856329 48a419c85a962aa51ab78a657657a332f19e9f7680f4793fe17ac07625f6861f
CLIENT_TRAFFIC_SECRET_0 8248a9ccb68c5fc5f73cb24eab8be3c2325e0d60a6be76eadfac7bf5787f308a 036c9457892ecb72a96433f5cac310e2f96a3367652e485b3b12e24e2f998d34
SERVER_TRAFFIC_SECRET_0 8248a9ccb68c5fc5f73cb24eab8be3c2325e0d60a6be76eadfac7bf5787f308a 1fb21d21f9a87534906e0744376a8e24b5bcf1b13aad76b1d02af4d869fb3838
EXPORTER_SECRET 8248a9ccb68c5fc5f73cb24eab8be3c2325e0d60a6be76eadfac7bf5787f308a 84b256ed8df2c06c0bbd8b2f4dfa7d8059cabd0f65100775f4638fc98ac34387
CLIENT_TRAFFIC_SECRET_0 f18d1bddb8fb8f33e905e735cc6088495fb1a251b71963c28a42d064d3a5cfa2 89b13d7ed6ab60f27631dc586e45a9a3986215736ace6e81c3db42c0e8524472
SERVER_TRAFFIC_SECRET_0 f18d1bddb8fb8f33e905e735cc6088495fb1a251b71963c28a42d064d3a5cfa2 654ed3110dad0cb6893a92ee70fa915707c3d0ab5900f21e53da900f1340c962
EXPORTER_SECRET f18d1bddb8fb8f33e905e735cc6088495fb1a251b71963c28a42d064d3a5cfa2 1ac8873cb6790565aa830e446385a9e97074edcbf8658cc3bd57cfa15fbd4ce4
CLIENT_TRAFFIC_SECRET_0 a4f01667472fd948a9d24dcbdae681c282e3ab9ad1d39433138dfb1c78655b94 4735e0221dbe43e07ef6442913353c80134c5793fc639842766779d51c3373be
SERVER_TRAFFIC_SECRET_0 a4f01667472fd948a9d24dcbdae681c282e3ab9ad1d39433138dfb1c78655b94 2ce2fcfe7ddf70f160301e4c294e3d72a223b37270fbb39b302a570b9e2b5f13
EXPORTER_SECRET a4f01667472fd948a9d24dcbdae681c282e3ab9ad1d39433138dfb1c78655b94 5e1f9e8b8aec022bc5047282ed1b9e702a296977a7098051de346e7fec6db178
CLIENT_HANDSHAKE_TRAFFIC_SECRET 29dfd4949ed1b1f671a2d0cb7d2bd49677b1530963e132a0f6ca6c27a97e7664 77b723fd71c04d741f8ad2da053147df886ffb47b3e484601e78f2cd05a04de2
SERVER_HANDSHAKE_TRAFFIC_SECRET 29dfd4949ed1b1f671a2d0cb7d2bd49677b1530963e132a0f6ca6c27a97e7664 58d12e75ed9fc71d09c6a6dd73d3a88d1db9393b3a957a998fccc47acfeb1d5f
CLIENT_TRAFFIC_SECRET_0 68cb099bcb847ce79069a1b78648d26da603ce17c4eca7b4586b409891beeab4 1382b1b63fab49271e2dc2ff5e2ff25f19bbbba5f6a8fd91e670b690aa711283
SERVER_TRAFFIC_SECRET_0 68cb099bcb847ce79069a1b78648d26da603ce17c4eca7b4586b409891beeab4 9cba87c03ef9076f204a9cd4ffd7c83ff426d6f0b711d31c01e73d5d78a9149f
EXPORTER_SECRET 68cb099bcb847ce79069a1b78648d26da603ce17c4eca7b4586b409891beeab4 6daf546b47c1dbfedaa3c183540a94468cfcbdb4379a39b6763901ad1cba1674
CLIENT_TRAFFIC_SECRET_0 29dfd4949ed1b1f671a2d0cb7d2bd49677b1530963e132a0f6ca6c27a97e7664 745c60c74ec919462c21f2c56a3e95b7a601421d18141282d67226c2ccdd1bc9
SERVER_TRAFFIC_SECRET_0 29dfd4949ed1b1f671a2d0cb7d2bd49677b1530963e132a0f6ca6c27a97e7664 c724829eab7d6488719d5b3f5fcc7591975b34667f0c673b952fa94cf9426db3
EXPORTER_SECRET 29dfd4949ed1b1f671a2d0cb7d2bd49677b1530963e132a0f6ca6c27a97e7664 d862a16dc89064b4292869a35ab94dca65efd517d56a1c6a53c307b2c1db73e0
