CLIENT_HANDSHAKE_TRAFFIC_SECRET 32bc9499cc1a10b959b92eebdec14264d0b47b9cc70067ba09b36fb069180f48 7d9ffc019893548ce57b24c9a68bb846077ddd08e79a52fbd85f791984ea55cf
SERVER_HANDSHAKE_TRAFFIC_SECRET 32bc9499cc1a10b959b92eebdec14264d0b47b9cc70067ba09b36fb069180f48 e16141bc0320ddcc51cc231c1b216b8eae44e11d2987cc9a6f2f52d08c1328af
CLIENT_TRAFFIC_SECRET_0 32bc9499cc1a10b959b92eebdec14264d0b47b9cc70067ba09b36fb069180f48 82c5e1715e886a54f72c0e351f1a3d28d9bafbacdd224c208f7df520ee763eb0
SERVER_TRAFFIC_SECRET_0 32bc9499cc1a10b959b92eebdec14264d0b47b9cc70067ba09b36fb069180f48 f38705672f7eedb6643232a33c4c296e1e1cb04dfffb1a3a7fa28411e2f5deeb
EXPORTER_SECRET 32bc9499cc1a10b959b92eebdec14264d0b47b9cc70067ba09b36fb069180f48 9794236c58a489eb7d2007eebff3dd08fdcccea6f5ef9267ae1ad2575d2a71ae
CLIENT_HANDSHAKE_TRAFFIC_SECRET 56faf970b8546573ae30972febe806431ac2433a766601bdb99704189b5e8931 bbb47cbfa37e0ef8ae559763d9e057a243ed397fb4b378ec8a0a6209c3f3d1d4
SERVER_HANDSHAKE_TRAFFIC_SECRET 56faf970b8546573ae30972febe806431ac2433a766601bdb99704189b5e8931 10e00e38fe85c054bc9eb6632121d6c57251327f06dd1220650fc5d29d1e30a7
CLIENT_TRAFFIC_SECRET_0 56faf970b8546573ae30972febe806431ac2433a766601bdb99704189b5e8931 b2c18732793db4ee90ba541004edce535d92da665aecdfff5a555fc705c94150
SERVER_TRAFFIC_SECRET_0 56faf970b8546573ae30972febe806431ac2433a766601bdb99704189b5e8931 fa89d23f5cb0ec157eae69212803f7bd2c0cc4edf2688a38e1924351051ddf6d
EXPORTER_SECRET 56faf970b8546573ae30972febe806431ac2433a766601bdb99704189b5e8931 e7ede65c4ec1b06d498c9213fb4cbc1b16f39d94513a252af5db3ade5b1ef5ce
CLIENT_HANDSHAKE_TRAFFIC_SECRET b4a01f29d280564a229f9a20fac63755ce1b9b2327fd924b711988c8f225686a 5cf5b597e2abae367fce5cb77a31946322836aeefa34a47b1d679d90872dbef0
SERVER_HANDSHAKE_TRAFFIC_SECRET b4a01f29d280564a229f9a20fac63755ce1b9b2327fd924b711988c8f225686a edd41d89f857dece37cdd1ec315cba22b95c7cae0a76db7d0c1a2e22e1fb5e6f
CLIENT_HANDSHAKE_TRAFFIC_SECRET d8c27770dcec964fa4e54e9205de8503f69b7fa94c4d12ff6fae48c654c1bac0 1fd2f2cd96ad09191de4af05a3ace3cf50601a202d952aefbde75f01db837eb8
SERVER_HANDSHAKE_TRAFFIC_SECRET d8c27770dcec964fa4e54e9205de8503f69b7fa94c4d12ff6fae48c654c1bac0 6340439ae4b0ca0875b211494b33c992ef2000cef2a481b55f27e8c604e91c86
CLIENT_TRAFFIC_SECRET_0 b4a01f29d280564a229f9a20fac63755ce1b9b2327fd924b711988c8f225686a 7d5442e30a9b12e6ecc827cfbc7337aefe7b5a20b14670c2ac8394ceb590f0fb
SERVER_TRAFFIC_SECRET_0 b4a01f29d280564a229f9a20fac63755ce1b9b2327fd924b711988c8f225686a 5fcad441af475636b9409ae571ebe7c9e58f2f5a0d87ccbe84456ba0a87f5bb8
EXPORTER_SECRET b4a01f29d280564a229f9a20fac63755ce1b9b2327fd924b711988c8f225686a ed6aa751728aa877964c3659dd8ff0febc6e85455b6680f98e5804e3c66f33b7
CLIENT_TRAFFIC_SECRET_0 d8c27770dcec964fa4e54e9205de8503f69b7fa94c4d12ff6fae48c654c1bac0 712161a711998359816bf4aad4965e16a84a62740f342e5868b2d67e86115cbf
SERVER_TRAFFIC_SECRET_0 d8c27770dcec964fa4e54e9205de8503f69b7fa94c4d12ff6fae48c654c1bac0 2550d4ebc1c364ea461968980d343057503de110f897570b3313a6125f99f852
EXPORTER_SECRET d8c27770dcec964fa4e54e9205de8503f69b7fa94c4d12ff6fae48c654c1bac0 4381af39bbc99d1b6f385e2e4a3839b834a20247d6d26445bb0313d1accbcbfe
CLIENT_HANDSHAKE_TRAFFIC_SECRET 0161b33d088799b5c6206313332c59e2ebb61aee37eaac3f565241df92f4ab72 289c29ca60954f5917ed5850d00974d29539cc5d58a9ac6c35a988e8df9c689f
SERVER_HANDSHAKE_TRAFFIC_SECRET 0161b33d088799b5c6206313332c59e2ebb61aee37eaac3f565241df92f4ab72 94b5827b8bdf8b251d9cac3d2455a505111814f89f35607de52542f52d56329a
CLIENT_TRAFFIC_SECRET_0 0161b33d088799b5c6206313332c59e2ebb61aee37eaac3f565241df92f4ab72 fe2a9baab633228295a876724bf886b7344a28ce3ee0e6cb185bc78c48221108
SERVER_TRAFFIC_SECRET_0 0161b33d088799b5c6206313332c59e2ebb61aee37eaac3f565241df92f4ab72 bf81eed3959c43dbf63fc0928cba755138404bfaf4f876371e23cc336633c93f
EXPORTER_SECRET 0161b33d088799b5c6206313332c59e2ebb61aee37eaac3f565241df92f4ab72 bf8cdd26327512c6ae847c360c4cb3fc39ea403c3d20fb988658df685ced58d2
