CLIENT_HANDSHAKE_TRAFFIC_SECRET 55c2eb55b89553537d88cc74ba09dc30d06d00f2237e7e5b9ee8652ee2689925 e4df3508828f9c67db3e6b92b2bb2c989f4ec98fb39cb42e07e5d5e8e4221695
SERVER_HANDSHAKE_TRAFFIC_SECRET 55c2eb55b89553537d88cc74ba09dc30d06d00f2237e7e5b9ee8652ee2689925 ec6d089ac0b2a53e282518a9db16e8b7254311c4b0622eb432afe40c225efd6d
CLIENT_TRAFFIC_SECRET_0 55c2eb55b89553537d88cc74ba09dc30d06d00f2237e7e5b9ee8652ee2689925 ff08cb3c1b26bbb159823da41db9d1e4d1da7b13048047ea6622da44230f3454
SERVER_TRAFFIC_SECRET_0 55c2eb55b89553537d88cc74ba09dc30d06d00f2237e7e5b9ee8652ee2689925 91c01c20b8ecb37145b46740689ed0a47f20e344b75b28cab63b357b8c109a54
EXPORTER_SECRET 55c2eb55b89553537d88cc74ba09dc30d06d00f2237e7e5b9ee8652ee2689925 91bd107cc0626e3391261228197b3731c43389fa0cc3c827b5641f84d9a36ead
CLIENT_HANDSHAKE_TRAFFIC_SECRET cefc0f8c2ac924d2dd6da3af251384ae830483e71f917359fbef8e1239ef332d 9992c688cfb02ce276289e44fac4bfc2b073275153dee2f8d6544db2085a2eb9
SERVER_HANDSHAKE_TRAFFIC_SECRET cefc0f8c2ac924d2dd6da3af251384ae830483e71f917359fbef8e1239ef332d d10e09e14ba353a612a9f391643aff579972a40961370481671f30e6526bc77e
CLIENT_TRAFFIC_SECRET_0 cefc0f8c2ac924d2dd6da3af251384ae830483e71f917359fbef8e1239ef332d 468b1db5a883c50b510dd4a02e92c50338bb8842aa4d1f9966f06b0086f06ffb
SERVER_TRAFFIC_SECRET_0 cefc0f8c2ac924d2dd6da3af251384ae830483e71f917359fbef8e1239ef332d 02a695cdf9112ca29640c27b4574c84abdae10e276ca1ebcaf59902308721ae1
EXPORTER_SECRET cefc0f8c2ac924d2dd6da3af251384ae830483e71f917359fbef8e1239ef332d 2806d39dd50b45eff6a778547c030293498c885c2da3747d24e4c258ceaaeb6a
CLIENT_HANDSHAKE_TRAFFIC_SECRET a7e89a6a9718b3765176463824a639cd3b3a11a25fafa7cfe67b38a712ea63cf 5eb5abdb5f7a16b38c6c7cb4c5f45cbbb407f6d4571097751247fbfea73cd22c
SERVER_HANDSHAKE_TRAFFIC_SECRET a7e89a6a9718b3765176463824a639cd3b3a11a25fafa7cfe67b38a712ea63cf 2c7b3bfba6b72f75ee1dd33937ad7b4ab6acce25a01897d53f90e5c13d835177
CLIENT_HANDSHAKE_TRAFFIC_SECRET ddc4692423ba8595f60ae14a0bdcaaabed8dce3e8d5796a7260a1d57e6f31e69 8374db84cd29ea20e025c330a792c8554f51cb0ea31ae14f0bc238d126553266
SERVER_HANDSHAKE_TRAFFIC_SECRET ddc4692423ba8595f60ae14a0bdcaaabed8dce3e8d5796a7260a1d57e6f31e69 25148236c04ed34dde165ec1f181271fd54ea26ae0bfbe8f2b5dccd9cd0711f0
CLIENT_TRAFFIC_SECRET_0 a7e89a6a9718b3765176463824a639cd3b3a11a25fafa7cfe67b38a712ea63cf 4a4d69cf9ca36fb4ceabb19b0b61055ad305d4dc6eaf23d7a73f61c5392f9025
SERVER_TRAFFIC_SECRET_0 a7e89a6a9718b3765176463824a639cd3b3a11a25fafa7cfe67b38a712ea63cf 097001a72224acdb2efd4adcb707a3865a9bb63da389c321383a8cee2fab57fb
EXPORTER_SECRET a7e89a6a9718b3765176463824a639cd3b3a11a25fafa7cfe67b38a712ea63cf bc1e0dbadd1610587d8b428928ad2e5e689b2d3f3b7cc3f4dae1381d472f2839
CLIENT_TRAFFIC_SECRET_0 ddc4692423ba8595f60ae14a0bdcaaabed8dce3e8d5796a7260a1d57e6f31e69 d8a9ada0c4761b2f58d6f6b3e1f8c91205fb38dc31b7623a8da77514fab57000
SERVER_TRAFFIC_SECRET_0 ddc4692423ba8595f60ae14a0bdcaaabed8dce3e8d5796a7260a1d57e6f31e69 5ea76626a66f0cf46b18ff9b79f4673b897fa62ec88dbb66a1893035a1fd16a7
EXPORTER_SECRET ddc4692423ba8595f60ae14a0bdcaaabed8dce3e8d5796a7260a1d57e6f31e69 8c825c40cfbfa8ddbb562e83609df4de00afbe10c45a09a128f1d45a64dbe940
CLIENT_HANDSHAKE_TRAFFIC_SECRET 4390bb7e9b697c29186368abba8660d6935897c80bff85760c606e9dc1ec2010 b2c9b784184bff944c154b3ee7259977f8c40ee3c61ed4a8fcaa23d7e02604dd
SERVER_HANDSHAKE_TRAFFIC_SECRET 4390bb7e9b697c29186368abba8660d6935897c80bff85760c606e9dc1ec2010 1a7edf48beab5845e912a758b096b30aa2d5ec229a2f84ddc2350956c777bd69
CLIENT_HANDSHAKE_TRAFFIC_SECRET 86fb2108a19d160f3cdfafff150f2b1ab10e2b62094ef25969f46abbbed3e03c 538994ba70a8da8aab0eed84319637e2941bf91e751105a3028f7fa0b4cd73f7
SERVER_HANDSHAKE_TRAFFIC_SECRET 86fb2108a19d160f3cdfafff150f2b1ab10e2b62094ef25969f46abbbed3e03c 2cbf3f260a5497d6ae2669eb278397119330442806d501674b600e4b87ba93bf
CLIENT_TRAFFIC_SECRET_0 4390bb7e9b697c29186368abba8660d6935897c80bff85760c606e9dc1ec2010 3e8aa9e24ea74b1e4858ad744af614c23bde2bf9f15279db54535e66e8a0f8f5
SERVER_TRAFFIC_SECRET_0 4390bb7e9b697c29186368abba8660d6935897c80bff85760c606e9dc1ec2010 84b66a15470fa1236b570f4a358a2ed29087a333081c06527cadb0cef0e3be24
EXPORTER_SECRET 4390bb7e9b697c29186368abba8660d6935897c80bff85760c606e9dc1ec2010 5d86f0b84ccb8f91e426f625edd88fe14a4daf40b05c29322d30d8fe9cd71480
CLIENT_HANDSHAKE_TRAFFIC_SECRET 3eb971f4d30e0c843a33221e28214425f3127ef6df28a71cafc07ba273b4dcd0 9befc618a37a2578ec1cebf1d3ffd7350038e61a5b9749c4fc554b9bf2f87ab9
SERVER_HANDSHAKE_TRAFFIC_SECRET 3eb971f4d30e0c843a33221e28214425f3127ef6df28a71cafc07ba273b4dcd0 746e7f52b2b44ad8a93d4f3c195be7df65c0f982dc59f735d5ac1c850d1a11db
CLIENT_TRAFFIC_SECRET_0 86fb2108a19d160f3cdfafff150f2b1ab10e2b62094ef25969f46abbbed3e03c fba39252c001122462e16721923acd38f56584338c76241508a57d16a49c949f
SERVER_TRAFFIC_SECRET_0 86fb2108a19d160f3cdfafff150f2b1ab10e2b62094ef25969f46abbbed3e03c 4ba4958b4d8c910d1de890f96a54e798a8d459b5bc904be01e60533d824f36be
EXPORTER_SECRET 86fb2108a19d160f3cdfafff150f2b1ab10e2b62094ef25969f46abbbed3e03c c5508ee63c466e4285eb58ab73c5a4463bf048986f43c7711ea125268dc88b46
CLIENT_HANDSHAKE_TRAFFIC_SECRET b428ce21178c18b2f8c10a19d2e3338090a616245dd55aa3f539b05a984b6240 3d31d50d0eab793d8204d4eac5fc3dcc7548e74918f1ede55ea7d6a9a5efcfeb
SERVER_HANDSHAKE_TRAFFIC_SECRET b428ce21178c18b2f8c10a19d2e3338090a616245dd55aa3f539b05a984b6240 353da4c1984778c75f0bbd2479b9a0699c366f2efa792c1c828e58b4410d51f4
CLIENT_HANDSHAKE_TRAFFIC_SECRET ed7450095cd550f73cf6852a70290290337aff61146205c02a0f6b17547d1067 b269087c3d6303911f8c948a459603b0a01f013e5fb2a6a2c8fab1296716ef54
SERVER_HANDSHAKE_TRAFFIC_SECRET ed7450095cd550f73cf6852a70290290337aff61146205c02a0f6b17547d1067 329c9d13635a587740b38e414898d97a9851e688156e114238064b7ebc59986d
CLIENT_TRAFFIC_SECRET_0 3eb971f4d30e0c843a33221e28214425f3127ef6df28a71cafc07ba273b4dcd0 1f79455ecdda87fbfca3b5aea96d918d1233728d9e99268d387d57f175418645
SERVER_TRAFFIC_SECRET_0 3eb971f4d30e0c843a33221e28214425f3127ef6df28a71cafc07ba273b4dcd0 56dac7b146088371d894bbc0f067895c7e9db9cf69b28ae1d62a7b04fad07243
EXPORTER_SECRET 3eb971f4d30e0c843a33221e28214425f3127ef6df28a71cafc07ba273b4dcd0 0762223b12ec021acbd3063a051ef49e3688b49a25029c040267cafeef5c4e3e
CLIENT_TRAFFIC_SECRET_0 b428ce21178c18b2f8c10a19d2e3338090a616245dd55aa3f539b05a984b6240 35a8e3df417a9c6561fcb5a6ff3f7eb35cedea7b93493c815143db5e090db5fa
CLIENT_TRAFFIC_SECRET_0 ed7450095cd550f73cf6852a70290290337aff61146205c02a0f6b17547d1067 5fe9817953464465c9151de4fd98b347d56a5b89485aeab78ee80380141ef7ad
SERVER_TRAFFIC_SECRET_0 b428ce21178c18b2f8c10a19d2e3338090a616245dd55aa3f539b05a984b6240 cc6a04ea97caae71a813b75a1969f97294363c4363947c631b147b30d2d5e284
SERVER_TRAFFIC_SECRET_0 ed7450095cd550f73cf6852a70290290337aff61146205c02a0f6b17547d1067 e1645fbb34325a77d56adadcc6a6da94d82954c0cf5810b20a1b29ff2d2a8389
EXPORTER_SECRET b428ce21178c18b2f8c10a19d2e3338090a616245dd55aa3f539b05a984b6240 6b851021e1f61a79393f5ee77389889457081f0d2dff2fff50e3125bc654d85a
EXPORTER_SECRET ed7450095cd550f73cf6852a70290290337aff61146205c02a0f6b17547d1067 443d9e52e0c596ed156e6b142b50863d5f84f0b23d9a480ac34824eaf2c19685
CLIENT_HANDSHAKE_TRAFFIC_SECRET 279930cf846c96aa6644b48266f39c2c09e6dd64b85447803ade985bb1ccb214 11a12ade3e3797412f9fda3e1cf94728c40f146f62d17e61c9ae4c3c872ef650
SERVER_HANDSHAKE_TRAFFIC_SECRET 279930cf846c96aa6644b48266f39c2c09e6dd64b85447803ade985bb1ccb214 6c9c4461c91e8a8536540f743d9a401b0706e287b93d1a3d6178d1552702da7c
CLIENT_TRAFFIC_SECRET_0 279930cf846c96aa6644b48266f39c2c09e6dd64b85447803ade985bb1ccb214 9f5d15da6b86750f962eb823b803a094d1ed8abda6babef9ed5eabbdceae2d9e
SERVER_TRAFFIC_SECRET_0 279930cf846c96aa6644b48266f39c2c09e6dd64b85447803ade985bb1ccb214 463baad2efc334d8826c1677ce803b4f1dba5ca9733c9a1c519debb6096f267d
EXPORTER_SECRET 279930cf846c96aa6644b48266f39c2c09e6dd64b85447803ade985bb1ccb214 a23e558e1c02657a6a66d6629bfc7bced7fe272db190465ae7f55d1487080ea1
