CLIENT_HANDSHAKE_TRAFFIC_SECRET af50bf30ba2ed6dede98aca581c78925db348561e328acdffbac91f032d749a6 4b3dbeb6879940ceace52fb283f42ef4f4a5b3b35ea793e5f2e17c0a7f6404df
SERVER_HANDSHAKE_TRAFFIC_SECRET af50bf30ba2ed6dede98aca581c78925db348561e328acdffbac91f032d749a6 20eda3b358a3277ca5859d472f3ce7dc2ebd5a3d6d19ee37694cf413ac7b521d
CLIENT_TRAFFIC_SECRET_0 af50bf30ba2ed6dede98aca581c78925db348561e328acdffbac91f032d749a6 c7088748730ecda95905dde824d49348e327350d9c66e437b2455913e67ce291
SERVER_TRAFFIC_SECRET_0 af50bf30ba2ed6dede98aca581c78925db348561e328acdffbac91f032d749a6 a8444610a3524fdf9e191dcfe4fa539a985e3ed2b69eaee0b6914b382d6dbf49
EXPORTER_SECRET af50bf30ba2ed6dede98aca581c78925db348561e328acdffbac91f032d749a6 8b9e148920cad0bf217ba118eda19fb61a80315cd15f740582d5beb722dfbcb0
CLIENT_HANDSHAKE_TRAFFIC_SECRET a7084567562642f551bf7eca9d6ea3ffc481138702599cd7212a3fb876b24707 f5cfde2d9afbf2b73be986b9120eb16af8522ad0736439357fe66df864842ccf
SERVER_HANDSHAKE_TRAFFIC_SECRET a7084567562642f551bf7eca9d6ea3ffc481138702599cd7212a3fb876b24707 c93ea07dcd34636359b8725b51062c49c28ebb5acc1afcff03953beabd9501ae
CLIENT_HANDSHAKE_TRAFFIC_SECRET 8546a3fac982827b92e20da2f918c27ceba60f2c814bf5c0b3a1d33edbe0ac31 91d7a6792ec85488382814c615a75133fe5a006ffc6b231bd0d1ab11edae8a6b
SERVER_HANDSHAKE_TRAFFIC_SECRET 8546a3fac982827b92e20da2f918c27ceba60f2c814bf5c0b3a1d33edbe0ac31 76134dad4dddcbe7022e2c715fca56b48b8d2b6061631ae06e25d458554f4c04
CLIENT_HANDSHAKE_TRAFFIC_SECRET 77db572191802c69241d851e002fe8c32b463bcea915116409a32aa162a42335 7659492442aef8d15af78b454987b94e9611a9603a71b99826d744a784373f0b
SERVER_HANDSHAKE_TRAFFIC_SECRET 77db572191802c69241d851e002fe8c32b463bcea915116409a32aa162a42335 6f4a85c14ad236be7bdd4aeaced00848ec8fe3585a714187406ebf62ba2826d6
CLIENT_HANDSHAKE_TRAFFIC_SECRET 33e6edcb9c4d78bf741dd4f7957719645035fb606c5b703c384a473e7d6995ca 5fa9466b891fee91f266b55651686b024340f0aa02c796a1f4f420af9d2fa9f2
SERVER_HANDSHAKE_TRAFFIC_SECRET 33e6edcb9c4d78bf741dd4f7957719645035fb606c5b703c384a473e7d6995ca 752968b4c7ae51b06455042e4cbaf2b0a27b8d9bb508106972ec449db228da77
CLIENT_HANDSHAKE_TRAFFIC_SECRET 80f50c8bd06f22aaea23bbcd6f7d40e2066e384f042b188ea13f2e9614a53065 3944eb257d8592849aa958d0b379f8a241451f8d13c52db866a07b1c966c69ee
SERVER_HANDSHAKE_TRAFFIC_SECRET 80f50c8bd06f22aaea23bbcd6f7d40e2066e384f042b188ea13f2e9614a53065 a146cfce47dec6484af6dc0443da3e9bceb009cb920aa8c42e23a9356783339d
CLIENT_HANDSHAKE_TRAFFIC_SECRET 03c2dbbae6717f87f6fa26d51c6d273695c0e6bafa66ed6e52e5f66a47cee671 437c5213b51992e6ef0b763e64f755666ccb173843697b0e398fa721d4142e69
SERVER_HANDSHAKE_TRAFFIC_SECRET 03c2dbbae6717f87f6fa26d51c6d273695c0e6bafa66ed6e52e5f66a47cee671 09b077055f6da0033fab9ea8305b1377fc160509904a14ff899484fbe36db8a5
CLIENT_HANDSHAKE_TRAFFIC_SECRET ec09e0f6986dc0f82783509292f56689e24daeab2a5a7fd243082ddf686fcbf8 5a05a45ccf1b787a0ab301e6bdf966dab3c26b2b1eb02b2443cb414577bacae1
SERVER_HANDSHAKE_TRAFFIC_SECRET ec09e0f6986dc0f82783509292f56689e24daeab2a5a7fd243082ddf686fcbf8 6d7107155e4c3b84a74cf2c6701d03a90fee926c95b19632e6b3a64d49021023
CLIENT_HANDSHAKE_TRAFFIC_SECRET 91ba996baa9f2d2e0847cd467d34c8456a148997123ddc6a9c6ea1b2d03b63e1 79a36e0bb8af522169ed7fe4d4e8816e13500eb4f94776bf624ce1d56767cd01
SERVER_HANDSHAKE_TRAFFIC_SECRET 91ba996baa9f2d2e0847cd467d34c8456a148997123ddc6a9c6ea1b2d03b63e1 051c0583dc7a5434772101c6fff7e5e20e51e304893db32bc83fde863e931020
CLIENT_HANDSHAKE_TRAFFIC_SECRET 09d222da640416c87b60dd962d2a49efc042d3b827169dd9fd6ba100d40b32e0 cbed1a9d4f4eb87b34920bb9d9e29cfc3f890d859a83e4d3f7cbfe659b56b197
SERVER_HANDSHAKE_TRAFFIC_SECRET 09d222da640416c87b60dd962d2a49efc042d3b827169dd9fd6ba100d40b32e0 3c3a4cb3a3f63e00a630955c83a035eaf220b9a16cc64160c6639f54499d50c8
CLIENT_TRAFFIC_SECRET_0 a7084567562642f551bf7eca9d6ea3ffc481138702599cd7212a3fb876b24707 437706b525841481d2cf588cd78ff0d0b22160f398ed6a57a091bf45bf94c980
SERVER_TRAFFIC_SECRET_0 a7084567562642f551bf7eca9d6ea3ffc481138702599cd7212a3fb876b24707 5af4b00926ee4a2327c80d774448227d8b6cefc6048d6ff211baece0513cf75a
EXPORTER_SECRET a7084567562642f551bf7eca9d6ea3ffc481138702599cd7212a3fb876b24707 090a1ffa1673343c66892d010b0c147580e8864218035e04c98623b5306eefaf
CLIENT_TRAFFIC_SECRET_0 8546a3fac982827b92e20da2f918c27ceba60f2c814bf5c0b3a1d33edbe0ac31 92510afade58508e28618b01bf698cc1f38144ec4d4146348528377075630068
SERVER_TRAFFIC_SECRET_0 8546a3fac982827b92e20da2f918c27ceba60f2c814bf5c0b3a1d33edbe0ac31 a26f773eee1dd24f72143302c9f87913dca65d6eb9c7d0a8933b90e1f59f74e5
EXPORTER_SECRET 8546a3fac982827b92e20da2f918c27ceba60f2c814bf5c0b3a1d33edbe0ac31 9e579433163503243a47c465cff6bcbc6aa0070d8e6ac8e631e24a12ccd6eaff
CLIENT_TRAFFIC_SECRET_0 77db572191802c69241d851e002fe8c32b463bcea915116409a32aa162a42335 a1393777162c7e74a8eb9da8ed99b6818bb85c4322698bd2436caa950ff0eb19
SERVER_TRAFFIC_SECRET_0 77db572191802c69241d851e002fe8c32b463bcea915116409a32aa162a42335 83e35bdbaa8bd1fdfe6de3ebb2bfd5d53be543282b5b19c39e81ba06e6a0db2a
EXPORTER_SECRET 77db572191802c69241d851e002fe8c32b463bcea915116409a32aa162a42335 38741e3d242b15898e33cc28a2abb3de8068bdcfea7d0e11496bbe56db6c78d8
CLIENT_TRAFFIC_SECRET_0 33e6edcb9c4d78bf741dd4f7957719645035fb606c5b703c384a473e7d6995ca 7ddd329dd28e7fad3391c135db109fc2f741ff2aa012137bbb2854599f34b5ac
CLIENT_TRAFFIC_SECRET_0 80f50c8bd06f22aaea23bbcd6f7d40e2066e384f042b188ea13f2e9614a53065 7de7eebec11b94ef4cfbe556e867a8ed5b794c7133baf4e70bfa2d8395080802
SERVER_TRAFFIC_SECRET_0 33e6edcb9c4d78bf741dd4f7957719645035fb606c5b703c384a473e7d6995ca 156367242243bd526680eb927cda3631bde93d2bca0f363d885a7bfc106de8fb
SERVER_TRAFFIC_SECRET_0 80f50c8bd06f22aaea23bbcd6f7d40e2066e384f042b188ea13f2e9614a53065 26de6613afbe8b7bf690e5135b73dbfb31833edb21e983f1de0e3391964dc87a
EXPORTER_SECRET 33e6edcb9c4d78bf741dd4f7957719645035fb606c5b703c384a473e7d6995ca cdc986b024dbeae1515fd9a7d516023f3348a86deaba9e4d48a41d5a4fe721ee
EXPORTER_SECRET 80f50c8bd06f22aaea23bbcd6f7d40e2066e384f042b188ea13f2e9614a53065 1e3fc6c955c38b16edd4c5c52dd319b299ceeed9485248ea30c3bf35c337f686
CLIENT_TRAFFIC_SECRET_0 03c2dbbae6717f87f6fa26d51c6d273695c0e6bafa66ed6e52e5f66a47cee671 8d872d696ab755eeaeebc660ebda9cc9060a42bf31cc0fbcb8da37f42b9693a5
SERVER_TRAFFIC_SECRET_0 03c2dbbae6717f87f6fa26d51c6d273695c0e6bafa66ed6e52e5f66a47cee671 515b655be65a1e23ea4ec46015244baf9090fafdb943cff5782712460a8de9f5
EXPORTER_SECRET 03c2dbbae6717f87f6fa26d51c6d273695c0e6bafa66ed6e52e5f66a47cee671 4c3346a454f327c17e51b87a1912dfe5a2a0ba3fb78ab3650ffdd2d7be1b775c
CLIENT_TRAFFIC_SECRET_0 ec09e0f6986dc0f82783509292f56689e24daeab2a5a7fd243082ddf686fcbf8 fbb19298874dfa990fcf064811c3683ad06b6500c38c663d2bf7f559b4f08daf
SERVER_TRAFFIC_SECRET_0 ec09e0f6986dc0f82783509292f56689e24daeab2a5a7fd243082ddf686fcbf8 f34d776c7d5fd4be21008d881635017991915c2a20ec28daa0920a27fa6d3c4b
EXPORTER_SECRET ec09e0f6986dc0f82783509292f56689e24daeab2a5a7fd243082ddf686fcbf8 97efa8bb8b478ee8aa78d03312878db2b379428fc99db18d9be98fe577638f4d
CLIENT_TRAFFIC_SECRET_0 09d222da640416c87b60dd962d2a49efc042d3b827169dd9fd6ba100d40b32e0 ddda3550834660ca428d8f25c9ec626f0f2e22f23e07c8f64f462ddb37481607
SERVER_TRAFFIC_SECRET_0 09d222da640416c87b60dd962d2a49efc042d3b827169dd9fd6ba100d40b32e0 46bbe6845845b081da54f76648660bdd2a3ddef1f91c97ec6b51e84169921d6d
EXPORTER_SECRET 09d222da640416c87b60dd962d2a49efc042d3b827169dd9fd6ba100d40b32e0 5714423aeef8ab16793d48724a8f36467636412af4bb050b8c373462bd00f8b8
CLIENT_TRAFFIC_SECRET_0 91ba996baa9f2d2e0847cd467d34c8456a148997123ddc6a9c6ea1b2d03b63e1 f1cf97da1861e93f7a4db511d91c61db51b4e7a6dbd3d6701dae3c6bb046d364
SERVER_TRAFFIC_SECRET_0 91ba996baa9f2d2e0847cd467d34c8456a148997123ddc6a9c6ea1b2d03b63e1 18cb302b04119dbd5822652260a68058063aac23ccc50ecc344ddfe9a223f2a7
EXPORTER_SECRET 91ba996baa9f2d2e0847cd467d34c8456a148997123ddc6a9c6ea1b2d03b63e1 10df355549c98b2da4d387185c1cd04e86275aeca6bf9df0b6a7ed95022a9e3a
